[2025-04-11 03:10:31] 本次订阅抓取结果统计:
[2025-04-11 03:10:31] 共 28 条RSS, 成功抓取 28 条.
[2025-04-11 03:10:31] ✘ 有 3 条订阅头像无法访问, 已使用默认头像:
[2025-04-11 03:10:31] - http://feeds.feedburner.com/ruanyifeng
[2025-04-11 03:10:31] - https://www.loyhome.com/feed
[2025-04-11 03:10:31] - https://blog.zhheo.com/rss.xml
[2025-04-11 04:43:14] 本次订阅抓取结果统计:
[2025-04-11 04:43:14] 共 28 条RSS, 成功抓取 28 条.
[2025-04-11 04:43:14] ✘ 有 3 条订阅头像无法访问, 已使用默认头像:
[2025-04-11 04:43:14] - http://feeds.feedburner.com/ruanyifeng
[2025-04-11 04:43:14] - https://www.loyhome.com/feed
[2025-04-11 04:43:14] - https://xyzbz.cn/feed
[2025-04-11 05:40:45] 本次订阅抓取结果统计:
[2025-04-11 05:40:45] 共 28 条RSS, 成功抓取 28 条.
[2025-04-11 05:40:45] ✘ 有 2 条订阅头像无法访问, 已使用默认头像:
[2025-04-11 05:40:45] - http://feeds.feedburner.com/ruanyifeng
[2025-04-11 05:40:45] - https://www.loyhome.com/feed
[2025-04-11 06:49:34] 本次订阅抓取结果统计:
[2025-04-11 06:49:34] 共 28 条RSS, 成功抓取 28 条.
[2025-04-11 06:49:34] ✘ 有 2 条订阅头像无法访问, 已使用默认头像:
[2025-04-11 06:49:34] - http://feeds.feedburner.com/ruanyifeng
[2025-04-11 06:49:34] - https://www.loyhome.com/feed
[2025-04-11 07:30:40] 本次订阅抓取结果统计:
[2025-04-11 07:30:40] 共 28 条RSS, 成功抓取 28 条.
[2025-04-11 07:30:40] ✘ 有 2 条订阅头像无法访问, 已使用默认头像:
[2025-04-11 07:30:40] - http://feeds.feedburner.com/ruanyifeng
[2025-04-11 07:30:40] - https://www.loyhome.com/feed
[2025-04-11 08:46:11] 本次订阅抓取结果统计:
[2025-04-11 08:46:11] 共 28 条RSS, 成功抓取 28 条.
[2025-04-11 08:46:11] ✘ 有 2 条订阅头像无法访问, 已使用默认头像:
[2025-04-11 08:46:11] - http://feeds.feedburner.com/ruanyifeng
[2025-04-11 08:46:11] - https://www.loyhome.com/feed
