[2025-11-10 01:52:49] 本次订阅抓取结果统计:
[2025-11-10 01:52:49] 共 28 条RSS, 成功抓取 25 条.
[2025-11-10 01:52:49] ✘ 有 3 条订阅解析失败:
[2025-11-10 01:52:49] - https://tcxx.info/feed
[2025-11-10 01:52:49] - https://tumutanzi.com/feed
[2025-11-10 01:52:49] - https://geekinney.com/index.xml
[2025-11-10 01:52:49] ✘ 有 3 条订阅头像无法访问, 已使用默认头像:
[2025-11-10 01:52:49] - http://feeds.feedburner.com/ruanyifeng
[2025-11-10 01:52:49] - https://www.loyhome.com/feed
[2025-11-10 01:52:49] - https://blog.fooleap.org/atom.xml
[2025-11-10 03:21:28] 本次订阅抓取结果统计:
[2025-11-10 03:21:28] 共 28 条RSS, 成功抓取 25 条.
[2025-11-10 03:21:28] ✘ 有 3 条订阅解析失败:
[2025-11-10 03:21:28] - https://tcxx.info/feed
[2025-11-10 03:21:28] - https://tumutanzi.com/feed
[2025-11-10 03:21:28] - https://geekinney.com/index.xml
[2025-11-10 03:21:28] ✘ 有 3 条订阅头像无法访问, 已使用默认头像:
[2025-11-10 03:21:28] - http://feeds.feedburner.com/ruanyifeng
[2025-11-10 03:21:28] - https://blog.fooleap.org/atom.xml
[2025-11-10 03:21:28] - https://www.loyhome.com/feed
[2025-11-10 04:29:58] 本次订阅抓取结果统计:
[2025-11-10 04:29:58] 共 28 条RSS, 成功抓取 25 条.
[2025-11-10 04:29:58] ✘ 有 3 条订阅解析失败:
[2025-11-10 04:29:58] - https://tcxx.info/feed
[2025-11-10 04:29:58] - https://tumutanzi.com/feed
[2025-11-10 04:29:58] - https://geekinney.com/index.xml
[2025-11-10 04:29:58] ✘ 有 2 条订阅头像无法访问, 已使用默认头像:
[2025-11-10 04:29:58] - http://feeds.feedburner.com/ruanyifeng
[2025-11-10 04:29:58] - https://www.loyhome.com/feed
[2025-11-10 05:24:27] 本次订阅抓取结果统计:
[2025-11-10 05:24:27] 共 28 条RSS, 成功抓取 24 条.
[2025-11-10 05:24:27] ✘ 有 4 条订阅解析失败:
[2025-11-10 05:24:27] - https://tcxx.info/feed
[2025-11-10 05:24:27] - https://tumutanzi.com/feed
[2025-11-10 05:24:27] - https://geekinney.com/index.xml
[2025-11-10 05:24:27] - https://blog.zhheo.com/rss.xml
[2025-11-10 05:24:27] ✘ 有 3 条订阅头像无法访问, 已使用默认头像:
[2025-11-10 05:24:27] - https://www.loyhome.com/feed
[2025-11-10 05:24:27] - http://feeds.feedburner.com/ruanyifeng
[2025-11-10 05:24:27] - https://blog.fooleap.org/atom.xml
[2025-11-10 06:36:00] 本次订阅抓取结果统计:
[2025-11-10 06:36:00] 共 28 条RSS, 成功抓取 25 条.
[2025-11-10 06:36:00] ✘ 有 3 条订阅解析失败:
[2025-11-10 06:36:00] - https://tumutanzi.com/feed
[2025-11-10 06:36:00] - https://tcxx.info/feed
[2025-11-10 06:36:00] - https://geekinney.com/index.xml
[2025-11-10 06:36:00] ✘ 有 2 条订阅头像无法访问, 已使用默认头像:
[2025-11-10 06:36:00] - http://feeds.feedburner.com/ruanyifeng
[2025-11-10 06:36:00] - https://www.loyhome.com/feed
[2025-11-10 07:22:30] 本次订阅抓取结果统计:
[2025-11-10 07:22:30] 共 28 条RSS, 成功抓取 24 条.
[2025-11-10 07:22:30] ✘ 有 4 条订阅解析失败:
[2025-11-10 07:22:30] - https://tcxx.info/feed
[2025-11-10 07:22:30] - https://tumutanzi.com/feed
[2025-11-10 07:22:30] - https://geekinney.com/index.xml
[2025-11-10 07:22:30] - https://www.loyhome.com/feed
[2025-11-10 07:22:30] ✘ 有 1 条订阅头像无法访问, 已使用默认头像:
[2025-11-10 07:22:30] - http://feeds.feedburner.com/ruanyifeng
[2025-11-10 08:31:53] 本次订阅抓取结果统计:
[2025-11-10 08:31:53] 共 28 条RSS, 成功抓取 25 条.
[2025-11-10 08:31:53] ✘ 有 3 条订阅解析失败:
[2025-11-10 08:31:53] - https://tcxx.info/feed
[2025-11-10 08:31:53] - https://tumutanzi.com/feed
[2025-11-10 08:31:53] - https://geekinney.com/index.xml
[2025-11-10 08:31:53] ✘ 有 2 条订阅头像无法访问, 已使用默认头像:
[2025-11-10 08:31:53] - http://feeds.feedburner.com/ruanyifeng
[2025-11-10 08:31:53] - https://www.loyhome.com/feed
[2025-11-10 09:27:50] 本次订阅抓取结果统计:
[2025-11-10 09:27:50] 共 28 条RSS, 成功抓取 25 条.
[2025-11-10 09:27:50] ✘ 有 3 条订阅解析失败:
[2025-11-10 09:27:50] - https://tumutanzi.com/feed
[2025-11-10 09:27:50] - https://tcxx.info/feed
[2025-11-10 09:27:50] - https://geekinney.com/index.xml
[2025-11-10 09:27:50] ✘ 有 2 条订阅头像无法访问, 已使用默认头像:
[2025-11-10 09:27:50] - http://feeds.feedburner.com/ruanyifeng
[2025-11-10 09:27:50] - https://www.loyhome.com/feed
[2025-11-10 10:27:18] 本次订阅抓取结果统计:
[2025-11-10 10:27:18] 共 28 条RSS, 成功抓取 25 条.
[2025-11-10 10:27:18] ✘ 有 3 条订阅解析失败:
[2025-11-10 10:27:18] - https://tumutanzi.com/feed
[2025-11-10 10:27:18] - https://tcxx.info/feed
[2025-11-10 10:27:18] - https://geekinney.com/index.xml
[2025-11-10 10:27:18] ✘ 有 2 条订阅头像无法访问, 已使用默认头像:
[2025-11-10 10:27:18] - http://feeds.feedburner.com/ruanyifeng
[2025-11-10 10:27:18] - https://www.loyhome.com/feed
[2025-11-10 11:19:12] 本次订阅抓取结果统计:
[2025-11-10 11:19:12] 共 28 条RSS, 成功抓取 25 条.
[2025-11-10 11:19:12] ✘ 有 3 条订阅解析失败:
[2025-11-10 11:19:12] - https://tumutanzi.com/feed
[2025-11-10 11:19:12] - https://tcxx.info/feed
[2025-11-10 11:19:12] - https://geekinney.com/index.xml
[2025-11-10 11:19:12] ✘ 有 2 条订阅头像无法访问, 已使用默认头像:
[2025-11-10 11:19:12] - https://www.loyhome.com/feed
[2025-11-10 11:19:12] - http://feeds.feedburner.com/ruanyifeng
[2025-11-10 12:48:41] 本次订阅抓取结果统计:
[2025-11-10 12:48:41] 共 28 条RSS, 成功抓取 25 条.
[2025-11-10 12:48:41] ✘ 有 3 条订阅解析失败:
[2025-11-10 12:48:41] - https://tcxx.info/feed
[2025-11-10 12:48:41] - https://tumutanzi.com/feed
[2025-11-10 12:48:41] - https://geekinney.com/index.xml
[2025-11-10 12:48:41] ✘ 有 2 条订阅头像无法访问, 已使用默认头像:
[2025-11-10 12:48:41] - http://feeds.feedburner.com/ruanyifeng
[2025-11-10 12:48:41] - https://www.loyhome.com/feed
