[2025-07-21 02:05:40] 本次订阅抓取结果统计:
[2025-07-21 02:05:40] 共 28 条RSS, 成功抓取 27 条.
[2025-07-21 02:05:40] ✘ 有 1 条订阅解析失败:
[2025-07-21 02:05:40] - https://tcxx.info/feed
[2025-07-21 02:05:40] ✘ 有 2 条订阅头像无法访问, 已使用默认头像:
[2025-07-21 02:05:40] - http://feeds.feedburner.com/ruanyifeng
[2025-07-21 02:05:40] - https://www.loyhome.com/feed
[2025-07-21 04:05:51] 本次订阅抓取结果统计:
[2025-07-21 04:05:51] 共 28 条RSS, 成功抓取 27 条.
[2025-07-21 04:05:51] ✘ 有 1 条订阅解析失败:
[2025-07-21 04:05:51] - https://tcxx.info/feed
[2025-07-21 04:05:51] ✘ 有 2 条订阅头像无法访问, 已使用默认头像:
[2025-07-21 04:05:51] - http://feeds.feedburner.com/ruanyifeng
[2025-07-21 04:05:51] - https://www.loyhome.com/feed
[2025-07-21 05:29:59] 本次订阅抓取结果统计:
[2025-07-21 05:29:59] 共 28 条RSS, 成功抓取 27 条.
[2025-07-21 05:29:59] ✘ 有 1 条订阅解析失败:
[2025-07-21 05:29:59] - https://tcxx.info/feed
[2025-07-21 05:29:59] ✘ 有 2 条订阅头像无法访问, 已使用默认头像:
[2025-07-21 05:29:59] - http://feeds.feedburner.com/ruanyifeng
[2025-07-21 05:29:59] - https://www.loyhome.com/feed
[2025-07-21 06:36:22] 本次订阅抓取结果统计:
[2025-07-21 06:36:22] 共 28 条RSS, 成功抓取 27 条.
[2025-07-21 06:36:22] ✘ 有 1 条订阅解析失败:
[2025-07-21 06:36:22] - https://tcxx.info/feed
[2025-07-21 06:36:22] ✘ 有 2 条订阅头像无法访问, 已使用默认头像:
[2025-07-21 06:36:22] - http://feeds.feedburner.com/ruanyifeng
[2025-07-21 06:36:22] - https://www.loyhome.com/feed
[2025-07-21 07:30:59] 本次订阅抓取结果统计:
[2025-07-21 07:30:59] 共 28 条RSS, 成功抓取 27 条.
[2025-07-21 07:30:59] ✘ 有 1 条订阅解析失败:
[2025-07-21 07:30:59] - https://tcxx.info/feed
[2025-07-21 07:30:59] ✘ 有 2 条订阅头像无法访问, 已使用默认头像:
[2025-07-21 07:30:59] - http://feeds.feedburner.com/ruanyifeng
[2025-07-21 07:30:59] - https://www.loyhome.com/feed
[2025-07-21 08:35:39] 本次订阅抓取结果统计:
[2025-07-21 08:35:39] 共 28 条RSS, 成功抓取 27 条.
[2025-07-21 08:35:39] ✘ 有 1 条订阅解析失败:
[2025-07-21 08:35:39] - https://tcxx.info/feed
[2025-07-21 08:35:39] ✘ 有 2 条订阅头像无法访问, 已使用默认头像:
[2025-07-21 08:35:39] - http://feeds.feedburner.com/ruanyifeng
[2025-07-21 08:35:39] - https://www.loyhome.com/feed
[2025-07-21 09:31:59] 本次订阅抓取结果统计:
[2025-07-21 09:31:59] 共 28 条RSS, 成功抓取 27 条.
[2025-07-21 09:31:59] ✘ 有 1 条订阅解析失败:
[2025-07-21 09:31:59] - https://tcxx.info/feed
[2025-07-21 09:31:59] ✘ 有 2 条订阅头像无法访问, 已使用默认头像:
[2025-07-21 09:31:59] - http://feeds.feedburner.com/ruanyifeng
[2025-07-21 09:31:59] - https://www.loyhome.com/feed
[2025-07-21 10:27:17] 本次订阅抓取结果统计:
[2025-07-21 10:27:17] 共 28 条RSS, 成功抓取 27 条.
[2025-07-21 10:27:17] ✘ 有 1 条订阅解析失败:
[2025-07-21 10:27:17] - https://tcxx.info/feed
[2025-07-21 10:27:17] ✘ 有 2 条订阅头像无法访问, 已使用默认头像:
[2025-07-21 10:27:17] - http://feeds.feedburner.com/ruanyifeng
[2025-07-21 10:27:17] - https://www.loyhome.com/feed
[2025-07-21 11:21:11] 本次订阅抓取结果统计:
[2025-07-21 11:21:11] 共 28 条RSS, 成功抓取 27 条.
[2025-07-21 11:21:11] ✘ 有 1 条订阅解析失败:
[2025-07-21 11:21:11] - https://tcxx.info/feed
[2025-07-21 11:21:11] ✘ 有 2 条订阅头像无法访问, 已使用默认头像:
[2025-07-21 11:21:11] - http://feeds.feedburner.com/ruanyifeng
[2025-07-21 11:21:11] - https://www.loyhome.com/feed
[2025-07-21 12:51:43] 本次订阅抓取结果统计:
[2025-07-21 12:51:43] 共 28 条RSS, 成功抓取 27 条.
[2025-07-21 12:51:43] ✘ 有 1 条订阅解析失败:
[2025-07-21 12:51:43] - https://tcxx.info/feed
[2025-07-21 12:51:43] ✘ 有 2 条订阅头像无法访问, 已使用默认头像:
[2025-07-21 12:51:43] - http://feeds.feedburner.com/ruanyifeng
[2025-07-21 12:51:43] - https://www.loyhome.com/feed
[2025-07-21 13:41:02] 本次订阅抓取结果统计:
[2025-07-21 13:41:02] 共 28 条RSS, 成功抓取 27 条.
[2025-07-21 13:41:02] ✘ 有 1 条订阅解析失败:
[2025-07-21 13:41:02] - https://tcxx.info/feed
[2025-07-21 13:41:02] ✘ 有 2 条订阅头像无法访问, 已使用默认头像:
[2025-07-21 13:41:02] - http://feeds.feedburner.com/ruanyifeng
[2025-07-21 13:41:02] - https://www.loyhome.com/feed
[2025-07-21 14:25:32] 本次订阅抓取结果统计:
[2025-07-21 14:25:32] 共 28 条RSS, 成功抓取 27 条.
[2025-07-21 14:25:32] ✘ 有 1 条订阅解析失败:
[2025-07-21 14:25:32] - https://tcxx.info/feed
[2025-07-21 14:25:32] ✘ 有 2 条订阅头像无法访问, 已使用默认头像:
[2025-07-21 14:25:32] - https://www.loyhome.com/feed
[2025-07-21 14:25:32] - http://feeds.feedburner.com/ruanyifeng
[2025-07-21 15:26:52] 本次订阅抓取结果统计:
[2025-07-21 15:26:52] 共 28 条RSS, 成功抓取 27 条.
[2025-07-21 15:26:52] ✘ 有 1 条订阅解析失败:
[2025-07-21 15:26:52] - https://tcxx.info/feed
[2025-07-21 15:26:52] ✘ 有 2 条订阅头像无法访问, 已使用默认头像:
[2025-07-21 15:26:52] - http://feeds.feedburner.com/ruanyifeng
[2025-07-21 15:26:52] - https://www.loyhome.com/feed
[2025-07-21 16:30:38] 本次订阅抓取结果统计:
[2025-07-21 16:30:38] 共 28 条RSS, 成功抓取 27 条.
[2025-07-21 16:30:38] ✘ 有 1 条订阅解析失败:
[2025-07-21 16:30:38] - https://tcxx.info/feed
[2025-07-21 16:30:38] ✘ 有 2 条订阅头像无法访问, 已使用默认头像:
[2025-07-21 16:30:38] - http://feeds.feedburner.com/ruanyifeng
[2025-07-21 16:30:38] - https://www.loyhome.com/feed
[2025-07-21 17:24:20] 本次订阅抓取结果统计:
[2025-07-21 17:24:20] 共 28 条RSS, 成功抓取 26 条.
[2025-07-21 17:24:20] ✘ 有 2 条订阅解析失败:
[2025-07-21 17:24:20] - https://tcxx.info/feed
[2025-07-21 17:24:20] - https://blog.yanqingshan.com/feed
[2025-07-21 17:24:20] ✘ 有 2 条订阅头像无法访问, 已使用默认头像:
[2025-07-21 17:24:20] - http://feeds.feedburner.com/ruanyifeng
[2025-07-21 17:24:20] - https://www.loyhome.com/feed
[2025-07-21 18:36:23] 本次订阅抓取结果统计:
[2025-07-21 18:36:23] 共 28 条RSS, 成功抓取 26 条.
[2025-07-21 18:36:23] ✘ 有 2 条订阅解析失败:
[2025-07-21 18:36:23] - https://tcxx.info/feed
[2025-07-21 18:36:23] - https://blog.yanqingshan.com/feed
[2025-07-21 18:36:23] ✘ 有 2 条订阅头像无法访问, 已使用默认头像:
[2025-07-21 18:36:23] - http://feeds.feedburner.com/ruanyifeng
[2025-07-21 18:36:23] - https://www.loyhome.com/feed
[2025-07-21 19:20:48] 本次订阅抓取结果统计:
[2025-07-21 19:20:48] 共 28 条RSS, 成功抓取 26 条.
[2025-07-21 19:20:48] ✘ 有 2 条订阅解析失败:
[2025-07-21 19:20:48] - https://tcxx.info/feed
[2025-07-21 19:20:48] - https://blog.yanqingshan.com/feed
[2025-07-21 19:20:48] ✘ 有 2 条订阅头像无法访问, 已使用默认头像:
[2025-07-21 19:20:48] - http://feeds.feedburner.com/ruanyifeng
[2025-07-21 19:20:48] - https://www.loyhome.com/feed
[2025-07-21 20:27:44] 本次订阅抓取结果统计:
[2025-07-21 20:27:44] 共 28 条RSS, 成功抓取 26 条.
[2025-07-21 20:27:44] ✘ 有 2 条订阅解析失败:
[2025-07-21 20:27:44] - https://tcxx.info/feed
[2025-07-21 20:27:44] - https://blog.yanqingshan.com/feed
[2025-07-21 20:27:44] ✘ 有 2 条订阅头像无法访问, 已使用默认头像:
[2025-07-21 20:27:44] - http://feeds.feedburner.com/ruanyifeng
[2025-07-21 20:27:44] - https://www.loyhome.com/feed
[2025-07-21 21:23:48] 本次订阅抓取结果统计:
[2025-07-21 21:23:48] 共 28 条RSS, 成功抓取 26 条.
[2025-07-21 21:23:48] ✘ 有 2 条订阅解析失败:
[2025-07-21 21:23:48] - https://tcxx.info/feed
[2025-07-21 21:23:48] - https://blog.yanqingshan.com/feed
[2025-07-21 21:23:48] ✘ 有 2 条订阅头像无法访问, 已使用默认头像:
[2025-07-21 21:23:48] - http://feeds.feedburner.com/ruanyifeng
[2025-07-21 21:23:48] - https://www.loyhome.com/feed
[2025-07-21 22:24:32] 本次订阅抓取结果统计:
[2025-07-21 22:24:32] 共 28 条RSS, 成功抓取 26 条.
[2025-07-21 22:24:32] ✘ 有 2 条订阅解析失败:
[2025-07-21 22:24:32] - https://tcxx.info/feed
[2025-07-21 22:24:32] - https://blog.yanqingshan.com/feed
[2025-07-21 22:24:32] ✘ 有 2 条订阅头像无法访问, 已使用默认头像:
[2025-07-21 22:24:32] - http://feeds.feedburner.com/ruanyifeng
[2025-07-21 22:24:32] - https://www.loyhome.com/feed
