[2025-03-18 03:05:41] 本次订阅抓取结果统计:
[2025-03-18 03:05:41] 共 28 条RSS, 成功抓取 27 条.
[2025-03-18 03:05:41] ✘ 有 1 条订阅解析失败:
[2025-03-18 03:05:41] - https://tcxx.info/feed
[2025-03-18 03:05:41] ✘ 有 2 条订阅头像无法访问, 已使用默认头像:
[2025-03-18 03:05:41] - http://feeds.feedburner.com/ruanyifeng
[2025-03-18 03:05:41] - https://www.loyhome.com/feed
[2025-03-18 04:41:39] 本次订阅抓取结果统计:
[2025-03-18 04:41:39] 共 28 条RSS, 成功抓取 27 条.
[2025-03-18 04:41:39] ✘ 有 1 条订阅解析失败:
[2025-03-18 04:41:39] - https://tcxx.info/feed
[2025-03-18 04:41:39] ✘ 有 2 条订阅头像无法访问, 已使用默认头像:
[2025-03-18 04:41:39] - http://feeds.feedburner.com/ruanyifeng
[2025-03-18 04:41:39] - https://www.loyhome.com/feed
[2025-03-18 05:37:18] 本次订阅抓取结果统计:
[2025-03-18 05:37:18] 共 28 条RSS, 成功抓取 27 条.
[2025-03-18 05:37:18] ✘ 有 1 条订阅解析失败:
[2025-03-18 05:37:18] - https://tcxx.info/feed
[2025-03-18 05:37:18] ✘ 有 3 条订阅头像无法访问, 已使用默认头像:
[2025-03-18 05:37:18] - http://feeds.feedburner.com/ruanyifeng
[2025-03-18 05:37:18] - https://www.loyhome.com/feed
[2025-03-18 05:37:18] - https://xyzbz.cn/feed
[2025-03-18 06:48:24] 本次订阅抓取结果统计:
[2025-03-18 06:48:24] 共 28 条RSS, 成功抓取 27 条.
[2025-03-18 06:48:24] ✘ 有 1 条订阅解析失败:
[2025-03-18 06:48:24] - https://tcxx.info/feed
[2025-03-18 06:48:24] ✘ 有 2 条订阅头像无法访问, 已使用默认头像:
[2025-03-18 06:48:24] - http://feeds.feedburner.com/ruanyifeng
[2025-03-18 06:48:24] - https://www.loyhome.com/feed
