[2025-10-13 01:47:50] 本次订阅抓取结果统计:
[2025-10-13 01:47:50] 共 28 条RSS, 成功抓取 25 条.
[2025-10-13 01:47:50] ✘ 有 3 条订阅解析失败:
[2025-10-13 01:47:50] - https://tumutanzi.com/feed
[2025-10-13 01:47:50] - https://tcxx.info/feed
[2025-10-13 01:47:50] - https://geekinney.com/index.xml
[2025-10-13 01:47:50] ✘ 有 2 条订阅头像无法访问, 已使用默认头像:
[2025-10-13 01:47:50] - http://feeds.feedburner.com/ruanyifeng
[2025-10-13 01:47:50] - https://www.loyhome.com/feed
[2025-10-13 03:11:58] 本次订阅抓取结果统计:
[2025-10-13 03:11:58] 共 28 条RSS, 成功抓取 25 条.
[2025-10-13 03:11:58] ✘ 有 3 条订阅解析失败:
[2025-10-13 03:11:58] - https://tumutanzi.com/feed
[2025-10-13 03:11:58] - https://tcxx.info/feed
[2025-10-13 03:11:58] - https://geekinney.com/index.xml
[2025-10-13 03:11:58] ✘ 有 2 条订阅头像无法访问, 已使用默认头像:
[2025-10-13 03:11:58] - http://feeds.feedburner.com/ruanyifeng
[2025-10-13 03:11:58] - https://www.loyhome.com/feed
[2025-10-13 04:26:23] 本次订阅抓取结果统计:
[2025-10-13 04:26:23] 共 28 条RSS, 成功抓取 25 条.
[2025-10-13 04:26:23] ✘ 有 3 条订阅解析失败:
[2025-10-13 04:26:23] - https://tumutanzi.com/feed
[2025-10-13 04:26:23] - https://tcxx.info/feed
[2025-10-13 04:26:23] - https://geekinney.com/index.xml
[2025-10-13 04:26:23] ✘ 有 2 条订阅头像无法访问, 已使用默认头像:
[2025-10-13 04:26:23] - http://feeds.feedburner.com/ruanyifeng
[2025-10-13 04:26:23] - https://www.loyhome.com/feed
[2025-10-13 05:21:50] 本次订阅抓取结果统计:
[2025-10-13 05:21:50] 共 28 条RSS, 成功抓取 25 条.
[2025-10-13 05:21:50] ✘ 有 3 条订阅解析失败:
[2025-10-13 05:21:50] - https://tcxx.info/feed
[2025-10-13 05:21:50] - https://tumutanzi.com/feed
[2025-10-13 05:21:50] - https://geekinney.com/index.xml
[2025-10-13 05:21:50] ✘ 有 2 条订阅头像无法访问, 已使用默认头像:
[2025-10-13 05:21:50] - http://feeds.feedburner.com/ruanyifeng
[2025-10-13 05:21:50] - https://www.loyhome.com/feed
[2025-10-13 06:34:37] 本次订阅抓取结果统计:
[2025-10-13 06:34:37] 共 28 条RSS, 成功抓取 25 条.
[2025-10-13 06:34:37] ✘ 有 3 条订阅解析失败:
[2025-10-13 06:34:37] - https://tcxx.info/feed
[2025-10-13 06:34:37] - https://tumutanzi.com/feed
[2025-10-13 06:34:37] - https://geekinney.com/index.xml
[2025-10-13 06:34:37] ✘ 有 2 条订阅头像无法访问, 已使用默认头像:
[2025-10-13 06:34:37] - http://feeds.feedburner.com/ruanyifeng
[2025-10-13 06:34:37] - https://www.loyhome.com/feed
