[2025-12-26 01:55:43] 本次订阅抓取结果统计:
[2025-12-26 01:55:43] 共 28 条RSS, 成功抓取 25 条.
[2025-12-26 01:55:43] ✘ 有 3 条订阅解析失败:
[2025-12-26 01:55:43] - https://tumutanzi.com/feed
[2025-12-26 01:55:43] - https://tcxx.info/feed
[2025-12-26 01:55:43] - https://geekinney.com/index.xml
[2025-12-26 01:55:43] ✘ 有 2 条订阅头像无法访问, 已使用默认头像:
[2025-12-26 01:55:43] - https://oba.by/feed
[2025-12-26 01:55:43] - http://feeds.feedburner.com/ruanyifeng
[2025-12-26 03:27:39] 本次订阅抓取结果统计:
[2025-12-26 03:27:39] 共 28 条RSS, 成功抓取 25 条.
[2025-12-26 03:27:39] ✘ 有 3 条订阅解析失败:
[2025-12-26 03:27:39] - https://tumutanzi.com/feed
[2025-12-26 03:27:39] - https://tcxx.info/feed
[2025-12-26 03:27:39] - https://geekinney.com/index.xml
[2025-12-26 03:27:39] ✘ 有 2 条订阅头像无法访问, 已使用默认头像:
[2025-12-26 03:27:39] - https://oba.by/feed
[2025-12-26 03:27:39] - http://feeds.feedburner.com/ruanyifeng
[2025-12-26 04:37:07] 本次订阅抓取结果统计:
[2025-12-26 04:37:07] 共 28 条RSS, 成功抓取 25 条.
[2025-12-26 04:37:07] ✘ 有 3 条订阅解析失败:
[2025-12-26 04:37:07] - https://tumutanzi.com/feed
[2025-12-26 04:37:07] - https://tcxx.info/feed
[2025-12-26 04:37:07] - https://geekinney.com/index.xml
[2025-12-26 04:37:07] ✘ 有 2 条订阅头像无法访问, 已使用默认头像:
[2025-12-26 04:37:07] - https://oba.by/feed
[2025-12-26 04:37:07] - http://feeds.feedburner.com/ruanyifeng
