[2025-11-24 01:56:05] 本次订阅抓取结果统计:
[2025-11-24 01:56:05] 共 28 条RSS, 成功抓取 25 条.
[2025-11-24 01:56:05] ✘ 有 3 条订阅解析失败:
[2025-11-24 01:56:05] - https://tumutanzi.com/feed
[2025-11-24 01:56:05] - https://tcxx.info/feed
[2025-11-24 01:56:05] - https://geekinney.com/index.xml
[2025-11-24 01:56:05] ✘ 有 2 条订阅头像无法访问, 已使用默认头像:
[2025-11-24 01:56:05] - http://feeds.feedburner.com/ruanyifeng
[2025-11-24 01:56:05] - https://www.loyhome.com/feed
[2025-11-24 03:27:12] 本次订阅抓取结果统计:
[2025-11-24 03:27:12] 共 28 条RSS, 成功抓取 25 条.
[2025-11-24 03:27:12] ✘ 有 3 条订阅解析失败:
[2025-11-24 03:27:12] - https://tumutanzi.com/feed
[2025-11-24 03:27:12] - https://tcxx.info/feed
[2025-11-24 03:27:12] - https://geekinney.com/index.xml
[2025-11-24 03:27:12] ✘ 有 2 条订阅头像无法访问, 已使用默认头像:
[2025-11-24 03:27:12] - http://feeds.feedburner.com/ruanyifeng
[2025-11-24 03:27:12] - https://www.loyhome.com/feed
[2025-11-24 04:36:11] 本次订阅抓取结果统计:
[2025-11-24 04:36:11] 共 28 条RSS, 成功抓取 25 条.
[2025-11-24 04:36:11] ✘ 有 3 条订阅解析失败:
[2025-11-24 04:36:11] - https://tumutanzi.com/feed
[2025-11-24 04:36:11] - https://tcxx.info/feed
[2025-11-24 04:36:11] - https://geekinney.com/index.xml
[2025-11-24 04:36:11] ✘ 有 2 条订阅头像无法访问, 已使用默认头像:
[2025-11-24 04:36:11] - http://feeds.feedburner.com/ruanyifeng
[2025-11-24 04:36:11] - https://www.loyhome.com/feed
[2025-11-24 05:24:43] 本次订阅抓取结果统计:
[2025-11-24 05:24:43] 共 28 条RSS, 成功抓取 25 条.
[2025-11-24 05:24:43] ✘ 有 3 条订阅解析失败:
[2025-11-24 05:24:43] - https://tcxx.info/feed
[2025-11-24 05:24:43] - https://tumutanzi.com/feed
[2025-11-24 05:24:43] - https://geekinney.com/index.xml
[2025-11-24 05:24:43] ✘ 有 2 条订阅头像无法访问, 已使用默认头像:
[2025-11-24 05:24:43] - http://feeds.feedburner.com/ruanyifeng
[2025-11-24 05:24:43] - https://www.loyhome.com/feed
[2025-11-24 06:35:54] 本次订阅抓取结果统计:
[2025-11-24 06:35:54] 共 28 条RSS, 成功抓取 25 条.
[2025-11-24 06:35:54] ✘ 有 3 条订阅解析失败:
[2025-11-24 06:35:54] - https://tcxx.info/feed
[2025-11-24 06:35:54] - https://tumutanzi.com/feed
[2025-11-24 06:35:54] - https://geekinney.com/index.xml
[2025-11-24 06:35:54] ✘ 有 2 条订阅头像无法访问, 已使用默认头像:
[2025-11-24 06:35:54] - http://feeds.feedburner.com/ruanyifeng
[2025-11-24 06:35:54] - https://www.loyhome.com/feed
[2025-11-24 07:23:04] 本次订阅抓取结果统计:
[2025-11-24 07:23:04] 共 28 条RSS, 成功抓取 25 条.
[2025-11-24 07:23:04] ✘ 有 3 条订阅解析失败:
[2025-11-24 07:23:04] - https://tcxx.info/feed
[2025-11-24 07:23:04] - https://tumutanzi.com/feed
[2025-11-24 07:23:04] - https://geekinney.com/index.xml
[2025-11-24 07:23:04] ✘ 有 2 条订阅头像无法访问, 已使用默认头像:
[2025-11-24 07:23:04] - http://feeds.feedburner.com/ruanyifeng
[2025-11-24 07:23:04] - https://www.loyhome.com/feed
