[2025-07-31 02:02:25] 本次订阅抓取结果统计:
[2025-07-31 02:02:25] 共 28 条RSS, 成功抓取 27 条.
[2025-07-31 02:02:25] ✘ 有 1 条订阅解析失败:
[2025-07-31 02:02:25] - https://tcxx.info/feed
[2025-07-31 02:02:25] ✘ 有 2 条订阅头像无法访问, 已使用默认头像:
[2025-07-31 02:02:25] - http://feeds.feedburner.com/ruanyifeng
[2025-07-31 02:02:25] - https://www.loyhome.com/feed
[2025-07-31 04:04:36] 本次订阅抓取结果统计:
[2025-07-31 04:04:36] 共 28 条RSS, 成功抓取 27 条.
[2025-07-31 04:04:36] ✘ 有 1 条订阅解析失败:
[2025-07-31 04:04:36] - https://tcxx.info/feed
[2025-07-31 04:04:36] ✘ 有 2 条订阅头像无法访问, 已使用默认头像:
[2025-07-31 04:04:36] - http://feeds.feedburner.com/ruanyifeng
[2025-07-31 04:04:36] - https://www.loyhome.com/feed
[2025-07-31 05:29:37] 本次订阅抓取结果统计:
[2025-07-31 05:29:37] 共 28 条RSS, 成功抓取 27 条.
[2025-07-31 05:29:37] ✘ 有 1 条订阅解析失败:
[2025-07-31 05:29:37] - https://tcxx.info/feed
[2025-07-31 05:29:37] ✘ 有 3 条订阅头像无法访问, 已使用默认头像:
[2025-07-31 05:29:37] - http://feeds.feedburner.com/ruanyifeng
[2025-07-31 05:29:37] - https://www.loyhome.com/feed
[2025-07-31 05:29:37] - https://xyzbz.cn/feed
