[2025-11-26 01:49:58] 本次订阅抓取结果统计:
[2025-11-26 01:49:58] 共 28 条RSS, 成功抓取 24 条.
[2025-11-26 01:49:58] ✘ 有 4 条订阅解析失败:
[2025-11-26 01:49:58] - https://tcxx.info/feed
[2025-11-26 01:49:58] - https://tumutanzi.com/feed
[2025-11-26 01:49:58] - https://geekinney.com/index.xml
[2025-11-26 01:49:58] - https://wangpei.net/feed
[2025-11-26 01:49:58] ✘ 有 2 条订阅头像无法访问, 已使用默认头像:
[2025-11-26 01:49:58] - https://www.loyhome.com/feed
[2025-11-26 01:49:58] - http://feeds.feedburner.com/ruanyifeng
[2025-11-26 03:17:36] 本次订阅抓取结果统计:
[2025-11-26 03:17:36] 共 28 条RSS, 成功抓取 24 条.
[2025-11-26 03:17:36] ✘ 有 4 条订阅解析失败:
[2025-11-26 03:17:36] - https://tcxx.info/feed
[2025-11-26 03:17:36] - https://tumutanzi.com/feed
[2025-11-26 03:17:36] - https://geekinney.com/index.xml
[2025-11-26 03:17:36] - https://wangpei.net/feed
[2025-11-26 03:17:36] ✘ 有 2 条订阅头像无法访问, 已使用默认头像:
[2025-11-26 03:17:36] - http://feeds.feedburner.com/ruanyifeng
[2025-11-26 03:17:36] - https://www.loyhome.com/feed
[2025-11-26 04:29:33] 本次订阅抓取结果统计:
[2025-11-26 04:29:33] 共 28 条RSS, 成功抓取 25 条.
[2025-11-26 04:29:33] ✘ 有 3 条订阅解析失败:
[2025-11-26 04:29:33] - https://tcxx.info/feed
[2025-11-26 04:29:33] - https://tumutanzi.com/feed
[2025-11-26 04:29:33] - https://geekinney.com/index.xml
[2025-11-26 04:29:33] ✘ 有 2 条订阅头像无法访问, 已使用默认头像:
[2025-11-26 04:29:33] - http://feeds.feedburner.com/ruanyifeng
[2025-11-26 04:29:33] - https://www.loyhome.com/feed
[2025-11-26 05:23:35] 本次订阅抓取结果统计:
[2025-11-26 05:23:35] 共 28 条RSS, 成功抓取 25 条.
[2025-11-26 05:23:35] ✘ 有 3 条订阅解析失败:
[2025-11-26 05:23:35] - https://tcxx.info/feed
[2025-11-26 05:23:35] - https://tumutanzi.com/feed
[2025-11-26 05:23:35] - https://geekinney.com/index.xml
[2025-11-26 05:23:35] ✘ 有 2 条订阅头像无法访问, 已使用默认头像:
[2025-11-26 05:23:35] - https://www.loyhome.com/feed
[2025-11-26 05:23:35] - http://feeds.feedburner.com/ruanyifeng
[2025-11-26 06:35:48] 本次订阅抓取结果统计:
[2025-11-26 06:35:48] 共 28 条RSS, 成功抓取 25 条.
[2025-11-26 06:35:48] ✘ 有 3 条订阅解析失败:
[2025-11-26 06:35:48] - https://tcxx.info/feed
[2025-11-26 06:35:48] - https://tumutanzi.com/feed
[2025-11-26 06:35:48] - https://geekinney.com/index.xml
[2025-11-26 06:35:48] ✘ 有 2 条订阅头像无法访问, 已使用默认头像:
[2025-11-26 06:35:48] - http://feeds.feedburner.com/ruanyifeng
[2025-11-26 06:35:48] - https://www.loyhome.com/feed
[2025-11-26 07:22:22] 本次订阅抓取结果统计:
[2025-11-26 07:22:22] 共 28 条RSS, 成功抓取 25 条.
[2025-11-26 07:22:22] ✘ 有 3 条订阅解析失败:
[2025-11-26 07:22:22] - https://tcxx.info/feed
[2025-11-26 07:22:22] - https://tumutanzi.com/feed
[2025-11-26 07:22:22] - https://geekinney.com/index.xml
[2025-11-26 07:22:22] ✘ 有 2 条订阅头像无法访问, 已使用默认头像:
[2025-11-26 07:22:22] - http://feeds.feedburner.com/ruanyifeng
[2025-11-26 07:22:22] - https://www.loyhome.com/feed
[2025-11-26 08:32:25] 本次订阅抓取结果统计:
[2025-11-26 08:32:25] 共 28 条RSS, 成功抓取 24 条.
[2025-11-26 08:32:25] ✘ 有 4 条订阅解析失败:
[2025-11-26 08:32:25] - https://tcxx.info/feed
[2025-11-26 08:32:25] - https://tumutanzi.com/feed
[2025-11-26 08:32:25] - https://geekinney.com/index.xml
[2025-11-26 08:32:25] - https://wangpei.net/feed
[2025-11-26 08:32:25] ✘ 有 2 条订阅头像无法访问, 已使用默认头像:
[2025-11-26 08:32:25] - https://www.loyhome.com/feed
[2025-11-26 08:32:25] - http://feeds.feedburner.com/ruanyifeng
[2025-11-26 09:27:29] 本次订阅抓取结果统计:
[2025-11-26 09:27:29] 共 28 条RSS, 成功抓取 25 条.
[2025-11-26 09:27:29] ✘ 有 3 条订阅解析失败:
[2025-11-26 09:27:29] - https://tcxx.info/feed
[2025-11-26 09:27:29] - https://tumutanzi.com/feed
[2025-11-26 09:27:29] - https://geekinney.com/index.xml
[2025-11-26 09:27:29] ✘ 有 2 条订阅头像无法访问, 已使用默认头像:
[2025-11-26 09:27:29] - http://feeds.feedburner.com/ruanyifeng
[2025-11-26 09:27:29] - https://www.loyhome.com/feed
[2025-11-26 10:26:49] 本次订阅抓取结果统计:
[2025-11-26 10:26:49] 共 28 条RSS, 成功抓取 25 条.
[2025-11-26 10:26:49] ✘ 有 3 条订阅解析失败:
[2025-11-26 10:26:49] - https://tcxx.info/feed
[2025-11-26 10:26:49] - https://tumutanzi.com/feed
[2025-11-26 10:26:49] - https://geekinney.com/index.xml
[2025-11-26 10:26:49] ✘ 有 2 条订阅头像无法访问, 已使用默认头像:
[2025-11-26 10:26:49] - http://feeds.feedburner.com/ruanyifeng
[2025-11-26 10:26:49] - https://www.loyhome.com/feed
[2025-11-26 11:20:25] 本次订阅抓取结果统计:
[2025-11-26 11:20:25] 共 28 条RSS, 成功抓取 25 条.
[2025-11-26 11:20:25] ✘ 有 3 条订阅解析失败:
[2025-11-26 11:20:25] - https://tcxx.info/feed
[2025-11-26 11:20:25] - https://tumutanzi.com/feed
[2025-11-26 11:20:25] - https://geekinney.com/index.xml
[2025-11-26 11:20:25] ✘ 有 2 条订阅头像无法访问, 已使用默认头像:
[2025-11-26 11:20:25] - http://feeds.feedburner.com/ruanyifeng
[2025-11-26 11:20:25] - https://www.loyhome.com/feed
[2025-11-26 12:51:03] 本次订阅抓取结果统计:
[2025-11-26 12:51:03] 共 28 条RSS, 成功抓取 25 条.
[2025-11-26 12:51:03] ✘ 有 3 条订阅解析失败:
[2025-11-26 12:51:03] - https://tcxx.info/feed
[2025-11-26 12:51:03] - https://tumutanzi.com/feed
[2025-11-26 12:51:03] - https://geekinney.com/index.xml
[2025-11-26 12:51:03] ✘ 有 2 条订阅头像无法访问, 已使用默认头像:
[2025-11-26 12:51:03] - https://www.loyhome.com/feed
[2025-11-26 12:51:03] - http://feeds.feedburner.com/ruanyifeng
[2025-11-26 13:36:58] 本次订阅抓取结果统计:
[2025-11-26 13:36:58] 共 28 条RSS, 成功抓取 25 条.
[2025-11-26 13:36:58] ✘ 有 3 条订阅解析失败:
[2025-11-26 13:36:58] - https://tumutanzi.com/feed
[2025-11-26 13:36:58] - https://tcxx.info/feed
[2025-11-26 13:36:58] - https://geekinney.com/index.xml
[2025-11-26 13:36:58] ✘ 有 2 条订阅头像无法访问, 已使用默认头像:
[2025-11-26 13:36:58] - http://feeds.feedburner.com/ruanyifeng
[2025-11-26 13:36:58] - https://www.loyhome.com/feed
[2025-11-26 14:24:58] 本次订阅抓取结果统计:
[2025-11-26 14:24:58] 共 28 条RSS, 成功抓取 25 条.
[2025-11-26 14:24:58] ✘ 有 3 条订阅解析失败:
[2025-11-26 14:24:58] - https://tcxx.info/feed
[2025-11-26 14:24:58] - https://tumutanzi.com/feed
[2025-11-26 14:24:58] - https://geekinney.com/index.xml
[2025-11-26 14:24:58] ✘ 有 2 条订阅头像无法访问, 已使用默认头像:
[2025-11-26 14:24:58] - http://feeds.feedburner.com/ruanyifeng
[2025-11-26 14:24:58] - https://www.loyhome.com/feed
[2025-11-26 15:23:19] 本次订阅抓取结果统计:
[2025-11-26 15:23:19] 共 28 条RSS, 成功抓取 25 条.
[2025-11-26 15:23:19] ✘ 有 3 条订阅解析失败:
[2025-11-26 15:23:19] - https://tcxx.info/feed
[2025-11-26 15:23:19] - https://tumutanzi.com/feed
[2025-11-26 15:23:19] - https://geekinney.com/index.xml
[2025-11-26 15:23:19] ✘ 有 2 条订阅头像无法访问, 已使用默认头像:
[2025-11-26 15:23:19] - http://feeds.feedburner.com/ruanyifeng
[2025-11-26 15:23:19] - https://www.loyhome.com/feed
[2025-11-26 16:30:34] 本次订阅抓取结果统计:
[2025-11-26 16:30:34] 共 28 条RSS, 成功抓取 25 条.
[2025-11-26 16:30:34] ✘ 有 3 条订阅解析失败:
[2025-11-26 16:30:34] - https://tumutanzi.com/feed
[2025-11-26 16:30:34] - https://tcxx.info/feed
[2025-11-26 16:30:34] - https://geekinney.com/index.xml
[2025-11-26 16:30:34] ✘ 有 2 条订阅头像无法访问, 已使用默认头像:
[2025-11-26 16:30:34] - http://feeds.feedburner.com/ruanyifeng
[2025-11-26 16:30:34] - https://www.loyhome.com/feed
[2025-11-26 17:21:31] 本次订阅抓取结果统计:
[2025-11-26 17:21:31] 共 28 条RSS, 成功抓取 24 条.
[2025-11-26 17:21:31] ✘ 有 4 条订阅解析失败:
[2025-11-26 17:21:31] - https://tcxx.info/feed
[2025-11-26 17:21:31] - https://tumutanzi.com/feed
[2025-11-26 17:21:31] - https://geekinney.com/index.xml
[2025-11-26 17:21:31] - https://wangpei.net/feed
[2025-11-26 17:21:31] ✘ 有 2 条订阅头像无法访问, 已使用默认头像:
[2025-11-26 17:21:31] - http://feeds.feedburner.com/ruanyifeng
[2025-11-26 17:21:31] - https://www.loyhome.com/feed
[2025-11-26 18:30:26] 本次订阅抓取结果统计:
[2025-11-26 18:30:26] 共 28 条RSS, 成功抓取 24 条.
[2025-11-26 18:30:26] ✘ 有 4 条订阅解析失败:
[2025-11-26 18:30:26] - https://tumutanzi.com/feed
[2025-11-26 18:30:26] - https://tcxx.info/feed
[2025-11-26 18:30:26] - https://geekinney.com/index.xml
[2025-11-26 18:30:26] - https://wangpei.net/feed
[2025-11-26 18:30:26] ✘ 有 2 条订阅头像无法访问, 已使用默认头像:
[2025-11-26 18:30:26] - http://feeds.feedburner.com/ruanyifeng
[2025-11-26 18:30:26] - https://www.loyhome.com/feed
[2025-11-26 19:18:35] 本次订阅抓取结果统计:
[2025-11-26 19:18:35] 共 28 条RSS, 成功抓取 24 条.
[2025-11-26 19:18:35] ✘ 有 4 条订阅解析失败:
[2025-11-26 19:18:35] - https://tcxx.info/feed
[2025-11-26 19:18:35] - https://tumutanzi.com/feed
[2025-11-26 19:18:35] - https://geekinney.com/index.xml
[2025-11-26 19:18:35] - https://wangpei.net/feed
[2025-11-26 19:18:35] ✘ 有 2 条订阅头像无法访问, 已使用默认头像:
[2025-11-26 19:18:35] - http://feeds.feedburner.com/ruanyifeng
[2025-11-26 19:18:35] - https://www.loyhome.com/feed
[2025-11-26 20:25:31] 本次订阅抓取结果统计:
[2025-11-26 20:25:31] 共 28 条RSS, 成功抓取 24 条.
[2025-11-26 20:25:31] ✘ 有 4 条订阅解析失败:
[2025-11-26 20:25:31] - https://tcxx.info/feed
[2025-11-26 20:25:31] - https://tumutanzi.com/feed
[2025-11-26 20:25:31] - https://geekinney.com/index.xml
[2025-11-26 20:25:31] - https://wangpei.net/feed
[2025-11-26 20:25:31] ✘ 有 2 条订阅头像无法访问, 已使用默认头像:
[2025-11-26 20:25:31] - https://www.loyhome.com/feed
[2025-11-26 20:25:31] - http://feeds.feedburner.com/ruanyifeng
