[2025-05-10 01:43:23] 本次订阅抓取结果统计:
[2025-05-10 01:43:23] 共 28 条RSS, 成功抓取 27 条.
[2025-05-10 01:43:23] ✘ 有 1 条订阅解析失败:
[2025-05-10 01:43:23] - https://tcxx.info/feed
[2025-05-10 01:43:23] ✘ 有 2 条订阅头像无法访问, 已使用默认头像:
[2025-05-10 01:43:23] - http://feeds.feedburner.com/ruanyifeng
[2025-05-10 01:43:23] - https://www.loyhome.com/feed
[2025-05-10 03:05:31] 本次订阅抓取结果统计:
[2025-05-10 03:05:31] 共 28 条RSS, 成功抓取 27 条.
[2025-05-10 03:05:31] ✘ 有 1 条订阅解析失败:
[2025-05-10 03:05:31] - https://tcxx.info/feed
[2025-05-10 03:05:31] ✘ 有 2 条订阅头像无法访问, 已使用默认头像:
[2025-05-10 03:05:31] - http://feeds.feedburner.com/ruanyifeng
[2025-05-10 03:05:31] - https://www.loyhome.com/feed
[2025-05-10 04:25:27] 本次订阅抓取结果统计:
[2025-05-10 04:25:27] 共 28 条RSS, 成功抓取 27 条.
[2025-05-10 04:25:27] ✘ 有 1 条订阅解析失败:
[2025-05-10 04:25:27] - https://tcxx.info/feed
[2025-05-10 04:25:27] ✘ 有 2 条订阅头像无法访问, 已使用默认头像:
[2025-05-10 04:25:27] - http://feeds.feedburner.com/ruanyifeng
[2025-05-10 04:25:27] - https://www.loyhome.com/feed
[2025-05-10 05:20:03] 本次订阅抓取结果统计:
[2025-05-10 05:20:03] 共 28 条RSS, 成功抓取 27 条.
[2025-05-10 05:20:03] ✘ 有 1 条订阅解析失败:
[2025-05-10 05:20:03] - https://tcxx.info/feed
[2025-05-10 05:20:03] ✘ 有 2 条订阅头像无法访问, 已使用默认头像:
[2025-05-10 05:20:03] - http://feeds.feedburner.com/ruanyifeng
[2025-05-10 05:20:03] - https://www.loyhome.com/feed
[2025-05-10 06:28:03] 本次订阅抓取结果统计:
[2025-05-10 06:28:03] 共 28 条RSS, 成功抓取 27 条.
[2025-05-10 06:28:03] ✘ 有 1 条订阅解析失败:
[2025-05-10 06:28:03] - https://tcxx.info/feed
[2025-05-10 06:28:03] ✘ 有 2 条订阅头像无法访问, 已使用默认头像:
[2025-05-10 06:28:03] - http://feeds.feedburner.com/ruanyifeng
[2025-05-10 06:28:03] - https://www.loyhome.com/feed
[2025-05-10 07:18:46] 本次订阅抓取结果统计:
[2025-05-10 07:18:46] 共 28 条RSS, 成功抓取 27 条.
[2025-05-10 07:18:46] ✘ 有 1 条订阅解析失败:
[2025-05-10 07:18:46] - https://tcxx.info/feed
[2025-05-10 07:18:46] ✘ 有 2 条订阅头像无法访问, 已使用默认头像:
[2025-05-10 07:18:46] - https://www.loyhome.com/feed
[2025-05-10 07:18:46] - http://feeds.feedburner.com/ruanyifeng
[2025-05-10 08:25:36] 本次订阅抓取结果统计:
[2025-05-10 08:25:36] 共 28 条RSS, 成功抓取 27 条.
[2025-05-10 08:25:36] ✘ 有 1 条订阅解析失败:
[2025-05-10 08:25:36] - https://tcxx.info/feed
[2025-05-10 08:25:36] ✘ 有 2 条订阅头像无法访问, 已使用默认头像:
[2025-05-10 08:25:36] - http://feeds.feedburner.com/ruanyifeng
[2025-05-10 08:25:36] - https://www.loyhome.com/feed
[2025-05-10 09:20:01] 本次订阅抓取结果统计:
[2025-05-10 09:20:01] 共 28 条RSS, 成功抓取 27 条.
[2025-05-10 09:20:01] ✘ 有 1 条订阅解析失败:
[2025-05-10 09:20:01] - https://tcxx.info/feed
[2025-05-10 09:20:01] ✘ 有 2 条订阅头像无法访问, 已使用默认头像:
[2025-05-10 09:20:01] - http://feeds.feedburner.com/ruanyifeng
[2025-05-10 09:20:01] - https://www.loyhome.com/feed
[2025-05-10 10:21:08] 本次订阅抓取结果统计:
[2025-05-10 10:21:08] 共 28 条RSS, 成功抓取 27 条.
[2025-05-10 10:21:08] ✘ 有 1 条订阅解析失败:
[2025-05-10 10:21:08] - https://tcxx.info/feed
[2025-05-10 10:21:08] ✘ 有 3 条订阅头像无法访问, 已使用默认头像:
[2025-05-10 10:21:08] - http://feeds.feedburner.com/ruanyifeng
[2025-05-10 10:21:08] - https://www.loyhome.com/feed
[2025-05-10 10:21:08] - https://xyzbz.cn/feed
[2025-05-10 11:17:35] 本次订阅抓取结果统计:
[2025-05-10 11:17:35] 共 28 条RSS, 成功抓取 27 条.
[2025-05-10 11:17:35] ✘ 有 1 条订阅解析失败:
[2025-05-10 11:17:35] - https://tcxx.info/feed
[2025-05-10 11:17:35] ✘ 有 2 条订阅头像无法访问, 已使用默认头像:
[2025-05-10 11:17:35] - http://feeds.feedburner.com/ruanyifeng
[2025-05-10 11:17:35] - https://www.loyhome.com/feed
[2025-05-10 12:39:00] 本次订阅抓取结果统计:
[2025-05-10 12:39:00] 共 28 条RSS, 成功抓取 27 条.
[2025-05-10 12:39:00] ✘ 有 1 条订阅解析失败:
[2025-05-10 12:39:00] - https://tcxx.info/feed
[2025-05-10 12:39:00] ✘ 有 2 条订阅头像无法访问, 已使用默认头像:
[2025-05-10 12:39:00] - http://feeds.feedburner.com/ruanyifeng
[2025-05-10 12:39:00] - https://www.loyhome.com/feed
[2025-05-10 13:26:34] 本次订阅抓取结果统计:
[2025-05-10 13:26:34] 共 28 条RSS, 成功抓取 27 条.
[2025-05-10 13:26:34] ✘ 有 1 条订阅解析失败:
[2025-05-10 13:26:34] - https://tcxx.info/feed
[2025-05-10 13:26:34] ✘ 有 2 条订阅头像无法访问, 已使用默认头像:
[2025-05-10 13:26:34] - http://feeds.feedburner.com/ruanyifeng
[2025-05-10 13:26:34] - https://www.loyhome.com/feed
[2025-05-10 14:18:22] 本次订阅抓取结果统计:
[2025-05-10 14:18:22] 共 28 条RSS, 成功抓取 27 条.
[2025-05-10 14:18:22] ✘ 有 1 条订阅解析失败:
[2025-05-10 14:18:22] - https://tcxx.info/feed
[2025-05-10 14:18:22] ✘ 有 3 条订阅头像无法访问, 已使用默认头像:
[2025-05-10 14:18:22] - http://feeds.feedburner.com/ruanyifeng
[2025-05-10 14:18:22] - https://www.loyhome.com/feed
[2025-05-10 14:18:22] - https://xyzbz.cn/feed
[2025-05-10 15:20:41] 本次订阅抓取结果统计:
[2025-05-10 15:20:41] 共 28 条RSS, 成功抓取 27 条.
[2025-05-10 15:20:41] ✘ 有 1 条订阅解析失败:
[2025-05-10 15:20:41] - https://tcxx.info/feed
[2025-05-10 15:20:41] ✘ 有 2 条订阅头像无法访问, 已使用默认头像:
[2025-05-10 15:20:41] - https://www.loyhome.com/feed
[2025-05-10 15:20:41] - http://feeds.feedburner.com/ruanyifeng
[2025-05-10 16:24:55] 本次订阅抓取结果统计:
[2025-05-10 16:24:55] 共 28 条RSS, 成功抓取 27 条.
[2025-05-10 16:24:55] ✘ 有 1 条订阅解析失败:
[2025-05-10 16:24:55] - https://tcxx.info/feed
[2025-05-10 16:24:55] ✘ 有 2 条订阅头像无法访问, 已使用默认头像:
[2025-05-10 16:24:55] - http://feeds.feedburner.com/ruanyifeng
[2025-05-10 16:24:55] - https://www.loyhome.com/feed
[2025-05-10 17:17:06] 本次订阅抓取结果统计:
[2025-05-10 17:17:06] 共 28 条RSS, 成功抓取 27 条.
[2025-05-10 17:17:06] ✘ 有 1 条订阅解析失败:
[2025-05-10 17:17:06] - https://tcxx.info/feed
[2025-05-10 17:17:06] ✘ 有 2 条订阅头像无法访问, 已使用默认头像:
[2025-05-10 17:17:06] - https://www.loyhome.com/feed
[2025-05-10 17:17:06] - http://feeds.feedburner.com/ruanyifeng
[2025-05-10 18:26:45] 本次订阅抓取结果统计:
[2025-05-10 18:26:45] 共 28 条RSS, 成功抓取 27 条.
[2025-05-10 18:26:45] ✘ 有 1 条订阅解析失败:
[2025-05-10 18:26:45] - https://tcxx.info/feed
[2025-05-10 18:26:45] ✘ 有 2 条订阅头像无法访问, 已使用默认头像:
[2025-05-10 18:26:45] - https://www.loyhome.com/feed
[2025-05-10 18:26:45] - http://feeds.feedburner.com/ruanyifeng
[2025-05-10 19:15:52] 本次订阅抓取结果统计:
[2025-05-10 19:15:52] 共 28 条RSS, 成功抓取 27 条.
[2025-05-10 19:15:52] ✘ 有 1 条订阅解析失败:
[2025-05-10 19:15:52] - https://tcxx.info/feed
[2025-05-10 19:15:52] ✘ 有 3 条订阅头像无法访问, 已使用默认头像:
[2025-05-10 19:15:52] - https://www.loyhome.com/feed
[2025-05-10 19:15:52] - http://feeds.feedburner.com/ruanyifeng
[2025-05-10 19:15:52] - https://xyzbz.cn/feed
