[2025-12-29 02:05:10] 本次订阅抓取结果统计:
[2025-12-29 02:05:10] 共 28 条RSS, 成功抓取 25 条.
[2025-12-29 02:05:10] ✘ 有 3 条订阅解析失败:
[2025-12-29 02:05:10] - https://tumutanzi.com/feed
[2025-12-29 02:05:10] - https://tcxx.info/feed
[2025-12-29 02:05:10] - https://geekinney.com/index.xml
[2025-12-29 02:05:10] ✘ 有 3 条订阅头像无法访问, 已使用默认头像:
[2025-12-29 02:05:10] - https://oba.by/feed
[2025-12-29 02:05:10] - http://feeds.feedburner.com/ruanyifeng
[2025-12-29 02:05:10] - https://www.loyhome.com/feed
[2025-12-29 04:11:37] 本次订阅抓取结果统计:
[2025-12-29 04:11:37] 共 28 条RSS, 成功抓取 25 条.
[2025-12-29 04:11:37] ✘ 有 3 条订阅解析失败:
[2025-12-29 04:11:37] - https://tumutanzi.com/feed
[2025-12-29 04:11:37] - https://tcxx.info/feed
[2025-12-29 04:11:37] - https://geekinney.com/index.xml
[2025-12-29 04:11:37] ✘ 有 2 条订阅头像无法访问, 已使用默认头像:
[2025-12-29 04:11:37] - https://oba.by/feed
[2025-12-29 04:11:37] - http://feeds.feedburner.com/ruanyifeng
[2025-12-29 05:32:10] 本次订阅抓取结果统计:
[2025-12-29 05:32:10] 共 28 条RSS, 成功抓取 25 条.
[2025-12-29 05:32:10] ✘ 有 3 条订阅解析失败:
[2025-12-29 05:32:10] - https://tcxx.info/feed
[2025-12-29 05:32:10] - https://tumutanzi.com/feed
[2025-12-29 05:32:10] - https://geekinney.com/index.xml
[2025-12-29 05:32:10] ✘ 有 3 条订阅头像无法访问, 已使用默认头像:
[2025-12-29 05:32:10] - https://oba.by/feed
[2025-12-29 05:32:10] - https://www.loyhome.com/feed
[2025-12-29 05:32:10] - http://feeds.feedburner.com/ruanyifeng
