[2025-10-27 01:54:00] 本次订阅抓取结果统计:
[2025-10-27 01:54:00] 共 28 条RSS, 成功抓取 25 条.
[2025-10-27 01:54:00] ✘ 有 3 条订阅解析失败:
[2025-10-27 01:54:00] - https://tumutanzi.com/feed
[2025-10-27 01:54:00] - https://tcxx.info/feed
[2025-10-27 01:54:00] - https://geekinney.com/index.xml
[2025-10-27 01:54:00] ✘ 有 2 条订阅头像无法访问, 已使用默认头像:
[2025-10-27 01:54:00] - https://www.loyhome.com/feed
[2025-10-27 01:54:00] - http://feeds.feedburner.com/ruanyifeng
[2025-10-27 03:22:14] 本次订阅抓取结果统计:
[2025-10-27 03:22:14] 共 28 条RSS, 成功抓取 25 条.
[2025-10-27 03:22:14] ✘ 有 3 条订阅解析失败:
[2025-10-27 03:22:14] - https://tcxx.info/feed
[2025-10-27 03:22:14] - https://tumutanzi.com/feed
[2025-10-27 03:22:14] - https://geekinney.com/index.xml
[2025-10-27 03:22:14] ✘ 有 2 条订阅头像无法访问, 已使用默认头像:
[2025-10-27 03:22:14] - http://feeds.feedburner.com/ruanyifeng
[2025-10-27 03:22:14] - https://www.loyhome.com/feed
[2025-10-27 04:32:24] 本次订阅抓取结果统计:
[2025-10-27 04:32:24] 共 28 条RSS, 成功抓取 25 条.
[2025-10-27 04:32:24] ✘ 有 3 条订阅解析失败:
[2025-10-27 04:32:24] - https://tumutanzi.com/feed
[2025-10-27 04:32:24] - https://tcxx.info/feed
[2025-10-27 04:32:24] - https://geekinney.com/index.xml
[2025-10-27 04:32:24] ✘ 有 2 条订阅头像无法访问, 已使用默认头像:
[2025-10-27 04:32:24] - http://feeds.feedburner.com/ruanyifeng
[2025-10-27 04:32:24] - https://www.loyhome.com/feed
[2025-10-27 05:23:42] 本次订阅抓取结果统计:
[2025-10-27 05:23:42] 共 28 条RSS, 成功抓取 25 条.
[2025-10-27 05:23:42] ✘ 有 3 条订阅解析失败:
[2025-10-27 05:23:42] - https://tumutanzi.com/feed
[2025-10-27 05:23:42] - https://tcxx.info/feed
[2025-10-27 05:23:42] - https://geekinney.com/index.xml
[2025-10-27 05:23:42] ✘ 有 2 条订阅头像无法访问, 已使用默认头像:
[2025-10-27 05:23:42] - http://feeds.feedburner.com/ruanyifeng
[2025-10-27 05:23:42] - https://www.loyhome.com/feed
[2025-10-27 06:36:26] 本次订阅抓取结果统计:
[2025-10-27 06:36:26] 共 28 条RSS, 成功抓取 25 条.
[2025-10-27 06:36:26] ✘ 有 3 条订阅解析失败:
[2025-10-27 06:36:26] - https://tcxx.info/feed
[2025-10-27 06:36:26] - https://tumutanzi.com/feed
[2025-10-27 06:36:26] - https://geekinney.com/index.xml
[2025-10-27 06:36:26] ✘ 有 2 条订阅头像无法访问, 已使用默认头像:
[2025-10-27 06:36:26] - http://feeds.feedburner.com/ruanyifeng
[2025-10-27 06:36:26] - https://www.loyhome.com/feed
[2025-10-27 07:21:47] 本次订阅抓取结果统计:
[2025-10-27 07:21:47] 共 28 条RSS, 成功抓取 25 条.
[2025-10-27 07:21:47] ✘ 有 3 条订阅解析失败:
[2025-10-27 07:21:47] - https://tumutanzi.com/feed
[2025-10-27 07:21:47] - https://tcxx.info/feed
[2025-10-27 07:21:47] - https://geekinney.com/index.xml
[2025-10-27 07:21:47] ✘ 有 3 条订阅头像无法访问, 已使用默认头像:
[2025-10-27 07:21:47] - http://feeds.feedburner.com/ruanyifeng
[2025-10-27 07:21:47] - https://www.loyhome.com/feed
[2025-10-27 07:21:47] - https://xyzbz.cn/feed
[2025-10-27 08:31:04] 本次订阅抓取结果统计:
[2025-10-27 08:31:04] 共 28 条RSS, 成功抓取 25 条.
[2025-10-27 08:31:04] ✘ 有 3 条订阅解析失败:
[2025-10-27 08:31:04] - https://tumutanzi.com/feed
[2025-10-27 08:31:04] - https://tcxx.info/feed
[2025-10-27 08:31:04] - https://geekinney.com/index.xml
[2025-10-27 08:31:04] ✘ 有 2 条订阅头像无法访问, 已使用默认头像:
[2025-10-27 08:31:04] - http://feeds.feedburner.com/ruanyifeng
[2025-10-27 08:31:04] - https://www.loyhome.com/feed
[2025-10-27 09:27:26] 本次订阅抓取结果统计:
[2025-10-27 09:27:26] 共 28 条RSS, 成功抓取 25 条.
[2025-10-27 09:27:26] ✘ 有 3 条订阅解析失败:
[2025-10-27 09:27:26] - https://tumutanzi.com/feed
[2025-10-27 09:27:26] - https://tcxx.info/feed
[2025-10-27 09:27:26] - https://geekinney.com/index.xml
[2025-10-27 09:27:26] ✘ 有 2 条订阅头像无法访问, 已使用默认头像:
[2025-10-27 09:27:26] - https://www.loyhome.com/feed
[2025-10-27 09:27:26] - http://feeds.feedburner.com/ruanyifeng
[2025-10-27 10:26:36] 本次订阅抓取结果统计:
[2025-10-27 10:26:36] 共 28 条RSS, 成功抓取 25 条.
[2025-10-27 10:26:36] ✘ 有 3 条订阅解析失败:
[2025-10-27 10:26:36] - https://tcxx.info/feed
[2025-10-27 10:26:36] - https://tumutanzi.com/feed
[2025-10-27 10:26:36] - https://geekinney.com/index.xml
[2025-10-27 10:26:36] ✘ 有 2 条订阅头像无法访问, 已使用默认头像:
[2025-10-27 10:26:36] - http://feeds.feedburner.com/ruanyifeng
[2025-10-27 10:26:36] - https://www.loyhome.com/feed
[2025-10-27 11:20:04] 本次订阅抓取结果统计:
[2025-10-27 11:20:04] 共 28 条RSS, 成功抓取 25 条.
[2025-10-27 11:20:04] ✘ 有 3 条订阅解析失败:
[2025-10-27 11:20:04] - https://tcxx.info/feed
[2025-10-27 11:20:04] - https://tumutanzi.com/feed
[2025-10-27 11:20:04] - https://geekinney.com/index.xml
[2025-10-27 11:20:04] ✘ 有 2 条订阅头像无法访问, 已使用默认头像:
[2025-10-27 11:20:04] - http://feeds.feedburner.com/ruanyifeng
[2025-10-27 11:20:04] - https://www.loyhome.com/feed
[2025-10-27 12:48:46] 本次订阅抓取结果统计:
[2025-10-27 12:48:46] 共 28 条RSS, 成功抓取 25 条.
[2025-10-27 12:48:46] ✘ 有 3 条订阅解析失败:
[2025-10-27 12:48:46] - https://tumutanzi.com/feed
[2025-10-27 12:48:46] - https://tcxx.info/feed
[2025-10-27 12:48:46] - https://geekinney.com/index.xml
[2025-10-27 12:48:46] ✘ 有 2 条订阅头像无法访问, 已使用默认头像:
[2025-10-27 12:48:46] - https://www.loyhome.com/feed
[2025-10-27 12:48:46] - http://feeds.feedburner.com/ruanyifeng
[2025-10-27 13:34:06] 本次订阅抓取结果统计:
[2025-10-27 13:34:06] 共 28 条RSS, 成功抓取 25 条.
[2025-10-27 13:34:06] ✘ 有 3 条订阅解析失败:
[2025-10-27 13:34:06] - https://tcxx.info/feed
[2025-10-27 13:34:06] - https://tumutanzi.com/feed
[2025-10-27 13:34:06] - https://geekinney.com/index.xml
[2025-10-27 13:34:06] ✘ 有 2 条订阅头像无法访问, 已使用默认头像:
[2025-10-27 13:34:06] - https://www.loyhome.com/feed
[2025-10-27 13:34:06] - http://feeds.feedburner.com/ruanyifeng
[2025-10-27 14:23:35] 本次订阅抓取结果统计:
[2025-10-27 14:23:35] 共 28 条RSS, 成功抓取 25 条.
[2025-10-27 14:23:35] ✘ 有 3 条订阅解析失败:
[2025-10-27 14:23:35] - https://tumutanzi.com/feed
[2025-10-27 14:23:35] - https://tcxx.info/feed
[2025-10-27 14:23:35] - https://geekinney.com/index.xml
[2025-10-27 14:23:35] ✘ 有 2 条订阅头像无法访问, 已使用默认头像:
[2025-10-27 14:23:35] - http://feeds.feedburner.com/ruanyifeng
[2025-10-27 14:23:35] - https://www.loyhome.com/feed
[2025-10-27 15:23:54] 本次订阅抓取结果统计:
[2025-10-27 15:23:54] 共 28 条RSS, 成功抓取 25 条.
[2025-10-27 15:23:54] ✘ 有 3 条订阅解析失败:
[2025-10-27 15:23:54] - https://tcxx.info/feed
[2025-10-27 15:23:54] - https://tumutanzi.com/feed
[2025-10-27 15:23:54] - https://geekinney.com/index.xml
[2025-10-27 15:23:54] ✘ 有 2 条订阅头像无法访问, 已使用默认头像:
[2025-10-27 15:23:54] - https://www.loyhome.com/feed
[2025-10-27 15:23:54] - http://feeds.feedburner.com/ruanyifeng
[2025-10-27 16:30:08] 本次订阅抓取结果统计:
[2025-10-27 16:30:08] 共 28 条RSS, 成功抓取 25 条.
[2025-10-27 16:30:08] ✘ 有 3 条订阅解析失败:
[2025-10-27 16:30:08] - https://tcxx.info/feed
[2025-10-27 16:30:08] - https://tumutanzi.com/feed
[2025-10-27 16:30:08] - https://geekinney.com/index.xml
[2025-10-27 16:30:08] ✘ 有 2 条订阅头像无法访问, 已使用默认头像:
[2025-10-27 16:30:08] - https://www.loyhome.com/feed
[2025-10-27 16:30:08] - http://feeds.feedburner.com/ruanyifeng
[2025-10-27 17:19:15] 本次订阅抓取结果统计:
[2025-10-27 17:19:15] 共 28 条RSS, 成功抓取 25 条.
[2025-10-27 17:19:15] ✘ 有 3 条订阅解析失败:
[2025-10-27 17:19:15] - https://tcxx.info/feed
[2025-10-27 17:19:15] - https://tumutanzi.com/feed
[2025-10-27 17:19:15] - https://geekinney.com/index.xml
[2025-10-27 17:19:15] ✘ 有 2 条订阅头像无法访问, 已使用默认头像:
[2025-10-27 17:19:15] - http://feeds.feedburner.com/ruanyifeng
[2025-10-27 17:19:15] - https://www.loyhome.com/feed
[2025-10-27 18:32:29] 本次订阅抓取结果统计:
[2025-10-27 18:32:29] 共 28 条RSS, 成功抓取 25 条.
[2025-10-27 18:32:29] ✘ 有 3 条订阅解析失败:
[2025-10-27 18:32:29] - https://tumutanzi.com/feed
[2025-10-27 18:32:29] - https://tcxx.info/feed
[2025-10-27 18:32:29] - https://geekinney.com/index.xml
[2025-10-27 18:32:29] ✘ 有 3 条订阅头像无法访问, 已使用默认头像:
[2025-10-27 18:32:29] - http://feeds.feedburner.com/ruanyifeng
[2025-10-27 18:32:29] - https://www.loyhome.com/feed
[2025-10-27 18:32:29] - https://xyzbz.cn/feed
[2025-10-27 19:18:21] 本次订阅抓取结果统计:
[2025-10-27 19:18:21] 共 28 条RSS, 成功抓取 24 条.
[2025-10-27 19:18:21] ✘ 有 4 条订阅解析失败:
[2025-10-27 19:18:21] - https://tumutanzi.com/feed
[2025-10-27 19:18:21] - https://geekinney.com/index.xml
[2025-10-27 19:18:21] - https://tcxx.info/feed
[2025-10-27 19:18:21] - https://www.loyhome.com/feed
[2025-10-27 19:18:21] ✘ 有 2 条订阅头像无法访问, 已使用默认头像:
[2025-10-27 19:18:21] - http://feeds.feedburner.com/ruanyifeng
[2025-10-27 19:18:21] - https://xyzbz.cn/feed
[2025-10-27 20:22:44] 本次订阅抓取结果统计:
[2025-10-27 20:22:44] 共 28 条RSS, 成功抓取 22 条.
[2025-10-27 20:22:44] ✘ 有 6 条订阅解析失败:
[2025-10-27 20:22:44] - https://tumutanzi.com/feed
[2025-10-27 20:22:44] - https://tcxx.info/feed
[2025-10-27 20:22:44] - https://geekinney.com/index.xml
[2025-10-27 20:22:44] - https://blog.zhheo.com/rss.xml
[2025-10-27 20:22:44] - https://oba.by/feed
[2025-10-27 20:22:44] - https://xyzbz.cn/feed
[2025-10-27 20:22:44] ✘ 有 2 条订阅头像无法访问, 已使用默认头像:
[2025-10-27 20:22:44] - https://www.loyhome.com/feed
[2025-10-27 20:22:44] - http://feeds.feedburner.com/ruanyifeng
[2025-10-27 21:19:15] 本次订阅抓取结果统计:
[2025-10-27 21:19:15] 共 28 条RSS, 成功抓取 25 条.
[2025-10-27 21:19:15] ✘ 有 3 条订阅解析失败:
[2025-10-27 21:19:15] - https://tumutanzi.com/feed
[2025-10-27 21:19:15] - https://tcxx.info/feed
[2025-10-27 21:19:15] - https://geekinney.com/index.xml
[2025-10-27 21:19:15] ✘ 有 2 条订阅头像无法访问, 已使用默认头像:
[2025-10-27 21:19:15] - http://feeds.feedburner.com/ruanyifeng
[2025-10-27 21:19:15] - https://www.loyhome.com/feed
[2025-10-27 22:20:04] 本次订阅抓取结果统计:
[2025-10-27 22:20:04] 共 28 条RSS, 成功抓取 25 条.
[2025-10-27 22:20:04] ✘ 有 3 条订阅解析失败:
[2025-10-27 22:20:04] - https://tcxx.info/feed
[2025-10-27 22:20:04] - https://tumutanzi.com/feed
[2025-10-27 22:20:04] - https://geekinney.com/index.xml
[2025-10-27 22:20:04] ✘ 有 2 条订阅头像无法访问, 已使用默认头像:
[2025-10-27 22:20:04] - http://feeds.feedburner.com/ruanyifeng
[2025-10-27 22:20:04] - https://www.loyhome.com/feed
