[2025-06-18 01:51:54] 本次订阅抓取结果统计:
[2025-06-18 01:51:54] 共 28 条RSS, 成功抓取 27 条.
[2025-06-18 01:51:54] ✘ 有 1 条订阅解析失败:
[2025-06-18 01:51:54] - https://tcxx.info/feed
[2025-06-18 01:51:54] ✘ 有 2 条订阅头像无法访问, 已使用默认头像:
[2025-06-18 01:51:54] - http://feeds.feedburner.com/ruanyifeng
[2025-06-18 01:51:54] - https://www.loyhome.com/feed
[2025-06-18 03:18:23] 本次订阅抓取结果统计:
[2025-06-18 03:18:23] 共 28 条RSS, 成功抓取 27 条.
[2025-06-18 03:18:23] ✘ 有 1 条订阅解析失败:
[2025-06-18 03:18:23] - https://tcxx.info/feed
[2025-06-18 03:18:23] ✘ 有 2 条订阅头像无法访问, 已使用默认头像:
[2025-06-18 03:18:23] - http://feeds.feedburner.com/ruanyifeng
[2025-06-18 03:18:23] - https://www.loyhome.com/feed
[2025-06-18 04:31:09] 本次订阅抓取结果统计:
[2025-06-18 04:31:09] 共 28 条RSS, 成功抓取 27 条.
[2025-06-18 04:31:09] ✘ 有 1 条订阅解析失败:
[2025-06-18 04:31:09] - https://tcxx.info/feed
[2025-06-18 04:31:09] ✘ 有 2 条订阅头像无法访问, 已使用默认头像:
[2025-06-18 04:31:09] - http://feeds.feedburner.com/ruanyifeng
[2025-06-18 04:31:09] - https://www.loyhome.com/feed
[2025-06-18 05:22:37] 本次订阅抓取结果统计:
[2025-06-18 05:22:37] 共 28 条RSS, 成功抓取 27 条.
[2025-06-18 05:22:37] ✘ 有 1 条订阅解析失败:
[2025-06-18 05:22:37] - https://tcxx.info/feed
[2025-06-18 05:22:37] ✘ 有 2 条订阅头像无法访问, 已使用默认头像:
[2025-06-18 05:22:37] - http://feeds.feedburner.com/ruanyifeng
[2025-06-18 05:22:37] - https://www.loyhome.com/feed
[2025-06-18 06:33:12] 本次订阅抓取结果统计:
[2025-06-18 06:33:12] 共 28 条RSS, 成功抓取 27 条.
[2025-06-18 06:33:12] ✘ 有 1 条订阅解析失败:
[2025-06-18 06:33:12] - https://tcxx.info/feed
[2025-06-18 06:33:12] ✘ 有 2 条订阅头像无法访问, 已使用默认头像:
[2025-06-18 06:33:12] - http://feeds.feedburner.com/ruanyifeng
[2025-06-18 06:33:12] - https://www.loyhome.com/feed
[2025-06-18 07:22:34] 本次订阅抓取结果统计:
[2025-06-18 07:22:34] 共 28 条RSS, 成功抓取 27 条.
[2025-06-18 07:22:34] ✘ 有 1 条订阅解析失败:
[2025-06-18 07:22:34] - https://tcxx.info/feed
[2025-06-18 07:22:34] ✘ 有 2 条订阅头像无法访问, 已使用默认头像:
[2025-06-18 07:22:34] - http://feeds.feedburner.com/ruanyifeng
[2025-06-18 07:22:34] - https://www.loyhome.com/feed
[2025-06-18 08:30:34] 本次订阅抓取结果统计:
[2025-06-18 08:30:34] 共 28 条RSS, 成功抓取 27 条.
[2025-06-18 08:30:34] ✘ 有 1 条订阅解析失败:
[2025-06-18 08:30:34] - https://tcxx.info/feed
[2025-06-18 08:30:34] ✘ 有 2 条订阅头像无法访问, 已使用默认头像:
[2025-06-18 08:30:34] - http://feeds.feedburner.com/ruanyifeng
[2025-06-18 08:30:34] - https://www.loyhome.com/feed
[2025-06-18 09:25:39] 本次订阅抓取结果统计:
[2025-06-18 09:25:39] 共 28 条RSS, 成功抓取 27 条.
[2025-06-18 09:25:39] ✘ 有 1 条订阅解析失败:
[2025-06-18 09:25:39] - https://tcxx.info/feed
[2025-06-18 09:25:39] ✘ 有 2 条订阅头像无法访问, 已使用默认头像:
[2025-06-18 09:25:39] - http://feeds.feedburner.com/ruanyifeng
[2025-06-18 09:25:39] - https://www.loyhome.com/feed
[2025-06-18 10:24:34] 本次订阅抓取结果统计:
[2025-06-18 10:24:34] 共 28 条RSS, 成功抓取 26 条.
[2025-06-18 10:24:34] ✘ 有 2 条订阅解析失败:
[2025-06-18 10:24:34] - https://tcxx.info/feed
[2025-06-18 10:24:34] - https://www.shephe.com/feed
[2025-06-18 10:24:34] ✘ 有 2 条订阅头像无法访问, 已使用默认头像:
[2025-06-18 10:24:34] - http://feeds.feedburner.com/ruanyifeng
[2025-06-18 10:24:34] - https://www.loyhome.com/feed
