[2025-05-09 01:48:05] 本次订阅抓取结果统计:
[2025-05-09 01:48:05] 共 28 条RSS, 成功抓取 27 条.
[2025-05-09 01:48:05] ✘ 有 1 条订阅解析失败:
[2025-05-09 01:48:05] - https://tcxx.info/feed
[2025-05-09 01:48:05] ✘ 有 2 条订阅头像无法访问, 已使用默认头像:
[2025-05-09 01:48:05] - http://feeds.feedburner.com/ruanyifeng
[2025-05-09 01:48:05] - https://www.loyhome.com/feed
[2025-05-09 03:11:34] 本次订阅抓取结果统计:
[2025-05-09 03:11:34] 共 28 条RSS, 成功抓取 27 条.
[2025-05-09 03:11:34] ✘ 有 1 条订阅解析失败:
[2025-05-09 03:11:34] - https://tcxx.info/feed
[2025-05-09 03:11:34] ✘ 有 2 条订阅头像无法访问, 已使用默认头像:
[2025-05-09 03:11:34] - http://feeds.feedburner.com/ruanyifeng
[2025-05-09 03:11:34] - https://www.loyhome.com/feed
[2025-05-09 04:27:27] 本次订阅抓取结果统计:
[2025-05-09 04:27:27] 共 28 条RSS, 成功抓取 27 条.
[2025-05-09 04:27:27] ✘ 有 1 条订阅解析失败:
[2025-05-09 04:27:27] - https://tcxx.info/feed
[2025-05-09 04:27:27] ✘ 有 2 条订阅头像无法访问, 已使用默认头像:
[2025-05-09 04:27:27] - http://feeds.feedburner.com/ruanyifeng
[2025-05-09 04:27:27] - https://www.loyhome.com/feed
[2025-05-09 05:21:38] 本次订阅抓取结果统计:
[2025-05-09 05:21:38] 共 28 条RSS, 成功抓取 27 条.
[2025-05-09 05:21:38] ✘ 有 1 条订阅解析失败:
[2025-05-09 05:21:38] - https://tcxx.info/feed
[2025-05-09 05:21:38] ✘ 有 2 条订阅头像无法访问, 已使用默认头像:
[2025-05-09 05:21:38] - http://feeds.feedburner.com/ruanyifeng
[2025-05-09 05:21:38] - https://www.loyhome.com/feed
