[2025-04-09 03:10:14] 本次订阅抓取结果统计:
[2025-04-09 03:10:14] 共 28 条RSS, 成功抓取 27 条.
[2025-04-09 03:10:14] ✘ 有 1 条订阅解析失败:
[2025-04-09 03:10:14] - https://geekinney.com/index.xml
[2025-04-09 03:10:14] ✘ 有 2 条订阅头像无法访问, 已使用默认头像:
[2025-04-09 03:10:14] - https://www.loyhome.com/feed
[2025-04-09 03:10:14] - http://feeds.feedburner.com/ruanyifeng
[2025-04-09 04:41:38] 本次订阅抓取结果统计:
[2025-04-09 04:41:38] 共 28 条RSS, 成功抓取 26 条.
[2025-04-09 04:41:38] ✘ 有 2 条订阅解析失败:
[2025-04-09 04:41:38] - https://tcxx.info/feed
[2025-04-09 04:41:38] - https://geekinney.com/index.xml
[2025-04-09 04:41:38] ✘ 有 2 条订阅头像无法访问, 已使用默认头像:
[2025-04-09 04:41:38] - http://feeds.feedburner.com/ruanyifeng
[2025-04-09 04:41:38] - https://www.loyhome.com/feed
[2025-04-09 05:38:19] 本次订阅抓取结果统计:
[2025-04-09 05:38:19] 共 28 条RSS, 成功抓取 27 条.
[2025-04-09 05:38:19] ✘ 有 1 条订阅解析失败:
[2025-04-09 05:38:19] - https://geekinney.com/index.xml
[2025-04-09 05:38:19] ✘ 有 4 条订阅头像无法访问, 已使用默认头像:
[2025-04-09 05:38:19] - http://feeds.feedburner.com/ruanyifeng
[2025-04-09 05:38:19] - https://www.loyhome.com/feed
[2025-04-09 05:38:19] - https://tcxx.info/feed
[2025-04-09 05:38:19] - https://xyzbz.cn/feed
[2025-04-09 06:50:13] 本次订阅抓取结果统计:
[2025-04-09 06:50:13] 共 28 条RSS, 成功抓取 27 条.
[2025-04-09 06:50:13] ✘ 有 1 条订阅解析失败:
[2025-04-09 06:50:13] - https://geekinney.com/index.xml
[2025-04-09 06:50:13] ✘ 有 2 条订阅头像无法访问, 已使用默认头像:
[2025-04-09 06:50:13] - http://feeds.feedburner.com/ruanyifeng
[2025-04-09 06:50:13] - https://www.loyhome.com/feed
[2025-04-09 07:31:11] 本次订阅抓取结果统计:
[2025-04-09 07:31:11] 共 28 条RSS, 成功抓取 26 条.
[2025-04-09 07:31:11] ✘ 有 2 条订阅解析失败:
[2025-04-09 07:31:11] - https://blog.zhheo.com/rss.xml
[2025-04-09 07:31:11] - https://geekinney.com/index.xml
[2025-04-09 07:31:11] ✘ 有 2 条订阅头像无法访问, 已使用默认头像:
[2025-04-09 07:31:11] - http://feeds.feedburner.com/ruanyifeng
[2025-04-09 07:31:11] - https://www.loyhome.com/feed
[2025-04-09 08:51:21] 本次订阅抓取结果统计:
[2025-04-09 08:51:21] 共 28 条RSS, 成功抓取 27 条.
[2025-04-09 08:51:21] ✘ 有 1 条订阅解析失败:
[2025-04-09 08:51:21] - https://geekinney.com/index.xml
[2025-04-09 08:51:21] ✘ 有 2 条订阅头像无法访问, 已使用默认头像:
[2025-04-09 08:51:21] - http://feeds.feedburner.com/ruanyifeng
[2025-04-09 08:51:21] - https://www.loyhome.com/feed
[2025-04-09 09:39:12] 本次订阅抓取结果统计:
[2025-04-09 09:39:12] 共 28 条RSS, 成功抓取 26 条.
[2025-04-09 09:39:12] ✘ 有 2 条订阅解析失败:
[2025-04-09 09:39:12] - https://tcxx.info/feed
[2025-04-09 09:39:12] - https://geekinney.com/index.xml
[2025-04-09 09:39:12] ✘ 有 3 条订阅头像无法访问, 已使用默认头像:
[2025-04-09 09:39:12] - http://feeds.feedburner.com/ruanyifeng
[2025-04-09 09:39:12] - https://www.loyhome.com/feed
[2025-04-09 09:39:12] - https://xyzbz.cn/feed
[2025-04-09 10:48:29] 本次订阅抓取结果统计:
[2025-04-09 10:48:29] 共 28 条RSS, 成功抓取 27 条.
[2025-04-09 10:48:29] ✘ 有 1 条订阅解析失败:
[2025-04-09 10:48:29] - https://geekinney.com/index.xml
[2025-04-09 10:48:29] ✘ 有 2 条订阅头像无法访问, 已使用默认头像:
[2025-04-09 10:48:29] - http://feeds.feedburner.com/ruanyifeng
[2025-04-09 10:48:29] - https://www.loyhome.com/feed
[2025-04-09 11:27:20] 本次订阅抓取结果统计:
[2025-04-09 11:27:20] 共 28 条RSS, 成功抓取 27 条.
[2025-04-09 11:27:20] ✘ 有 1 条订阅解析失败:
[2025-04-09 11:27:20] - https://geekinney.com/index.xml
[2025-04-09 11:27:20] ✘ 有 3 条订阅头像无法访问, 已使用默认头像:
[2025-04-09 11:27:20] - http://feeds.feedburner.com/ruanyifeng
[2025-04-09 11:27:20] - https://www.loyhome.com/feed
[2025-04-09 11:27:20] - https://tcxx.info/feed
[2025-04-09 13:38:24] 本次订阅抓取结果统计:
[2025-04-09 13:38:24] 共 28 条RSS, 成功抓取 27 条.
[2025-04-09 13:38:24] ✘ 有 1 条订阅解析失败:
[2025-04-09 13:38:24] - https://geekinney.com/index.xml
[2025-04-09 13:38:24] ✘ 有 4 条订阅头像无法访问, 已使用默认头像:
[2025-04-09 13:38:24] - http://feeds.feedburner.com/ruanyifeng
[2025-04-09 13:38:24] - https://www.loyhome.com/feed
[2025-04-09 13:38:24] - https://tcxx.info/feed
[2025-04-09 13:38:24] - https://xyzbz.cn/feed
[2025-04-09 14:45:01] 本次订阅抓取结果统计:
[2025-04-09 14:45:01] 共 28 条RSS, 成功抓取 27 条.
[2025-04-09 14:45:01] ✘ 有 1 条订阅解析失败:
[2025-04-09 14:45:01] - https://geekinney.com/index.xml
[2025-04-09 14:45:01] ✘ 有 2 条订阅头像无法访问, 已使用默认头像:
[2025-04-09 14:45:01] - http://feeds.feedburner.com/ruanyifeng
[2025-04-09 14:45:01] - https://www.loyhome.com/feed
[2025-04-09 15:41:32] 本次订阅抓取结果统计:
[2025-04-09 15:41:32] 共 28 条RSS, 成功抓取 27 条.
[2025-04-09 15:41:32] ✘ 有 1 条订阅解析失败:
[2025-04-09 15:41:32] - https://geekinney.com/index.xml
[2025-04-09 15:41:32] ✘ 有 2 条订阅头像无法访问, 已使用默认头像:
[2025-04-09 15:41:32] - http://feeds.feedburner.com/ruanyifeng
[2025-04-09 15:41:32] - https://www.loyhome.com/feed
[2025-04-09 16:51:48] 本次订阅抓取结果统计:
[2025-04-09 16:51:48] 共 28 条RSS, 成功抓取 27 条.
[2025-04-09 16:51:48] ✘ 有 1 条订阅解析失败:
[2025-04-09 16:51:48] - https://geekinney.com/index.xml
[2025-04-09 16:51:48] ✘ 有 2 条订阅头像无法访问, 已使用默认头像:
[2025-04-09 16:51:48] - http://feeds.feedburner.com/ruanyifeng
[2025-04-09 16:51:48] - https://www.loyhome.com/feed
