[2025-10-05 01:48:23] 本次订阅抓取结果统计:
[2025-10-05 01:48:23] 共 28 条RSS, 成功抓取 24 条.
[2025-10-05 01:48:23] ✘ 有 4 条订阅解析失败:
[2025-10-05 01:48:23] - https://tumutanzi.com/feed
[2025-10-05 01:48:23] - https://blog.ursb.me/feed.xml
[2025-10-05 01:48:23] - https://tcxx.info/feed
[2025-10-05 01:48:23] - https://geekinney.com/index.xml
[2025-10-05 01:48:23] ✘ 有 2 条订阅头像无法访问, 已使用默认头像:
[2025-10-05 01:48:23] - http://feeds.feedburner.com/ruanyifeng
[2025-10-05 01:48:23] - https://www.loyhome.com/feed
[2025-10-05 03:08:50] 本次订阅抓取结果统计:
[2025-10-05 03:08:50] 共 28 条RSS, 成功抓取 24 条.
[2025-10-05 03:08:50] ✘ 有 4 条订阅解析失败:
[2025-10-05 03:08:50] - https://blog.ursb.me/feed.xml
[2025-10-05 03:08:50] - https://tcxx.info/feed
[2025-10-05 03:08:50] - https://tumutanzi.com/feed
[2025-10-05 03:08:50] - https://geekinney.com/index.xml
[2025-10-05 03:08:50] ✘ 有 2 条订阅头像无法访问, 已使用默认头像:
[2025-10-05 03:08:50] - http://feeds.feedburner.com/ruanyifeng
[2025-10-05 03:08:50] - https://www.loyhome.com/feed
