[2025-08-03 02:11:04] 本次订阅抓取结果统计:
[2025-08-03 02:11:04] 共 28 条RSS, 成功抓取 26 条.
[2025-08-03 02:11:04] ✘ 有 2 条订阅解析失败:
[2025-08-03 02:11:04] - https://tcxx.info/feed
[2025-08-03 02:11:04] - https://tumutanzi.com/feed
[2025-08-03 02:11:04] ✘ 有 2 条订阅头像无法访问, 已使用默认头像:
[2025-08-03 02:11:04] - http://feeds.feedburner.com/ruanyifeng
[2025-08-03 02:11:04] - https://www.loyhome.com/feed
[2025-08-03 04:10:57] 本次订阅抓取结果统计:
[2025-08-03 04:10:57] 共 28 条RSS, 成功抓取 26 条.
[2025-08-03 04:10:57] ✘ 有 2 条订阅解析失败:
[2025-08-03 04:10:57] - https://tumutanzi.com/feed
[2025-08-03 04:10:57] - https://tcxx.info/feed
[2025-08-03 04:10:57] ✘ 有 2 条订阅头像无法访问, 已使用默认头像:
[2025-08-03 04:10:57] - http://feeds.feedburner.com/ruanyifeng
[2025-08-03 04:10:57] - https://www.loyhome.com/feed
[2025-08-03 05:29:31] 本次订阅抓取结果统计:
[2025-08-03 05:29:31] 共 28 条RSS, 成功抓取 26 条.
[2025-08-03 05:29:31] ✘ 有 2 条订阅解析失败:
[2025-08-03 05:29:31] - https://tcxx.info/feed
[2025-08-03 05:29:31] - https://tumutanzi.com/feed
[2025-08-03 05:29:31] ✘ 有 2 条订阅头像无法访问, 已使用默认头像:
[2025-08-03 05:29:31] - http://feeds.feedburner.com/ruanyifeng
[2025-08-03 05:29:31] - https://www.loyhome.com/feed
[2025-08-03 06:33:52] 本次订阅抓取结果统计:
[2025-08-03 06:33:52] 共 28 条RSS, 成功抓取 26 条.
[2025-08-03 06:33:52] ✘ 有 2 条订阅解析失败:
[2025-08-03 06:33:52] - https://tcxx.info/feed
[2025-08-03 06:33:52] - https://tumutanzi.com/feed
[2025-08-03 06:33:52] ✘ 有 2 条订阅头像无法访问, 已使用默认头像:
[2025-08-03 06:33:52] - http://feeds.feedburner.com/ruanyifeng
[2025-08-03 06:33:52] - https://www.loyhome.com/feed
[2025-08-03 07:22:03] 本次订阅抓取结果统计:
[2025-08-03 07:22:03] 共 28 条RSS, 成功抓取 26 条.
[2025-08-03 07:22:03] ✘ 有 2 条订阅解析失败:
[2025-08-03 07:22:03] - https://tumutanzi.com/feed
[2025-08-03 07:22:03] - https://tcxx.info/feed
[2025-08-03 07:22:03] ✘ 有 2 条订阅头像无法访问, 已使用默认头像:
[2025-08-03 07:22:03] - http://feeds.feedburner.com/ruanyifeng
[2025-08-03 07:22:03] - https://www.loyhome.com/feed
[2025-08-03 08:29:28] 本次订阅抓取结果统计:
[2025-08-03 08:29:28] 共 28 条RSS, 成功抓取 26 条.
[2025-08-03 08:29:28] ✘ 有 2 条订阅解析失败:
[2025-08-03 08:29:28] - https://tumutanzi.com/feed
[2025-08-03 08:29:28] - https://tcxx.info/feed
[2025-08-03 08:29:28] ✘ 有 2 条订阅头像无法访问, 已使用默认头像:
[2025-08-03 08:29:28] - http://feeds.feedburner.com/ruanyifeng
[2025-08-03 08:29:28] - https://www.loyhome.com/feed
[2025-08-03 09:23:56] 本次订阅抓取结果统计:
[2025-08-03 09:23:56] 共 28 条RSS, 成功抓取 26 条.
[2025-08-03 09:23:56] ✘ 有 2 条订阅解析失败:
[2025-08-03 09:23:56] - https://tcxx.info/feed
[2025-08-03 09:23:56] - https://tumutanzi.com/feed
[2025-08-03 09:23:56] ✘ 有 2 条订阅头像无法访问, 已使用默认头像:
[2025-08-03 09:23:56] - http://feeds.feedburner.com/ruanyifeng
[2025-08-03 09:23:56] - https://www.loyhome.com/feed
[2025-08-03 10:24:25] 本次订阅抓取结果统计:
[2025-08-03 10:24:25] 共 28 条RSS, 成功抓取 26 条.
[2025-08-03 10:24:25] ✘ 有 2 条订阅解析失败:
[2025-08-03 10:24:25] - https://tcxx.info/feed
[2025-08-03 10:24:25] - https://tumutanzi.com/feed
[2025-08-03 10:24:25] ✘ 有 2 条订阅头像无法访问, 已使用默认头像:
[2025-08-03 10:24:25] - http://feeds.feedburner.com/ruanyifeng
[2025-08-03 10:24:25] - https://www.loyhome.com/feed
[2025-08-03 11:20:21] 本次订阅抓取结果统计:
[2025-08-03 11:20:21] 共 28 条RSS, 成功抓取 26 条.
[2025-08-03 11:20:21] ✘ 有 2 条订阅解析失败:
[2025-08-03 11:20:21] - https://tumutanzi.com/feed
[2025-08-03 11:20:21] - https://tcxx.info/feed
[2025-08-03 11:20:21] ✘ 有 2 条订阅头像无法访问, 已使用默认头像:
[2025-08-03 11:20:21] - http://feeds.feedburner.com/ruanyifeng
[2025-08-03 11:20:21] - https://www.loyhome.com/feed
[2025-08-03 12:50:13] 本次订阅抓取结果统计:
[2025-08-03 12:50:13] 共 28 条RSS, 成功抓取 26 条.
[2025-08-03 12:50:13] ✘ 有 2 条订阅解析失败:
[2025-08-03 12:50:13] - https://tcxx.info/feed
[2025-08-03 12:50:13] - https://tumutanzi.com/feed
[2025-08-03 12:50:13] ✘ 有 3 条订阅头像无法访问, 已使用默认头像:
[2025-08-03 12:50:13] - http://feeds.feedburner.com/ruanyifeng
[2025-08-03 12:50:13] - https://www.loyhome.com/feed
[2025-08-03 12:50:13] - https://blog.zhheo.com/rss.xml
[2025-08-03 13:34:30] 本次订阅抓取结果统计:
[2025-08-03 13:34:30] 共 28 条RSS, 成功抓取 26 条.
[2025-08-03 13:34:30] ✘ 有 2 条订阅解析失败:
[2025-08-03 13:34:30] - https://tcxx.info/feed
[2025-08-03 13:34:30] - https://tumutanzi.com/feed
[2025-08-03 13:34:30] ✘ 有 3 条订阅头像无法访问, 已使用默认头像:
[2025-08-03 13:34:30] - https://www.loyhome.com/feed
[2025-08-03 13:34:30] - http://feeds.feedburner.com/ruanyifeng
[2025-08-03 13:34:30] - https://xyzbz.cn/feed
[2025-08-03 14:20:50] 本次订阅抓取结果统计:
[2025-08-03 14:20:50] 共 28 条RSS, 成功抓取 26 条.
[2025-08-03 14:20:50] ✘ 有 2 条订阅解析失败:
[2025-08-03 14:20:50] - https://tcxx.info/feed
[2025-08-03 14:20:50] - https://tumutanzi.com/feed
[2025-08-03 14:20:50] ✘ 有 2 条订阅头像无法访问, 已使用默认头像:
[2025-08-03 14:20:50] - http://feeds.feedburner.com/ruanyifeng
[2025-08-03 14:20:50] - https://www.loyhome.com/feed
[2025-08-03 15:23:39] 本次订阅抓取结果统计:
[2025-08-03 15:23:39] 共 28 条RSS, 成功抓取 26 条.
[2025-08-03 15:23:39] ✘ 有 2 条订阅解析失败:
[2025-08-03 15:23:39] - https://tcxx.info/feed
[2025-08-03 15:23:39] - https://tumutanzi.com/feed
[2025-08-03 15:23:39] ✘ 有 2 条订阅头像无法访问, 已使用默认头像:
[2025-08-03 15:23:39] - http://feeds.feedburner.com/ruanyifeng
[2025-08-03 15:23:39] - https://www.loyhome.com/feed
[2025-08-03 16:28:45] 本次订阅抓取结果统计:
[2025-08-03 16:28:45] 共 28 条RSS, 成功抓取 26 条.
[2025-08-03 16:28:45] ✘ 有 2 条订阅解析失败:
[2025-08-03 16:28:45] - https://tcxx.info/feed
[2025-08-03 16:28:45] - https://tumutanzi.com/feed
[2025-08-03 16:28:45] ✘ 有 2 条订阅头像无法访问, 已使用默认头像:
[2025-08-03 16:28:45] - http://feeds.feedburner.com/ruanyifeng
[2025-08-03 16:28:45] - https://www.loyhome.com/feed
[2025-08-03 17:21:07] 本次订阅抓取结果统计:
[2025-08-03 17:21:07] 共 28 条RSS, 成功抓取 26 条.
[2025-08-03 17:21:07] ✘ 有 2 条订阅解析失败:
[2025-08-03 17:21:07] - https://tcxx.info/feed
[2025-08-03 17:21:07] - https://tumutanzi.com/feed
[2025-08-03 17:21:07] ✘ 有 2 条订阅头像无法访问, 已使用默认头像:
[2025-08-03 17:21:07] - http://feeds.feedburner.com/ruanyifeng
[2025-08-03 17:21:07] - https://www.loyhome.com/feed
[2025-08-03 18:33:23] 本次订阅抓取结果统计:
[2025-08-03 18:33:23] 共 28 条RSS, 成功抓取 26 条.
[2025-08-03 18:33:23] ✘ 有 2 条订阅解析失败:
[2025-08-03 18:33:23] - https://tumutanzi.com/feed
[2025-08-03 18:33:23] - https://tcxx.info/feed
[2025-08-03 18:33:23] ✘ 有 2 条订阅头像无法访问, 已使用默认头像:
[2025-08-03 18:33:23] - http://feeds.feedburner.com/ruanyifeng
[2025-08-03 18:33:23] - https://www.loyhome.com/feed
[2025-08-03 19:19:13] 本次订阅抓取结果统计:
[2025-08-03 19:19:13] 共 28 条RSS, 成功抓取 26 条.
[2025-08-03 19:19:13] ✘ 有 2 条订阅解析失败:
[2025-08-03 19:19:13] - https://tcxx.info/feed
[2025-08-03 19:19:13] - https://tumutanzi.com/feed
[2025-08-03 19:19:13] ✘ 有 2 条订阅头像无法访问, 已使用默认头像:
[2025-08-03 19:19:13] - http://feeds.feedburner.com/ruanyifeng
[2025-08-03 19:19:13] - https://www.loyhome.com/feed
[2025-08-03 20:26:24] 本次订阅抓取结果统计:
[2025-08-03 20:26:24] 共 28 条RSS, 成功抓取 26 条.
[2025-08-03 20:26:24] ✘ 有 2 条订阅解析失败:
[2025-08-03 20:26:24] - https://tcxx.info/feed
[2025-08-03 20:26:24] - https://tumutanzi.com/feed
[2025-08-03 20:26:24] ✘ 有 2 条订阅头像无法访问, 已使用默认头像:
[2025-08-03 20:26:24] - http://feeds.feedburner.com/ruanyifeng
[2025-08-03 20:26:24] - https://www.loyhome.com/feed
[2025-08-03 21:22:15] 本次订阅抓取结果统计:
[2025-08-03 21:22:15] 共 28 条RSS, 成功抓取 26 条.
[2025-08-03 21:22:15] ✘ 有 2 条订阅解析失败:
[2025-08-03 21:22:15] - https://tcxx.info/feed
[2025-08-03 21:22:15] - https://tumutanzi.com/feed
[2025-08-03 21:22:15] ✘ 有 2 条订阅头像无法访问, 已使用默认头像:
[2025-08-03 21:22:15] - http://feeds.feedburner.com/ruanyifeng
[2025-08-03 21:22:15] - https://www.loyhome.com/feed
