[2025-09-02 01:44:47] 本次订阅抓取结果统计:
[2025-09-02 01:44:47] 共 28 条RSS, 成功抓取 25 条.
[2025-09-02 01:44:47] ✘ 有 3 条订阅解析失败:
[2025-09-02 01:44:47] - https://tcxx.info/feed
[2025-09-02 01:44:47] - https://tumutanzi.com/feed
[2025-09-02 01:44:47] - https://geekinney.com/index.xml
[2025-09-02 01:44:47] ✘ 有 2 条订阅头像无法访问, 已使用默认头像:
[2025-09-02 01:44:47] - http://feeds.feedburner.com/ruanyifeng
[2025-09-02 01:44:47] - https://www.loyhome.com/feed
[2025-09-02 03:08:02] 本次订阅抓取结果统计:
[2025-09-02 03:08:02] 共 28 条RSS, 成功抓取 25 条.
[2025-09-02 03:08:02] ✘ 有 3 条订阅解析失败:
[2025-09-02 03:08:02] - https://tcxx.info/feed
[2025-09-02 03:08:02] - https://tumutanzi.com/feed
[2025-09-02 03:08:02] - https://geekinney.com/index.xml
[2025-09-02 03:08:02] ✘ 有 3 条订阅头像无法访问, 已使用默认头像:
[2025-09-02 03:08:02] - https://hwv430.blogspot.com/feeds/posts/default
[2025-09-02 03:08:02] - http://feeds.feedburner.com/ruanyifeng
[2025-09-02 03:08:02] - https://www.loyhome.com/feed
[2025-09-02 04:26:24] 本次订阅抓取结果统计:
[2025-09-02 04:26:24] 共 28 条RSS, 成功抓取 25 条.
[2025-09-02 04:26:24] ✘ 有 3 条订阅解析失败:
[2025-09-02 04:26:24] - https://tcxx.info/feed
[2025-09-02 04:26:24] - https://tumutanzi.com/feed
[2025-09-02 04:26:24] - https://geekinney.com/index.xml
[2025-09-02 04:26:24] ✘ 有 3 条订阅头像无法访问, 已使用默认头像:
[2025-09-02 04:26:24] - https://hwv430.blogspot.com/feeds/posts/default
[2025-09-02 04:26:24] - http://feeds.feedburner.com/ruanyifeng
[2025-09-02 04:26:24] - https://www.loyhome.com/feed
[2025-09-02 05:21:44] 本次订阅抓取结果统计:
[2025-09-02 05:21:44] 共 28 条RSS, 成功抓取 25 条.
[2025-09-02 05:21:44] ✘ 有 3 条订阅解析失败:
[2025-09-02 05:21:44] - https://tcxx.info/feed
[2025-09-02 05:21:44] - https://tumutanzi.com/feed
[2025-09-02 05:21:44] - https://geekinney.com/index.xml
[2025-09-02 05:21:44] ✘ 有 3 条订阅头像无法访问, 已使用默认头像:
[2025-09-02 05:21:44] - https://hwv430.blogspot.com/feeds/posts/default
[2025-09-02 05:21:44] - http://feeds.feedburner.com/ruanyifeng
[2025-09-02 05:21:44] - https://www.loyhome.com/feed
[2025-09-02 06:33:32] 本次订阅抓取结果统计:
[2025-09-02 06:33:32] 共 28 条RSS, 成功抓取 25 条.
[2025-09-02 06:33:32] ✘ 有 3 条订阅解析失败:
[2025-09-02 06:33:32] - https://tcxx.info/feed
[2025-09-02 06:33:32] - https://tumutanzi.com/feed
[2025-09-02 06:33:32] - https://geekinney.com/index.xml
[2025-09-02 06:33:32] ✘ 有 3 条订阅头像无法访问, 已使用默认头像:
[2025-09-02 06:33:32] - https://hwv430.blogspot.com/feeds/posts/default
[2025-09-02 06:33:32] - http://feeds.feedburner.com/ruanyifeng
[2025-09-02 06:33:32] - https://www.loyhome.com/feed
[2025-09-02 07:21:27] 本次订阅抓取结果统计:
[2025-09-02 07:21:27] 共 28 条RSS, 成功抓取 25 条.
[2025-09-02 07:21:27] ✘ 有 3 条订阅解析失败:
[2025-09-02 07:21:27] - https://tumutanzi.com/feed
[2025-09-02 07:21:27] - https://tcxx.info/feed
[2025-09-02 07:21:27] - https://geekinney.com/index.xml
[2025-09-02 07:21:27] ✘ 有 3 条订阅头像无法访问, 已使用默认头像:
[2025-09-02 07:21:27] - https://hwv430.blogspot.com/feeds/posts/default
[2025-09-02 07:21:27] - http://feeds.feedburner.com/ruanyifeng
[2025-09-02 07:21:27] - https://www.loyhome.com/feed
[2025-09-02 08:29:44] 本次订阅抓取结果统计:
[2025-09-02 08:29:44] 共 28 条RSS, 成功抓取 25 条.
[2025-09-02 08:29:44] ✘ 有 3 条订阅解析失败:
[2025-09-02 08:29:44] - https://tumutanzi.com/feed
[2025-09-02 08:29:44] - https://tcxx.info/feed
[2025-09-02 08:29:44] - https://geekinney.com/index.xml
[2025-09-02 08:29:44] ✘ 有 4 条订阅头像无法访问, 已使用默认头像:
[2025-09-02 08:29:44] - https://hwv430.blogspot.com/feeds/posts/default
[2025-09-02 08:29:44] - http://feeds.feedburner.com/ruanyifeng
[2025-09-02 08:29:44] - https://www.loyhome.com/feed
[2025-09-02 08:29:44] - https://xyzbz.cn/feed
[2025-09-02 09:24:02] 本次订阅抓取结果统计:
[2025-09-02 09:24:02] 共 28 条RSS, 成功抓取 25 条.
[2025-09-02 09:24:02] ✘ 有 3 条订阅解析失败:
[2025-09-02 09:24:02] - https://tcxx.info/feed
[2025-09-02 09:24:02] - https://tumutanzi.com/feed
[2025-09-02 09:24:02] - https://geekinney.com/index.xml
[2025-09-02 09:24:02] ✘ 有 3 条订阅头像无法访问, 已使用默认头像:
[2025-09-02 09:24:02] - https://hwv430.blogspot.com/feeds/posts/default
[2025-09-02 09:24:02] - http://feeds.feedburner.com/ruanyifeng
[2025-09-02 09:24:02] - https://www.loyhome.com/feed
[2025-09-02 10:23:25] 本次订阅抓取结果统计:
[2025-09-02 10:23:25] 共 28 条RSS, 成功抓取 25 条.
[2025-09-02 10:23:25] ✘ 有 3 条订阅解析失败:
[2025-09-02 10:23:25] - https://tumutanzi.com/feed
[2025-09-02 10:23:25] - https://tcxx.info/feed
[2025-09-02 10:23:25] - https://geekinney.com/index.xml
[2025-09-02 10:23:25] ✘ 有 3 条订阅头像无法访问, 已使用默认头像:
[2025-09-02 10:23:25] - https://hwv430.blogspot.com/feeds/posts/default
[2025-09-02 10:23:25] - http://feeds.feedburner.com/ruanyifeng
[2025-09-02 10:23:25] - https://www.loyhome.com/feed
[2025-09-02 11:17:59] 本次订阅抓取结果统计:
[2025-09-02 11:17:59] 共 28 条RSS, 成功抓取 25 条.
[2025-09-02 11:17:59] ✘ 有 3 条订阅解析失败:
[2025-09-02 11:17:59] - https://tcxx.info/feed
[2025-09-02 11:17:59] - https://tumutanzi.com/feed
[2025-09-02 11:17:59] - https://geekinney.com/index.xml
[2025-09-02 11:17:59] ✘ 有 3 条订阅头像无法访问, 已使用默认头像:
[2025-09-02 11:17:59] - https://hwv430.blogspot.com/feeds/posts/default
[2025-09-02 11:17:59] - http://feeds.feedburner.com/ruanyifeng
[2025-09-02 11:17:59] - https://www.loyhome.com/feed
[2025-09-02 12:45:22] 本次订阅抓取结果统计:
[2025-09-02 12:45:22] 共 28 条RSS, 成功抓取 25 条.
[2025-09-02 12:45:22] ✘ 有 3 条订阅解析失败:
[2025-09-02 12:45:22] - https://tcxx.info/feed
[2025-09-02 12:45:22] - https://tumutanzi.com/feed
[2025-09-02 12:45:22] - https://geekinney.com/index.xml
[2025-09-02 12:45:22] ✘ 有 2 条订阅头像无法访问, 已使用默认头像:
[2025-09-02 12:45:22] - http://feeds.feedburner.com/ruanyifeng
[2025-09-02 12:45:22] - https://www.loyhome.com/feed
[2025-09-02 13:31:49] 本次订阅抓取结果统计:
[2025-09-02 13:31:49] 共 28 条RSS, 成功抓取 25 条.
[2025-09-02 13:31:49] ✘ 有 3 条订阅解析失败:
[2025-09-02 13:31:49] - https://tumutanzi.com/feed
[2025-09-02 13:31:49] - https://tcxx.info/feed
[2025-09-02 13:31:49] - https://geekinney.com/index.xml
[2025-09-02 13:31:49] ✘ 有 3 条订阅头像无法访问, 已使用默认头像:
[2025-09-02 13:31:49] - https://hwv430.blogspot.com/feeds/posts/default
[2025-09-02 13:31:49] - http://feeds.feedburner.com/ruanyifeng
[2025-09-02 13:31:49] - https://www.loyhome.com/feed
[2025-09-02 14:22:13] 本次订阅抓取结果统计:
[2025-09-02 14:22:13] 共 28 条RSS, 成功抓取 25 条.
[2025-09-02 14:22:13] ✘ 有 3 条订阅解析失败:
[2025-09-02 14:22:13] - https://tcxx.info/feed
[2025-09-02 14:22:13] - https://tumutanzi.com/feed
[2025-09-02 14:22:13] - https://geekinney.com/index.xml
[2025-09-02 14:22:13] ✘ 有 3 条订阅头像无法访问, 已使用默认头像:
[2025-09-02 14:22:13] - https://hwv430.blogspot.com/feeds/posts/default
[2025-09-02 14:22:13] - http://feeds.feedburner.com/ruanyifeng
[2025-09-02 14:22:13] - https://www.loyhome.com/feed
[2025-09-02 15:23:49] 本次订阅抓取结果统计:
[2025-09-02 15:23:49] 共 28 条RSS, 成功抓取 25 条.
[2025-09-02 15:23:49] ✘ 有 3 条订阅解析失败:
[2025-09-02 15:23:49] - https://tumutanzi.com/feed
[2025-09-02 15:23:49] - https://tcxx.info/feed
[2025-09-02 15:23:49] - https://geekinney.com/index.xml
[2025-09-02 15:23:49] ✘ 有 3 条订阅头像无法访问, 已使用默认头像:
[2025-09-02 15:23:49] - https://hwv430.blogspot.com/feeds/posts/default
[2025-09-02 15:23:49] - http://feeds.feedburner.com/ruanyifeng
[2025-09-02 15:23:49] - https://www.loyhome.com/feed
[2025-09-02 16:27:48] 本次订阅抓取结果统计:
[2025-09-02 16:27:48] 共 28 条RSS, 成功抓取 25 条.
[2025-09-02 16:27:48] ✘ 有 3 条订阅解析失败:
[2025-09-02 16:27:48] - https://geekinney.com/index.xml
[2025-09-02 16:27:48] - https://tcxx.info/feed
[2025-09-02 16:27:48] - https://tumutanzi.com/feed
[2025-09-02 16:27:48] ✘ 有 3 条订阅头像无法访问, 已使用默认头像:
[2025-09-02 16:27:48] - https://hwv430.blogspot.com/feeds/posts/default
[2025-09-02 16:27:48] - https://www.loyhome.com/feed
[2025-09-02 16:27:48] - http://feeds.feedburner.com/ruanyifeng
[2025-09-02 17:18:12] 本次订阅抓取结果统计:
[2025-09-02 17:18:12] 共 28 条RSS, 成功抓取 25 条.
[2025-09-02 17:18:12] ✘ 有 3 条订阅解析失败:
[2025-09-02 17:18:12] - https://tumutanzi.com/feed
[2025-09-02 17:18:12] - https://tcxx.info/feed
[2025-09-02 17:18:12] - https://geekinney.com/index.xml
[2025-09-02 17:18:12] ✘ 有 3 条订阅头像无法访问, 已使用默认头像:
[2025-09-02 17:18:12] - https://hwv430.blogspot.com/feeds/posts/default
[2025-09-02 17:18:12] - http://feeds.feedburner.com/ruanyifeng
[2025-09-02 17:18:12] - https://www.loyhome.com/feed
[2025-09-02 18:28:42] 本次订阅抓取结果统计:
[2025-09-02 18:28:42] 共 28 条RSS, 成功抓取 24 条.
[2025-09-02 18:28:42] ✘ 有 4 条订阅解析失败:
[2025-09-02 18:28:42] - https://tcxx.info/feed
[2025-09-02 18:28:42] - https://tumutanzi.com/feed
[2025-09-02 18:28:42] - https://geekinney.com/index.xml
[2025-09-02 18:28:42] - https://wangpei.net/feed
[2025-09-02 18:28:42] ✘ 有 3 条订阅头像无法访问, 已使用默认头像:
[2025-09-02 18:28:42] - https://hwv430.blogspot.com/feeds/posts/default
[2025-09-02 18:28:42] - http://feeds.feedburner.com/ruanyifeng
[2025-09-02 18:28:42] - https://www.loyhome.com/feed
[2025-09-02 19:15:56] 本次订阅抓取结果统计:
[2025-09-02 19:15:56] 共 28 条RSS, 成功抓取 25 条.
[2025-09-02 19:15:56] ✘ 有 3 条订阅解析失败:
[2025-09-02 19:15:56] - https://tcxx.info/feed
[2025-09-02 19:15:56] - https://tumutanzi.com/feed
[2025-09-02 19:15:56] - https://geekinney.com/index.xml
[2025-09-02 19:15:56] ✘ 有 2 条订阅头像无法访问, 已使用默认头像:
[2025-09-02 19:15:56] - http://feeds.feedburner.com/ruanyifeng
[2025-09-02 19:15:56] - https://www.loyhome.com/feed
[2025-09-02 20:21:19] 本次订阅抓取结果统计:
[2025-09-02 20:21:19] 共 28 条RSS, 成功抓取 25 条.
[2025-09-02 20:21:19] ✘ 有 3 条订阅解析失败:
[2025-09-02 20:21:19] - https://tumutanzi.com/feed
[2025-09-02 20:21:19] - https://tcxx.info/feed
[2025-09-02 20:21:19] - https://geekinney.com/index.xml
[2025-09-02 20:21:19] ✘ 有 3 条订阅头像无法访问, 已使用默认头像:
[2025-09-02 20:21:19] - https://hwv430.blogspot.com/feeds/posts/default
[2025-09-02 20:21:19] - http://feeds.feedburner.com/ruanyifeng
[2025-09-02 20:21:19] - https://www.loyhome.com/feed
[2025-09-02 21:17:43] 本次订阅抓取结果统计:
[2025-09-02 21:17:43] 共 28 条RSS, 成功抓取 25 条.
[2025-09-02 21:17:43] ✘ 有 3 条订阅解析失败:
[2025-09-02 21:17:43] - https://tcxx.info/feed
[2025-09-02 21:17:43] - https://tumutanzi.com/feed
[2025-09-02 21:17:43] - https://geekinney.com/index.xml
[2025-09-02 21:17:43] ✘ 有 3 条订阅头像无法访问, 已使用默认头像:
[2025-09-02 21:17:43] - https://hwv430.blogspot.com/feeds/posts/default
[2025-09-02 21:17:43] - http://feeds.feedburner.com/ruanyifeng
[2025-09-02 21:17:43] - https://www.loyhome.com/feed
