[2025-12-16 01:55:57] 本次订阅抓取结果统计:
[2025-12-16 01:55:57] 共 28 条RSS, 成功抓取 25 条.
[2025-12-16 01:55:57] ✘ 有 3 条订阅解析失败:
[2025-12-16 01:55:57] - https://tcxx.info/feed
[2025-12-16 01:55:57] - https://tumutanzi.com/feed
[2025-12-16 01:55:57] - https://geekinney.com/index.xml
[2025-12-16 01:55:57] ✘ 有 3 条订阅头像无法访问, 已使用默认头像:
[2025-12-16 01:55:57] - https://oba.by/feed
[2025-12-16 01:55:57] - http://feeds.feedburner.com/ruanyifeng
[2025-12-16 01:55:57] - https://www.loyhome.com/feed
[2025-12-16 03:28:10] 本次订阅抓取结果统计:
[2025-12-16 03:28:10] 共 28 条RSS, 成功抓取 25 条.
[2025-12-16 03:28:10] ✘ 有 3 条订阅解析失败:
[2025-12-16 03:28:10] - https://tumutanzi.com/feed
[2025-12-16 03:28:10] - https://tcxx.info/feed
[2025-12-16 03:28:10] - https://geekinney.com/index.xml
[2025-12-16 03:28:10] ✘ 有 3 条订阅头像无法访问, 已使用默认头像:
[2025-12-16 03:28:10] - https://oba.by/feed
[2025-12-16 03:28:10] - http://feeds.feedburner.com/ruanyifeng
[2025-12-16 03:28:10] - https://www.loyhome.com/feed
[2025-12-16 04:37:52] 本次订阅抓取结果统计:
[2025-12-16 04:37:52] 共 28 条RSS, 成功抓取 25 条.
[2025-12-16 04:37:52] ✘ 有 3 条订阅解析失败:
[2025-12-16 04:37:52] - https://tumutanzi.com/feed
[2025-12-16 04:37:52] - https://tcxx.info/feed
[2025-12-16 04:37:52] - https://geekinney.com/index.xml
[2025-12-16 04:37:52] ✘ 有 3 条订阅头像无法访问, 已使用默认头像:
[2025-12-16 04:37:52] - https://oba.by/feed
[2025-12-16 04:37:52] - https://www.loyhome.com/feed
[2025-12-16 04:37:52] - http://feeds.feedburner.com/ruanyifeng
[2025-12-16 05:26:21] 本次订阅抓取结果统计:
[2025-12-16 05:26:21] 共 28 条RSS, 成功抓取 25 条.
[2025-12-16 05:26:21] ✘ 有 3 条订阅解析失败:
[2025-12-16 05:26:21] - https://tumutanzi.com/feed
[2025-12-16 05:26:21] - https://tcxx.info/feed
[2025-12-16 05:26:21] - https://geekinney.com/index.xml
[2025-12-16 05:26:21] ✘ 有 3 条订阅头像无法访问, 已使用默认头像:
[2025-12-16 05:26:21] - https://oba.by/feed
[2025-12-16 05:26:21] - http://feeds.feedburner.com/ruanyifeng
[2025-12-16 05:26:21] - https://www.loyhome.com/feed
[2025-12-16 06:38:35] 本次订阅抓取结果统计:
[2025-12-16 06:38:35] 共 28 条RSS, 成功抓取 25 条.
[2025-12-16 06:38:35] ✘ 有 3 条订阅解析失败:
[2025-12-16 06:38:35] - https://tcxx.info/feed
[2025-12-16 06:38:35] - https://tumutanzi.com/feed
[2025-12-16 06:38:35] - https://geekinney.com/index.xml
[2025-12-16 06:38:35] ✘ 有 3 条订阅头像无法访问, 已使用默认头像:
[2025-12-16 06:38:35] - https://oba.by/feed
[2025-12-16 06:38:35] - https://www.loyhome.com/feed
[2025-12-16 06:38:35] - http://feeds.feedburner.com/ruanyifeng
[2025-12-16 07:26:30] 本次订阅抓取结果统计:
[2025-12-16 07:26:30] 共 28 条RSS, 成功抓取 25 条.
[2025-12-16 07:26:30] ✘ 有 3 条订阅解析失败:
[2025-12-16 07:26:30] - https://tumutanzi.com/feed
[2025-12-16 07:26:30] - https://tcxx.info/feed
[2025-12-16 07:26:30] - https://geekinney.com/index.xml
[2025-12-16 07:26:30] ✘ 有 4 条订阅头像无法访问, 已使用默认头像:
[2025-12-16 07:26:30] - https://oba.by/feed
[2025-12-16 07:26:30] - http://feeds.feedburner.com/ruanyifeng
[2025-12-16 07:26:30] - https://www.loyhome.com/feed
[2025-12-16 07:26:30] - http://feeds.kenengba.com/kenengbarss
