[2025-07-14 02:02:15] 本次订阅抓取结果统计:
[2025-07-14 02:02:15] 共 28 条RSS, 成功抓取 27 条.
[2025-07-14 02:02:15] ✘ 有 1 条订阅解析失败:
[2025-07-14 02:02:15] - https://tcxx.info/feed
[2025-07-14 02:02:15] ✘ 有 2 条订阅头像无法访问, 已使用默认头像:
[2025-07-14 02:02:15] - http://feeds.feedburner.com/ruanyifeng
[2025-07-14 02:02:15] - https://www.loyhome.com/feed
[2025-07-14 04:03:37] 本次订阅抓取结果统计:
[2025-07-14 04:03:37] 共 28 条RSS, 成功抓取 27 条.
[2025-07-14 04:03:37] ✘ 有 1 条订阅解析失败:
[2025-07-14 04:03:37] - https://tcxx.info/feed
[2025-07-14 04:03:37] ✘ 有 2 条订阅头像无法访问, 已使用默认头像:
[2025-07-14 04:03:37] - http://feeds.feedburner.com/ruanyifeng
[2025-07-14 04:03:37] - https://www.loyhome.com/feed
[2025-07-14 05:28:02] 本次订阅抓取结果统计:
[2025-07-14 05:28:02] 共 28 条RSS, 成功抓取 27 条.
[2025-07-14 05:28:02] ✘ 有 1 条订阅解析失败:
[2025-07-14 05:28:02] - https://tcxx.info/feed
[2025-07-14 05:28:02] ✘ 有 3 条订阅头像无法访问, 已使用默认头像:
[2025-07-14 05:28:02] - http://feeds.feedburner.com/ruanyifeng
[2025-07-14 05:28:02] - https://www.loyhome.com/feed
[2025-07-14 05:28:02] - https://www.shephe.com/feed
[2025-07-14 06:36:53] 本次订阅抓取结果统计:
[2025-07-14 06:36:53] 共 28 条RSS, 成功抓取 27 条.
[2025-07-14 06:36:53] ✘ 有 1 条订阅解析失败:
[2025-07-14 06:36:53] - https://tcxx.info/feed
[2025-07-14 06:36:53] ✘ 有 2 条订阅头像无法访问, 已使用默认头像:
[2025-07-14 06:36:53] - https://www.loyhome.com/feed
[2025-07-14 06:36:53] - http://feeds.feedburner.com/ruanyifeng
[2025-07-14 07:26:51] 本次订阅抓取结果统计:
[2025-07-14 07:26:51] 共 28 条RSS, 成功抓取 27 条.
[2025-07-14 07:26:51] ✘ 有 1 条订阅解析失败:
[2025-07-14 07:26:51] - https://tcxx.info/feed
[2025-07-14 07:26:51] ✘ 有 2 条订阅头像无法访问, 已使用默认头像:
[2025-07-14 07:26:51] - http://feeds.feedburner.com/ruanyifeng
[2025-07-14 07:26:51] - https://www.loyhome.com/feed
[2025-07-14 08:34:35] 本次订阅抓取结果统计:
[2025-07-14 08:34:35] 共 28 条RSS, 成功抓取 27 条.
[2025-07-14 08:34:35] ✘ 有 1 条订阅解析失败:
[2025-07-14 08:34:35] - https://tcxx.info/feed
[2025-07-14 08:34:35] ✘ 有 2 条订阅头像无法访问, 已使用默认头像:
[2025-07-14 08:34:35] - http://feeds.feedburner.com/ruanyifeng
[2025-07-14 08:34:35] - https://www.loyhome.com/feed
[2025-07-14 09:31:41] 本次订阅抓取结果统计:
[2025-07-14 09:31:41] 共 28 条RSS, 成功抓取 26 条.
[2025-07-14 09:31:41] ✘ 有 2 条订阅解析失败:
[2025-07-14 09:31:41] - https://tcxx.info/feed
[2025-07-14 09:31:41] - https://oba.by/feed
[2025-07-14 09:31:41] ✘ 有 2 条订阅头像无法访问, 已使用默认头像:
[2025-07-14 09:31:41] - http://feeds.feedburner.com/ruanyifeng
[2025-07-14 09:31:41] - https://www.loyhome.com/feed
[2025-07-14 10:26:39] 本次订阅抓取结果统计:
[2025-07-14 10:26:39] 共 28 条RSS, 成功抓取 27 条.
[2025-07-14 10:26:39] ✘ 有 1 条订阅解析失败:
[2025-07-14 10:26:39] - https://tcxx.info/feed
[2025-07-14 10:26:39] ✘ 有 2 条订阅头像无法访问, 已使用默认头像:
[2025-07-14 10:26:39] - http://feeds.feedburner.com/ruanyifeng
[2025-07-14 10:26:39] - https://www.loyhome.com/feed
[2025-07-14 11:20:43] 本次订阅抓取结果统计:
[2025-07-14 11:20:43] 共 28 条RSS, 成功抓取 27 条.
[2025-07-14 11:20:43] ✘ 有 1 条订阅解析失败:
[2025-07-14 11:20:43] - https://tcxx.info/feed
[2025-07-14 11:20:43] ✘ 有 2 条订阅头像无法访问, 已使用默认头像:
[2025-07-14 11:20:43] - http://feeds.feedburner.com/ruanyifeng
[2025-07-14 11:20:43] - https://www.loyhome.com/feed
[2025-07-14 12:49:44] 本次订阅抓取结果统计:
[2025-07-14 12:49:44] 共 28 条RSS, 成功抓取 27 条.
[2025-07-14 12:49:44] ✘ 有 1 条订阅解析失败:
[2025-07-14 12:49:44] - https://tcxx.info/feed
[2025-07-14 12:49:44] ✘ 有 2 条订阅头像无法访问, 已使用默认头像:
[2025-07-14 12:49:44] - http://feeds.feedburner.com/ruanyifeng
[2025-07-14 12:49:44] - https://www.loyhome.com/feed
