[2025-04-05 03:05:57] 本次订阅抓取结果统计:
[2025-04-05 03:05:57] 共 28 条RSS, 成功抓取 27 条.
[2025-04-05 03:05:57] ✘ 有 1 条订阅解析失败:
[2025-04-05 03:05:57] - https://geekinney.com/index.xml
[2025-04-05 03:05:57] ✘ 有 2 条订阅头像无法访问, 已使用默认头像:
[2025-04-05 03:05:57] - http://feeds.feedburner.com/ruanyifeng
[2025-04-05 03:05:57] - https://www.loyhome.com/feed
[2025-04-05 04:39:15] 本次订阅抓取结果统计:
[2025-04-05 04:39:15] 共 28 条RSS, 成功抓取 26 条.
[2025-04-05 04:39:15] ✘ 有 2 条订阅解析失败:
[2025-04-05 04:39:15] - https://geekinney.com/index.xml
[2025-04-05 04:39:15] - https://tcxx.info/feed
[2025-04-05 04:39:15] ✘ 有 3 条订阅头像无法访问, 已使用默认头像:
[2025-04-05 04:39:15] - https://www.loyhome.com/feed
[2025-04-05 04:39:15] - http://feeds.feedburner.com/ruanyifeng
[2025-04-05 04:39:15] - https://xyzbz.cn/feed
[2025-04-05 05:36:33] 本次订阅抓取结果统计:
[2025-04-05 05:36:33] 共 28 条RSS, 成功抓取 27 条.
[2025-04-05 05:36:33] ✘ 有 1 条订阅解析失败:
[2025-04-05 05:36:33] - https://geekinney.com/index.xml
[2025-04-05 05:36:33] ✘ 有 2 条订阅头像无法访问, 已使用默认头像:
[2025-04-05 05:36:33] - http://feeds.feedburner.com/ruanyifeng
[2025-04-05 05:36:33] - https://www.loyhome.com/feed
[2025-04-05 06:43:31] 本次订阅抓取结果统计:
[2025-04-05 06:43:31] 共 28 条RSS, 成功抓取 26 条.
[2025-04-05 06:43:31] ✘ 有 2 条订阅解析失败:
[2025-04-05 06:43:31] - https://tcxx.info/feed
[2025-04-05 06:43:31] - https://geekinney.com/index.xml
[2025-04-05 06:43:31] ✘ 有 2 条订阅头像无法访问, 已使用默认头像:
[2025-04-05 06:43:31] - http://feeds.feedburner.com/ruanyifeng
[2025-04-05 06:43:31] - https://www.loyhome.com/feed
[2025-04-05 07:26:56] 本次订阅抓取结果统计:
[2025-04-05 07:26:56] 共 28 条RSS, 成功抓取 27 条.
[2025-04-05 07:26:56] ✘ 有 1 条订阅解析失败:
[2025-04-05 07:26:56] - https://geekinney.com/index.xml
[2025-04-05 07:26:56] ✘ 有 2 条订阅头像无法访问, 已使用默认头像:
[2025-04-05 07:26:56] - http://feeds.feedburner.com/ruanyifeng
[2025-04-05 07:26:56] - https://www.loyhome.com/feed
[2025-04-05 08:38:06] 本次订阅抓取结果统计:
[2025-04-05 08:38:06] 共 28 条RSS, 成功抓取 27 条.
[2025-04-05 08:38:06] ✘ 有 1 条订阅解析失败:
[2025-04-05 08:38:06] - https://geekinney.com/index.xml
[2025-04-05 08:38:06] ✘ 有 3 条订阅头像无法访问, 已使用默认头像:
[2025-04-05 08:38:06] - http://feeds.feedburner.com/ruanyifeng
[2025-04-05 08:38:06] - https://www.loyhome.com/feed
[2025-04-05 08:38:06] - https://tcxx.info/feed
[2025-04-05 09:29:43] 本次订阅抓取结果统计:
[2025-04-05 09:29:43] 共 28 条RSS, 成功抓取 27 条.
[2025-04-05 09:29:43] ✘ 有 1 条订阅解析失败:
[2025-04-05 09:29:43] - https://geekinney.com/index.xml
[2025-04-05 09:29:43] ✘ 有 2 条订阅头像无法访问, 已使用默认头像:
[2025-04-05 09:29:43] - http://feeds.feedburner.com/ruanyifeng
[2025-04-05 09:29:43] - https://www.loyhome.com/feed
[2025-04-05 10:38:01] 本次订阅抓取结果统计:
[2025-04-05 10:38:01] 共 28 条RSS, 成功抓取 27 条.
[2025-04-05 10:38:01] ✘ 有 1 条订阅解析失败:
[2025-04-05 10:38:01] - https://geekinney.com/index.xml
[2025-04-05 10:38:01] ✘ 有 2 条订阅头像无法访问, 已使用默认头像:
[2025-04-05 10:38:01] - http://feeds.feedburner.com/ruanyifeng
[2025-04-05 10:38:01] - https://www.loyhome.com/feed
[2025-04-05 11:24:26] 本次订阅抓取结果统计:
[2025-04-05 11:24:26] 共 28 条RSS, 成功抓取 26 条.
[2025-04-05 11:24:26] ✘ 有 2 条订阅解析失败:
[2025-04-05 11:24:26] - https://tcxx.info/feed
[2025-04-05 11:24:26] - https://geekinney.com/index.xml
[2025-04-05 11:24:26] ✘ 有 2 条订阅头像无法访问, 已使用默认头像:
[2025-04-05 11:24:26] - https://www.loyhome.com/feed
[2025-04-05 11:24:26] - http://feeds.feedburner.com/ruanyifeng
[2025-04-05 13:03:12] 本次订阅抓取结果统计:
[2025-04-05 13:03:12] 共 28 条RSS, 成功抓取 27 条.
[2025-04-05 13:03:12] ✘ 有 1 条订阅解析失败:
[2025-04-05 13:03:12] - https://geekinney.com/index.xml
[2025-04-05 13:03:12] ✘ 有 2 条订阅头像无法访问, 已使用默认头像:
[2025-04-05 13:03:12] - http://feeds.feedburner.com/ruanyifeng
[2025-04-05 13:03:12] - https://www.loyhome.com/feed
[2025-04-05 14:32:09] 本次订阅抓取结果统计:
[2025-04-05 14:32:09] 共 28 条RSS, 成功抓取 27 条.
[2025-04-05 14:32:09] ✘ 有 1 条订阅解析失败:
[2025-04-05 14:32:09] - https://geekinney.com/index.xml
[2025-04-05 14:32:09] ✘ 有 2 条订阅头像无法访问, 已使用默认头像:
[2025-04-05 14:32:09] - http://feeds.feedburner.com/ruanyifeng
[2025-04-05 14:32:09] - https://www.loyhome.com/feed
[2025-04-05 15:30:23] 本次订阅抓取结果统计:
[2025-04-05 15:30:23] 共 28 条RSS, 成功抓取 27 条.
[2025-04-05 15:30:23] ✘ 有 1 条订阅解析失败:
[2025-04-05 15:30:23] - https://geekinney.com/index.xml
[2025-04-05 15:30:23] ✘ 有 3 条订阅头像无法访问, 已使用默认头像:
[2025-04-05 15:30:23] - http://feeds.feedburner.com/ruanyifeng
[2025-04-05 15:30:23] - https://tcxx.info/feed
[2025-04-05 15:30:23] - https://www.loyhome.com/feed
[2025-04-05 16:41:47] 本次订阅抓取结果统计:
[2025-04-05 16:41:47] 共 28 条RSS, 成功抓取 27 条.
[2025-04-05 16:41:47] ✘ 有 1 条订阅解析失败:
[2025-04-05 16:41:47] - https://geekinney.com/index.xml
[2025-04-05 16:41:47] ✘ 有 2 条订阅头像无法访问, 已使用默认头像:
[2025-04-05 16:41:47] - https://www.loyhome.com/feed
[2025-04-05 16:41:47] - http://feeds.feedburner.com/ruanyifeng
[2025-04-05 17:30:35] 本次订阅抓取结果统计:
[2025-04-05 17:30:35] 共 28 条RSS, 成功抓取 27 条.
[2025-04-05 17:30:35] ✘ 有 1 条订阅解析失败:
[2025-04-05 17:30:35] - https://geekinney.com/index.xml
[2025-04-05 17:30:35] ✘ 有 2 条订阅头像无法访问, 已使用默认头像:
[2025-04-05 17:30:35] - http://feeds.feedburner.com/ruanyifeng
[2025-04-05 17:30:35] - https://www.loyhome.com/feed
[2025-04-05 18:40:19] 本次订阅抓取结果统计:
[2025-04-05 18:40:19] 共 28 条RSS, 成功抓取 27 条.
[2025-04-05 18:40:19] ✘ 有 1 条订阅解析失败:
[2025-04-05 18:40:19] - https://geekinney.com/index.xml
[2025-04-05 18:40:19] ✘ 有 3 条订阅头像无法访问, 已使用默认头像:
[2025-04-05 18:40:19] - http://feeds.feedburner.com/ruanyifeng
[2025-04-05 18:40:19] - https://www.loyhome.com/feed
[2025-04-05 18:40:19] - https://tcxx.info/feed
[2025-04-05 19:21:52] 本次订阅抓取结果统计:
[2025-04-05 19:21:52] 共 28 条RSS, 成功抓取 27 条.
[2025-04-05 19:21:52] ✘ 有 1 条订阅解析失败:
[2025-04-05 19:21:52] - https://geekinney.com/index.xml
[2025-04-05 19:21:52] ✘ 有 2 条订阅头像无法访问, 已使用默认头像:
[2025-04-05 19:21:52] - http://feeds.feedburner.com/ruanyifeng
[2025-04-05 19:21:52] - https://www.loyhome.com/feed
[2025-04-05 20:31:08] 本次订阅抓取结果统计:
[2025-04-05 20:31:08] 共 28 条RSS, 成功抓取 27 条.
[2025-04-05 20:31:08] ✘ 有 1 条订阅解析失败:
[2025-04-05 20:31:08] - https://geekinney.com/index.xml
[2025-04-05 20:31:08] ✘ 有 3 条订阅头像无法访问, 已使用默认头像:
[2025-04-05 20:31:08] - https://www.loyhome.com/feed
[2025-04-05 20:31:08] - http://feeds.feedburner.com/ruanyifeng
[2025-04-05 20:31:08] - https://tcxx.info/feed
