[2025-07-06 02:01:49] 本次订阅抓取结果统计:
[2025-07-06 02:01:49] 共 28 条RSS, 成功抓取 27 条.
[2025-07-06 02:01:49] ✘ 有 1 条订阅解析失败:
[2025-07-06 02:01:49] - https://tcxx.info/feed
[2025-07-06 02:01:49] ✘ 有 2 条订阅头像无法访问, 已使用默认头像:
[2025-07-06 02:01:49] - http://feeds.feedburner.com/ruanyifeng
[2025-07-06 02:01:49] - https://www.loyhome.com/feed
[2025-07-06 03:55:41] 本次订阅抓取结果统计:
[2025-07-06 03:55:41] 共 28 条RSS, 成功抓取 27 条.
[2025-07-06 03:55:41] ✘ 有 1 条订阅解析失败:
[2025-07-06 03:55:41] - https://tcxx.info/feed
[2025-07-06 03:55:41] ✘ 有 2 条订阅头像无法访问, 已使用默认头像:
[2025-07-06 03:55:41] - http://feeds.feedburner.com/ruanyifeng
[2025-07-06 03:55:41] - https://www.loyhome.com/feed
[2025-07-06 04:35:27] 本次订阅抓取结果统计:
[2025-07-06 04:35:27] 共 28 条RSS, 成功抓取 27 条.
[2025-07-06 04:35:27] ✘ 有 1 条订阅解析失败:
[2025-07-06 04:35:27] - https://tcxx.info/feed
[2025-07-06 04:35:27] ✘ 有 2 条订阅头像无法访问, 已使用默认头像:
[2025-07-06 04:35:27] - http://feeds.feedburner.com/ruanyifeng
[2025-07-06 04:35:27] - https://www.loyhome.com/feed
