[2025-03-23 03:11:05] 本次订阅抓取结果统计:
[2025-03-23 03:11:05] 共 28 条RSS, 成功抓取 26 条.
[2025-03-23 03:11:05] ✘ 有 2 条订阅解析失败:
[2025-03-23 03:11:05] - https://tcxx.info/feed
[2025-03-23 03:11:05] - https://geekinney.com/index.xml
[2025-03-23 03:11:05] ✘ 有 2 条订阅头像无法访问, 已使用默认头像:
[2025-03-23 03:11:05] - http://feeds.feedburner.com/ruanyifeng
[2025-03-23 03:11:05] - https://www.loyhome.com/feed
[2025-03-23 04:38:06] 本次订阅抓取结果统计:
[2025-03-23 04:38:06] 共 28 条RSS, 成功抓取 26 条.
[2025-03-23 04:38:06] ✘ 有 2 条订阅解析失败:
[2025-03-23 04:38:06] - https://tcxx.info/feed
[2025-03-23 04:38:06] - https://geekinney.com/index.xml
[2025-03-23 04:38:06] ✘ 有 2 条订阅头像无法访问, 已使用默认头像:
[2025-03-23 04:38:06] - http://feeds.feedburner.com/ruanyifeng
[2025-03-23 04:38:06] - https://www.loyhome.com/feed
[2025-03-23 05:32:44] 本次订阅抓取结果统计:
[2025-03-23 05:32:44] 共 28 条RSS, 成功抓取 26 条.
[2025-03-23 05:32:44] ✘ 有 2 条订阅解析失败:
[2025-03-23 05:32:44] - https://geekinney.com/index.xml
[2025-03-23 05:32:44] - https://tcxx.info/feed
[2025-03-23 05:32:44] ✘ 有 2 条订阅头像无法访问, 已使用默认头像:
[2025-03-23 05:32:44] - http://feeds.feedburner.com/ruanyifeng
[2025-03-23 05:32:44] - https://www.loyhome.com/feed
[2025-03-23 06:42:27] 本次订阅抓取结果统计:
[2025-03-23 06:42:27] 共 28 条RSS, 成功抓取 26 条.
[2025-03-23 06:42:27] ✘ 有 2 条订阅解析失败:
[2025-03-23 06:42:27] - https://tcxx.info/feed
[2025-03-23 06:42:27] - https://geekinney.com/index.xml
[2025-03-23 06:42:27] ✘ 有 2 条订阅头像无法访问, 已使用默认头像:
[2025-03-23 06:42:27] - http://feeds.feedburner.com/ruanyifeng
[2025-03-23 06:42:27] - https://www.loyhome.com/feed
[2025-03-23 07:28:32] 本次订阅抓取结果统计:
[2025-03-23 07:28:32] 共 28 条RSS, 成功抓取 26 条.
[2025-03-23 07:28:32] ✘ 有 2 条订阅解析失败:
[2025-03-23 07:28:32] - https://tcxx.info/feed
[2025-03-23 07:28:32] - https://geekinney.com/index.xml
[2025-03-23 07:28:32] ✘ 有 2 条订阅头像无法访问, 已使用默认头像:
[2025-03-23 07:28:32] - http://feeds.feedburner.com/ruanyifeng
[2025-03-23 07:28:32] - https://www.loyhome.com/feed
[2025-03-23 08:38:31] 本次订阅抓取结果统计:
[2025-03-23 08:38:31] 共 28 条RSS, 成功抓取 26 条.
[2025-03-23 08:38:31] ✘ 有 2 条订阅解析失败:
[2025-03-23 08:38:31] - https://tcxx.info/feed
[2025-03-23 08:38:31] - https://geekinney.com/index.xml
[2025-03-23 08:38:31] ✘ 有 2 条订阅头像无法访问, 已使用默认头像:
[2025-03-23 08:38:31] - http://feeds.feedburner.com/ruanyifeng
[2025-03-23 08:38:31] - https://www.loyhome.com/feed
[2025-03-23 09:29:06] 本次订阅抓取结果统计:
[2025-03-23 09:29:06] 共 28 条RSS, 成功抓取 26 条.
[2025-03-23 09:29:06] ✘ 有 2 条订阅解析失败:
[2025-03-23 09:29:06] - https://tcxx.info/feed
[2025-03-23 09:29:06] - https://geekinney.com/index.xml
[2025-03-23 09:29:06] ✘ 有 2 条订阅头像无法访问, 已使用默认头像:
[2025-03-23 09:29:06] - http://feeds.feedburner.com/ruanyifeng
[2025-03-23 09:29:06] - https://www.loyhome.com/feed
[2025-03-23 10:35:49] 本次订阅抓取结果统计:
[2025-03-23 10:35:49] 共 28 条RSS, 成功抓取 26 条.
[2025-03-23 10:35:49] ✘ 有 2 条订阅解析失败:
[2025-03-23 10:35:49] - https://tcxx.info/feed
[2025-03-23 10:35:49] - https://geekinney.com/index.xml
[2025-03-23 10:35:49] ✘ 有 2 条订阅头像无法访问, 已使用默认头像:
[2025-03-23 10:35:49] - http://feeds.feedburner.com/ruanyifeng
[2025-03-23 10:35:49] - https://www.loyhome.com/feed
[2025-03-23 11:25:21] 本次订阅抓取结果统计:
[2025-03-23 11:25:21] 共 28 条RSS, 成功抓取 26 条.
[2025-03-23 11:25:21] ✘ 有 2 条订阅解析失败:
[2025-03-23 11:25:21] - https://tcxx.info/feed
[2025-03-23 11:25:21] - https://geekinney.com/index.xml
[2025-03-23 11:25:21] ✘ 有 2 条订阅头像无法访问, 已使用默认头像:
[2025-03-23 11:25:21] - https://www.loyhome.com/feed
[2025-03-23 11:25:21] - http://feeds.feedburner.com/ruanyifeng
[2025-03-23 13:02:22] 本次订阅抓取结果统计:
[2025-03-23 13:02:22] 共 28 条RSS, 成功抓取 26 条.
[2025-03-23 13:02:22] ✘ 有 2 条订阅解析失败:
[2025-03-23 13:02:22] - https://tcxx.info/feed
[2025-03-23 13:02:22] - https://geekinney.com/index.xml
[2025-03-23 13:02:22] ✘ 有 2 条订阅头像无法访问, 已使用默认头像:
[2025-03-23 13:02:22] - http://feeds.feedburner.com/ruanyifeng
[2025-03-23 13:02:22] - https://www.loyhome.com/feed
[2025-03-23 14:31:46] 本次订阅抓取结果统计:
[2025-03-23 14:31:46] 共 28 条RSS, 成功抓取 25 条.
[2025-03-23 14:31:46] ✘ 有 3 条订阅解析失败:
[2025-03-23 14:31:46] - https://tcxx.info/feed
[2025-03-23 14:31:46] - https://geekinney.com/index.xml
[2025-03-23 14:31:46] - https://xyzbz.cn/feed
[2025-03-23 14:31:46] ✘ 有 2 条订阅头像无法访问, 已使用默认头像:
[2025-03-23 14:31:46] - http://feeds.feedburner.com/ruanyifeng
[2025-03-23 14:31:46] - https://www.loyhome.com/feed
[2025-03-23 15:30:52] 本次订阅抓取结果统计:
[2025-03-23 15:30:52] 共 28 条RSS, 成功抓取 26 条.
[2025-03-23 15:30:52] ✘ 有 2 条订阅解析失败:
[2025-03-23 15:30:52] - https://tcxx.info/feed
[2025-03-23 15:30:52] - https://geekinney.com/index.xml
[2025-03-23 15:30:52] ✘ 有 2 条订阅头像无法访问, 已使用默认头像:
[2025-03-23 15:30:52] - http://feeds.feedburner.com/ruanyifeng
[2025-03-23 15:30:52] - https://www.loyhome.com/feed
[2025-03-23 16:40:04] 本次订阅抓取结果统计:
[2025-03-23 16:40:04] 共 28 条RSS, 成功抓取 26 条.
[2025-03-23 16:40:04] ✘ 有 2 条订阅解析失败:
[2025-03-23 16:40:04] - https://tcxx.info/feed
[2025-03-23 16:40:04] - https://geekinney.com/index.xml
[2025-03-23 16:40:04] ✘ 有 2 条订阅头像无法访问, 已使用默认头像:
[2025-03-23 16:40:04] - http://feeds.feedburner.com/ruanyifeng
[2025-03-23 16:40:04] - https://www.loyhome.com/feed
[2025-03-23 17:30:40] 本次订阅抓取结果统计:
[2025-03-23 17:30:40] 共 28 条RSS, 成功抓取 26 条.
[2025-03-23 17:30:40] ✘ 有 2 条订阅解析失败:
[2025-03-23 17:30:40] - https://tcxx.info/feed
[2025-03-23 17:30:40] - https://geekinney.com/index.xml
[2025-03-23 17:30:40] ✘ 有 2 条订阅头像无法访问, 已使用默认头像:
[2025-03-23 17:30:40] - http://feeds.feedburner.com/ruanyifeng
[2025-03-23 17:30:40] - https://www.loyhome.com/feed
