[2025-04-17 01:43:39] 本次订阅抓取结果统计:
[2025-04-17 01:43:39] 共 28 条RSS, 成功抓取 27 条.
[2025-04-17 01:43:39] ✘ 有 1 条订阅解析失败:
[2025-04-17 01:43:39] - https://tcxx.info/feed
[2025-04-17 01:43:39] ✘ 有 2 条订阅头像无法访问, 已使用默认头像:
[2025-04-17 01:43:39] - http://feeds.feedburner.com/ruanyifeng
[2025-04-17 01:43:39] - https://www.loyhome.com/feed
[2025-04-17 03:05:09] 本次订阅抓取结果统计:
[2025-04-17 03:05:09] 共 28 条RSS, 成功抓取 27 条.
[2025-04-17 03:05:09] ✘ 有 1 条订阅解析失败:
[2025-04-17 03:05:09] - https://tcxx.info/feed
[2025-04-17 03:05:09] ✘ 有 2 条订阅头像无法访问, 已使用默认头像:
[2025-04-17 03:05:09] - http://feeds.feedburner.com/ruanyifeng
[2025-04-17 03:05:09] - https://www.loyhome.com/feed
[2025-04-17 04:25:35] 本次订阅抓取结果统计:
[2025-04-17 04:25:35] 共 28 条RSS, 成功抓取 27 条.
[2025-04-17 04:25:35] ✘ 有 1 条订阅解析失败:
[2025-04-17 04:25:35] - https://tcxx.info/feed
[2025-04-17 04:25:35] ✘ 有 2 条订阅头像无法访问, 已使用默认头像:
[2025-04-17 04:25:35] - https://www.loyhome.com/feed
[2025-04-17 04:25:35] - http://feeds.feedburner.com/ruanyifeng
[2025-04-17 05:21:02] 本次订阅抓取结果统计:
[2025-04-17 05:21:02] 共 28 条RSS, 成功抓取 27 条.
[2025-04-17 05:21:02] ✘ 有 1 条订阅解析失败:
[2025-04-17 05:21:02] - https://tcxx.info/feed
[2025-04-17 05:21:02] ✘ 有 2 条订阅头像无法访问, 已使用默认头像:
[2025-04-17 05:21:02] - http://feeds.feedburner.com/ruanyifeng
[2025-04-17 05:21:02] - https://www.loyhome.com/feed
[2025-04-17 06:30:34] 本次订阅抓取结果统计:
[2025-04-17 06:30:34] 共 28 条RSS, 成功抓取 27 条.
[2025-04-17 06:30:34] ✘ 有 1 条订阅解析失败:
[2025-04-17 06:30:34] - https://tcxx.info/feed
[2025-04-17 06:30:34] ✘ 有 2 条订阅头像无法访问, 已使用默认头像:
[2025-04-17 06:30:34] - http://feeds.feedburner.com/ruanyifeng
[2025-04-17 06:30:34] - https://www.loyhome.com/feed
[2025-04-17 07:22:05] 本次订阅抓取结果统计:
[2025-04-17 07:22:05] 共 28 条RSS, 成功抓取 27 条.
[2025-04-17 07:22:05] ✘ 有 1 条订阅解析失败:
[2025-04-17 07:22:05] - https://tcxx.info/feed
[2025-04-17 07:22:05] ✘ 有 2 条订阅头像无法访问, 已使用默认头像:
[2025-04-17 07:22:05] - http://feeds.feedburner.com/ruanyifeng
[2025-04-17 07:22:05] - https://www.loyhome.com/feed
[2025-04-17 08:28:37] 本次订阅抓取结果统计:
[2025-04-17 08:28:37] 共 28 条RSS, 成功抓取 27 条.
[2025-04-17 08:28:37] ✘ 有 1 条订阅解析失败:
[2025-04-17 08:28:37] - https://tcxx.info/feed
[2025-04-17 08:28:37] ✘ 有 2 条订阅头像无法访问, 已使用默认头像:
[2025-04-17 08:28:37] - http://feeds.feedburner.com/ruanyifeng
[2025-04-17 08:28:37] - https://www.loyhome.com/feed
[2025-04-17 09:23:50] 本次订阅抓取结果统计:
[2025-04-17 09:23:50] 共 28 条RSS, 成功抓取 27 条.
[2025-04-17 09:23:50] ✘ 有 1 条订阅解析失败:
[2025-04-17 09:23:50] - https://tcxx.info/feed
[2025-04-17 09:23:50] ✘ 有 2 条订阅头像无法访问, 已使用默认头像:
[2025-04-17 09:23:50] - http://feeds.feedburner.com/ruanyifeng
[2025-04-17 09:23:50] - https://www.loyhome.com/feed
