[2025-06-05 01:55:29] 本次订阅抓取结果统计:
[2025-06-05 01:55:29] 共 28 条RSS, 成功抓取 26 条.
[2025-06-05 01:55:29] ✘ 有 2 条订阅解析失败:
[2025-06-05 01:55:29] - https://tcxx.info/feed
[2025-06-05 01:55:29] - https://www.shephe.com/feed
[2025-06-05 01:55:29] ✘ 有 2 条订阅头像无法访问, 已使用默认头像:
[2025-06-05 01:55:29] - http://feeds.feedburner.com/ruanyifeng
[2025-06-05 01:55:29] - https://www.loyhome.com/feed
[2025-06-05 03:21:42] 本次订阅抓取结果统计:
[2025-06-05 03:21:42] 共 28 条RSS, 成功抓取 26 条.
[2025-06-05 03:21:42] ✘ 有 2 条订阅解析失败:
[2025-06-05 03:21:42] - https://tcxx.info/feed
[2025-06-05 03:21:42] - https://www.shephe.com/feed
[2025-06-05 03:21:42] ✘ 有 2 条订阅头像无法访问, 已使用默认头像:
[2025-06-05 03:21:42] - https://www.loyhome.com/feed
[2025-06-05 03:21:42] - http://feeds.feedburner.com/ruanyifeng
[2025-06-05 04:33:55] 本次订阅抓取结果统计:
[2025-06-05 04:33:55] 共 28 条RSS, 成功抓取 26 条.
[2025-06-05 04:33:55] ✘ 有 2 条订阅解析失败:
[2025-06-05 04:33:55] - https://tcxx.info/feed
[2025-06-05 04:33:55] - https://www.shephe.com/feed
[2025-06-05 04:33:55] ✘ 有 2 条订阅头像无法访问, 已使用默认头像:
[2025-06-05 04:33:55] - http://feeds.feedburner.com/ruanyifeng
[2025-06-05 04:33:55] - https://www.loyhome.com/feed
[2025-06-05 05:24:36] 本次订阅抓取结果统计:
[2025-06-05 05:24:36] 共 28 条RSS, 成功抓取 26 条.
[2025-06-05 05:24:36] ✘ 有 2 条订阅解析失败:
[2025-06-05 05:24:36] - https://tcxx.info/feed
[2025-06-05 05:24:36] - https://www.shephe.com/feed
[2025-06-05 05:24:36] ✘ 有 2 条订阅头像无法访问, 已使用默认头像:
[2025-06-05 05:24:36] - http://feeds.feedburner.com/ruanyifeng
[2025-06-05 05:24:36] - https://www.loyhome.com/feed
