[2025-07-15 02:02:12] 本次订阅抓取结果统计:
[2025-07-15 02:02:12] 共 28 条RSS, 成功抓取 27 条.
[2025-07-15 02:02:12] ✘ 有 1 条订阅解析失败:
[2025-07-15 02:02:12] - https://tcxx.info/feed
[2025-07-15 02:02:12] ✘ 有 2 条订阅头像无法访问, 已使用默认头像:
[2025-07-15 02:02:12] - https://www.loyhome.com/feed
[2025-07-15 02:02:12] - http://feeds.feedburner.com/ruanyifeng
[2025-07-15 04:00:22] 本次订阅抓取结果统计:
[2025-07-15 04:00:22] 共 28 条RSS, 成功抓取 27 条.
[2025-07-15 04:00:22] ✘ 有 1 条订阅解析失败:
[2025-07-15 04:00:22] - https://tcxx.info/feed
[2025-07-15 04:00:22] ✘ 有 2 条订阅头像无法访问, 已使用默认头像:
[2025-07-15 04:00:22] - http://feeds.feedburner.com/ruanyifeng
[2025-07-15 04:00:22] - https://www.loyhome.com/feed
[2025-07-15 04:47:13] 本次订阅抓取结果统计:
[2025-07-15 04:47:13] 共 28 条RSS, 成功抓取 27 条.
[2025-07-15 04:47:13] ✘ 有 1 条订阅解析失败:
[2025-07-15 04:47:13] - https://tcxx.info/feed
[2025-07-15 04:47:13] ✘ 有 2 条订阅头像无法访问, 已使用默认头像:
[2025-07-15 04:47:13] - http://feeds.feedburner.com/ruanyifeng
[2025-07-15 04:47:13] - https://www.loyhome.com/feed
[2025-07-15 05:27:35] 本次订阅抓取结果统计:
[2025-07-15 05:27:35] 共 28 条RSS, 成功抓取 27 条.
[2025-07-15 05:27:35] ✘ 有 1 条订阅解析失败:
[2025-07-15 05:27:35] - https://tcxx.info/feed
[2025-07-15 05:27:35] ✘ 有 2 条订阅头像无法访问, 已使用默认头像:
[2025-07-15 05:27:35] - http://feeds.feedburner.com/ruanyifeng
[2025-07-15 05:27:35] - https://www.loyhome.com/feed
[2025-07-15 06:36:17] 本次订阅抓取结果统计:
[2025-07-15 06:36:17] 共 28 条RSS, 成功抓取 27 条.
[2025-07-15 06:36:17] ✘ 有 1 条订阅解析失败:
[2025-07-15 06:36:17] - https://tcxx.info/feed
[2025-07-15 06:36:17] ✘ 有 2 条订阅头像无法访问, 已使用默认头像:
[2025-07-15 06:36:17] - https://www.loyhome.com/feed
[2025-07-15 06:36:17] - http://feeds.feedburner.com/ruanyifeng
[2025-07-15 07:24:59] 本次订阅抓取结果统计:
[2025-07-15 07:24:59] 共 28 条RSS, 成功抓取 26 条.
[2025-07-15 07:24:59] ✘ 有 2 条订阅解析失败:
[2025-07-15 07:24:59] - https://www.shephe.com/feed
[2025-07-15 07:24:59] - https://tcxx.info/feed
[2025-07-15 07:24:59] ✘ 有 2 条订阅头像无法访问, 已使用默认头像:
[2025-07-15 07:24:59] - https://www.loyhome.com/feed
[2025-07-15 07:24:59] - http://feeds.feedburner.com/ruanyifeng
[2025-07-15 08:32:09] 本次订阅抓取结果统计:
[2025-07-15 08:32:09] 共 28 条RSS, 成功抓取 27 条.
[2025-07-15 08:32:09] ✘ 有 1 条订阅解析失败:
[2025-07-15 08:32:09] - https://tcxx.info/feed
[2025-07-15 08:32:09] ✘ 有 2 条订阅头像无法访问, 已使用默认头像:
[2025-07-15 08:32:09] - http://feeds.feedburner.com/ruanyifeng
[2025-07-15 08:32:09] - https://www.loyhome.com/feed
[2025-07-15 09:31:51] 本次订阅抓取结果统计:
[2025-07-15 09:31:51] 共 28 条RSS, 成功抓取 27 条.
[2025-07-15 09:31:51] ✘ 有 1 条订阅解析失败:
[2025-07-15 09:31:51] - https://tcxx.info/feed
[2025-07-15 09:31:51] ✘ 有 2 条订阅头像无法访问, 已使用默认头像:
[2025-07-15 09:31:51] - http://feeds.feedburner.com/ruanyifeng
[2025-07-15 09:31:51] - https://www.loyhome.com/feed
[2025-07-15 10:26:14] 本次订阅抓取结果统计:
[2025-07-15 10:26:14] 共 28 条RSS, 成功抓取 27 条.
[2025-07-15 10:26:14] ✘ 有 1 条订阅解析失败:
[2025-07-15 10:26:14] - https://tcxx.info/feed
[2025-07-15 10:26:14] ✘ 有 2 条订阅头像无法访问, 已使用默认头像:
[2025-07-15 10:26:14] - https://www.loyhome.com/feed
[2025-07-15 10:26:14] - http://feeds.feedburner.com/ruanyifeng
[2025-07-15 11:20:38] 本次订阅抓取结果统计:
[2025-07-15 11:20:38] 共 28 条RSS, 成功抓取 27 条.
[2025-07-15 11:20:38] ✘ 有 1 条订阅解析失败:
[2025-07-15 11:20:38] - https://tcxx.info/feed
[2025-07-15 11:20:38] ✘ 有 2 条订阅头像无法访问, 已使用默认头像:
[2025-07-15 11:20:38] - http://feeds.feedburner.com/ruanyifeng
[2025-07-15 11:20:38] - https://www.loyhome.com/feed
