[2025-05-20 01:50:00] 本次订阅抓取结果统计:
[2025-05-20 01:50:00] 共 28 条RSS, 成功抓取 27 条.
[2025-05-20 01:50:00] ✘ 有 1 条订阅解析失败:
[2025-05-20 01:50:00] - https://tcxx.info/feed
[2025-05-20 01:50:00] ✘ 有 2 条订阅头像无法访问, 已使用默认头像:
[2025-05-20 01:50:00] - http://feeds.feedburner.com/ruanyifeng
[2025-05-20 01:50:00] - https://www.loyhome.com/feed
[2025-05-20 03:13:56] 本次订阅抓取结果统计:
[2025-05-20 03:13:56] 共 28 条RSS, 成功抓取 27 条.
[2025-05-20 03:13:56] ✘ 有 1 条订阅解析失败:
[2025-05-20 03:13:56] - https://tcxx.info/feed
[2025-05-20 03:13:56] ✘ 有 2 条订阅头像无法访问, 已使用默认头像:
[2025-05-20 03:13:56] - http://feeds.feedburner.com/ruanyifeng
[2025-05-20 03:13:56] - https://www.loyhome.com/feed
[2025-05-20 04:26:56] 本次订阅抓取结果统计:
[2025-05-20 04:26:56] 共 28 条RSS, 成功抓取 27 条.
[2025-05-20 04:26:56] ✘ 有 1 条订阅解析失败:
[2025-05-20 04:26:56] - https://tcxx.info/feed
[2025-05-20 04:26:56] ✘ 有 2 条订阅头像无法访问, 已使用默认头像:
[2025-05-20 04:26:56] - http://feeds.feedburner.com/ruanyifeng
[2025-05-20 04:26:56] - https://www.loyhome.com/feed
