[2025-08-10 02:07:13] 本次订阅抓取结果统计:
[2025-08-10 02:07:13] 共 28 条RSS, 成功抓取 26 条.
[2025-08-10 02:07:13] ✘ 有 2 条订阅解析失败:
[2025-08-10 02:07:13] - https://tcxx.info/feed
[2025-08-10 02:07:13] - https://tumutanzi.com/feed
[2025-08-10 02:07:13] ✘ 有 2 条订阅头像无法访问, 已使用默认头像:
[2025-08-10 02:07:13] - http://feeds.feedburner.com/ruanyifeng
[2025-08-10 02:07:13] - https://www.loyhome.com/feed
[2025-08-10 04:05:03] 本次订阅抓取结果统计:
[2025-08-10 04:05:03] 共 28 条RSS, 成功抓取 26 条.
[2025-08-10 04:05:03] ✘ 有 2 条订阅解析失败:
[2025-08-10 04:05:03] - https://tumutanzi.com/feed
[2025-08-10 04:05:03] - https://tcxx.info/feed
[2025-08-10 04:05:03] ✘ 有 2 条订阅头像无法访问, 已使用默认头像:
[2025-08-10 04:05:03] - http://feeds.feedburner.com/ruanyifeng
[2025-08-10 04:05:03] - https://www.loyhome.com/feed
[2025-08-10 05:26:25] 本次订阅抓取结果统计:
[2025-08-10 05:26:25] 共 28 条RSS, 成功抓取 26 条.
[2025-08-10 05:26:25] ✘ 有 2 条订阅解析失败:
[2025-08-10 05:26:25] - https://tcxx.info/feed
[2025-08-10 05:26:25] - https://tumutanzi.com/feed
[2025-08-10 05:26:25] ✘ 有 2 条订阅头像无法访问, 已使用默认头像:
[2025-08-10 05:26:25] - http://feeds.feedburner.com/ruanyifeng
[2025-08-10 05:26:25] - https://www.loyhome.com/feed
