[2025-08-14 01:54:24] 本次订阅抓取结果统计:
[2025-08-14 01:54:24] 共 28 条RSS, 成功抓取 26 条.
[2025-08-14 01:54:24] ✘ 有 2 条订阅解析失败:
[2025-08-14 01:54:24] - https://tcxx.info/feed
[2025-08-14 01:54:24] - https://tumutanzi.com/feed
[2025-08-14 01:54:24] ✘ 有 2 条订阅头像无法访问, 已使用默认头像:
[2025-08-14 01:54:24] - http://feeds.feedburner.com/ruanyifeng
[2025-08-14 01:54:24] - https://www.loyhome.com/feed
[2025-08-14 03:22:12] 本次订阅抓取结果统计:
[2025-08-14 03:22:12] 共 28 条RSS, 成功抓取 26 条.
[2025-08-14 03:22:12] ✘ 有 2 条订阅解析失败:
[2025-08-14 03:22:12] - https://tcxx.info/feed
[2025-08-14 03:22:12] - https://tumutanzi.com/feed
[2025-08-14 03:22:12] ✘ 有 2 条订阅头像无法访问, 已使用默认头像:
[2025-08-14 03:22:12] - http://feeds.feedburner.com/ruanyifeng
[2025-08-14 03:22:12] - https://www.loyhome.com/feed
[2025-08-14 04:33:05] 本次订阅抓取结果统计:
[2025-08-14 04:33:05] 共 28 条RSS, 成功抓取 26 条.
[2025-08-14 04:33:05] ✘ 有 2 条订阅解析失败:
[2025-08-14 04:33:05] - https://tcxx.info/feed
[2025-08-14 04:33:05] - https://tumutanzi.com/feed
[2025-08-14 04:33:05] ✘ 有 2 条订阅头像无法访问, 已使用默认头像:
[2025-08-14 04:33:05] - http://feeds.feedburner.com/ruanyifeng
[2025-08-14 04:33:05] - https://www.loyhome.com/feed
[2025-08-14 05:23:34] 本次订阅抓取结果统计:
[2025-08-14 05:23:34] 共 28 条RSS, 成功抓取 26 条.
[2025-08-14 05:23:34] ✘ 有 2 条订阅解析失败:
[2025-08-14 05:23:34] - https://tcxx.info/feed
[2025-08-14 05:23:34] - https://tumutanzi.com/feed
[2025-08-14 05:23:34] ✘ 有 2 条订阅头像无法访问, 已使用默认头像:
[2025-08-14 05:23:34] - https://www.loyhome.com/feed
[2025-08-14 05:23:34] - http://feeds.feedburner.com/ruanyifeng
[2025-08-14 06:35:39] 本次订阅抓取结果统计:
[2025-08-14 06:35:39] 共 28 条RSS, 成功抓取 26 条.
[2025-08-14 06:35:39] ✘ 有 2 条订阅解析失败:
[2025-08-14 06:35:39] - https://tcxx.info/feed
[2025-08-14 06:35:39] - https://tumutanzi.com/feed
[2025-08-14 06:35:39] ✘ 有 2 条订阅头像无法访问, 已使用默认头像:
[2025-08-14 06:35:39] - http://feeds.feedburner.com/ruanyifeng
[2025-08-14 06:35:39] - https://www.loyhome.com/feed
[2025-08-14 07:23:42] 本次订阅抓取结果统计:
[2025-08-14 07:23:42] 共 28 条RSS, 成功抓取 26 条.
[2025-08-14 07:23:42] ✘ 有 2 条订阅解析失败:
[2025-08-14 07:23:42] - https://tcxx.info/feed
[2025-08-14 07:23:42] - https://tumutanzi.com/feed
[2025-08-14 07:23:42] ✘ 有 2 条订阅头像无法访问, 已使用默认头像:
[2025-08-14 07:23:42] - http://feeds.feedburner.com/ruanyifeng
[2025-08-14 07:23:42] - https://www.loyhome.com/feed
[2025-08-14 08:32:36] 本次订阅抓取结果统计:
[2025-08-14 08:32:36] 共 28 条RSS, 成功抓取 25 条.
[2025-08-14 08:32:36] ✘ 有 3 条订阅解析失败:
[2025-08-14 08:32:36] - https://tcxx.info/feed
[2025-08-14 08:32:36] - https://tumutanzi.com/feed
[2025-08-14 08:32:36] - https://blog.yanqingshan.com/feed
[2025-08-14 08:32:36] ✘ 有 2 条订阅头像无法访问, 已使用默认头像:
[2025-08-14 08:32:36] - http://feeds.feedburner.com/ruanyifeng
[2025-08-14 08:32:36] - https://www.loyhome.com/feed
[2025-08-14 09:27:42] 本次订阅抓取结果统计:
[2025-08-14 09:27:42] 共 28 条RSS, 成功抓取 26 条.
[2025-08-14 09:27:42] ✘ 有 2 条订阅解析失败:
[2025-08-14 09:27:42] - https://tumutanzi.com/feed
[2025-08-14 09:27:42] - https://tcxx.info/feed
[2025-08-14 09:27:42] ✘ 有 2 条订阅头像无法访问, 已使用默认头像:
[2025-08-14 09:27:42] - http://feeds.feedburner.com/ruanyifeng
[2025-08-14 09:27:42] - https://www.loyhome.com/feed
[2025-08-14 10:26:06] 本次订阅抓取结果统计:
[2025-08-14 10:26:06] 共 28 条RSS, 成功抓取 26 条.
[2025-08-14 10:26:06] ✘ 有 2 条订阅解析失败:
[2025-08-14 10:26:06] - https://tumutanzi.com/feed
[2025-08-14 10:26:06] - https://tcxx.info/feed
[2025-08-14 10:26:06] ✘ 有 2 条订阅头像无法访问, 已使用默认头像:
[2025-08-14 10:26:06] - http://feeds.feedburner.com/ruanyifeng
[2025-08-14 10:26:06] - https://www.loyhome.com/feed
[2025-08-14 11:20:16] 本次订阅抓取结果统计:
[2025-08-14 11:20:16] 共 28 条RSS, 成功抓取 26 条.
[2025-08-14 11:20:16] ✘ 有 2 条订阅解析失败:
[2025-08-14 11:20:16] - https://tcxx.info/feed
[2025-08-14 11:20:16] - https://tumutanzi.com/feed
[2025-08-14 11:20:16] ✘ 有 2 条订阅头像无法访问, 已使用默认头像:
[2025-08-14 11:20:16] - http://feeds.feedburner.com/ruanyifeng
[2025-08-14 11:20:16] - https://www.loyhome.com/feed
[2025-08-14 12:50:40] 本次订阅抓取结果统计:
[2025-08-14 12:50:40] 共 28 条RSS, 成功抓取 26 条.
[2025-08-14 12:50:40] ✘ 有 2 条订阅解析失败:
[2025-08-14 12:50:40] - https://tcxx.info/feed
[2025-08-14 12:50:40] - https://tumutanzi.com/feed
[2025-08-14 12:50:40] ✘ 有 2 条订阅头像无法访问, 已使用默认头像:
[2025-08-14 12:50:40] - http://feeds.feedburner.com/ruanyifeng
[2025-08-14 12:50:40] - https://www.loyhome.com/feed
[2025-08-14 13:37:40] 本次订阅抓取结果统计:
[2025-08-14 13:37:40] 共 28 条RSS, 成功抓取 26 条.
[2025-08-14 13:37:40] ✘ 有 2 条订阅解析失败:
[2025-08-14 13:37:40] - https://tcxx.info/feed
[2025-08-14 13:37:40] - https://tumutanzi.com/feed
[2025-08-14 13:37:40] ✘ 有 2 条订阅头像无法访问, 已使用默认头像:
[2025-08-14 13:37:40] - http://feeds.feedburner.com/ruanyifeng
[2025-08-14 13:37:40] - https://www.loyhome.com/feed
[2025-08-14 14:23:10] 本次订阅抓取结果统计:
[2025-08-14 14:23:10] 共 28 条RSS, 成功抓取 26 条.
[2025-08-14 14:23:10] ✘ 有 2 条订阅解析失败:
[2025-08-14 14:23:10] - https://tcxx.info/feed
[2025-08-14 14:23:10] - https://tumutanzi.com/feed
[2025-08-14 14:23:10] ✘ 有 2 条订阅头像无法访问, 已使用默认头像:
[2025-08-14 14:23:10] - http://feeds.feedburner.com/ruanyifeng
[2025-08-14 14:23:10] - https://www.loyhome.com/feed
[2025-08-14 15:25:30] 本次订阅抓取结果统计:
[2025-08-14 15:25:30] 共 28 条RSS, 成功抓取 26 条.
[2025-08-14 15:25:30] ✘ 有 2 条订阅解析失败:
[2025-08-14 15:25:30] - https://tumutanzi.com/feed
[2025-08-14 15:25:30] - https://tcxx.info/feed
[2025-08-14 15:25:30] ✘ 有 2 条订阅头像无法访问, 已使用默认头像:
[2025-08-14 15:25:30] - http://feeds.feedburner.com/ruanyifeng
[2025-08-14 15:25:30] - https://www.loyhome.com/feed
[2025-08-14 16:30:21] 本次订阅抓取结果统计:
[2025-08-14 16:30:21] 共 28 条RSS, 成功抓取 26 条.
[2025-08-14 16:30:21] ✘ 有 2 条订阅解析失败:
[2025-08-14 16:30:21] - https://tcxx.info/feed
[2025-08-14 16:30:21] - https://tumutanzi.com/feed
[2025-08-14 16:30:21] ✘ 有 2 条订阅头像无法访问, 已使用默认头像:
[2025-08-14 16:30:21] - https://www.loyhome.com/feed
[2025-08-14 16:30:21] - http://feeds.feedburner.com/ruanyifeng
[2025-08-14 17:20:29] 本次订阅抓取结果统计:
[2025-08-14 17:20:29] 共 28 条RSS, 成功抓取 26 条.
[2025-08-14 17:20:29] ✘ 有 2 条订阅解析失败:
[2025-08-14 17:20:29] - https://tumutanzi.com/feed
[2025-08-14 17:20:29] - https://tcxx.info/feed
[2025-08-14 17:20:29] ✘ 有 2 条订阅头像无法访问, 已使用默认头像:
[2025-08-14 17:20:29] - https://www.loyhome.com/feed
[2025-08-14 17:20:29] - http://feeds.feedburner.com/ruanyifeng
[2025-08-14 18:34:09] 本次订阅抓取结果统计:
[2025-08-14 18:34:09] 共 28 条RSS, 成功抓取 26 条.
[2025-08-14 18:34:09] ✘ 有 2 条订阅解析失败:
[2025-08-14 18:34:09] - https://tcxx.info/feed
[2025-08-14 18:34:09] - https://tumutanzi.com/feed
[2025-08-14 18:34:09] ✘ 有 2 条订阅头像无法访问, 已使用默认头像:
[2025-08-14 18:34:09] - http://feeds.feedburner.com/ruanyifeng
[2025-08-14 18:34:09] - https://www.loyhome.com/feed
[2025-08-14 19:18:28] 本次订阅抓取结果统计:
[2025-08-14 19:18:28] 共 28 条RSS, 成功抓取 26 条.
[2025-08-14 19:18:28] ✘ 有 2 条订阅解析失败:
[2025-08-14 19:18:28] - https://tcxx.info/feed
[2025-08-14 19:18:28] - https://tumutanzi.com/feed
[2025-08-14 19:18:28] ✘ 有 2 条订阅头像无法访问, 已使用默认头像:
[2025-08-14 19:18:28] - http://feeds.feedburner.com/ruanyifeng
[2025-08-14 19:18:28] - https://www.loyhome.com/feed
[2025-08-14 20:26:12] 本次订阅抓取结果统计:
[2025-08-14 20:26:12] 共 28 条RSS, 成功抓取 26 条.
[2025-08-14 20:26:12] ✘ 有 2 条订阅解析失败:
[2025-08-14 20:26:12] - https://tumutanzi.com/feed
[2025-08-14 20:26:12] - https://tcxx.info/feed
[2025-08-14 20:26:12] ✘ 有 2 条订阅头像无法访问, 已使用默认头像:
[2025-08-14 20:26:12] - https://www.loyhome.com/feed
[2025-08-14 20:26:12] - http://feeds.feedburner.com/ruanyifeng
[2025-08-14 21:21:33] 本次订阅抓取结果统计:
[2025-08-14 21:21:33] 共 28 条RSS, 成功抓取 26 条.
[2025-08-14 21:21:33] ✘ 有 2 条订阅解析失败:
[2025-08-14 21:21:33] - https://tumutanzi.com/feed
[2025-08-14 21:21:33] - https://tcxx.info/feed
[2025-08-14 21:21:33] ✘ 有 2 条订阅头像无法访问, 已使用默认头像:
[2025-08-14 21:21:33] - https://www.loyhome.com/feed
[2025-08-14 21:21:33] - http://feeds.feedburner.com/ruanyifeng
