[2025-03-14 03:02:12] 本次订阅抓取结果统计:
[2025-03-14 03:02:12] 共 28 条RSS, 成功抓取 26 条.
[2025-03-14 03:02:12] ✘ 有 2 条订阅解析失败:
[2025-03-14 03:02:12] - https://tcxx.info/feed
[2025-03-14 03:02:12] - https://blog.yanqingshan.com/feed
[2025-03-14 03:02:12] ✘ 有 2 条订阅头像无法访问, 已使用默认头像:
[2025-03-14 03:02:12] - http://feeds.feedburner.com/ruanyifeng
[2025-03-14 03:02:12] - https://www.loyhome.com/feed
[2025-03-14 04:39:15] 本次订阅抓取结果统计:
[2025-03-14 04:39:15] 共 28 条RSS, 成功抓取 27 条.
[2025-03-14 04:39:15] ✘ 有 1 条订阅解析失败:
[2025-03-14 04:39:15] - https://tcxx.info/feed
[2025-03-14 04:39:15] ✘ 有 2 条订阅头像无法访问, 已使用默认头像:
[2025-03-14 04:39:15] - http://feeds.feedburner.com/ruanyifeng
[2025-03-14 04:39:15] - https://www.loyhome.com/feed
[2025-03-14 05:34:21] 本次订阅抓取结果统计:
[2025-03-14 05:34:21] 共 28 条RSS, 成功抓取 27 条.
[2025-03-14 05:34:21] ✘ 有 1 条订阅解析失败:
[2025-03-14 05:34:21] - https://tcxx.info/feed
[2025-03-14 05:34:21] ✘ 有 2 条订阅头像无法访问, 已使用默认头像:
[2025-03-14 05:34:21] - http://feeds.feedburner.com/ruanyifeng
[2025-03-14 05:34:21] - https://www.loyhome.com/feed
[2025-03-14 06:45:55] 本次订阅抓取结果统计:
[2025-03-14 06:45:55] 共 28 条RSS, 成功抓取 27 条.
[2025-03-14 06:45:55] ✘ 有 1 条订阅解析失败:
[2025-03-14 06:45:55] - https://tcxx.info/feed
[2025-03-14 06:45:55] ✘ 有 2 条订阅头像无法访问, 已使用默认头像:
[2025-03-14 06:45:55] - http://feeds.feedburner.com/ruanyifeng
[2025-03-14 06:45:55] - https://www.loyhome.com/feed
[2025-03-14 07:30:05] 本次订阅抓取结果统计:
[2025-03-14 07:30:05] 共 28 条RSS, 成功抓取 27 条.
[2025-03-14 07:30:05] ✘ 有 1 条订阅解析失败:
[2025-03-14 07:30:05] - https://tcxx.info/feed
[2025-03-14 07:30:05] ✘ 有 2 条订阅头像无法访问, 已使用默认头像:
[2025-03-14 07:30:05] - http://feeds.feedburner.com/ruanyifeng
[2025-03-14 07:30:05] - https://www.loyhome.com/feed
[2025-03-14 08:40:03] 本次订阅抓取结果统计:
[2025-03-14 08:40:03] 共 28 条RSS, 成功抓取 27 条.
[2025-03-14 08:40:03] ✘ 有 1 条订阅解析失败:
[2025-03-14 08:40:03] - https://tcxx.info/feed
[2025-03-14 08:40:03] ✘ 有 2 条订阅头像无法访问, 已使用默认头像:
[2025-03-14 08:40:03] - http://feeds.feedburner.com/ruanyifeng
[2025-03-14 08:40:03] - https://www.loyhome.com/feed
[2025-03-14 09:32:12] 本次订阅抓取结果统计:
[2025-03-14 09:32:12] 共 28 条RSS, 成功抓取 27 条.
[2025-03-14 09:32:12] ✘ 有 1 条订阅解析失败:
[2025-03-14 09:32:12] - https://tcxx.info/feed
[2025-03-14 09:32:12] ✘ 有 2 条订阅头像无法访问, 已使用默认头像:
[2025-03-14 09:32:12] - http://feeds.feedburner.com/ruanyifeng
[2025-03-14 09:32:12] - https://www.loyhome.com/feed
[2025-03-14 10:38:50] 本次订阅抓取结果统计:
[2025-03-14 10:38:50] 共 28 条RSS, 成功抓取 27 条.
[2025-03-14 10:38:50] ✘ 有 1 条订阅解析失败:
[2025-03-14 10:38:50] - https://tcxx.info/feed
[2025-03-14 10:38:50] ✘ 有 2 条订阅头像无法访问, 已使用默认头像:
[2025-03-14 10:38:50] - http://feeds.feedburner.com/ruanyifeng
[2025-03-14 10:38:50] - https://www.loyhome.com/feed
[2025-03-14 11:25:24] 本次订阅抓取结果统计:
[2025-03-14 11:25:24] 共 28 条RSS, 成功抓取 27 条.
[2025-03-14 11:25:24] ✘ 有 1 条订阅解析失败:
[2025-03-14 11:25:24] - https://tcxx.info/feed
[2025-03-14 11:25:24] ✘ 有 3 条订阅头像无法访问, 已使用默认头像:
[2025-03-14 11:25:24] - http://feeds.feedburner.com/ruanyifeng
[2025-03-14 11:25:24] - https://www.loyhome.com/feed
[2025-03-14 11:25:24] - https://xyzbz.cn/feed
[2025-03-14 13:04:53] 本次订阅抓取结果统计:
[2025-03-14 13:04:53] 共 28 条RSS, 成功抓取 27 条.
[2025-03-14 13:04:53] ✘ 有 1 条订阅解析失败:
[2025-03-14 13:04:53] - https://tcxx.info/feed
[2025-03-14 13:04:53] ✘ 有 2 条订阅头像无法访问, 已使用默认头像:
[2025-03-14 13:04:53] - http://feeds.feedburner.com/ruanyifeng
[2025-03-14 13:04:53] - https://www.loyhome.com/feed
[2025-03-14 14:38:04] 本次订阅抓取结果统计:
[2025-03-14 14:38:04] 共 28 条RSS, 成功抓取 26 条.
[2025-03-14 14:38:04] ✘ 有 2 条订阅解析失败:
[2025-03-14 14:38:04] - https://tcxx.info/feed
[2025-03-14 14:38:04] - https://blog.yanqingshan.com/feed
[2025-03-14 14:38:04] ✘ 有 2 条订阅头像无法访问, 已使用默认头像:
[2025-03-14 14:38:04] - http://feeds.feedburner.com/ruanyifeng
[2025-03-14 14:38:04] - https://www.loyhome.com/feed
