[2025-12-07 02:01:12] 本次订阅抓取结果统计:
[2025-12-07 02:01:12] 共 28 条RSS, 成功抓取 25 条.
[2025-12-07 02:01:12] ✘ 有 3 条订阅解析失败:
[2025-12-07 02:01:12] - https://tumutanzi.com/feed
[2025-12-07 02:01:12] - https://tcxx.info/feed
[2025-12-07 02:01:12] - https://geekinney.com/index.xml
[2025-12-07 02:01:12] ✘ 有 2 条订阅头像无法访问, 已使用默认头像:
[2025-12-07 02:01:12] - http://feeds.feedburner.com/ruanyifeng
[2025-12-07 02:01:12] - https://www.loyhome.com/feed
[2025-12-07 03:57:44] 本次订阅抓取结果统计:
[2025-12-07 03:57:44] 共 28 条RSS, 成功抓取 25 条.
[2025-12-07 03:57:44] ✘ 有 3 条订阅解析失败:
[2025-12-07 03:57:44] - https://tcxx.info/feed
[2025-12-07 03:57:44] - https://tumutanzi.com/feed
[2025-12-07 03:57:44] - https://geekinney.com/index.xml
[2025-12-07 03:57:44] ✘ 有 2 条订阅头像无法访问, 已使用默认头像:
[2025-12-07 03:57:44] - http://feeds.feedburner.com/ruanyifeng
[2025-12-07 03:57:44] - https://www.loyhome.com/feed
[2025-12-07 04:37:19] 本次订阅抓取结果统计:
[2025-12-07 04:37:19] 共 28 条RSS, 成功抓取 25 条.
[2025-12-07 04:37:19] ✘ 有 3 条订阅解析失败:
[2025-12-07 04:37:19] - https://tcxx.info/feed
[2025-12-07 04:37:19] - https://tumutanzi.com/feed
[2025-12-07 04:37:19] - https://geekinney.com/index.xml
[2025-12-07 04:37:19] ✘ 有 2 条订阅头像无法访问, 已使用默认头像:
[2025-12-07 04:37:19] - http://feeds.feedburner.com/ruanyifeng
[2025-12-07 04:37:19] - https://www.loyhome.com/feed
