[2025-08-31 01:48:07] 本次订阅抓取结果统计:
[2025-08-31 01:48:07] 共 28 条RSS, 成功抓取 25 条.
[2025-08-31 01:48:07] ✘ 有 3 条订阅解析失败:
[2025-08-31 01:48:07] - https://tcxx.info/feed
[2025-08-31 01:48:07] - https://tumutanzi.com/feed
[2025-08-31 01:48:07] - https://geekinney.com/index.xml
[2025-08-31 01:48:07] ✘ 有 3 条订阅头像无法访问, 已使用默认头像:
[2025-08-31 01:48:07] - https://hwv430.blogspot.com/feeds/posts/default
[2025-08-31 01:48:07] - http://feeds.feedburner.com/ruanyifeng
[2025-08-31 01:48:07] - https://www.loyhome.com/feed
[2025-08-31 03:08:42] 本次订阅抓取结果统计:
[2025-08-31 03:08:42] 共 28 条RSS, 成功抓取 25 条.
[2025-08-31 03:08:42] ✘ 有 3 条订阅解析失败:
[2025-08-31 03:08:42] - https://tcxx.info/feed
[2025-08-31 03:08:42] - https://tumutanzi.com/feed
[2025-08-31 03:08:42] - https://geekinney.com/index.xml
[2025-08-31 03:08:42] ✘ 有 3 条订阅头像无法访问, 已使用默认头像:
[2025-08-31 03:08:42] - https://hwv430.blogspot.com/feeds/posts/default
[2025-08-31 03:08:42] - http://feeds.feedburner.com/ruanyifeng
[2025-08-31 03:08:42] - https://www.loyhome.com/feed
[2025-08-31 04:25:09] 本次订阅抓取结果统计:
[2025-08-31 04:25:09] 共 28 条RSS, 成功抓取 25 条.
[2025-08-31 04:25:09] ✘ 有 3 条订阅解析失败:
[2025-08-31 04:25:09] - https://tumutanzi.com/feed
[2025-08-31 04:25:09] - https://tcxx.info/feed
[2025-08-31 04:25:09] - https://geekinney.com/index.xml
[2025-08-31 04:25:09] ✘ 有 3 条订阅头像无法访问, 已使用默认头像:
[2025-08-31 04:25:09] - https://hwv430.blogspot.com/feeds/posts/default
[2025-08-31 04:25:09] - http://feeds.feedburner.com/ruanyifeng
[2025-08-31 04:25:09] - https://www.loyhome.com/feed
[2025-08-31 05:19:46] 本次订阅抓取结果统计:
[2025-08-31 05:19:46] 共 28 条RSS, 成功抓取 25 条.
[2025-08-31 05:19:46] ✘ 有 3 条订阅解析失败:
[2025-08-31 05:19:46] - https://tcxx.info/feed
[2025-08-31 05:19:46] - https://tumutanzi.com/feed
[2025-08-31 05:19:46] - https://geekinney.com/index.xml
[2025-08-31 05:19:46] ✘ 有 3 条订阅头像无法访问, 已使用默认头像:
[2025-08-31 05:19:46] - https://hwv430.blogspot.com/feeds/posts/default
[2025-08-31 05:19:46] - http://feeds.feedburner.com/ruanyifeng
[2025-08-31 05:19:46] - https://www.loyhome.com/feed
[2025-08-31 06:29:34] 本次订阅抓取结果统计:
[2025-08-31 06:29:34] 共 28 条RSS, 成功抓取 25 条.
[2025-08-31 06:29:34] ✘ 有 3 条订阅解析失败:
[2025-08-31 06:29:34] - https://tumutanzi.com/feed
[2025-08-31 06:29:34] - https://tcxx.info/feed
[2025-08-31 06:29:34] - https://geekinney.com/index.xml
[2025-08-31 06:29:34] ✘ 有 3 条订阅头像无法访问, 已使用默认头像:
[2025-08-31 06:29:34] - https://hwv430.blogspot.com/feeds/posts/default
[2025-08-31 06:29:34] - http://feeds.feedburner.com/ruanyifeng
[2025-08-31 06:29:34] - https://www.loyhome.com/feed
[2025-08-31 07:18:55] 本次订阅抓取结果统计:
[2025-08-31 07:18:55] 共 28 条RSS, 成功抓取 25 条.
[2025-08-31 07:18:55] ✘ 有 3 条订阅解析失败:
[2025-08-31 07:18:55] - https://tumutanzi.com/feed
[2025-08-31 07:18:55] - https://tcxx.info/feed
[2025-08-31 07:18:55] - https://geekinney.com/index.xml
[2025-08-31 07:18:55] ✘ 有 2 条订阅头像无法访问, 已使用默认头像:
[2025-08-31 07:18:55] - http://feeds.feedburner.com/ruanyifeng
[2025-08-31 07:18:55] - https://www.loyhome.com/feed
[2025-08-31 08:25:02] 本次订阅抓取结果统计:
[2025-08-31 08:25:02] 共 28 条RSS, 成功抓取 25 条.
[2025-08-31 08:25:02] ✘ 有 3 条订阅解析失败:
[2025-08-31 08:25:02] - https://tcxx.info/feed
[2025-08-31 08:25:02] - https://tumutanzi.com/feed
[2025-08-31 08:25:02] - https://geekinney.com/index.xml
[2025-08-31 08:25:02] ✘ 有 3 条订阅头像无法访问, 已使用默认头像:
[2025-08-31 08:25:02] - https://hwv430.blogspot.com/feeds/posts/default
[2025-08-31 08:25:02] - http://feeds.feedburner.com/ruanyifeng
[2025-08-31 08:25:02] - https://www.loyhome.com/feed
[2025-08-31 09:19:24] 本次订阅抓取结果统计:
[2025-08-31 09:19:24] 共 28 条RSS, 成功抓取 25 条.
[2025-08-31 09:19:24] ✘ 有 3 条订阅解析失败:
[2025-08-31 09:19:24] - https://tcxx.info/feed
[2025-08-31 09:19:24] - https://tumutanzi.com/feed
[2025-08-31 09:19:24] - https://geekinney.com/index.xml
[2025-08-31 09:19:24] ✘ 有 3 条订阅头像无法访问, 已使用默认头像:
[2025-08-31 09:19:24] - https://hwv430.blogspot.com/feeds/posts/default
[2025-08-31 09:19:24] - https://www.loyhome.com/feed
[2025-08-31 09:19:24] - http://feeds.feedburner.com/ruanyifeng
[2025-08-31 10:19:42] 本次订阅抓取结果统计:
[2025-08-31 10:19:42] 共 28 条RSS, 成功抓取 25 条.
[2025-08-31 10:19:42] ✘ 有 3 条订阅解析失败:
[2025-08-31 10:19:42] - https://tcxx.info/feed
[2025-08-31 10:19:42] - https://tumutanzi.com/feed
[2025-08-31 10:19:42] - https://geekinney.com/index.xml
[2025-08-31 10:19:42] ✘ 有 3 条订阅头像无法访问, 已使用默认头像:
[2025-08-31 10:19:42] - https://hwv430.blogspot.com/feeds/posts/default
[2025-08-31 10:19:42] - http://feeds.feedburner.com/ruanyifeng
[2025-08-31 10:19:42] - https://www.loyhome.com/feed
[2025-08-31 11:15:54] 本次订阅抓取结果统计:
[2025-08-31 11:15:54] 共 28 条RSS, 成功抓取 25 条.
[2025-08-31 11:15:54] ✘ 有 3 条订阅解析失败:
[2025-08-31 11:15:54] - https://tcxx.info/feed
[2025-08-31 11:15:54] - https://tumutanzi.com/feed
[2025-08-31 11:15:54] - https://geekinney.com/index.xml
[2025-08-31 11:15:54] ✘ 有 3 条订阅头像无法访问, 已使用默认头像:
[2025-08-31 11:15:54] - https://hwv430.blogspot.com/feeds/posts/default
[2025-08-31 11:15:54] - http://feeds.feedburner.com/ruanyifeng
[2025-08-31 11:15:54] - https://www.loyhome.com/feed
[2025-08-31 12:39:42] 本次订阅抓取结果统计:
[2025-08-31 12:39:42] 共 28 条RSS, 成功抓取 25 条.
[2025-08-31 12:39:42] ✘ 有 3 条订阅解析失败:
[2025-08-31 12:39:42] - https://tcxx.info/feed
[2025-08-31 12:39:42] - https://tumutanzi.com/feed
[2025-08-31 12:39:42] - https://geekinney.com/index.xml
[2025-08-31 12:39:42] ✘ 有 3 条订阅头像无法访问, 已使用默认头像:
[2025-08-31 12:39:42] - https://hwv430.blogspot.com/feeds/posts/default
[2025-08-31 12:39:42] - http://feeds.feedburner.com/ruanyifeng
[2025-08-31 12:39:42] - https://www.loyhome.com/feed
[2025-08-31 13:25:15] 本次订阅抓取结果统计:
[2025-08-31 13:25:15] 共 28 条RSS, 成功抓取 25 条.
[2025-08-31 13:25:15] ✘ 有 3 条订阅解析失败:
[2025-08-31 13:25:15] - https://tcxx.info/feed
[2025-08-31 13:25:15] - https://tumutanzi.com/feed
[2025-08-31 13:25:15] - https://geekinney.com/index.xml
[2025-08-31 13:25:15] ✘ 有 4 条订阅头像无法访问, 已使用默认头像:
[2025-08-31 13:25:15] - https://hwv430.blogspot.com/feeds/posts/default
[2025-08-31 13:25:15] - http://feeds.feedburner.com/ruanyifeng
[2025-08-31 13:25:15] - https://www.loyhome.com/feed
[2025-08-31 13:25:15] - https://xyzbz.cn/feed
[2025-08-31 14:18:01] 本次订阅抓取结果统计:
[2025-08-31 14:18:01] 共 28 条RSS, 成功抓取 25 条.
[2025-08-31 14:18:01] ✘ 有 3 条订阅解析失败:
[2025-08-31 14:18:01] - https://tcxx.info/feed
[2025-08-31 14:18:01] - https://tumutanzi.com/feed
[2025-08-31 14:18:01] - https://geekinney.com/index.xml
[2025-08-31 14:18:01] ✘ 有 3 条订阅头像无法访问, 已使用默认头像:
[2025-08-31 14:18:01] - https://hwv430.blogspot.com/feeds/posts/default
[2025-08-31 14:18:01] - http://feeds.feedburner.com/ruanyifeng
[2025-08-31 14:18:01] - https://www.loyhome.com/feed
[2025-08-31 15:19:44] 本次订阅抓取结果统计:
[2025-08-31 15:19:44] 共 28 条RSS, 成功抓取 25 条.
[2025-08-31 15:19:44] ✘ 有 3 条订阅解析失败:
[2025-08-31 15:19:44] - https://tcxx.info/feed
[2025-08-31 15:19:44] - https://tumutanzi.com/feed
[2025-08-31 15:19:44] - https://geekinney.com/index.xml
[2025-08-31 15:19:44] ✘ 有 3 条订阅头像无法访问, 已使用默认头像:
[2025-08-31 15:19:44] - https://hwv430.blogspot.com/feeds/posts/default
[2025-08-31 15:19:44] - http://feeds.feedburner.com/ruanyifeng
[2025-08-31 15:19:44] - https://www.loyhome.com/feed
[2025-08-31 16:24:10] 本次订阅抓取结果统计:
[2025-08-31 16:24:10] 共 28 条RSS, 成功抓取 25 条.
[2025-08-31 16:24:10] ✘ 有 3 条订阅解析失败:
[2025-08-31 16:24:10] - https://tumutanzi.com/feed
[2025-08-31 16:24:10] - https://tcxx.info/feed
[2025-08-31 16:24:10] - https://geekinney.com/index.xml
[2025-08-31 16:24:10] ✘ 有 3 条订阅头像无法访问, 已使用默认头像:
[2025-08-31 16:24:10] - https://hwv430.blogspot.com/feeds/posts/default
[2025-08-31 16:24:10] - http://feeds.feedburner.com/ruanyifeng
[2025-08-31 16:24:10] - https://www.loyhome.com/feed
[2025-08-31 17:16:53] 本次订阅抓取结果统计:
[2025-08-31 17:16:53] 共 28 条RSS, 成功抓取 25 条.
[2025-08-31 17:16:53] ✘ 有 3 条订阅解析失败:
[2025-08-31 17:16:53] - https://tcxx.info/feed
[2025-08-31 17:16:53] - https://tumutanzi.com/feed
[2025-08-31 17:16:53] - https://geekinney.com/index.xml
[2025-08-31 17:16:53] ✘ 有 3 条订阅头像无法访问, 已使用默认头像:
[2025-08-31 17:16:53] - https://hwv430.blogspot.com/feeds/posts/default
[2025-08-31 17:16:53] - http://feeds.feedburner.com/ruanyifeng
[2025-08-31 17:16:53] - https://www.loyhome.com/feed
[2025-08-31 18:28:03] 本次订阅抓取结果统计:
[2025-08-31 18:28:03] 共 28 条RSS, 成功抓取 25 条.
[2025-08-31 18:28:03] ✘ 有 3 条订阅解析失败:
[2025-08-31 18:28:03] - https://tcxx.info/feed
[2025-08-31 18:28:03] - https://tumutanzi.com/feed
[2025-08-31 18:28:03] - https://geekinney.com/index.xml
[2025-08-31 18:28:03] ✘ 有 3 条订阅头像无法访问, 已使用默认头像:
[2025-08-31 18:28:03] - https://hwv430.blogspot.com/feeds/posts/default
[2025-08-31 18:28:03] - http://feeds.feedburner.com/ruanyifeng
[2025-08-31 18:28:03] - https://www.loyhome.com/feed
[2025-08-31 19:16:05] 本次订阅抓取结果统计:
[2025-08-31 19:16:05] 共 28 条RSS, 成功抓取 25 条.
[2025-08-31 19:16:05] ✘ 有 3 条订阅解析失败:
[2025-08-31 19:16:05] - https://tcxx.info/feed
[2025-08-31 19:16:05] - https://tumutanzi.com/feed
[2025-08-31 19:16:05] - https://geekinney.com/index.xml
[2025-08-31 19:16:05] ✘ 有 2 条订阅头像无法访问, 已使用默认头像:
[2025-08-31 19:16:05] - http://feeds.feedburner.com/ruanyifeng
[2025-08-31 19:16:05] - https://www.loyhome.com/feed
[2025-08-31 20:22:13] 本次订阅抓取结果统计:
[2025-08-31 20:22:13] 共 28 条RSS, 成功抓取 25 条.
[2025-08-31 20:22:13] ✘ 有 3 条订阅解析失败:
[2025-08-31 20:22:13] - https://tcxx.info/feed
[2025-08-31 20:22:13] - https://tumutanzi.com/feed
[2025-08-31 20:22:13] - https://geekinney.com/index.xml
[2025-08-31 20:22:13] ✘ 有 3 条订阅头像无法访问, 已使用默认头像:
[2025-08-31 20:22:13] - https://hwv430.blogspot.com/feeds/posts/default
[2025-08-31 20:22:13] - http://feeds.feedburner.com/ruanyifeng
[2025-08-31 20:22:13] - https://www.loyhome.com/feed
