[2025-03-17 03:06:50] 本次订阅抓取结果统计:
[2025-03-17 03:06:50] 共 28 条RSS, 成功抓取 28 条.
[2025-03-17 03:06:50] ✘ 有 2 条订阅头像无法访问, 已使用默认头像:
[2025-03-17 03:06:50] - https://www.loyhome.com/feed
[2025-03-17 03:06:50] - http://feeds.feedburner.com/ruanyifeng
[2025-03-17 04:41:35] 本次订阅抓取结果统计:
[2025-03-17 04:41:35] 共 28 条RSS, 成功抓取 27 条.
[2025-03-17 04:41:35] ✘ 有 1 条订阅解析失败:
[2025-03-17 04:41:35] - https://tcxx.info/feed
[2025-03-17 04:41:35] ✘ 有 2 条订阅头像无法访问, 已使用默认头像:
[2025-03-17 04:41:35] - http://feeds.feedburner.com/ruanyifeng
[2025-03-17 04:41:35] - https://www.loyhome.com/feed
[2025-03-17 05:36:55] 本次订阅抓取结果统计:
[2025-03-17 05:36:55] 共 28 条RSS, 成功抓取 26 条.
[2025-03-17 05:36:55] ✘ 有 2 条订阅解析失败:
[2025-03-17 05:36:55] - https://tcxx.info/feed
[2025-03-17 05:36:55] - https://blog.fooleap.org/atom.xml
[2025-03-17 05:36:55] ✘ 有 2 条订阅头像无法访问, 已使用默认头像:
[2025-03-17 05:36:55] - https://www.loyhome.com/feed
[2025-03-17 05:36:55] - http://feeds.feedburner.com/ruanyifeng
[2025-03-17 06:48:09] 本次订阅抓取结果统计:
[2025-03-17 06:48:09] 共 28 条RSS, 成功抓取 27 条.
[2025-03-17 06:48:09] ✘ 有 1 条订阅解析失败:
[2025-03-17 06:48:09] - https://tcxx.info/feed
[2025-03-17 06:48:09] ✘ 有 2 条订阅头像无法访问, 已使用默认头像:
[2025-03-17 06:48:09] - http://feeds.feedburner.com/ruanyifeng
[2025-03-17 06:48:09] - https://www.loyhome.com/feed
[2025-03-17 07:30:40] 本次订阅抓取结果统计:
[2025-03-17 07:30:40] 共 28 条RSS, 成功抓取 27 条.
[2025-03-17 07:30:40] ✘ 有 1 条订阅解析失败:
[2025-03-17 07:30:40] - https://tcxx.info/feed
[2025-03-17 07:30:40] ✘ 有 2 条订阅头像无法访问, 已使用默认头像:
[2025-03-17 07:30:40] - http://feeds.feedburner.com/ruanyifeng
[2025-03-17 07:30:40] - https://www.loyhome.com/feed
[2025-03-17 08:44:49] 本次订阅抓取结果统计:
[2025-03-17 08:44:49] 共 28 条RSS, 成功抓取 27 条.
[2025-03-17 08:44:49] ✘ 有 1 条订阅解析失败:
[2025-03-17 08:44:49] - https://tcxx.info/feed
[2025-03-17 08:44:49] ✘ 有 2 条订阅头像无法访问, 已使用默认头像:
[2025-03-17 08:44:49] - http://feeds.feedburner.com/ruanyifeng
[2025-03-17 08:44:49] - https://www.loyhome.com/feed
[2025-03-17 09:36:21] 本次订阅抓取结果统计:
[2025-03-17 09:36:21] 共 28 条RSS, 成功抓取 28 条.
[2025-03-17 09:36:21] ✘ 有 2 条订阅头像无法访问, 已使用默认头像:
[2025-03-17 09:36:21] - http://feeds.feedburner.com/ruanyifeng
[2025-03-17 09:36:21] - https://www.loyhome.com/feed
[2025-03-17 10:41:55] 本次订阅抓取结果统计:
[2025-03-17 10:41:55] 共 28 条RSS, 成功抓取 28 条.
[2025-03-17 10:41:55] ✘ 有 2 条订阅头像无法访问, 已使用默认头像:
[2025-03-17 10:41:55] - http://feeds.feedburner.com/ruanyifeng
[2025-03-17 10:41:55] - https://www.loyhome.com/feed
[2025-03-17 11:26:12] 本次订阅抓取结果统计:
[2025-03-17 11:26:12] 共 28 条RSS, 成功抓取 27 条.
[2025-03-17 11:26:12] ✘ 有 1 条订阅解析失败:
[2025-03-17 11:26:12] - https://tcxx.info/feed
[2025-03-17 11:26:12] ✘ 有 2 条订阅头像无法访问, 已使用默认头像:
[2025-03-17 11:26:12] - http://feeds.feedburner.com/ruanyifeng
[2025-03-17 11:26:12] - https://www.loyhome.com/feed
[2025-03-17 13:18:33] 本次订阅抓取结果统计:
[2025-03-17 13:18:33] 共 28 条RSS, 成功抓取 28 条.
[2025-03-17 13:18:33] ✘ 有 2 条订阅头像无法访问, 已使用默认头像:
[2025-03-17 13:18:33] - http://feeds.feedburner.com/ruanyifeng
[2025-03-17 13:18:33] - https://www.loyhome.com/feed
[2025-03-17 14:39:07] 本次订阅抓取结果统计:
[2025-03-17 14:39:07] 共 28 条RSS, 成功抓取 27 条.
[2025-03-17 14:39:07] ✘ 有 1 条订阅解析失败:
[2025-03-17 14:39:07] - https://tcxx.info/feed
[2025-03-17 14:39:07] ✘ 有 2 条订阅头像无法访问, 已使用默认头像:
[2025-03-17 14:39:07] - http://feeds.feedburner.com/ruanyifeng
[2025-03-17 14:39:07] - https://www.loyhome.com/feed
[2025-03-17 15:37:15] 本次订阅抓取结果统计:
[2025-03-17 15:37:15] 共 28 条RSS, 成功抓取 28 条.
[2025-03-17 15:37:15] ✘ 有 2 条订阅头像无法访问, 已使用默认头像:
[2025-03-17 15:37:15] - https://www.loyhome.com/feed
[2025-03-17 15:37:15] - http://feeds.feedburner.com/ruanyifeng
[2025-03-17 16:49:13] 本次订阅抓取结果统计:
[2025-03-17 16:49:13] 共 28 条RSS, 成功抓取 27 条.
[2025-03-17 16:49:13] ✘ 有 1 条订阅解析失败:
[2025-03-17 16:49:13] - https://tcxx.info/feed
[2025-03-17 16:49:13] ✘ 有 3 条订阅头像无法访问, 已使用默认头像:
[2025-03-17 16:49:13] - http://feeds.feedburner.com/ruanyifeng
[2025-03-17 16:49:13] - https://www.loyhome.com/feed
[2025-03-17 16:49:13] - https://ihaihe.cn/feed
[2025-03-17 17:33:52] 本次订阅抓取结果统计:
[2025-03-17 17:33:52] 共 28 条RSS, 成功抓取 28 条.
[2025-03-17 17:33:52] ✘ 有 2 条订阅头像无法访问, 已使用默认头像:
[2025-03-17 17:33:52] - http://feeds.feedburner.com/ruanyifeng
[2025-03-17 17:33:52] - https://www.loyhome.com/feed
[2025-03-17 18:45:14] 本次订阅抓取结果统计:
[2025-03-17 18:45:14] 共 28 条RSS, 成功抓取 27 条.
[2025-03-17 18:45:14] ✘ 有 1 条订阅解析失败:
[2025-03-17 18:45:14] - https://tcxx.info/feed
[2025-03-17 18:45:14] ✘ 有 2 条订阅头像无法访问, 已使用默认头像:
[2025-03-17 18:45:14] - http://feeds.feedburner.com/ruanyifeng
[2025-03-17 18:45:14] - https://www.loyhome.com/feed
[2025-03-17 19:23:53] 本次订阅抓取结果统计:
[2025-03-17 19:23:53] 共 28 条RSS, 成功抓取 27 条.
[2025-03-17 19:23:53] ✘ 有 1 条订阅解析失败:
[2025-03-17 19:23:53] - https://tcxx.info/feed
[2025-03-17 19:23:53] ✘ 有 2 条订阅头像无法访问, 已使用默认头像:
[2025-03-17 19:23:53] - http://feeds.feedburner.com/ruanyifeng
[2025-03-17 19:23:53] - https://www.loyhome.com/feed
[2025-03-17 20:33:33] 本次订阅抓取结果统计:
[2025-03-17 20:33:33] 共 28 条RSS, 成功抓取 28 条.
[2025-03-17 20:33:33] ✘ 有 2 条订阅头像无法访问, 已使用默认头像:
[2025-03-17 20:33:33] - http://feeds.feedburner.com/ruanyifeng
[2025-03-17 20:33:33] - https://www.loyhome.com/feed
