[2025-12-14 02:01:54] 本次订阅抓取结果统计:
[2025-12-14 02:01:54] 共 28 条RSS, 成功抓取 25 条.
[2025-12-14 02:01:54] ✘ 有 3 条订阅解析失败:
[2025-12-14 02:01:54] - https://tcxx.info/feed
[2025-12-14 02:01:54] - https://tumutanzi.com/feed
[2025-12-14 02:01:54] - https://geekinney.com/index.xml
[2025-12-14 02:01:54] ✘ 有 3 条订阅头像无法访问, 已使用默认头像:
[2025-12-14 02:01:54] - https://oba.by/feed
[2025-12-14 02:01:54] - http://feeds.feedburner.com/ruanyifeng
[2025-12-14 02:01:54] - https://www.loyhome.com/feed
[2025-12-14 04:00:29] 本次订阅抓取结果统计:
[2025-12-14 04:00:29] 共 28 条RSS, 成功抓取 25 条.
[2025-12-14 04:00:29] ✘ 有 3 条订阅解析失败:
[2025-12-14 04:00:29] - https://tumutanzi.com/feed
[2025-12-14 04:00:29] - https://tcxx.info/feed
[2025-12-14 04:00:29] - https://geekinney.com/index.xml
[2025-12-14 04:00:29] ✘ 有 4 条订阅头像无法访问, 已使用默认头像:
[2025-12-14 04:00:29] - https://oba.by/feed
[2025-12-14 04:00:29] - https://www.loyhome.com/feed
[2025-12-14 04:00:29] - http://feeds.feedburner.com/ruanyifeng
[2025-12-14 04:00:29] - https://xyzbz.cn/feed
