[2025-06-22 02:01:00] 本次订阅抓取结果统计:
[2025-06-22 02:01:00] 共 28 条RSS, 成功抓取 26 条.
[2025-06-22 02:01:00] ✘ 有 2 条订阅解析失败:
[2025-06-22 02:01:00] - https://tcxx.info/feed
[2025-06-22 02:01:00] - https://limboy.me/index.xml
[2025-06-22 02:01:00] ✘ 有 2 条订阅头像无法访问, 已使用默认头像:
[2025-06-22 02:01:00] - http://feeds.feedburner.com/ruanyifeng
[2025-06-22 02:01:00] - https://www.loyhome.com/feed
[2025-06-22 03:53:54] 本次订阅抓取结果统计:
[2025-06-22 03:53:54] 共 28 条RSS, 成功抓取 26 条.
[2025-06-22 03:53:54] ✘ 有 2 条订阅解析失败:
[2025-06-22 03:53:54] - https://tcxx.info/feed
[2025-06-22 03:53:54] - https://limboy.me/index.xml
[2025-06-22 03:53:54] ✘ 有 2 条订阅头像无法访问, 已使用默认头像:
[2025-06-22 03:53:54] - http://feeds.feedburner.com/ruanyifeng
[2025-06-22 03:53:54] - https://www.loyhome.com/feed
[2025-06-22 04:32:58] 本次订阅抓取结果统计:
[2025-06-22 04:32:58] 共 28 条RSS, 成功抓取 26 条.
[2025-06-22 04:32:58] ✘ 有 2 条订阅解析失败:
[2025-06-22 04:32:58] - https://limboy.me/index.xml
[2025-06-22 04:32:58] - https://tcxx.info/feed
[2025-06-22 04:32:58] ✘ 有 2 条订阅头像无法访问, 已使用默认头像:
[2025-06-22 04:32:58] - http://feeds.feedburner.com/ruanyifeng
[2025-06-22 04:32:58] - https://www.loyhome.com/feed
[2025-06-22 05:21:16] 本次订阅抓取结果统计:
[2025-06-22 05:21:16] 共 28 条RSS, 成功抓取 26 条.
[2025-06-22 05:21:16] ✘ 有 2 条订阅解析失败:
[2025-06-22 05:21:16] - https://tcxx.info/feed
[2025-06-22 05:21:16] - https://limboy.me/index.xml
[2025-06-22 05:21:16] ✘ 有 2 条订阅头像无法访问, 已使用默认头像:
[2025-06-22 05:21:16] - http://feeds.feedburner.com/ruanyifeng
[2025-06-22 05:21:16] - https://www.loyhome.com/feed
[2025-06-22 06:31:02] 本次订阅抓取结果统计:
[2025-06-22 06:31:02] 共 28 条RSS, 成功抓取 26 条.
[2025-06-22 06:31:02] ✘ 有 2 条订阅解析失败:
[2025-06-22 06:31:02] - https://tcxx.info/feed
[2025-06-22 06:31:02] - https://limboy.me/index.xml
[2025-06-22 06:31:02] ✘ 有 2 条订阅头像无法访问, 已使用默认头像:
[2025-06-22 06:31:02] - http://feeds.feedburner.com/ruanyifeng
[2025-06-22 06:31:02] - https://www.loyhome.com/feed
[2025-06-22 07:21:11] 本次订阅抓取结果统计:
[2025-06-22 07:21:11] 共 28 条RSS, 成功抓取 26 条.
[2025-06-22 07:21:11] ✘ 有 2 条订阅解析失败:
[2025-06-22 07:21:11] - https://tcxx.info/feed
[2025-06-22 07:21:11] - https://limboy.me/index.xml
[2025-06-22 07:21:11] ✘ 有 2 条订阅头像无法访问, 已使用默认头像:
[2025-06-22 07:21:11] - http://feeds.feedburner.com/ruanyifeng
[2025-06-22 07:21:11] - https://www.loyhome.com/feed
[2025-06-22 08:27:27] 本次订阅抓取结果统计:
[2025-06-22 08:27:27] 共 28 条RSS, 成功抓取 26 条.
[2025-06-22 08:27:27] ✘ 有 2 条订阅解析失败:
[2025-06-22 08:27:27] - https://limboy.me/index.xml
[2025-06-22 08:27:27] - https://tcxx.info/feed
[2025-06-22 08:27:27] ✘ 有 3 条订阅头像无法访问, 已使用默认头像:
[2025-06-22 08:27:27] - http://feeds.feedburner.com/ruanyifeng
[2025-06-22 08:27:27] - https://www.loyhome.com/feed
[2025-06-22 08:27:27] - https://xyzbz.cn/feed
[2025-06-22 09:22:04] 本次订阅抓取结果统计:
[2025-06-22 09:22:04] 共 28 条RSS, 成功抓取 26 条.
[2025-06-22 09:22:04] ✘ 有 2 条订阅解析失败:
[2025-06-22 09:22:04] - https://tcxx.info/feed
[2025-06-22 09:22:04] - https://limboy.me/index.xml
[2025-06-22 09:22:04] ✘ 有 3 条订阅头像无法访问, 已使用默认头像:
[2025-06-22 09:22:04] - http://feeds.feedburner.com/ruanyifeng
[2025-06-22 09:22:04] - https://www.loyhome.com/feed
[2025-06-22 09:22:04] - https://xyzbz.cn/feed
[2025-06-22 10:22:10] 本次订阅抓取结果统计:
[2025-06-22 10:22:10] 共 28 条RSS, 成功抓取 26 条.
[2025-06-22 10:22:10] ✘ 有 2 条订阅解析失败:
[2025-06-22 10:22:10] - https://tcxx.info/feed
[2025-06-22 10:22:10] - https://limboy.me/index.xml
[2025-06-22 10:22:10] ✘ 有 2 条订阅头像无法访问, 已使用默认头像:
[2025-06-22 10:22:10] - http://feeds.feedburner.com/ruanyifeng
[2025-06-22 10:22:10] - https://www.loyhome.com/feed
[2025-06-22 11:17:52] 本次订阅抓取结果统计:
[2025-06-22 11:17:52] 共 28 条RSS, 成功抓取 26 条.
[2025-06-22 11:17:52] ✘ 有 2 条订阅解析失败:
[2025-06-22 11:17:52] - https://tcxx.info/feed
[2025-06-22 11:17:52] - https://limboy.me/index.xml
[2025-06-22 11:17:52] ✘ 有 2 条订阅头像无法访问, 已使用默认头像:
[2025-06-22 11:17:52] - http://feeds.feedburner.com/ruanyifeng
[2025-06-22 11:17:52] - https://www.loyhome.com/feed
[2025-06-22 12:41:17] 本次订阅抓取结果统计:
[2025-06-22 12:41:17] 共 28 条RSS, 成功抓取 26 条.
[2025-06-22 12:41:17] ✘ 有 2 条订阅解析失败:
[2025-06-22 12:41:17] - https://tcxx.info/feed
[2025-06-22 12:41:17] - https://limboy.me/index.xml
[2025-06-22 12:41:17] ✘ 有 2 条订阅头像无法访问, 已使用默认头像:
[2025-06-22 12:41:17] - http://feeds.feedburner.com/ruanyifeng
[2025-06-22 12:41:17] - https://www.loyhome.com/feed
[2025-06-22 13:29:07] 本次订阅抓取结果统计:
[2025-06-22 13:29:07] 共 28 条RSS, 成功抓取 26 条.
[2025-06-22 13:29:07] ✘ 有 2 条订阅解析失败:
[2025-06-22 13:29:07] - https://tcxx.info/feed
[2025-06-22 13:29:07] - https://limboy.me/index.xml
[2025-06-22 13:29:07] ✘ 有 2 条订阅头像无法访问, 已使用默认头像:
[2025-06-22 13:29:07] - http://feeds.feedburner.com/ruanyifeng
[2025-06-22 13:29:07] - https://www.loyhome.com/feed
[2025-06-22 14:19:32] 本次订阅抓取结果统计:
[2025-06-22 14:19:32] 共 28 条RSS, 成功抓取 26 条.
[2025-06-22 14:19:32] ✘ 有 2 条订阅解析失败:
[2025-06-22 14:19:32] - https://tcxx.info/feed
[2025-06-22 14:19:32] - https://limboy.me/index.xml
[2025-06-22 14:19:32] ✘ 有 2 条订阅头像无法访问, 已使用默认头像:
[2025-06-22 14:19:32] - http://feeds.feedburner.com/ruanyifeng
[2025-06-22 14:19:32] - https://www.loyhome.com/feed
[2025-06-22 15:21:22] 本次订阅抓取结果统计:
[2025-06-22 15:21:22] 共 28 条RSS, 成功抓取 26 条.
[2025-06-22 15:21:22] ✘ 有 2 条订阅解析失败:
[2025-06-22 15:21:22] - https://tcxx.info/feed
[2025-06-22 15:21:22] - https://limboy.me/index.xml
[2025-06-22 15:21:22] ✘ 有 2 条订阅头像无法访问, 已使用默认头像:
[2025-06-22 15:21:22] - http://feeds.feedburner.com/ruanyifeng
[2025-06-22 15:21:22] - https://www.loyhome.com/feed
[2025-06-22 16:26:18] 本次订阅抓取结果统计:
[2025-06-22 16:26:18] 共 28 条RSS, 成功抓取 26 条.
[2025-06-22 16:26:18] ✘ 有 2 条订阅解析失败:
[2025-06-22 16:26:18] - https://tcxx.info/feed
[2025-06-22 16:26:18] - https://limboy.me/index.xml
[2025-06-22 16:26:18] ✘ 有 3 条订阅头像无法访问, 已使用默认头像:
[2025-06-22 16:26:18] - http://feeds.feedburner.com/ruanyifeng
[2025-06-22 16:26:18] - https://www.loyhome.com/feed
[2025-06-22 16:26:18] - https://xyzbz.cn/feed
[2025-06-22 17:19:36] 本次订阅抓取结果统计:
[2025-06-22 17:19:36] 共 28 条RSS, 成功抓取 26 条.
[2025-06-22 17:19:36] ✘ 有 2 条订阅解析失败:
[2025-06-22 17:19:36] - https://tcxx.info/feed
[2025-06-22 17:19:36] - https://limboy.me/index.xml
[2025-06-22 17:19:36] ✘ 有 2 条订阅头像无法访问, 已使用默认头像:
[2025-06-22 17:19:36] - https://www.loyhome.com/feed
[2025-06-22 17:19:36] - http://feeds.feedburner.com/ruanyifeng
[2025-06-22 18:29:22] 本次订阅抓取结果统计:
[2025-06-22 18:29:22] 共 28 条RSS, 成功抓取 26 条.
[2025-06-22 18:29:22] ✘ 有 2 条订阅解析失败:
[2025-06-22 18:29:22] - https://limboy.me/index.xml
[2025-06-22 18:29:22] - https://tcxx.info/feed
[2025-06-22 18:29:22] ✘ 有 2 条订阅头像无法访问, 已使用默认头像:
[2025-06-22 18:29:22] - http://feeds.feedburner.com/ruanyifeng
[2025-06-22 18:29:22] - https://www.loyhome.com/feed
