[2025-06-04 01:55:28] 本次订阅抓取结果统计:
[2025-06-04 01:55:28] 共 28 条RSS, 成功抓取 26 条.
[2025-06-04 01:55:28] ✘ 有 2 条订阅解析失败:
[2025-06-04 01:55:28] - https://tcxx.info/feed
[2025-06-04 01:55:28] - https://www.shephe.com/feed
[2025-06-04 01:55:28] ✘ 有 2 条订阅头像无法访问, 已使用默认头像:
[2025-06-04 01:55:28] - http://feeds.feedburner.com/ruanyifeng
[2025-06-04 01:55:28] - https://www.loyhome.com/feed
[2025-06-04 03:22:28] 本次订阅抓取结果统计:
[2025-06-04 03:22:28] 共 28 条RSS, 成功抓取 26 条.
[2025-06-04 03:22:28] ✘ 有 2 条订阅解析失败:
[2025-06-04 03:22:28] - https://tcxx.info/feed
[2025-06-04 03:22:28] - https://www.shephe.com/feed
[2025-06-04 03:22:28] ✘ 有 2 条订阅头像无法访问, 已使用默认头像:
[2025-06-04 03:22:28] - https://www.loyhome.com/feed
[2025-06-04 03:22:28] - http://feeds.feedburner.com/ruanyifeng
[2025-06-04 04:30:58] 本次订阅抓取结果统计:
[2025-06-04 04:30:58] 共 28 条RSS, 成功抓取 26 条.
[2025-06-04 04:30:58] ✘ 有 2 条订阅解析失败:
[2025-06-04 04:30:58] - https://tcxx.info/feed
[2025-06-04 04:30:58] - https://www.shephe.com/feed
[2025-06-04 04:30:58] ✘ 有 2 条订阅头像无法访问, 已使用默认头像:
[2025-06-04 04:30:58] - http://feeds.feedburner.com/ruanyifeng
[2025-06-04 04:30:58] - https://www.loyhome.com/feed
[2025-06-04 05:24:58] 本次订阅抓取结果统计:
[2025-06-04 05:24:58] 共 28 条RSS, 成功抓取 26 条.
[2025-06-04 05:24:58] ✘ 有 2 条订阅解析失败:
[2025-06-04 05:24:58] - https://tcxx.info/feed
[2025-06-04 05:24:58] - https://www.shephe.com/feed
[2025-06-04 05:24:58] ✘ 有 2 条订阅头像无法访问, 已使用默认头像:
[2025-06-04 05:24:58] - https://www.loyhome.com/feed
[2025-06-04 05:24:58] - http://feeds.feedburner.com/ruanyifeng
[2025-06-04 06:36:54] 本次订阅抓取结果统计:
[2025-06-04 06:36:54] 共 28 条RSS, 成功抓取 26 条.
[2025-06-04 06:36:54] ✘ 有 2 条订阅解析失败:
[2025-06-04 06:36:54] - https://tcxx.info/feed
[2025-06-04 06:36:54] - https://www.shephe.com/feed
[2025-06-04 06:36:54] ✘ 有 2 条订阅头像无法访问, 已使用默认头像:
[2025-06-04 06:36:54] - http://feeds.feedburner.com/ruanyifeng
[2025-06-04 06:36:54] - https://www.loyhome.com/feed
[2025-06-04 07:24:55] 本次订阅抓取结果统计:
[2025-06-04 07:24:55] 共 28 条RSS, 成功抓取 26 条.
[2025-06-04 07:24:55] ✘ 有 2 条订阅解析失败:
[2025-06-04 07:24:55] - https://tcxx.info/feed
[2025-06-04 07:24:55] - https://www.shephe.com/feed
[2025-06-04 07:24:55] ✘ 有 2 条订阅头像无法访问, 已使用默认头像:
[2025-06-04 07:24:55] - http://feeds.feedburner.com/ruanyifeng
[2025-06-04 07:24:55] - https://www.loyhome.com/feed
[2025-06-04 08:33:52] 本次订阅抓取结果统计:
[2025-06-04 08:33:52] 共 28 条RSS, 成功抓取 26 条.
[2025-06-04 08:33:52] ✘ 有 2 条订阅解析失败:
[2025-06-04 08:33:52] - https://tcxx.info/feed
[2025-06-04 08:33:52] - https://www.shephe.com/feed
[2025-06-04 08:33:52] ✘ 有 2 条订阅头像无法访问, 已使用默认头像:
[2025-06-04 08:33:52] - https://www.loyhome.com/feed
[2025-06-04 08:33:52] - http://feeds.feedburner.com/ruanyifeng
[2025-06-04 09:28:53] 本次订阅抓取结果统计:
[2025-06-04 09:28:53] 共 28 条RSS, 成功抓取 26 条.
[2025-06-04 09:28:53] ✘ 有 2 条订阅解析失败:
[2025-06-04 09:28:53] - https://tcxx.info/feed
[2025-06-04 09:28:53] - https://www.shephe.com/feed
[2025-06-04 09:28:53] ✘ 有 2 条订阅头像无法访问, 已使用默认头像:
[2025-06-04 09:28:53] - http://feeds.feedburner.com/ruanyifeng
[2025-06-04 09:28:53] - https://www.loyhome.com/feed
[2025-06-04 10:30:56] 本次订阅抓取结果统计:
[2025-06-04 10:30:56] 共 28 条RSS, 成功抓取 26 条.
[2025-06-04 10:30:56] ✘ 有 2 条订阅解析失败:
[2025-06-04 10:30:56] - https://tcxx.info/feed
[2025-06-04 10:30:56] - https://www.shephe.com/feed
[2025-06-04 10:30:56] ✘ 有 2 条订阅头像无法访问, 已使用默认头像:
[2025-06-04 10:30:56] - http://feeds.feedburner.com/ruanyifeng
[2025-06-04 10:30:56] - https://www.loyhome.com/feed
[2025-06-04 11:21:56] 本次订阅抓取结果统计:
[2025-06-04 11:21:56] 共 28 条RSS, 成功抓取 26 条.
[2025-06-04 11:21:56] ✘ 有 2 条订阅解析失败:
[2025-06-04 11:21:56] - https://tcxx.info/feed
[2025-06-04 11:21:56] - https://www.shephe.com/feed
[2025-06-04 11:21:56] ✘ 有 2 条订阅头像无法访问, 已使用默认头像:
[2025-06-04 11:21:56] - http://feeds.feedburner.com/ruanyifeng
[2025-06-04 11:21:56] - https://www.loyhome.com/feed
[2025-06-04 12:51:37] 本次订阅抓取结果统计:
[2025-06-04 12:51:37] 共 28 条RSS, 成功抓取 26 条.
[2025-06-04 12:51:37] ✘ 有 2 条订阅解析失败:
[2025-06-04 12:51:37] - https://tcxx.info/feed
[2025-06-04 12:51:37] - https://www.shephe.com/feed
[2025-06-04 12:51:37] ✘ 有 2 条订阅头像无法访问, 已使用默认头像:
[2025-06-04 12:51:37] - http://feeds.feedburner.com/ruanyifeng
[2025-06-04 12:51:37] - https://www.loyhome.com/feed
[2025-06-04 13:42:37] 本次订阅抓取结果统计:
[2025-06-04 13:42:37] 共 28 条RSS, 成功抓取 26 条.
[2025-06-04 13:42:37] ✘ 有 2 条订阅解析失败:
[2025-06-04 13:42:37] - https://tcxx.info/feed
[2025-06-04 13:42:37] - https://www.shephe.com/feed
[2025-06-04 13:42:37] ✘ 有 2 条订阅头像无法访问, 已使用默认头像:
[2025-06-04 13:42:37] - http://feeds.feedburner.com/ruanyifeng
[2025-06-04 13:42:37] - https://www.loyhome.com/feed
[2025-06-04 14:21:57] 本次订阅抓取结果统计:
[2025-06-04 14:21:57] 共 28 条RSS, 成功抓取 26 条.
[2025-06-04 14:21:57] ✘ 有 2 条订阅解析失败:
[2025-06-04 14:21:57] - https://tcxx.info/feed
[2025-06-04 14:21:57] - https://www.shephe.com/feed
[2025-06-04 14:21:57] ✘ 有 2 条订阅头像无法访问, 已使用默认头像:
[2025-06-04 14:21:57] - https://www.loyhome.com/feed
[2025-06-04 14:21:57] - http://feeds.feedburner.com/ruanyifeng
[2025-06-04 15:49:28] 本次订阅抓取结果统计:
[2025-06-04 15:49:28] 共 28 条RSS, 成功抓取 25 条.
[2025-06-04 15:49:28] ✘ 有 3 条订阅解析失败:
[2025-06-04 15:49:28] - https://tcxx.info/feed
[2025-06-04 15:49:28] - https://limboy.me/index.xml
[2025-06-04 15:49:28] - https://www.shephe.com/feed
[2025-06-04 15:49:28] ✘ 有 2 条订阅头像无法访问, 已使用默认头像:
[2025-06-04 15:49:28] - https://www.loyhome.com/feed
[2025-06-04 15:49:28] - http://feeds.feedburner.com/ruanyifeng
[2025-06-04 16:27:58] 本次订阅抓取结果统计:
[2025-06-04 16:27:58] 共 28 条RSS, 成功抓取 26 条.
[2025-06-04 16:27:58] ✘ 有 2 条订阅解析失败:
[2025-06-04 16:27:58] - https://tcxx.info/feed
[2025-06-04 16:27:58] - https://www.shephe.com/feed
[2025-06-04 16:27:58] ✘ 有 2 条订阅头像无法访问, 已使用默认头像:
[2025-06-04 16:27:58] - http://feeds.feedburner.com/ruanyifeng
[2025-06-04 16:27:58] - https://www.loyhome.com/feed
[2025-06-04 17:21:38] 本次订阅抓取结果统计:
[2025-06-04 17:21:38] 共 28 条RSS, 成功抓取 26 条.
[2025-06-04 17:21:38] ✘ 有 2 条订阅解析失败:
[2025-06-04 17:21:38] - https://tcxx.info/feed
[2025-06-04 17:21:38] - https://www.shephe.com/feed
[2025-06-04 17:21:38] ✘ 有 2 条订阅头像无法访问, 已使用默认头像:
[2025-06-04 17:21:38] - http://feeds.feedburner.com/ruanyifeng
[2025-06-04 17:21:38] - https://www.loyhome.com/feed
[2025-06-04 18:33:59] 本次订阅抓取结果统计:
[2025-06-04 18:33:59] 共 28 条RSS, 成功抓取 26 条.
[2025-06-04 18:33:59] ✘ 有 2 条订阅解析失败:
[2025-06-04 18:33:59] - https://tcxx.info/feed
[2025-06-04 18:33:59] - https://www.shephe.com/feed
[2025-06-04 18:33:59] ✘ 有 2 条订阅头像无法访问, 已使用默认头像:
[2025-06-04 18:33:59] - http://feeds.feedburner.com/ruanyifeng
[2025-06-04 18:33:59] - https://www.loyhome.com/feed
[2025-06-04 19:21:58] 本次订阅抓取结果统计:
[2025-06-04 19:21:58] 共 28 条RSS, 成功抓取 26 条.
[2025-06-04 19:21:58] ✘ 有 2 条订阅解析失败:
[2025-06-04 19:21:58] - https://tcxx.info/feed
[2025-06-04 19:21:58] - https://www.shephe.com/feed
[2025-06-04 19:21:58] ✘ 有 2 条订阅头像无法访问, 已使用默认头像:
[2025-06-04 19:21:58] - http://feeds.feedburner.com/ruanyifeng
[2025-06-04 19:21:58] - https://www.loyhome.com/feed
[2025-06-04 20:22:28] 本次订阅抓取结果统计:
[2025-06-04 20:22:28] 共 28 条RSS, 成功抓取 26 条.
[2025-06-04 20:22:28] ✘ 有 2 条订阅解析失败:
[2025-06-04 20:22:28] - https://tcxx.info/feed
[2025-06-04 20:22:28] - https://www.shephe.com/feed
[2025-06-04 20:22:28] ✘ 有 2 条订阅头像无法访问, 已使用默认头像:
[2025-06-04 20:22:28] - http://feeds.feedburner.com/ruanyifeng
[2025-06-04 20:22:28] - https://www.loyhome.com/feed
[2025-06-04 21:18:39] 本次订阅抓取结果统计:
[2025-06-04 21:18:39] 共 28 条RSS, 成功抓取 26 条.
[2025-06-04 21:18:39] ✘ 有 2 条订阅解析失败:
[2025-06-04 21:18:39] - https://tcxx.info/feed
[2025-06-04 21:18:39] - https://www.shephe.com/feed
[2025-06-04 21:18:39] ✘ 有 2 条订阅头像无法访问, 已使用默认头像:
[2025-06-04 21:18:39] - http://feeds.feedburner.com/ruanyifeng
[2025-06-04 21:18:39] - https://www.loyhome.com/feed
[2025-06-04 22:22:29] 本次订阅抓取结果统计:
[2025-06-04 22:22:29] 共 28 条RSS, 成功抓取 26 条.
[2025-06-04 22:22:29] ✘ 有 2 条订阅解析失败:
[2025-06-04 22:22:29] - https://tcxx.info/feed
[2025-06-04 22:22:29] - https://www.shephe.com/feed
[2025-06-04 22:22:29] ✘ 有 2 条订阅头像无法访问, 已使用默认头像:
[2025-06-04 22:22:29] - http://feeds.feedburner.com/ruanyifeng
[2025-06-04 22:22:29] - https://www.loyhome.com/feed
