[2025-08-23 01:42:33] 本次订阅抓取结果统计:
[2025-08-23 01:42:33] 共 28 条RSS, 成功抓取 26 条.
[2025-08-23 01:42:33] ✘ 有 2 条订阅解析失败:
[2025-08-23 01:42:33] - https://tumutanzi.com/feed
[2025-08-23 01:42:33] - https://tcxx.info/feed
[2025-08-23 01:42:33] ✘ 有 2 条订阅头像无法访问, 已使用默认头像:
[2025-08-23 01:42:33] - http://feeds.feedburner.com/ruanyifeng
[2025-08-23 01:42:33] - https://www.loyhome.com/feed
[2025-08-23 03:04:21] 本次订阅抓取结果统计:
[2025-08-23 03:04:21] 共 28 条RSS, 成功抓取 26 条.
[2025-08-23 03:04:21] ✘ 有 2 条订阅解析失败:
[2025-08-23 03:04:21] - https://tcxx.info/feed
[2025-08-23 03:04:21] - https://tumutanzi.com/feed
[2025-08-23 03:04:21] ✘ 有 2 条订阅头像无法访问, 已使用默认头像:
[2025-08-23 03:04:21] - https://www.loyhome.com/feed
[2025-08-23 03:04:21] - http://feeds.feedburner.com/ruanyifeng
[2025-08-23 04:25:33] 本次订阅抓取结果统计:
[2025-08-23 04:25:33] 共 28 条RSS, 成功抓取 26 条.
[2025-08-23 04:25:33] ✘ 有 2 条订阅解析失败:
[2025-08-23 04:25:33] - https://tcxx.info/feed
[2025-08-23 04:25:33] - https://tumutanzi.com/feed
[2025-08-23 04:25:33] ✘ 有 2 条订阅头像无法访问, 已使用默认头像:
[2025-08-23 04:25:33] - http://feeds.feedburner.com/ruanyifeng
[2025-08-23 04:25:33] - https://www.loyhome.com/feed
