[2025-08-20 01:46:53] 本次订阅抓取结果统计:
[2025-08-20 01:46:53] 共 28 条RSS, 成功抓取 26 条.
[2025-08-20 01:46:53] ✘ 有 2 条订阅解析失败:
[2025-08-20 01:46:53] - https://tumutanzi.com/feed
[2025-08-20 01:46:53] - https://tcxx.info/feed
[2025-08-20 01:46:53] ✘ 有 2 条订阅头像无法访问, 已使用默认头像:
[2025-08-20 01:46:53] - http://feeds.feedburner.com/ruanyifeng
[2025-08-20 01:46:53] - https://www.loyhome.com/feed
[2025-08-20 03:10:14] 本次订阅抓取结果统计:
[2025-08-20 03:10:14] 共 28 条RSS, 成功抓取 26 条.
[2025-08-20 03:10:14] ✘ 有 2 条订阅解析失败:
[2025-08-20 03:10:14] - https://tcxx.info/feed
[2025-08-20 03:10:14] - https://tumutanzi.com/feed
[2025-08-20 03:10:14] ✘ 有 2 条订阅头像无法访问, 已使用默认头像:
[2025-08-20 03:10:14] - https://www.loyhome.com/feed
[2025-08-20 03:10:14] - http://feeds.feedburner.com/ruanyifeng
[2025-08-20 04:27:00] 本次订阅抓取结果统计:
[2025-08-20 04:27:00] 共 28 条RSS, 成功抓取 26 条.
[2025-08-20 04:27:00] ✘ 有 2 条订阅解析失败:
[2025-08-20 04:27:00] - https://tcxx.info/feed
[2025-08-20 04:27:00] - https://tumutanzi.com/feed
[2025-08-20 04:27:00] ✘ 有 2 条订阅头像无法访问, 已使用默认头像:
[2025-08-20 04:27:00] - http://feeds.feedburner.com/ruanyifeng
[2025-08-20 04:27:00] - https://www.loyhome.com/feed
[2025-08-20 05:21:46] 本次订阅抓取结果统计:
[2025-08-20 05:21:46] 共 28 条RSS, 成功抓取 26 条.
[2025-08-20 05:21:46] ✘ 有 2 条订阅解析失败:
[2025-08-20 05:21:46] - https://tcxx.info/feed
[2025-08-20 05:21:46] - https://tumutanzi.com/feed
[2025-08-20 05:21:46] ✘ 有 2 条订阅头像无法访问, 已使用默认头像:
[2025-08-20 05:21:46] - https://www.loyhome.com/feed
[2025-08-20 05:21:46] - http://feeds.feedburner.com/ruanyifeng
[2025-08-20 06:34:05] 本次订阅抓取结果统计:
[2025-08-20 06:34:05] 共 28 条RSS, 成功抓取 26 条.
[2025-08-20 06:34:05] ✘ 有 2 条订阅解析失败:
[2025-08-20 06:34:05] - https://tcxx.info/feed
[2025-08-20 06:34:05] - https://tumutanzi.com/feed
[2025-08-20 06:34:05] ✘ 有 2 条订阅头像无法访问, 已使用默认头像:
[2025-08-20 06:34:05] - https://www.loyhome.com/feed
[2025-08-20 06:34:05] - http://feeds.feedburner.com/ruanyifeng
[2025-08-20 07:22:06] 本次订阅抓取结果统计:
[2025-08-20 07:22:06] 共 28 条RSS, 成功抓取 26 条.
[2025-08-20 07:22:06] ✘ 有 2 条订阅解析失败:
[2025-08-20 07:22:06] - https://tcxx.info/feed
[2025-08-20 07:22:06] - https://tumutanzi.com/feed
[2025-08-20 07:22:06] ✘ 有 2 条订阅头像无法访问, 已使用默认头像:
[2025-08-20 07:22:06] - http://feeds.feedburner.com/ruanyifeng
[2025-08-20 07:22:06] - https://www.loyhome.com/feed
[2025-08-20 08:29:48] 本次订阅抓取结果统计:
[2025-08-20 08:29:48] 共 28 条RSS, 成功抓取 26 条.
[2025-08-20 08:29:48] ✘ 有 2 条订阅解析失败:
[2025-08-20 08:29:48] - https://tcxx.info/feed
[2025-08-20 08:29:48] - https://tumutanzi.com/feed
[2025-08-20 08:29:48] ✘ 有 2 条订阅头像无法访问, 已使用默认头像:
[2025-08-20 08:29:48] - http://feeds.feedburner.com/ruanyifeng
[2025-08-20 08:29:48] - https://www.loyhome.com/feed
[2025-08-20 09:24:57] 本次订阅抓取结果统计:
[2025-08-20 09:24:57] 共 28 条RSS, 成功抓取 26 条.
[2025-08-20 09:24:57] ✘ 有 2 条订阅解析失败:
[2025-08-20 09:24:57] - https://tcxx.info/feed
[2025-08-20 09:24:57] - https://tumutanzi.com/feed
[2025-08-20 09:24:57] ✘ 有 2 条订阅头像无法访问, 已使用默认头像:
[2025-08-20 09:24:57] - https://www.loyhome.com/feed
[2025-08-20 09:24:57] - http://feeds.feedburner.com/ruanyifeng
[2025-08-20 10:24:21] 本次订阅抓取结果统计:
[2025-08-20 10:24:21] 共 28 条RSS, 成功抓取 26 条.
[2025-08-20 10:24:21] ✘ 有 2 条订阅解析失败:
[2025-08-20 10:24:21] - https://tcxx.info/feed
[2025-08-20 10:24:21] - https://tumutanzi.com/feed
[2025-08-20 10:24:21] ✘ 有 2 条订阅头像无法访问, 已使用默认头像:
[2025-08-20 10:24:21] - http://feeds.feedburner.com/ruanyifeng
[2025-08-20 10:24:21] - https://www.loyhome.com/feed
[2025-08-20 11:18:59] 本次订阅抓取结果统计:
[2025-08-20 11:18:59] 共 28 条RSS, 成功抓取 26 条.
[2025-08-20 11:18:59] ✘ 有 2 条订阅解析失败:
[2025-08-20 11:18:59] - https://tcxx.info/feed
[2025-08-20 11:18:59] - https://tumutanzi.com/feed
[2025-08-20 11:18:59] ✘ 有 2 条订阅头像无法访问, 已使用默认头像:
[2025-08-20 11:18:59] - http://feeds.feedburner.com/ruanyifeng
[2025-08-20 11:18:59] - https://www.loyhome.com/feed
[2025-08-20 12:46:07] 本次订阅抓取结果统计:
[2025-08-20 12:46:07] 共 28 条RSS, 成功抓取 26 条.
[2025-08-20 12:46:07] ✘ 有 2 条订阅解析失败:
[2025-08-20 12:46:07] - https://tcxx.info/feed
[2025-08-20 12:46:07] - https://tumutanzi.com/feed
[2025-08-20 12:46:07] ✘ 有 2 条订阅头像无法访问, 已使用默认头像:
[2025-08-20 12:46:07] - http://feeds.feedburner.com/ruanyifeng
[2025-08-20 12:46:07] - https://www.loyhome.com/feed
[2025-08-20 13:32:35] 本次订阅抓取结果统计:
[2025-08-20 13:32:35] 共 28 条RSS, 成功抓取 26 条.
[2025-08-20 13:32:35] ✘ 有 2 条订阅解析失败:
[2025-08-20 13:32:35] - https://tcxx.info/feed
[2025-08-20 13:32:35] - https://tumutanzi.com/feed
[2025-08-20 13:32:35] ✘ 有 2 条订阅头像无法访问, 已使用默认头像:
[2025-08-20 13:32:35] - https://www.loyhome.com/feed
[2025-08-20 13:32:35] - http://feeds.feedburner.com/ruanyifeng
[2025-08-20 14:23:32] 本次订阅抓取结果统计:
[2025-08-20 14:23:32] 共 28 条RSS, 成功抓取 26 条.
[2025-08-20 14:23:32] ✘ 有 2 条订阅解析失败:
[2025-08-20 14:23:32] - https://tumutanzi.com/feed
[2025-08-20 14:23:32] - https://tcxx.info/feed
[2025-08-20 14:23:32] ✘ 有 2 条订阅头像无法访问, 已使用默认头像:
[2025-08-20 14:23:32] - http://feeds.feedburner.com/ruanyifeng
[2025-08-20 14:23:32] - https://www.loyhome.com/feed
[2025-08-20 15:24:38] 本次订阅抓取结果统计:
[2025-08-20 15:24:38] 共 28 条RSS, 成功抓取 26 条.
[2025-08-20 15:24:38] ✘ 有 2 条订阅解析失败:
[2025-08-20 15:24:38] - https://tcxx.info/feed
[2025-08-20 15:24:38] - https://tumutanzi.com/feed
[2025-08-20 15:24:38] ✘ 有 2 条订阅头像无法访问, 已使用默认头像:
[2025-08-20 15:24:38] - https://www.loyhome.com/feed
[2025-08-20 15:24:38] - http://feeds.feedburner.com/ruanyifeng
[2025-08-20 16:27:22] 本次订阅抓取结果统计:
[2025-08-20 16:27:22] 共 28 条RSS, 成功抓取 26 条.
[2025-08-20 16:27:22] ✘ 有 2 条订阅解析失败:
[2025-08-20 16:27:22] - https://tcxx.info/feed
[2025-08-20 16:27:22] - https://tumutanzi.com/feed
[2025-08-20 16:27:22] ✘ 有 3 条订阅头像无法访问, 已使用默认头像:
[2025-08-20 16:27:22] - https://www.loyhome.com/feed
[2025-08-20 16:27:22] - http://feeds.feedburner.com/ruanyifeng
[2025-08-20 16:27:22] - https://xyzbz.cn/feed
[2025-08-20 17:19:44] 本次订阅抓取结果统计:
[2025-08-20 17:19:44] 共 28 条RSS, 成功抓取 26 条.
[2025-08-20 17:19:44] ✘ 有 2 条订阅解析失败:
[2025-08-20 17:19:44] - https://tcxx.info/feed
[2025-08-20 17:19:44] - https://tumutanzi.com/feed
[2025-08-20 17:19:44] ✘ 有 2 条订阅头像无法访问, 已使用默认头像:
[2025-08-20 17:19:44] - https://www.loyhome.com/feed
[2025-08-20 17:19:44] - http://feeds.feedburner.com/ruanyifeng
[2025-08-20 18:32:23] 本次订阅抓取结果统计:
[2025-08-20 18:32:23] 共 28 条RSS, 成功抓取 26 条.
[2025-08-20 18:32:23] ✘ 有 2 条订阅解析失败:
[2025-08-20 18:32:23] - https://tcxx.info/feed
[2025-08-20 18:32:23] - https://tumutanzi.com/feed
[2025-08-20 18:32:23] ✘ 有 2 条订阅头像无法访问, 已使用默认头像:
[2025-08-20 18:32:23] - http://feeds.feedburner.com/ruanyifeng
[2025-08-20 18:32:23] - https://www.loyhome.com/feed
[2025-08-20 19:17:49] 本次订阅抓取结果统计:
[2025-08-20 19:17:49] 共 28 条RSS, 成功抓取 26 条.
[2025-08-20 19:17:49] ✘ 有 2 条订阅解析失败:
[2025-08-20 19:17:49] - https://tcxx.info/feed
[2025-08-20 19:17:49] - https://tumutanzi.com/feed
[2025-08-20 19:17:49] ✘ 有 2 条订阅头像无法访问, 已使用默认头像:
[2025-08-20 19:17:49] - http://feeds.feedburner.com/ruanyifeng
[2025-08-20 19:17:49] - https://www.loyhome.com/feed
[2025-08-20 20:25:03] 本次订阅抓取结果统计:
[2025-08-20 20:25:03] 共 28 条RSS, 成功抓取 26 条.
[2025-08-20 20:25:03] ✘ 有 2 条订阅解析失败:
[2025-08-20 20:25:03] - https://tcxx.info/feed
[2025-08-20 20:25:03] - https://tumutanzi.com/feed
[2025-08-20 20:25:03] ✘ 有 2 条订阅头像无法访问, 已使用默认头像:
[2025-08-20 20:25:03] - https://www.loyhome.com/feed
[2025-08-20 20:25:03] - http://feeds.feedburner.com/ruanyifeng
[2025-08-20 21:20:25] 本次订阅抓取结果统计:
[2025-08-20 21:20:25] 共 28 条RSS, 成功抓取 26 条.
[2025-08-20 21:20:25] ✘ 有 2 条订阅解析失败:
[2025-08-20 21:20:25] - https://tcxx.info/feed
[2025-08-20 21:20:25] - https://tumutanzi.com/feed
[2025-08-20 21:20:25] ✘ 有 2 条订阅头像无法访问, 已使用默认头像:
[2025-08-20 21:20:25] - https://www.loyhome.com/feed
[2025-08-20 21:20:25] - http://feeds.feedburner.com/ruanyifeng
[2025-08-20 22:20:00] 本次订阅抓取结果统计:
[2025-08-20 22:20:00] 共 28 条RSS, 成功抓取 26 条.
[2025-08-20 22:20:00] ✘ 有 2 条订阅解析失败:
[2025-08-20 22:20:00] - https://tumutanzi.com/feed
[2025-08-20 22:20:00] - https://tcxx.info/feed
[2025-08-20 22:20:00] ✘ 有 2 条订阅头像无法访问, 已使用默认头像:
[2025-08-20 22:20:00] - https://www.loyhome.com/feed
[2025-08-20 22:20:00] - http://feeds.feedburner.com/ruanyifeng
