[2025-10-21 01:45:06] 本次订阅抓取结果统计:
[2025-10-21 01:45:06] 共 28 条RSS, 成功抓取 25 条.
[2025-10-21 01:45:06] ✘ 有 3 条订阅解析失败:
[2025-10-21 01:45:06] - https://tcxx.info/feed
[2025-10-21 01:45:06] - https://tumutanzi.com/feed
[2025-10-21 01:45:06] - https://geekinney.com/index.xml
[2025-10-21 01:45:06] ✘ 有 2 条订阅头像无法访问, 已使用默认头像:
[2025-10-21 01:45:06] - http://feeds.feedburner.com/ruanyifeng
[2025-10-21 01:45:06] - https://www.loyhome.com/feed
[2025-10-21 03:07:31] 本次订阅抓取结果统计:
[2025-10-21 03:07:31] 共 28 条RSS, 成功抓取 25 条.
[2025-10-21 03:07:31] ✘ 有 3 条订阅解析失败:
[2025-10-21 03:07:31] - https://tumutanzi.com/feed
[2025-10-21 03:07:31] - https://tcxx.info/feed
[2025-10-21 03:07:31] - https://geekinney.com/index.xml
[2025-10-21 03:07:31] ✘ 有 2 条订阅头像无法访问, 已使用默认头像:
[2025-10-21 03:07:31] - http://feeds.feedburner.com/ruanyifeng
[2025-10-21 03:07:31] - https://www.loyhome.com/feed
[2025-10-21 04:26:21] 本次订阅抓取结果统计:
[2025-10-21 04:26:21] 共 28 条RSS, 成功抓取 25 条.
[2025-10-21 04:26:21] ✘ 有 3 条订阅解析失败:
[2025-10-21 04:26:21] - https://tcxx.info/feed
[2025-10-21 04:26:21] - https://tumutanzi.com/feed
[2025-10-21 04:26:21] - https://geekinney.com/index.xml
[2025-10-21 04:26:21] ✘ 有 2 条订阅头像无法访问, 已使用默认头像:
[2025-10-21 04:26:21] - https://www.loyhome.com/feed
[2025-10-21 04:26:21] - http://feeds.feedburner.com/ruanyifeng
[2025-10-21 05:21:20] 本次订阅抓取结果统计:
[2025-10-21 05:21:20] 共 28 条RSS, 成功抓取 25 条.
[2025-10-21 05:21:20] ✘ 有 3 条订阅解析失败:
[2025-10-21 05:21:20] - https://tcxx.info/feed
[2025-10-21 05:21:20] - https://tumutanzi.com/feed
[2025-10-21 05:21:20] - https://geekinney.com/index.xml
[2025-10-21 05:21:20] ✘ 有 2 条订阅头像无法访问, 已使用默认头像:
[2025-10-21 05:21:20] - http://feeds.feedburner.com/ruanyifeng
[2025-10-21 05:21:20] - https://www.loyhome.com/feed
[2025-10-21 06:33:09] 本次订阅抓取结果统计:
[2025-10-21 06:33:09] 共 28 条RSS, 成功抓取 25 条.
[2025-10-21 06:33:09] ✘ 有 3 条订阅解析失败:
[2025-10-21 06:33:09] - https://tumutanzi.com/feed
[2025-10-21 06:33:09] - https://tcxx.info/feed
[2025-10-21 06:33:09] - https://geekinney.com/index.xml
[2025-10-21 06:33:09] ✘ 有 2 条订阅头像无法访问, 已使用默认头像:
[2025-10-21 06:33:09] - https://www.loyhome.com/feed
[2025-10-21 06:33:09] - http://feeds.feedburner.com/ruanyifeng
[2025-10-21 07:22:23] 本次订阅抓取结果统计:
[2025-10-21 07:22:23] 共 28 条RSS, 成功抓取 25 条.
[2025-10-21 07:22:23] ✘ 有 3 条订阅解析失败:
[2025-10-21 07:22:23] - https://tcxx.info/feed
[2025-10-21 07:22:23] - https://tumutanzi.com/feed
[2025-10-21 07:22:23] - https://geekinney.com/index.xml
[2025-10-21 07:22:23] ✘ 有 2 条订阅头像无法访问, 已使用默认头像:
[2025-10-21 07:22:23] - http://feeds.feedburner.com/ruanyifeng
[2025-10-21 07:22:23] - https://www.loyhome.com/feed
[2025-10-21 08:31:44] 本次订阅抓取结果统计:
[2025-10-21 08:31:44] 共 28 条RSS, 成功抓取 25 条.
[2025-10-21 08:31:44] ✘ 有 3 条订阅解析失败:
[2025-10-21 08:31:44] - https://tcxx.info/feed
[2025-10-21 08:31:44] - https://tumutanzi.com/feed
[2025-10-21 08:31:44] - https://geekinney.com/index.xml
[2025-10-21 08:31:44] ✘ 有 2 条订阅头像无法访问, 已使用默认头像:
[2025-10-21 08:31:44] - http://feeds.feedburner.com/ruanyifeng
[2025-10-21 08:31:44] - https://www.loyhome.com/feed
[2025-10-21 09:24:55] 本次订阅抓取结果统计:
[2025-10-21 09:24:55] 共 28 条RSS, 成功抓取 25 条.
[2025-10-21 09:24:55] ✘ 有 3 条订阅解析失败:
[2025-10-21 09:24:55] - https://tumutanzi.com/feed
[2025-10-21 09:24:55] - https://tcxx.info/feed
[2025-10-21 09:24:55] - https://geekinney.com/index.xml
[2025-10-21 09:24:55] ✘ 有 2 条订阅头像无法访问, 已使用默认头像:
[2025-10-21 09:24:55] - http://feeds.feedburner.com/ruanyifeng
[2025-10-21 09:24:55] - https://www.loyhome.com/feed
[2025-10-21 10:23:51] 本次订阅抓取结果统计:
[2025-10-21 10:23:51] 共 28 条RSS, 成功抓取 25 条.
[2025-10-21 10:23:51] ✘ 有 3 条订阅解析失败:
[2025-10-21 10:23:51] - https://tumutanzi.com/feed
[2025-10-21 10:23:51] - https://tcxx.info/feed
[2025-10-21 10:23:51] - https://geekinney.com/index.xml
[2025-10-21 10:23:51] ✘ 有 2 条订阅头像无法访问, 已使用默认头像:
[2025-10-21 10:23:51] - http://feeds.feedburner.com/ruanyifeng
[2025-10-21 10:23:51] - https://www.loyhome.com/feed
[2025-10-21 11:18:42] 本次订阅抓取结果统计:
[2025-10-21 11:18:42] 共 28 条RSS, 成功抓取 25 条.
[2025-10-21 11:18:42] ✘ 有 3 条订阅解析失败:
[2025-10-21 11:18:42] - https://tumutanzi.com/feed
[2025-10-21 11:18:42] - https://tcxx.info/feed
[2025-10-21 11:18:42] - https://geekinney.com/index.xml
[2025-10-21 11:18:42] ✘ 有 2 条订阅头像无法访问, 已使用默认头像:
[2025-10-21 11:18:42] - https://www.loyhome.com/feed
[2025-10-21 11:18:42] - http://feeds.feedburner.com/ruanyifeng
[2025-10-21 12:48:24] 本次订阅抓取结果统计:
[2025-10-21 12:48:24] 共 28 条RSS, 成功抓取 25 条.
[2025-10-21 12:48:24] ✘ 有 3 条订阅解析失败:
[2025-10-21 12:48:24] - https://tcxx.info/feed
[2025-10-21 12:48:24] - https://tumutanzi.com/feed
[2025-10-21 12:48:24] - https://geekinney.com/index.xml
[2025-10-21 12:48:24] ✘ 有 2 条订阅头像无法访问, 已使用默认头像:
[2025-10-21 12:48:24] - https://www.loyhome.com/feed
[2025-10-21 12:48:24] - http://feeds.feedburner.com/ruanyifeng
[2025-10-21 13:35:38] 本次订阅抓取结果统计:
[2025-10-21 13:35:38] 共 28 条RSS, 成功抓取 25 条.
[2025-10-21 13:35:38] ✘ 有 3 条订阅解析失败:
[2025-10-21 13:35:38] - https://tcxx.info/feed
[2025-10-21 13:35:38] - https://tumutanzi.com/feed
[2025-10-21 13:35:38] - https://geekinney.com/index.xml
[2025-10-21 13:35:38] ✘ 有 2 条订阅头像无法访问, 已使用默认头像:
[2025-10-21 13:35:38] - http://feeds.feedburner.com/ruanyifeng
[2025-10-21 13:35:38] - https://www.loyhome.com/feed
[2025-10-21 14:20:48] 本次订阅抓取结果统计:
[2025-10-21 14:20:48] 共 28 条RSS, 成功抓取 25 条.
[2025-10-21 14:20:48] ✘ 有 3 条订阅解析失败:
[2025-10-21 14:20:48] - https://tumutanzi.com/feed
[2025-10-21 14:20:48] - https://tcxx.info/feed
[2025-10-21 14:20:48] - https://geekinney.com/index.xml
[2025-10-21 14:20:48] ✘ 有 2 条订阅头像无法访问, 已使用默认头像:
[2025-10-21 14:20:48] - http://feeds.feedburner.com/ruanyifeng
[2025-10-21 14:20:48] - https://www.loyhome.com/feed
[2025-10-21 15:22:26] 本次订阅抓取结果统计:
[2025-10-21 15:22:26] 共 28 条RSS, 成功抓取 25 条.
[2025-10-21 15:22:26] ✘ 有 3 条订阅解析失败:
[2025-10-21 15:22:26] - https://tcxx.info/feed
[2025-10-21 15:22:26] - https://tumutanzi.com/feed
[2025-10-21 15:22:26] - https://geekinney.com/index.xml
[2025-10-21 15:22:26] ✘ 有 2 条订阅头像无法访问, 已使用默认头像:
[2025-10-21 15:22:26] - https://www.loyhome.com/feed
[2025-10-21 15:22:26] - http://feeds.feedburner.com/ruanyifeng
[2025-10-21 16:33:06] 本次订阅抓取结果统计:
[2025-10-21 16:33:06] 共 28 条RSS, 成功抓取 25 条.
[2025-10-21 16:33:06] ✘ 有 3 条订阅解析失败:
[2025-10-21 16:33:06] - https://tumutanzi.com/feed
[2025-10-21 16:33:06] - https://tcxx.info/feed
[2025-10-21 16:33:06] - https://geekinney.com/index.xml
[2025-10-21 16:33:06] ✘ 有 2 条订阅头像无法访问, 已使用默认头像:
[2025-10-21 16:33:06] - https://www.loyhome.com/feed
[2025-10-21 16:33:06] - http://feeds.feedburner.com/ruanyifeng
[2025-10-21 17:24:04] 本次订阅抓取结果统计:
[2025-10-21 17:24:04] 共 28 条RSS, 成功抓取 25 条.
[2025-10-21 17:24:04] ✘ 有 3 条订阅解析失败:
[2025-10-21 17:24:04] - https://tumutanzi.com/feed
[2025-10-21 17:24:04] - https://tcxx.info/feed
[2025-10-21 17:24:04] - https://geekinney.com/index.xml
[2025-10-21 17:24:04] ✘ 有 2 条订阅头像无法访问, 已使用默认头像:
[2025-10-21 17:24:04] - http://feeds.feedburner.com/ruanyifeng
[2025-10-21 17:24:04] - https://www.loyhome.com/feed
