[2025-12-28 02:07:06] 本次订阅抓取结果统计:
[2025-12-28 02:07:06] 共 28 条RSS, 成功抓取 25 条.
[2025-12-28 02:07:06] ✘ 有 3 条订阅解析失败:
[2025-12-28 02:07:06] - https://tumutanzi.com/feed
[2025-12-28 02:07:06] - https://tcxx.info/feed
[2025-12-28 02:07:06] - https://geekinney.com/index.xml
[2025-12-28 02:07:06] ✘ 有 2 条订阅头像无法访问, 已使用默认头像:
[2025-12-28 02:07:06] - https://oba.by/feed
[2025-12-28 02:07:06] - http://feeds.feedburner.com/ruanyifeng
[2025-12-28 04:09:20] 本次订阅抓取结果统计:
[2025-12-28 04:09:20] 共 28 条RSS, 成功抓取 25 条.
[2025-12-28 04:09:20] ✘ 有 3 条订阅解析失败:
[2025-12-28 04:09:20] - https://tumutanzi.com/feed
[2025-12-28 04:09:20] - https://tcxx.info/feed
[2025-12-28 04:09:20] - https://geekinney.com/index.xml
[2025-12-28 04:09:20] ✘ 有 2 条订阅头像无法访问, 已使用默认头像:
[2025-12-28 04:09:20] - https://oba.by/feed
[2025-12-28 04:09:20] - http://feeds.feedburner.com/ruanyifeng
[2025-12-28 05:27:55] 本次订阅抓取结果统计:
[2025-12-28 05:27:55] 共 28 条RSS, 成功抓取 25 条.
[2025-12-28 05:27:55] ✘ 有 3 条订阅解析失败:
[2025-12-28 05:27:55] - https://tcxx.info/feed
[2025-12-28 05:27:55] - https://tumutanzi.com/feed
[2025-12-28 05:27:55] - https://geekinney.com/index.xml
[2025-12-28 05:27:55] ✘ 有 2 条订阅头像无法访问, 已使用默认头像:
[2025-12-28 05:27:55] - https://oba.by/feed
[2025-12-28 05:27:55] - http://feeds.feedburner.com/ruanyifeng
[2025-12-28 06:36:03] 本次订阅抓取结果统计:
[2025-12-28 06:36:03] 共 28 条RSS, 成功抓取 25 条.
[2025-12-28 06:36:03] ✘ 有 3 条订阅解析失败:
[2025-12-28 06:36:03] - https://tcxx.info/feed
[2025-12-28 06:36:03] - https://tumutanzi.com/feed
[2025-12-28 06:36:03] - https://geekinney.com/index.xml
[2025-12-28 06:36:03] ✘ 有 3 条订阅头像无法访问, 已使用默认头像:
[2025-12-28 06:36:03] - https://oba.by/feed
[2025-12-28 06:36:03] - http://feeds.feedburner.com/ruanyifeng
[2025-12-28 06:36:03] - https://xyzbz.cn/feed
[2025-12-28 07:23:12] 本次订阅抓取结果统计:
[2025-12-28 07:23:12] 共 28 条RSS, 成功抓取 25 条.
[2025-12-28 07:23:12] ✘ 有 3 条订阅解析失败:
[2025-12-28 07:23:12] - https://tumutanzi.com/feed
[2025-12-28 07:23:12] - https://tcxx.info/feed
[2025-12-28 07:23:12] - https://geekinney.com/index.xml
[2025-12-28 07:23:12] ✘ 有 3 条订阅头像无法访问, 已使用默认头像:
[2025-12-28 07:23:12] - https://oba.by/feed
[2025-12-28 07:23:12] - http://feeds.feedburner.com/ruanyifeng
[2025-12-28 07:23:12] - https://www.loyhome.com/feed
[2025-12-28 08:31:03] 本次订阅抓取结果统计:
[2025-12-28 08:31:03] 共 28 条RSS, 成功抓取 25 条.
[2025-12-28 08:31:03] ✘ 有 3 条订阅解析失败:
[2025-12-28 08:31:03] - https://tumutanzi.com/feed
[2025-12-28 08:31:03] - https://tcxx.info/feed
[2025-12-28 08:31:03] - https://geekinney.com/index.xml
[2025-12-28 08:31:03] ✘ 有 3 条订阅头像无法访问, 已使用默认头像:
[2025-12-28 08:31:03] - https://oba.by/feed
[2025-12-28 08:31:03] - http://feeds.feedburner.com/ruanyifeng
[2025-12-28 08:31:03] - https://www.loyhome.com/feed
[2025-12-28 09:24:17] 本次订阅抓取结果统计:
[2025-12-28 09:24:17] 共 28 条RSS, 成功抓取 25 条.
[2025-12-28 09:24:17] ✘ 有 3 条订阅解析失败:
[2025-12-28 09:24:17] - https://tcxx.info/feed
[2025-12-28 09:24:17] - https://tumutanzi.com/feed
[2025-12-28 09:24:17] - https://geekinney.com/index.xml
[2025-12-28 09:24:17] ✘ 有 2 条订阅头像无法访问, 已使用默认头像:
[2025-12-28 09:24:17] - https://oba.by/feed
[2025-12-28 09:24:17] - http://feeds.feedburner.com/ruanyifeng
[2025-12-28 10:24:07] 本次订阅抓取结果统计:
[2025-12-28 10:24:07] 共 28 条RSS, 成功抓取 25 条.
[2025-12-28 10:24:07] ✘ 有 3 条订阅解析失败:
[2025-12-28 10:24:07] - https://tumutanzi.com/feed
[2025-12-28 10:24:07] - https://tcxx.info/feed
[2025-12-28 10:24:07] - https://geekinney.com/index.xml
[2025-12-28 10:24:07] ✘ 有 2 条订阅头像无法访问, 已使用默认头像:
[2025-12-28 10:24:07] - https://oba.by/feed
[2025-12-28 10:24:07] - http://feeds.feedburner.com/ruanyifeng
[2025-12-28 11:20:17] 本次订阅抓取结果统计:
[2025-12-28 11:20:17] 共 28 条RSS, 成功抓取 25 条.
[2025-12-28 11:20:17] ✘ 有 3 条订阅解析失败:
[2025-12-28 11:20:17] - https://tumutanzi.com/feed
[2025-12-28 11:20:17] - https://tcxx.info/feed
[2025-12-28 11:20:17] - https://geekinney.com/index.xml
[2025-12-28 11:20:17] ✘ 有 4 条订阅头像无法访问, 已使用默认头像:
[2025-12-28 11:20:17] - https://oba.by/feed
[2025-12-28 11:20:17] - http://feeds.feedburner.com/ruanyifeng
[2025-12-28 11:20:17] - https://www.loyhome.com/feed
[2025-12-28 11:20:17] - https://xyzbz.cn/feed
[2025-12-28 12:47:12] 本次订阅抓取结果统计:
[2025-12-28 12:47:12] 共 28 条RSS, 成功抓取 25 条.
[2025-12-28 12:47:12] ✘ 有 3 条订阅解析失败:
[2025-12-28 12:47:12] - https://tcxx.info/feed
[2025-12-28 12:47:12] - https://tumutanzi.com/feed
[2025-12-28 12:47:12] - https://geekinney.com/index.xml
[2025-12-28 12:47:12] ✘ 有 2 条订阅头像无法访问, 已使用默认头像:
[2025-12-28 12:47:12] - https://oba.by/feed
[2025-12-28 12:47:12] - http://feeds.feedburner.com/ruanyifeng
[2025-12-28 13:31:31] 本次订阅抓取结果统计:
[2025-12-28 13:31:31] 共 28 条RSS, 成功抓取 25 条.
[2025-12-28 13:31:31] ✘ 有 3 条订阅解析失败:
[2025-12-28 13:31:31] - https://tcxx.info/feed
[2025-12-28 13:31:31] - https://tumutanzi.com/feed
[2025-12-28 13:31:31] - https://geekinney.com/index.xml
[2025-12-28 13:31:31] ✘ 有 2 条订阅头像无法访问, 已使用默认头像:
[2025-12-28 13:31:31] - https://oba.by/feed
[2025-12-28 13:31:31] - http://feeds.feedburner.com/ruanyifeng
[2025-12-28 14:22:37] 本次订阅抓取结果统计:
[2025-12-28 14:22:37] 共 28 条RSS, 成功抓取 25 条.
[2025-12-28 14:22:37] ✘ 有 3 条订阅解析失败:
[2025-12-28 14:22:37] - https://tcxx.info/feed
[2025-12-28 14:22:37] - https://tumutanzi.com/feed
[2025-12-28 14:22:37] - https://geekinney.com/index.xml
[2025-12-28 14:22:37] ✘ 有 2 条订阅头像无法访问, 已使用默认头像:
[2025-12-28 14:22:37] - https://oba.by/feed
[2025-12-28 14:22:37] - http://feeds.feedburner.com/ruanyifeng
[2025-12-28 15:22:55] 本次订阅抓取结果统计:
[2025-12-28 15:22:55] 共 28 条RSS, 成功抓取 25 条.
[2025-12-28 15:22:55] ✘ 有 3 条订阅解析失败:
[2025-12-28 15:22:55] - https://tcxx.info/feed
[2025-12-28 15:22:55] - https://tumutanzi.com/feed
[2025-12-28 15:22:55] - https://geekinney.com/index.xml
[2025-12-28 15:22:55] ✘ 有 2 条订阅头像无法访问, 已使用默认头像:
[2025-12-28 15:22:55] - https://oba.by/feed
[2025-12-28 15:22:55] - http://feeds.feedburner.com/ruanyifeng
[2025-12-28 16:29:12] 本次订阅抓取结果统计:
[2025-12-28 16:29:12] 共 28 条RSS, 成功抓取 25 条.
[2025-12-28 16:29:12] ✘ 有 3 条订阅解析失败:
[2025-12-28 16:29:12] - https://tcxx.info/feed
[2025-12-28 16:29:12] - https://tumutanzi.com/feed
[2025-12-28 16:29:12] - https://geekinney.com/index.xml
[2025-12-28 16:29:12] ✘ 有 2 条订阅头像无法访问, 已使用默认头像:
[2025-12-28 16:29:12] - https://oba.by/feed
[2025-12-28 16:29:12] - http://feeds.feedburner.com/ruanyifeng
[2025-12-28 17:20:39] 本次订阅抓取结果统计:
[2025-12-28 17:20:39] 共 28 条RSS, 成功抓取 25 条.
[2025-12-28 17:20:39] ✘ 有 3 条订阅解析失败:
[2025-12-28 17:20:39] - https://tumutanzi.com/feed
[2025-12-28 17:20:39] - https://tcxx.info/feed
[2025-12-28 17:20:39] - https://geekinney.com/index.xml
[2025-12-28 17:20:39] ✘ 有 2 条订阅头像无法访问, 已使用默认头像:
[2025-12-28 17:20:39] - https://oba.by/feed
[2025-12-28 17:20:39] - http://feeds.feedburner.com/ruanyifeng
[2025-12-28 18:33:41] 本次订阅抓取结果统计:
[2025-12-28 18:33:41] 共 28 条RSS, 成功抓取 25 条.
[2025-12-28 18:33:41] ✘ 有 3 条订阅解析失败:
[2025-12-28 18:33:41] - https://tcxx.info/feed
[2025-12-28 18:33:41] - https://tumutanzi.com/feed
[2025-12-28 18:33:41] - https://geekinney.com/index.xml
[2025-12-28 18:33:41] ✘ 有 2 条订阅头像无法访问, 已使用默认头像:
[2025-12-28 18:33:41] - https://oba.by/feed
[2025-12-28 18:33:41] - http://feeds.feedburner.com/ruanyifeng
[2025-12-28 19:18:42] 本次订阅抓取结果统计:
[2025-12-28 19:18:42] 共 28 条RSS, 成功抓取 25 条.
[2025-12-28 19:18:42] ✘ 有 3 条订阅解析失败:
[2025-12-28 19:18:42] - https://tumutanzi.com/feed
[2025-12-28 19:18:42] - https://tcxx.info/feed
[2025-12-28 19:18:42] - https://geekinney.com/index.xml
[2025-12-28 19:18:42] ✘ 有 3 条订阅头像无法访问, 已使用默认头像:
[2025-12-28 19:18:42] - https://oba.by/feed
[2025-12-28 19:18:42] - http://feeds.feedburner.com/ruanyifeng
[2025-12-28 19:18:42] - https://xyzbz.cn/feed
