[2025-06-28 01:49:14] 本次订阅抓取结果统计:
[2025-06-28 01:49:14] 共 28 条RSS, 成功抓取 27 条.
[2025-06-28 01:49:14] ✘ 有 1 条订阅解析失败:
[2025-06-28 01:49:14] - https://tcxx.info/feed
[2025-06-28 01:49:14] ✘ 有 2 条订阅头像无法访问, 已使用默认头像:
[2025-06-28 01:49:14] - http://feeds.feedburner.com/ruanyifeng
[2025-06-28 01:49:14] - https://www.loyhome.com/feed
[2025-06-28 03:15:45] 本次订阅抓取结果统计:
[2025-06-28 03:15:45] 共 28 条RSS, 成功抓取 27 条.
[2025-06-28 03:15:45] ✘ 有 1 条订阅解析失败:
[2025-06-28 03:15:45] - https://tcxx.info/feed
[2025-06-28 03:15:45] ✘ 有 2 条订阅头像无法访问, 已使用默认头像:
[2025-06-28 03:15:45] - http://feeds.feedburner.com/ruanyifeng
[2025-06-28 03:15:45] - https://www.loyhome.com/feed
[2025-06-28 04:28:28] 本次订阅抓取结果统计:
[2025-06-28 04:28:28] 共 28 条RSS, 成功抓取 27 条.
[2025-06-28 04:28:28] ✘ 有 1 条订阅解析失败:
[2025-06-28 04:28:28] - https://tcxx.info/feed
[2025-06-28 04:28:28] ✘ 有 2 条订阅头像无法访问, 已使用默认头像:
[2025-06-28 04:28:28] - http://feeds.feedburner.com/ruanyifeng
[2025-06-28 04:28:28] - https://www.loyhome.com/feed
