[2025-08-06 02:03:46] 本次订阅抓取结果统计:
[2025-08-06 02:03:46] 共 28 条RSS, 成功抓取 26 条.
[2025-08-06 02:03:46] ✘ 有 2 条订阅解析失败:
[2025-08-06 02:03:46] - https://tumutanzi.com/feed
[2025-08-06 02:03:46] - https://tcxx.info/feed
[2025-08-06 02:03:46] ✘ 有 3 条订阅头像无法访问, 已使用默认头像:
[2025-08-06 02:03:46] - http://feeds.feedburner.com/ruanyifeng
[2025-08-06 02:03:46] - https://www.loyhome.com/feed
[2025-08-06 02:03:46] - https://xyzbz.cn/feed
[2025-08-06 04:06:55] 本次订阅抓取结果统计:
[2025-08-06 04:06:55] 共 28 条RSS, 成功抓取 26 条.
[2025-08-06 04:06:55] ✘ 有 2 条订阅解析失败:
[2025-08-06 04:06:55] - https://tcxx.info/feed
[2025-08-06 04:06:55] - https://tumutanzi.com/feed
[2025-08-06 04:06:55] ✘ 有 2 条订阅头像无法访问, 已使用默认头像:
[2025-08-06 04:06:55] - http://feeds.feedburner.com/ruanyifeng
[2025-08-06 04:06:55] - https://www.loyhome.com/feed
[2025-08-06 05:33:01] 本次订阅抓取结果统计:
[2025-08-06 05:33:01] 共 28 条RSS, 成功抓取 26 条.
[2025-08-06 05:33:01] ✘ 有 2 条订阅解析失败:
[2025-08-06 05:33:01] - https://tumutanzi.com/feed
[2025-08-06 05:33:01] - https://tcxx.info/feed
[2025-08-06 05:33:01] ✘ 有 2 条订阅头像无法访问, 已使用默认头像:
[2025-08-06 05:33:01] - http://feeds.feedburner.com/ruanyifeng
[2025-08-06 05:33:01] - https://www.loyhome.com/feed
[2025-08-06 06:38:41] 本次订阅抓取结果统计:
[2025-08-06 06:38:41] 共 28 条RSS, 成功抓取 26 条.
[2025-08-06 06:38:41] ✘ 有 2 条订阅解析失败:
[2025-08-06 06:38:41] - https://tcxx.info/feed
[2025-08-06 06:38:41] - https://tumutanzi.com/feed
[2025-08-06 06:38:41] ✘ 有 2 条订阅头像无法访问, 已使用默认头像:
[2025-08-06 06:38:41] - http://feeds.feedburner.com/ruanyifeng
[2025-08-06 06:38:41] - https://www.loyhome.com/feed
[2025-08-06 07:28:47] 本次订阅抓取结果统计:
[2025-08-06 07:28:47] 共 28 条RSS, 成功抓取 26 条.
[2025-08-06 07:28:47] ✘ 有 2 条订阅解析失败:
[2025-08-06 07:28:47] - https://tcxx.info/feed
[2025-08-06 07:28:47] - https://tumutanzi.com/feed
[2025-08-06 07:28:47] ✘ 有 2 条订阅头像无法访问, 已使用默认头像:
[2025-08-06 07:28:47] - http://feeds.feedburner.com/ruanyifeng
[2025-08-06 07:28:47] - https://www.loyhome.com/feed
[2025-08-06 08:34:02] 本次订阅抓取结果统计:
[2025-08-06 08:34:02] 共 28 条RSS, 成功抓取 26 条.
[2025-08-06 08:34:02] ✘ 有 2 条订阅解析失败:
[2025-08-06 08:34:02] - https://tcxx.info/feed
[2025-08-06 08:34:02] - https://tumutanzi.com/feed
[2025-08-06 08:34:02] ✘ 有 2 条订阅头像无法访问, 已使用默认头像:
[2025-08-06 08:34:02] - http://feeds.feedburner.com/ruanyifeng
[2025-08-06 08:34:02] - https://www.loyhome.com/feed
[2025-08-06 09:31:42] 本次订阅抓取结果统计:
[2025-08-06 09:31:42] 共 28 条RSS, 成功抓取 26 条.
[2025-08-06 09:31:42] ✘ 有 2 条订阅解析失败:
[2025-08-06 09:31:42] - https://tumutanzi.com/feed
[2025-08-06 09:31:42] - https://tcxx.info/feed
[2025-08-06 09:31:42] ✘ 有 2 条订阅头像无法访问, 已使用默认头像:
[2025-08-06 09:31:42] - http://feeds.feedburner.com/ruanyifeng
[2025-08-06 09:31:42] - https://www.loyhome.com/feed
