[2025-12-27 01:53:37] 本次订阅抓取结果统计:
[2025-12-27 01:53:37] 共 28 条RSS, 成功抓取 25 条.
[2025-12-27 01:53:37] ✘ 有 3 条订阅解析失败:
[2025-12-27 01:53:37] - https://tumutanzi.com/feed
[2025-12-27 01:53:37] - https://tcxx.info/feed
[2025-12-27 01:53:37] - https://geekinney.com/index.xml
[2025-12-27 01:53:37] ✘ 有 2 条订阅头像无法访问, 已使用默认头像:
[2025-12-27 01:53:37] - https://oba.by/feed
[2025-12-27 01:53:37] - http://feeds.feedburner.com/ruanyifeng
[2025-12-27 03:25:49] 本次订阅抓取结果统计:
[2025-12-27 03:25:49] 共 28 条RSS, 成功抓取 25 条.
[2025-12-27 03:25:49] ✘ 有 3 条订阅解析失败:
[2025-12-27 03:25:49] - https://tcxx.info/feed
[2025-12-27 03:25:49] - https://tumutanzi.com/feed
[2025-12-27 03:25:49] - https://geekinney.com/index.xml
[2025-12-27 03:25:49] ✘ 有 3 条订阅头像无法访问, 已使用默认头像:
[2025-12-27 03:25:49] - https://oba.by/feed
[2025-12-27 03:25:49] - http://feeds.feedburner.com/ruanyifeng
[2025-12-27 03:25:49] - https://xyzbz.cn/feed
[2025-12-27 04:35:14] 本次订阅抓取结果统计:
[2025-12-27 04:35:14] 共 28 条RSS, 成功抓取 25 条.
[2025-12-27 04:35:14] ✘ 有 3 条订阅解析失败:
[2025-12-27 04:35:14] - https://tcxx.info/feed
[2025-12-27 04:35:14] - https://tumutanzi.com/feed
[2025-12-27 04:35:14] - https://geekinney.com/index.xml
[2025-12-27 04:35:14] ✘ 有 2 条订阅头像无法访问, 已使用默认头像:
[2025-12-27 04:35:14] - https://oba.by/feed
[2025-12-27 04:35:14] - http://feeds.feedburner.com/ruanyifeng
[2025-12-27 05:25:02] 本次订阅抓取结果统计:
[2025-12-27 05:25:02] 共 28 条RSS, 成功抓取 25 条.
[2025-12-27 05:25:02] ✘ 有 3 条订阅解析失败:
[2025-12-27 05:25:02] - https://tumutanzi.com/feed
[2025-12-27 05:25:02] - https://tcxx.info/feed
[2025-12-27 05:25:02] - https://geekinney.com/index.xml
[2025-12-27 05:25:02] ✘ 有 2 条订阅头像无法访问, 已使用默认头像:
[2025-12-27 05:25:02] - https://oba.by/feed
[2025-12-27 05:25:02] - http://feeds.feedburner.com/ruanyifeng
[2025-12-27 06:35:54] 本次订阅抓取结果统计:
[2025-12-27 06:35:54] 共 28 条RSS, 成功抓取 25 条.
[2025-12-27 06:35:54] ✘ 有 3 条订阅解析失败:
[2025-12-27 06:35:54] - https://tcxx.info/feed
[2025-12-27 06:35:54] - https://tumutanzi.com/feed
[2025-12-27 06:35:54] - https://geekinney.com/index.xml
[2025-12-27 06:35:54] ✘ 有 2 条订阅头像无法访问, 已使用默认头像:
[2025-12-27 06:35:54] - https://oba.by/feed
[2025-12-27 06:35:54] - http://feeds.feedburner.com/ruanyifeng
[2025-12-27 07:21:35] 本次订阅抓取结果统计:
[2025-12-27 07:21:35] 共 28 条RSS, 成功抓取 25 条.
[2025-12-27 07:21:35] ✘ 有 3 条订阅解析失败:
[2025-12-27 07:21:35] - https://tcxx.info/feed
[2025-12-27 07:21:35] - https://tumutanzi.com/feed
[2025-12-27 07:21:35] - https://geekinney.com/index.xml
[2025-12-27 07:21:35] ✘ 有 2 条订阅头像无法访问, 已使用默认头像:
[2025-12-27 07:21:35] - https://oba.by/feed
[2025-12-27 07:21:35] - http://feeds.feedburner.com/ruanyifeng
[2025-12-27 08:30:47] 本次订阅抓取结果统计:
[2025-12-27 08:30:47] 共 28 条RSS, 成功抓取 25 条.
[2025-12-27 08:30:47] ✘ 有 3 条订阅解析失败:
[2025-12-27 08:30:47] - https://tcxx.info/feed
[2025-12-27 08:30:47] - https://tumutanzi.com/feed
[2025-12-27 08:30:47] - https://geekinney.com/index.xml
[2025-12-27 08:30:47] ✘ 有 2 条订阅头像无法访问, 已使用默认头像:
[2025-12-27 08:30:47] - https://oba.by/feed
[2025-12-27 08:30:47] - http://feeds.feedburner.com/ruanyifeng
[2025-12-27 09:24:30] 本次订阅抓取结果统计:
[2025-12-27 09:24:30] 共 28 条RSS, 成功抓取 25 条.
[2025-12-27 09:24:30] ✘ 有 3 条订阅解析失败:
[2025-12-27 09:24:30] - https://tcxx.info/feed
[2025-12-27 09:24:30] - https://tumutanzi.com/feed
[2025-12-27 09:24:30] - https://geekinney.com/index.xml
[2025-12-27 09:24:30] ✘ 有 3 条订阅头像无法访问, 已使用默认头像:
[2025-12-27 09:24:30] - https://oba.by/feed
[2025-12-27 09:24:30] - http://feeds.feedburner.com/ruanyifeng
[2025-12-27 09:24:30] - https://www.shephe.com/feed
[2025-12-27 10:23:48] 本次订阅抓取结果统计:
[2025-12-27 10:23:48] 共 28 条RSS, 成功抓取 25 条.
[2025-12-27 10:23:48] ✘ 有 3 条订阅解析失败:
[2025-12-27 10:23:48] - https://tumutanzi.com/feed
[2025-12-27 10:23:48] - https://tcxx.info/feed
[2025-12-27 10:23:48] - https://geekinney.com/index.xml
[2025-12-27 10:23:48] ✘ 有 3 条订阅头像无法访问, 已使用默认头像:
[2025-12-27 10:23:48] - https://oba.by/feed
[2025-12-27 10:23:48] - http://feeds.feedburner.com/ruanyifeng
[2025-12-27 10:23:48] - https://www.loyhome.com/feed
