[2025-11-23 02:01:40] 本次订阅抓取结果统计:
[2025-11-23 02:01:40] 共 28 条RSS, 成功抓取 25 条.
[2025-11-23 02:01:40] ✘ 有 3 条订阅解析失败:
[2025-11-23 02:01:40] - https://tcxx.info/feed
[2025-11-23 02:01:40] - https://tumutanzi.com/feed
[2025-11-23 02:01:40] - https://geekinney.com/index.xml
[2025-11-23 02:01:40] ✘ 有 3 条订阅头像无法访问, 已使用默认头像:
[2025-11-23 02:01:40] - http://feeds.feedburner.com/ruanyifeng
[2025-11-23 02:01:40] - https://www.loyhome.com/feed
[2025-11-23 02:01:40] - https://xyzbz.cn/feed
[2025-11-23 03:57:18] 本次订阅抓取结果统计:
[2025-11-23 03:57:18] 共 28 条RSS, 成功抓取 25 条.
[2025-11-23 03:57:18] ✘ 有 3 条订阅解析失败:
[2025-11-23 03:57:18] - https://tcxx.info/feed
[2025-11-23 03:57:18] - https://tumutanzi.com/feed
[2025-11-23 03:57:18] - https://geekinney.com/index.xml
[2025-11-23 03:57:18] ✘ 有 2 条订阅头像无法访问, 已使用默认头像:
[2025-11-23 03:57:18] - https://www.loyhome.com/feed
[2025-11-23 03:57:18] - http://feeds.feedburner.com/ruanyifeng
[2025-11-23 04:37:43] 本次订阅抓取结果统计:
[2025-11-23 04:37:43] 共 28 条RSS, 成功抓取 25 条.
[2025-11-23 04:37:43] ✘ 有 3 条订阅解析失败:
[2025-11-23 04:37:43] - https://tumutanzi.com/feed
[2025-11-23 04:37:43] - https://tcxx.info/feed
[2025-11-23 04:37:43] - https://geekinney.com/index.xml
[2025-11-23 04:37:43] ✘ 有 2 条订阅头像无法访问, 已使用默认头像:
[2025-11-23 04:37:43] - http://feeds.feedburner.com/ruanyifeng
[2025-11-23 04:37:43] - https://www.loyhome.com/feed
[2025-11-23 05:21:44] 本次订阅抓取结果统计:
[2025-11-23 05:21:44] 共 28 条RSS, 成功抓取 25 条.
[2025-11-23 05:21:44] ✘ 有 3 条订阅解析失败:
[2025-11-23 05:21:44] - https://tcxx.info/feed
[2025-11-23 05:21:44] - https://tumutanzi.com/feed
[2025-11-23 05:21:44] - https://geekinney.com/index.xml
[2025-11-23 05:21:44] ✘ 有 2 条订阅头像无法访问, 已使用默认头像:
[2025-11-23 05:21:44] - https://www.loyhome.com/feed
[2025-11-23 05:21:44] - http://feeds.feedburner.com/ruanyifeng
[2025-11-23 06:32:21] 本次订阅抓取结果统计:
[2025-11-23 06:32:21] 共 28 条RSS, 成功抓取 25 条.
[2025-11-23 06:32:21] ✘ 有 3 条订阅解析失败:
[2025-11-23 06:32:21] - https://tumutanzi.com/feed
[2025-11-23 06:32:21] - https://tcxx.info/feed
[2025-11-23 06:32:21] - https://geekinney.com/index.xml
[2025-11-23 06:32:21] ✘ 有 2 条订阅头像无法访问, 已使用默认头像:
[2025-11-23 06:32:21] - https://www.loyhome.com/feed
[2025-11-23 06:32:21] - http://feeds.feedburner.com/ruanyifeng
[2025-11-23 07:20:33] 本次订阅抓取结果统计:
[2025-11-23 07:20:33] 共 28 条RSS, 成功抓取 25 条.
[2025-11-23 07:20:33] ✘ 有 3 条订阅解析失败:
[2025-11-23 07:20:33] - https://tcxx.info/feed
[2025-11-23 07:20:33] - https://tumutanzi.com/feed
[2025-11-23 07:20:33] - https://geekinney.com/index.xml
[2025-11-23 07:20:33] ✘ 有 2 条订阅头像无法访问, 已使用默认头像:
[2025-11-23 07:20:33] - http://feeds.feedburner.com/ruanyifeng
[2025-11-23 07:20:33] - https://www.loyhome.com/feed
