[2025-07-16 01:58:54] 本次订阅抓取结果统计:
[2025-07-16 01:58:54] 共 28 条RSS, 成功抓取 27 条.
[2025-07-16 01:58:54] ✘ 有 1 条订阅解析失败:
[2025-07-16 01:58:54] - https://tcxx.info/feed
[2025-07-16 01:58:54] ✘ 有 2 条订阅头像无法访问, 已使用默认头像:
[2025-07-16 01:58:54] - http://feeds.feedburner.com/ruanyifeng
[2025-07-16 01:58:54] - https://www.loyhome.com/feed
[2025-07-16 03:40:04] 本次订阅抓取结果统计:
[2025-07-16 03:40:04] 共 28 条RSS, 成功抓取 27 条.
[2025-07-16 03:40:04] ✘ 有 1 条订阅解析失败:
[2025-07-16 03:40:04] - https://tcxx.info/feed
[2025-07-16 03:40:04] ✘ 有 2 条订阅头像无法访问, 已使用默认头像:
[2025-07-16 03:40:04] - http://feeds.feedburner.com/ruanyifeng
[2025-07-16 03:40:04] - https://www.loyhome.com/feed
[2025-07-16 04:40:11] 本次订阅抓取结果统计:
[2025-07-16 04:40:11] 共 28 条RSS, 成功抓取 27 条.
[2025-07-16 04:40:11] ✘ 有 1 条订阅解析失败:
[2025-07-16 04:40:11] - https://tcxx.info/feed
[2025-07-16 04:40:11] ✘ 有 2 条订阅头像无法访问, 已使用默认头像:
[2025-07-16 04:40:11] - https://www.loyhome.com/feed
[2025-07-16 04:40:11] - http://feeds.feedburner.com/ruanyifeng
