[2025-10-01 01:50:37] 本次订阅抓取结果统计:
[2025-10-01 01:50:37] 共 28 条RSS, 成功抓取 25 条.
[2025-10-01 01:50:37] ✘ 有 3 条订阅解析失败:
[2025-10-01 01:50:37] - https://tumutanzi.com/feed
[2025-10-01 01:50:37] - https://tcxx.info/feed
[2025-10-01 01:50:37] - https://geekinney.com/index.xml
[2025-10-01 01:50:37] ✘ 有 2 条订阅头像无法访问, 已使用默认头像:
[2025-10-01 01:50:37] - http://feeds.feedburner.com/ruanyifeng
[2025-10-01 01:50:37] - https://www.loyhome.com/feed
[2025-10-01 03:13:23] 本次订阅抓取结果统计:
[2025-10-01 03:13:23] 共 28 条RSS, 成功抓取 25 条.
[2025-10-01 03:13:23] ✘ 有 3 条订阅解析失败:
[2025-10-01 03:13:23] - https://tcxx.info/feed
[2025-10-01 03:13:23] - https://tumutanzi.com/feed
[2025-10-01 03:13:23] - https://geekinney.com/index.xml
[2025-10-01 03:13:23] ✘ 有 2 条订阅头像无法访问, 已使用默认头像:
[2025-10-01 03:13:23] - http://feeds.feedburner.com/ruanyifeng
[2025-10-01 03:13:23] - https://www.loyhome.com/feed
[2025-10-01 04:25:36] 本次订阅抓取结果统计:
[2025-10-01 04:25:36] 共 28 条RSS, 成功抓取 25 条.
[2025-10-01 04:25:36] ✘ 有 3 条订阅解析失败:
[2025-10-01 04:25:36] - https://tcxx.info/feed
[2025-10-01 04:25:36] - https://tumutanzi.com/feed
[2025-10-01 04:25:36] - https://geekinney.com/index.xml
[2025-10-01 04:25:36] ✘ 有 2 条订阅头像无法访问, 已使用默认头像:
[2025-10-01 04:25:36] - http://feeds.feedburner.com/ruanyifeng
[2025-10-01 04:25:36] - https://www.loyhome.com/feed
[2025-10-01 05:21:29] 本次订阅抓取结果统计:
[2025-10-01 05:21:29] 共 28 条RSS, 成功抓取 25 条.
[2025-10-01 05:21:29] ✘ 有 3 条订阅解析失败:
[2025-10-01 05:21:29] - https://tumutanzi.com/feed
[2025-10-01 05:21:29] - https://tcxx.info/feed
[2025-10-01 05:21:29] - https://geekinney.com/index.xml
[2025-10-01 05:21:29] ✘ 有 2 条订阅头像无法访问, 已使用默认头像:
[2025-10-01 05:21:29] - http://feeds.feedburner.com/ruanyifeng
[2025-10-01 05:21:29] - https://www.loyhome.com/feed
[2025-10-01 06:32:45] 本次订阅抓取结果统计:
[2025-10-01 06:32:45] 共 28 条RSS, 成功抓取 25 条.
[2025-10-01 06:32:45] ✘ 有 3 条订阅解析失败:
[2025-10-01 06:32:45] - https://tumutanzi.com/feed
[2025-10-01 06:32:45] - https://tcxx.info/feed
[2025-10-01 06:32:45] - https://geekinney.com/index.xml
[2025-10-01 06:32:45] ✘ 有 2 条订阅头像无法访问, 已使用默认头像:
[2025-10-01 06:32:45] - https://www.loyhome.com/feed
[2025-10-01 06:32:45] - http://feeds.feedburner.com/ruanyifeng
