[2025-10-08 01:40:06] 本次订阅抓取结果统计:
[2025-10-08 01:40:06] 共 28 条RSS, 成功抓取 25 条.
[2025-10-08 01:40:06] ✘ 有 3 条订阅解析失败:
[2025-10-08 01:40:06] - https://tcxx.info/feed
[2025-10-08 01:40:06] - https://tumutanzi.com/feed
[2025-10-08 01:40:06] - https://geekinney.com/index.xml
[2025-10-08 01:40:06] ✘ 有 2 条订阅头像无法访问, 已使用默认头像:
[2025-10-08 01:40:06] - http://feeds.feedburner.com/ruanyifeng
[2025-10-08 01:40:06] - https://www.loyhome.com/feed
[2025-10-08 02:59:08] 本次订阅抓取结果统计:
[2025-10-08 02:59:08] 共 28 条RSS, 成功抓取 25 条.
[2025-10-08 02:59:08] ✘ 有 3 条订阅解析失败:
[2025-10-08 02:59:08] - https://tcxx.info/feed
[2025-10-08 02:59:08] - https://tumutanzi.com/feed
[2025-10-08 02:59:08] - https://geekinney.com/index.xml
[2025-10-08 02:59:08] ✘ 有 2 条订阅头像无法访问, 已使用默认头像:
[2025-10-08 02:59:08] - http://feeds.feedburner.com/ruanyifeng
[2025-10-08 02:59:08] - https://www.loyhome.com/feed
[2025-10-08 03:34:20] 本次订阅抓取结果统计:
[2025-10-08 03:34:20] 共 28 条RSS, 成功抓取 25 条.
[2025-10-08 03:34:20] ✘ 有 3 条订阅解析失败:
[2025-10-08 03:34:20] - https://tumutanzi.com/feed
[2025-10-08 03:34:20] - https://tcxx.info/feed
[2025-10-08 03:34:20] - https://geekinney.com/index.xml
[2025-10-08 03:34:20] ✘ 有 2 条订阅头像无法访问, 已使用默认头像:
[2025-10-08 03:34:20] - http://feeds.feedburner.com/ruanyifeng
[2025-10-08 03:34:20] - https://www.loyhome.com/feed
[2025-10-08 04:25:22] 本次订阅抓取结果统计:
[2025-10-08 04:25:22] 共 28 条RSS, 成功抓取 25 条.
[2025-10-08 04:25:22] ✘ 有 3 条订阅解析失败:
[2025-10-08 04:25:22] - https://tcxx.info/feed
[2025-10-08 04:25:22] - https://tumutanzi.com/feed
[2025-10-08 04:25:22] - https://geekinney.com/index.xml
[2025-10-08 04:25:22] ✘ 有 2 条订阅头像无法访问, 已使用默认头像:
[2025-10-08 04:25:22] - https://www.loyhome.com/feed
[2025-10-08 04:25:22] - http://feeds.feedburner.com/ruanyifeng
[2025-10-08 05:20:32] 本次订阅抓取结果统计:
[2025-10-08 05:20:32] 共 28 条RSS, 成功抓取 25 条.
[2025-10-08 05:20:32] ✘ 有 3 条订阅解析失败:
[2025-10-08 05:20:32] - https://tcxx.info/feed
[2025-10-08 05:20:32] - https://tumutanzi.com/feed
[2025-10-08 05:20:32] - https://geekinney.com/index.xml
[2025-10-08 05:20:32] ✘ 有 2 条订阅头像无法访问, 已使用默认头像:
[2025-10-08 05:20:32] - http://feeds.feedburner.com/ruanyifeng
[2025-10-08 05:20:32] - https://www.loyhome.com/feed
[2025-10-08 06:32:58] 本次订阅抓取结果统计:
[2025-10-08 06:32:58] 共 28 条RSS, 成功抓取 25 条.
[2025-10-08 06:32:58] ✘ 有 3 条订阅解析失败:
[2025-10-08 06:32:58] - https://tcxx.info/feed
[2025-10-08 06:32:58] - https://tumutanzi.com/feed
[2025-10-08 06:32:58] - https://geekinney.com/index.xml
[2025-10-08 06:32:58] ✘ 有 2 条订阅头像无法访问, 已使用默认头像:
[2025-10-08 06:32:58] - http://feeds.feedburner.com/ruanyifeng
[2025-10-08 06:32:58] - https://www.loyhome.com/feed
[2025-10-08 07:20:18] 本次订阅抓取结果统计:
[2025-10-08 07:20:18] 共 28 条RSS, 成功抓取 25 条.
[2025-10-08 07:20:18] ✘ 有 3 条订阅解析失败:
[2025-10-08 07:20:18] - https://tcxx.info/feed
[2025-10-08 07:20:18] - https://tumutanzi.com/feed
[2025-10-08 07:20:18] - https://geekinney.com/index.xml
[2025-10-08 07:20:18] ✘ 有 2 条订阅头像无法访问, 已使用默认头像:
[2025-10-08 07:20:18] - http://feeds.feedburner.com/ruanyifeng
[2025-10-08 07:20:18] - https://www.loyhome.com/feed
[2025-10-08 08:29:30] 本次订阅抓取结果统计:
[2025-10-08 08:29:30] 共 28 条RSS, 成功抓取 25 条.
[2025-10-08 08:29:30] ✘ 有 3 条订阅解析失败:
[2025-10-08 08:29:30] - https://tcxx.info/feed
[2025-10-08 08:29:30] - https://tumutanzi.com/feed
[2025-10-08 08:29:30] - https://geekinney.com/index.xml
[2025-10-08 08:29:30] ✘ 有 2 条订阅头像无法访问, 已使用默认头像:
[2025-10-08 08:29:30] - http://feeds.feedburner.com/ruanyifeng
[2025-10-08 08:29:30] - https://www.loyhome.com/feed
[2025-10-08 09:23:36] 本次订阅抓取结果统计:
[2025-10-08 09:23:36] 共 28 条RSS, 成功抓取 25 条.
[2025-10-08 09:23:36] ✘ 有 3 条订阅解析失败:
[2025-10-08 09:23:36] - https://tcxx.info/feed
[2025-10-08 09:23:36] - https://tumutanzi.com/feed
[2025-10-08 09:23:36] - https://geekinney.com/index.xml
[2025-10-08 09:23:36] ✘ 有 2 条订阅头像无法访问, 已使用默认头像:
[2025-10-08 09:23:36] - http://feeds.feedburner.com/ruanyifeng
[2025-10-08 09:23:36] - https://www.loyhome.com/feed
[2025-10-08 10:22:44] 本次订阅抓取结果统计:
[2025-10-08 10:22:44] 共 28 条RSS, 成功抓取 25 条.
[2025-10-08 10:22:44] ✘ 有 3 条订阅解析失败:
[2025-10-08 10:22:44] - https://tcxx.info/feed
[2025-10-08 10:22:44] - https://tumutanzi.com/feed
[2025-10-08 10:22:44] - https://geekinney.com/index.xml
[2025-10-08 10:22:44] ✘ 有 2 条订阅头像无法访问, 已使用默认头像:
[2025-10-08 10:22:44] - http://feeds.feedburner.com/ruanyifeng
[2025-10-08 10:22:44] - https://www.loyhome.com/feed
