[2025-10-16 01:43:05] 本次订阅抓取结果统计:
[2025-10-16 01:43:05] 共 28 条RSS, 成功抓取 25 条.
[2025-10-16 01:43:05] ✘ 有 3 条订阅解析失败:
[2025-10-16 01:43:05] - https://tcxx.info/feed
[2025-10-16 01:43:05] - https://tumutanzi.com/feed
[2025-10-16 01:43:05] - https://geekinney.com/index.xml
[2025-10-16 01:43:05] ✘ 有 2 条订阅头像无法访问, 已使用默认头像:
[2025-10-16 01:43:05] - https://www.loyhome.com/feed
[2025-10-16 01:43:05] - http://feeds.feedburner.com/ruanyifeng
[2025-10-16 03:05:12] 本次订阅抓取结果统计:
[2025-10-16 03:05:12] 共 28 条RSS, 成功抓取 25 条.
[2025-10-16 03:05:12] ✘ 有 3 条订阅解析失败:
[2025-10-16 03:05:12] - https://tumutanzi.com/feed
[2025-10-16 03:05:12] - https://tcxx.info/feed
[2025-10-16 03:05:12] - https://geekinney.com/index.xml
[2025-10-16 03:05:12] ✘ 有 2 条订阅头像无法访问, 已使用默认头像:
[2025-10-16 03:05:12] - http://feeds.feedburner.com/ruanyifeng
[2025-10-16 03:05:12] - https://www.loyhome.com/feed
[2025-10-16 04:25:28] 本次订阅抓取结果统计:
[2025-10-16 04:25:28] 共 28 条RSS, 成功抓取 25 条.
[2025-10-16 04:25:28] ✘ 有 3 条订阅解析失败:
[2025-10-16 04:25:28] - https://tcxx.info/feed
[2025-10-16 04:25:28] - https://tumutanzi.com/feed
[2025-10-16 04:25:28] - https://geekinney.com/index.xml
[2025-10-16 04:25:28] ✘ 有 2 条订阅头像无法访问, 已使用默认头像:
[2025-10-16 04:25:28] - http://feeds.feedburner.com/ruanyifeng
[2025-10-16 04:25:28] - https://www.loyhome.com/feed
[2025-10-16 05:21:04] 本次订阅抓取结果统计:
[2025-10-16 05:21:04] 共 28 条RSS, 成功抓取 25 条.
[2025-10-16 05:21:04] ✘ 有 3 条订阅解析失败:
[2025-10-16 05:21:04] - https://tumutanzi.com/feed
[2025-10-16 05:21:04] - https://tcxx.info/feed
[2025-10-16 05:21:04] - https://geekinney.com/index.xml
[2025-10-16 05:21:04] ✘ 有 2 条订阅头像无法访问, 已使用默认头像:
[2025-10-16 05:21:04] - http://feeds.feedburner.com/ruanyifeng
[2025-10-16 05:21:04] - https://www.loyhome.com/feed
[2025-10-16 06:32:46] 本次订阅抓取结果统计:
[2025-10-16 06:32:46] 共 28 条RSS, 成功抓取 25 条.
[2025-10-16 06:32:46] ✘ 有 3 条订阅解析失败:
[2025-10-16 06:32:46] - https://tcxx.info/feed
[2025-10-16 06:32:46] - https://tumutanzi.com/feed
[2025-10-16 06:32:46] - https://geekinney.com/index.xml
[2025-10-16 06:32:46] ✘ 有 2 条订阅头像无法访问, 已使用默认头像:
[2025-10-16 06:32:46] - https://www.loyhome.com/feed
[2025-10-16 06:32:46] - http://feeds.feedburner.com/ruanyifeng
[2025-10-16 07:22:01] 本次订阅抓取结果统计:
[2025-10-16 07:22:01] 共 28 条RSS, 成功抓取 25 条.
[2025-10-16 07:22:01] ✘ 有 3 条订阅解析失败:
[2025-10-16 07:22:01] - https://tumutanzi.com/feed
[2025-10-16 07:22:01] - https://tcxx.info/feed
[2025-10-16 07:22:01] - https://geekinney.com/index.xml
[2025-10-16 07:22:01] ✘ 有 2 条订阅头像无法访问, 已使用默认头像:
[2025-10-16 07:22:01] - http://feeds.feedburner.com/ruanyifeng
[2025-10-16 07:22:01] - https://www.loyhome.com/feed
[2025-10-16 08:30:56] 本次订阅抓取结果统计:
[2025-10-16 08:30:56] 共 28 条RSS, 成功抓取 25 条.
[2025-10-16 08:30:56] ✘ 有 3 条订阅解析失败:
[2025-10-16 08:30:56] - https://tumutanzi.com/feed
[2025-10-16 08:30:56] - https://tcxx.info/feed
[2025-10-16 08:30:56] - https://geekinney.com/index.xml
[2025-10-16 08:30:56] ✘ 有 2 条订阅头像无法访问, 已使用默认头像:
[2025-10-16 08:30:56] - http://feeds.feedburner.com/ruanyifeng
[2025-10-16 08:30:56] - https://www.loyhome.com/feed
[2025-10-16 09:25:02] 本次订阅抓取结果统计:
[2025-10-16 09:25:02] 共 28 条RSS, 成功抓取 25 条.
[2025-10-16 09:25:02] ✘ 有 3 条订阅解析失败:
[2025-10-16 09:25:02] - https://tcxx.info/feed
[2025-10-16 09:25:02] - https://tumutanzi.com/feed
[2025-10-16 09:25:02] - https://geekinney.com/index.xml
[2025-10-16 09:25:02] ✘ 有 2 条订阅头像无法访问, 已使用默认头像:
[2025-10-16 09:25:02] - https://www.loyhome.com/feed
[2025-10-16 09:25:02] - http://feeds.feedburner.com/ruanyifeng
[2025-10-16 10:24:49] 本次订阅抓取结果统计:
[2025-10-16 10:24:49] 共 28 条RSS, 成功抓取 25 条.
[2025-10-16 10:24:49] ✘ 有 3 条订阅解析失败:
[2025-10-16 10:24:49] - https://tcxx.info/feed
[2025-10-16 10:24:49] - https://tumutanzi.com/feed
[2025-10-16 10:24:49] - https://geekinney.com/index.xml
[2025-10-16 10:24:49] ✘ 有 2 条订阅头像无法访问, 已使用默认头像:
[2025-10-16 10:24:49] - http://feeds.feedburner.com/ruanyifeng
[2025-10-16 10:24:49] - https://www.loyhome.com/feed
[2025-10-16 11:18:44] 本次订阅抓取结果统计:
[2025-10-16 11:18:44] 共 28 条RSS, 成功抓取 25 条.
[2025-10-16 11:18:44] ✘ 有 3 条订阅解析失败:
[2025-10-16 11:18:44] - https://tumutanzi.com/feed
[2025-10-16 11:18:44] - https://tcxx.info/feed
[2025-10-16 11:18:44] - https://geekinney.com/index.xml
[2025-10-16 11:18:44] ✘ 有 2 条订阅头像无法访问, 已使用默认头像:
[2025-10-16 11:18:44] - http://feeds.feedburner.com/ruanyifeng
[2025-10-16 11:18:44] - https://www.loyhome.com/feed
[2025-10-16 12:47:41] 本次订阅抓取结果统计:
[2025-10-16 12:47:41] 共 28 条RSS, 成功抓取 25 条.
[2025-10-16 12:47:41] ✘ 有 3 条订阅解析失败:
[2025-10-16 12:47:41] - https://tcxx.info/feed
[2025-10-16 12:47:41] - https://tumutanzi.com/feed
[2025-10-16 12:47:41] - https://geekinney.com/index.xml
[2025-10-16 12:47:41] ✘ 有 2 条订阅头像无法访问, 已使用默认头像:
[2025-10-16 12:47:41] - https://www.loyhome.com/feed
[2025-10-16 12:47:41] - http://feeds.feedburner.com/ruanyifeng
[2025-10-16 13:33:36] 本次订阅抓取结果统计:
[2025-10-16 13:33:36] 共 28 条RSS, 成功抓取 25 条.
[2025-10-16 13:33:36] ✘ 有 3 条订阅解析失败:
[2025-10-16 13:33:36] - https://tcxx.info/feed
[2025-10-16 13:33:36] - https://tumutanzi.com/feed
[2025-10-16 13:33:36] - https://geekinney.com/index.xml
[2025-10-16 13:33:36] ✘ 有 2 条订阅头像无法访问, 已使用默认头像:
[2025-10-16 13:33:36] - http://feeds.feedburner.com/ruanyifeng
[2025-10-16 13:33:36] - https://www.loyhome.com/feed
[2025-10-16 14:22:41] 本次订阅抓取结果统计:
[2025-10-16 14:22:41] 共 28 条RSS, 成功抓取 25 条.
[2025-10-16 14:22:41] ✘ 有 3 条订阅解析失败:
[2025-10-16 14:22:41] - https://tcxx.info/feed
[2025-10-16 14:22:41] - https://tumutanzi.com/feed
[2025-10-16 14:22:41] - https://geekinney.com/index.xml
[2025-10-16 14:22:41] ✘ 有 2 条订阅头像无法访问, 已使用默认头像:
[2025-10-16 14:22:41] - http://feeds.feedburner.com/ruanyifeng
[2025-10-16 14:22:41] - https://www.loyhome.com/feed
