[2025-10-03 01:38:28] 本次订阅抓取结果统计:
[2025-10-03 01:38:28] 共 28 条RSS, 成功抓取 24 条.
[2025-10-03 01:38:28] ✘ 有 4 条订阅解析失败:
[2025-10-03 01:38:28] - https://blog.ursb.me/feed.xml
[2025-10-03 01:38:28] - https://tcxx.info/feed
[2025-10-03 01:38:28] - https://tumutanzi.com/feed
[2025-10-03 01:38:28] - https://geekinney.com/index.xml
[2025-10-03 01:38:28] ✘ 有 2 条订阅头像无法访问, 已使用默认头像:
[2025-10-03 01:38:28] - http://feeds.feedburner.com/ruanyifeng
[2025-10-03 01:38:28] - https://www.loyhome.com/feed
[2025-10-03 02:58:21] 本次订阅抓取结果统计:
[2025-10-03 02:58:21] 共 28 条RSS, 成功抓取 24 条.
[2025-10-03 02:58:21] ✘ 有 4 条订阅解析失败:
[2025-10-03 02:58:21] - https://tumutanzi.com/feed
[2025-10-03 02:58:21] - https://tcxx.info/feed
[2025-10-03 02:58:21] - https://blog.ursb.me/feed.xml
[2025-10-03 02:58:21] - https://geekinney.com/index.xml
[2025-10-03 02:58:21] ✘ 有 2 条订阅头像无法访问, 已使用默认头像:
[2025-10-03 02:58:21] - http://feeds.feedburner.com/ruanyifeng
[2025-10-03 02:58:21] - https://www.loyhome.com/feed
[2025-10-03 03:32:25] 本次订阅抓取结果统计:
[2025-10-03 03:32:25] 共 28 条RSS, 成功抓取 24 条.
[2025-10-03 03:32:25] ✘ 有 4 条订阅解析失败:
[2025-10-03 03:32:25] - https://blog.ursb.me/feed.xml
[2025-10-03 03:32:25] - https://tcxx.info/feed
[2025-10-03 03:32:25] - https://tumutanzi.com/feed
[2025-10-03 03:32:25] - https://geekinney.com/index.xml
[2025-10-03 03:32:25] ✘ 有 2 条订阅头像无法访问, 已使用默认头像:
[2025-10-03 03:32:25] - http://feeds.feedburner.com/ruanyifeng
[2025-10-03 03:32:25] - https://www.loyhome.com/feed
[2025-10-03 04:24:20] 本次订阅抓取结果统计:
[2025-10-03 04:24:20] 共 28 条RSS, 成功抓取 24 条.
[2025-10-03 04:24:20] ✘ 有 4 条订阅解析失败:
[2025-10-03 04:24:20] - https://tcxx.info/feed
[2025-10-03 04:24:20] - https://tumutanzi.com/feed
[2025-10-03 04:24:20] - https://blog.ursb.me/feed.xml
[2025-10-03 04:24:20] - https://geekinney.com/index.xml
[2025-10-03 04:24:20] ✘ 有 2 条订阅头像无法访问, 已使用默认头像:
[2025-10-03 04:24:20] - https://www.loyhome.com/feed
[2025-10-03 04:24:20] - http://feeds.feedburner.com/ruanyifeng
[2025-10-03 05:20:08] 本次订阅抓取结果统计:
[2025-10-03 05:20:08] 共 28 条RSS, 成功抓取 24 条.
[2025-10-03 05:20:08] ✘ 有 4 条订阅解析失败:
[2025-10-03 05:20:08] - https://tumutanzi.com/feed
[2025-10-03 05:20:08] - https://tcxx.info/feed
[2025-10-03 05:20:08] - https://blog.ursb.me/feed.xml
[2025-10-03 05:20:08] - https://geekinney.com/index.xml
[2025-10-03 05:20:08] ✘ 有 2 条订阅头像无法访问, 已使用默认头像:
[2025-10-03 05:20:08] - https://www.loyhome.com/feed
[2025-10-03 05:20:08] - http://feeds.feedburner.com/ruanyifeng
[2025-10-03 06:31:21] 本次订阅抓取结果统计:
[2025-10-03 06:31:21] 共 28 条RSS, 成功抓取 24 条.
[2025-10-03 06:31:21] ✘ 有 4 条订阅解析失败:
[2025-10-03 06:31:21] - https://blog.ursb.me/feed.xml
[2025-10-03 06:31:21] - https://tcxx.info/feed
[2025-10-03 06:31:21] - https://tumutanzi.com/feed
[2025-10-03 06:31:21] - https://geekinney.com/index.xml
[2025-10-03 06:31:21] ✘ 有 2 条订阅头像无法访问, 已使用默认头像:
[2025-10-03 06:31:21] - http://feeds.feedburner.com/ruanyifeng
[2025-10-03 06:31:21] - https://www.loyhome.com/feed
[2025-10-03 07:19:58] 本次订阅抓取结果统计:
[2025-10-03 07:19:58] 共 28 条RSS, 成功抓取 24 条.
[2025-10-03 07:19:58] ✘ 有 4 条订阅解析失败:
[2025-10-03 07:19:58] - https://blog.ursb.me/feed.xml
[2025-10-03 07:19:58] - https://tcxx.info/feed
[2025-10-03 07:19:58] - https://tumutanzi.com/feed
[2025-10-03 07:19:58] - https://geekinney.com/index.xml
[2025-10-03 07:19:58] ✘ 有 2 条订阅头像无法访问, 已使用默认头像:
[2025-10-03 07:19:58] - http://feeds.feedburner.com/ruanyifeng
[2025-10-03 07:19:58] - https://www.loyhome.com/feed
[2025-10-03 08:28:08] 本次订阅抓取结果统计:
[2025-10-03 08:28:08] 共 28 条RSS, 成功抓取 20 条.
[2025-10-03 08:28:08] ✘ 有 8 条订阅解析失败:
[2025-10-03 08:28:08] - https://blog.ursb.me/feed.xml
[2025-10-03 08:28:08] - https://tcxx.info/feed
[2025-10-03 08:28:08] - https://tumutanzi.com/feed
[2025-10-03 08:28:08] - https://geekinney.com/index.xml
[2025-10-03 08:28:08] - https://blog.zhheo.com/rss.xml
[2025-10-03 08:28:08] - https://blog.yanqingshan.com/feed
[2025-10-03 08:28:08] - https://xyzbz.cn/feed
[2025-10-03 08:28:08] - https://oba.by/feed
[2025-10-03 08:28:08] ✘ 有 2 条订阅头像无法访问, 已使用默认头像:
[2025-10-03 08:28:08] - https://www.loyhome.com/feed
[2025-10-03 08:28:08] - http://feeds.feedburner.com/ruanyifeng
[2025-10-03 09:21:00] 本次订阅抓取结果统计:
[2025-10-03 09:21:00] 共 28 条RSS, 成功抓取 24 条.
[2025-10-03 09:21:00] ✘ 有 4 条订阅解析失败:
[2025-10-03 09:21:00] - https://tcxx.info/feed
[2025-10-03 09:21:00] - https://blog.ursb.me/feed.xml
[2025-10-03 09:21:00] - https://tumutanzi.com/feed
[2025-10-03 09:21:00] - https://geekinney.com/index.xml
[2025-10-03 09:21:00] ✘ 有 2 条订阅头像无法访问, 已使用默认头像:
[2025-10-03 09:21:00] - http://feeds.feedburner.com/ruanyifeng
[2025-10-03 09:21:00] - https://www.loyhome.com/feed
[2025-10-03 10:21:39] 本次订阅抓取结果统计:
[2025-10-03 10:21:39] 共 28 条RSS, 成功抓取 24 条.
[2025-10-03 10:21:39] ✘ 有 4 条订阅解析失败:
[2025-10-03 10:21:39] - https://blog.ursb.me/feed.xml
[2025-10-03 10:21:39] - https://tcxx.info/feed
[2025-10-03 10:21:39] - https://tumutanzi.com/feed
[2025-10-03 10:21:39] - https://geekinney.com/index.xml
[2025-10-03 10:21:39] ✘ 有 2 条订阅头像无法访问, 已使用默认头像:
[2025-10-03 10:21:39] - https://www.loyhome.com/feed
[2025-10-03 10:21:39] - http://feeds.feedburner.com/ruanyifeng
[2025-10-03 11:17:20] 本次订阅抓取结果统计:
[2025-10-03 11:17:20] 共 28 条RSS, 成功抓取 24 条.
[2025-10-03 11:17:20] ✘ 有 4 条订阅解析失败:
[2025-10-03 11:17:20] - https://blog.ursb.me/feed.xml
[2025-10-03 11:17:20] - https://tcxx.info/feed
[2025-10-03 11:17:20] - https://tumutanzi.com/feed
[2025-10-03 11:17:20] - https://geekinney.com/index.xml
[2025-10-03 11:17:20] ✘ 有 2 条订阅头像无法访问, 已使用默认头像:
[2025-10-03 11:17:20] - http://feeds.feedburner.com/ruanyifeng
[2025-10-03 11:17:20] - https://www.loyhome.com/feed
[2025-10-03 12:42:20] 本次订阅抓取结果统计:
[2025-10-03 12:42:20] 共 28 条RSS, 成功抓取 24 条.
[2025-10-03 12:42:20] ✘ 有 4 条订阅解析失败:
[2025-10-03 12:42:20] - https://blog.ursb.me/feed.xml
[2025-10-03 12:42:20] - https://tcxx.info/feed
[2025-10-03 12:42:20] - https://tumutanzi.com/feed
[2025-10-03 12:42:20] - https://geekinney.com/index.xml
[2025-10-03 12:42:20] ✘ 有 2 条订阅头像无法访问, 已使用默认头像:
[2025-10-03 12:42:20] - https://www.loyhome.com/feed
[2025-10-03 12:42:20] - http://feeds.feedburner.com/ruanyifeng
[2025-10-03 13:27:52] 本次订阅抓取结果统计:
[2025-10-03 13:27:52] 共 28 条RSS, 成功抓取 24 条.
[2025-10-03 13:27:52] ✘ 有 4 条订阅解析失败:
[2025-10-03 13:27:52] - https://tumutanzi.com/feed
[2025-10-03 13:27:52] - https://tcxx.info/feed
[2025-10-03 13:27:52] - https://blog.ursb.me/feed.xml
[2025-10-03 13:27:52] - https://geekinney.com/index.xml
[2025-10-03 13:27:52] ✘ 有 2 条订阅头像无法访问, 已使用默认头像:
[2025-10-03 13:27:52] - http://feeds.feedburner.com/ruanyifeng
[2025-10-03 13:27:52] - https://www.loyhome.com/feed
[2025-10-03 14:19:38] 本次订阅抓取结果统计:
[2025-10-03 14:19:38] 共 28 条RSS, 成功抓取 24 条.
[2025-10-03 14:19:38] ✘ 有 4 条订阅解析失败:
[2025-10-03 14:19:38] - https://blog.ursb.me/feed.xml
[2025-10-03 14:19:38] - https://tumutanzi.com/feed
[2025-10-03 14:19:38] - https://tcxx.info/feed
[2025-10-03 14:19:38] - https://geekinney.com/index.xml
[2025-10-03 14:19:38] ✘ 有 2 条订阅头像无法访问, 已使用默认头像:
[2025-10-03 14:19:38] - http://feeds.feedburner.com/ruanyifeng
[2025-10-03 14:19:38] - https://www.loyhome.com/feed
[2025-10-03 15:20:54] 本次订阅抓取结果统计:
[2025-10-03 15:20:54] 共 28 条RSS, 成功抓取 24 条.
[2025-10-03 15:20:54] ✘ 有 4 条订阅解析失败:
[2025-10-03 15:20:54] - https://blog.ursb.me/feed.xml
[2025-10-03 15:20:54] - https://tcxx.info/feed
[2025-10-03 15:20:54] - https://tumutanzi.com/feed
[2025-10-03 15:20:54] - https://geekinney.com/index.xml
[2025-10-03 15:20:54] ✘ 有 2 条订阅头像无法访问, 已使用默认头像:
[2025-10-03 15:20:54] - https://www.loyhome.com/feed
[2025-10-03 15:20:54] - http://feeds.feedburner.com/ruanyifeng
[2025-10-03 16:25:51] 本次订阅抓取结果统计:
[2025-10-03 16:25:51] 共 28 条RSS, 成功抓取 24 条.
[2025-10-03 16:25:51] ✘ 有 4 条订阅解析失败:
[2025-10-03 16:25:51] - https://blog.ursb.me/feed.xml
[2025-10-03 16:25:51] - https://tcxx.info/feed
[2025-10-03 16:25:51] - https://tumutanzi.com/feed
[2025-10-03 16:25:51] - https://geekinney.com/index.xml
[2025-10-03 16:25:51] ✘ 有 2 条订阅头像无法访问, 已使用默认头像:
[2025-10-03 16:25:51] - https://www.loyhome.com/feed
[2025-10-03 16:25:51] - http://feeds.feedburner.com/ruanyifeng
[2025-10-03 17:17:25] 本次订阅抓取结果统计:
[2025-10-03 17:17:25] 共 28 条RSS, 成功抓取 24 条.
[2025-10-03 17:17:25] ✘ 有 4 条订阅解析失败:
[2025-10-03 17:17:25] - https://blog.ursb.me/feed.xml
[2025-10-03 17:17:25] - https://tcxx.info/feed
[2025-10-03 17:17:25] - https://tumutanzi.com/feed
[2025-10-03 17:17:25] - https://geekinney.com/index.xml
[2025-10-03 17:17:25] ✘ 有 2 条订阅头像无法访问, 已使用默认头像:
[2025-10-03 17:17:25] - http://feeds.feedburner.com/ruanyifeng
[2025-10-03 17:17:25] - https://www.loyhome.com/feed
[2025-10-03 18:29:52] 本次订阅抓取结果统计:
[2025-10-03 18:29:52] 共 28 条RSS, 成功抓取 24 条.
[2025-10-03 18:29:52] ✘ 有 4 条订阅解析失败:
[2025-10-03 18:29:52] - https://blog.ursb.me/feed.xml
[2025-10-03 18:29:52] - https://tcxx.info/feed
[2025-10-03 18:29:52] - https://tumutanzi.com/feed
[2025-10-03 18:29:52] - https://geekinney.com/index.xml
[2025-10-03 18:29:52] ✘ 有 2 条订阅头像无法访问, 已使用默认头像:
[2025-10-03 18:29:52] - http://feeds.feedburner.com/ruanyifeng
[2025-10-03 18:29:52] - https://www.loyhome.com/feed
