[2025-09-29 01:43:27] 本次订阅抓取结果统计:
[2025-09-29 01:43:27] 共 28 条RSS, 成功抓取 25 条.
[2025-09-29 01:43:27] ✘ 有 3 条订阅解析失败:
[2025-09-29 01:43:27] - https://tcxx.info/feed
[2025-09-29 01:43:27] - https://tumutanzi.com/feed
[2025-09-29 01:43:27] - https://geekinney.com/index.xml
[2025-09-29 01:43:27] ✘ 有 2 条订阅头像无法访问, 已使用默认头像:
[2025-09-29 01:43:27] - https://www.loyhome.com/feed
[2025-09-29 01:43:27] - http://feeds.feedburner.com/ruanyifeng
[2025-09-29 03:05:57] 本次订阅抓取结果统计:
[2025-09-29 03:05:57] 共 28 条RSS, 成功抓取 25 条.
[2025-09-29 03:05:57] ✘ 有 3 条订阅解析失败:
[2025-09-29 03:05:57] - https://tumutanzi.com/feed
[2025-09-29 03:05:57] - https://tcxx.info/feed
[2025-09-29 03:05:57] - https://geekinney.com/index.xml
[2025-09-29 03:05:57] ✘ 有 2 条订阅头像无法访问, 已使用默认头像:
[2025-09-29 03:05:57] - http://feeds.feedburner.com/ruanyifeng
[2025-09-29 03:05:57] - https://www.loyhome.com/feed
[2025-09-29 04:26:56] 本次订阅抓取结果统计:
[2025-09-29 04:26:56] 共 28 条RSS, 成功抓取 25 条.
[2025-09-29 04:26:56] ✘ 有 3 条订阅解析失败:
[2025-09-29 04:26:56] - https://tcxx.info/feed
[2025-09-29 04:26:56] - https://tumutanzi.com/feed
[2025-09-29 04:26:56] - https://geekinney.com/index.xml
[2025-09-29 04:26:56] ✘ 有 2 条订阅头像无法访问, 已使用默认头像:
[2025-09-29 04:26:56] - http://feeds.feedburner.com/ruanyifeng
[2025-09-29 04:26:56] - https://www.loyhome.com/feed
