[2025-07-30 02:02:52] 本次订阅抓取结果统计:
[2025-07-30 02:02:52] 共 28 条RSS, 成功抓取 27 条.
[2025-07-30 02:02:52] ✘ 有 1 条订阅解析失败:
[2025-07-30 02:02:52] - https://tcxx.info/feed
[2025-07-30 02:02:52] ✘ 有 2 条订阅头像无法访问, 已使用默认头像:
[2025-07-30 02:02:52] - http://feeds.feedburner.com/ruanyifeng
[2025-07-30 02:02:52] - https://www.loyhome.com/feed
[2025-07-30 04:05:36] 本次订阅抓取结果统计:
[2025-07-30 04:05:36] 共 28 条RSS, 成功抓取 27 条.
[2025-07-30 04:05:36] ✘ 有 1 条订阅解析失败:
[2025-07-30 04:05:36] - https://tcxx.info/feed
[2025-07-30 04:05:36] ✘ 有 2 条订阅头像无法访问, 已使用默认头像:
[2025-07-30 04:05:36] - http://feeds.feedburner.com/ruanyifeng
[2025-07-30 04:05:36] - https://www.loyhome.com/feed
[2025-07-30 05:31:44] 本次订阅抓取结果统计:
[2025-07-30 05:31:44] 共 28 条RSS, 成功抓取 27 条.
[2025-07-30 05:31:44] ✘ 有 1 条订阅解析失败:
[2025-07-30 05:31:44] - https://tcxx.info/feed
[2025-07-30 05:31:44] ✘ 有 2 条订阅头像无法访问, 已使用默认头像:
[2025-07-30 05:31:44] - http://feeds.feedburner.com/ruanyifeng
[2025-07-30 05:31:44] - https://www.loyhome.com/feed
[2025-07-30 06:38:28] 本次订阅抓取结果统计:
[2025-07-30 06:38:28] 共 28 条RSS, 成功抓取 27 条.
[2025-07-30 06:38:28] ✘ 有 1 条订阅解析失败:
[2025-07-30 06:38:28] - https://tcxx.info/feed
[2025-07-30 06:38:28] ✘ 有 2 条订阅头像无法访问, 已使用默认头像:
[2025-07-30 06:38:28] - http://feeds.feedburner.com/ruanyifeng
[2025-07-30 06:38:28] - https://www.loyhome.com/feed
[2025-07-30 07:27:43] 本次订阅抓取结果统计:
[2025-07-30 07:27:43] 共 28 条RSS, 成功抓取 27 条.
[2025-07-30 07:27:43] ✘ 有 1 条订阅解析失败:
[2025-07-30 07:27:43] - https://tcxx.info/feed
[2025-07-30 07:27:43] ✘ 有 2 条订阅头像无法访问, 已使用默认头像:
[2025-07-30 07:27:43] - http://feeds.feedburner.com/ruanyifeng
[2025-07-30 07:27:43] - https://www.loyhome.com/feed
[2025-07-30 08:33:49] 本次订阅抓取结果统计:
[2025-07-30 08:33:49] 共 28 条RSS, 成功抓取 27 条.
[2025-07-30 08:33:49] ✘ 有 1 条订阅解析失败:
[2025-07-30 08:33:49] - https://tcxx.info/feed
[2025-07-30 08:33:49] ✘ 有 2 条订阅头像无法访问, 已使用默认头像:
[2025-07-30 08:33:49] - http://feeds.feedburner.com/ruanyifeng
[2025-07-30 08:33:49] - https://www.loyhome.com/feed
[2025-07-30 09:31:40] 本次订阅抓取结果统计:
[2025-07-30 09:31:40] 共 28 条RSS, 成功抓取 27 条.
[2025-07-30 09:31:40] ✘ 有 1 条订阅解析失败:
[2025-07-30 09:31:40] - https://tcxx.info/feed
[2025-07-30 09:31:40] ✘ 有 2 条订阅头像无法访问, 已使用默认头像:
[2025-07-30 09:31:40] - http://feeds.feedburner.com/ruanyifeng
[2025-07-30 09:31:40] - https://www.loyhome.com/feed
[2025-07-30 10:26:53] 本次订阅抓取结果统计:
[2025-07-30 10:26:53] 共 28 条RSS, 成功抓取 27 条.
[2025-07-30 10:26:53] ✘ 有 1 条订阅解析失败:
[2025-07-30 10:26:53] - https://tcxx.info/feed
[2025-07-30 10:26:53] ✘ 有 2 条订阅头像无法访问, 已使用默认头像:
[2025-07-30 10:26:53] - http://feeds.feedburner.com/ruanyifeng
[2025-07-30 10:26:53] - https://www.loyhome.com/feed
[2025-07-30 11:21:50] 本次订阅抓取结果统计:
[2025-07-30 11:21:50] 共 28 条RSS, 成功抓取 27 条.
[2025-07-30 11:21:50] ✘ 有 1 条订阅解析失败:
[2025-07-30 11:21:50] - https://tcxx.info/feed
[2025-07-30 11:21:50] ✘ 有 2 条订阅头像无法访问, 已使用默认头像:
[2025-07-30 11:21:50] - http://feeds.feedburner.com/ruanyifeng
[2025-07-30 11:21:50] - https://www.loyhome.com/feed
[2025-07-30 12:52:30] 本次订阅抓取结果统计:
[2025-07-30 12:52:30] 共 28 条RSS, 成功抓取 27 条.
[2025-07-30 12:52:30] ✘ 有 1 条订阅解析失败:
[2025-07-30 12:52:30] - https://tcxx.info/feed
[2025-07-30 12:52:30] ✘ 有 2 条订阅头像无法访问, 已使用默认头像:
[2025-07-30 12:52:30] - http://feeds.feedburner.com/ruanyifeng
[2025-07-30 12:52:30] - https://www.loyhome.com/feed
[2025-07-30 13:42:35] 本次订阅抓取结果统计:
[2025-07-30 13:42:35] 共 28 条RSS, 成功抓取 27 条.
[2025-07-30 13:42:35] ✘ 有 1 条订阅解析失败:
[2025-07-30 13:42:35] - https://tcxx.info/feed
[2025-07-30 13:42:35] ✘ 有 2 条订阅头像无法访问, 已使用默认头像:
[2025-07-30 13:42:35] - http://feeds.feedburner.com/ruanyifeng
[2025-07-30 13:42:35] - https://www.loyhome.com/feed
[2025-07-30 14:23:47] 本次订阅抓取结果统计:
[2025-07-30 14:23:47] 共 28 条RSS, 成功抓取 27 条.
[2025-07-30 14:23:47] ✘ 有 1 条订阅解析失败:
[2025-07-30 14:23:47] - https://tcxx.info/feed
[2025-07-30 14:23:47] ✘ 有 2 条订阅头像无法访问, 已使用默认头像:
[2025-07-30 14:23:47] - http://feeds.feedburner.com/ruanyifeng
[2025-07-30 14:23:47] - https://www.loyhome.com/feed
[2025-07-30 15:27:23] 本次订阅抓取结果统计:
[2025-07-30 15:27:23] 共 28 条RSS, 成功抓取 27 条.
[2025-07-30 15:27:23] ✘ 有 1 条订阅解析失败:
[2025-07-30 15:27:23] - https://tcxx.info/feed
[2025-07-30 15:27:23] ✘ 有 2 条订阅头像无法访问, 已使用默认头像:
[2025-07-30 15:27:23] - http://feeds.feedburner.com/ruanyifeng
[2025-07-30 15:27:23] - https://www.loyhome.com/feed
[2025-07-30 16:30:32] 本次订阅抓取结果统计:
[2025-07-30 16:30:32] 共 28 条RSS, 成功抓取 27 条.
[2025-07-30 16:30:32] ✘ 有 1 条订阅解析失败:
[2025-07-30 16:30:32] - https://tcxx.info/feed
[2025-07-30 16:30:32] ✘ 有 2 条订阅头像无法访问, 已使用默认头像:
[2025-07-30 16:30:32] - http://feeds.feedburner.com/ruanyifeng
[2025-07-30 16:30:32] - https://www.loyhome.com/feed
[2025-07-30 17:23:44] 本次订阅抓取结果统计:
[2025-07-30 17:23:44] 共 28 条RSS, 成功抓取 27 条.
[2025-07-30 17:23:44] ✘ 有 1 条订阅解析失败:
[2025-07-30 17:23:44] - https://tcxx.info/feed
[2025-07-30 17:23:44] ✘ 有 2 条订阅头像无法访问, 已使用默认头像:
[2025-07-30 17:23:44] - http://feeds.feedburner.com/ruanyifeng
[2025-07-30 17:23:44] - https://www.loyhome.com/feed
[2025-07-30 18:35:34] 本次订阅抓取结果统计:
[2025-07-30 18:35:34] 共 28 条RSS, 成功抓取 27 条.
[2025-07-30 18:35:34] ✘ 有 1 条订阅解析失败:
[2025-07-30 18:35:34] - https://tcxx.info/feed
[2025-07-30 18:35:34] ✘ 有 2 条订阅头像无法访问, 已使用默认头像:
[2025-07-30 18:35:34] - http://feeds.feedburner.com/ruanyifeng
[2025-07-30 18:35:34] - https://www.loyhome.com/feed
[2025-07-30 19:20:37] 本次订阅抓取结果统计:
[2025-07-30 19:20:37] 共 28 条RSS, 成功抓取 27 条.
[2025-07-30 19:20:37] ✘ 有 1 条订阅解析失败:
[2025-07-30 19:20:37] - https://tcxx.info/feed
[2025-07-30 19:20:37] ✘ 有 2 条订阅头像无法访问, 已使用默认头像:
[2025-07-30 19:20:37] - http://feeds.feedburner.com/ruanyifeng
[2025-07-30 19:20:37] - https://www.loyhome.com/feed
[2025-07-30 20:25:44] 本次订阅抓取结果统计:
[2025-07-30 20:25:44] 共 28 条RSS, 成功抓取 27 条.
[2025-07-30 20:25:44] ✘ 有 1 条订阅解析失败:
[2025-07-30 20:25:44] - https://tcxx.info/feed
[2025-07-30 20:25:44] ✘ 有 2 条订阅头像无法访问, 已使用默认头像:
[2025-07-30 20:25:44] - http://feeds.feedburner.com/ruanyifeng
[2025-07-30 20:25:44] - https://www.loyhome.com/feed
[2025-07-30 21:23:38] 本次订阅抓取结果统计:
[2025-07-30 21:23:38] 共 28 条RSS, 成功抓取 27 条.
[2025-07-30 21:23:38] ✘ 有 1 条订阅解析失败:
[2025-07-30 21:23:38] - https://tcxx.info/feed
[2025-07-30 21:23:38] ✘ 有 2 条订阅头像无法访问, 已使用默认头像:
[2025-07-30 21:23:38] - http://feeds.feedburner.com/ruanyifeng
[2025-07-30 21:23:38] - https://www.loyhome.com/feed
[2025-07-30 22:23:45] 本次订阅抓取结果统计:
[2025-07-30 22:23:45] 共 28 条RSS, 成功抓取 27 条.
[2025-07-30 22:23:45] ✘ 有 1 条订阅解析失败:
[2025-07-30 22:23:45] - https://tcxx.info/feed
[2025-07-30 22:23:45] ✘ 有 2 条订阅头像无法访问, 已使用默认头像:
[2025-07-30 22:23:45] - http://feeds.feedburner.com/ruanyifeng
[2025-07-30 22:23:45] - https://www.loyhome.com/feed
