[2025-10-14 01:41:08] 本次订阅抓取结果统计:
[2025-10-14 01:41:08] 共 28 条RSS, 成功抓取 25 条.
[2025-10-14 01:41:08] ✘ 有 3 条订阅解析失败:
[2025-10-14 01:41:08] - https://tcxx.info/feed
[2025-10-14 01:41:08] - https://tumutanzi.com/feed
[2025-10-14 01:41:08] - https://geekinney.com/index.xml
[2025-10-14 01:41:08] ✘ 有 2 条订阅头像无法访问, 已使用默认头像:
[2025-10-14 01:41:08] - http://feeds.feedburner.com/ruanyifeng
[2025-10-14 01:41:08] - https://www.loyhome.com/feed
[2025-10-14 03:02:36] 本次订阅抓取结果统计:
[2025-10-14 03:02:36] 共 28 条RSS, 成功抓取 25 条.
[2025-10-14 03:02:36] ✘ 有 3 条订阅解析失败:
[2025-10-14 03:02:36] - https://tcxx.info/feed
[2025-10-14 03:02:36] - https://tumutanzi.com/feed
[2025-10-14 03:02:36] - https://geekinney.com/index.xml
[2025-10-14 03:02:36] ✘ 有 2 条订阅头像无法访问, 已使用默认头像:
[2025-10-14 03:02:36] - http://feeds.feedburner.com/ruanyifeng
[2025-10-14 03:02:36] - https://www.loyhome.com/feed
[2025-10-14 04:26:18] 本次订阅抓取结果统计:
[2025-10-14 04:26:18] 共 28 条RSS, 成功抓取 25 条.
[2025-10-14 04:26:18] ✘ 有 3 条订阅解析失败:
[2025-10-14 04:26:18] - https://tumutanzi.com/feed
[2025-10-14 04:26:18] - https://tcxx.info/feed
[2025-10-14 04:26:18] - https://geekinney.com/index.xml
[2025-10-14 04:26:18] ✘ 有 2 条订阅头像无法访问, 已使用默认头像:
[2025-10-14 04:26:18] - http://feeds.feedburner.com/ruanyifeng
[2025-10-14 04:26:18] - https://www.loyhome.com/feed
[2025-10-14 05:20:38] 本次订阅抓取结果统计:
[2025-10-14 05:20:38] 共 28 条RSS, 成功抓取 25 条.
[2025-10-14 05:20:38] ✘ 有 3 条订阅解析失败:
[2025-10-14 05:20:38] - https://tcxx.info/feed
[2025-10-14 05:20:38] - https://tumutanzi.com/feed
[2025-10-14 05:20:38] - https://geekinney.com/index.xml
[2025-10-14 05:20:38] ✘ 有 2 条订阅头像无法访问, 已使用默认头像:
[2025-10-14 05:20:38] - http://feeds.feedburner.com/ruanyifeng
[2025-10-14 05:20:38] - https://www.loyhome.com/feed
[2025-10-14 06:32:46] 本次订阅抓取结果统计:
[2025-10-14 06:32:46] 共 28 条RSS, 成功抓取 25 条.
[2025-10-14 06:32:46] ✘ 有 3 条订阅解析失败:
[2025-10-14 06:32:46] - https://tumutanzi.com/feed
[2025-10-14 06:32:46] - https://tcxx.info/feed
[2025-10-14 06:32:46] - https://geekinney.com/index.xml
[2025-10-14 06:32:46] ✘ 有 2 条订阅头像无法访问, 已使用默认头像:
[2025-10-14 06:32:46] - http://feeds.feedburner.com/ruanyifeng
[2025-10-14 06:32:46] - https://www.loyhome.com/feed
[2025-10-14 07:22:11] 本次订阅抓取结果统计:
[2025-10-14 07:22:11] 共 28 条RSS, 成功抓取 25 条.
[2025-10-14 07:22:11] ✘ 有 3 条订阅解析失败:
[2025-10-14 07:22:11] - https://tcxx.info/feed
[2025-10-14 07:22:11] - https://tumutanzi.com/feed
[2025-10-14 07:22:11] - https://geekinney.com/index.xml
[2025-10-14 07:22:11] ✘ 有 2 条订阅头像无法访问, 已使用默认头像:
[2025-10-14 07:22:11] - http://feeds.feedburner.com/ruanyifeng
[2025-10-14 07:22:11] - https://www.loyhome.com/feed
[2025-10-14 08:27:43] 本次订阅抓取结果统计:
[2025-10-14 08:27:43] 共 28 条RSS, 成功抓取 25 条.
[2025-10-14 08:27:43] ✘ 有 3 条订阅解析失败:
[2025-10-14 08:27:43] - https://tcxx.info/feed
[2025-10-14 08:27:43] - https://tumutanzi.com/feed
[2025-10-14 08:27:43] - https://geekinney.com/index.xml
[2025-10-14 08:27:43] ✘ 有 2 条订阅头像无法访问, 已使用默认头像:
[2025-10-14 08:27:43] - http://feeds.feedburner.com/ruanyifeng
[2025-10-14 08:27:43] - https://www.loyhome.com/feed
[2025-10-14 09:24:10] 本次订阅抓取结果统计:
[2025-10-14 09:24:10] 共 28 条RSS, 成功抓取 25 条.
[2025-10-14 09:24:10] ✘ 有 3 条订阅解析失败:
[2025-10-14 09:24:10] - https://tumutanzi.com/feed
[2025-10-14 09:24:10] - https://tcxx.info/feed
[2025-10-14 09:24:10] - https://geekinney.com/index.xml
[2025-10-14 09:24:10] ✘ 有 2 条订阅头像无法访问, 已使用默认头像:
[2025-10-14 09:24:10] - http://feeds.feedburner.com/ruanyifeng
[2025-10-14 09:24:10] - https://www.loyhome.com/feed
[2025-10-14 10:23:26] 本次订阅抓取结果统计:
[2025-10-14 10:23:26] 共 28 条RSS, 成功抓取 25 条.
[2025-10-14 10:23:26] ✘ 有 3 条订阅解析失败:
[2025-10-14 10:23:26] - https://tcxx.info/feed
[2025-10-14 10:23:26] - https://tumutanzi.com/feed
[2025-10-14 10:23:26] - https://geekinney.com/index.xml
[2025-10-14 10:23:26] ✘ 有 2 条订阅头像无法访问, 已使用默认头像:
[2025-10-14 10:23:26] - http://feeds.feedburner.com/ruanyifeng
[2025-10-14 10:23:26] - https://www.loyhome.com/feed
[2025-10-14 11:18:00] 本次订阅抓取结果统计:
[2025-10-14 11:18:00] 共 28 条RSS, 成功抓取 25 条.
[2025-10-14 11:18:00] ✘ 有 3 条订阅解析失败:
[2025-10-14 11:18:00] - https://tcxx.info/feed
[2025-10-14 11:18:00] - https://tumutanzi.com/feed
[2025-10-14 11:18:00] - https://geekinney.com/index.xml
[2025-10-14 11:18:00] ✘ 有 2 条订阅头像无法访问, 已使用默认头像:
[2025-10-14 11:18:00] - http://feeds.feedburner.com/ruanyifeng
[2025-10-14 11:18:00] - https://www.loyhome.com/feed
[2025-10-14 12:48:35] 本次订阅抓取结果统计:
[2025-10-14 12:48:35] 共 28 条RSS, 成功抓取 25 条.
[2025-10-14 12:48:35] ✘ 有 3 条订阅解析失败:
[2025-10-14 12:48:35] - https://tcxx.info/feed
[2025-10-14 12:48:35] - https://tumutanzi.com/feed
[2025-10-14 12:48:35] - https://geekinney.com/index.xml
[2025-10-14 12:48:35] ✘ 有 2 条订阅头像无法访问, 已使用默认头像:
[2025-10-14 12:48:35] - http://feeds.feedburner.com/ruanyifeng
[2025-10-14 12:48:35] - https://www.loyhome.com/feed
