[2025-03-16 03:07:28] 本次订阅抓取结果统计:
[2025-03-16 03:07:28] 共 28 条RSS, 成功抓取 27 条.
[2025-03-16 03:07:28] ✘ 有 1 条订阅解析失败:
[2025-03-16 03:07:28] - https://tcxx.info/feed
[2025-03-16 03:07:28] ✘ 有 2 条订阅头像无法访问, 已使用默认头像:
[2025-03-16 03:07:28] - http://feeds.feedburner.com/ruanyifeng
[2025-03-16 03:07:28] - https://www.loyhome.com/feed
[2025-03-16 04:40:05] 本次订阅抓取结果统计:
[2025-03-16 04:40:05] 共 28 条RSS, 成功抓取 27 条.
[2025-03-16 04:40:05] ✘ 有 1 条订阅解析失败:
[2025-03-16 04:40:05] - https://tcxx.info/feed
[2025-03-16 04:40:05] ✘ 有 2 条订阅头像无法访问, 已使用默认头像:
[2025-03-16 04:40:05] - http://feeds.feedburner.com/ruanyifeng
[2025-03-16 04:40:05] - https://www.loyhome.com/feed
[2025-03-16 05:32:00] 本次订阅抓取结果统计:
[2025-03-16 05:32:00] 共 28 条RSS, 成功抓取 27 条.
[2025-03-16 05:32:00] ✘ 有 1 条订阅解析失败:
[2025-03-16 05:32:00] - https://tcxx.info/feed
[2025-03-16 05:32:00] ✘ 有 2 条订阅头像无法访问, 已使用默认头像:
[2025-03-16 05:32:00] - http://feeds.feedburner.com/ruanyifeng
[2025-03-16 05:32:00] - https://www.loyhome.com/feed
[2025-03-16 06:41:34] 本次订阅抓取结果统计:
[2025-03-16 06:41:34] 共 28 条RSS, 成功抓取 27 条.
[2025-03-16 06:41:34] ✘ 有 1 条订阅解析失败:
[2025-03-16 06:41:34] - https://tcxx.info/feed
[2025-03-16 06:41:34] ✘ 有 2 条订阅头像无法访问, 已使用默认头像:
[2025-03-16 06:41:34] - https://www.loyhome.com/feed
[2025-03-16 06:41:34] - http://feeds.feedburner.com/ruanyifeng
[2025-03-16 07:25:48] 本次订阅抓取结果统计:
[2025-03-16 07:25:48] 共 28 条RSS, 成功抓取 27 条.
[2025-03-16 07:25:48] ✘ 有 1 条订阅解析失败:
[2025-03-16 07:25:48] - https://tcxx.info/feed
[2025-03-16 07:25:48] ✘ 有 2 条订阅头像无法访问, 已使用默认头像:
[2025-03-16 07:25:48] - http://feeds.feedburner.com/ruanyifeng
[2025-03-16 07:25:48] - https://www.loyhome.com/feed
[2025-03-16 08:37:03] 本次订阅抓取结果统计:
[2025-03-16 08:37:03] 共 28 条RSS, 成功抓取 28 条.
[2025-03-16 08:37:03] ✘ 有 2 条订阅头像无法访问, 已使用默认头像:
[2025-03-16 08:37:03] - http://feeds.feedburner.com/ruanyifeng
[2025-03-16 08:37:03] - https://www.loyhome.com/feed
[2025-03-16 09:28:34] 本次订阅抓取结果统计:
[2025-03-16 09:28:34] 共 28 条RSS, 成功抓取 28 条.
[2025-03-16 09:28:34] ✘ 有 2 条订阅头像无法访问, 已使用默认头像:
[2025-03-16 09:28:34] - http://feeds.feedburner.com/ruanyifeng
[2025-03-16 09:28:34] - https://www.loyhome.com/feed
[2025-03-16 10:36:39] 本次订阅抓取结果统计:
[2025-03-16 10:36:39] 共 28 条RSS, 成功抓取 27 条.
[2025-03-16 10:36:39] ✘ 有 1 条订阅解析失败:
[2025-03-16 10:36:39] - https://tcxx.info/feed
[2025-03-16 10:36:39] ✘ 有 2 条订阅头像无法访问, 已使用默认头像:
[2025-03-16 10:36:39] - http://feeds.feedburner.com/ruanyifeng
[2025-03-16 10:36:39] - https://www.loyhome.com/feed
[2025-03-16 11:25:49] 本次订阅抓取结果统计:
[2025-03-16 11:25:49] 共 28 条RSS, 成功抓取 28 条.
[2025-03-16 11:25:49] ✘ 有 2 条订阅头像无法访问, 已使用默认头像:
[2025-03-16 11:25:49] - http://feeds.feedburner.com/ruanyifeng
[2025-03-16 11:25:49] - https://www.loyhome.com/feed
[2025-03-16 13:02:07] 本次订阅抓取结果统计:
[2025-03-16 13:02:07] 共 28 条RSS, 成功抓取 27 条.
[2025-03-16 13:02:07] ✘ 有 1 条订阅解析失败:
[2025-03-16 13:02:07] - https://tcxx.info/feed
[2025-03-16 13:02:07] ✘ 有 2 条订阅头像无法访问, 已使用默认头像:
[2025-03-16 13:02:07] - http://feeds.feedburner.com/ruanyifeng
[2025-03-16 13:02:07] - https://www.loyhome.com/feed
[2025-03-16 14:30:50] 本次订阅抓取结果统计:
[2025-03-16 14:30:50] 共 28 条RSS, 成功抓取 28 条.
[2025-03-16 14:30:50] ✘ 有 4 条订阅头像无法访问, 已使用默认头像:
[2025-03-16 14:30:50] - http://feeds.feedburner.com/ruanyifeng
[2025-03-16 14:30:50] - https://www.loyhome.com/feed
[2025-03-16 14:30:50] - https://tcxx.info/feed
[2025-03-16 14:30:50] - https://xyzbz.cn/feed
[2025-03-16 15:29:56] 本次订阅抓取结果统计:
[2025-03-16 15:29:56] 共 28 条RSS, 成功抓取 27 条.
[2025-03-16 15:29:56] ✘ 有 1 条订阅解析失败:
[2025-03-16 15:29:56] - https://tcxx.info/feed
[2025-03-16 15:29:56] ✘ 有 2 条订阅头像无法访问, 已使用默认头像:
[2025-03-16 15:29:56] - http://feeds.feedburner.com/ruanyifeng
[2025-03-16 15:29:56] - https://www.loyhome.com/feed
[2025-03-16 16:42:04] 本次订阅抓取结果统计:
[2025-03-16 16:42:04] 共 28 条RSS, 成功抓取 27 条.
[2025-03-16 16:42:04] ✘ 有 1 条订阅解析失败:
[2025-03-16 16:42:04] - https://tcxx.info/feed
[2025-03-16 16:42:04] ✘ 有 2 条订阅头像无法访问, 已使用默认头像:
[2025-03-16 16:42:04] - http://feeds.feedburner.com/ruanyifeng
[2025-03-16 16:42:04] - https://www.loyhome.com/feed
[2025-03-16 17:30:38] 本次订阅抓取结果统计:
[2025-03-16 17:30:38] 共 28 条RSS, 成功抓取 27 条.
[2025-03-16 17:30:38] ✘ 有 1 条订阅解析失败:
[2025-03-16 17:30:38] - https://tcxx.info/feed
[2025-03-16 17:30:38] ✘ 有 2 条订阅头像无法访问, 已使用默认头像:
[2025-03-16 17:30:38] - http://feeds.feedburner.com/ruanyifeng
[2025-03-16 17:30:38] - https://www.loyhome.com/feed
[2025-03-16 18:42:26] 本次订阅抓取结果统计:
[2025-03-16 18:42:26] 共 28 条RSS, 成功抓取 27 条.
[2025-03-16 18:42:26] ✘ 有 1 条订阅解析失败:
[2025-03-16 18:42:26] - https://tcxx.info/feed
[2025-03-16 18:42:26] ✘ 有 2 条订阅头像无法访问, 已使用默认头像:
[2025-03-16 18:42:26] - http://feeds.feedburner.com/ruanyifeng
[2025-03-16 18:42:26] - https://www.loyhome.com/feed
[2025-03-16 19:21:33] 本次订阅抓取结果统计:
[2025-03-16 19:21:33] 共 28 条RSS, 成功抓取 28 条.
[2025-03-16 19:21:33] ✘ 有 2 条订阅头像无法访问, 已使用默认头像:
[2025-03-16 19:21:33] - http://feeds.feedburner.com/ruanyifeng
[2025-03-16 19:21:33] - https://www.loyhome.com/feed
