[2025-11-01 01:50:11] 本次订阅抓取结果统计:
[2025-11-01 01:50:11] 共 28 条RSS, 成功抓取 25 条.
[2025-11-01 01:50:11] ✘ 有 3 条订阅解析失败:
[2025-11-01 01:50:11] - https://tumutanzi.com/feed
[2025-11-01 01:50:11] - https://tcxx.info/feed
[2025-11-01 01:50:11] - https://geekinney.com/index.xml
[2025-11-01 01:50:11] ✘ 有 2 条订阅头像无法访问, 已使用默认头像:
[2025-11-01 01:50:11] - http://feeds.feedburner.com/ruanyifeng
[2025-11-01 01:50:11] - https://www.loyhome.com/feed
[2025-11-01 03:13:49] 本次订阅抓取结果统计:
[2025-11-01 03:13:49] 共 28 条RSS, 成功抓取 25 条.
[2025-11-01 03:13:49] ✘ 有 3 条订阅解析失败:
[2025-11-01 03:13:49] - https://tcxx.info/feed
[2025-11-01 03:13:49] - https://tumutanzi.com/feed
[2025-11-01 03:13:49] - https://geekinney.com/index.xml
[2025-11-01 03:13:49] ✘ 有 2 条订阅头像无法访问, 已使用默认头像:
[2025-11-01 03:13:49] - http://feeds.feedburner.com/ruanyifeng
[2025-11-01 03:13:49] - https://www.loyhome.com/feed
[2025-11-01 04:24:23] 本次订阅抓取结果统计:
[2025-11-01 04:24:23] 共 28 条RSS, 成功抓取 25 条.
[2025-11-01 04:24:23] ✘ 有 3 条订阅解析失败:
[2025-11-01 04:24:23] - https://tumutanzi.com/feed
[2025-11-01 04:24:23] - https://tcxx.info/feed
[2025-11-01 04:24:23] - https://geekinney.com/index.xml
[2025-11-01 04:24:23] ✘ 有 2 条订阅头像无法访问, 已使用默认头像:
[2025-11-01 04:24:23] - http://feeds.feedburner.com/ruanyifeng
[2025-11-01 04:24:23] - https://www.loyhome.com/feed
[2025-11-01 05:20:31] 本次订阅抓取结果统计:
[2025-11-01 05:20:31] 共 28 条RSS, 成功抓取 25 条.
[2025-11-01 05:20:31] ✘ 有 3 条订阅解析失败:
[2025-11-01 05:20:31] - https://tumutanzi.com/feed
[2025-11-01 05:20:31] - https://tcxx.info/feed
[2025-11-01 05:20:31] - https://geekinney.com/index.xml
[2025-11-01 05:20:31] ✘ 有 2 条订阅头像无法访问, 已使用默认头像:
[2025-11-01 05:20:31] - http://feeds.feedburner.com/ruanyifeng
[2025-11-01 05:20:31] - https://www.loyhome.com/feed
[2025-11-01 06:30:20] 本次订阅抓取结果统计:
[2025-11-01 06:30:20] 共 28 条RSS, 成功抓取 25 条.
[2025-11-01 06:30:20] ✘ 有 3 条订阅解析失败:
[2025-11-01 06:30:20] - https://tcxx.info/feed
[2025-11-01 06:30:20] - https://tumutanzi.com/feed
[2025-11-01 06:30:20] - https://geekinney.com/index.xml
[2025-11-01 06:30:20] ✘ 有 2 条订阅头像无法访问, 已使用默认头像:
[2025-11-01 06:30:20] - http://feeds.feedburner.com/ruanyifeng
[2025-11-01 06:30:20] - https://www.loyhome.com/feed
[2025-11-01 07:18:55] 本次订阅抓取结果统计:
[2025-11-01 07:18:55] 共 28 条RSS, 成功抓取 25 条.
[2025-11-01 07:18:55] ✘ 有 3 条订阅解析失败:
[2025-11-01 07:18:55] - https://tumutanzi.com/feed
[2025-11-01 07:18:55] - https://tcxx.info/feed
[2025-11-01 07:18:55] - https://geekinney.com/index.xml
[2025-11-01 07:18:55] ✘ 有 2 条订阅头像无法访问, 已使用默认头像:
[2025-11-01 07:18:55] - https://www.loyhome.com/feed
[2025-11-01 07:18:55] - http://feeds.feedburner.com/ruanyifeng
[2025-11-01 08:26:22] 本次订阅抓取结果统计:
[2025-11-01 08:26:22] 共 28 条RSS, 成功抓取 25 条.
[2025-11-01 08:26:22] ✘ 有 3 条订阅解析失败:
[2025-11-01 08:26:22] - https://tcxx.info/feed
[2025-11-01 08:26:22] - https://tumutanzi.com/feed
[2025-11-01 08:26:22] - https://geekinney.com/index.xml
[2025-11-01 08:26:22] ✘ 有 2 条订阅头像无法访问, 已使用默认头像:
[2025-11-01 08:26:22] - http://feeds.feedburner.com/ruanyifeng
[2025-11-01 08:26:22] - https://www.loyhome.com/feed
[2025-11-01 09:20:30] 本次订阅抓取结果统计:
[2025-11-01 09:20:30] 共 28 条RSS, 成功抓取 25 条.
[2025-11-01 09:20:30] ✘ 有 3 条订阅解析失败:
[2025-11-01 09:20:30] - https://tcxx.info/feed
[2025-11-01 09:20:30] - https://tumutanzi.com/feed
[2025-11-01 09:20:30] - https://geekinney.com/index.xml
[2025-11-01 09:20:30] ✘ 有 2 条订阅头像无法访问, 已使用默认头像:
[2025-11-01 09:20:30] - http://feeds.feedburner.com/ruanyifeng
[2025-11-01 09:20:30] - https://www.loyhome.com/feed
[2025-11-01 10:21:07] 本次订阅抓取结果统计:
[2025-11-01 10:21:07] 共 28 条RSS, 成功抓取 25 条.
[2025-11-01 10:21:07] ✘ 有 3 条订阅解析失败:
[2025-11-01 10:21:07] - https://tcxx.info/feed
[2025-11-01 10:21:07] - https://tumutanzi.com/feed
[2025-11-01 10:21:07] - https://geekinney.com/index.xml
[2025-11-01 10:21:07] ✘ 有 2 条订阅头像无法访问, 已使用默认头像:
[2025-11-01 10:21:07] - http://feeds.feedburner.com/ruanyifeng
[2025-11-01 10:21:07] - https://www.loyhome.com/feed
[2025-11-01 11:16:28] 本次订阅抓取结果统计:
[2025-11-01 11:16:28] 共 28 条RSS, 成功抓取 25 条.
[2025-11-01 11:16:28] ✘ 有 3 条订阅解析失败:
[2025-11-01 11:16:28] - https://tcxx.info/feed
[2025-11-01 11:16:28] - https://tumutanzi.com/feed
[2025-11-01 11:16:28] - https://geekinney.com/index.xml
[2025-11-01 11:16:28] ✘ 有 2 条订阅头像无法访问, 已使用默认头像:
[2025-11-01 11:16:28] - http://feeds.feedburner.com/ruanyifeng
[2025-11-01 11:16:28] - https://www.loyhome.com/feed
[2025-11-01 12:40:39] 本次订阅抓取结果统计:
[2025-11-01 12:40:39] 共 28 条RSS, 成功抓取 25 条.
[2025-11-01 12:40:39] ✘ 有 3 条订阅解析失败:
[2025-11-01 12:40:39] - https://tcxx.info/feed
[2025-11-01 12:40:39] - https://tumutanzi.com/feed
[2025-11-01 12:40:39] - https://geekinney.com/index.xml
[2025-11-01 12:40:39] ✘ 有 2 条订阅头像无法访问, 已使用默认头像:
[2025-11-01 12:40:39] - https://www.loyhome.com/feed
[2025-11-01 12:40:39] - http://feeds.feedburner.com/ruanyifeng
[2025-11-01 13:25:44] 本次订阅抓取结果统计:
[2025-11-01 13:25:44] 共 28 条RSS, 成功抓取 25 条.
[2025-11-01 13:25:44] ✘ 有 3 条订阅解析失败:
[2025-11-01 13:25:44] - https://tcxx.info/feed
[2025-11-01 13:25:44] - https://tumutanzi.com/feed
[2025-11-01 13:25:44] - https://geekinney.com/index.xml
[2025-11-01 13:25:44] ✘ 有 2 条订阅头像无法访问, 已使用默认头像:
[2025-11-01 13:25:44] - https://www.loyhome.com/feed
[2025-11-01 13:25:44] - http://feeds.feedburner.com/ruanyifeng
[2025-11-01 14:18:04] 本次订阅抓取结果统计:
[2025-11-01 14:18:04] 共 28 条RSS, 成功抓取 25 条.
[2025-11-01 14:18:04] ✘ 有 3 条订阅解析失败:
[2025-11-01 14:18:04] - https://tcxx.info/feed
[2025-11-01 14:18:04] - https://tumutanzi.com/feed
[2025-11-01 14:18:04] - https://geekinney.com/index.xml
[2025-11-01 14:18:04] ✘ 有 2 条订阅头像无法访问, 已使用默认头像:
[2025-11-01 14:18:04] - https://www.loyhome.com/feed
[2025-11-01 14:18:04] - http://feeds.feedburner.com/ruanyifeng
[2025-11-01 15:18:57] 本次订阅抓取结果统计:
[2025-11-01 15:18:57] 共 28 条RSS, 成功抓取 25 条.
[2025-11-01 15:18:57] ✘ 有 3 条订阅解析失败:
[2025-11-01 15:18:57] - https://tcxx.info/feed
[2025-11-01 15:18:57] - https://tumutanzi.com/feed
[2025-11-01 15:18:57] - https://geekinney.com/index.xml
[2025-11-01 15:18:57] ✘ 有 2 条订阅头像无法访问, 已使用默认头像:
[2025-11-01 15:18:57] - https://www.loyhome.com/feed
[2025-11-01 15:18:57] - http://feeds.feedburner.com/ruanyifeng
[2025-11-01 16:24:18] 本次订阅抓取结果统计:
[2025-11-01 16:24:18] 共 28 条RSS, 成功抓取 25 条.
[2025-11-01 16:24:18] ✘ 有 3 条订阅解析失败:
[2025-11-01 16:24:18] - https://tcxx.info/feed
[2025-11-01 16:24:18] - https://tumutanzi.com/feed
[2025-11-01 16:24:18] - https://geekinney.com/index.xml
[2025-11-01 16:24:18] ✘ 有 2 条订阅头像无法访问, 已使用默认头像:
[2025-11-01 16:24:18] - https://www.loyhome.com/feed
[2025-11-01 16:24:18] - http://feeds.feedburner.com/ruanyifeng
[2025-11-01 17:16:32] 本次订阅抓取结果统计:
[2025-11-01 17:16:32] 共 28 条RSS, 成功抓取 25 条.
[2025-11-01 17:16:32] ✘ 有 3 条订阅解析失败:
[2025-11-01 17:16:32] - https://tumutanzi.com/feed
[2025-11-01 17:16:32] - https://tcxx.info/feed
[2025-11-01 17:16:32] - https://geekinney.com/index.xml
[2025-11-01 17:16:32] ✘ 有 2 条订阅头像无法访问, 已使用默认头像:
[2025-11-01 17:16:32] - http://feeds.feedburner.com/ruanyifeng
[2025-11-01 17:16:32] - https://www.loyhome.com/feed
[2025-11-01 18:28:06] 本次订阅抓取结果统计:
[2025-11-01 18:28:06] 共 28 条RSS, 成功抓取 25 条.
[2025-11-01 18:28:06] ✘ 有 3 条订阅解析失败:
[2025-11-01 18:28:06] - https://tumutanzi.com/feed
[2025-11-01 18:28:06] - https://tcxx.info/feed
[2025-11-01 18:28:06] - https://geekinney.com/index.xml
[2025-11-01 18:28:06] ✘ 有 2 条订阅头像无法访问, 已使用默认头像:
[2025-11-01 18:28:06] - http://feeds.feedburner.com/ruanyifeng
[2025-11-01 18:28:06] - https://www.loyhome.com/feed
[2025-11-01 19:15:13] 本次订阅抓取结果统计:
[2025-11-01 19:15:13] 共 28 条RSS, 成功抓取 25 条.
[2025-11-01 19:15:13] ✘ 有 3 条订阅解析失败:
[2025-11-01 19:15:13] - https://tcxx.info/feed
[2025-11-01 19:15:13] - https://tumutanzi.com/feed
[2025-11-01 19:15:13] - https://geekinney.com/index.xml
[2025-11-01 19:15:13] ✘ 有 2 条订阅头像无法访问, 已使用默认头像:
[2025-11-01 19:15:13] - http://feeds.feedburner.com/ruanyifeng
[2025-11-01 19:15:13] - https://www.loyhome.com/feed
[2025-11-01 20:21:07] 本次订阅抓取结果统计:
[2025-11-01 20:21:07] 共 28 条RSS, 成功抓取 25 条.
[2025-11-01 20:21:07] ✘ 有 3 条订阅解析失败:
[2025-11-01 20:21:07] - https://tcxx.info/feed
[2025-11-01 20:21:07] - https://tumutanzi.com/feed
[2025-11-01 20:21:07] - https://geekinney.com/index.xml
[2025-11-01 20:21:07] ✘ 有 2 条订阅头像无法访问, 已使用默认头像:
[2025-11-01 20:21:07] - http://feeds.feedburner.com/ruanyifeng
[2025-11-01 20:21:07] - https://www.loyhome.com/feed
[2025-11-01 21:17:25] 本次订阅抓取结果统计:
[2025-11-01 21:17:25] 共 28 条RSS, 成功抓取 25 条.
[2025-11-01 21:17:25] ✘ 有 3 条订阅解析失败:
[2025-11-01 21:17:25] - https://tcxx.info/feed
[2025-11-01 21:17:25] - https://tumutanzi.com/feed
[2025-11-01 21:17:25] - https://geekinney.com/index.xml
[2025-11-01 21:17:25] ✘ 有 2 条订阅头像无法访问, 已使用默认头像:
[2025-11-01 21:17:25] - https://www.loyhome.com/feed
[2025-11-01 21:17:25] - http://feeds.feedburner.com/ruanyifeng
