[2025-11-05 01:48:43] 本次订阅抓取结果统计:
[2025-11-05 01:48:43] 共 28 条RSS, 成功抓取 25 条.
[2025-11-05 01:48:43] ✘ 有 3 条订阅解析失败:
[2025-11-05 01:48:43] - https://tumutanzi.com/feed
[2025-11-05 01:48:43] - https://tcxx.info/feed
[2025-11-05 01:48:43] - https://geekinney.com/index.xml
[2025-11-05 01:48:43] ✘ 有 2 条订阅头像无法访问, 已使用默认头像:
[2025-11-05 01:48:43] - http://feeds.feedburner.com/ruanyifeng
[2025-11-05 01:48:43] - https://www.loyhome.com/feed
[2025-11-05 03:13:55] 本次订阅抓取结果统计:
[2025-11-05 03:13:55] 共 28 条RSS, 成功抓取 25 条.
[2025-11-05 03:13:55] ✘ 有 3 条订阅解析失败:
[2025-11-05 03:13:55] - https://tumutanzi.com/feed
[2025-11-05 03:13:55] - https://tcxx.info/feed
[2025-11-05 03:13:55] - https://geekinney.com/index.xml
[2025-11-05 03:13:55] ✘ 有 2 条订阅头像无法访问, 已使用默认头像:
[2025-11-05 03:13:55] - http://feeds.feedburner.com/ruanyifeng
[2025-11-05 03:13:55] - https://www.loyhome.com/feed
[2025-11-05 04:26:40] 本次订阅抓取结果统计:
[2025-11-05 04:26:40] 共 28 条RSS, 成功抓取 25 条.
[2025-11-05 04:26:40] ✘ 有 3 条订阅解析失败:
[2025-11-05 04:26:40] - https://tcxx.info/feed
[2025-11-05 04:26:40] - https://tumutanzi.com/feed
[2025-11-05 04:26:40] - https://geekinney.com/index.xml
[2025-11-05 04:26:40] ✘ 有 2 条订阅头像无法访问, 已使用默认头像:
[2025-11-05 04:26:40] - http://feeds.feedburner.com/ruanyifeng
[2025-11-05 04:26:40] - https://www.loyhome.com/feed
[2025-11-05 05:23:07] 本次订阅抓取结果统计:
[2025-11-05 05:23:07] 共 28 条RSS, 成功抓取 25 条.
[2025-11-05 05:23:07] ✘ 有 3 条订阅解析失败:
[2025-11-05 05:23:07] - https://tcxx.info/feed
[2025-11-05 05:23:07] - https://tumutanzi.com/feed
[2025-11-05 05:23:07] - https://geekinney.com/index.xml
[2025-11-05 05:23:07] ✘ 有 2 条订阅头像无法访问, 已使用默认头像:
[2025-11-05 05:23:07] - http://feeds.feedburner.com/ruanyifeng
[2025-11-05 05:23:07] - https://www.loyhome.com/feed
[2025-11-05 06:34:20] 本次订阅抓取结果统计:
[2025-11-05 06:34:20] 共 28 条RSS, 成功抓取 25 条.
[2025-11-05 06:34:20] ✘ 有 3 条订阅解析失败:
[2025-11-05 06:34:20] - https://tcxx.info/feed
[2025-11-05 06:34:20] - https://tumutanzi.com/feed
[2025-11-05 06:34:20] - https://geekinney.com/index.xml
[2025-11-05 06:34:20] ✘ 有 2 条订阅头像无法访问, 已使用默认头像:
[2025-11-05 06:34:20] - https://www.loyhome.com/feed
[2025-11-05 06:34:20] - http://feeds.feedburner.com/ruanyifeng
[2025-11-05 07:22:05] 本次订阅抓取结果统计:
[2025-11-05 07:22:05] 共 28 条RSS, 成功抓取 25 条.
[2025-11-05 07:22:05] ✘ 有 3 条订阅解析失败:
[2025-11-05 07:22:05] - https://tcxx.info/feed
[2025-11-05 07:22:05] - https://tumutanzi.com/feed
[2025-11-05 07:22:05] - https://geekinney.com/index.xml
[2025-11-05 07:22:05] ✘ 有 2 条订阅头像无法访问, 已使用默认头像:
[2025-11-05 07:22:05] - http://feeds.feedburner.com/ruanyifeng
[2025-11-05 07:22:05] - https://www.loyhome.com/feed
[2025-11-05 08:31:17] 本次订阅抓取结果统计:
[2025-11-05 08:31:17] 共 28 条RSS, 成功抓取 25 条.
[2025-11-05 08:31:17] ✘ 有 3 条订阅解析失败:
[2025-11-05 08:31:17] - https://tumutanzi.com/feed
[2025-11-05 08:31:17] - https://tcxx.info/feed
[2025-11-05 08:31:17] - https://geekinney.com/index.xml
[2025-11-05 08:31:17] ✘ 有 2 条订阅头像无法访问, 已使用默认头像:
[2025-11-05 08:31:17] - http://feeds.feedburner.com/ruanyifeng
[2025-11-05 08:31:17] - https://www.loyhome.com/feed
[2025-11-05 09:26:10] 本次订阅抓取结果统计:
[2025-11-05 09:26:10] 共 28 条RSS, 成功抓取 25 条.
[2025-11-05 09:26:10] ✘ 有 3 条订阅解析失败:
[2025-11-05 09:26:10] - https://tcxx.info/feed
[2025-11-05 09:26:10] - https://tumutanzi.com/feed
[2025-11-05 09:26:10] - https://geekinney.com/index.xml
[2025-11-05 09:26:10] ✘ 有 2 条订阅头像无法访问, 已使用默认头像:
[2025-11-05 09:26:10] - http://feeds.feedburner.com/ruanyifeng
[2025-11-05 09:26:10] - https://www.loyhome.com/feed
[2025-11-05 10:25:39] 本次订阅抓取结果统计:
[2025-11-05 10:25:39] 共 28 条RSS, 成功抓取 25 条.
[2025-11-05 10:25:39] ✘ 有 3 条订阅解析失败:
[2025-11-05 10:25:39] - https://tumutanzi.com/feed
[2025-11-05 10:25:39] - https://tcxx.info/feed
[2025-11-05 10:25:39] - https://geekinney.com/index.xml
[2025-11-05 10:25:39] ✘ 有 2 条订阅头像无法访问, 已使用默认头像:
[2025-11-05 10:25:39] - http://feeds.feedburner.com/ruanyifeng
[2025-11-05 10:25:39] - https://www.loyhome.com/feed
[2025-11-05 11:19:45] 本次订阅抓取结果统计:
[2025-11-05 11:19:45] 共 28 条RSS, 成功抓取 25 条.
[2025-11-05 11:19:45] ✘ 有 3 条订阅解析失败:
[2025-11-05 11:19:45] - https://tcxx.info/feed
[2025-11-05 11:19:45] - https://tumutanzi.com/feed
[2025-11-05 11:19:45] - https://geekinney.com/index.xml
[2025-11-05 11:19:45] ✘ 有 2 条订阅头像无法访问, 已使用默认头像:
[2025-11-05 11:19:45] - http://feeds.feedburner.com/ruanyifeng
[2025-11-05 11:19:45] - https://www.loyhome.com/feed
[2025-11-05 12:48:17] 本次订阅抓取结果统计:
[2025-11-05 12:48:17] 共 28 条RSS, 成功抓取 25 条.
[2025-11-05 12:48:17] ✘ 有 3 条订阅解析失败:
[2025-11-05 12:48:17] - https://tcxx.info/feed
[2025-11-05 12:48:17] - https://tumutanzi.com/feed
[2025-11-05 12:48:17] - https://geekinney.com/index.xml
[2025-11-05 12:48:17] ✘ 有 2 条订阅头像无法访问, 已使用默认头像:
[2025-11-05 12:48:17] - http://feeds.feedburner.com/ruanyifeng
[2025-11-05 12:48:17] - https://www.loyhome.com/feed
[2025-11-05 13:34:28] 本次订阅抓取结果统计:
[2025-11-05 13:34:28] 共 28 条RSS, 成功抓取 25 条.
[2025-11-05 13:34:28] ✘ 有 3 条订阅解析失败:
[2025-11-05 13:34:28] - https://tumutanzi.com/feed
[2025-11-05 13:34:28] - https://tcxx.info/feed
[2025-11-05 13:34:28] - https://geekinney.com/index.xml
[2025-11-05 13:34:28] ✘ 有 2 条订阅头像无法访问, 已使用默认头像:
[2025-11-05 13:34:28] - http://feeds.feedburner.com/ruanyifeng
[2025-11-05 13:34:28] - https://www.loyhome.com/feed
[2025-11-05 14:23:19] 本次订阅抓取结果统计:
[2025-11-05 14:23:19] 共 28 条RSS, 成功抓取 25 条.
[2025-11-05 14:23:19] ✘ 有 3 条订阅解析失败:
[2025-11-05 14:23:19] - https://tumutanzi.com/feed
[2025-11-05 14:23:19] - https://tcxx.info/feed
[2025-11-05 14:23:19] - https://geekinney.com/index.xml
[2025-11-05 14:23:19] ✘ 有 2 条订阅头像无法访问, 已使用默认头像:
[2025-11-05 14:23:19] - https://www.loyhome.com/feed
[2025-11-05 14:23:19] - http://feeds.feedburner.com/ruanyifeng
[2025-11-05 15:22:42] 本次订阅抓取结果统计:
[2025-11-05 15:22:42] 共 28 条RSS, 成功抓取 25 条.
[2025-11-05 15:22:42] ✘ 有 3 条订阅解析失败:
[2025-11-05 15:22:42] - https://tcxx.info/feed
[2025-11-05 15:22:42] - https://tumutanzi.com/feed
[2025-11-05 15:22:42] - https://geekinney.com/index.xml
[2025-11-05 15:22:42] ✘ 有 2 条订阅头像无法访问, 已使用默认头像:
[2025-11-05 15:22:42] - https://www.loyhome.com/feed
[2025-11-05 15:22:42] - http://feeds.feedburner.com/ruanyifeng
[2025-11-05 16:30:27] 本次订阅抓取结果统计:
[2025-11-05 16:30:27] 共 28 条RSS, 成功抓取 25 条.
[2025-11-05 16:30:27] ✘ 有 3 条订阅解析失败:
[2025-11-05 16:30:27] - https://tcxx.info/feed
[2025-11-05 16:30:27] - https://tumutanzi.com/feed
[2025-11-05 16:30:27] - https://geekinney.com/index.xml
[2025-11-05 16:30:27] ✘ 有 2 条订阅头像无法访问, 已使用默认头像:
[2025-11-05 16:30:27] - http://feeds.feedburner.com/ruanyifeng
[2025-11-05 16:30:27] - https://www.loyhome.com/feed
[2025-11-05 17:21:41] 本次订阅抓取结果统计:
[2025-11-05 17:21:41] 共 28 条RSS, 成功抓取 25 条.
[2025-11-05 17:21:41] ✘ 有 3 条订阅解析失败:
[2025-11-05 17:21:41] - https://tcxx.info/feed
[2025-11-05 17:21:41] - https://tumutanzi.com/feed
[2025-11-05 17:21:41] - https://geekinney.com/index.xml
[2025-11-05 17:21:41] ✘ 有 2 条订阅头像无法访问, 已使用默认头像:
[2025-11-05 17:21:41] - http://feeds.feedburner.com/ruanyifeng
[2025-11-05 17:21:41] - https://www.loyhome.com/feed
[2025-11-05 18:32:42] 本次订阅抓取结果统计:
[2025-11-05 18:32:42] 共 28 条RSS, 成功抓取 25 条.
[2025-11-05 18:32:42] ✘ 有 3 条订阅解析失败:
[2025-11-05 18:32:42] - https://tcxx.info/feed
[2025-11-05 18:32:42] - https://tumutanzi.com/feed
[2025-11-05 18:32:42] - https://geekinney.com/index.xml
[2025-11-05 18:32:42] ✘ 有 2 条订阅头像无法访问, 已使用默认头像:
[2025-11-05 18:32:42] - http://feeds.feedburner.com/ruanyifeng
[2025-11-05 18:32:42] - https://www.loyhome.com/feed
[2025-11-05 19:18:39] 本次订阅抓取结果统计:
[2025-11-05 19:18:39] 共 28 条RSS, 成功抓取 25 条.
[2025-11-05 19:18:39] ✘ 有 3 条订阅解析失败:
[2025-11-05 19:18:39] - https://tumutanzi.com/feed
[2025-11-05 19:18:39] - https://tcxx.info/feed
[2025-11-05 19:18:39] - https://geekinney.com/index.xml
[2025-11-05 19:18:39] ✘ 有 2 条订阅头像无法访问, 已使用默认头像:
[2025-11-05 19:18:39] - http://feeds.feedburner.com/ruanyifeng
[2025-11-05 19:18:39] - https://www.loyhome.com/feed
[2025-11-05 20:26:35] 本次订阅抓取结果统计:
[2025-11-05 20:26:35] 共 28 条RSS, 成功抓取 25 条.
[2025-11-05 20:26:35] ✘ 有 3 条订阅解析失败:
[2025-11-05 20:26:35] - https://tumutanzi.com/feed
[2025-11-05 20:26:35] - https://tcxx.info/feed
[2025-11-05 20:26:35] - https://geekinney.com/index.xml
[2025-11-05 20:26:35] ✘ 有 2 条订阅头像无法访问, 已使用默认头像:
[2025-11-05 20:26:35] - http://feeds.feedburner.com/ruanyifeng
[2025-11-05 20:26:35] - https://www.loyhome.com/feed
[2025-11-05 21:21:07] 本次订阅抓取结果统计:
[2025-11-05 21:21:07] 共 28 条RSS, 成功抓取 25 条.
[2025-11-05 21:21:07] ✘ 有 3 条订阅解析失败:
[2025-11-05 21:21:07] - https://tcxx.info/feed
[2025-11-05 21:21:07] - https://tumutanzi.com/feed
[2025-11-05 21:21:07] - https://geekinney.com/index.xml
[2025-11-05 21:21:07] ✘ 有 2 条订阅头像无法访问, 已使用默认头像:
[2025-11-05 21:21:07] - http://feeds.feedburner.com/ruanyifeng
[2025-11-05 21:21:07] - https://www.loyhome.com/feed
