[2025-12-02 01:52:04] 本次订阅抓取结果统计:
[2025-12-02 01:52:04] 共 28 条RSS, 成功抓取 24 条.
[2025-12-02 01:52:04] ✘ 有 4 条订阅解析失败:
[2025-12-02 01:52:04] - https://tcxx.info/feed
[2025-12-02 01:52:04] - https://tumutanzi.com/feed
[2025-12-02 01:52:04] - https://geekinney.com/index.xml
[2025-12-02 01:52:04] - https://wangpei.net/feed
[2025-12-02 01:52:04] ✘ 有 3 条订阅头像无法访问, 已使用默认头像:
[2025-12-02 01:52:04] - http://feeds.feedburner.com/ruanyifeng
[2025-12-02 01:52:04] - https://www.loyhome.com/feed
[2025-12-02 01:52:04] - http://feeds.kenengba.com/kenengbarss
[2025-12-02 03:21:11] 本次订阅抓取结果统计:
[2025-12-02 03:21:11] 共 28 条RSS, 成功抓取 25 条.
[2025-12-02 03:21:11] ✘ 有 3 条订阅解析失败:
[2025-12-02 03:21:11] - https://tcxx.info/feed
[2025-12-02 03:21:11] - https://tumutanzi.com/feed
[2025-12-02 03:21:11] - https://geekinney.com/index.xml
[2025-12-02 03:21:11] ✘ 有 2 条订阅头像无法访问, 已使用默认头像:
[2025-12-02 03:21:11] - http://feeds.feedburner.com/ruanyifeng
[2025-12-02 03:21:11] - https://www.loyhome.com/feed
[2025-12-02 04:33:37] 本次订阅抓取结果统计:
[2025-12-02 04:33:37] 共 28 条RSS, 成功抓取 24 条.
[2025-12-02 04:33:37] ✘ 有 4 条订阅解析失败:
[2025-12-02 04:33:37] - https://tumutanzi.com/feed
[2025-12-02 04:33:37] - https://tcxx.info/feed
[2025-12-02 04:33:37] - https://geekinney.com/index.xml
[2025-12-02 04:33:37] - https://wangpei.net/feed
[2025-12-02 04:33:37] ✘ 有 2 条订阅头像无法访问, 已使用默认头像:
[2025-12-02 04:33:37] - http://feeds.feedburner.com/ruanyifeng
[2025-12-02 04:33:37] - https://www.loyhome.com/feed
