[2025-08-05 02:06:11] 本次订阅抓取结果统计:
[2025-08-05 02:06:11] 共 28 条RSS, 成功抓取 22 条.
[2025-08-05 02:06:11] ✘ 有 6 条订阅解析失败:
[2025-08-05 02:06:11] - https://tcxx.info/feed
[2025-08-05 02:06:11] - https://tumutanzi.com/feed
[2025-08-05 02:06:11] - https://oba.by/feed
[2025-08-05 02:06:11] - https://blog.zhheo.com/rss.xml
[2025-08-05 02:06:11] - https://xyzbz.cn/feed
[2025-08-05 02:06:11] - https://blog.yanqingshan.com/feed
[2025-08-05 02:06:11] ✘ 有 2 条订阅头像无法访问, 已使用默认头像:
[2025-08-05 02:06:11] - https://www.loyhome.com/feed
[2025-08-05 02:06:11] - http://feeds.feedburner.com/ruanyifeng
[2025-08-05 04:09:31] 本次订阅抓取结果统计:
[2025-08-05 04:09:31] 共 28 条RSS, 成功抓取 26 条.
[2025-08-05 04:09:31] ✘ 有 2 条订阅解析失败:
[2025-08-05 04:09:31] - https://tcxx.info/feed
[2025-08-05 04:09:31] - https://tumutanzi.com/feed
[2025-08-05 04:09:31] ✘ 有 2 条订阅头像无法访问, 已使用默认头像:
[2025-08-05 04:09:31] - http://feeds.feedburner.com/ruanyifeng
[2025-08-05 04:09:31] - https://www.loyhome.com/feed
[2025-08-05 05:32:07] 本次订阅抓取结果统计:
[2025-08-05 05:32:07] 共 28 条RSS, 成功抓取 26 条.
[2025-08-05 05:32:07] ✘ 有 2 条订阅解析失败:
[2025-08-05 05:32:07] - https://tcxx.info/feed
[2025-08-05 05:32:07] - https://tumutanzi.com/feed
[2025-08-05 05:32:07] ✘ 有 2 条订阅头像无法访问, 已使用默认头像:
[2025-08-05 05:32:07] - http://feeds.feedburner.com/ruanyifeng
[2025-08-05 05:32:07] - https://www.loyhome.com/feed
[2025-08-05 06:38:26] 本次订阅抓取结果统计:
[2025-08-05 06:38:26] 共 28 条RSS, 成功抓取 26 条.
[2025-08-05 06:38:26] ✘ 有 2 条订阅解析失败:
[2025-08-05 06:38:26] - https://tcxx.info/feed
[2025-08-05 06:38:26] - https://tumutanzi.com/feed
[2025-08-05 06:38:26] ✘ 有 2 条订阅头像无法访问, 已使用默认头像:
[2025-08-05 06:38:26] - http://feeds.feedburner.com/ruanyifeng
[2025-08-05 06:38:26] - https://www.loyhome.com/feed
[2025-08-05 07:29:03] 本次订阅抓取结果统计:
[2025-08-05 07:29:03] 共 28 条RSS, 成功抓取 26 条.
[2025-08-05 07:29:03] ✘ 有 2 条订阅解析失败:
[2025-08-05 07:29:03] - https://tcxx.info/feed
[2025-08-05 07:29:03] - https://tumutanzi.com/feed
[2025-08-05 07:29:03] ✘ 有 2 条订阅头像无法访问, 已使用默认头像:
[2025-08-05 07:29:03] - http://feeds.feedburner.com/ruanyifeng
[2025-08-05 07:29:03] - https://www.loyhome.com/feed
[2025-08-05 08:34:20] 本次订阅抓取结果统计:
[2025-08-05 08:34:20] 共 28 条RSS, 成功抓取 26 条.
[2025-08-05 08:34:20] ✘ 有 2 条订阅解析失败:
[2025-08-05 08:34:20] - https://tumutanzi.com/feed
[2025-08-05 08:34:20] - https://tcxx.info/feed
[2025-08-05 08:34:20] ✘ 有 2 条订阅头像无法访问, 已使用默认头像:
[2025-08-05 08:34:20] - http://feeds.feedburner.com/ruanyifeng
[2025-08-05 08:34:20] - https://www.loyhome.com/feed
[2025-08-05 09:30:45] 本次订阅抓取结果统计:
[2025-08-05 09:30:45] 共 28 条RSS, 成功抓取 26 条.
[2025-08-05 09:30:45] ✘ 有 2 条订阅解析失败:
[2025-08-05 09:30:45] - https://tcxx.info/feed
[2025-08-05 09:30:45] - https://tumutanzi.com/feed
[2025-08-05 09:30:45] ✘ 有 2 条订阅头像无法访问, 已使用默认头像:
[2025-08-05 09:30:45] - http://feeds.feedburner.com/ruanyifeng
[2025-08-05 09:30:45] - https://www.loyhome.com/feed
[2025-08-05 10:27:14] 本次订阅抓取结果统计:
[2025-08-05 10:27:14] 共 28 条RSS, 成功抓取 26 条.
[2025-08-05 10:27:14] ✘ 有 2 条订阅解析失败:
[2025-08-05 10:27:14] - https://tcxx.info/feed
[2025-08-05 10:27:14] - https://tumutanzi.com/feed
[2025-08-05 10:27:14] ✘ 有 2 条订阅头像无法访问, 已使用默认头像:
[2025-08-05 10:27:14] - http://feeds.feedburner.com/ruanyifeng
[2025-08-05 10:27:14] - https://www.loyhome.com/feed
[2025-08-05 11:21:50] 本次订阅抓取结果统计:
[2025-08-05 11:21:50] 共 28 条RSS, 成功抓取 26 条.
[2025-08-05 11:21:50] ✘ 有 2 条订阅解析失败:
[2025-08-05 11:21:50] - https://tumutanzi.com/feed
[2025-08-05 11:21:50] - https://tcxx.info/feed
[2025-08-05 11:21:50] ✘ 有 2 条订阅头像无法访问, 已使用默认头像:
[2025-08-05 11:21:50] - http://feeds.feedburner.com/ruanyifeng
[2025-08-05 11:21:50] - https://www.loyhome.com/feed
[2025-08-05 12:53:45] 本次订阅抓取结果统计:
[2025-08-05 12:53:45] 共 28 条RSS, 成功抓取 26 条.
[2025-08-05 12:53:45] ✘ 有 2 条订阅解析失败:
[2025-08-05 12:53:45] - https://tcxx.info/feed
[2025-08-05 12:53:45] - https://tumutanzi.com/feed
[2025-08-05 12:53:45] ✘ 有 2 条订阅头像无法访问, 已使用默认头像:
[2025-08-05 12:53:45] - http://feeds.feedburner.com/ruanyifeng
[2025-08-05 12:53:45] - https://www.loyhome.com/feed
[2025-08-05 13:44:13] 本次订阅抓取结果统计:
[2025-08-05 13:44:13] 共 28 条RSS, 成功抓取 26 条.
[2025-08-05 13:44:13] ✘ 有 2 条订阅解析失败:
[2025-08-05 13:44:13] - https://tcxx.info/feed
[2025-08-05 13:44:13] - https://tumutanzi.com/feed
[2025-08-05 13:44:13] ✘ 有 2 条订阅头像无法访问, 已使用默认头像:
[2025-08-05 13:44:13] - http://feeds.feedburner.com/ruanyifeng
[2025-08-05 13:44:13] - https://www.loyhome.com/feed
