[2025-09-15 01:46:47] 本次订阅抓取结果统计:
[2025-09-15 01:46:47] 共 28 条RSS, 成功抓取 25 条.
[2025-09-15 01:46:47] ✘ 有 3 条订阅解析失败:
[2025-09-15 01:46:47] - https://tumutanzi.com/feed
[2025-09-15 01:46:47] - https://tcxx.info/feed
[2025-09-15 01:46:47] - https://geekinney.com/index.xml
[2025-09-15 01:46:47] ✘ 有 3 条订阅头像无法访问, 已使用默认头像:
[2025-09-15 01:46:47] - https://hwv430.blogspot.com/feeds/posts/default
[2025-09-15 01:46:47] - http://feeds.feedburner.com/ruanyifeng
[2025-09-15 01:46:47] - https://www.loyhome.com/feed
[2025-09-15 03:09:15] 本次订阅抓取结果统计:
[2025-09-15 03:09:15] 共 28 条RSS, 成功抓取 25 条.
[2025-09-15 03:09:15] ✘ 有 3 条订阅解析失败:
[2025-09-15 03:09:15] - https://tcxx.info/feed
[2025-09-15 03:09:15] - https://tumutanzi.com/feed
[2025-09-15 03:09:15] - https://geekinney.com/index.xml
[2025-09-15 03:09:15] ✘ 有 3 条订阅头像无法访问, 已使用默认头像:
[2025-09-15 03:09:15] - https://hwv430.blogspot.com/feeds/posts/default
[2025-09-15 03:09:15] - http://feeds.feedburner.com/ruanyifeng
[2025-09-15 03:09:15] - https://www.loyhome.com/feed
[2025-09-15 04:26:11] 本次订阅抓取结果统计:
[2025-09-15 04:26:11] 共 28 条RSS, 成功抓取 25 条.
[2025-09-15 04:26:11] ✘ 有 3 条订阅解析失败:
[2025-09-15 04:26:11] - https://tcxx.info/feed
[2025-09-15 04:26:11] - https://tumutanzi.com/feed
[2025-09-15 04:26:11] - https://geekinney.com/index.xml
[2025-09-15 04:26:11] ✘ 有 3 条订阅头像无法访问, 已使用默认头像:
[2025-09-15 04:26:11] - https://hwv430.blogspot.com/feeds/posts/default
[2025-09-15 04:26:11] - http://feeds.feedburner.com/ruanyifeng
[2025-09-15 04:26:11] - https://www.loyhome.com/feed
[2025-09-15 05:21:26] 本次订阅抓取结果统计:
[2025-09-15 05:21:26] 共 28 条RSS, 成功抓取 25 条.
[2025-09-15 05:21:26] ✘ 有 3 条订阅解析失败:
[2025-09-15 05:21:26] - https://tcxx.info/feed
[2025-09-15 05:21:26] - https://tumutanzi.com/feed
[2025-09-15 05:21:26] - https://geekinney.com/index.xml
[2025-09-15 05:21:26] ✘ 有 3 条订阅头像无法访问, 已使用默认头像:
[2025-09-15 05:21:26] - https://hwv430.blogspot.com/feeds/posts/default
[2025-09-15 05:21:26] - http://feeds.feedburner.com/ruanyifeng
[2025-09-15 05:21:26] - https://www.loyhome.com/feed
[2025-09-15 06:33:47] 本次订阅抓取结果统计:
[2025-09-15 06:33:47] 共 28 条RSS, 成功抓取 25 条.
[2025-09-15 06:33:47] ✘ 有 3 条订阅解析失败:
[2025-09-15 06:33:47] - https://tcxx.info/feed
[2025-09-15 06:33:47] - https://tumutanzi.com/feed
[2025-09-15 06:33:47] - https://geekinney.com/index.xml
[2025-09-15 06:33:47] ✘ 有 2 条订阅头像无法访问, 已使用默认头像:
[2025-09-15 06:33:47] - http://feeds.feedburner.com/ruanyifeng
[2025-09-15 06:33:47] - https://www.loyhome.com/feed
[2025-09-15 07:21:43] 本次订阅抓取结果统计:
[2025-09-15 07:21:43] 共 28 条RSS, 成功抓取 25 条.
[2025-09-15 07:21:43] ✘ 有 3 条订阅解析失败:
[2025-09-15 07:21:43] - https://tumutanzi.com/feed
[2025-09-15 07:21:43] - https://tcxx.info/feed
[2025-09-15 07:21:43] - https://geekinney.com/index.xml
[2025-09-15 07:21:43] ✘ 有 3 条订阅头像无法访问, 已使用默认头像:
[2025-09-15 07:21:43] - https://hwv430.blogspot.com/feeds/posts/default
[2025-09-15 07:21:43] - http://feeds.feedburner.com/ruanyifeng
[2025-09-15 07:21:43] - https://www.loyhome.com/feed
[2025-09-15 08:29:11] 本次订阅抓取结果统计:
[2025-09-15 08:29:11] 共 28 条RSS, 成功抓取 25 条.
[2025-09-15 08:29:11] ✘ 有 3 条订阅解析失败:
[2025-09-15 08:29:11] - https://tcxx.info/feed
[2025-09-15 08:29:11] - https://tumutanzi.com/feed
[2025-09-15 08:29:11] - https://geekinney.com/index.xml
[2025-09-15 08:29:11] ✘ 有 3 条订阅头像无法访问, 已使用默认头像:
[2025-09-15 08:29:11] - https://hwv430.blogspot.com/feeds/posts/default
[2025-09-15 08:29:11] - http://feeds.feedburner.com/ruanyifeng
[2025-09-15 08:29:11] - https://www.loyhome.com/feed
[2025-09-15 09:25:05] 本次订阅抓取结果统计:
[2025-09-15 09:25:05] 共 28 条RSS, 成功抓取 25 条.
[2025-09-15 09:25:05] ✘ 有 3 条订阅解析失败:
[2025-09-15 09:25:05] - https://tumutanzi.com/feed
[2025-09-15 09:25:05] - https://tcxx.info/feed
[2025-09-15 09:25:05] - https://geekinney.com/index.xml
[2025-09-15 09:25:05] ✘ 有 3 条订阅头像无法访问, 已使用默认头像:
[2025-09-15 09:25:05] - https://hwv430.blogspot.com/feeds/posts/default
[2025-09-15 09:25:05] - http://feeds.feedburner.com/ruanyifeng
[2025-09-15 09:25:05] - https://www.loyhome.com/feed
[2025-09-15 10:23:17] 本次订阅抓取结果统计:
[2025-09-15 10:23:17] 共 28 条RSS, 成功抓取 25 条.
[2025-09-15 10:23:17] ✘ 有 3 条订阅解析失败:
[2025-09-15 10:23:17] - https://tcxx.info/feed
[2025-09-15 10:23:17] - https://tumutanzi.com/feed
[2025-09-15 10:23:17] - https://geekinney.com/index.xml
[2025-09-15 10:23:17] ✘ 有 2 条订阅头像无法访问, 已使用默认头像:
[2025-09-15 10:23:17] - http://feeds.feedburner.com/ruanyifeng
[2025-09-15 10:23:17] - https://www.loyhome.com/feed
