[2025-04-10 03:10:34] 本次订阅抓取结果统计:
[2025-04-10 03:10:34] 共 28 条RSS, 成功抓取 27 条.
[2025-04-10 03:10:34] ✘ 有 1 条订阅解析失败:
[2025-04-10 03:10:34] - https://geekinney.com/index.xml
[2025-04-10 03:10:34] ✘ 有 3 条订阅头像无法访问, 已使用默认头像:
[2025-04-10 03:10:34] - https://tcxx.info/feed
[2025-04-10 03:10:34] - http://feeds.feedburner.com/ruanyifeng
[2025-04-10 03:10:34] - https://www.loyhome.com/feed
[2025-04-10 04:45:00] 本次订阅抓取结果统计:
[2025-04-10 04:45:00] 共 28 条RSS, 成功抓取 26 条.
[2025-04-10 04:45:00] ✘ 有 2 条订阅解析失败:
[2025-04-10 04:45:00] - https://tcxx.info/feed
[2025-04-10 04:45:00] - https://geekinney.com/index.xml
[2025-04-10 04:45:00] ✘ 有 2 条订阅头像无法访问, 已使用默认头像:
[2025-04-10 04:45:00] - http://feeds.feedburner.com/ruanyifeng
[2025-04-10 04:45:00] - https://www.loyhome.com/feed
[2025-04-10 05:38:06] 本次订阅抓取结果统计:
[2025-04-10 05:38:06] 共 28 条RSS, 成功抓取 27 条.
[2025-04-10 05:38:06] ✘ 有 1 条订阅解析失败:
[2025-04-10 05:38:06] - https://geekinney.com/index.xml
[2025-04-10 05:38:06] ✘ 有 2 条订阅头像无法访问, 已使用默认头像:
[2025-04-10 05:38:06] - http://feeds.feedburner.com/ruanyifeng
[2025-04-10 05:38:06] - https://www.loyhome.com/feed
[2025-04-10 06:49:51] 本次订阅抓取结果统计:
[2025-04-10 06:49:51] 共 28 条RSS, 成功抓取 27 条.
[2025-04-10 06:49:51] ✘ 有 1 条订阅解析失败:
[2025-04-10 06:49:51] - https://geekinney.com/index.xml
[2025-04-10 06:49:51] ✘ 有 2 条订阅头像无法访问, 已使用默认头像:
[2025-04-10 06:49:51] - http://feeds.feedburner.com/ruanyifeng
[2025-04-10 06:49:51] - https://www.loyhome.com/feed
[2025-04-10 07:33:17] 本次订阅抓取结果统计:
[2025-04-10 07:33:17] 共 28 条RSS, 成功抓取 27 条.
[2025-04-10 07:33:17] ✘ 有 1 条订阅解析失败:
[2025-04-10 07:33:17] - https://geekinney.com/index.xml
[2025-04-10 07:33:17] ✘ 有 2 条订阅头像无法访问, 已使用默认头像:
[2025-04-10 07:33:17] - http://feeds.feedburner.com/ruanyifeng
[2025-04-10 07:33:17] - https://www.loyhome.com/feed
[2025-04-10 08:46:51] 本次订阅抓取结果统计:
[2025-04-10 08:46:51] 共 28 条RSS, 成功抓取 27 条.
[2025-04-10 08:46:51] ✘ 有 1 条订阅解析失败:
[2025-04-10 08:46:51] - https://geekinney.com/index.xml
[2025-04-10 08:46:51] ✘ 有 2 条订阅头像无法访问, 已使用默认头像:
[2025-04-10 08:46:51] - http://feeds.feedburner.com/ruanyifeng
[2025-04-10 08:46:51] - https://www.loyhome.com/feed
[2025-04-10 09:35:42] 本次订阅抓取结果统计:
[2025-04-10 09:35:42] 共 28 条RSS, 成功抓取 27 条.
[2025-04-10 09:35:42] ✘ 有 1 条订阅解析失败:
[2025-04-10 09:35:42] - https://geekinney.com/index.xml
[2025-04-10 09:35:42] ✘ 有 2 条订阅头像无法访问, 已使用默认头像:
[2025-04-10 09:35:42] - https://www.loyhome.com/feed
[2025-04-10 09:35:42] - http://feeds.feedburner.com/ruanyifeng
