[2025-08-16 01:49:11] 本次订阅抓取结果统计:
[2025-08-16 01:49:11] 共 28 条RSS, 成功抓取 26 条.
[2025-08-16 01:49:11] ✘ 有 2 条订阅解析失败:
[2025-08-16 01:49:11] - https://tcxx.info/feed
[2025-08-16 01:49:11] - https://tumutanzi.com/feed
[2025-08-16 01:49:11] ✘ 有 2 条订阅头像无法访问, 已使用默认头像:
[2025-08-16 01:49:11] - http://feeds.feedburner.com/ruanyifeng
[2025-08-16 01:49:11] - https://www.loyhome.com/feed
[2025-08-16 03:16:39] 本次订阅抓取结果统计:
[2025-08-16 03:16:39] 共 28 条RSS, 成功抓取 26 条.
[2025-08-16 03:16:39] ✘ 有 2 条订阅解析失败:
[2025-08-16 03:16:39] - https://tcxx.info/feed
[2025-08-16 03:16:39] - https://tumutanzi.com/feed
[2025-08-16 03:16:39] ✘ 有 2 条订阅头像无法访问, 已使用默认头像:
[2025-08-16 03:16:39] - http://feeds.feedburner.com/ruanyifeng
[2025-08-16 03:16:39] - https://www.loyhome.com/feed
[2025-08-16 04:28:32] 本次订阅抓取结果统计:
[2025-08-16 04:28:32] 共 28 条RSS, 成功抓取 26 条.
[2025-08-16 04:28:32] ✘ 有 2 条订阅解析失败:
[2025-08-16 04:28:32] - https://tcxx.info/feed
[2025-08-16 04:28:32] - https://tumutanzi.com/feed
[2025-08-16 04:28:32] ✘ 有 2 条订阅头像无法访问, 已使用默认头像:
[2025-08-16 04:28:32] - http://feeds.feedburner.com/ruanyifeng
[2025-08-16 04:28:32] - https://www.loyhome.com/feed
[2025-08-16 05:21:56] 本次订阅抓取结果统计:
[2025-08-16 05:21:56] 共 28 条RSS, 成功抓取 26 条.
[2025-08-16 05:21:56] ✘ 有 2 条订阅解析失败:
[2025-08-16 05:21:56] - https://tcxx.info/feed
[2025-08-16 05:21:56] - https://tumutanzi.com/feed
[2025-08-16 05:21:56] ✘ 有 2 条订阅头像无法访问, 已使用默认头像:
[2025-08-16 05:21:56] - http://feeds.feedburner.com/ruanyifeng
[2025-08-16 05:21:56] - https://www.loyhome.com/feed
[2025-08-16 06:31:52] 本次订阅抓取结果统计:
[2025-08-16 06:31:52] 共 28 条RSS, 成功抓取 26 条.
[2025-08-16 06:31:52] ✘ 有 2 条订阅解析失败:
[2025-08-16 06:31:52] - https://tcxx.info/feed
[2025-08-16 06:31:52] - https://tumutanzi.com/feed
[2025-08-16 06:31:52] ✘ 有 2 条订阅头像无法访问, 已使用默认头像:
[2025-08-16 06:31:52] - http://feeds.feedburner.com/ruanyifeng
[2025-08-16 06:31:52] - https://www.loyhome.com/feed
[2025-08-16 07:20:20] 本次订阅抓取结果统计:
[2025-08-16 07:20:20] 共 28 条RSS, 成功抓取 26 条.
[2025-08-16 07:20:20] ✘ 有 2 条订阅解析失败:
[2025-08-16 07:20:20] - https://tumutanzi.com/feed
[2025-08-16 07:20:20] - https://tcxx.info/feed
[2025-08-16 07:20:20] ✘ 有 2 条订阅头像无法访问, 已使用默认头像:
[2025-08-16 07:20:20] - http://feeds.feedburner.com/ruanyifeng
[2025-08-16 07:20:20] - https://www.loyhome.com/feed
[2025-08-16 08:28:48] 本次订阅抓取结果统计:
[2025-08-16 08:28:48] 共 28 条RSS, 成功抓取 25 条.
[2025-08-16 08:28:48] ✘ 有 3 条订阅解析失败:
[2025-08-16 08:28:48] - https://tumutanzi.com/feed
[2025-08-16 08:28:48] - https://tcxx.info/feed
[2025-08-16 08:28:48] - http://feeds.feedburner.com/ruanyifeng
[2025-08-16 08:28:48] ✘ 有 1 条订阅头像无法访问, 已使用默认头像:
[2025-08-16 08:28:48] - https://www.loyhome.com/feed
