[2025-04-16 01:45:15] 本次订阅抓取结果统计:
[2025-04-16 01:45:15] 共 28 条RSS, 成功抓取 27 条.
[2025-04-16 01:45:15] ✘ 有 1 条订阅解析失败:
[2025-04-16 01:45:15] - https://tcxx.info/feed
[2025-04-16 01:45:15] ✘ 有 3 条订阅头像无法访问, 已使用默认头像:
[2025-04-16 01:45:15] - http://feeds.feedburner.com/ruanyifeng
[2025-04-16 01:45:15] - https://www.loyhome.com/feed
[2025-04-16 01:45:15] - https://blog.zhheo.com/rss.xml
[2025-04-16 03:05:50] 本次订阅抓取结果统计:
[2025-04-16 03:05:50] 共 28 条RSS, 成功抓取 27 条.
[2025-04-16 03:05:50] ✘ 有 1 条订阅解析失败:
[2025-04-16 03:05:50] - https://tcxx.info/feed
[2025-04-16 03:05:50] ✘ 有 2 条订阅头像无法访问, 已使用默认头像:
[2025-04-16 03:05:50] - http://feeds.feedburner.com/ruanyifeng
[2025-04-16 03:05:50] - https://www.loyhome.com/feed
[2025-04-16 04:25:31] 本次订阅抓取结果统计:
[2025-04-16 04:25:31] 共 28 条RSS, 成功抓取 27 条.
[2025-04-16 04:25:31] ✘ 有 1 条订阅解析失败:
[2025-04-16 04:25:31] - https://tcxx.info/feed
[2025-04-16 04:25:31] ✘ 有 2 条订阅头像无法访问, 已使用默认头像:
[2025-04-16 04:25:31] - http://feeds.feedburner.com/ruanyifeng
[2025-04-16 04:25:31] - https://www.loyhome.com/feed
[2025-04-16 05:21:12] 本次订阅抓取结果统计:
[2025-04-16 05:21:12] 共 28 条RSS, 成功抓取 27 条.
[2025-04-16 05:21:12] ✘ 有 1 条订阅解析失败:
[2025-04-16 05:21:12] - https://tcxx.info/feed
[2025-04-16 05:21:12] ✘ 有 2 条订阅头像无法访问, 已使用默认头像:
[2025-04-16 05:21:12] - https://www.loyhome.com/feed
[2025-04-16 05:21:12] - http://feeds.feedburner.com/ruanyifeng
[2025-04-16 06:30:55] 本次订阅抓取结果统计:
[2025-04-16 06:30:55] 共 28 条RSS, 成功抓取 27 条.
[2025-04-16 06:30:55] ✘ 有 1 条订阅解析失败:
[2025-04-16 06:30:55] - https://tcxx.info/feed
[2025-04-16 06:30:55] ✘ 有 2 条订阅头像无法访问, 已使用默认头像:
[2025-04-16 06:30:55] - http://feeds.feedburner.com/ruanyifeng
[2025-04-16 06:30:55] - https://www.loyhome.com/feed
[2025-04-16 07:21:19] 本次订阅抓取结果统计:
[2025-04-16 07:21:19] 共 28 条RSS, 成功抓取 27 条.
[2025-04-16 07:21:19] ✘ 有 1 条订阅解析失败:
[2025-04-16 07:21:19] - https://tcxx.info/feed
[2025-04-16 07:21:19] ✘ 有 2 条订阅头像无法访问, 已使用默认头像:
[2025-04-16 07:21:19] - http://feeds.feedburner.com/ruanyifeng
[2025-04-16 07:21:19] - https://www.loyhome.com/feed
[2025-04-16 08:29:11] 本次订阅抓取结果统计:
[2025-04-16 08:29:11] 共 28 条RSS, 成功抓取 27 条.
[2025-04-16 08:29:11] ✘ 有 1 条订阅解析失败:
[2025-04-16 08:29:11] - https://tcxx.info/feed
[2025-04-16 08:29:11] ✘ 有 2 条订阅头像无法访问, 已使用默认头像:
[2025-04-16 08:29:11] - http://feeds.feedburner.com/ruanyifeng
[2025-04-16 08:29:11] - https://www.loyhome.com/feed
[2025-04-16 09:24:12] 本次订阅抓取结果统计:
[2025-04-16 09:24:12] 共 28 条RSS, 成功抓取 27 条.
[2025-04-16 09:24:12] ✘ 有 1 条订阅解析失败:
[2025-04-16 09:24:12] - https://tcxx.info/feed
[2025-04-16 09:24:12] ✘ 有 2 条订阅头像无法访问, 已使用默认头像:
[2025-04-16 09:24:12] - http://feeds.feedburner.com/ruanyifeng
[2025-04-16 09:24:12] - https://www.loyhome.com/feed
[2025-04-16 10:23:52] 本次订阅抓取结果统计:
[2025-04-16 10:23:52] 共 28 条RSS, 成功抓取 27 条.
[2025-04-16 10:23:52] ✘ 有 1 条订阅解析失败:
[2025-04-16 10:23:52] - https://tcxx.info/feed
[2025-04-16 10:23:52] ✘ 有 2 条订阅头像无法访问, 已使用默认头像:
[2025-04-16 10:23:52] - http://feeds.feedburner.com/ruanyifeng
[2025-04-16 10:23:52] - https://www.loyhome.com/feed
[2025-04-16 11:18:01] 本次订阅抓取结果统计:
[2025-04-16 11:18:01] 共 28 条RSS, 成功抓取 27 条.
[2025-04-16 11:18:01] ✘ 有 1 条订阅解析失败:
[2025-04-16 11:18:01] - https://tcxx.info/feed
[2025-04-16 11:18:01] ✘ 有 2 条订阅头像无法访问, 已使用默认头像:
[2025-04-16 11:18:01] - http://feeds.feedburner.com/ruanyifeng
[2025-04-16 11:18:01] - https://www.loyhome.com/feed
[2025-04-16 12:42:47] 本次订阅抓取结果统计:
[2025-04-16 12:42:47] 共 28 条RSS, 成功抓取 27 条.
[2025-04-16 12:42:47] ✘ 有 1 条订阅解析失败:
[2025-04-16 12:42:47] - https://tcxx.info/feed
[2025-04-16 12:42:47] ✘ 有 2 条订阅头像无法访问, 已使用默认头像:
[2025-04-16 12:42:47] - http://feeds.feedburner.com/ruanyifeng
[2025-04-16 12:42:47] - https://www.loyhome.com/feed
[2025-04-16 13:30:56] 本次订阅抓取结果统计:
[2025-04-16 13:30:56] 共 28 条RSS, 成功抓取 27 条.
[2025-04-16 13:30:56] ✘ 有 1 条订阅解析失败:
[2025-04-16 13:30:56] - https://tcxx.info/feed
[2025-04-16 13:30:56] ✘ 有 2 条订阅头像无法访问, 已使用默认头像:
[2025-04-16 13:30:56] - http://feeds.feedburner.com/ruanyifeng
[2025-04-16 13:30:56] - https://www.loyhome.com/feed
[2025-04-16 14:21:37] 本次订阅抓取结果统计:
[2025-04-16 14:21:37] 共 28 条RSS, 成功抓取 27 条.
[2025-04-16 14:21:37] ✘ 有 1 条订阅解析失败:
[2025-04-16 14:21:37] - https://tcxx.info/feed
[2025-04-16 14:21:37] ✘ 有 2 条订阅头像无法访问, 已使用默认头像:
[2025-04-16 14:21:37] - http://feeds.feedburner.com/ruanyifeng
[2025-04-16 14:21:37] - https://www.loyhome.com/feed
[2025-04-16 15:23:48] 本次订阅抓取结果统计:
[2025-04-16 15:23:48] 共 28 条RSS, 成功抓取 27 条.
[2025-04-16 15:23:48] ✘ 有 1 条订阅解析失败:
[2025-04-16 15:23:48] - https://tcxx.info/feed
[2025-04-16 15:23:48] ✘ 有 2 条订阅头像无法访问, 已使用默认头像:
[2025-04-16 15:23:48] - http://feeds.feedburner.com/ruanyifeng
[2025-04-16 15:23:48] - https://www.loyhome.com/feed
[2025-04-16 16:27:44] 本次订阅抓取结果统计:
[2025-04-16 16:27:44] 共 28 条RSS, 成功抓取 27 条.
[2025-04-16 16:27:44] ✘ 有 1 条订阅解析失败:
[2025-04-16 16:27:44] - https://tcxx.info/feed
[2025-04-16 16:27:44] ✘ 有 2 条订阅头像无法访问, 已使用默认头像:
[2025-04-16 16:27:44] - https://www.loyhome.com/feed
[2025-04-16 16:27:44] - http://feeds.feedburner.com/ruanyifeng
[2025-04-16 17:18:41] 本次订阅抓取结果统计:
[2025-04-16 17:18:41] 共 28 条RSS, 成功抓取 27 条.
[2025-04-16 17:18:41] ✘ 有 1 条订阅解析失败:
[2025-04-16 17:18:41] - https://tcxx.info/feed
[2025-04-16 17:18:41] ✘ 有 2 条订阅头像无法访问, 已使用默认头像:
[2025-04-16 17:18:41] - https://www.loyhome.com/feed
[2025-04-16 17:18:41] - http://feeds.feedburner.com/ruanyifeng
[2025-04-16 18:30:50] 本次订阅抓取结果统计:
[2025-04-16 18:30:50] 共 28 条RSS, 成功抓取 27 条.
[2025-04-16 18:30:50] ✘ 有 1 条订阅解析失败:
[2025-04-16 18:30:50] - https://tcxx.info/feed
[2025-04-16 18:30:50] ✘ 有 2 条订阅头像无法访问, 已使用默认头像:
[2025-04-16 18:30:50] - http://feeds.feedburner.com/ruanyifeng
[2025-04-16 18:30:50] - https://www.loyhome.com/feed
[2025-04-16 19:15:27] 本次订阅抓取结果统计:
[2025-04-16 19:15:27] 共 28 条RSS, 成功抓取 27 条.
[2025-04-16 19:15:27] ✘ 有 1 条订阅解析失败:
[2025-04-16 19:15:27] - https://tcxx.info/feed
[2025-04-16 19:15:27] ✘ 有 2 条订阅头像无法访问, 已使用默认头像:
[2025-04-16 19:15:27] - https://www.loyhome.com/feed
[2025-04-16 19:15:27] - http://feeds.feedburner.com/ruanyifeng
[2025-04-16 20:23:56] 本次订阅抓取结果统计:
[2025-04-16 20:23:56] 共 28 条RSS, 成功抓取 27 条.
[2025-04-16 20:23:56] ✘ 有 1 条订阅解析失败:
[2025-04-16 20:23:56] - https://tcxx.info/feed
[2025-04-16 20:23:56] ✘ 有 2 条订阅头像无法访问, 已使用默认头像:
[2025-04-16 20:23:56] - http://feeds.feedburner.com/ruanyifeng
[2025-04-16 20:23:56] - https://www.loyhome.com/feed
[2025-04-16 21:20:26] 本次订阅抓取结果统计:
[2025-04-16 21:20:26] 共 28 条RSS, 成功抓取 27 条.
[2025-04-16 21:20:26] ✘ 有 1 条订阅解析失败:
[2025-04-16 21:20:26] - https://tcxx.info/feed
[2025-04-16 21:20:26] ✘ 有 2 条订阅头像无法访问, 已使用默认头像:
[2025-04-16 21:20:26] - http://feeds.feedburner.com/ruanyifeng
[2025-04-16 21:20:26] - https://www.loyhome.com/feed
