[2025-06-08 01:59:43] 本次订阅抓取结果统计:
[2025-06-08 01:59:43] 共 28 条RSS, 成功抓取 27 条.
[2025-06-08 01:59:43] ✘ 有 1 条订阅解析失败:
[2025-06-08 01:59:43] - https://tcxx.info/feed
[2025-06-08 01:59:43] ✘ 有 2 条订阅头像无法访问, 已使用默认头像:
[2025-06-08 01:59:43] - http://feeds.feedburner.com/ruanyifeng
[2025-06-08 01:59:43] - https://www.loyhome.com/feed
[2025-06-08 03:34:35] 本次订阅抓取结果统计:
[2025-06-08 03:34:35] 共 28 条RSS, 成功抓取 27 条.
[2025-06-08 03:34:35] ✘ 有 1 条订阅解析失败:
[2025-06-08 03:34:35] - https://tcxx.info/feed
[2025-06-08 03:34:35] ✘ 有 2 条订阅头像无法访问, 已使用默认头像:
[2025-06-08 03:34:35] - http://feeds.feedburner.com/ruanyifeng
[2025-06-08 03:34:35] - https://www.loyhome.com/feed
[2025-06-08 04:32:35] 本次订阅抓取结果统计:
[2025-06-08 04:32:35] 共 28 条RSS, 成功抓取 27 条.
[2025-06-08 04:32:35] ✘ 有 1 条订阅解析失败:
[2025-06-08 04:32:35] - https://tcxx.info/feed
[2025-06-08 04:32:35] ✘ 有 2 条订阅头像无法访问, 已使用默认头像:
[2025-06-08 04:32:35] - http://feeds.feedburner.com/ruanyifeng
[2025-06-08 04:32:35] - https://www.loyhome.com/feed
