[2025-07-23 02:00:56] 本次订阅抓取结果统计:
[2025-07-23 02:00:56] 共 28 条RSS, 成功抓取 27 条.
[2025-07-23 02:00:56] ✘ 有 1 条订阅解析失败:
[2025-07-23 02:00:56] - https://tcxx.info/feed
[2025-07-23 02:00:56] ✘ 有 2 条订阅头像无法访问, 已使用默认头像:
[2025-07-23 02:00:56] - http://feeds.feedburner.com/ruanyifeng
[2025-07-23 02:00:56] - https://www.loyhome.com/feed
[2025-07-23 04:02:08] 本次订阅抓取结果统计:
[2025-07-23 04:02:08] 共 28 条RSS, 成功抓取 27 条.
[2025-07-23 04:02:08] ✘ 有 1 条订阅解析失败:
[2025-07-23 04:02:08] - https://tcxx.info/feed
[2025-07-23 04:02:08] ✘ 有 2 条订阅头像无法访问, 已使用默认头像:
[2025-07-23 04:02:08] - http://feeds.feedburner.com/ruanyifeng
[2025-07-23 04:02:08] - https://www.loyhome.com/feed
[2025-07-23 05:30:46] 本次订阅抓取结果统计:
[2025-07-23 05:30:46] 共 28 条RSS, 成功抓取 27 条.
[2025-07-23 05:30:46] ✘ 有 1 条订阅解析失败:
[2025-07-23 05:30:46] - https://tcxx.info/feed
[2025-07-23 05:30:46] ✘ 有 2 条订阅头像无法访问, 已使用默认头像:
[2025-07-23 05:30:46] - http://feeds.feedburner.com/ruanyifeng
[2025-07-23 05:30:46] - https://www.loyhome.com/feed
[2025-07-23 06:36:23] 本次订阅抓取结果统计:
[2025-07-23 06:36:23] 共 28 条RSS, 成功抓取 27 条.
[2025-07-23 06:36:23] ✘ 有 1 条订阅解析失败:
[2025-07-23 06:36:23] - https://tcxx.info/feed
[2025-07-23 06:36:23] ✘ 有 2 条订阅头像无法访问, 已使用默认头像:
[2025-07-23 06:36:23] - http://feeds.feedburner.com/ruanyifeng
[2025-07-23 06:36:23] - https://www.loyhome.com/feed
[2025-07-23 07:26:42] 本次订阅抓取结果统计:
[2025-07-23 07:26:42] 共 28 条RSS, 成功抓取 27 条.
[2025-07-23 07:26:42] ✘ 有 1 条订阅解析失败:
[2025-07-23 07:26:42] - https://tcxx.info/feed
[2025-07-23 07:26:42] ✘ 有 2 条订阅头像无法访问, 已使用默认头像:
[2025-07-23 07:26:42] - http://feeds.feedburner.com/ruanyifeng
[2025-07-23 07:26:42] - https://www.loyhome.com/feed
[2025-07-23 08:33:38] 本次订阅抓取结果统计:
[2025-07-23 08:33:38] 共 28 条RSS, 成功抓取 27 条.
[2025-07-23 08:33:38] ✘ 有 1 条订阅解析失败:
[2025-07-23 08:33:38] - https://tcxx.info/feed
[2025-07-23 08:33:38] ✘ 有 2 条订阅头像无法访问, 已使用默认头像:
[2025-07-23 08:33:38] - http://feeds.feedburner.com/ruanyifeng
[2025-07-23 08:33:38] - https://www.loyhome.com/feed
[2025-07-23 09:30:48] 本次订阅抓取结果统计:
[2025-07-23 09:30:48] 共 28 条RSS, 成功抓取 27 条.
[2025-07-23 09:30:48] ✘ 有 1 条订阅解析失败:
[2025-07-23 09:30:48] - https://tcxx.info/feed
[2025-07-23 09:30:48] ✘ 有 2 条订阅头像无法访问, 已使用默认头像:
[2025-07-23 09:30:48] - http://feeds.feedburner.com/ruanyifeng
[2025-07-23 09:30:48] - https://www.loyhome.com/feed
[2025-07-23 10:26:59] 本次订阅抓取结果统计:
[2025-07-23 10:26:59] 共 28 条RSS, 成功抓取 27 条.
[2025-07-23 10:26:59] ✘ 有 1 条订阅解析失败:
[2025-07-23 10:26:59] - https://tcxx.info/feed
[2025-07-23 10:26:59] ✘ 有 3 条订阅头像无法访问, 已使用默认头像:
[2025-07-23 10:26:59] - http://feeds.feedburner.com/ruanyifeng
[2025-07-23 10:26:59] - https://www.loyhome.com/feed
[2025-07-23 10:26:59] - https://xyzbz.cn/feed
[2025-07-23 11:21:21] 本次订阅抓取结果统计:
[2025-07-23 11:21:21] 共 28 条RSS, 成功抓取 27 条.
[2025-07-23 11:21:21] ✘ 有 1 条订阅解析失败:
[2025-07-23 11:21:21] - https://tcxx.info/feed
[2025-07-23 11:21:21] ✘ 有 2 条订阅头像无法访问, 已使用默认头像:
[2025-07-23 11:21:21] - http://feeds.feedburner.com/ruanyifeng
[2025-07-23 11:21:21] - https://www.loyhome.com/feed
[2025-07-23 12:51:39] 本次订阅抓取结果统计:
[2025-07-23 12:51:39] 共 28 条RSS, 成功抓取 27 条.
[2025-07-23 12:51:39] ✘ 有 1 条订阅解析失败:
[2025-07-23 12:51:39] - https://tcxx.info/feed
[2025-07-23 12:51:39] ✘ 有 2 条订阅头像无法访问, 已使用默认头像:
[2025-07-23 12:51:39] - http://feeds.feedburner.com/ruanyifeng
[2025-07-23 12:51:39] - https://www.loyhome.com/feed
[2025-07-23 13:40:34] 本次订阅抓取结果统计:
[2025-07-23 13:40:34] 共 28 条RSS, 成功抓取 27 条.
[2025-07-23 13:40:34] ✘ 有 1 条订阅解析失败:
[2025-07-23 13:40:34] - https://tcxx.info/feed
[2025-07-23 13:40:34] ✘ 有 2 条订阅头像无法访问, 已使用默认头像:
[2025-07-23 13:40:34] - http://feeds.feedburner.com/ruanyifeng
[2025-07-23 13:40:34] - https://www.loyhome.com/feed
[2025-07-23 14:25:43] 本次订阅抓取结果统计:
[2025-07-23 14:25:43] 共 28 条RSS, 成功抓取 27 条.
[2025-07-23 14:25:43] ✘ 有 1 条订阅解析失败:
[2025-07-23 14:25:43] - https://tcxx.info/feed
[2025-07-23 14:25:43] ✘ 有 2 条订阅头像无法访问, 已使用默认头像:
[2025-07-23 14:25:43] - http://feeds.feedburner.com/ruanyifeng
[2025-07-23 14:25:43] - https://www.loyhome.com/feed
[2025-07-23 15:27:33] 本次订阅抓取结果统计:
[2025-07-23 15:27:33] 共 28 条RSS, 成功抓取 27 条.
[2025-07-23 15:27:33] ✘ 有 1 条订阅解析失败:
[2025-07-23 15:27:33] - https://tcxx.info/feed
[2025-07-23 15:27:33] ✘ 有 2 条订阅头像无法访问, 已使用默认头像:
[2025-07-23 15:27:33] - http://feeds.feedburner.com/ruanyifeng
[2025-07-23 15:27:33] - https://www.loyhome.com/feed
