[2025-09-20 01:36:41] 本次订阅抓取结果统计:
[2025-09-20 01:36:41] 共 28 条RSS, 成功抓取 24 条.
[2025-09-20 01:36:41] ✘ 有 4 条订阅解析失败:
[2025-09-20 01:36:41] - https://oba.by/feed
[2025-09-20 01:36:41] - https://tumutanzi.com/feed
[2025-09-20 01:36:41] - https://tcxx.info/feed
[2025-09-20 01:36:41] - https://geekinney.com/index.xml
[2025-09-20 01:36:41] ✘ 有 2 条订阅头像无法访问, 已使用默认头像:
[2025-09-20 01:36:41] - http://feeds.feedburner.com/ruanyifeng
[2025-09-20 01:36:41] - https://www.loyhome.com/feed
[2025-09-20 02:55:31] 本次订阅抓取结果统计:
[2025-09-20 02:55:31] 共 28 条RSS, 成功抓取 24 条.
[2025-09-20 02:55:31] ✘ 有 4 条订阅解析失败:
[2025-09-20 02:55:31] - https://oba.by/feed
[2025-09-20 02:55:31] - https://tcxx.info/feed
[2025-09-20 02:55:31] - https://tumutanzi.com/feed
[2025-09-20 02:55:31] - https://geekinney.com/index.xml
[2025-09-20 02:55:31] ✘ 有 2 条订阅头像无法访问, 已使用默认头像:
[2025-09-20 02:55:31] - http://feeds.feedburner.com/ruanyifeng
[2025-09-20 02:55:31] - https://www.loyhome.com/feed
