[2025-11-22 01:43:58] 本次订阅抓取结果统计:
[2025-11-22 01:43:58] 共 28 条RSS, 成功抓取 25 条.
[2025-11-22 01:43:58] ✘ 有 3 条订阅解析失败:
[2025-11-22 01:43:58] - https://tcxx.info/feed
[2025-11-22 01:43:58] - https://tumutanzi.com/feed
[2025-11-22 01:43:58] - https://geekinney.com/index.xml
[2025-11-22 01:43:58] ✘ 有 2 条订阅头像无法访问, 已使用默认头像:
[2025-11-22 01:43:58] - http://feeds.feedburner.com/ruanyifeng
[2025-11-22 01:43:58] - https://www.loyhome.com/feed
[2025-11-22 03:07:00] 本次订阅抓取结果统计:
[2025-11-22 03:07:00] 共 28 条RSS, 成功抓取 25 条.
[2025-11-22 03:07:00] ✘ 有 3 条订阅解析失败:
[2025-11-22 03:07:00] - https://tcxx.info/feed
[2025-11-22 03:07:00] - https://tumutanzi.com/feed
[2025-11-22 03:07:00] - https://geekinney.com/index.xml
[2025-11-22 03:07:00] ✘ 有 2 条订阅头像无法访问, 已使用默认头像:
[2025-11-22 03:07:00] - https://www.loyhome.com/feed
[2025-11-22 03:07:00] - http://feeds.feedburner.com/ruanyifeng
[2025-11-22 04:25:49] 本次订阅抓取结果统计:
[2025-11-22 04:25:49] 共 28 条RSS, 成功抓取 25 条.
[2025-11-22 04:25:49] ✘ 有 3 条订阅解析失败:
[2025-11-22 04:25:49] - https://tcxx.info/feed
[2025-11-22 04:25:49] - https://tumutanzi.com/feed
[2025-11-22 04:25:49] - https://geekinney.com/index.xml
[2025-11-22 04:25:49] ✘ 有 2 条订阅头像无法访问, 已使用默认头像:
[2025-11-22 04:25:49] - https://www.loyhome.com/feed
[2025-11-22 04:25:49] - http://feeds.feedburner.com/ruanyifeng
[2025-11-22 05:21:30] 本次订阅抓取结果统计:
[2025-11-22 05:21:30] 共 28 条RSS, 成功抓取 25 条.
[2025-11-22 05:21:30] ✘ 有 3 条订阅解析失败:
[2025-11-22 05:21:30] - https://tcxx.info/feed
[2025-11-22 05:21:30] - https://tumutanzi.com/feed
[2025-11-22 05:21:30] - https://geekinney.com/index.xml
[2025-11-22 05:21:30] ✘ 有 3 条订阅头像无法访问, 已使用默认头像:
[2025-11-22 05:21:30] - http://feeds.feedburner.com/ruanyifeng
[2025-11-22 05:21:30] - https://www.loyhome.com/feed
[2025-11-22 05:21:30] - https://xyzbz.cn/feed
[2025-11-22 06:31:09] 本次订阅抓取结果统计:
[2025-11-22 06:31:09] 共 28 条RSS, 成功抓取 25 条.
[2025-11-22 06:31:09] ✘ 有 3 条订阅解析失败:
[2025-11-22 06:31:09] - https://tcxx.info/feed
[2025-11-22 06:31:09] - https://tumutanzi.com/feed
[2025-11-22 06:31:09] - https://geekinney.com/index.xml
[2025-11-22 06:31:09] ✘ 有 2 条订阅头像无法访问, 已使用默认头像:
[2025-11-22 06:31:09] - http://feeds.feedburner.com/ruanyifeng
[2025-11-22 06:31:09] - https://www.loyhome.com/feed
[2025-11-22 07:20:08] 本次订阅抓取结果统计:
[2025-11-22 07:20:08] 共 28 条RSS, 成功抓取 25 条.
[2025-11-22 07:20:08] ✘ 有 3 条订阅解析失败:
[2025-11-22 07:20:08] - https://tumutanzi.com/feed
[2025-11-22 07:20:08] - https://tcxx.info/feed
[2025-11-22 07:20:08] - https://geekinney.com/index.xml
[2025-11-22 07:20:08] ✘ 有 2 条订阅头像无法访问, 已使用默认头像:
[2025-11-22 07:20:08] - http://feeds.feedburner.com/ruanyifeng
[2025-11-22 07:20:08] - https://www.loyhome.com/feed
[2025-11-22 08:27:54] 本次订阅抓取结果统计:
[2025-11-22 08:27:54] 共 28 条RSS, 成功抓取 25 条.
[2025-11-22 08:27:54] ✘ 有 3 条订阅解析失败:
[2025-11-22 08:27:54] - https://tumutanzi.com/feed
[2025-11-22 08:27:54] - https://tcxx.info/feed
[2025-11-22 08:27:54] - https://geekinney.com/index.xml
[2025-11-22 08:27:54] ✘ 有 2 条订阅头像无法访问, 已使用默认头像:
[2025-11-22 08:27:54] - http://feeds.feedburner.com/ruanyifeng
[2025-11-22 08:27:54] - https://www.loyhome.com/feed
[2025-11-22 09:21:29] 本次订阅抓取结果统计:
[2025-11-22 09:21:29] 共 28 条RSS, 成功抓取 25 条.
[2025-11-22 09:21:29] ✘ 有 3 条订阅解析失败:
[2025-11-22 09:21:29] - https://tcxx.info/feed
[2025-11-22 09:21:29] - https://tumutanzi.com/feed
[2025-11-22 09:21:29] - https://geekinney.com/index.xml
[2025-11-22 09:21:29] ✘ 有 2 条订阅头像无法访问, 已使用默认头像:
[2025-11-22 09:21:29] - http://feeds.feedburner.com/ruanyifeng
[2025-11-22 09:21:29] - https://www.loyhome.com/feed
[2025-11-22 10:21:50] 本次订阅抓取结果统计:
[2025-11-22 10:21:50] 共 28 条RSS, 成功抓取 25 条.
[2025-11-22 10:21:50] ✘ 有 3 条订阅解析失败:
[2025-11-22 10:21:50] - https://tumutanzi.com/feed
[2025-11-22 10:21:50] - https://tcxx.info/feed
[2025-11-22 10:21:50] - https://geekinney.com/index.xml
[2025-11-22 10:21:50] ✘ 有 2 条订阅头像无法访问, 已使用默认头像:
[2025-11-22 10:21:50] - https://www.loyhome.com/feed
[2025-11-22 10:21:50] - http://feeds.feedburner.com/ruanyifeng
[2025-11-22 11:16:42] 本次订阅抓取结果统计:
[2025-11-22 11:16:42] 共 28 条RSS, 成功抓取 25 条.
[2025-11-22 11:16:42] ✘ 有 3 条订阅解析失败:
[2025-11-22 11:16:42] - https://geekinney.com/index.xml
[2025-11-22 11:16:42] - https://tcxx.info/feed
[2025-11-22 11:16:42] - https://tumutanzi.com/feed
[2025-11-22 11:16:42] ✘ 有 2 条订阅头像无法访问, 已使用默认头像:
[2025-11-22 11:16:42] - http://feeds.feedburner.com/ruanyifeng
[2025-11-22 11:16:42] - https://www.loyhome.com/feed
