[2025-04-28 01:48:32] 本次订阅抓取结果统计:
[2025-04-28 01:48:32] 共 28 条RSS, 成功抓取 27 条.
[2025-04-28 01:48:32] ✘ 有 1 条订阅解析失败:
[2025-04-28 01:48:32] - https://tcxx.info/feed
[2025-04-28 01:48:32] ✘ 有 2 条订阅头像无法访问, 已使用默认头像:
[2025-04-28 01:48:32] - http://feeds.feedburner.com/ruanyifeng
[2025-04-28 01:48:32] - https://www.loyhome.com/feed
[2025-04-28 03:11:49] 本次订阅抓取结果统计:
[2025-04-28 03:11:49] 共 28 条RSS, 成功抓取 27 条.
[2025-04-28 03:11:49] ✘ 有 1 条订阅解析失败:
[2025-04-28 03:11:49] - https://tcxx.info/feed
[2025-04-28 03:11:49] ✘ 有 2 条订阅头像无法访问, 已使用默认头像:
[2025-04-28 03:11:49] - http://feeds.feedburner.com/ruanyifeng
[2025-04-28 03:11:49] - https://www.loyhome.com/feed
[2025-04-28 04:26:43] 本次订阅抓取结果统计:
[2025-04-28 04:26:43] 共 28 条RSS, 成功抓取 27 条.
[2025-04-28 04:26:43] ✘ 有 1 条订阅解析失败:
[2025-04-28 04:26:43] - https://tcxx.info/feed
[2025-04-28 04:26:43] ✘ 有 2 条订阅头像无法访问, 已使用默认头像:
[2025-04-28 04:26:43] - http://feeds.feedburner.com/ruanyifeng
[2025-04-28 04:26:43] - https://www.loyhome.com/feed
[2025-04-28 05:29:20] 本次订阅抓取结果统计:
[2025-04-28 05:29:20] 共 28 条RSS, 成功抓取 27 条.
[2025-04-28 05:29:20] ✘ 有 1 条订阅解析失败:
[2025-04-28 05:29:20] - https://tcxx.info/feed
[2025-04-28 05:29:20] ✘ 有 2 条订阅头像无法访问, 已使用默认头像:
[2025-04-28 05:29:20] - http://feeds.feedburner.com/ruanyifeng
[2025-04-28 05:29:20] - https://www.loyhome.com/feed
[2025-04-28 06:37:45] 本次订阅抓取结果统计:
[2025-04-28 06:37:45] 共 28 条RSS, 成功抓取 27 条.
[2025-04-28 06:37:45] ✘ 有 1 条订阅解析失败:
[2025-04-28 06:37:45] - https://tcxx.info/feed
[2025-04-28 06:37:45] ✘ 有 2 条订阅头像无法访问, 已使用默认头像:
[2025-04-28 06:37:45] - http://feeds.feedburner.com/ruanyifeng
[2025-04-28 06:37:45] - https://www.loyhome.com/feed
[2025-04-28 07:48:45] 本次订阅抓取结果统计:
[2025-04-28 07:48:45] 共 28 条RSS, 成功抓取 27 条.
[2025-04-28 07:48:45] ✘ 有 1 条订阅解析失败:
[2025-04-28 07:48:45] - https://tcxx.info/feed
[2025-04-28 07:48:45] ✘ 有 2 条订阅头像无法访问, 已使用默认头像:
[2025-04-28 07:48:45] - https://www.loyhome.com/feed
[2025-04-28 07:48:45] - http://feeds.feedburner.com/ruanyifeng
[2025-04-28 09:13:06] 本次订阅抓取结果统计:
[2025-04-28 09:13:06] 共 28 条RSS, 成功抓取 27 条.
[2025-04-28 09:13:06] ✘ 有 1 条订阅解析失败:
[2025-04-28 09:13:06] - https://tcxx.info/feed
[2025-04-28 09:13:06] ✘ 有 2 条订阅头像无法访问, 已使用默认头像:
[2025-04-28 09:13:06] - http://feeds.feedburner.com/ruanyifeng
[2025-04-28 09:13:06] - https://www.loyhome.com/feed
[2025-04-28 11:07:18] 本次订阅抓取结果统计:
[2025-04-28 11:07:18] 共 28 条RSS, 成功抓取 27 条.
[2025-04-28 11:07:18] ✘ 有 1 条订阅解析失败:
[2025-04-28 11:07:18] - https://tcxx.info/feed
[2025-04-28 11:07:18] ✘ 有 2 条订阅头像无法访问, 已使用默认头像:
[2025-04-28 11:07:18] - http://feeds.feedburner.com/ruanyifeng
[2025-04-28 11:07:18] - https://www.loyhome.com/feed
[2025-04-28 12:51:33] 本次订阅抓取结果统计:
[2025-04-28 12:51:33] 共 28 条RSS, 成功抓取 27 条.
[2025-04-28 12:51:33] ✘ 有 1 条订阅解析失败:
[2025-04-28 12:51:33] - https://tcxx.info/feed
[2025-04-28 12:51:33] ✘ 有 2 条订阅头像无法访问, 已使用默认头像:
[2025-04-28 12:51:33] - https://www.loyhome.com/feed
[2025-04-28 12:51:33] - http://feeds.feedburner.com/ruanyifeng
[2025-04-28 13:41:21] 本次订阅抓取结果统计:
[2025-04-28 13:41:21] 共 28 条RSS, 成功抓取 27 条.
[2025-04-28 13:41:21] ✘ 有 1 条订阅解析失败:
[2025-04-28 13:41:21] - https://tcxx.info/feed
[2025-04-28 13:41:21] ✘ 有 3 条订阅头像无法访问, 已使用默认头像:
[2025-04-28 13:41:21] - https://www.loyhome.com/feed
[2025-04-28 13:41:21] - http://feeds.feedburner.com/ruanyifeng
[2025-04-28 13:41:21] - https://xyzbz.cn/feed
[2025-04-28 14:24:22] 本次订阅抓取结果统计:
[2025-04-28 14:24:22] 共 28 条RSS, 成功抓取 27 条.
[2025-04-28 14:24:22] ✘ 有 1 条订阅解析失败:
[2025-04-28 14:24:22] - https://tcxx.info/feed
[2025-04-28 14:24:22] ✘ 有 2 条订阅头像无法访问, 已使用默认头像:
[2025-04-28 14:24:22] - http://feeds.feedburner.com/ruanyifeng
[2025-04-28 14:24:22] - https://www.loyhome.com/feed
[2025-04-28 15:24:12] 本次订阅抓取结果统计:
[2025-04-28 15:24:12] 共 28 条RSS, 成功抓取 27 条.
[2025-04-28 15:24:12] ✘ 有 1 条订阅解析失败:
[2025-04-28 15:24:12] - https://tcxx.info/feed
[2025-04-28 15:24:12] ✘ 有 2 条订阅头像无法访问, 已使用默认头像:
[2025-04-28 15:24:12] - http://feeds.feedburner.com/ruanyifeng
[2025-04-28 15:24:12] - https://www.loyhome.com/feed
