[2025-07-01 02:04:14] 本次订阅抓取结果统计:
[2025-07-01 02:04:14] 共 28 条RSS, 成功抓取 27 条.
[2025-07-01 02:04:14] ✘ 有 1 条订阅解析失败:
[2025-07-01 02:04:14] - https://tcxx.info/feed
[2025-07-01 02:04:14] ✘ 有 3 条订阅头像无法访问, 已使用默认头像:
[2025-07-01 02:04:14] - http://feeds.feedburner.com/ruanyifeng
[2025-07-01 02:04:14] - https://www.loyhome.com/feed
[2025-07-01 02:04:14] - https://www.shephe.com/feed
[2025-07-01 04:00:33] 本次订阅抓取结果统计:
[2025-07-01 04:00:33] 共 28 条RSS, 成功抓取 27 条.
[2025-07-01 04:00:33] ✘ 有 1 条订阅解析失败:
[2025-07-01 04:00:33] - https://tcxx.info/feed
[2025-07-01 04:00:33] ✘ 有 2 条订阅头像无法访问, 已使用默认头像:
[2025-07-01 04:00:33] - http://feeds.feedburner.com/ruanyifeng
[2025-07-01 04:00:33] - https://www.loyhome.com/feed
[2025-07-01 04:45:49] 本次订阅抓取结果统计:
[2025-07-01 04:45:49] 共 28 条RSS, 成功抓取 27 条.
[2025-07-01 04:45:49] ✘ 有 1 条订阅解析失败:
[2025-07-01 04:45:49] - https://tcxx.info/feed
[2025-07-01 04:45:49] ✘ 有 2 条订阅头像无法访问, 已使用默认头像:
[2025-07-01 04:45:49] - http://feeds.feedburner.com/ruanyifeng
[2025-07-01 04:45:49] - https://www.loyhome.com/feed
[2025-07-01 05:26:00] 本次订阅抓取结果统计:
[2025-07-01 05:26:00] 共 28 条RSS, 成功抓取 27 条.
[2025-07-01 05:26:00] ✘ 有 1 条订阅解析失败:
[2025-07-01 05:26:00] - https://tcxx.info/feed
[2025-07-01 05:26:00] ✘ 有 2 条订阅头像无法访问, 已使用默认头像:
[2025-07-01 05:26:00] - http://feeds.feedburner.com/ruanyifeng
[2025-07-01 05:26:00] - https://www.loyhome.com/feed
