[2025-09-05 01:40:47] 本次订阅抓取结果统计:
[2025-09-05 01:40:47] 共 28 条RSS, 成功抓取 25 条.
[2025-09-05 01:40:47] ✘ 有 3 条订阅解析失败:
[2025-09-05 01:40:47] - https://tumutanzi.com/feed
[2025-09-05 01:40:47] - https://tcxx.info/feed
[2025-09-05 01:40:47] - https://geekinney.com/index.xml
[2025-09-05 01:40:47] ✘ 有 4 条订阅头像无法访问, 已使用默认头像:
[2025-09-05 01:40:47] - https://hwv430.blogspot.com/feeds/posts/default
[2025-09-05 01:40:47] - https://www.loyhome.com/feed
[2025-09-05 01:40:47] - https://www.shephe.com/feed
[2025-09-05 01:40:47] - http://feeds.feedburner.com/ruanyifeng
[2025-09-05 03:00:13] 本次订阅抓取结果统计:
[2025-09-05 03:00:13] 共 28 条RSS, 成功抓取 25 条.
[2025-09-05 03:00:13] ✘ 有 3 条订阅解析失败:
[2025-09-05 03:00:13] - https://tumutanzi.com/feed
[2025-09-05 03:00:13] - https://tcxx.info/feed
[2025-09-05 03:00:13] - https://geekinney.com/index.xml
[2025-09-05 03:00:13] ✘ 有 4 条订阅头像无法访问, 已使用默认头像:
[2025-09-05 03:00:13] - https://hwv430.blogspot.com/feeds/posts/default
[2025-09-05 03:00:13] - http://feeds.feedburner.com/ruanyifeng
[2025-09-05 03:00:13] - https://www.loyhome.com/feed
[2025-09-05 03:00:13] - https://www.shephe.com/feed
[2025-09-05 03:35:28] 本次订阅抓取结果统计:
[2025-09-05 03:35:28] 共 28 条RSS, 成功抓取 25 条.
[2025-09-05 03:35:28] ✘ 有 3 条订阅解析失败:
[2025-09-05 03:35:28] - https://tcxx.info/feed
[2025-09-05 03:35:28] - https://tumutanzi.com/feed
[2025-09-05 03:35:28] - https://geekinney.com/index.xml
[2025-09-05 03:35:28] ✘ 有 4 条订阅头像无法访问, 已使用默认头像:
[2025-09-05 03:35:28] - https://hwv430.blogspot.com/feeds/posts/default
[2025-09-05 03:35:28] - http://feeds.feedburner.com/ruanyifeng
[2025-09-05 03:35:28] - https://www.loyhome.com/feed
[2025-09-05 03:35:28] - https://www.shephe.com/feed
[2025-09-05 04:25:20] 本次订阅抓取结果统计:
[2025-09-05 04:25:20] 共 28 条RSS, 成功抓取 25 条.
[2025-09-05 04:25:20] ✘ 有 3 条订阅解析失败:
[2025-09-05 04:25:20] - https://tcxx.info/feed
[2025-09-05 04:25:20] - https://tumutanzi.com/feed
[2025-09-05 04:25:20] - https://geekinney.com/index.xml
[2025-09-05 04:25:20] ✘ 有 4 条订阅头像无法访问, 已使用默认头像:
[2025-09-05 04:25:20] - https://hwv430.blogspot.com/feeds/posts/default
[2025-09-05 04:25:20] - http://feeds.feedburner.com/ruanyifeng
[2025-09-05 04:25:20] - https://www.loyhome.com/feed
[2025-09-05 04:25:20] - https://www.shephe.com/feed
[2025-09-05 05:20:20] 本次订阅抓取结果统计:
[2025-09-05 05:20:20] 共 28 条RSS, 成功抓取 24 条.
[2025-09-05 05:20:20] ✘ 有 4 条订阅解析失败:
[2025-09-05 05:20:20] - https://stephenleng.com/cn/rss
[2025-09-05 05:20:20] - https://tcxx.info/feed
[2025-09-05 05:20:20] - https://tumutanzi.com/feed
[2025-09-05 05:20:20] - https://geekinney.com/index.xml
[2025-09-05 05:20:20] ✘ 有 4 条订阅头像无法访问, 已使用默认头像:
[2025-09-05 05:20:20] - https://hwv430.blogspot.com/feeds/posts/default
[2025-09-05 05:20:20] - http://feeds.feedburner.com/ruanyifeng
[2025-09-05 05:20:20] - https://www.loyhome.com/feed
[2025-09-05 05:20:20] - https://www.shephe.com/feed
[2025-09-05 06:31:38] 本次订阅抓取结果统计:
[2025-09-05 06:31:38] 共 28 条RSS, 成功抓取 24 条.
[2025-09-05 06:31:38] ✘ 有 4 条订阅解析失败:
[2025-09-05 06:31:38] - https://stephenleng.com/cn/rss
[2025-09-05 06:31:38] - https://tumutanzi.com/feed
[2025-09-05 06:31:38] - https://tcxx.info/feed
[2025-09-05 06:31:38] - https://geekinney.com/index.xml
[2025-09-05 06:31:38] ✘ 有 4 条订阅头像无法访问, 已使用默认头像:
[2025-09-05 06:31:38] - https://hwv430.blogspot.com/feeds/posts/default
[2025-09-05 06:31:38] - http://feeds.feedburner.com/ruanyifeng
[2025-09-05 06:31:38] - https://www.shephe.com/feed
[2025-09-05 06:31:38] - https://www.loyhome.com/feed
