[2025-05-27 01:48:04] 本次订阅抓取结果统计:
[2025-05-27 01:48:04] 共 28 条RSS, 成功抓取 27 条.
[2025-05-27 01:48:04] ✘ 有 1 条订阅解析失败:
[2025-05-27 01:48:04] - https://tcxx.info/feed
[2025-05-27 01:48:04] ✘ 有 2 条订阅头像无法访问, 已使用默认头像:
[2025-05-27 01:48:04] - http://feeds.feedburner.com/ruanyifeng
[2025-05-27 01:48:04] - https://www.loyhome.com/feed
[2025-05-27 03:12:50] 本次订阅抓取结果统计:
[2025-05-27 03:12:50] 共 28 条RSS, 成功抓取 27 条.
[2025-05-27 03:12:50] ✘ 有 1 条订阅解析失败:
[2025-05-27 03:12:50] - https://tcxx.info/feed
[2025-05-27 03:12:50] ✘ 有 2 条订阅头像无法访问, 已使用默认头像:
[2025-05-27 03:12:50] - http://feeds.feedburner.com/ruanyifeng
[2025-05-27 03:12:50] - https://www.loyhome.com/feed
[2025-05-27 04:28:46] 本次订阅抓取结果统计:
[2025-05-27 04:28:46] 共 28 条RSS, 成功抓取 27 条.
[2025-05-27 04:28:46] ✘ 有 1 条订阅解析失败:
[2025-05-27 04:28:46] - https://tcxx.info/feed
[2025-05-27 04:28:46] ✘ 有 2 条订阅头像无法访问, 已使用默认头像:
[2025-05-27 04:28:46] - http://feeds.feedburner.com/ruanyifeng
[2025-05-27 04:28:46] - https://www.loyhome.com/feed
[2025-05-27 05:22:02] 本次订阅抓取结果统计:
[2025-05-27 05:22:02] 共 28 条RSS, 成功抓取 27 条.
[2025-05-27 05:22:02] ✘ 有 1 条订阅解析失败:
[2025-05-27 05:22:02] - https://tcxx.info/feed
[2025-05-27 05:22:02] ✘ 有 2 条订阅头像无法访问, 已使用默认头像:
[2025-05-27 05:22:02] - http://feeds.feedburner.com/ruanyifeng
[2025-05-27 05:22:02] - https://www.loyhome.com/feed
[2025-05-27 06:31:42] 本次订阅抓取结果统计:
[2025-05-27 06:31:42] 共 28 条RSS, 成功抓取 27 条.
[2025-05-27 06:31:42] ✘ 有 1 条订阅解析失败:
[2025-05-27 06:31:42] - https://tcxx.info/feed
[2025-05-27 06:31:42] ✘ 有 2 条订阅头像无法访问, 已使用默认头像:
[2025-05-27 06:31:42] - http://feeds.feedburner.com/ruanyifeng
[2025-05-27 06:31:42] - https://www.loyhome.com/feed
[2025-05-27 07:22:15] 本次订阅抓取结果统计:
[2025-05-27 07:22:15] 共 28 条RSS, 成功抓取 27 条.
[2025-05-27 07:22:15] ✘ 有 1 条订阅解析失败:
[2025-05-27 07:22:15] - https://tcxx.info/feed
[2025-05-27 07:22:15] ✘ 有 2 条订阅头像无法访问, 已使用默认头像:
[2025-05-27 07:22:15] - https://www.loyhome.com/feed
[2025-05-27 07:22:15] - http://feeds.feedburner.com/ruanyifeng
[2025-05-27 08:29:41] 本次订阅抓取结果统计:
[2025-05-27 08:29:41] 共 28 条RSS, 成功抓取 27 条.
[2025-05-27 08:29:41] ✘ 有 1 条订阅解析失败:
[2025-05-27 08:29:41] - https://tcxx.info/feed
[2025-05-27 08:29:41] ✘ 有 2 条订阅头像无法访问, 已使用默认头像:
[2025-05-27 08:29:41] - http://feeds.feedburner.com/ruanyifeng
[2025-05-27 08:29:41] - https://www.loyhome.com/feed
[2025-05-27 09:23:57] 本次订阅抓取结果统计:
[2025-05-27 09:23:57] 共 28 条RSS, 成功抓取 27 条.
[2025-05-27 09:23:57] ✘ 有 1 条订阅解析失败:
[2025-05-27 09:23:57] - https://tcxx.info/feed
[2025-05-27 09:23:57] ✘ 有 2 条订阅头像无法访问, 已使用默认头像:
[2025-05-27 09:23:57] - http://feeds.feedburner.com/ruanyifeng
[2025-05-27 09:23:57] - https://www.loyhome.com/feed
[2025-05-27 10:25:21] 本次订阅抓取结果统计:
[2025-05-27 10:25:21] 共 28 条RSS, 成功抓取 27 条.
[2025-05-27 10:25:21] ✘ 有 1 条订阅解析失败:
[2025-05-27 10:25:21] - https://tcxx.info/feed
[2025-05-27 10:25:21] ✘ 有 2 条订阅头像无法访问, 已使用默认头像:
[2025-05-27 10:25:21] - http://feeds.feedburner.com/ruanyifeng
[2025-05-27 10:25:21] - https://www.loyhome.com/feed
[2025-05-27 11:19:06] 本次订阅抓取结果统计:
[2025-05-27 11:19:06] 共 28 条RSS, 成功抓取 27 条.
[2025-05-27 11:19:06] ✘ 有 1 条订阅解析失败:
[2025-05-27 11:19:06] - https://tcxx.info/feed
[2025-05-27 11:19:06] ✘ 有 2 条订阅头像无法访问, 已使用默认头像:
[2025-05-27 11:19:06] - http://feeds.feedburner.com/ruanyifeng
[2025-05-27 11:19:06] - https://www.loyhome.com/feed
[2025-05-27 12:47:15] 本次订阅抓取结果统计:
[2025-05-27 12:47:15] 共 28 条RSS, 成功抓取 27 条.
[2025-05-27 12:47:15] ✘ 有 1 条订阅解析失败:
[2025-05-27 12:47:15] - https://tcxx.info/feed
[2025-05-27 12:47:15] ✘ 有 2 条订阅头像无法访问, 已使用默认头像:
[2025-05-27 12:47:15] - http://feeds.feedburner.com/ruanyifeng
[2025-05-27 12:47:15] - https://www.loyhome.com/feed
[2025-05-27 13:34:11] 本次订阅抓取结果统计:
[2025-05-27 13:34:11] 共 28 条RSS, 成功抓取 27 条.
[2025-05-27 13:34:11] ✘ 有 1 条订阅解析失败:
[2025-05-27 13:34:11] - https://tcxx.info/feed
[2025-05-27 13:34:11] ✘ 有 2 条订阅头像无法访问, 已使用默认头像:
[2025-05-27 13:34:11] - http://feeds.feedburner.com/ruanyifeng
[2025-05-27 13:34:11] - https://www.loyhome.com/feed
[2025-05-27 14:22:02] 本次订阅抓取结果统计:
[2025-05-27 14:22:02] 共 28 条RSS, 成功抓取 27 条.
[2025-05-27 14:22:02] ✘ 有 1 条订阅解析失败:
[2025-05-27 14:22:02] - https://tcxx.info/feed
[2025-05-27 14:22:02] ✘ 有 2 条订阅头像无法访问, 已使用默认头像:
[2025-05-27 14:22:02] - http://feeds.feedburner.com/ruanyifeng
[2025-05-27 14:22:02] - https://www.loyhome.com/feed
[2025-05-27 15:24:49] 本次订阅抓取结果统计:
[2025-05-27 15:24:49] 共 28 条RSS, 成功抓取 27 条.
[2025-05-27 15:24:49] ✘ 有 1 条订阅解析失败:
[2025-05-27 15:24:49] - https://tcxx.info/feed
[2025-05-27 15:24:49] ✘ 有 2 条订阅头像无法访问, 已使用默认头像:
[2025-05-27 15:24:49] - http://feeds.feedburner.com/ruanyifeng
[2025-05-27 15:24:49] - https://www.loyhome.com/feed
[2025-05-27 16:28:41] 本次订阅抓取结果统计:
[2025-05-27 16:28:41] 共 28 条RSS, 成功抓取 27 条.
[2025-05-27 16:28:41] ✘ 有 1 条订阅解析失败:
[2025-05-27 16:28:41] - https://tcxx.info/feed
[2025-05-27 16:28:41] ✘ 有 2 条订阅头像无法访问, 已使用默认头像:
[2025-05-27 16:28:41] - http://feeds.feedburner.com/ruanyifeng
[2025-05-27 16:28:41] - https://www.loyhome.com/feed
[2025-05-27 17:19:48] 本次订阅抓取结果统计:
[2025-05-27 17:19:48] 共 28 条RSS, 成功抓取 27 条.
[2025-05-27 17:19:48] ✘ 有 1 条订阅解析失败:
[2025-05-27 17:19:48] - https://tcxx.info/feed
[2025-05-27 17:19:48] ✘ 有 2 条订阅头像无法访问, 已使用默认头像:
[2025-05-27 17:19:48] - http://feeds.feedburner.com/ruanyifeng
[2025-05-27 17:19:48] - https://www.loyhome.com/feed
[2025-05-27 18:30:12] 本次订阅抓取结果统计:
[2025-05-27 18:30:12] 共 28 条RSS, 成功抓取 27 条.
[2025-05-27 18:30:12] ✘ 有 1 条订阅解析失败:
[2025-05-27 18:30:12] - https://tcxx.info/feed
[2025-05-27 18:30:12] ✘ 有 2 条订阅头像无法访问, 已使用默认头像:
[2025-05-27 18:30:12] - http://feeds.feedburner.com/ruanyifeng
[2025-05-27 18:30:12] - https://www.loyhome.com/feed
[2025-05-27 19:17:28] 本次订阅抓取结果统计:
[2025-05-27 19:17:28] 共 28 条RSS, 成功抓取 27 条.
[2025-05-27 19:17:28] ✘ 有 1 条订阅解析失败:
[2025-05-27 19:17:28] - https://tcxx.info/feed
[2025-05-27 19:17:28] ✘ 有 2 条订阅头像无法访问, 已使用默认头像:
[2025-05-27 19:17:28] - http://feeds.feedburner.com/ruanyifeng
[2025-05-27 19:17:28] - https://www.loyhome.com/feed
