[2025-05-18 01:55:25] 本次订阅抓取结果统计:
[2025-05-18 01:55:25] 共 28 条RSS, 成功抓取 27 条.
[2025-05-18 01:55:25] ✘ 有 1 条订阅解析失败:
[2025-05-18 01:55:25] - https://tcxx.info/feed
[2025-05-18 01:55:25] ✘ 有 2 条订阅头像无法访问, 已使用默认头像:
[2025-05-18 01:55:25] - http://feeds.feedburner.com/ruanyifeng
[2025-05-18 01:55:25] - https://www.loyhome.com/feed
[2025-05-18 03:19:02] 本次订阅抓取结果统计:
[2025-05-18 03:19:02] 共 28 条RSS, 成功抓取 27 条.
[2025-05-18 03:19:02] ✘ 有 1 条订阅解析失败:
[2025-05-18 03:19:02] - https://tcxx.info/feed
[2025-05-18 03:19:02] ✘ 有 2 条订阅头像无法访问, 已使用默认头像:
[2025-05-18 03:19:02] - http://feeds.feedburner.com/ruanyifeng
[2025-05-18 03:19:02] - https://www.loyhome.com/feed
[2025-05-18 04:28:36] 本次订阅抓取结果统计:
[2025-05-18 04:28:36] 共 28 条RSS, 成功抓取 27 条.
[2025-05-18 04:28:36] ✘ 有 1 条订阅解析失败:
[2025-05-18 04:28:36] - https://tcxx.info/feed
[2025-05-18 04:28:36] ✘ 有 2 条订阅头像无法访问, 已使用默认头像:
[2025-05-18 04:28:36] - http://feeds.feedburner.com/ruanyifeng
[2025-05-18 04:28:36] - https://www.loyhome.com/feed
[2025-05-18 05:20:46] 本次订阅抓取结果统计:
[2025-05-18 05:20:46] 共 28 条RSS, 成功抓取 27 条.
[2025-05-18 05:20:46] ✘ 有 1 条订阅解析失败:
[2025-05-18 05:20:46] - https://tcxx.info/feed
[2025-05-18 05:20:46] ✘ 有 2 条订阅头像无法访问, 已使用默认头像:
[2025-05-18 05:20:46] - http://feeds.feedburner.com/ruanyifeng
[2025-05-18 05:20:46] - https://www.loyhome.com/feed
[2025-05-18 06:30:15] 本次订阅抓取结果统计:
[2025-05-18 06:30:15] 共 28 条RSS, 成功抓取 27 条.
[2025-05-18 06:30:15] ✘ 有 1 条订阅解析失败:
[2025-05-18 06:30:15] - https://tcxx.info/feed
[2025-05-18 06:30:15] ✘ 有 2 条订阅头像无法访问, 已使用默认头像:
[2025-05-18 06:30:15] - http://feeds.feedburner.com/ruanyifeng
[2025-05-18 06:30:15] - https://www.loyhome.com/feed
[2025-05-18 07:19:14] 本次订阅抓取结果统计:
[2025-05-18 07:19:14] 共 28 条RSS, 成功抓取 27 条.
[2025-05-18 07:19:14] ✘ 有 1 条订阅解析失败:
[2025-05-18 07:19:14] - https://tcxx.info/feed
[2025-05-18 07:19:14] ✘ 有 2 条订阅头像无法访问, 已使用默认头像:
[2025-05-18 07:19:14] - https://www.loyhome.com/feed
[2025-05-18 07:19:14] - http://feeds.feedburner.com/ruanyifeng
[2025-05-18 08:25:56] 本次订阅抓取结果统计:
[2025-05-18 08:25:56] 共 28 条RSS, 成功抓取 27 条.
[2025-05-18 08:25:56] ✘ 有 1 条订阅解析失败:
[2025-05-18 08:25:56] - https://tcxx.info/feed
[2025-05-18 08:25:56] ✘ 有 2 条订阅头像无法访问, 已使用默认头像:
[2025-05-18 08:25:56] - http://feeds.feedburner.com/ruanyifeng
[2025-05-18 08:25:56] - https://www.loyhome.com/feed
[2025-05-18 09:20:35] 本次订阅抓取结果统计:
[2025-05-18 09:20:35] 共 28 条RSS, 成功抓取 27 条.
[2025-05-18 09:20:35] ✘ 有 1 条订阅解析失败:
[2025-05-18 09:20:35] - https://tcxx.info/feed
[2025-05-18 09:20:35] ✘ 有 2 条订阅头像无法访问, 已使用默认头像:
[2025-05-18 09:20:35] - http://feeds.feedburner.com/ruanyifeng
[2025-05-18 09:20:35] - https://www.loyhome.com/feed
[2025-05-18 10:21:21] 本次订阅抓取结果统计:
[2025-05-18 10:21:21] 共 28 条RSS, 成功抓取 27 条.
[2025-05-18 10:21:21] ✘ 有 1 条订阅解析失败:
[2025-05-18 10:21:21] - https://tcxx.info/feed
[2025-05-18 10:21:21] ✘ 有 2 条订阅头像无法访问, 已使用默认头像:
[2025-05-18 10:21:21] - http://feeds.feedburner.com/ruanyifeng
[2025-05-18 10:21:21] - https://www.loyhome.com/feed
[2025-05-18 11:16:40] 本次订阅抓取结果统计:
[2025-05-18 11:16:40] 共 28 条RSS, 成功抓取 27 条.
[2025-05-18 11:16:40] ✘ 有 1 条订阅解析失败:
[2025-05-18 11:16:40] - https://tcxx.info/feed
[2025-05-18 11:16:40] ✘ 有 2 条订阅头像无法访问, 已使用默认头像:
[2025-05-18 11:16:40] - https://www.loyhome.com/feed
[2025-05-18 11:16:40] - http://feeds.feedburner.com/ruanyifeng
[2025-05-18 12:40:09] 本次订阅抓取结果统计:
[2025-05-18 12:40:09] 共 28 条RSS, 成功抓取 27 条.
[2025-05-18 12:40:09] ✘ 有 1 条订阅解析失败:
[2025-05-18 12:40:09] - https://tcxx.info/feed
[2025-05-18 12:40:09] ✘ 有 2 条订阅头像无法访问, 已使用默认头像:
[2025-05-18 12:40:09] - https://www.loyhome.com/feed
[2025-05-18 12:40:09] - http://feeds.feedburner.com/ruanyifeng
[2025-05-18 13:27:31] 本次订阅抓取结果统计:
[2025-05-18 13:27:31] 共 28 条RSS, 成功抓取 27 条.
[2025-05-18 13:27:31] ✘ 有 1 条订阅解析失败:
[2025-05-18 13:27:31] - https://tcxx.info/feed
[2025-05-18 13:27:31] ✘ 有 2 条订阅头像无法访问, 已使用默认头像:
[2025-05-18 13:27:31] - http://feeds.feedburner.com/ruanyifeng
[2025-05-18 13:27:31] - https://www.loyhome.com/feed
[2025-05-18 14:18:38] 本次订阅抓取结果统计:
[2025-05-18 14:18:38] 共 28 条RSS, 成功抓取 27 条.
[2025-05-18 14:18:38] ✘ 有 1 条订阅解析失败:
[2025-05-18 14:18:38] - https://tcxx.info/feed
[2025-05-18 14:18:38] ✘ 有 2 条订阅头像无法访问, 已使用默认头像:
[2025-05-18 14:18:38] - http://feeds.feedburner.com/ruanyifeng
[2025-05-18 14:18:38] - https://www.loyhome.com/feed
[2025-05-18 15:20:00] 本次订阅抓取结果统计:
[2025-05-18 15:20:00] 共 28 条RSS, 成功抓取 27 条.
[2025-05-18 15:20:00] ✘ 有 1 条订阅解析失败:
[2025-05-18 15:20:00] - https://tcxx.info/feed
[2025-05-18 15:20:00] ✘ 有 2 条订阅头像无法访问, 已使用默认头像:
[2025-05-18 15:20:00] - http://feeds.feedburner.com/ruanyifeng
[2025-05-18 15:20:00] - https://www.loyhome.com/feed
[2025-05-18 16:24:49] 本次订阅抓取结果统计:
[2025-05-18 16:24:49] 共 28 条RSS, 成功抓取 27 条.
[2025-05-18 16:24:49] ✘ 有 1 条订阅解析失败:
[2025-05-18 16:24:49] - https://tcxx.info/feed
[2025-05-18 16:24:49] ✘ 有 2 条订阅头像无法访问, 已使用默认头像:
[2025-05-18 16:24:49] - http://feeds.feedburner.com/ruanyifeng
[2025-05-18 16:24:49] - https://www.loyhome.com/feed
[2025-05-18 17:17:28] 本次订阅抓取结果统计:
[2025-05-18 17:17:28] 共 28 条RSS, 成功抓取 27 条.
[2025-05-18 17:17:28] ✘ 有 1 条订阅解析失败:
[2025-05-18 17:17:28] - https://tcxx.info/feed
[2025-05-18 17:17:28] ✘ 有 2 条订阅头像无法访问, 已使用默认头像:
[2025-05-18 17:17:28] - http://feeds.feedburner.com/ruanyifeng
[2025-05-18 17:17:28] - https://www.loyhome.com/feed
