[2025-05-17 01:45:59] 本次订阅抓取结果统计:
[2025-05-17 01:45:59] 共 28 条RSS, 成功抓取 27 条.
[2025-05-17 01:45:59] ✘ 有 1 条订阅解析失败:
[2025-05-17 01:45:59] - https://tcxx.info/feed
[2025-05-17 01:45:59] ✘ 有 2 条订阅头像无法访问, 已使用默认头像:
[2025-05-17 01:45:59] - http://feeds.feedburner.com/ruanyifeng
[2025-05-17 01:45:59] - https://www.loyhome.com/feed
[2025-05-17 03:09:28] 本次订阅抓取结果统计:
[2025-05-17 03:09:28] 共 28 条RSS, 成功抓取 27 条.
[2025-05-17 03:09:28] ✘ 有 1 条订阅解析失败:
[2025-05-17 03:09:28] - https://tcxx.info/feed
[2025-05-17 03:09:28] ✘ 有 2 条订阅头像无法访问, 已使用默认头像:
[2025-05-17 03:09:28] - http://feeds.feedburner.com/ruanyifeng
[2025-05-17 03:09:28] - https://www.loyhome.com/feed
[2025-05-17 04:25:35] 本次订阅抓取结果统计:
[2025-05-17 04:25:35] 共 28 条RSS, 成功抓取 27 条.
[2025-05-17 04:25:35] ✘ 有 1 条订阅解析失败:
[2025-05-17 04:25:35] - https://tcxx.info/feed
[2025-05-17 04:25:35] ✘ 有 2 条订阅头像无法访问, 已使用默认头像:
[2025-05-17 04:25:35] - https://www.loyhome.com/feed
[2025-05-17 04:25:35] - http://feeds.feedburner.com/ruanyifeng
[2025-05-17 05:20:20] 本次订阅抓取结果统计:
[2025-05-17 05:20:20] 共 28 条RSS, 成功抓取 27 条.
[2025-05-17 05:20:20] ✘ 有 1 条订阅解析失败:
[2025-05-17 05:20:20] - https://tcxx.info/feed
[2025-05-17 05:20:20] ✘ 有 2 条订阅头像无法访问, 已使用默认头像:
[2025-05-17 05:20:20] - http://feeds.feedburner.com/ruanyifeng
[2025-05-17 05:20:20] - https://www.loyhome.com/feed
[2025-05-17 06:29:39] 本次订阅抓取结果统计:
[2025-05-17 06:29:39] 共 28 条RSS, 成功抓取 27 条.
[2025-05-17 06:29:39] ✘ 有 1 条订阅解析失败:
[2025-05-17 06:29:39] - https://tcxx.info/feed
[2025-05-17 06:29:39] ✘ 有 2 条订阅头像无法访问, 已使用默认头像:
[2025-05-17 06:29:39] - https://www.loyhome.com/feed
[2025-05-17 06:29:39] - http://feeds.feedburner.com/ruanyifeng
[2025-05-17 07:19:57] 本次订阅抓取结果统计:
[2025-05-17 07:19:57] 共 28 条RSS, 成功抓取 27 条.
[2025-05-17 07:19:57] ✘ 有 1 条订阅解析失败:
[2025-05-17 07:19:57] - https://tcxx.info/feed
[2025-05-17 07:19:57] ✘ 有 2 条订阅头像无法访问, 已使用默认头像:
[2025-05-17 07:19:57] - http://feeds.feedburner.com/ruanyifeng
[2025-05-17 07:19:57] - https://www.loyhome.com/feed
[2025-05-17 08:26:02] 本次订阅抓取结果统计:
[2025-05-17 08:26:02] 共 28 条RSS, 成功抓取 27 条.
[2025-05-17 08:26:02] ✘ 有 1 条订阅解析失败:
[2025-05-17 08:26:02] - https://tcxx.info/feed
[2025-05-17 08:26:02] ✘ 有 2 条订阅头像无法访问, 已使用默认头像:
[2025-05-17 08:26:02] - http://feeds.feedburner.com/ruanyifeng
[2025-05-17 08:26:02] - https://www.loyhome.com/feed
[2025-05-17 09:21:01] 本次订阅抓取结果统计:
[2025-05-17 09:21:01] 共 28 条RSS, 成功抓取 27 条.
[2025-05-17 09:21:01] ✘ 有 1 条订阅解析失败:
[2025-05-17 09:21:01] - https://tcxx.info/feed
[2025-05-17 09:21:01] ✘ 有 2 条订阅头像无法访问, 已使用默认头像:
[2025-05-17 09:21:01] - http://feeds.feedburner.com/ruanyifeng
[2025-05-17 09:21:01] - https://www.loyhome.com/feed
[2025-05-17 10:22:46] 本次订阅抓取结果统计:
[2025-05-17 10:22:46] 共 28 条RSS, 成功抓取 27 条.
[2025-05-17 10:22:46] ✘ 有 1 条订阅解析失败:
[2025-05-17 10:22:46] - https://tcxx.info/feed
[2025-05-17 10:22:46] ✘ 有 2 条订阅头像无法访问, 已使用默认头像:
[2025-05-17 10:22:46] - http://feeds.feedburner.com/ruanyifeng
[2025-05-17 10:22:46] - https://www.loyhome.com/feed
[2025-05-17 11:16:39] 本次订阅抓取结果统计:
[2025-05-17 11:16:39] 共 28 条RSS, 成功抓取 27 条.
[2025-05-17 11:16:39] ✘ 有 1 条订阅解析失败:
[2025-05-17 11:16:39] - https://tcxx.info/feed
[2025-05-17 11:16:39] ✘ 有 2 条订阅头像无法访问, 已使用默认头像:
[2025-05-17 11:16:39] - http://feeds.feedburner.com/ruanyifeng
[2025-05-17 11:16:39] - https://www.loyhome.com/feed
