[2025-04-18 01:41:36] 本次订阅抓取结果统计:
[2025-04-18 01:41:36] 共 28 条RSS, 成功抓取 27 条.
[2025-04-18 01:41:36] ✘ 有 1 条订阅解析失败:
[2025-04-18 01:41:36] - https://tcxx.info/feed
[2025-04-18 01:41:36] ✘ 有 2 条订阅头像无法访问, 已使用默认头像:
[2025-04-18 01:41:36] - http://feeds.feedburner.com/ruanyifeng
[2025-04-18 01:41:36] - https://www.loyhome.com/feed
[2025-04-18 03:02:03] 本次订阅抓取结果统计:
[2025-04-18 03:02:03] 共 28 条RSS, 成功抓取 27 条.
[2025-04-18 03:02:03] ✘ 有 1 条订阅解析失败:
[2025-04-18 03:02:03] - https://tcxx.info/feed
[2025-04-18 03:02:03] ✘ 有 2 条订阅头像无法访问, 已使用默认头像:
[2025-04-18 03:02:03] - https://www.loyhome.com/feed
[2025-04-18 03:02:03] - http://feeds.feedburner.com/ruanyifeng
[2025-04-18 04:25:17] 本次订阅抓取结果统计:
[2025-04-18 04:25:17] 共 28 条RSS, 成功抓取 27 条.
[2025-04-18 04:25:17] ✘ 有 1 条订阅解析失败:
[2025-04-18 04:25:17] - https://tcxx.info/feed
[2025-04-18 04:25:17] ✘ 有 2 条订阅头像无法访问, 已使用默认头像:
[2025-04-18 04:25:17] - http://feeds.feedburner.com/ruanyifeng
[2025-04-18 04:25:17] - https://www.loyhome.com/feed
