[2025-04-24 01:45:17] 本次订阅抓取结果统计:
[2025-04-24 01:45:17] 共 28 条RSS, 成功抓取 27 条.
[2025-04-24 01:45:17] ✘ 有 1 条订阅解析失败:
[2025-04-24 01:45:17] - https://tcxx.info/feed
[2025-04-24 01:45:17] ✘ 有 2 条订阅头像无法访问, 已使用默认头像:
[2025-04-24 01:45:17] - https://www.loyhome.com/feed
[2025-04-24 01:45:17] - http://feeds.feedburner.com/ruanyifeng
[2025-04-24 03:07:23] 本次订阅抓取结果统计:
[2025-04-24 03:07:23] 共 28 条RSS, 成功抓取 27 条.
[2025-04-24 03:07:23] ✘ 有 1 条订阅解析失败:
[2025-04-24 03:07:23] - https://tcxx.info/feed
[2025-04-24 03:07:23] ✘ 有 2 条订阅头像无法访问, 已使用默认头像:
[2025-04-24 03:07:23] - http://feeds.feedburner.com/ruanyifeng
[2025-04-24 03:07:23] - https://www.loyhome.com/feed
[2025-04-24 04:25:38] 本次订阅抓取结果统计:
[2025-04-24 04:25:38] 共 28 条RSS, 成功抓取 27 条.
[2025-04-24 04:25:38] ✘ 有 1 条订阅解析失败:
[2025-04-24 04:25:38] - https://tcxx.info/feed
[2025-04-24 04:25:38] ✘ 有 2 条订阅头像无法访问, 已使用默认头像:
[2025-04-24 04:25:38] - http://feeds.feedburner.com/ruanyifeng
[2025-04-24 04:25:38] - https://www.loyhome.com/feed
[2025-04-24 05:21:45] 本次订阅抓取结果统计:
[2025-04-24 05:21:45] 共 28 条RSS, 成功抓取 27 条.
[2025-04-24 05:21:45] ✘ 有 1 条订阅解析失败:
[2025-04-24 05:21:45] - https://tcxx.info/feed
[2025-04-24 05:21:45] ✘ 有 2 条订阅头像无法访问, 已使用默认头像:
[2025-04-24 05:21:45] - http://feeds.feedburner.com/ruanyifeng
[2025-04-24 05:21:45] - https://www.loyhome.com/feed
