[2025-09-01 01:57:37] 本次订阅抓取结果统计:
[2025-09-01 01:57:37] 共 28 条RSS, 成功抓取 25 条.
[2025-09-01 01:57:37] ✘ 有 3 条订阅解析失败:
[2025-09-01 01:57:37] - https://tumutanzi.com/feed
[2025-09-01 01:57:37] - https://tcxx.info/feed
[2025-09-01 01:57:37] - https://geekinney.com/index.xml
[2025-09-01 01:57:37] ✘ 有 3 条订阅头像无法访问, 已使用默认头像:
[2025-09-01 01:57:37] - https://hwv430.blogspot.com/feeds/posts/default
[2025-09-01 01:57:37] - http://feeds.feedburner.com/ruanyifeng
[2025-09-01 01:57:37] - https://www.loyhome.com/feed
[2025-09-01 03:25:04] 本次订阅抓取结果统计:
[2025-09-01 03:25:04] 共 28 条RSS, 成功抓取 25 条.
[2025-09-01 03:25:04] ✘ 有 3 条订阅解析失败:
[2025-09-01 03:25:04] - https://tumutanzi.com/feed
[2025-09-01 03:25:04] - https://tcxx.info/feed
[2025-09-01 03:25:04] - https://geekinney.com/index.xml
[2025-09-01 03:25:04] ✘ 有 3 条订阅头像无法访问, 已使用默认头像:
[2025-09-01 03:25:04] - https://hwv430.blogspot.com/feeds/posts/default
[2025-09-01 03:25:04] - https://www.loyhome.com/feed
[2025-09-01 03:25:04] - http://feeds.feedburner.com/ruanyifeng
[2025-09-01 04:30:54] 本次订阅抓取结果统计:
[2025-09-01 04:30:54] 共 28 条RSS, 成功抓取 25 条.
[2025-09-01 04:30:54] ✘ 有 3 条订阅解析失败:
[2025-09-01 04:30:54] - https://tcxx.info/feed
[2025-09-01 04:30:54] - https://tumutanzi.com/feed
[2025-09-01 04:30:54] - https://geekinney.com/index.xml
[2025-09-01 04:30:54] ✘ 有 3 条订阅头像无法访问, 已使用默认头像:
[2025-09-01 04:30:54] - https://hwv430.blogspot.com/feeds/posts/default
[2025-09-01 04:30:54] - http://feeds.feedburner.com/ruanyifeng
[2025-09-01 04:30:54] - https://www.loyhome.com/feed
[2025-09-01 05:22:30] 本次订阅抓取结果统计:
[2025-09-01 05:22:30] 共 28 条RSS, 成功抓取 25 条.
[2025-09-01 05:22:30] ✘ 有 3 条订阅解析失败:
[2025-09-01 05:22:30] - https://tcxx.info/feed
[2025-09-01 05:22:30] - https://tumutanzi.com/feed
[2025-09-01 05:22:30] - https://geekinney.com/index.xml
[2025-09-01 05:22:30] ✘ 有 2 条订阅头像无法访问, 已使用默认头像:
[2025-09-01 05:22:30] - https://www.loyhome.com/feed
[2025-09-01 05:22:30] - http://feeds.feedburner.com/ruanyifeng
