[2025-10-26 01:49:47] 本次订阅抓取结果统计:
[2025-10-26 01:49:47] 共 28 条RSS, 成功抓取 25 条.
[2025-10-26 01:49:47] ✘ 有 3 条订阅解析失败:
[2025-10-26 01:49:47] - https://tcxx.info/feed
[2025-10-26 01:49:47] - https://tumutanzi.com/feed
[2025-10-26 01:49:47] - https://geekinney.com/index.xml
[2025-10-26 01:49:47] ✘ 有 2 条订阅头像无法访问, 已使用默认头像:
[2025-10-26 01:49:47] - http://feeds.feedburner.com/ruanyifeng
[2025-10-26 01:49:47] - https://www.loyhome.com/feed
[2025-10-26 03:12:33] 本次订阅抓取结果统计:
[2025-10-26 03:12:33] 共 28 条RSS, 成功抓取 25 条.
[2025-10-26 03:12:33] ✘ 有 3 条订阅解析失败:
[2025-10-26 03:12:33] - https://tcxx.info/feed
[2025-10-26 03:12:33] - https://tumutanzi.com/feed
[2025-10-26 03:12:33] - https://geekinney.com/index.xml
[2025-10-26 03:12:33] ✘ 有 2 条订阅头像无法访问, 已使用默认头像:
[2025-10-26 03:12:33] - http://feeds.feedburner.com/ruanyifeng
[2025-10-26 03:12:33] - https://www.loyhome.com/feed
[2025-10-26 04:25:01] 本次订阅抓取结果统计:
[2025-10-26 04:25:01] 共 28 条RSS, 成功抓取 24 条.
[2025-10-26 04:25:01] ✘ 有 4 条订阅解析失败:
[2025-10-26 04:25:01] - https://tcxx.info/feed
[2025-10-26 04:25:01] - https://www.loyhome.com/feed
[2025-10-26 04:25:01] - https://tumutanzi.com/feed
[2025-10-26 04:25:01] - https://geekinney.com/index.xml
[2025-10-26 04:25:01] ✘ 有 1 条订阅头像无法访问, 已使用默认头像:
[2025-10-26 04:25:01] - http://feeds.feedburner.com/ruanyifeng
[2025-10-26 05:20:54] 本次订阅抓取结果统计:
[2025-10-26 05:20:54] 共 28 条RSS, 成功抓取 25 条.
[2025-10-26 05:20:54] ✘ 有 3 条订阅解析失败:
[2025-10-26 05:20:54] - https://tumutanzi.com/feed
[2025-10-26 05:20:54] - https://tcxx.info/feed
[2025-10-26 05:20:54] - https://geekinney.com/index.xml
[2025-10-26 05:20:54] ✘ 有 2 条订阅头像无法访问, 已使用默认头像:
[2025-10-26 05:20:54] - http://feeds.feedburner.com/ruanyifeng
[2025-10-26 05:20:54] - https://www.loyhome.com/feed
[2025-10-26 06:30:38] 本次订阅抓取结果统计:
[2025-10-26 06:30:38] 共 28 条RSS, 成功抓取 25 条.
[2025-10-26 06:30:38] ✘ 有 3 条订阅解析失败:
[2025-10-26 06:30:38] - https://tcxx.info/feed
[2025-10-26 06:30:38] - https://tumutanzi.com/feed
[2025-10-26 06:30:38] - https://geekinney.com/index.xml
[2025-10-26 06:30:38] ✘ 有 2 条订阅头像无法访问, 已使用默认头像:
[2025-10-26 06:30:38] - http://feeds.feedburner.com/ruanyifeng
[2025-10-26 06:30:38] - https://www.loyhome.com/feed
[2025-10-26 07:19:14] 本次订阅抓取结果统计:
[2025-10-26 07:19:14] 共 28 条RSS, 成功抓取 25 条.
[2025-10-26 07:19:14] ✘ 有 3 条订阅解析失败:
[2025-10-26 07:19:14] - https://tcxx.info/feed
[2025-10-26 07:19:14] - https://tumutanzi.com/feed
[2025-10-26 07:19:14] - https://geekinney.com/index.xml
[2025-10-26 07:19:14] ✘ 有 2 条订阅头像无法访问, 已使用默认头像:
[2025-10-26 07:19:14] - http://feeds.feedburner.com/ruanyifeng
[2025-10-26 07:19:14] - https://www.loyhome.com/feed
[2025-10-26 08:25:58] 本次订阅抓取结果统计:
[2025-10-26 08:25:58] 共 28 条RSS, 成功抓取 25 条.
[2025-10-26 08:25:58] ✘ 有 3 条订阅解析失败:
[2025-10-26 08:25:58] - https://tumutanzi.com/feed
[2025-10-26 08:25:58] - https://tcxx.info/feed
[2025-10-26 08:25:58] - https://geekinney.com/index.xml
[2025-10-26 08:25:58] ✘ 有 2 条订阅头像无法访问, 已使用默认头像:
[2025-10-26 08:25:58] - https://www.loyhome.com/feed
[2025-10-26 08:25:58] - http://feeds.feedburner.com/ruanyifeng
[2025-10-26 09:19:48] 本次订阅抓取结果统计:
[2025-10-26 09:19:48] 共 28 条RSS, 成功抓取 25 条.
[2025-10-26 09:19:48] ✘ 有 3 条订阅解析失败:
[2025-10-26 09:19:48] - https://tcxx.info/feed
[2025-10-26 09:19:48] - https://tumutanzi.com/feed
[2025-10-26 09:19:48] - https://geekinney.com/index.xml
[2025-10-26 09:19:48] ✘ 有 2 条订阅头像无法访问, 已使用默认头像:
[2025-10-26 09:19:48] - http://feeds.feedburner.com/ruanyifeng
[2025-10-26 09:19:48] - https://www.loyhome.com/feed
[2025-10-26 10:21:15] 本次订阅抓取结果统计:
[2025-10-26 10:21:15] 共 28 条RSS, 成功抓取 25 条.
[2025-10-26 10:21:15] ✘ 有 3 条订阅解析失败:
[2025-10-26 10:21:15] - https://tcxx.info/feed
[2025-10-26 10:21:15] - https://tumutanzi.com/feed
[2025-10-26 10:21:15] - https://geekinney.com/index.xml
[2025-10-26 10:21:15] ✘ 有 2 条订阅头像无法访问, 已使用默认头像:
[2025-10-26 10:21:15] - http://feeds.feedburner.com/ruanyifeng
[2025-10-26 10:21:15] - https://www.loyhome.com/feed
[2025-10-26 11:16:53] 本次订阅抓取结果统计:
[2025-10-26 11:16:53] 共 28 条RSS, 成功抓取 25 条.
[2025-10-26 11:16:53] ✘ 有 3 条订阅解析失败:
[2025-10-26 11:16:53] - https://tumutanzi.com/feed
[2025-10-26 11:16:53] - https://tcxx.info/feed
[2025-10-26 11:16:53] - https://geekinney.com/index.xml
[2025-10-26 11:16:53] ✘ 有 2 条订阅头像无法访问, 已使用默认头像:
[2025-10-26 11:16:53] - https://www.loyhome.com/feed
[2025-10-26 11:16:53] - http://feeds.feedburner.com/ruanyifeng
[2025-10-26 12:41:04] 本次订阅抓取结果统计:
[2025-10-26 12:41:04] 共 28 条RSS, 成功抓取 25 条.
[2025-10-26 12:41:04] ✘ 有 3 条订阅解析失败:
[2025-10-26 12:41:04] - https://tumutanzi.com/feed
[2025-10-26 12:41:04] - https://tcxx.info/feed
[2025-10-26 12:41:04] - https://geekinney.com/index.xml
[2025-10-26 12:41:04] ✘ 有 2 条订阅头像无法访问, 已使用默认头像:
[2025-10-26 12:41:04] - http://feeds.feedburner.com/ruanyifeng
[2025-10-26 12:41:04] - https://www.loyhome.com/feed
[2025-10-26 13:25:51] 本次订阅抓取结果统计:
[2025-10-26 13:25:51] 共 28 条RSS, 成功抓取 25 条.
[2025-10-26 13:25:51] ✘ 有 3 条订阅解析失败:
[2025-10-26 13:25:51] - https://tumutanzi.com/feed
[2025-10-26 13:25:51] - https://tcxx.info/feed
[2025-10-26 13:25:51] - https://geekinney.com/index.xml
[2025-10-26 13:25:51] ✘ 有 2 条订阅头像无法访问, 已使用默认头像:
[2025-10-26 13:25:51] - https://www.loyhome.com/feed
[2025-10-26 13:25:51] - http://feeds.feedburner.com/ruanyifeng
[2025-10-26 14:18:20] 本次订阅抓取结果统计:
[2025-10-26 14:18:20] 共 28 条RSS, 成功抓取 25 条.
[2025-10-26 14:18:20] ✘ 有 3 条订阅解析失败:
[2025-10-26 14:18:20] - https://tcxx.info/feed
[2025-10-26 14:18:20] - https://tumutanzi.com/feed
[2025-10-26 14:18:20] - https://geekinney.com/index.xml
[2025-10-26 14:18:20] ✘ 有 2 条订阅头像无法访问, 已使用默认头像:
[2025-10-26 14:18:20] - https://www.loyhome.com/feed
[2025-10-26 14:18:20] - http://feeds.feedburner.com/ruanyifeng
[2025-10-26 15:19:51] 本次订阅抓取结果统计:
[2025-10-26 15:19:51] 共 28 条RSS, 成功抓取 25 条.
[2025-10-26 15:19:51] ✘ 有 3 条订阅解析失败:
[2025-10-26 15:19:51] - https://tcxx.info/feed
[2025-10-26 15:19:51] - https://tumutanzi.com/feed
[2025-10-26 15:19:51] - https://geekinney.com/index.xml
[2025-10-26 15:19:51] ✘ 有 3 条订阅头像无法访问, 已使用默认头像:
[2025-10-26 15:19:51] - http://feeds.feedburner.com/ruanyifeng
[2025-10-26 15:19:51] - https://www.loyhome.com/feed
[2025-10-26 15:19:51] - https://xyzbz.cn/feed
[2025-10-26 16:25:33] 本次订阅抓取结果统计:
[2025-10-26 16:25:33] 共 28 条RSS, 成功抓取 25 条.
[2025-10-26 16:25:33] ✘ 有 3 条订阅解析失败:
[2025-10-26 16:25:33] - https://tumutanzi.com/feed
[2025-10-26 16:25:33] - https://tcxx.info/feed
[2025-10-26 16:25:33] - https://geekinney.com/index.xml
[2025-10-26 16:25:33] ✘ 有 2 条订阅头像无法访问, 已使用默认头像:
[2025-10-26 16:25:33] - http://feeds.feedburner.com/ruanyifeng
[2025-10-26 16:25:33] - https://www.loyhome.com/feed
[2025-10-26 17:17:49] 本次订阅抓取结果统计:
[2025-10-26 17:17:49] 共 28 条RSS, 成功抓取 25 条.
[2025-10-26 17:17:49] ✘ 有 3 条订阅解析失败:
[2025-10-26 17:17:49] - https://tumutanzi.com/feed
[2025-10-26 17:17:49] - https://tcxx.info/feed
[2025-10-26 17:17:49] - https://geekinney.com/index.xml
[2025-10-26 17:17:49] ✘ 有 2 条订阅头像无法访问, 已使用默认头像:
[2025-10-26 17:17:49] - http://feeds.feedburner.com/ruanyifeng
[2025-10-26 17:17:49] - https://www.loyhome.com/feed
[2025-10-26 18:29:38] 本次订阅抓取结果统计:
[2025-10-26 18:29:38] 共 28 条RSS, 成功抓取 25 条.
[2025-10-26 18:29:38] ✘ 有 3 条订阅解析失败:
[2025-10-26 18:29:38] - https://tcxx.info/feed
[2025-10-26 18:29:38] - https://tumutanzi.com/feed
[2025-10-26 18:29:38] - https://geekinney.com/index.xml
[2025-10-26 18:29:38] ✘ 有 2 条订阅头像无法访问, 已使用默认头像:
[2025-10-26 18:29:38] - http://feeds.feedburner.com/ruanyifeng
[2025-10-26 18:29:38] - https://www.loyhome.com/feed
[2025-10-26 19:16:40] 本次订阅抓取结果统计:
[2025-10-26 19:16:40] 共 28 条RSS, 成功抓取 25 条.
[2025-10-26 19:16:40] ✘ 有 3 条订阅解析失败:
[2025-10-26 19:16:40] - https://tcxx.info/feed
[2025-10-26 19:16:40] - https://tumutanzi.com/feed
[2025-10-26 19:16:40] - https://geekinney.com/index.xml
[2025-10-26 19:16:40] ✘ 有 2 条订阅头像无法访问, 已使用默认头像:
[2025-10-26 19:16:40] - https://www.loyhome.com/feed
[2025-10-26 19:16:40] - http://feeds.feedburner.com/ruanyifeng
[2025-10-26 20:23:33] 本次订阅抓取结果统计:
[2025-10-26 20:23:33] 共 28 条RSS, 成功抓取 25 条.
[2025-10-26 20:23:33] ✘ 有 3 条订阅解析失败:
[2025-10-26 20:23:33] - https://tcxx.info/feed
[2025-10-26 20:23:33] - https://tumutanzi.com/feed
[2025-10-26 20:23:33] - https://geekinney.com/index.xml
[2025-10-26 20:23:33] ✘ 有 3 条订阅头像无法访问, 已使用默认头像:
[2025-10-26 20:23:33] - http://feeds.feedburner.com/ruanyifeng
[2025-10-26 20:23:33] - https://www.loyhome.com/feed
[2025-10-26 20:23:33] - https://xyzbz.cn/feed
[2025-10-26 21:18:42] 本次订阅抓取结果统计:
[2025-10-26 21:18:42] 共 28 条RSS, 成功抓取 25 条.
[2025-10-26 21:18:42] ✘ 有 3 条订阅解析失败:
[2025-10-26 21:18:42] - https://tcxx.info/feed
[2025-10-26 21:18:42] - https://tumutanzi.com/feed
[2025-10-26 21:18:42] - https://geekinney.com/index.xml
[2025-10-26 21:18:42] ✘ 有 2 条订阅头像无法访问, 已使用默认头像:
[2025-10-26 21:18:42] - http://feeds.feedburner.com/ruanyifeng
[2025-10-26 21:18:42] - https://www.loyhome.com/feed
[2025-10-26 22:20:06] 本次订阅抓取结果统计:
[2025-10-26 22:20:06] 共 28 条RSS, 成功抓取 25 条.
[2025-10-26 22:20:06] ✘ 有 3 条订阅解析失败:
[2025-10-26 22:20:06] - https://tcxx.info/feed
[2025-10-26 22:20:06] - https://tumutanzi.com/feed
[2025-10-26 22:20:06] - https://geekinney.com/index.xml
[2025-10-26 22:20:06] ✘ 有 2 条订阅头像无法访问, 已使用默认头像:
[2025-10-26 22:20:06] - http://feeds.feedburner.com/ruanyifeng
[2025-10-26 22:20:06] - https://www.loyhome.com/feed
[2025-10-26 23:19:29] 本次订阅抓取结果统计:
[2025-10-26 23:19:29] 共 28 条RSS, 成功抓取 25 条.
[2025-10-26 23:19:29] ✘ 有 3 条订阅解析失败:
[2025-10-26 23:19:29] - https://tumutanzi.com/feed
[2025-10-26 23:19:29] - https://tcxx.info/feed
[2025-10-26 23:19:29] - https://geekinney.com/index.xml
[2025-10-26 23:19:29] ✘ 有 2 条订阅头像无法访问, 已使用默认头像:
[2025-10-26 23:19:29] - http://feeds.feedburner.com/ruanyifeng
[2025-10-26 23:19:29] - https://www.loyhome.com/feed
