[2025-04-08 03:08:39] 本次订阅抓取结果统计:
[2025-04-08 03:08:39] 共 28 条RSS, 成功抓取 27 条.
[2025-04-08 03:08:39] ✘ 有 1 条订阅解析失败:
[2025-04-08 03:08:39] - https://geekinney.com/index.xml
[2025-04-08 03:08:39] ✘ 有 2 条订阅头像无法访问, 已使用默认头像:
[2025-04-08 03:08:39] - http://feeds.feedburner.com/ruanyifeng
[2025-04-08 03:08:39] - https://www.loyhome.com/feed
[2025-04-08 04:42:35] 本次订阅抓取结果统计:
[2025-04-08 04:42:35] 共 28 条RSS, 成功抓取 27 条.
[2025-04-08 04:42:35] ✘ 有 1 条订阅解析失败:
[2025-04-08 04:42:35] - https://geekinney.com/index.xml
[2025-04-08 04:42:35] ✘ 有 2 条订阅头像无法访问, 已使用默认头像:
[2025-04-08 04:42:35] - http://feeds.feedburner.com/ruanyifeng
[2025-04-08 04:42:35] - https://www.loyhome.com/feed
[2025-04-08 05:38:34] 本次订阅抓取结果统计:
[2025-04-08 05:38:34] 共 28 条RSS, 成功抓取 27 条.
[2025-04-08 05:38:34] ✘ 有 1 条订阅解析失败:
[2025-04-08 05:38:34] - https://geekinney.com/index.xml
[2025-04-08 05:38:34] ✘ 有 3 条订阅头像无法访问, 已使用默认头像:
[2025-04-08 05:38:34] - http://feeds.feedburner.com/ruanyifeng
[2025-04-08 05:38:34] - https://www.loyhome.com/feed
[2025-04-08 05:38:34] - https://xyzbz.cn/feed
[2025-04-08 06:49:32] 本次订阅抓取结果统计:
[2025-04-08 06:49:32] 共 28 条RSS, 成功抓取 27 条.
[2025-04-08 06:49:32] ✘ 有 1 条订阅解析失败:
[2025-04-08 06:49:32] - https://geekinney.com/index.xml
[2025-04-08 06:49:32] ✘ 有 3 条订阅头像无法访问, 已使用默认头像:
[2025-04-08 06:49:32] - http://feeds.feedburner.com/ruanyifeng
[2025-04-08 06:49:32] - https://www.loyhome.com/feed
[2025-04-08 06:49:32] - https://tcxx.info/feed
[2025-04-08 07:31:09] 本次订阅抓取结果统计:
[2025-04-08 07:31:09] 共 28 条RSS, 成功抓取 27 条.
[2025-04-08 07:31:09] ✘ 有 1 条订阅解析失败:
[2025-04-08 07:31:09] - https://geekinney.com/index.xml
[2025-04-08 07:31:09] ✘ 有 3 条订阅头像无法访问, 已使用默认头像:
[2025-04-08 07:31:09] - https://www.loyhome.com/feed
[2025-04-08 07:31:09] - http://feeds.feedburner.com/ruanyifeng
[2025-04-08 07:31:09] - https://tcxx.info/feed
[2025-04-08 08:48:17] 本次订阅抓取结果统计:
[2025-04-08 08:48:17] 共 28 条RSS, 成功抓取 27 条.
[2025-04-08 08:48:17] ✘ 有 1 条订阅解析失败:
[2025-04-08 08:48:17] - https://geekinney.com/index.xml
[2025-04-08 08:48:17] ✘ 有 2 条订阅头像无法访问, 已使用默认头像:
[2025-04-08 08:48:17] - http://feeds.feedburner.com/ruanyifeng
[2025-04-08 08:48:17] - https://www.loyhome.com/feed
[2025-04-08 09:37:30] 本次订阅抓取结果统计:
[2025-04-08 09:37:30] 共 28 条RSS, 成功抓取 27 条.
[2025-04-08 09:37:30] ✘ 有 1 条订阅解析失败:
[2025-04-08 09:37:30] - https://geekinney.com/index.xml
[2025-04-08 09:37:30] ✘ 有 2 条订阅头像无法访问, 已使用默认头像:
[2025-04-08 09:37:30] - http://feeds.feedburner.com/ruanyifeng
[2025-04-08 09:37:30] - https://www.loyhome.com/feed
[2025-04-08 10:43:07] 本次订阅抓取结果统计:
[2025-04-08 10:43:07] 共 28 条RSS, 成功抓取 27 条.
[2025-04-08 10:43:07] ✘ 有 1 条订阅解析失败:
[2025-04-08 10:43:07] - https://geekinney.com/index.xml
[2025-04-08 10:43:07] ✘ 有 2 条订阅头像无法访问, 已使用默认头像:
[2025-04-08 10:43:07] - https://www.loyhome.com/feed
[2025-04-08 10:43:07] - http://feeds.feedburner.com/ruanyifeng
[2025-04-08 11:27:13] 本次订阅抓取结果统计:
[2025-04-08 11:27:13] 共 28 条RSS, 成功抓取 27 条.
[2025-04-08 11:27:13] ✘ 有 1 条订阅解析失败:
[2025-04-08 11:27:13] - https://geekinney.com/index.xml
[2025-04-08 11:27:13] ✘ 有 2 条订阅头像无法访问, 已使用默认头像:
[2025-04-08 11:27:13] - http://feeds.feedburner.com/ruanyifeng
[2025-04-08 11:27:13] - https://www.loyhome.com/feed
[2025-04-08 13:35:41] 本次订阅抓取结果统计:
[2025-04-08 13:35:41] 共 28 条RSS, 成功抓取 27 条.
[2025-04-08 13:35:41] ✘ 有 1 条订阅解析失败:
[2025-04-08 13:35:41] - https://geekinney.com/index.xml
[2025-04-08 13:35:41] ✘ 有 4 条订阅头像无法访问, 已使用默认头像:
[2025-04-08 13:35:41] - http://feeds.feedburner.com/ruanyifeng
[2025-04-08 13:35:41] - https://www.loyhome.com/feed
[2025-04-08 13:35:41] - https://tcxx.info/feed
[2025-04-08 13:35:41] - https://blog.yanqingshan.com/feed
[2025-04-08 14:43:08] 本次订阅抓取结果统计:
[2025-04-08 14:43:08] 共 28 条RSS, 成功抓取 27 条.
[2025-04-08 14:43:08] ✘ 有 1 条订阅解析失败:
[2025-04-08 14:43:08] - https://geekinney.com/index.xml
[2025-04-08 14:43:08] ✘ 有 2 条订阅头像无法访问, 已使用默认头像:
[2025-04-08 14:43:08] - http://feeds.feedburner.com/ruanyifeng
[2025-04-08 14:43:08] - https://www.loyhome.com/feed
[2025-04-08 15:39:11] 本次订阅抓取结果统计:
[2025-04-08 15:39:11] 共 28 条RSS, 成功抓取 27 条.
[2025-04-08 15:39:11] ✘ 有 1 条订阅解析失败:
[2025-04-08 15:39:11] - https://geekinney.com/index.xml
[2025-04-08 15:39:11] ✘ 有 4 条订阅头像无法访问, 已使用默认头像:
[2025-04-08 15:39:11] - http://feeds.feedburner.com/ruanyifeng
[2025-04-08 15:39:11] - https://www.loyhome.com/feed
[2025-04-08 15:39:11] - https://tcxx.info/feed
[2025-04-08 15:39:11] - https://xyzbz.cn/feed
[2025-04-08 16:49:14] 本次订阅抓取结果统计:
[2025-04-08 16:49:14] 共 28 条RSS, 成功抓取 27 条.
[2025-04-08 16:49:14] ✘ 有 1 条订阅解析失败:
[2025-04-08 16:49:14] - https://geekinney.com/index.xml
[2025-04-08 16:49:14] ✘ 有 2 条订阅头像无法访问, 已使用默认头像:
[2025-04-08 16:49:14] - http://feeds.feedburner.com/ruanyifeng
[2025-04-08 16:49:14] - https://www.loyhome.com/feed
[2025-04-08 17:36:12] 本次订阅抓取结果统计:
[2025-04-08 17:36:12] 共 28 条RSS, 成功抓取 27 条.
[2025-04-08 17:36:12] ✘ 有 1 条订阅解析失败:
[2025-04-08 17:36:12] - https://geekinney.com/index.xml
[2025-04-08 17:36:12] ✘ 有 3 条订阅头像无法访问, 已使用默认头像:
[2025-04-08 17:36:12] - https://tcxx.info/feed
[2025-04-08 17:36:12] - http://feeds.feedburner.com/ruanyifeng
[2025-04-08 17:36:12] - https://www.loyhome.com/feed
[2025-04-08 18:49:19] 本次订阅抓取结果统计:
[2025-04-08 18:49:19] 共 28 条RSS, 成功抓取 26 条.
[2025-04-08 18:49:19] ✘ 有 2 条订阅解析失败:
[2025-04-08 18:49:19] - https://geekinney.com/index.xml
[2025-04-08 18:49:19] - https://tcxx.info/feed
[2025-04-08 18:49:19] ✘ 有 2 条订阅头像无法访问, 已使用默认头像:
[2025-04-08 18:49:19] - https://www.loyhome.com/feed
[2025-04-08 18:49:19] - http://feeds.feedburner.com/ruanyifeng
