[2025-08-02 01:56:46] 本次订阅抓取结果统计:
[2025-08-02 01:56:46] 共 28 条RSS, 成功抓取 26 条.
[2025-08-02 01:56:46] ✘ 有 2 条订阅解析失败:
[2025-08-02 01:56:46] - https://tcxx.info/feed
[2025-08-02 01:56:46] - https://tumutanzi.com/feed
[2025-08-02 01:56:46] ✘ 有 2 条订阅头像无法访问, 已使用默认头像:
[2025-08-02 01:56:46] - http://feeds.feedburner.com/ruanyifeng
[2025-08-02 01:56:46] - https://www.loyhome.com/feed
[2025-08-02 03:36:39] 本次订阅抓取结果统计:
[2025-08-02 03:36:39] 共 28 条RSS, 成功抓取 26 条.
[2025-08-02 03:36:39] ✘ 有 2 条订阅解析失败:
[2025-08-02 03:36:39] - https://tcxx.info/feed
[2025-08-02 03:36:39] - https://tumutanzi.com/feed
[2025-08-02 03:36:39] ✘ 有 2 条订阅头像无法访问, 已使用默认头像:
[2025-08-02 03:36:39] - https://www.loyhome.com/feed
[2025-08-02 03:36:39] - http://feeds.feedburner.com/ruanyifeng
[2025-08-02 04:37:34] 本次订阅抓取结果统计:
[2025-08-02 04:37:34] 共 28 条RSS, 成功抓取 26 条.
[2025-08-02 04:37:34] ✘ 有 2 条订阅解析失败:
[2025-08-02 04:37:34] - https://tumutanzi.com/feed
[2025-08-02 04:37:34] - https://tcxx.info/feed
[2025-08-02 04:37:34] ✘ 有 2 条订阅头像无法访问, 已使用默认头像:
[2025-08-02 04:37:34] - http://feeds.feedburner.com/ruanyifeng
[2025-08-02 04:37:34] - https://www.loyhome.com/feed
[2025-08-02 05:26:20] 本次订阅抓取结果统计:
[2025-08-02 05:26:20] 共 28 条RSS, 成功抓取 26 条.
[2025-08-02 05:26:20] ✘ 有 2 条订阅解析失败:
[2025-08-02 05:26:20] - https://tumutanzi.com/feed
[2025-08-02 05:26:20] - https://tcxx.info/feed
[2025-08-02 05:26:20] ✘ 有 2 条订阅头像无法访问, 已使用默认头像:
[2025-08-02 05:26:20] - http://feeds.feedburner.com/ruanyifeng
[2025-08-02 05:26:20] - https://www.loyhome.com/feed
