[2025-04-27 01:50:08] 本次订阅抓取结果统计:
[2025-04-27 01:50:08] 共 28 条RSS, 成功抓取 27 条.
[2025-04-27 01:50:08] ✘ 有 1 条订阅解析失败:
[2025-04-27 01:50:08] - https://tcxx.info/feed
[2025-04-27 01:50:08] ✘ 有 4 条订阅头像无法访问, 已使用默认头像:
[2025-04-27 01:50:08] - https://blog.fooleap.org/atom.xml
[2025-04-27 01:50:08] - http://feeds.feedburner.com/ruanyifeng
[2025-04-27 01:50:08] - https://www.loyhome.com/feed
[2025-04-27 01:50:08] - https://blog.zhheo.com/rss.xml
[2025-04-27 03:10:15] 本次订阅抓取结果统计:
[2025-04-27 03:10:15] 共 28 条RSS, 成功抓取 27 条.
[2025-04-27 03:10:15] ✘ 有 1 条订阅解析失败:
[2025-04-27 03:10:15] - https://tcxx.info/feed
[2025-04-27 03:10:15] ✘ 有 3 条订阅头像无法访问, 已使用默认头像:
[2025-04-27 03:10:15] - https://blog.fooleap.org/atom.xml
[2025-04-27 03:10:15] - http://feeds.feedburner.com/ruanyifeng
[2025-04-27 03:10:15] - https://www.loyhome.com/feed
[2025-04-27 04:24:44] 本次订阅抓取结果统计:
[2025-04-27 04:24:44] 共 28 条RSS, 成功抓取 27 条.
[2025-04-27 04:24:44] ✘ 有 1 条订阅解析失败:
[2025-04-27 04:24:44] - https://tcxx.info/feed
[2025-04-27 04:24:44] ✘ 有 3 条订阅头像无法访问, 已使用默认头像:
[2025-04-27 04:24:44] - http://feeds.feedburner.com/ruanyifeng
[2025-04-27 04:24:44] - https://blog.fooleap.org/atom.xml
[2025-04-27 04:24:44] - https://www.loyhome.com/feed
[2025-04-27 05:20:17] 本次订阅抓取结果统计:
[2025-04-27 05:20:17] 共 28 条RSS, 成功抓取 27 条.
[2025-04-27 05:20:17] ✘ 有 1 条订阅解析失败:
[2025-04-27 05:20:17] - https://tcxx.info/feed
[2025-04-27 05:20:17] ✘ 有 3 条订阅头像无法访问, 已使用默认头像:
[2025-04-27 05:20:17] - https://blog.fooleap.org/atom.xml
[2025-04-27 05:20:17] - https://www.loyhome.com/feed
[2025-04-27 05:20:17] - http://feeds.feedburner.com/ruanyifeng
[2025-04-27 06:28:21] 本次订阅抓取结果统计:
[2025-04-27 06:28:21] 共 28 条RSS, 成功抓取 27 条.
[2025-04-27 06:28:21] ✘ 有 1 条订阅解析失败:
[2025-04-27 06:28:21] - https://tcxx.info/feed
[2025-04-27 06:28:21] ✘ 有 3 条订阅头像无法访问, 已使用默认头像:
[2025-04-27 06:28:21] - http://feeds.feedburner.com/ruanyifeng
[2025-04-27 06:28:21] - https://blog.fooleap.org/atom.xml
[2025-04-27 06:28:21] - https://www.loyhome.com/feed
