[2025-07-02 01:53:08] 本次订阅抓取结果统计:
[2025-07-02 01:53:08] 共 28 条RSS, 成功抓取 27 条.
[2025-07-02 01:53:08] ✘ 有 1 条订阅解析失败:
[2025-07-02 01:53:08] - https://tcxx.info/feed
[2025-07-02 01:53:08] ✘ 有 2 条订阅头像无法访问, 已使用默认头像:
[2025-07-02 01:53:08] - http://feeds.feedburner.com/ruanyifeng
[2025-07-02 01:53:08] - https://www.loyhome.com/feed
[2025-07-02 03:20:51] 本次订阅抓取结果统计:
[2025-07-02 03:20:51] 共 28 条RSS, 成功抓取 27 条.
[2025-07-02 03:20:51] ✘ 有 1 条订阅解析失败:
[2025-07-02 03:20:51] - https://tcxx.info/feed
[2025-07-02 03:20:51] ✘ 有 2 条订阅头像无法访问, 已使用默认头像:
[2025-07-02 03:20:51] - http://feeds.feedburner.com/ruanyifeng
[2025-07-02 03:20:51] - https://www.loyhome.com/feed
[2025-07-02 04:32:22] 本次订阅抓取结果统计:
[2025-07-02 04:32:22] 共 28 条RSS, 成功抓取 27 条.
[2025-07-02 04:32:22] ✘ 有 1 条订阅解析失败:
[2025-07-02 04:32:22] - https://tcxx.info/feed
[2025-07-02 04:32:22] ✘ 有 2 条订阅头像无法访问, 已使用默认头像:
[2025-07-02 04:32:22] - http://feeds.feedburner.com/ruanyifeng
[2025-07-02 04:32:22] - https://www.loyhome.com/feed
