[2025-05-02 01:46:16] 本次订阅抓取结果统计:
[2025-05-02 01:46:16] 共 28 条RSS, 成功抓取 27 条.
[2025-05-02 01:46:16] ✘ 有 1 条订阅解析失败:
[2025-05-02 01:46:16] - https://tcxx.info/feed
[2025-05-02 01:46:16] ✘ 有 2 条订阅头像无法访问, 已使用默认头像:
[2025-05-02 01:46:16] - http://feeds.feedburner.com/ruanyifeng
[2025-05-02 01:46:16] - https://www.loyhome.com/feed
[2025-05-02 03:09:18] 本次订阅抓取结果统计:
[2025-05-02 03:09:18] 共 28 条RSS, 成功抓取 27 条.
[2025-05-02 03:09:18] ✘ 有 1 条订阅解析失败:
[2025-05-02 03:09:18] - https://tcxx.info/feed
[2025-05-02 03:09:18] ✘ 有 2 条订阅头像无法访问, 已使用默认头像:
[2025-05-02 03:09:18] - http://feeds.feedburner.com/ruanyifeng
[2025-05-02 03:09:18] - https://www.loyhome.com/feed
[2025-05-02 04:25:27] 本次订阅抓取结果统计:
[2025-05-02 04:25:27] 共 28 条RSS, 成功抓取 27 条.
[2025-05-02 04:25:27] ✘ 有 1 条订阅解析失败:
[2025-05-02 04:25:27] - https://tcxx.info/feed
[2025-05-02 04:25:27] ✘ 有 2 条订阅头像无法访问, 已使用默认头像:
[2025-05-02 04:25:27] - http://feeds.feedburner.com/ruanyifeng
[2025-05-02 04:25:27] - https://www.loyhome.com/feed
[2025-05-02 05:21:23] 本次订阅抓取结果统计:
[2025-05-02 05:21:23] 共 28 条RSS, 成功抓取 27 条.
[2025-05-02 05:21:23] ✘ 有 1 条订阅解析失败:
[2025-05-02 05:21:23] - https://tcxx.info/feed
[2025-05-02 05:21:23] ✘ 有 2 条订阅头像无法访问, 已使用默认头像:
[2025-05-02 05:21:23] - http://feeds.feedburner.com/ruanyifeng
[2025-05-02 05:21:23] - https://www.loyhome.com/feed
[2025-05-02 06:30:45] 本次订阅抓取结果统计:
[2025-05-02 06:30:45] 共 28 条RSS, 成功抓取 27 条.
[2025-05-02 06:30:45] ✘ 有 1 条订阅解析失败:
[2025-05-02 06:30:45] - https://tcxx.info/feed
[2025-05-02 06:30:45] ✘ 有 2 条订阅头像无法访问, 已使用默认头像:
[2025-05-02 06:30:45] - http://feeds.feedburner.com/ruanyifeng
[2025-05-02 06:30:45] - https://www.loyhome.com/feed
[2025-05-02 07:21:20] 本次订阅抓取结果统计:
[2025-05-02 07:21:20] 共 28 条RSS, 成功抓取 27 条.
[2025-05-02 07:21:20] ✘ 有 1 条订阅解析失败:
[2025-05-02 07:21:20] - https://tcxx.info/feed
[2025-05-02 07:21:20] ✘ 有 2 条订阅头像无法访问, 已使用默认头像:
[2025-05-02 07:21:20] - http://feeds.feedburner.com/ruanyifeng
[2025-05-02 07:21:20] - https://www.loyhome.com/feed
[2025-05-02 08:28:27] 本次订阅抓取结果统计:
[2025-05-02 08:28:27] 共 28 条RSS, 成功抓取 27 条.
[2025-05-02 08:28:27] ✘ 有 1 条订阅解析失败:
[2025-05-02 08:28:27] - https://tcxx.info/feed
[2025-05-02 08:28:27] ✘ 有 3 条订阅头像无法访问, 已使用默认头像:
[2025-05-02 08:28:27] - https://www.loyhome.com/feed
[2025-05-02 08:28:27] - http://feeds.feedburner.com/ruanyifeng
[2025-05-02 08:28:27] - https://xyzbz.cn/feed
[2025-05-02 09:22:52] 本次订阅抓取结果统计:
[2025-05-02 09:22:52] 共 28 条RSS, 成功抓取 27 条.
[2025-05-02 09:22:52] ✘ 有 1 条订阅解析失败:
[2025-05-02 09:22:52] - https://tcxx.info/feed
[2025-05-02 09:22:52] ✘ 有 2 条订阅头像无法访问, 已使用默认头像:
[2025-05-02 09:22:52] - http://feeds.feedburner.com/ruanyifeng
[2025-05-02 09:22:52] - https://www.loyhome.com/feed
[2025-05-02 10:22:48] 本次订阅抓取结果统计:
[2025-05-02 10:22:48] 共 28 条RSS, 成功抓取 27 条.
[2025-05-02 10:22:48] ✘ 有 1 条订阅解析失败:
[2025-05-02 10:22:48] - https://tcxx.info/feed
[2025-05-02 10:22:48] ✘ 有 2 条订阅头像无法访问, 已使用默认头像:
[2025-05-02 10:22:48] - http://feeds.feedburner.com/ruanyifeng
[2025-05-02 10:22:48] - https://www.loyhome.com/feed
[2025-05-02 11:18:13] 本次订阅抓取结果统计:
[2025-05-02 11:18:13] 共 28 条RSS, 成功抓取 27 条.
[2025-05-02 11:18:13] ✘ 有 1 条订阅解析失败:
[2025-05-02 11:18:13] - https://tcxx.info/feed
[2025-05-02 11:18:13] ✘ 有 2 条订阅头像无法访问, 已使用默认头像:
[2025-05-02 11:18:13] - http://feeds.feedburner.com/ruanyifeng
[2025-05-02 11:18:13] - https://www.loyhome.com/feed
[2025-05-02 12:42:05] 本次订阅抓取结果统计:
[2025-05-02 12:42:05] 共 28 条RSS, 成功抓取 27 条.
[2025-05-02 12:42:05] ✘ 有 1 条订阅解析失败:
[2025-05-02 12:42:05] - https://tcxx.info/feed
[2025-05-02 12:42:05] ✘ 有 3 条订阅头像无法访问, 已使用默认头像:
[2025-05-02 12:42:05] - http://feeds.feedburner.com/ruanyifeng
[2025-05-02 12:42:05] - https://www.loyhome.com/feed
[2025-05-02 12:42:05] - https://ihaihe.cn/feed
[2025-05-02 13:30:34] 本次订阅抓取结果统计:
[2025-05-02 13:30:34] 共 28 条RSS, 成功抓取 27 条.
[2025-05-02 13:30:34] ✘ 有 1 条订阅解析失败:
[2025-05-02 13:30:34] - https://tcxx.info/feed
[2025-05-02 13:30:34] ✘ 有 2 条订阅头像无法访问, 已使用默认头像:
[2025-05-02 13:30:34] - http://feeds.feedburner.com/ruanyifeng
[2025-05-02 13:30:34] - https://www.loyhome.com/feed
[2025-05-02 14:20:13] 本次订阅抓取结果统计:
[2025-05-02 14:20:13] 共 28 条RSS, 成功抓取 27 条.
[2025-05-02 14:20:13] ✘ 有 1 条订阅解析失败:
[2025-05-02 14:20:13] - https://tcxx.info/feed
[2025-05-02 14:20:13] ✘ 有 2 条订阅头像无法访问, 已使用默认头像:
[2025-05-02 14:20:13] - http://feeds.feedburner.com/ruanyifeng
[2025-05-02 14:20:13] - https://www.loyhome.com/feed
[2025-05-02 15:22:32] 本次订阅抓取结果统计:
[2025-05-02 15:22:32] 共 28 条RSS, 成功抓取 27 条.
[2025-05-02 15:22:32] ✘ 有 1 条订阅解析失败:
[2025-05-02 15:22:32] - https://tcxx.info/feed
[2025-05-02 15:22:32] ✘ 有 2 条订阅头像无法访问, 已使用默认头像:
[2025-05-02 15:22:32] - https://www.loyhome.com/feed
[2025-05-02 15:22:32] - http://feeds.feedburner.com/ruanyifeng
