[2025-09-04 01:38:32] 本次订阅抓取结果统计:
[2025-09-04 01:38:32] 共 28 条RSS, 成功抓取 25 条.
[2025-09-04 01:38:32] ✘ 有 3 条订阅解析失败:
[2025-09-04 01:38:32] - https://tumutanzi.com/feed
[2025-09-04 01:38:32] - https://tcxx.info/feed
[2025-09-04 01:38:32] - https://geekinney.com/index.xml
[2025-09-04 01:38:32] ✘ 有 3 条订阅头像无法访问, 已使用默认头像:
[2025-09-04 01:38:32] - https://hwv430.blogspot.com/feeds/posts/default
[2025-09-04 01:38:32] - http://feeds.feedburner.com/ruanyifeng
[2025-09-04 01:38:32] - https://www.loyhome.com/feed
[2025-09-04 02:57:11] 本次订阅抓取结果统计:
[2025-09-04 02:57:11] 共 28 条RSS, 成功抓取 25 条.
[2025-09-04 02:57:11] ✘ 有 3 条订阅解析失败:
[2025-09-04 02:57:11] - https://tcxx.info/feed
[2025-09-04 02:57:11] - https://tumutanzi.com/feed
[2025-09-04 02:57:11] - https://geekinney.com/index.xml
[2025-09-04 02:57:11] ✘ 有 3 条订阅头像无法访问, 已使用默认头像:
[2025-09-04 02:57:11] - https://hwv430.blogspot.com/feeds/posts/default
[2025-09-04 02:57:11] - http://feeds.feedburner.com/ruanyifeng
[2025-09-04 02:57:11] - https://www.loyhome.com/feed
[2025-09-04 03:32:08] 本次订阅抓取结果统计:
[2025-09-04 03:32:08] 共 28 条RSS, 成功抓取 25 条.
[2025-09-04 03:32:08] ✘ 有 3 条订阅解析失败:
[2025-09-04 03:32:08] - https://tumutanzi.com/feed
[2025-09-04 03:32:08] - https://tcxx.info/feed
[2025-09-04 03:32:08] - https://geekinney.com/index.xml
[2025-09-04 03:32:08] ✘ 有 2 条订阅头像无法访问, 已使用默认头像:
[2025-09-04 03:32:08] - http://feeds.feedburner.com/ruanyifeng
[2025-09-04 03:32:08] - https://www.loyhome.com/feed
[2025-09-04 04:24:35] 本次订阅抓取结果统计:
[2025-09-04 04:24:35] 共 28 条RSS, 成功抓取 25 条.
[2025-09-04 04:24:35] ✘ 有 3 条订阅解析失败:
[2025-09-04 04:24:35] - https://tumutanzi.com/feed
[2025-09-04 04:24:35] - https://tcxx.info/feed
[2025-09-04 04:24:35] - https://geekinney.com/index.xml
[2025-09-04 04:24:35] ✘ 有 3 条订阅头像无法访问, 已使用默认头像:
[2025-09-04 04:24:35] - https://hwv430.blogspot.com/feeds/posts/default
[2025-09-04 04:24:35] - http://feeds.feedburner.com/ruanyifeng
[2025-09-04 04:24:35] - https://www.loyhome.com/feed
[2025-09-04 05:19:48] 本次订阅抓取结果统计:
[2025-09-04 05:19:48] 共 28 条RSS, 成功抓取 25 条.
[2025-09-04 05:19:48] ✘ 有 3 条订阅解析失败:
[2025-09-04 05:19:48] - https://tumutanzi.com/feed
[2025-09-04 05:19:48] - https://tcxx.info/feed
[2025-09-04 05:19:48] - https://geekinney.com/index.xml
[2025-09-04 05:19:48] ✘ 有 2 条订阅头像无法访问, 已使用默认头像:
[2025-09-04 05:19:48] - https://www.loyhome.com/feed
[2025-09-04 05:19:48] - http://feeds.feedburner.com/ruanyifeng
[2025-09-04 06:31:20] 本次订阅抓取结果统计:
[2025-09-04 06:31:20] 共 28 条RSS, 成功抓取 25 条.
[2025-09-04 06:31:20] ✘ 有 3 条订阅解析失败:
[2025-09-04 06:31:20] - https://tumutanzi.com/feed
[2025-09-04 06:31:20] - https://tcxx.info/feed
[2025-09-04 06:31:20] - https://geekinney.com/index.xml
[2025-09-04 06:31:20] ✘ 有 3 条订阅头像无法访问, 已使用默认头像:
[2025-09-04 06:31:20] - https://hwv430.blogspot.com/feeds/posts/default
[2025-09-04 06:31:20] - http://feeds.feedburner.com/ruanyifeng
[2025-09-04 06:31:20] - https://www.loyhome.com/feed
[2025-09-04 07:20:21] 本次订阅抓取结果统计:
[2025-09-04 07:20:21] 共 28 条RSS, 成功抓取 25 条.
[2025-09-04 07:20:21] ✘ 有 3 条订阅解析失败:
[2025-09-04 07:20:21] - https://tumutanzi.com/feed
[2025-09-04 07:20:21] - https://tcxx.info/feed
[2025-09-04 07:20:21] - https://geekinney.com/index.xml
[2025-09-04 07:20:21] ✘ 有 3 条订阅头像无法访问, 已使用默认头像:
[2025-09-04 07:20:21] - https://hwv430.blogspot.com/feeds/posts/default
[2025-09-04 07:20:21] - http://feeds.feedburner.com/ruanyifeng
[2025-09-04 07:20:21] - https://www.loyhome.com/feed
[2025-09-04 08:27:54] 本次订阅抓取结果统计:
[2025-09-04 08:27:54] 共 28 条RSS, 成功抓取 25 条.
[2025-09-04 08:27:54] ✘ 有 3 条订阅解析失败:
[2025-09-04 08:27:54] - https://tumutanzi.com/feed
[2025-09-04 08:27:54] - https://tcxx.info/feed
[2025-09-04 08:27:54] - https://geekinney.com/index.xml
[2025-09-04 08:27:54] ✘ 有 3 条订阅头像无法访问, 已使用默认头像:
[2025-09-04 08:27:54] - https://hwv430.blogspot.com/feeds/posts/default
[2025-09-04 08:27:54] - http://feeds.feedburner.com/ruanyifeng
[2025-09-04 08:27:54] - https://www.loyhome.com/feed
[2025-09-04 09:22:21] 本次订阅抓取结果统计:
[2025-09-04 09:22:21] 共 28 条RSS, 成功抓取 24 条.
[2025-09-04 09:22:21] ✘ 有 4 条订阅解析失败:
[2025-09-04 09:22:21] - https://tcxx.info/feed
[2025-09-04 09:22:21] - https://tumutanzi.com/feed
[2025-09-04 09:22:21] - https://geekinney.com/index.xml
[2025-09-04 09:22:21] - https://blog.yanqingshan.com/feed
[2025-09-04 09:22:21] ✘ 有 2 条订阅头像无法访问, 已使用默认头像:
[2025-09-04 09:22:21] - http://feeds.feedburner.com/ruanyifeng
[2025-09-04 09:22:21] - https://www.loyhome.com/feed
[2025-09-04 10:22:03] 本次订阅抓取结果统计:
[2025-09-04 10:22:03] 共 28 条RSS, 成功抓取 25 条.
[2025-09-04 10:22:03] ✘ 有 3 条订阅解析失败:
[2025-09-04 10:22:03] - https://tcxx.info/feed
[2025-09-04 10:22:03] - https://tumutanzi.com/feed
[2025-09-04 10:22:03] - https://geekinney.com/index.xml
[2025-09-04 10:22:03] ✘ 有 3 条订阅头像无法访问, 已使用默认头像:
[2025-09-04 10:22:03] - https://hwv430.blogspot.com/feeds/posts/default
[2025-09-04 10:22:03] - http://feeds.feedburner.com/ruanyifeng
[2025-09-04 10:22:03] - https://www.loyhome.com/feed
[2025-09-04 11:17:11] 本次订阅抓取结果统计:
[2025-09-04 11:17:11] 共 28 条RSS, 成功抓取 25 条.
[2025-09-04 11:17:11] ✘ 有 3 条订阅解析失败:
[2025-09-04 11:17:11] - https://tcxx.info/feed
[2025-09-04 11:17:11] - https://tumutanzi.com/feed
[2025-09-04 11:17:11] - https://geekinney.com/index.xml
[2025-09-04 11:17:11] ✘ 有 3 条订阅头像无法访问, 已使用默认头像:
[2025-09-04 11:17:11] - https://hwv430.blogspot.com/feeds/posts/default
[2025-09-04 11:17:11] - http://feeds.feedburner.com/ruanyifeng
[2025-09-04 11:17:11] - https://www.loyhome.com/feed
[2025-09-04 12:41:37] 本次订阅抓取结果统计:
[2025-09-04 12:41:37] 共 28 条RSS, 成功抓取 25 条.
[2025-09-04 12:41:37] ✘ 有 3 条订阅解析失败:
[2025-09-04 12:41:37] - https://tcxx.info/feed
[2025-09-04 12:41:37] - https://tumutanzi.com/feed
[2025-09-04 12:41:37] - https://geekinney.com/index.xml
[2025-09-04 12:41:37] ✘ 有 2 条订阅头像无法访问, 已使用默认头像:
[2025-09-04 12:41:37] - https://www.loyhome.com/feed
[2025-09-04 12:41:37] - http://feeds.feedburner.com/ruanyifeng
[2025-09-04 13:29:11] 本次订阅抓取结果统计:
[2025-09-04 13:29:11] 共 28 条RSS, 成功抓取 25 条.
[2025-09-04 13:29:11] ✘ 有 3 条订阅解析失败:
[2025-09-04 13:29:11] - https://tcxx.info/feed
[2025-09-04 13:29:11] - https://tumutanzi.com/feed
[2025-09-04 13:29:11] - https://geekinney.com/index.xml
[2025-09-04 13:29:11] ✘ 有 3 条订阅头像无法访问, 已使用默认头像:
[2025-09-04 13:29:11] - https://hwv430.blogspot.com/feeds/posts/default
[2025-09-04 13:29:11] - http://feeds.feedburner.com/ruanyifeng
[2025-09-04 13:29:11] - https://www.loyhome.com/feed
[2025-09-04 14:20:38] 本次订阅抓取结果统计:
[2025-09-04 14:20:38] 共 28 条RSS, 成功抓取 24 条.
[2025-09-04 14:20:38] ✘ 有 4 条订阅解析失败:
[2025-09-04 14:20:38] - https://tumutanzi.com/feed
[2025-09-04 14:20:38] - https://tcxx.info/feed
[2025-09-04 14:20:38] - https://geekinney.com/index.xml
[2025-09-04 14:20:38] - https://wangpei.net/feed
[2025-09-04 14:20:38] ✘ 有 3 条订阅头像无法访问, 已使用默认头像:
[2025-09-04 14:20:38] - https://hwv430.blogspot.com/feeds/posts/default
[2025-09-04 14:20:38] - http://feeds.feedburner.com/ruanyifeng
[2025-09-04 14:20:38] - https://www.loyhome.com/feed
[2025-09-04 15:21:59] 本次订阅抓取结果统计:
[2025-09-04 15:21:59] 共 28 条RSS, 成功抓取 24 条.
[2025-09-04 15:21:59] ✘ 有 4 条订阅解析失败:
[2025-09-04 15:21:59] - https://www.shephe.com/feed
[2025-09-04 15:21:59] - https://tcxx.info/feed
[2025-09-04 15:21:59] - https://tumutanzi.com/feed
[2025-09-04 15:21:59] - https://geekinney.com/index.xml
[2025-09-04 15:21:59] ✘ 有 3 条订阅头像无法访问, 已使用默认头像:
[2025-09-04 15:21:59] - https://hwv430.blogspot.com/feeds/posts/default
[2025-09-04 15:21:59] - https://www.loyhome.com/feed
[2025-09-04 15:21:59] - http://feeds.feedburner.com/ruanyifeng
[2025-09-04 16:27:35] 本次订阅抓取结果统计:
[2025-09-04 16:27:35] 共 28 条RSS, 成功抓取 25 条.
[2025-09-04 16:27:35] ✘ 有 3 条订阅解析失败:
[2025-09-04 16:27:35] - https://tcxx.info/feed
[2025-09-04 16:27:35] - https://tumutanzi.com/feed
[2025-09-04 16:27:35] - https://geekinney.com/index.xml
[2025-09-04 16:27:35] ✘ 有 4 条订阅头像无法访问, 已使用默认头像:
[2025-09-04 16:27:35] - https://hwv430.blogspot.com/feeds/posts/default
[2025-09-04 16:27:35] - https://www.loyhome.com/feed
[2025-09-04 16:27:35] - http://feeds.feedburner.com/ruanyifeng
[2025-09-04 16:27:35] - https://www.shephe.com/feed
[2025-09-04 17:18:09] 本次订阅抓取结果统计:
[2025-09-04 17:18:09] 共 28 条RSS, 成功抓取 25 条.
[2025-09-04 17:18:09] ✘ 有 3 条订阅解析失败:
[2025-09-04 17:18:09] - https://tcxx.info/feed
[2025-09-04 17:18:09] - https://tumutanzi.com/feed
[2025-09-04 17:18:09] - https://geekinney.com/index.xml
[2025-09-04 17:18:09] ✘ 有 4 条订阅头像无法访问, 已使用默认头像:
[2025-09-04 17:18:09] - https://hwv430.blogspot.com/feeds/posts/default
[2025-09-04 17:18:09] - https://www.loyhome.com/feed
[2025-09-04 17:18:09] - http://feeds.feedburner.com/ruanyifeng
[2025-09-04 17:18:09] - https://www.shephe.com/feed
[2025-09-04 18:29:45] 本次订阅抓取结果统计:
[2025-09-04 18:29:45] 共 28 条RSS, 成功抓取 25 条.
[2025-09-04 18:29:45] ✘ 有 3 条订阅解析失败:
[2025-09-04 18:29:45] - https://tcxx.info/feed
[2025-09-04 18:29:45] - https://tumutanzi.com/feed
[2025-09-04 18:29:45] - https://geekinney.com/index.xml
[2025-09-04 18:29:45] ✘ 有 4 条订阅头像无法访问, 已使用默认头像:
[2025-09-04 18:29:45] - https://hwv430.blogspot.com/feeds/posts/default
[2025-09-04 18:29:45] - http://feeds.feedburner.com/ruanyifeng
[2025-09-04 18:29:45] - https://www.loyhome.com/feed
[2025-09-04 18:29:45] - https://www.shephe.com/feed
[2025-09-04 19:16:33] 本次订阅抓取结果统计:
[2025-09-04 19:16:33] 共 28 条RSS, 成功抓取 25 条.
[2025-09-04 19:16:33] ✘ 有 3 条订阅解析失败:
[2025-09-04 19:16:33] - https://tumutanzi.com/feed
[2025-09-04 19:16:33] - https://tcxx.info/feed
[2025-09-04 19:16:33] - https://geekinney.com/index.xml
[2025-09-04 19:16:33] ✘ 有 4 条订阅头像无法访问, 已使用默认头像:
[2025-09-04 19:16:33] - https://hwv430.blogspot.com/feeds/posts/default
[2025-09-04 19:16:33] - https://www.loyhome.com/feed
[2025-09-04 19:16:33] - https://www.shephe.com/feed
[2025-09-04 19:16:33] - http://feeds.feedburner.com/ruanyifeng
[2025-09-04 20:22:46] 本次订阅抓取结果统计:
[2025-09-04 20:22:46] 共 28 条RSS, 成功抓取 25 条.
[2025-09-04 20:22:46] ✘ 有 3 条订阅解析失败:
[2025-09-04 20:22:46] - https://tcxx.info/feed
[2025-09-04 20:22:46] - https://tumutanzi.com/feed
[2025-09-04 20:22:46] - https://geekinney.com/index.xml
[2025-09-04 20:22:46] ✘ 有 4 条订阅头像无法访问, 已使用默认头像:
[2025-09-04 20:22:46] - https://hwv430.blogspot.com/feeds/posts/default
[2025-09-04 20:22:46] - https://www.shephe.com/feed
[2025-09-04 20:22:46] - https://www.loyhome.com/feed
[2025-09-04 20:22:46] - http://feeds.feedburner.com/ruanyifeng
[2025-09-04 21:19:09] 本次订阅抓取结果统计:
[2025-09-04 21:19:09] 共 28 条RSS, 成功抓取 25 条.
[2025-09-04 21:19:09] ✘ 有 3 条订阅解析失败:
[2025-09-04 21:19:09] - https://tumutanzi.com/feed
[2025-09-04 21:19:09] - https://tcxx.info/feed
[2025-09-04 21:19:09] - https://geekinney.com/index.xml
[2025-09-04 21:19:09] ✘ 有 4 条订阅头像无法访问, 已使用默认头像:
[2025-09-04 21:19:09] - https://hwv430.blogspot.com/feeds/posts/default
[2025-09-04 21:19:09] - http://feeds.feedburner.com/ruanyifeng
[2025-09-04 21:19:09] - https://www.loyhome.com/feed
[2025-09-04 21:19:09] - https://www.shephe.com/feed
[2025-09-04 22:19:20] 本次订阅抓取结果统计:
[2025-09-04 22:19:20] 共 28 条RSS, 成功抓取 25 条.
[2025-09-04 22:19:20] ✘ 有 3 条订阅解析失败:
[2025-09-04 22:19:20] - https://tcxx.info/feed
[2025-09-04 22:19:20] - https://tumutanzi.com/feed
[2025-09-04 22:19:20] - https://geekinney.com/index.xml
[2025-09-04 22:19:20] ✘ 有 3 条订阅头像无法访问, 已使用默认头像:
[2025-09-04 22:19:20] - https://www.loyhome.com/feed
[2025-09-04 22:19:20] - http://feeds.feedburner.com/ruanyifeng
[2025-09-04 22:19:20] - https://www.shephe.com/feed
