[2025-05-22 01:48:34] 本次订阅抓取结果统计:
[2025-05-22 01:48:34] 共 28 条RSS, 成功抓取 27 条.
[2025-05-22 01:48:34] ✘ 有 1 条订阅解析失败:
[2025-05-22 01:48:34] - https://tcxx.info/feed
[2025-05-22 01:48:34] ✘ 有 2 条订阅头像无法访问, 已使用默认头像:
[2025-05-22 01:48:34] - http://feeds.feedburner.com/ruanyifeng
[2025-05-22 01:48:34] - https://www.loyhome.com/feed
[2025-05-22 03:13:33] 本次订阅抓取结果统计:
[2025-05-22 03:13:33] 共 28 条RSS, 成功抓取 27 条.
[2025-05-22 03:13:33] ✘ 有 1 条订阅解析失败:
[2025-05-22 03:13:33] - https://tcxx.info/feed
[2025-05-22 03:13:33] ✘ 有 2 条订阅头像无法访问, 已使用默认头像:
[2025-05-22 03:13:33] - http://feeds.feedburner.com/ruanyifeng
[2025-05-22 03:13:33] - https://www.loyhome.com/feed
[2025-05-22 04:27:55] 本次订阅抓取结果统计:
[2025-05-22 04:27:55] 共 28 条RSS, 成功抓取 27 条.
[2025-05-22 04:27:55] ✘ 有 1 条订阅解析失败:
[2025-05-22 04:27:55] - https://tcxx.info/feed
[2025-05-22 04:27:55] ✘ 有 2 条订阅头像无法访问, 已使用默认头像:
[2025-05-22 04:27:55] - http://feeds.feedburner.com/ruanyifeng
[2025-05-22 04:27:55] - https://www.loyhome.com/feed
[2025-05-22 05:22:21] 本次订阅抓取结果统计:
[2025-05-22 05:22:21] 共 28 条RSS, 成功抓取 27 条.
[2025-05-22 05:22:21] ✘ 有 1 条订阅解析失败:
[2025-05-22 05:22:21] - https://tcxx.info/feed
[2025-05-22 05:22:21] ✘ 有 2 条订阅头像无法访问, 已使用默认头像:
[2025-05-22 05:22:21] - http://feeds.feedburner.com/ruanyifeng
[2025-05-22 05:22:21] - https://www.loyhome.com/feed
[2025-05-22 06:32:04] 本次订阅抓取结果统计:
[2025-05-22 06:32:04] 共 28 条RSS, 成功抓取 27 条.
[2025-05-22 06:32:04] ✘ 有 1 条订阅解析失败:
[2025-05-22 06:32:04] - https://tcxx.info/feed
[2025-05-22 06:32:04] ✘ 有 2 条订阅头像无法访问, 已使用默认头像:
[2025-05-22 06:32:04] - http://feeds.feedburner.com/ruanyifeng
[2025-05-22 06:32:04] - https://www.loyhome.com/feed
[2025-05-22 07:21:54] 本次订阅抓取结果统计:
[2025-05-22 07:21:54] 共 28 条RSS, 成功抓取 27 条.
[2025-05-22 07:21:54] ✘ 有 1 条订阅解析失败:
[2025-05-22 07:21:54] - https://tcxx.info/feed
[2025-05-22 07:21:54] ✘ 有 2 条订阅头像无法访问, 已使用默认头像:
[2025-05-22 07:21:54] - http://feeds.feedburner.com/ruanyifeng
[2025-05-22 07:21:54] - https://www.loyhome.com/feed
[2025-05-22 08:29:29] 本次订阅抓取结果统计:
[2025-05-22 08:29:29] 共 28 条RSS, 成功抓取 27 条.
[2025-05-22 08:29:29] ✘ 有 1 条订阅解析失败:
[2025-05-22 08:29:29] - https://tcxx.info/feed
[2025-05-22 08:29:29] ✘ 有 2 条订阅头像无法访问, 已使用默认头像:
[2025-05-22 08:29:29] - http://feeds.feedburner.com/ruanyifeng
[2025-05-22 08:29:29] - https://www.loyhome.com/feed
[2025-05-22 09:24:32] 本次订阅抓取结果统计:
[2025-05-22 09:24:32] 共 28 条RSS, 成功抓取 27 条.
[2025-05-22 09:24:32] ✘ 有 1 条订阅解析失败:
[2025-05-22 09:24:32] - https://tcxx.info/feed
[2025-05-22 09:24:32] ✘ 有 2 条订阅头像无法访问, 已使用默认头像:
[2025-05-22 09:24:32] - http://feeds.feedburner.com/ruanyifeng
[2025-05-22 09:24:32] - https://www.loyhome.com/feed
[2025-05-22 10:24:07] 本次订阅抓取结果统计:
[2025-05-22 10:24:07] 共 28 条RSS, 成功抓取 27 条.
[2025-05-22 10:24:07] ✘ 有 1 条订阅解析失败:
[2025-05-22 10:24:07] - https://tcxx.info/feed
[2025-05-22 10:24:07] ✘ 有 2 条订阅头像无法访问, 已使用默认头像:
[2025-05-22 10:24:07] - http://feeds.feedburner.com/ruanyifeng
[2025-05-22 10:24:07] - https://www.loyhome.com/feed
[2025-05-22 11:19:18] 本次订阅抓取结果统计:
[2025-05-22 11:19:18] 共 28 条RSS, 成功抓取 27 条.
[2025-05-22 11:19:18] ✘ 有 1 条订阅解析失败:
[2025-05-22 11:19:18] - https://tcxx.info/feed
[2025-05-22 11:19:18] ✘ 有 3 条订阅头像无法访问, 已使用默认头像:
[2025-05-22 11:19:18] - http://feeds.feedburner.com/ruanyifeng
[2025-05-22 11:19:18] - https://www.loyhome.com/feed
[2025-05-22 11:19:18] - https://www.shephe.com/feed
[2025-05-22 12:46:03] 本次订阅抓取结果统计:
[2025-05-22 12:46:03] 共 28 条RSS, 成功抓取 27 条.
[2025-05-22 12:46:03] ✘ 有 1 条订阅解析失败:
[2025-05-22 12:46:03] - https://tcxx.info/feed
[2025-05-22 12:46:03] ✘ 有 2 条订阅头像无法访问, 已使用默认头像:
[2025-05-22 12:46:03] - http://feeds.feedburner.com/ruanyifeng
[2025-05-22 12:46:03] - https://www.loyhome.com/feed
[2025-05-22 13:33:29] 本次订阅抓取结果统计:
[2025-05-22 13:33:29] 共 28 条RSS, 成功抓取 27 条.
[2025-05-22 13:33:29] ✘ 有 1 条订阅解析失败:
[2025-05-22 13:33:29] - https://tcxx.info/feed
[2025-05-22 13:33:29] ✘ 有 2 条订阅头像无法访问, 已使用默认头像:
[2025-05-22 13:33:29] - http://feeds.feedburner.com/ruanyifeng
[2025-05-22 13:33:29] - https://www.loyhome.com/feed
[2025-05-22 14:22:06] 本次订阅抓取结果统计:
[2025-05-22 14:22:06] 共 28 条RSS, 成功抓取 27 条.
[2025-05-22 14:22:06] ✘ 有 1 条订阅解析失败:
[2025-05-22 14:22:06] - https://tcxx.info/feed
[2025-05-22 14:22:06] ✘ 有 2 条订阅头像无法访问, 已使用默认头像:
[2025-05-22 14:22:06] - http://feeds.feedburner.com/ruanyifeng
[2025-05-22 14:22:06] - https://www.loyhome.com/feed
[2025-05-22 15:24:15] 本次订阅抓取结果统计:
[2025-05-22 15:24:15] 共 28 条RSS, 成功抓取 27 条.
[2025-05-22 15:24:15] ✘ 有 1 条订阅解析失败:
[2025-05-22 15:24:15] - https://tcxx.info/feed
[2025-05-22 15:24:15] ✘ 有 2 条订阅头像无法访问, 已使用默认头像:
[2025-05-22 15:24:15] - http://feeds.feedburner.com/ruanyifeng
[2025-05-22 15:24:15] - https://www.loyhome.com/feed
[2025-05-22 16:28:34] 本次订阅抓取结果统计:
[2025-05-22 16:28:34] 共 28 条RSS, 成功抓取 27 条.
[2025-05-22 16:28:34] ✘ 有 1 条订阅解析失败:
[2025-05-22 16:28:34] - https://tcxx.info/feed
[2025-05-22 16:28:34] ✘ 有 2 条订阅头像无法访问, 已使用默认头像:
[2025-05-22 16:28:34] - http://feeds.feedburner.com/ruanyifeng
[2025-05-22 16:28:34] - https://www.loyhome.com/feed
[2025-05-22 17:19:23] 本次订阅抓取结果统计:
[2025-05-22 17:19:23] 共 28 条RSS, 成功抓取 27 条.
[2025-05-22 17:19:23] ✘ 有 1 条订阅解析失败:
[2025-05-22 17:19:23] - https://tcxx.info/feed
[2025-05-22 17:19:23] ✘ 有 2 条订阅头像无法访问, 已使用默认头像:
[2025-05-22 17:19:23] - https://www.loyhome.com/feed
[2025-05-22 17:19:23] - http://feeds.feedburner.com/ruanyifeng
[2025-05-22 18:31:09] 本次订阅抓取结果统计:
[2025-05-22 18:31:09] 共 28 条RSS, 成功抓取 27 条.
[2025-05-22 18:31:09] ✘ 有 1 条订阅解析失败:
[2025-05-22 18:31:09] - https://tcxx.info/feed
[2025-05-22 18:31:09] ✘ 有 2 条订阅头像无法访问, 已使用默认头像:
[2025-05-22 18:31:09] - http://feeds.feedburner.com/ruanyifeng
[2025-05-22 18:31:09] - https://www.loyhome.com/feed
[2025-05-22 19:18:09] 本次订阅抓取结果统计:
[2025-05-22 19:18:09] 共 28 条RSS, 成功抓取 27 条.
[2025-05-22 19:18:09] ✘ 有 1 条订阅解析失败:
[2025-05-22 19:18:09] - https://tcxx.info/feed
[2025-05-22 19:18:09] ✘ 有 2 条订阅头像无法访问, 已使用默认头像:
[2025-05-22 19:18:09] - http://feeds.feedburner.com/ruanyifeng
[2025-05-22 19:18:09] - https://www.loyhome.com/feed
