[2025-12-15 01:59:12] 本次订阅抓取结果统计:
[2025-12-15 01:59:12] 共 28 条RSS, 成功抓取 25 条.
[2025-12-15 01:59:12] ✘ 有 3 条订阅解析失败:
[2025-12-15 01:59:12] - https://tcxx.info/feed
[2025-12-15 01:59:12] - https://tumutanzi.com/feed
[2025-12-15 01:59:12] - https://geekinney.com/index.xml
[2025-12-15 01:59:12] ✘ 有 3 条订阅头像无法访问, 已使用默认头像:
[2025-12-15 01:59:12] - https://oba.by/feed
[2025-12-15 01:59:12] - http://feeds.feedburner.com/ruanyifeng
[2025-12-15 01:59:12] - https://www.loyhome.com/feed
[2025-12-15 03:47:32] 本次订阅抓取结果统计:
[2025-12-15 03:47:32] 共 28 条RSS, 成功抓取 25 条.
[2025-12-15 03:47:32] ✘ 有 3 条订阅解析失败:
[2025-12-15 03:47:32] - https://tumutanzi.com/feed
[2025-12-15 03:47:32] - https://tcxx.info/feed
[2025-12-15 03:47:32] - https://geekinney.com/index.xml
[2025-12-15 03:47:32] ✘ 有 3 条订阅头像无法访问, 已使用默认头像:
[2025-12-15 03:47:32] - https://oba.by/feed
[2025-12-15 03:47:32] - http://feeds.feedburner.com/ruanyifeng
[2025-12-15 03:47:32] - https://www.loyhome.com/feed
