[2025-08-26 01:47:05] 本次订阅抓取结果统计:
[2025-08-26 01:47:05] 共 28 条RSS, 成功抓取 26 条.
[2025-08-26 01:47:05] ✘ 有 2 条订阅解析失败:
[2025-08-26 01:47:05] - https://tumutanzi.com/feed
[2025-08-26 01:47:05] - https://tcxx.info/feed
[2025-08-26 01:47:05] ✘ 有 2 条订阅头像无法访问, 已使用默认头像:
[2025-08-26 01:47:05] - http://feeds.feedburner.com/ruanyifeng
[2025-08-26 01:47:05] - https://www.loyhome.com/feed
[2025-08-26 03:10:58] 本次订阅抓取结果统计:
[2025-08-26 03:10:58] 共 28 条RSS, 成功抓取 26 条.
[2025-08-26 03:10:58] ✘ 有 2 条订阅解析失败:
[2025-08-26 03:10:58] - https://tcxx.info/feed
[2025-08-26 03:10:58] - https://tumutanzi.com/feed
[2025-08-26 03:10:58] ✘ 有 2 条订阅头像无法访问, 已使用默认头像:
[2025-08-26 03:10:58] - http://feeds.feedburner.com/ruanyifeng
[2025-08-26 03:10:58] - https://www.loyhome.com/feed
[2025-08-26 04:26:27] 本次订阅抓取结果统计:
[2025-08-26 04:26:27] 共 28 条RSS, 成功抓取 26 条.
[2025-08-26 04:26:27] ✘ 有 2 条订阅解析失败:
[2025-08-26 04:26:27] - https://tcxx.info/feed
[2025-08-26 04:26:27] - https://tumutanzi.com/feed
[2025-08-26 04:26:27] ✘ 有 2 条订阅头像无法访问, 已使用默认头像:
[2025-08-26 04:26:27] - http://feeds.feedburner.com/ruanyifeng
[2025-08-26 04:26:27] - https://www.loyhome.com/feed
[2025-08-26 05:22:08] 本次订阅抓取结果统计:
[2025-08-26 05:22:08] 共 28 条RSS, 成功抓取 26 条.
[2025-08-26 05:22:08] ✘ 有 2 条订阅解析失败:
[2025-08-26 05:22:08] - https://tumutanzi.com/feed
[2025-08-26 05:22:08] - https://tcxx.info/feed
[2025-08-26 05:22:08] ✘ 有 2 条订阅头像无法访问, 已使用默认头像:
[2025-08-26 05:22:08] - http://feeds.feedburner.com/ruanyifeng
[2025-08-26 05:22:08] - https://www.loyhome.com/feed
[2025-08-26 06:34:07] 本次订阅抓取结果统计:
[2025-08-26 06:34:07] 共 28 条RSS, 成功抓取 26 条.
[2025-08-26 06:34:07] ✘ 有 2 条订阅解析失败:
[2025-08-26 06:34:07] - https://tcxx.info/feed
[2025-08-26 06:34:07] - https://tumutanzi.com/feed
[2025-08-26 06:34:07] ✘ 有 2 条订阅头像无法访问, 已使用默认头像:
[2025-08-26 06:34:07] - http://feeds.feedburner.com/ruanyifeng
[2025-08-26 06:34:07] - https://www.loyhome.com/feed
[2025-08-26 07:21:47] 本次订阅抓取结果统计:
[2025-08-26 07:21:47] 共 28 条RSS, 成功抓取 26 条.
[2025-08-26 07:21:47] ✘ 有 2 条订阅解析失败:
[2025-08-26 07:21:47] - https://tcxx.info/feed
[2025-08-26 07:21:47] - https://tumutanzi.com/feed
[2025-08-26 07:21:47] ✘ 有 2 条订阅头像无法访问, 已使用默认头像:
[2025-08-26 07:21:47] - http://feeds.feedburner.com/ruanyifeng
[2025-08-26 07:21:47] - https://www.loyhome.com/feed
[2025-08-26 08:31:01] 本次订阅抓取结果统计:
[2025-08-26 08:31:01] 共 28 条RSS, 成功抓取 26 条.
[2025-08-26 08:31:01] ✘ 有 2 条订阅解析失败:
[2025-08-26 08:31:01] - https://tcxx.info/feed
[2025-08-26 08:31:01] - https://tumutanzi.com/feed
[2025-08-26 08:31:01] ✘ 有 2 条订阅头像无法访问, 已使用默认头像:
[2025-08-26 08:31:01] - http://feeds.feedburner.com/ruanyifeng
[2025-08-26 08:31:01] - https://www.loyhome.com/feed
[2025-08-26 09:24:46] 本次订阅抓取结果统计:
[2025-08-26 09:24:46] 共 28 条RSS, 成功抓取 26 条.
[2025-08-26 09:24:46] ✘ 有 2 条订阅解析失败:
[2025-08-26 09:24:46] - https://tumutanzi.com/feed
[2025-08-26 09:24:46] - https://tcxx.info/feed
[2025-08-26 09:24:46] ✘ 有 3 条订阅头像无法访问, 已使用默认头像:
[2025-08-26 09:24:46] - https://www.loyhome.com/feed
[2025-08-26 09:24:46] - http://feeds.feedburner.com/ruanyifeng
[2025-08-26 09:24:46] - https://xyzbz.cn/feed
[2025-08-26 10:24:07] 本次订阅抓取结果统计:
[2025-08-26 10:24:07] 共 28 条RSS, 成功抓取 26 条.
[2025-08-26 10:24:07] ✘ 有 2 条订阅解析失败:
[2025-08-26 10:24:07] - https://tcxx.info/feed
[2025-08-26 10:24:07] - https://tumutanzi.com/feed
[2025-08-26 10:24:07] ✘ 有 2 条订阅头像无法访问, 已使用默认头像:
[2025-08-26 10:24:07] - http://feeds.feedburner.com/ruanyifeng
[2025-08-26 10:24:07] - https://www.loyhome.com/feed
[2025-08-26 11:19:38] 本次订阅抓取结果统计:
[2025-08-26 11:19:38] 共 28 条RSS, 成功抓取 26 条.
[2025-08-26 11:19:38] ✘ 有 2 条订阅解析失败:
[2025-08-26 11:19:38] - https://tcxx.info/feed
[2025-08-26 11:19:38] - https://tumutanzi.com/feed
[2025-08-26 11:19:38] ✘ 有 2 条订阅头像无法访问, 已使用默认头像:
[2025-08-26 11:19:38] - http://feeds.feedburner.com/ruanyifeng
[2025-08-26 11:19:38] - https://www.loyhome.com/feed
[2025-08-26 12:48:48] 本次订阅抓取结果统计:
[2025-08-26 12:48:48] 共 28 条RSS, 成功抓取 26 条.
[2025-08-26 12:48:48] ✘ 有 2 条订阅解析失败:
[2025-08-26 12:48:48] - https://tcxx.info/feed
[2025-08-26 12:48:48] - https://tumutanzi.com/feed
[2025-08-26 12:48:48] ✘ 有 2 条订阅头像无法访问, 已使用默认头像:
[2025-08-26 12:48:48] - https://www.loyhome.com/feed
[2025-08-26 12:48:48] - http://feeds.feedburner.com/ruanyifeng
[2025-08-26 13:34:40] 本次订阅抓取结果统计:
[2025-08-26 13:34:40] 共 28 条RSS, 成功抓取 26 条.
[2025-08-26 13:34:40] ✘ 有 2 条订阅解析失败:
[2025-08-26 13:34:40] - https://tcxx.info/feed
[2025-08-26 13:34:40] - https://tumutanzi.com/feed
[2025-08-26 13:34:40] ✘ 有 2 条订阅头像无法访问, 已使用默认头像:
[2025-08-26 13:34:40] - http://feeds.feedburner.com/ruanyifeng
[2025-08-26 13:34:40] - https://www.loyhome.com/feed
[2025-08-26 14:20:38] 本次订阅抓取结果统计:
[2025-08-26 14:20:38] 共 28 条RSS, 成功抓取 26 条.
[2025-08-26 14:20:38] ✘ 有 2 条订阅解析失败:
[2025-08-26 14:20:38] - https://tcxx.info/feed
[2025-08-26 14:20:38] - https://tumutanzi.com/feed
[2025-08-26 14:20:38] ✘ 有 2 条订阅头像无法访问, 已使用默认头像:
[2025-08-26 14:20:38] - https://www.loyhome.com/feed
[2025-08-26 14:20:38] - http://feeds.feedburner.com/ruanyifeng
[2025-08-26 15:23:24] 本次订阅抓取结果统计:
[2025-08-26 15:23:24] 共 28 条RSS, 成功抓取 26 条.
[2025-08-26 15:23:24] ✘ 有 2 条订阅解析失败:
[2025-08-26 15:23:24] - https://tcxx.info/feed
[2025-08-26 15:23:24] - https://tumutanzi.com/feed
[2025-08-26 15:23:24] ✘ 有 2 条订阅头像无法访问, 已使用默认头像:
[2025-08-26 15:23:24] - https://www.loyhome.com/feed
[2025-08-26 15:23:24] - http://feeds.feedburner.com/ruanyifeng
[2025-08-26 16:28:15] 本次订阅抓取结果统计:
[2025-08-26 16:28:15] 共 28 条RSS, 成功抓取 23 条.
[2025-08-26 16:28:15] ✘ 有 5 条订阅解析失败:
[2025-08-26 16:28:15] - https://tcxx.info/feed
[2025-08-26 16:28:15] - https://tumutanzi.com/feed
[2025-08-26 16:28:15] - https://blog.fooleap.org/atom.xml
[2025-08-26 16:28:15] - https://1900.live/rss.xml
[2025-08-26 16:28:15] - https://www.laruence.com/feed
[2025-08-26 16:28:15] ✘ 有 3 条订阅头像无法访问, 已使用默认头像:
[2025-08-26 16:28:15] - https://blog.zhheo.com/rss.xml
[2025-08-26 16:28:15] - https://www.loyhome.com/feed
[2025-08-26 16:28:15] - http://feeds.feedburner.com/ruanyifeng
[2025-08-26 17:19:14] 本次订阅抓取结果统计:
[2025-08-26 17:19:14] 共 28 条RSS, 成功抓取 26 条.
[2025-08-26 17:19:14] ✘ 有 2 条订阅解析失败:
[2025-08-26 17:19:14] - https://tcxx.info/feed
[2025-08-26 17:19:14] - https://tumutanzi.com/feed
[2025-08-26 17:19:14] ✘ 有 2 条订阅头像无法访问, 已使用默认头像:
[2025-08-26 17:19:14] - https://www.loyhome.com/feed
[2025-08-26 17:19:14] - http://feeds.feedburner.com/ruanyifeng
[2025-08-26 18:30:39] 本次订阅抓取结果统计:
[2025-08-26 18:30:39] 共 28 条RSS, 成功抓取 26 条.
[2025-08-26 18:30:39] ✘ 有 2 条订阅解析失败:
[2025-08-26 18:30:39] - https://tcxx.info/feed
[2025-08-26 18:30:39] - https://tumutanzi.com/feed
[2025-08-26 18:30:39] ✘ 有 2 条订阅头像无法访问, 已使用默认头像:
[2025-08-26 18:30:39] - https://www.loyhome.com/feed
[2025-08-26 18:30:39] - http://feeds.feedburner.com/ruanyifeng
[2025-08-26 19:17:12] 本次订阅抓取结果统计:
[2025-08-26 19:17:12] 共 28 条RSS, 成功抓取 26 条.
[2025-08-26 19:17:12] ✘ 有 2 条订阅解析失败:
[2025-08-26 19:17:12] - https://tcxx.info/feed
[2025-08-26 19:17:12] - https://tumutanzi.com/feed
[2025-08-26 19:17:12] ✘ 有 2 条订阅头像无法访问, 已使用默认头像:
[2025-08-26 19:17:12] - https://www.loyhome.com/feed
[2025-08-26 19:17:12] - http://feeds.feedburner.com/ruanyifeng
