[2025-12-12 01:56:02] 本次订阅抓取结果统计:
[2025-12-12 01:56:02] 共 28 条RSS, 成功抓取 24 条.
[2025-12-12 01:56:02] ✘ 有 4 条订阅解析失败:
[2025-12-12 01:56:02] - https://tcxx.info/feed
[2025-12-12 01:56:02] - https://tumutanzi.com/feed
[2025-12-12 01:56:02] - https://geekinney.com/index.xml
[2025-12-12 01:56:02] - https://www.loyhome.com/feed
[2025-12-12 01:56:02] ✘ 有 1 条订阅头像无法访问, 已使用默认头像:
[2025-12-12 01:56:02] - http://feeds.feedburner.com/ruanyifeng
[2025-12-12 03:26:11] 本次订阅抓取结果统计:
[2025-12-12 03:26:11] 共 28 条RSS, 成功抓取 25 条.
[2025-12-12 03:26:11] ✘ 有 3 条订阅解析失败:
[2025-12-12 03:26:11] - https://tcxx.info/feed
[2025-12-12 03:26:11] - https://tumutanzi.com/feed
[2025-12-12 03:26:11] - https://geekinney.com/index.xml
[2025-12-12 03:26:11] ✘ 有 2 条订阅头像无法访问, 已使用默认头像:
[2025-12-12 03:26:11] - https://www.loyhome.com/feed
[2025-12-12 03:26:11] - http://feeds.feedburner.com/ruanyifeng
[2025-12-12 04:37:02] 本次订阅抓取结果统计:
[2025-12-12 04:37:02] 共 28 条RSS, 成功抓取 24 条.
[2025-12-12 04:37:02] ✘ 有 4 条订阅解析失败:
[2025-12-12 04:37:02] - https://tcxx.info/feed
[2025-12-12 04:37:02] - https://tumutanzi.com/feed
[2025-12-12 04:37:02] - https://geekinney.com/index.xml
[2025-12-12 04:37:02] - https://www.loyhome.com/feed
[2025-12-12 04:37:02] ✘ 有 1 条订阅头像无法访问, 已使用默认头像:
[2025-12-12 04:37:02] - http://feeds.feedburner.com/ruanyifeng
[2025-12-12 05:26:32] 本次订阅抓取结果统计:
[2025-12-12 05:26:32] 共 28 条RSS, 成功抓取 24 条.
[2025-12-12 05:26:32] ✘ 有 4 条订阅解析失败:
[2025-12-12 05:26:32] - https://tcxx.info/feed
[2025-12-12 05:26:32] - https://tumutanzi.com/feed
[2025-12-12 05:26:32] - https://geekinney.com/index.xml
[2025-12-12 05:26:32] - https://www.loyhome.com/feed
[2025-12-12 05:26:32] ✘ 有 1 条订阅头像无法访问, 已使用默认头像:
[2025-12-12 05:26:32] - http://feeds.feedburner.com/ruanyifeng
[2025-12-12 06:38:48] 本次订阅抓取结果统计:
[2025-12-12 06:38:48] 共 28 条RSS, 成功抓取 24 条.
[2025-12-12 06:38:48] ✘ 有 4 条订阅解析失败:
[2025-12-12 06:38:48] - https://tumutanzi.com/feed
[2025-12-12 06:38:48] - https://tcxx.info/feed
[2025-12-12 06:38:48] - https://geekinney.com/index.xml
[2025-12-12 06:38:48] - https://www.loyhome.com/feed
[2025-12-12 06:38:48] ✘ 有 1 条订阅头像无法访问, 已使用默认头像:
[2025-12-12 06:38:48] - http://feeds.feedburner.com/ruanyifeng
[2025-12-12 07:26:20] 本次订阅抓取结果统计:
[2025-12-12 07:26:20] 共 28 条RSS, 成功抓取 25 条.
[2025-12-12 07:26:20] ✘ 有 3 条订阅解析失败:
[2025-12-12 07:26:20] - https://tumutanzi.com/feed
[2025-12-12 07:26:20] - https://tcxx.info/feed
[2025-12-12 07:26:20] - https://geekinney.com/index.xml
[2025-12-12 07:26:20] ✘ 有 2 条订阅头像无法访问, 已使用默认头像:
[2025-12-12 07:26:20] - http://feeds.feedburner.com/ruanyifeng
[2025-12-12 07:26:20] - https://www.loyhome.com/feed
[2025-12-12 08:35:00] 本次订阅抓取结果统计:
[2025-12-12 08:35:00] 共 28 条RSS, 成功抓取 24 条.
[2025-12-12 08:35:00] ✘ 有 4 条订阅解析失败:
[2025-12-12 08:35:00] - https://tcxx.info/feed
[2025-12-12 08:35:00] - https://tumutanzi.com/feed
[2025-12-12 08:35:00] - https://geekinney.com/index.xml
[2025-12-12 08:35:00] - https://www.loyhome.com/feed
[2025-12-12 08:35:00] ✘ 有 1 条订阅头像无法访问, 已使用默认头像:
[2025-12-12 08:35:00] - http://feeds.feedburner.com/ruanyifeng
[2025-12-12 09:28:43] 本次订阅抓取结果统计:
[2025-12-12 09:28:43] 共 28 条RSS, 成功抓取 25 条.
[2025-12-12 09:28:43] ✘ 有 3 条订阅解析失败:
[2025-12-12 09:28:43] - https://tcxx.info/feed
[2025-12-12 09:28:43] - https://tumutanzi.com/feed
[2025-12-12 09:28:43] - https://geekinney.com/index.xml
[2025-12-12 09:28:43] ✘ 有 2 条订阅头像无法访问, 已使用默认头像:
[2025-12-12 09:28:43] - https://www.loyhome.com/feed
[2025-12-12 09:28:43] - http://feeds.feedburner.com/ruanyifeng
