[2025-12-10 01:54:27] 本次订阅抓取结果统计:
[2025-12-10 01:54:27] 共 28 条RSS, 成功抓取 25 条.
[2025-12-10 01:54:27] ✘ 有 3 条订阅解析失败:
[2025-12-10 01:54:27] - https://tcxx.info/feed
[2025-12-10 01:54:27] - https://tumutanzi.com/feed
[2025-12-10 01:54:27] - https://geekinney.com/index.xml
[2025-12-10 01:54:27] ✘ 有 2 条订阅头像无法访问, 已使用默认头像:
[2025-12-10 01:54:27] - http://feeds.feedburner.com/ruanyifeng
[2025-12-10 01:54:27] - https://www.loyhome.com/feed
[2025-12-10 03:25:19] 本次订阅抓取结果统计:
[2025-12-10 03:25:19] 共 28 条RSS, 成功抓取 25 条.
[2025-12-10 03:25:19] ✘ 有 3 条订阅解析失败:
[2025-12-10 03:25:19] - https://tcxx.info/feed
[2025-12-10 03:25:19] - https://tumutanzi.com/feed
[2025-12-10 03:25:19] - https://geekinney.com/index.xml
[2025-12-10 03:25:19] ✘ 有 2 条订阅头像无法访问, 已使用默认头像:
[2025-12-10 03:25:19] - https://www.loyhome.com/feed
[2025-12-10 03:25:19] - http://feeds.feedburner.com/ruanyifeng
[2025-12-10 04:36:28] 本次订阅抓取结果统计:
[2025-12-10 04:36:28] 共 28 条RSS, 成功抓取 24 条.
[2025-12-10 04:36:28] ✘ 有 4 条订阅解析失败:
[2025-12-10 04:36:28] - https://tcxx.info/feed
[2025-12-10 04:36:28] - https://tumutanzi.com/feed
[2025-12-10 04:36:28] - https://geekinney.com/index.xml
[2025-12-10 04:36:28] - https://www.loyhome.com/feed
[2025-12-10 04:36:28] ✘ 有 1 条订阅头像无法访问, 已使用默认头像:
[2025-12-10 04:36:28] - http://feeds.feedburner.com/ruanyifeng
[2025-12-10 05:24:47] 本次订阅抓取结果统计:
[2025-12-10 05:24:47] 共 28 条RSS, 成功抓取 25 条.
[2025-12-10 05:24:47] ✘ 有 3 条订阅解析失败:
[2025-12-10 05:24:47] - https://tcxx.info/feed
[2025-12-10 05:24:47] - https://tumutanzi.com/feed
[2025-12-10 05:24:47] - https://geekinney.com/index.xml
[2025-12-10 05:24:47] ✘ 有 2 条订阅头像无法访问, 已使用默认头像:
[2025-12-10 05:24:47] - http://feeds.feedburner.com/ruanyifeng
[2025-12-10 05:24:47] - https://www.loyhome.com/feed
[2025-12-10 06:37:40] 本次订阅抓取结果统计:
[2025-12-10 06:37:40] 共 28 条RSS, 成功抓取 25 条.
[2025-12-10 06:37:40] ✘ 有 3 条订阅解析失败:
[2025-12-10 06:37:40] - https://tcxx.info/feed
[2025-12-10 06:37:40] - https://tumutanzi.com/feed
[2025-12-10 06:37:40] - https://geekinney.com/index.xml
[2025-12-10 06:37:40] ✘ 有 2 条订阅头像无法访问, 已使用默认头像:
[2025-12-10 06:37:40] - https://www.loyhome.com/feed
[2025-12-10 06:37:40] - http://feeds.feedburner.com/ruanyifeng
[2025-12-10 07:25:41] 本次订阅抓取结果统计:
[2025-12-10 07:25:41] 共 28 条RSS, 成功抓取 25 条.
[2025-12-10 07:25:41] ✘ 有 3 条订阅解析失败:
[2025-12-10 07:25:41] - https://tcxx.info/feed
[2025-12-10 07:25:41] - https://tumutanzi.com/feed
[2025-12-10 07:25:41] - https://geekinney.com/index.xml
[2025-12-10 07:25:41] ✘ 有 2 条订阅头像无法访问, 已使用默认头像:
[2025-12-10 07:25:41] - https://www.loyhome.com/feed
[2025-12-10 07:25:41] - http://feeds.feedburner.com/ruanyifeng
[2025-12-10 08:33:51] 本次订阅抓取结果统计:
[2025-12-10 08:33:51] 共 28 条RSS, 成功抓取 25 条.
[2025-12-10 08:33:51] ✘ 有 3 条订阅解析失败:
[2025-12-10 08:33:51] - https://tcxx.info/feed
[2025-12-10 08:33:51] - https://tumutanzi.com/feed
[2025-12-10 08:33:51] - https://geekinney.com/index.xml
[2025-12-10 08:33:51] ✘ 有 2 条订阅头像无法访问, 已使用默认头像:
[2025-12-10 08:33:51] - https://www.loyhome.com/feed
[2025-12-10 08:33:51] - http://feeds.feedburner.com/ruanyifeng
[2025-12-10 09:28:57] 本次订阅抓取结果统计:
[2025-12-10 09:28:57] 共 28 条RSS, 成功抓取 25 条.
[2025-12-10 09:28:57] ✘ 有 3 条订阅解析失败:
[2025-12-10 09:28:57] - https://tumutanzi.com/feed
[2025-12-10 09:28:57] - https://tcxx.info/feed
[2025-12-10 09:28:57] - https://geekinney.com/index.xml
[2025-12-10 09:28:57] ✘ 有 2 条订阅头像无法访问, 已使用默认头像:
[2025-12-10 09:28:57] - http://feeds.feedburner.com/ruanyifeng
[2025-12-10 09:28:57] - https://www.loyhome.com/feed
[2025-12-10 10:28:55] 本次订阅抓取结果统计:
[2025-12-10 10:28:55] 共 28 条RSS, 成功抓取 25 条.
[2025-12-10 10:28:55] ✘ 有 3 条订阅解析失败:
[2025-12-10 10:28:55] - https://tcxx.info/feed
[2025-12-10 10:28:55] - https://tumutanzi.com/feed
[2025-12-10 10:28:55] - https://geekinney.com/index.xml
[2025-12-10 10:28:55] ✘ 有 2 条订阅头像无法访问, 已使用默认头像:
[2025-12-10 10:28:55] - https://www.loyhome.com/feed
[2025-12-10 10:28:55] - http://feeds.feedburner.com/ruanyifeng
[2025-12-10 11:21:32] 本次订阅抓取结果统计:
[2025-12-10 11:21:32] 共 28 条RSS, 成功抓取 25 条.
[2025-12-10 11:21:32] ✘ 有 3 条订阅解析失败:
[2025-12-10 11:21:32] - https://tumutanzi.com/feed
[2025-12-10 11:21:32] - https://tcxx.info/feed
[2025-12-10 11:21:32] - https://geekinney.com/index.xml
[2025-12-10 11:21:32] ✘ 有 2 条订阅头像无法访问, 已使用默认头像:
[2025-12-10 11:21:32] - https://www.loyhome.com/feed
[2025-12-10 11:21:32] - http://feeds.feedburner.com/ruanyifeng
[2025-12-10 12:52:27] 本次订阅抓取结果统计:
[2025-12-10 12:52:27] 共 28 条RSS, 成功抓取 25 条.
[2025-12-10 12:52:27] ✘ 有 3 条订阅解析失败:
[2025-12-10 12:52:27] - https://tcxx.info/feed
[2025-12-10 12:52:27] - https://tumutanzi.com/feed
[2025-12-10 12:52:27] - https://geekinney.com/index.xml
[2025-12-10 12:52:27] ✘ 有 2 条订阅头像无法访问, 已使用默认头像:
[2025-12-10 12:52:27] - https://www.loyhome.com/feed
[2025-12-10 12:52:27] - http://feeds.feedburner.com/ruanyifeng
[2025-12-10 13:39:21] 本次订阅抓取结果统计:
[2025-12-10 13:39:21] 共 28 条RSS, 成功抓取 25 条.
[2025-12-10 13:39:21] ✘ 有 3 条订阅解析失败:
[2025-12-10 13:39:21] - https://tcxx.info/feed
[2025-12-10 13:39:21] - https://tumutanzi.com/feed
[2025-12-10 13:39:21] - https://geekinney.com/index.xml
[2025-12-10 13:39:21] ✘ 有 2 条订阅头像无法访问, 已使用默认头像:
[2025-12-10 13:39:21] - https://www.loyhome.com/feed
[2025-12-10 13:39:21] - http://feeds.feedburner.com/ruanyifeng
[2025-12-10 14:27:42] 本次订阅抓取结果统计:
[2025-12-10 14:27:42] 共 28 条RSS, 成功抓取 24 条.
[2025-12-10 14:27:42] ✘ 有 4 条订阅解析失败:
[2025-12-10 14:27:42] - https://tcxx.info/feed
[2025-12-10 14:27:42] - https://tumutanzi.com/feed
[2025-12-10 14:27:42] - https://geekinney.com/index.xml
[2025-12-10 14:27:42] - https://www.loyhome.com/feed
[2025-12-10 14:27:42] ✘ 有 1 条订阅头像无法访问, 已使用默认头像:
[2025-12-10 14:27:42] - http://feeds.feedburner.com/ruanyifeng
[2025-12-10 15:29:00] 本次订阅抓取结果统计:
[2025-12-10 15:29:00] 共 28 条RSS, 成功抓取 25 条.
[2025-12-10 15:29:00] ✘ 有 3 条订阅解析失败:
[2025-12-10 15:29:00] - https://tcxx.info/feed
[2025-12-10 15:29:00] - https://tumutanzi.com/feed
[2025-12-10 15:29:00] - https://geekinney.com/index.xml
[2025-12-10 15:29:00] ✘ 有 2 条订阅头像无法访问, 已使用默认头像:
[2025-12-10 15:29:00] - http://feeds.feedburner.com/ruanyifeng
[2025-12-10 15:29:00] - https://www.loyhome.com/feed
[2025-12-10 16:33:06] 本次订阅抓取结果统计:
[2025-12-10 16:33:06] 共 28 条RSS, 成功抓取 24 条.
[2025-12-10 16:33:06] ✘ 有 4 条订阅解析失败:
[2025-12-10 16:33:06] - https://tcxx.info/feed
[2025-12-10 16:33:06] - https://tumutanzi.com/feed
[2025-12-10 16:33:06] - https://geekinney.com/index.xml
[2025-12-10 16:33:06] - https://www.loyhome.com/feed
[2025-12-10 16:33:06] ✘ 有 1 条订阅头像无法访问, 已使用默认头像:
[2025-12-10 16:33:06] - http://feeds.feedburner.com/ruanyifeng
[2025-12-10 17:26:44] 本次订阅抓取结果统计:
[2025-12-10 17:26:44] 共 28 条RSS, 成功抓取 24 条.
[2025-12-10 17:26:44] ✘ 有 4 条订阅解析失败:
[2025-12-10 17:26:44] - https://tcxx.info/feed
[2025-12-10 17:26:44] - https://tumutanzi.com/feed
[2025-12-10 17:26:44] - https://geekinney.com/index.xml
[2025-12-10 17:26:44] - https://www.loyhome.com/feed
[2025-12-10 17:26:44] ✘ 有 1 条订阅头像无法访问, 已使用默认头像:
[2025-12-10 17:26:44] - http://feeds.feedburner.com/ruanyifeng
