[2025-12-09 01:52:44] 本次订阅抓取结果统计:
[2025-12-09 01:52:44] 共 28 条RSS, 成功抓取 25 条.
[2025-12-09 01:52:44] ✘ 有 3 条订阅解析失败:
[2025-12-09 01:52:44] - https://tcxx.info/feed
[2025-12-09 01:52:44] - https://tumutanzi.com/feed
[2025-12-09 01:52:44] - https://geekinney.com/index.xml
[2025-12-09 01:52:44] ✘ 有 2 条订阅头像无法访问, 已使用默认头像:
[2025-12-09 01:52:44] - http://feeds.feedburner.com/ruanyifeng
[2025-12-09 01:52:44] - https://www.loyhome.com/feed
[2025-12-09 03:21:20] 本次订阅抓取结果统计:
[2025-12-09 03:21:20] 共 28 条RSS, 成功抓取 25 条.
[2025-12-09 03:21:20] ✘ 有 3 条订阅解析失败:
[2025-12-09 03:21:20] - https://tumutanzi.com/feed
[2025-12-09 03:21:20] - https://tcxx.info/feed
[2025-12-09 03:21:20] - https://geekinney.com/index.xml
[2025-12-09 03:21:20] ✘ 有 2 条订阅头像无法访问, 已使用默认头像:
[2025-12-09 03:21:20] - http://feeds.feedburner.com/ruanyifeng
[2025-12-09 03:21:20] - https://www.loyhome.com/feed
[2025-12-09 04:32:01] 本次订阅抓取结果统计:
[2025-12-09 04:32:01] 共 28 条RSS, 成功抓取 25 条.
[2025-12-09 04:32:01] ✘ 有 3 条订阅解析失败:
[2025-12-09 04:32:01] - https://tcxx.info/feed
[2025-12-09 04:32:01] - https://tumutanzi.com/feed
[2025-12-09 04:32:01] - https://geekinney.com/index.xml
[2025-12-09 04:32:01] ✘ 有 2 条订阅头像无法访问, 已使用默认头像:
[2025-12-09 04:32:01] - http://feeds.feedburner.com/ruanyifeng
[2025-12-09 04:32:01] - https://www.loyhome.com/feed
[2025-12-09 05:23:54] 本次订阅抓取结果统计:
[2025-12-09 05:23:54] 共 28 条RSS, 成功抓取 25 条.
[2025-12-09 05:23:54] ✘ 有 3 条订阅解析失败:
[2025-12-09 05:23:54] - https://tcxx.info/feed
[2025-12-09 05:23:54] - https://tumutanzi.com/feed
[2025-12-09 05:23:54] - https://geekinney.com/index.xml
[2025-12-09 05:23:54] ✘ 有 3 条订阅头像无法访问, 已使用默认头像:
[2025-12-09 05:23:54] - https://hwv430.blogspot.com/feeds/posts/default
[2025-12-09 05:23:54] - http://feeds.feedburner.com/ruanyifeng
[2025-12-09 05:23:54] - https://www.loyhome.com/feed
[2025-12-09 06:37:25] 本次订阅抓取结果统计:
[2025-12-09 06:37:25] 共 28 条RSS, 成功抓取 25 条.
[2025-12-09 06:37:25] ✘ 有 3 条订阅解析失败:
[2025-12-09 06:37:25] - https://tcxx.info/feed
[2025-12-09 06:37:25] - https://tumutanzi.com/feed
[2025-12-09 06:37:25] - https://geekinney.com/index.xml
[2025-12-09 06:37:25] ✘ 有 2 条订阅头像无法访问, 已使用默认头像:
[2025-12-09 06:37:25] - http://feeds.feedburner.com/ruanyifeng
[2025-12-09 06:37:25] - https://www.loyhome.com/feed
[2025-12-09 07:24:53] 本次订阅抓取结果统计:
[2025-12-09 07:24:53] 共 28 条RSS, 成功抓取 25 条.
[2025-12-09 07:24:53] ✘ 有 3 条订阅解析失败:
[2025-12-09 07:24:53] - https://tumutanzi.com/feed
[2025-12-09 07:24:53] - https://tcxx.info/feed
[2025-12-09 07:24:53] - https://geekinney.com/index.xml
[2025-12-09 07:24:53] ✘ 有 2 条订阅头像无法访问, 已使用默认头像:
[2025-12-09 07:24:53] - http://feeds.feedburner.com/ruanyifeng
[2025-12-09 07:24:53] - https://www.loyhome.com/feed
[2025-12-09 08:34:19] 本次订阅抓取结果统计:
[2025-12-09 08:34:19] 共 28 条RSS, 成功抓取 25 条.
[2025-12-09 08:34:19] ✘ 有 3 条订阅解析失败:
[2025-12-09 08:34:19] - https://tumutanzi.com/feed
[2025-12-09 08:34:19] - https://tcxx.info/feed
[2025-12-09 08:34:19] - https://geekinney.com/index.xml
[2025-12-09 08:34:19] ✘ 有 2 条订阅头像无法访问, 已使用默认头像:
[2025-12-09 08:34:19] - http://feeds.feedburner.com/ruanyifeng
[2025-12-09 08:34:19] - https://www.loyhome.com/feed
