[2025-10-28 01:43:50] 本次订阅抓取结果统计:
[2025-10-28 01:43:50] 共 28 条RSS, 成功抓取 25 条.
[2025-10-28 01:43:50] ✘ 有 3 条订阅解析失败:
[2025-10-28 01:43:50] - https://tcxx.info/feed
[2025-10-28 01:43:50] - https://tumutanzi.com/feed
[2025-10-28 01:43:50] - https://geekinney.com/index.xml
[2025-10-28 01:43:50] ✘ 有 2 条订阅头像无法访问, 已使用默认头像:
[2025-10-28 01:43:50] - http://feeds.feedburner.com/ruanyifeng
[2025-10-28 01:43:50] - https://www.loyhome.com/feed
[2025-10-28 03:09:33] 本次订阅抓取结果统计:
[2025-10-28 03:09:33] 共 28 条RSS, 成功抓取 25 条.
[2025-10-28 03:09:33] ✘ 有 3 条订阅解析失败:
[2025-10-28 03:09:33] - https://tcxx.info/feed
[2025-10-28 03:09:33] - https://tumutanzi.com/feed
[2025-10-28 03:09:33] - https://geekinney.com/index.xml
[2025-10-28 03:09:33] ✘ 有 2 条订阅头像无法访问, 已使用默认头像:
[2025-10-28 03:09:33] - http://feeds.feedburner.com/ruanyifeng
[2025-10-28 03:09:33] - https://www.loyhome.com/feed
[2025-10-28 04:26:13] 本次订阅抓取结果统计:
[2025-10-28 04:26:13] 共 28 条RSS, 成功抓取 25 条.
[2025-10-28 04:26:13] ✘ 有 3 条订阅解析失败:
[2025-10-28 04:26:13] - https://tcxx.info/feed
[2025-10-28 04:26:13] - https://tumutanzi.com/feed
[2025-10-28 04:26:13] - https://geekinney.com/index.xml
[2025-10-28 04:26:13] ✘ 有 2 条订阅头像无法访问, 已使用默认头像:
[2025-10-28 04:26:13] - https://www.loyhome.com/feed
[2025-10-28 04:26:13] - http://feeds.feedburner.com/ruanyifeng
