[2025-10-22 01:47:49] 本次订阅抓取结果统计:
[2025-10-22 01:47:49] 共 28 条RSS, 成功抓取 25 条.
[2025-10-22 01:47:49] ✘ 有 3 条订阅解析失败:
[2025-10-22 01:47:49] - https://tumutanzi.com/feed
[2025-10-22 01:47:49] - https://tcxx.info/feed
[2025-10-22 01:47:49] - https://geekinney.com/index.xml
[2025-10-22 01:47:49] ✘ 有 2 条订阅头像无法访问, 已使用默认头像:
[2025-10-22 01:47:49] - http://feeds.feedburner.com/ruanyifeng
[2025-10-22 01:47:49] - https://www.loyhome.com/feed
[2025-10-22 03:13:04] 本次订阅抓取结果统计:
[2025-10-22 03:13:04] 共 28 条RSS, 成功抓取 25 条.
[2025-10-22 03:13:04] ✘ 有 3 条订阅解析失败:
[2025-10-22 03:13:04] - https://tcxx.info/feed
[2025-10-22 03:13:04] - https://tumutanzi.com/feed
[2025-10-22 03:13:04] - https://geekinney.com/index.xml
[2025-10-22 03:13:04] ✘ 有 2 条订阅头像无法访问, 已使用默认头像:
[2025-10-22 03:13:04] - http://feeds.feedburner.com/ruanyifeng
[2025-10-22 03:13:04] - https://www.loyhome.com/feed
[2025-10-22 04:26:28] 本次订阅抓取结果统计:
[2025-10-22 04:26:28] 共 28 条RSS, 成功抓取 25 条.
[2025-10-22 04:26:28] ✘ 有 3 条订阅解析失败:
[2025-10-22 04:26:28] - https://tcxx.info/feed
[2025-10-22 04:26:28] - https://tumutanzi.com/feed
[2025-10-22 04:26:28] - https://geekinney.com/index.xml
[2025-10-22 04:26:28] ✘ 有 2 条订阅头像无法访问, 已使用默认头像:
[2025-10-22 04:26:28] - http://feeds.feedburner.com/ruanyifeng
[2025-10-22 04:26:28] - https://www.loyhome.com/feed
[2025-10-22 05:22:08] 本次订阅抓取结果统计:
[2025-10-22 05:22:08] 共 28 条RSS, 成功抓取 25 条.
[2025-10-22 05:22:08] ✘ 有 3 条订阅解析失败:
[2025-10-22 05:22:08] - https://tcxx.info/feed
[2025-10-22 05:22:08] - https://tumutanzi.com/feed
[2025-10-22 05:22:08] - https://geekinney.com/index.xml
[2025-10-22 05:22:08] ✘ 有 2 条订阅头像无法访问, 已使用默认头像:
[2025-10-22 05:22:08] - http://feeds.feedburner.com/ruanyifeng
[2025-10-22 05:22:08] - https://www.loyhome.com/feed
[2025-10-22 06:34:11] 本次订阅抓取结果统计:
[2025-10-22 06:34:11] 共 28 条RSS, 成功抓取 25 条.
[2025-10-22 06:34:11] ✘ 有 3 条订阅解析失败:
[2025-10-22 06:34:11] - https://tcxx.info/feed
[2025-10-22 06:34:11] - https://tumutanzi.com/feed
[2025-10-22 06:34:11] - https://geekinney.com/index.xml
[2025-10-22 06:34:11] ✘ 有 2 条订阅头像无法访问, 已使用默认头像:
[2025-10-22 06:34:11] - http://feeds.feedburner.com/ruanyifeng
[2025-10-22 06:34:11] - https://www.loyhome.com/feed
[2025-10-22 07:21:31] 本次订阅抓取结果统计:
[2025-10-22 07:21:31] 共 28 条RSS, 成功抓取 25 条.
[2025-10-22 07:21:31] ✘ 有 3 条订阅解析失败:
[2025-10-22 07:21:31] - https://tumutanzi.com/feed
[2025-10-22 07:21:31] - https://tcxx.info/feed
[2025-10-22 07:21:31] - https://geekinney.com/index.xml
[2025-10-22 07:21:31] ✘ 有 2 条订阅头像无法访问, 已使用默认头像:
[2025-10-22 07:21:31] - http://feeds.feedburner.com/ruanyifeng
[2025-10-22 07:21:31] - https://www.loyhome.com/feed
[2025-10-22 08:31:57] 本次订阅抓取结果统计:
[2025-10-22 08:31:57] 共 28 条RSS, 成功抓取 25 条.
[2025-10-22 08:31:57] ✘ 有 3 条订阅解析失败:
[2025-10-22 08:31:57] - https://tcxx.info/feed
[2025-10-22 08:31:57] - https://tumutanzi.com/feed
[2025-10-22 08:31:57] - https://geekinney.com/index.xml
[2025-10-22 08:31:57] ✘ 有 2 条订阅头像无法访问, 已使用默认头像:
[2025-10-22 08:31:57] - http://feeds.feedburner.com/ruanyifeng
[2025-10-22 08:31:57] - https://www.loyhome.com/feed
