[2025-12-17 01:51:21] 本次订阅抓取结果统计:
[2025-12-17 01:51:21] 共 28 条RSS, 成功抓取 25 条.
[2025-12-17 01:51:21] ✘ 有 3 条订阅解析失败:
[2025-12-17 01:51:21] - https://tcxx.info/feed
[2025-12-17 01:51:21] - https://tumutanzi.com/feed
[2025-12-17 01:51:21] - https://geekinney.com/index.xml
[2025-12-17 01:51:21] ✘ 有 3 条订阅头像无法访问, 已使用默认头像:
[2025-12-17 01:51:21] - https://oba.by/feed
[2025-12-17 01:51:21] - http://feeds.feedburner.com/ruanyifeng
[2025-12-17 01:51:21] - https://www.loyhome.com/feed
[2025-12-17 03:22:57] 本次订阅抓取结果统计:
[2025-12-17 03:22:57] 共 28 条RSS, 成功抓取 25 条.
[2025-12-17 03:22:57] ✘ 有 3 条订阅解析失败:
[2025-12-17 03:22:57] - https://tumutanzi.com/feed
[2025-12-17 03:22:57] - https://tcxx.info/feed
[2025-12-17 03:22:57] - https://geekinney.com/index.xml
[2025-12-17 03:22:57] ✘ 有 3 条订阅头像无法访问, 已使用默认头像:
[2025-12-17 03:22:57] - https://oba.by/feed
[2025-12-17 03:22:57] - http://feeds.feedburner.com/ruanyifeng
[2025-12-17 03:22:57] - https://www.loyhome.com/feed
[2025-12-17 04:36:36] 本次订阅抓取结果统计:
[2025-12-17 04:36:36] 共 28 条RSS, 成功抓取 24 条.
[2025-12-17 04:36:36] ✘ 有 4 条订阅解析失败:
[2025-12-17 04:36:36] - https://tcxx.info/feed
[2025-12-17 04:36:36] - https://tumutanzi.com/feed
[2025-12-17 04:36:36] - https://geekinney.com/index.xml
[2025-12-17 04:36:36] - https://www.loyhome.com/feed
[2025-12-17 04:36:36] ✘ 有 2 条订阅头像无法访问, 已使用默认头像:
[2025-12-17 04:36:36] - https://oba.by/feed
[2025-12-17 04:36:36] - http://feeds.feedburner.com/ruanyifeng
[2025-12-17 05:26:33] 本次订阅抓取结果统计:
[2025-12-17 05:26:33] 共 28 条RSS, 成功抓取 25 条.
[2025-12-17 05:26:33] ✘ 有 3 条订阅解析失败:
[2025-12-17 05:26:33] - https://tcxx.info/feed
[2025-12-17 05:26:33] - https://tumutanzi.com/feed
[2025-12-17 05:26:33] - https://geekinney.com/index.xml
[2025-12-17 05:26:33] ✘ 有 3 条订阅头像无法访问, 已使用默认头像:
[2025-12-17 05:26:33] - https://oba.by/feed
[2025-12-17 05:26:33] - http://feeds.feedburner.com/ruanyifeng
[2025-12-17 05:26:33] - https://www.loyhome.com/feed
[2025-12-17 06:38:05] 本次订阅抓取结果统计:
[2025-12-17 06:38:05] 共 28 条RSS, 成功抓取 25 条.
[2025-12-17 06:38:05] ✘ 有 3 条订阅解析失败:
[2025-12-17 06:38:05] - https://tcxx.info/feed
[2025-12-17 06:38:05] - https://tumutanzi.com/feed
[2025-12-17 06:38:05] - https://geekinney.com/index.xml
[2025-12-17 06:38:05] ✘ 有 3 条订阅头像无法访问, 已使用默认头像:
[2025-12-17 06:38:05] - https://oba.by/feed
[2025-12-17 06:38:05] - http://feeds.feedburner.com/ruanyifeng
[2025-12-17 06:38:05] - https://www.loyhome.com/feed
[2025-12-17 07:25:49] 本次订阅抓取结果统计:
[2025-12-17 07:25:49] 共 28 条RSS, 成功抓取 25 条.
[2025-12-17 07:25:49] ✘ 有 3 条订阅解析失败:
[2025-12-17 07:25:49] - https://tumutanzi.com/feed
[2025-12-17 07:25:49] - https://tcxx.info/feed
[2025-12-17 07:25:49] - https://geekinney.com/index.xml
[2025-12-17 07:25:49] ✘ 有 3 条订阅头像无法访问, 已使用默认头像:
[2025-12-17 07:25:49] - https://oba.by/feed
[2025-12-17 07:25:49] - http://feeds.feedburner.com/ruanyifeng
[2025-12-17 07:25:49] - https://www.loyhome.com/feed
[2025-12-17 08:35:49] 本次订阅抓取结果统计:
[2025-12-17 08:35:49] 共 28 条RSS, 成功抓取 24 条.
[2025-12-17 08:35:49] ✘ 有 4 条订阅解析失败:
[2025-12-17 08:35:49] - https://tcxx.info/feed
[2025-12-17 08:35:49] - https://tumutanzi.com/feed
[2025-12-17 08:35:49] - https://geekinney.com/index.xml
[2025-12-17 08:35:49] - https://www.loyhome.com/feed
[2025-12-17 08:35:49] ✘ 有 2 条订阅头像无法访问, 已使用默认头像:
[2025-12-17 08:35:49] - https://oba.by/feed
[2025-12-17 08:35:49] - http://feeds.feedburner.com/ruanyifeng
[2025-12-17 09:32:05] 本次订阅抓取结果统计:
[2025-12-17 09:32:05] 共 28 条RSS, 成功抓取 24 条.
[2025-12-17 09:32:05] ✘ 有 4 条订阅解析失败:
[2025-12-17 09:32:05] - https://tcxx.info/feed
[2025-12-17 09:32:05] - https://tumutanzi.com/feed
[2025-12-17 09:32:05] - https://geekinney.com/index.xml
[2025-12-17 09:32:05] - https://www.loyhome.com/feed
[2025-12-17 09:32:05] ✘ 有 2 条订阅头像无法访问, 已使用默认头像:
[2025-12-17 09:32:05] - https://oba.by/feed
[2025-12-17 09:32:05] - http://feeds.feedburner.com/ruanyifeng
[2025-12-17 10:28:24] 本次订阅抓取结果统计:
[2025-12-17 10:28:24] 共 28 条RSS, 成功抓取 25 条.
[2025-12-17 10:28:24] ✘ 有 3 条订阅解析失败:
[2025-12-17 10:28:24] - https://tcxx.info/feed
[2025-12-17 10:28:24] - https://tumutanzi.com/feed
[2025-12-17 10:28:24] - https://geekinney.com/index.xml
[2025-12-17 10:28:24] ✘ 有 3 条订阅头像无法访问, 已使用默认头像:
[2025-12-17 10:28:24] - https://oba.by/feed
[2025-12-17 10:28:24] - https://www.loyhome.com/feed
[2025-12-17 10:28:24] - http://feeds.feedburner.com/ruanyifeng
[2025-12-17 11:23:37] 本次订阅抓取结果统计:
[2025-12-17 11:23:37] 共 28 条RSS, 成功抓取 25 条.
[2025-12-17 11:23:37] ✘ 有 3 条订阅解析失败:
[2025-12-17 11:23:37] - https://tumutanzi.com/feed
[2025-12-17 11:23:37] - https://tcxx.info/feed
[2025-12-17 11:23:37] - https://geekinney.com/index.xml
[2025-12-17 11:23:37] ✘ 有 3 条订阅头像无法访问, 已使用默认头像:
[2025-12-17 11:23:37] - https://oba.by/feed
[2025-12-17 11:23:37] - http://feeds.feedburner.com/ruanyifeng
[2025-12-17 11:23:37] - https://www.loyhome.com/feed
[2025-12-17 12:52:39] 本次订阅抓取结果统计:
[2025-12-17 12:52:39] 共 28 条RSS, 成功抓取 25 条.
[2025-12-17 12:52:39] ✘ 有 3 条订阅解析失败:
[2025-12-17 12:52:39] - https://tcxx.info/feed
[2025-12-17 12:52:39] - https://tumutanzi.com/feed
[2025-12-17 12:52:39] - https://geekinney.com/index.xml
[2025-12-17 12:52:39] ✘ 有 3 条订阅头像无法访问, 已使用默认头像:
[2025-12-17 12:52:39] - https://oba.by/feed
[2025-12-17 12:52:39] - http://feeds.feedburner.com/ruanyifeng
[2025-12-17 12:52:39] - https://www.loyhome.com/feed
[2025-12-17 13:36:05] 本次订阅抓取结果统计:
[2025-12-17 13:36:05] 共 28 条RSS, 成功抓取 25 条.
[2025-12-17 13:36:05] ✘ 有 3 条订阅解析失败:
[2025-12-17 13:36:05] - https://tumutanzi.com/feed
[2025-12-17 13:36:05] - https://tcxx.info/feed
[2025-12-17 13:36:05] - https://geekinney.com/index.xml
[2025-12-17 13:36:05] ✘ 有 3 条订阅头像无法访问, 已使用默认头像:
[2025-12-17 13:36:05] - https://oba.by/feed
[2025-12-17 13:36:05] - https://www.loyhome.com/feed
[2025-12-17 13:36:05] - http://feeds.feedburner.com/ruanyifeng
