[2025-09-18 01:38:42] 本次订阅抓取结果统计:
[2025-09-18 01:38:42] 共 28 条RSS, 成功抓取 25 条.
[2025-09-18 01:38:42] ✘ 有 3 条订阅解析失败:
[2025-09-18 01:38:42] - https://tcxx.info/feed
[2025-09-18 01:38:42] - https://tumutanzi.com/feed
[2025-09-18 01:38:42] - https://geekinney.com/index.xml
[2025-09-18 01:38:42] ✘ 有 3 条订阅头像无法访问, 已使用默认头像:
[2025-09-18 01:38:42] - https://hwv430.blogspot.com/feeds/posts/default
[2025-09-18 01:38:42] - https://www.loyhome.com/feed
[2025-09-18 01:38:42] - http://feeds.feedburner.com/ruanyifeng
[2025-09-18 02:58:43] 本次订阅抓取结果统计:
[2025-09-18 02:58:43] 共 28 条RSS, 成功抓取 25 条.
[2025-09-18 02:58:43] ✘ 有 3 条订阅解析失败:
[2025-09-18 02:58:43] - https://tcxx.info/feed
[2025-09-18 02:58:43] - https://tumutanzi.com/feed
[2025-09-18 02:58:43] - https://geekinney.com/index.xml
[2025-09-18 02:58:43] ✘ 有 2 条订阅头像无法访问, 已使用默认头像:
[2025-09-18 02:58:43] - http://feeds.feedburner.com/ruanyifeng
[2025-09-18 02:58:43] - https://www.loyhome.com/feed
[2025-09-18 03:34:28] 本次订阅抓取结果统计:
[2025-09-18 03:34:28] 共 28 条RSS, 成功抓取 25 条.
[2025-09-18 03:34:28] ✘ 有 3 条订阅解析失败:
[2025-09-18 03:34:28] - https://tumutanzi.com/feed
[2025-09-18 03:34:28] - https://tcxx.info/feed
[2025-09-18 03:34:28] - https://geekinney.com/index.xml
[2025-09-18 03:34:28] ✘ 有 2 条订阅头像无法访问, 已使用默认头像:
[2025-09-18 03:34:28] - http://feeds.feedburner.com/ruanyifeng
[2025-09-18 03:34:28] - https://www.loyhome.com/feed
[2025-09-18 04:26:15] 本次订阅抓取结果统计:
[2025-09-18 04:26:15] 共 28 条RSS, 成功抓取 25 条.
[2025-09-18 04:26:15] ✘ 有 3 条订阅解析失败:
[2025-09-18 04:26:15] - https://tumutanzi.com/feed
[2025-09-18 04:26:15] - https://tcxx.info/feed
[2025-09-18 04:26:15] - https://geekinney.com/index.xml
[2025-09-18 04:26:15] ✘ 有 2 条订阅头像无法访问, 已使用默认头像:
[2025-09-18 04:26:15] - http://feeds.feedburner.com/ruanyifeng
[2025-09-18 04:26:15] - https://www.loyhome.com/feed
[2025-09-18 05:19:38] 本次订阅抓取结果统计:
[2025-09-18 05:19:38] 共 28 条RSS, 成功抓取 25 条.
[2025-09-18 05:19:38] ✘ 有 3 条订阅解析失败:
[2025-09-18 05:19:38] - https://tcxx.info/feed
[2025-09-18 05:19:38] - https://tumutanzi.com/feed
[2025-09-18 05:19:38] - https://geekinney.com/index.xml
[2025-09-18 05:19:38] ✘ 有 2 条订阅头像无法访问, 已使用默认头像:
[2025-09-18 05:19:38] - https://www.loyhome.com/feed
[2025-09-18 05:19:38] - http://feeds.feedburner.com/ruanyifeng
[2025-09-18 06:31:41] 本次订阅抓取结果统计:
[2025-09-18 06:31:41] 共 28 条RSS, 成功抓取 25 条.
[2025-09-18 06:31:41] ✘ 有 3 条订阅解析失败:
[2025-09-18 06:31:41] - https://tcxx.info/feed
[2025-09-18 06:31:41] - https://tumutanzi.com/feed
[2025-09-18 06:31:41] - https://geekinney.com/index.xml
[2025-09-18 06:31:41] ✘ 有 2 条订阅头像无法访问, 已使用默认头像:
[2025-09-18 06:31:41] - http://feeds.feedburner.com/ruanyifeng
[2025-09-18 06:31:41] - https://www.loyhome.com/feed
[2025-09-18 07:20:18] 本次订阅抓取结果统计:
[2025-09-18 07:20:18] 共 28 条RSS, 成功抓取 25 条.
[2025-09-18 07:20:18] ✘ 有 3 条订阅解析失败:
[2025-09-18 07:20:18] - https://tcxx.info/feed
[2025-09-18 07:20:18] - https://tumutanzi.com/feed
[2025-09-18 07:20:18] - https://geekinney.com/index.xml
[2025-09-18 07:20:18] ✘ 有 2 条订阅头像无法访问, 已使用默认头像:
[2025-09-18 07:20:18] - http://feeds.feedburner.com/ruanyifeng
[2025-09-18 07:20:18] - https://www.loyhome.com/feed
[2025-09-18 08:27:38] 本次订阅抓取结果统计:
[2025-09-18 08:27:38] 共 28 条RSS, 成功抓取 25 条.
[2025-09-18 08:27:38] ✘ 有 3 条订阅解析失败:
[2025-09-18 08:27:38] - https://tcxx.info/feed
[2025-09-18 08:27:38] - https://tumutanzi.com/feed
[2025-09-18 08:27:38] - https://geekinney.com/index.xml
[2025-09-18 08:27:38] ✘ 有 2 条订阅头像无法访问, 已使用默认头像:
[2025-09-18 08:27:38] - http://feeds.feedburner.com/ruanyifeng
[2025-09-18 08:27:38] - https://www.loyhome.com/feed
[2025-09-18 09:22:19] 本次订阅抓取结果统计:
[2025-09-18 09:22:19] 共 28 条RSS, 成功抓取 25 条.
[2025-09-18 09:22:19] ✘ 有 3 条订阅解析失败:
[2025-09-18 09:22:19] - https://tumutanzi.com/feed
[2025-09-18 09:22:19] - https://tcxx.info/feed
[2025-09-18 09:22:19] - https://geekinney.com/index.xml
[2025-09-18 09:22:19] ✘ 有 2 条订阅头像无法访问, 已使用默认头像:
[2025-09-18 09:22:19] - http://feeds.feedburner.com/ruanyifeng
[2025-09-18 09:22:19] - https://www.loyhome.com/feed
[2025-09-18 10:22:04] 本次订阅抓取结果统计:
[2025-09-18 10:22:04] 共 28 条RSS, 成功抓取 25 条.
[2025-09-18 10:22:04] ✘ 有 3 条订阅解析失败:
[2025-09-18 10:22:04] - https://tumutanzi.com/feed
[2025-09-18 10:22:04] - https://tcxx.info/feed
[2025-09-18 10:22:04] - https://geekinney.com/index.xml
[2025-09-18 10:22:04] ✘ 有 2 条订阅头像无法访问, 已使用默认头像:
[2025-09-18 10:22:04] - http://feeds.feedburner.com/ruanyifeng
[2025-09-18 10:22:04] - https://www.loyhome.com/feed
[2025-09-18 11:18:27] 本次订阅抓取结果统计:
[2025-09-18 11:18:27] 共 28 条RSS, 成功抓取 25 条.
[2025-09-18 11:18:27] ✘ 有 3 条订阅解析失败:
[2025-09-18 11:18:27] - https://tcxx.info/feed
[2025-09-18 11:18:27] - https://tumutanzi.com/feed
[2025-09-18 11:18:27] - https://geekinney.com/index.xml
[2025-09-18 11:18:27] ✘ 有 3 条订阅头像无法访问, 已使用默认头像:
[2025-09-18 11:18:27] - http://feeds.feedburner.com/ruanyifeng
[2025-09-18 11:18:27] - https://www.loyhome.com/feed
[2025-09-18 11:18:27] - https://1900.live/rss.xml
[2025-09-18 12:42:52] 本次订阅抓取结果统计:
[2025-09-18 12:42:52] 共 28 条RSS, 成功抓取 25 条.
[2025-09-18 12:42:52] ✘ 有 3 条订阅解析失败:
[2025-09-18 12:42:52] - https://tumutanzi.com/feed
[2025-09-18 12:42:52] - https://tcxx.info/feed
[2025-09-18 12:42:52] - https://geekinney.com/index.xml
[2025-09-18 12:42:52] ✘ 有 2 条订阅头像无法访问, 已使用默认头像:
[2025-09-18 12:42:52] - http://feeds.feedburner.com/ruanyifeng
[2025-09-18 12:42:52] - https://www.loyhome.com/feed
[2025-09-18 13:29:10] 本次订阅抓取结果统计:
[2025-09-18 13:29:10] 共 28 条RSS, 成功抓取 25 条.
[2025-09-18 13:29:10] ✘ 有 3 条订阅解析失败:
[2025-09-18 13:29:10] - https://tumutanzi.com/feed
[2025-09-18 13:29:10] - https://tcxx.info/feed
[2025-09-18 13:29:10] - https://geekinney.com/index.xml
[2025-09-18 13:29:10] ✘ 有 2 条订阅头像无法访问, 已使用默认头像:
[2025-09-18 13:29:10] - http://feeds.feedburner.com/ruanyifeng
[2025-09-18 13:29:10] - https://www.loyhome.com/feed
[2025-09-18 14:20:55] 本次订阅抓取结果统计:
[2025-09-18 14:20:55] 共 28 条RSS, 成功抓取 25 条.
[2025-09-18 14:20:55] ✘ 有 3 条订阅解析失败:
[2025-09-18 14:20:55] - https://tumutanzi.com/feed
[2025-09-18 14:20:55] - https://tcxx.info/feed
[2025-09-18 14:20:55] - https://geekinney.com/index.xml
[2025-09-18 14:20:55] ✘ 有 2 条订阅头像无法访问, 已使用默认头像:
[2025-09-18 14:20:55] - http://feeds.feedburner.com/ruanyifeng
[2025-09-18 14:20:55] - https://www.loyhome.com/feed
[2025-09-18 15:22:21] 本次订阅抓取结果统计:
[2025-09-18 15:22:21] 共 28 条RSS, 成功抓取 25 条.
[2025-09-18 15:22:21] ✘ 有 3 条订阅解析失败:
[2025-09-18 15:22:21] - https://tcxx.info/feed
[2025-09-18 15:22:21] - https://tumutanzi.com/feed
[2025-09-18 15:22:21] - https://geekinney.com/index.xml
[2025-09-18 15:22:21] ✘ 有 2 条订阅头像无法访问, 已使用默认头像:
[2025-09-18 15:22:21] - http://feeds.feedburner.com/ruanyifeng
[2025-09-18 15:22:21] - https://www.loyhome.com/feed
[2025-09-18 16:26:28] 本次订阅抓取结果统计:
[2025-09-18 16:26:28] 共 28 条RSS, 成功抓取 25 条.
[2025-09-18 16:26:28] ✘ 有 3 条订阅解析失败:
[2025-09-18 16:26:28] - https://tumutanzi.com/feed
[2025-09-18 16:26:28] - https://tcxx.info/feed
[2025-09-18 16:26:28] - https://geekinney.com/index.xml
[2025-09-18 16:26:28] ✘ 有 2 条订阅头像无法访问, 已使用默认头像:
[2025-09-18 16:26:28] - http://feeds.feedburner.com/ruanyifeng
[2025-09-18 16:26:28] - https://www.loyhome.com/feed
[2025-09-18 17:18:19] 本次订阅抓取结果统计:
[2025-09-18 17:18:19] 共 28 条RSS, 成功抓取 25 条.
[2025-09-18 17:18:19] ✘ 有 3 条订阅解析失败:
[2025-09-18 17:18:19] - https://tcxx.info/feed
[2025-09-18 17:18:19] - https://tumutanzi.com/feed
[2025-09-18 17:18:19] - https://geekinney.com/index.xml
[2025-09-18 17:18:19] ✘ 有 2 条订阅头像无法访问, 已使用默认头像:
[2025-09-18 17:18:19] - https://www.loyhome.com/feed
[2025-09-18 17:18:19] - http://feeds.feedburner.com/ruanyifeng
[2025-09-18 18:31:42] 本次订阅抓取结果统计:
[2025-09-18 18:31:42] 共 28 条RSS, 成功抓取 24 条.
[2025-09-18 18:31:42] ✘ 有 4 条订阅解析失败:
[2025-09-18 18:31:42] - https://tcxx.info/feed
[2025-09-18 18:31:42] - https://tumutanzi.com/feed
[2025-09-18 18:31:42] - https://geekinney.com/index.xml
[2025-09-18 18:31:42] - https://www.shephe.com/feed
[2025-09-18 18:31:42] ✘ 有 2 条订阅头像无法访问, 已使用默认头像:
[2025-09-18 18:31:42] - http://feeds.feedburner.com/ruanyifeng
[2025-09-18 18:31:42] - https://www.loyhome.com/feed
[2025-09-18 19:17:20] 本次订阅抓取结果统计:
[2025-09-18 19:17:20] 共 28 条RSS, 成功抓取 25 条.
[2025-09-18 19:17:20] ✘ 有 3 条订阅解析失败:
[2025-09-18 19:17:20] - https://tcxx.info/feed
[2025-09-18 19:17:20] - https://tumutanzi.com/feed
[2025-09-18 19:17:20] - https://geekinney.com/index.xml
[2025-09-18 19:17:20] ✘ 有 2 条订阅头像无法访问, 已使用默认头像:
[2025-09-18 19:17:20] - http://feeds.feedburner.com/ruanyifeng
[2025-09-18 19:17:20] - https://www.loyhome.com/feed
[2025-09-18 20:23:41] 本次订阅抓取结果统计:
[2025-09-18 20:23:41] 共 28 条RSS, 成功抓取 25 条.
[2025-09-18 20:23:41] ✘ 有 3 条订阅解析失败:
[2025-09-18 20:23:41] - https://tumutanzi.com/feed
[2025-09-18 20:23:41] - https://tcxx.info/feed
[2025-09-18 20:23:41] - https://geekinney.com/index.xml
[2025-09-18 20:23:41] ✘ 有 2 条订阅头像无法访问, 已使用默认头像:
[2025-09-18 20:23:41] - http://feeds.feedburner.com/ruanyifeng
[2025-09-18 20:23:41] - https://www.loyhome.com/feed
[2025-09-18 21:19:15] 本次订阅抓取结果统计:
[2025-09-18 21:19:15] 共 28 条RSS, 成功抓取 25 条.
[2025-09-18 21:19:15] ✘ 有 3 条订阅解析失败:
[2025-09-18 21:19:15] - https://tumutanzi.com/feed
[2025-09-18 21:19:15] - https://tcxx.info/feed
[2025-09-18 21:19:15] - https://geekinney.com/index.xml
[2025-09-18 21:19:15] ✘ 有 2 条订阅头像无法访问, 已使用默认头像:
[2025-09-18 21:19:15] - http://feeds.feedburner.com/ruanyifeng
[2025-09-18 21:19:15] - https://www.loyhome.com/feed
[2025-09-18 22:16:54] 本次订阅抓取结果统计:
[2025-09-18 22:16:54] 共 28 条RSS, 成功抓取 25 条.
[2025-09-18 22:16:54] ✘ 有 3 条订阅解析失败:
[2025-09-18 22:16:54] - https://tcxx.info/feed
[2025-09-18 22:16:54] - https://tumutanzi.com/feed
[2025-09-18 22:16:54] - https://geekinney.com/index.xml
[2025-09-18 22:16:54] ✘ 有 2 条订阅头像无法访问, 已使用默认头像:
[2025-09-18 22:16:54] - http://feeds.feedburner.com/ruanyifeng
[2025-09-18 22:16:54] - https://www.loyhome.com/feed
[2025-09-18 23:18:51] 本次订阅抓取结果统计:
[2025-09-18 23:18:51] 共 28 条RSS, 成功抓取 25 条.
[2025-09-18 23:18:51] ✘ 有 3 条订阅解析失败:
[2025-09-18 23:18:51] - https://tcxx.info/feed
[2025-09-18 23:18:51] - https://tumutanzi.com/feed
[2025-09-18 23:18:51] - https://geekinney.com/index.xml
[2025-09-18 23:18:51] ✘ 有 2 条订阅头像无法访问, 已使用默认头像:
[2025-09-18 23:18:51] - http://feeds.feedburner.com/ruanyifeng
[2025-09-18 23:18:51] - https://www.loyhome.com/feed
