[2025-09-25 01:41:27] 本次订阅抓取结果统计:
[2025-09-25 01:41:27] 共 28 条RSS, 成功抓取 25 条.
[2025-09-25 01:41:27] ✘ 有 3 条订阅解析失败:
[2025-09-25 01:41:27] - https://tcxx.info/feed
[2025-09-25 01:41:27] - https://tumutanzi.com/feed
[2025-09-25 01:41:27] - https://geekinney.com/index.xml
[2025-09-25 01:41:27] ✘ 有 2 条订阅头像无法访问, 已使用默认头像:
[2025-09-25 01:41:27] - https://www.loyhome.com/feed
[2025-09-25 01:41:27] - http://feeds.feedburner.com/ruanyifeng
[2025-09-25 03:03:56] 本次订阅抓取结果统计:
[2025-09-25 03:03:56] 共 28 条RSS, 成功抓取 24 条.
[2025-09-25 03:03:56] ✘ 有 4 条订阅解析失败:
[2025-09-25 03:03:56] - https://tumutanzi.com/feed
[2025-09-25 03:03:56] - https://tcxx.info/feed
[2025-09-25 03:03:56] - https://xyzbz.cn/feed
[2025-09-25 03:03:56] - https://geekinney.com/index.xml
[2025-09-25 03:03:56] ✘ 有 2 条订阅头像无法访问, 已使用默认头像:
[2025-09-25 03:03:56] - http://feeds.feedburner.com/ruanyifeng
[2025-09-25 03:03:56] - https://www.loyhome.com/feed
[2025-09-25 04:25:38] 本次订阅抓取结果统计:
[2025-09-25 04:25:38] 共 28 条RSS, 成功抓取 24 条.
[2025-09-25 04:25:38] ✘ 有 4 条订阅解析失败:
[2025-09-25 04:25:38] - https://tumutanzi.com/feed
[2025-09-25 04:25:38] - https://tcxx.info/feed
[2025-09-25 04:25:38] - https://xyzbz.cn/feed
[2025-09-25 04:25:38] - https://geekinney.com/index.xml
[2025-09-25 04:25:38] ✘ 有 2 条订阅头像无法访问, 已使用默认头像:
[2025-09-25 04:25:38] - https://www.loyhome.com/feed
[2025-09-25 04:25:38] - http://feeds.feedburner.com/ruanyifeng
