[2025-05-14 01:48:02] 本次订阅抓取结果统计:
[2025-05-14 01:48:02] 共 28 条RSS, 成功抓取 27 条.
[2025-05-14 01:48:02] ✘ 有 1 条订阅解析失败:
[2025-05-14 01:48:02] - https://tcxx.info/feed
[2025-05-14 01:48:02] ✘ 有 2 条订阅头像无法访问, 已使用默认头像:
[2025-05-14 01:48:02] - http://feeds.feedburner.com/ruanyifeng
[2025-05-14 01:48:02] - https://www.loyhome.com/feed
[2025-05-14 03:11:43] 本次订阅抓取结果统计:
[2025-05-14 03:11:43] 共 28 条RSS, 成功抓取 27 条.
[2025-05-14 03:11:43] ✘ 有 1 条订阅解析失败:
[2025-05-14 03:11:43] - https://tcxx.info/feed
[2025-05-14 03:11:43] ✘ 有 2 条订阅头像无法访问, 已使用默认头像:
[2025-05-14 03:11:43] - http://feeds.feedburner.com/ruanyifeng
[2025-05-14 03:11:43] - https://www.loyhome.com/feed
[2025-05-14 04:26:45] 本次订阅抓取结果统计:
[2025-05-14 04:26:45] 共 28 条RSS, 成功抓取 27 条.
[2025-05-14 04:26:45] ✘ 有 1 条订阅解析失败:
[2025-05-14 04:26:45] - https://tcxx.info/feed
[2025-05-14 04:26:45] ✘ 有 2 条订阅头像无法访问, 已使用默认头像:
[2025-05-14 04:26:45] - http://feeds.feedburner.com/ruanyifeng
[2025-05-14 04:26:45] - https://www.loyhome.com/feed
[2025-05-14 05:21:50] 本次订阅抓取结果统计:
[2025-05-14 05:21:50] 共 28 条RSS, 成功抓取 27 条.
[2025-05-14 05:21:50] ✘ 有 1 条订阅解析失败:
[2025-05-14 05:21:50] - https://tcxx.info/feed
[2025-05-14 05:21:50] ✘ 有 2 条订阅头像无法访问, 已使用默认头像:
[2025-05-14 05:21:50] - http://feeds.feedburner.com/ruanyifeng
[2025-05-14 05:21:50] - https://www.loyhome.com/feed
[2025-05-14 06:31:42] 本次订阅抓取结果统计:
[2025-05-14 06:31:42] 共 28 条RSS, 成功抓取 27 条.
[2025-05-14 06:31:42] ✘ 有 1 条订阅解析失败:
[2025-05-14 06:31:42] - https://tcxx.info/feed
[2025-05-14 06:31:42] ✘ 有 2 条订阅头像无法访问, 已使用默认头像:
[2025-05-14 06:31:42] - http://feeds.feedburner.com/ruanyifeng
[2025-05-14 06:31:42] - https://www.loyhome.com/feed
[2025-05-14 07:22:06] 本次订阅抓取结果统计:
[2025-05-14 07:22:06] 共 28 条RSS, 成功抓取 27 条.
[2025-05-14 07:22:06] ✘ 有 1 条订阅解析失败:
[2025-05-14 07:22:06] - https://tcxx.info/feed
[2025-05-14 07:22:06] ✘ 有 2 条订阅头像无法访问, 已使用默认头像:
[2025-05-14 07:22:06] - http://feeds.feedburner.com/ruanyifeng
[2025-05-14 07:22:06] - https://www.loyhome.com/feed
[2025-05-14 08:29:59] 本次订阅抓取结果统计:
[2025-05-14 08:29:59] 共 28 条RSS, 成功抓取 27 条.
[2025-05-14 08:29:59] ✘ 有 1 条订阅解析失败:
[2025-05-14 08:29:59] - https://tcxx.info/feed
[2025-05-14 08:29:59] ✘ 有 2 条订阅头像无法访问, 已使用默认头像:
[2025-05-14 08:29:59] - http://feeds.feedburner.com/ruanyifeng
[2025-05-14 08:29:59] - https://www.loyhome.com/feed
[2025-05-14 09:24:58] 本次订阅抓取结果统计:
[2025-05-14 09:24:58] 共 28 条RSS, 成功抓取 26 条.
[2025-05-14 09:24:58] ✘ 有 2 条订阅解析失败:
[2025-05-14 09:24:58] - https://tcxx.info/feed
[2025-05-14 09:24:58] - https://blog.yanqingshan.com/feed
[2025-05-14 09:24:58] ✘ 有 2 条订阅头像无法访问, 已使用默认头像:
[2025-05-14 09:24:58] - http://feeds.feedburner.com/ruanyifeng
[2025-05-14 09:24:58] - https://www.loyhome.com/feed
[2025-05-14 10:24:00] 本次订阅抓取结果统计:
[2025-05-14 10:24:00] 共 28 条RSS, 成功抓取 27 条.
[2025-05-14 10:24:00] ✘ 有 1 条订阅解析失败:
[2025-05-14 10:24:00] - https://tcxx.info/feed
[2025-05-14 10:24:00] ✘ 有 2 条订阅头像无法访问, 已使用默认头像:
[2025-05-14 10:24:00] - http://feeds.feedburner.com/ruanyifeng
[2025-05-14 10:24:00] - https://www.loyhome.com/feed
[2025-05-14 11:18:49] 本次订阅抓取结果统计:
[2025-05-14 11:18:49] 共 28 条RSS, 成功抓取 27 条.
[2025-05-14 11:18:49] ✘ 有 1 条订阅解析失败:
[2025-05-14 11:18:49] - https://tcxx.info/feed
[2025-05-14 11:18:49] ✘ 有 2 条订阅头像无法访问, 已使用默认头像:
[2025-05-14 11:18:49] - http://feeds.feedburner.com/ruanyifeng
[2025-05-14 11:18:49] - https://www.loyhome.com/feed
[2025-05-14 12:44:17] 本次订阅抓取结果统计:
[2025-05-14 12:44:17] 共 28 条RSS, 成功抓取 27 条.
[2025-05-14 12:44:17] ✘ 有 1 条订阅解析失败:
[2025-05-14 12:44:17] - https://tcxx.info/feed
[2025-05-14 12:44:17] ✘ 有 2 条订阅头像无法访问, 已使用默认头像:
[2025-05-14 12:44:17] - http://feeds.feedburner.com/ruanyifeng
[2025-05-14 12:44:17] - https://www.loyhome.com/feed
[2025-05-14 13:32:51] 本次订阅抓取结果统计:
[2025-05-14 13:32:51] 共 28 条RSS, 成功抓取 27 条.
[2025-05-14 13:32:51] ✘ 有 1 条订阅解析失败:
[2025-05-14 13:32:51] - https://tcxx.info/feed
[2025-05-14 13:32:51] ✘ 有 3 条订阅头像无法访问, 已使用默认头像:
[2025-05-14 13:32:51] - http://feeds.feedburner.com/ruanyifeng
[2025-05-14 13:32:51] - https://www.loyhome.com/feed
[2025-05-14 13:32:51] - https://xyzbz.cn/feed
[2025-05-14 14:22:44] 本次订阅抓取结果统计:
[2025-05-14 14:22:44] 共 28 条RSS, 成功抓取 27 条.
[2025-05-14 14:22:44] ✘ 有 1 条订阅解析失败:
[2025-05-14 14:22:44] - https://tcxx.info/feed
[2025-05-14 14:22:44] ✘ 有 2 条订阅头像无法访问, 已使用默认头像:
[2025-05-14 14:22:44] - https://www.loyhome.com/feed
[2025-05-14 14:22:44] - http://feeds.feedburner.com/ruanyifeng
[2025-05-14 15:24:01] 本次订阅抓取结果统计:
[2025-05-14 15:24:01] 共 28 条RSS, 成功抓取 27 条.
[2025-05-14 15:24:01] ✘ 有 1 条订阅解析失败:
[2025-05-14 15:24:01] - https://tcxx.info/feed
[2025-05-14 15:24:01] ✘ 有 2 条订阅头像无法访问, 已使用默认头像:
[2025-05-14 15:24:01] - http://feeds.feedburner.com/ruanyifeng
[2025-05-14 15:24:01] - https://www.loyhome.com/feed
[2025-05-14 16:27:55] 本次订阅抓取结果统计:
[2025-05-14 16:27:55] 共 28 条RSS, 成功抓取 27 条.
[2025-05-14 16:27:55] ✘ 有 1 条订阅解析失败:
[2025-05-14 16:27:55] - https://tcxx.info/feed
[2025-05-14 16:27:55] ✘ 有 2 条订阅头像无法访问, 已使用默认头像:
[2025-05-14 16:27:55] - http://feeds.feedburner.com/ruanyifeng
[2025-05-14 16:27:55] - https://www.loyhome.com/feed
[2025-05-14 17:19:27] 本次订阅抓取结果统计:
[2025-05-14 17:19:27] 共 28 条RSS, 成功抓取 27 条.
[2025-05-14 17:19:27] ✘ 有 1 条订阅解析失败:
[2025-05-14 17:19:27] - https://tcxx.info/feed
[2025-05-14 17:19:27] ✘ 有 2 条订阅头像无法访问, 已使用默认头像:
[2025-05-14 17:19:27] - http://feeds.feedburner.com/ruanyifeng
[2025-05-14 17:19:27] - https://www.loyhome.com/feed
[2025-05-14 18:28:50] 本次订阅抓取结果统计:
[2025-05-14 18:28:50] 共 28 条RSS, 成功抓取 27 条.
[2025-05-14 18:28:50] ✘ 有 1 条订阅解析失败:
[2025-05-14 18:28:50] - https://tcxx.info/feed
[2025-05-14 18:28:50] ✘ 有 2 条订阅头像无法访问, 已使用默认头像:
[2025-05-14 18:28:50] - http://feeds.feedburner.com/ruanyifeng
[2025-05-14 18:28:50] - https://www.loyhome.com/feed
[2025-05-14 19:17:51] 本次订阅抓取结果统计:
[2025-05-14 19:17:51] 共 28 条RSS, 成功抓取 27 条.
[2025-05-14 19:17:51] ✘ 有 1 条订阅解析失败:
[2025-05-14 19:17:51] - https://tcxx.info/feed
[2025-05-14 19:17:51] ✘ 有 2 条订阅头像无法访问, 已使用默认头像:
[2025-05-14 19:17:51] - http://feeds.feedburner.com/ruanyifeng
[2025-05-14 19:17:51] - https://www.loyhome.com/feed
