[2025-09-16 01:38:42] 本次订阅抓取结果统计:
[2025-09-16 01:38:42] 共 28 条RSS, 成功抓取 25 条.
[2025-09-16 01:38:42] ✘ 有 3 条订阅解析失败:
[2025-09-16 01:38:42] - https://tumutanzi.com/feed
[2025-09-16 01:38:42] - https://tcxx.info/feed
[2025-09-16 01:38:42] - https://geekinney.com/index.xml
[2025-09-16 01:38:42] ✘ 有 3 条订阅头像无法访问, 已使用默认头像:
[2025-09-16 01:38:42] - https://hwv430.blogspot.com/feeds/posts/default
[2025-09-16 01:38:42] - http://feeds.feedburner.com/ruanyifeng
[2025-09-16 01:38:42] - https://www.loyhome.com/feed
[2025-09-16 02:57:34] 本次订阅抓取结果统计:
[2025-09-16 02:57:34] 共 28 条RSS, 成功抓取 25 条.
[2025-09-16 02:57:34] ✘ 有 3 条订阅解析失败:
[2025-09-16 02:57:34] - https://tcxx.info/feed
[2025-09-16 02:57:34] - https://tumutanzi.com/feed
[2025-09-16 02:57:34] - https://geekinney.com/index.xml
[2025-09-16 02:57:34] ✘ 有 3 条订阅头像无法访问, 已使用默认头像:
[2025-09-16 02:57:34] - https://hwv430.blogspot.com/feeds/posts/default
[2025-09-16 02:57:34] - https://www.loyhome.com/feed
[2025-09-16 02:57:34] - http://feeds.feedburner.com/ruanyifeng
[2025-09-16 03:32:48] 本次订阅抓取结果统计:
[2025-09-16 03:32:48] 共 28 条RSS, 成功抓取 25 条.
[2025-09-16 03:32:48] ✘ 有 3 条订阅解析失败:
[2025-09-16 03:32:48] - https://tumutanzi.com/feed
[2025-09-16 03:32:48] - https://tcxx.info/feed
[2025-09-16 03:32:48] - https://geekinney.com/index.xml
[2025-09-16 03:32:48] ✘ 有 3 条订阅头像无法访问, 已使用默认头像:
[2025-09-16 03:32:48] - https://hwv430.blogspot.com/feeds/posts/default
[2025-09-16 03:32:48] - http://feeds.feedburner.com/ruanyifeng
[2025-09-16 03:32:48] - https://www.loyhome.com/feed
[2025-09-16 04:25:23] 本次订阅抓取结果统计:
[2025-09-16 04:25:23] 共 28 条RSS, 成功抓取 25 条.
[2025-09-16 04:25:23] ✘ 有 3 条订阅解析失败:
[2025-09-16 04:25:23] - https://tcxx.info/feed
[2025-09-16 04:25:23] - https://tumutanzi.com/feed
[2025-09-16 04:25:23] - https://geekinney.com/index.xml
[2025-09-16 04:25:23] ✘ 有 2 条订阅头像无法访问, 已使用默认头像:
[2025-09-16 04:25:23] - http://feeds.feedburner.com/ruanyifeng
[2025-09-16 04:25:23] - https://www.loyhome.com/feed
