[2025-05-07 01:47:59] 本次订阅抓取结果统计:
[2025-05-07 01:47:59] 共 28 条RSS, 成功抓取 27 条.
[2025-05-07 01:47:59] ✘ 有 1 条订阅解析失败:
[2025-05-07 01:47:59] - https://tcxx.info/feed
[2025-05-07 01:47:59] ✘ 有 2 条订阅头像无法访问, 已使用默认头像:
[2025-05-07 01:47:59] - http://feeds.feedburner.com/ruanyifeng
[2025-05-07 01:47:59] - https://www.loyhome.com/feed
[2025-05-07 03:11:32] 本次订阅抓取结果统计:
[2025-05-07 03:11:32] 共 28 条RSS, 成功抓取 27 条.
[2025-05-07 03:11:32] ✘ 有 1 条订阅解析失败:
[2025-05-07 03:11:32] - https://tcxx.info/feed
[2025-05-07 03:11:32] ✘ 有 2 条订阅头像无法访问, 已使用默认头像:
[2025-05-07 03:11:32] - http://feeds.feedburner.com/ruanyifeng
[2025-05-07 03:11:32] - https://www.loyhome.com/feed
[2025-05-07 04:26:09] 本次订阅抓取结果统计:
[2025-05-07 04:26:09] 共 28 条RSS, 成功抓取 27 条.
[2025-05-07 04:26:09] ✘ 有 1 条订阅解析失败:
[2025-05-07 04:26:09] - https://tcxx.info/feed
[2025-05-07 04:26:09] ✘ 有 3 条订阅头像无法访问, 已使用默认头像:
[2025-05-07 04:26:09] - http://feeds.feedburner.com/ruanyifeng
[2025-05-07 04:26:09] - https://www.loyhome.com/feed
[2025-05-07 04:26:09] - https://xyzbz.cn/feed
[2025-05-07 05:22:02] 本次订阅抓取结果统计:
[2025-05-07 05:22:02] 共 28 条RSS, 成功抓取 27 条.
[2025-05-07 05:22:02] ✘ 有 1 条订阅解析失败:
[2025-05-07 05:22:02] - https://tcxx.info/feed
[2025-05-07 05:22:02] ✘ 有 3 条订阅头像无法访问, 已使用默认头像:
[2025-05-07 05:22:02] - http://feeds.feedburner.com/ruanyifeng
[2025-05-07 05:22:02] - https://www.loyhome.com/feed
[2025-05-07 05:22:02] - https://ihaihe.cn/feed
[2025-05-07 06:31:30] 本次订阅抓取结果统计:
[2025-05-07 06:31:30] 共 28 条RSS, 成功抓取 27 条.
[2025-05-07 06:31:30] ✘ 有 1 条订阅解析失败:
[2025-05-07 06:31:30] - https://tcxx.info/feed
[2025-05-07 06:31:30] ✘ 有 2 条订阅头像无法访问, 已使用默认头像:
[2025-05-07 06:31:30] - http://feeds.feedburner.com/ruanyifeng
[2025-05-07 06:31:30] - https://www.loyhome.com/feed
[2025-05-07 07:21:49] 本次订阅抓取结果统计:
[2025-05-07 07:21:49] 共 28 条RSS, 成功抓取 27 条.
[2025-05-07 07:21:49] ✘ 有 1 条订阅解析失败:
[2025-05-07 07:21:49] - https://tcxx.info/feed
[2025-05-07 07:21:49] ✘ 有 2 条订阅头像无法访问, 已使用默认头像:
[2025-05-07 07:21:49] - https://www.loyhome.com/feed
[2025-05-07 07:21:49] - http://feeds.feedburner.com/ruanyifeng
[2025-05-07 08:30:28] 本次订阅抓取结果统计:
[2025-05-07 08:30:28] 共 28 条RSS, 成功抓取 27 条.
[2025-05-07 08:30:28] ✘ 有 1 条订阅解析失败:
[2025-05-07 08:30:28] - https://tcxx.info/feed
[2025-05-07 08:30:28] ✘ 有 2 条订阅头像无法访问, 已使用默认头像:
[2025-05-07 08:30:28] - http://feeds.feedburner.com/ruanyifeng
[2025-05-07 08:30:28] - https://www.loyhome.com/feed
[2025-05-07 09:24:44] 本次订阅抓取结果统计:
[2025-05-07 09:24:44] 共 28 条RSS, 成功抓取 27 条.
[2025-05-07 09:24:44] ✘ 有 1 条订阅解析失败:
[2025-05-07 09:24:44] - https://tcxx.info/feed
[2025-05-07 09:24:44] ✘ 有 2 条订阅头像无法访问, 已使用默认头像:
[2025-05-07 09:24:44] - http://feeds.feedburner.com/ruanyifeng
[2025-05-07 09:24:44] - https://www.loyhome.com/feed
[2025-05-07 10:24:22] 本次订阅抓取结果统计:
[2025-05-07 10:24:22] 共 28 条RSS, 成功抓取 27 条.
[2025-05-07 10:24:22] ✘ 有 1 条订阅解析失败:
[2025-05-07 10:24:22] - https://tcxx.info/feed
[2025-05-07 10:24:22] ✘ 有 2 条订阅头像无法访问, 已使用默认头像:
[2025-05-07 10:24:22] - http://feeds.feedburner.com/ruanyifeng
[2025-05-07 10:24:22] - https://www.loyhome.com/feed
[2025-05-07 11:19:12] 本次订阅抓取结果统计:
[2025-05-07 11:19:12] 共 28 条RSS, 成功抓取 27 条.
[2025-05-07 11:19:12] ✘ 有 1 条订阅解析失败:
[2025-05-07 11:19:12] - https://tcxx.info/feed
[2025-05-07 11:19:12] ✘ 有 2 条订阅头像无法访问, 已使用默认头像:
[2025-05-07 11:19:12] - https://www.loyhome.com/feed
[2025-05-07 11:19:12] - http://feeds.feedburner.com/ruanyifeng
[2025-05-07 12:46:51] 本次订阅抓取结果统计:
[2025-05-07 12:46:51] 共 28 条RSS, 成功抓取 27 条.
[2025-05-07 12:46:51] ✘ 有 1 条订阅解析失败:
[2025-05-07 12:46:51] - https://tcxx.info/feed
[2025-05-07 12:46:51] ✘ 有 2 条订阅头像无法访问, 已使用默认头像:
[2025-05-07 12:46:51] - http://feeds.feedburner.com/ruanyifeng
[2025-05-07 12:46:51] - https://www.loyhome.com/feed
[2025-05-07 13:34:51] 本次订阅抓取结果统计:
[2025-05-07 13:34:51] 共 28 条RSS, 成功抓取 27 条.
[2025-05-07 13:34:51] ✘ 有 1 条订阅解析失败:
[2025-05-07 13:34:51] - https://tcxx.info/feed
[2025-05-07 13:34:51] ✘ 有 3 条订阅头像无法访问, 已使用默认头像:
[2025-05-07 13:34:51] - http://feeds.feedburner.com/ruanyifeng
[2025-05-07 13:34:51] - https://www.loyhome.com/feed
[2025-05-07 13:34:51] - https://ihaihe.cn/feed
[2025-05-07 14:22:32] 本次订阅抓取结果统计:
[2025-05-07 14:22:32] 共 28 条RSS, 成功抓取 27 条.
[2025-05-07 14:22:32] ✘ 有 1 条订阅解析失败:
[2025-05-07 14:22:32] - https://tcxx.info/feed
[2025-05-07 14:22:32] ✘ 有 2 条订阅头像无法访问, 已使用默认头像:
[2025-05-07 14:22:32] - http://feeds.feedburner.com/ruanyifeng
[2025-05-07 14:22:32] - https://www.loyhome.com/feed
[2025-05-07 15:25:15] 本次订阅抓取结果统计:
[2025-05-07 15:25:15] 共 28 条RSS, 成功抓取 27 条.
[2025-05-07 15:25:15] ✘ 有 1 条订阅解析失败:
[2025-05-07 15:25:15] - https://tcxx.info/feed
[2025-05-07 15:25:15] ✘ 有 2 条订阅头像无法访问, 已使用默认头像:
[2025-05-07 15:25:15] - http://feeds.feedburner.com/ruanyifeng
[2025-05-07 15:25:15] - https://www.loyhome.com/feed
[2025-05-07 16:29:09] 本次订阅抓取结果统计:
[2025-05-07 16:29:09] 共 28 条RSS, 成功抓取 27 条.
[2025-05-07 16:29:09] ✘ 有 1 条订阅解析失败:
[2025-05-07 16:29:09] - https://tcxx.info/feed
[2025-05-07 16:29:09] ✘ 有 2 条订阅头像无法访问, 已使用默认头像:
[2025-05-07 16:29:09] - https://www.loyhome.com/feed
[2025-05-07 16:29:09] - http://feeds.feedburner.com/ruanyifeng
[2025-05-07 17:19:37] 本次订阅抓取结果统计:
[2025-05-07 17:19:37] 共 28 条RSS, 成功抓取 27 条.
[2025-05-07 17:19:37] ✘ 有 1 条订阅解析失败:
[2025-05-07 17:19:37] - https://tcxx.info/feed
[2025-05-07 17:19:37] ✘ 有 2 条订阅头像无法访问, 已使用默认头像:
[2025-05-07 17:19:37] - http://feeds.feedburner.com/ruanyifeng
[2025-05-07 17:19:37] - https://www.loyhome.com/feed
[2025-05-07 18:29:45] 本次订阅抓取结果统计:
[2025-05-07 18:29:45] 共 28 条RSS, 成功抓取 27 条.
[2025-05-07 18:29:45] ✘ 有 1 条订阅解析失败:
[2025-05-07 18:29:45] - https://tcxx.info/feed
[2025-05-07 18:29:45] ✘ 有 3 条订阅头像无法访问, 已使用默认头像:
[2025-05-07 18:29:45] - http://feeds.feedburner.com/ruanyifeng
[2025-05-07 18:29:45] - https://www.loyhome.com/feed
[2025-05-07 18:29:45] - https://xyzbz.cn/feed
[2025-05-07 19:18:41] 本次订阅抓取结果统计:
[2025-05-07 19:18:41] 共 28 条RSS, 成功抓取 27 条.
[2025-05-07 19:18:41] ✘ 有 1 条订阅解析失败:
[2025-05-07 19:18:41] - https://tcxx.info/feed
[2025-05-07 19:18:41] ✘ 有 2 条订阅头像无法访问, 已使用默认头像:
[2025-05-07 19:18:41] - http://feeds.feedburner.com/ruanyifeng
[2025-05-07 19:18:41] - https://www.loyhome.com/feed
[2025-05-07 20:25:03] 本次订阅抓取结果统计:
[2025-05-07 20:25:03] 共 28 条RSS, 成功抓取 27 条.
[2025-05-07 20:25:03] ✘ 有 1 条订阅解析失败:
[2025-05-07 20:25:03] - https://tcxx.info/feed
[2025-05-07 20:25:03] ✘ 有 2 条订阅头像无法访问, 已使用默认头像:
[2025-05-07 20:25:03] - https://www.loyhome.com/feed
[2025-05-07 20:25:03] - http://feeds.feedburner.com/ruanyifeng
[2025-05-07 21:18:18] 本次订阅抓取结果统计:
[2025-05-07 21:18:18] 共 28 条RSS, 成功抓取 27 条.
[2025-05-07 21:18:18] ✘ 有 1 条订阅解析失败:
[2025-05-07 21:18:18] - https://tcxx.info/feed
[2025-05-07 21:18:18] ✘ 有 2 条订阅头像无法访问, 已使用默认头像:
[2025-05-07 21:18:18] - http://feeds.feedburner.com/ruanyifeng
[2025-05-07 21:18:18] - https://www.loyhome.com/feed
[2025-05-07 22:21:15] 本次订阅抓取结果统计:
[2025-05-07 22:21:15] 共 28 条RSS, 成功抓取 27 条.
[2025-05-07 22:21:15] ✘ 有 1 条订阅解析失败:
[2025-05-07 22:21:15] - https://tcxx.info/feed
[2025-05-07 22:21:15] ✘ 有 2 条订阅头像无法访问, 已使用默认头像:
[2025-05-07 22:21:15] - http://feeds.feedburner.com/ruanyifeng
[2025-05-07 22:21:15] - https://www.loyhome.com/feed
