[2025-04-25 01:45:43] 本次订阅抓取结果统计:
[2025-04-25 01:45:43] 共 28 条RSS, 成功抓取 27 条.
[2025-04-25 01:45:43] ✘ 有 1 条订阅解析失败:
[2025-04-25 01:45:43] - https://tcxx.info/feed
[2025-04-25 01:45:43] ✘ 有 3 条订阅头像无法访问, 已使用默认头像:
[2025-04-25 01:45:43] - http://feeds.feedburner.com/ruanyifeng
[2025-04-25 01:45:43] - https://blog.fooleap.org/atom.xml
[2025-04-25 01:45:43] - https://www.loyhome.com/feed
[2025-04-25 03:07:08] 本次订阅抓取结果统计:
[2025-04-25 03:07:08] 共 28 条RSS, 成功抓取 27 条.
[2025-04-25 03:07:08] ✘ 有 1 条订阅解析失败:
[2025-04-25 03:07:08] - https://tcxx.info/feed
[2025-04-25 03:07:08] ✘ 有 3 条订阅头像无法访问, 已使用默认头像:
[2025-04-25 03:07:08] - http://feeds.feedburner.com/ruanyifeng
[2025-04-25 03:07:08] - https://blog.fooleap.org/atom.xml
[2025-04-25 03:07:08] - https://www.loyhome.com/feed
[2025-04-25 04:25:51] 本次订阅抓取结果统计:
[2025-04-25 04:25:51] 共 28 条RSS, 成功抓取 27 条.
[2025-04-25 04:25:51] ✘ 有 1 条订阅解析失败:
[2025-04-25 04:25:51] - https://tcxx.info/feed
[2025-04-25 04:25:51] ✘ 有 5 条订阅头像无法访问, 已使用默认头像:
[2025-04-25 04:25:51] - https://blog.fooleap.org/atom.xml
[2025-04-25 04:25:51] - http://feeds.feedburner.com/ruanyifeng
[2025-04-25 04:25:51] - https://www.loyhome.com/feed
[2025-04-25 04:25:51] - https://blog.yanqingshan.com/feed
[2025-04-25 04:25:51] - https://xyzbz.cn/feed
[2025-04-25 05:20:57] 本次订阅抓取结果统计:
[2025-04-25 05:20:57] 共 28 条RSS, 成功抓取 27 条.
[2025-04-25 05:20:57] ✘ 有 1 条订阅解析失败:
[2025-04-25 05:20:57] - https://tcxx.info/feed
[2025-04-25 05:20:57] ✘ 有 3 条订阅头像无法访问, 已使用默认头像:
[2025-04-25 05:20:57] - http://feeds.feedburner.com/ruanyifeng
[2025-04-25 05:20:57] - https://blog.fooleap.org/atom.xml
[2025-04-25 05:20:57] - https://www.loyhome.com/feed
[2025-04-25 06:30:45] 本次订阅抓取结果统计:
[2025-04-25 06:30:45] 共 28 条RSS, 成功抓取 27 条.
[2025-04-25 06:30:45] ✘ 有 1 条订阅解析失败:
[2025-04-25 06:30:45] - https://tcxx.info/feed
[2025-04-25 06:30:45] ✘ 有 3 条订阅头像无法访问, 已使用默认头像:
[2025-04-25 06:30:45] - https://blog.fooleap.org/atom.xml
[2025-04-25 06:30:45] - http://feeds.feedburner.com/ruanyifeng
[2025-04-25 06:30:45] - https://www.loyhome.com/feed
