[2025-03-15 02:58:45] 本次订阅抓取结果统计:
[2025-03-15 02:58:45] 共 28 条RSS, 成功抓取 28 条.
[2025-03-15 02:58:45] ✘ 有 2 条订阅头像无法访问, 已使用默认头像:
[2025-03-15 02:58:45] - http://feeds.feedburner.com/ruanyifeng
[2025-03-15 02:58:45] - https://www.loyhome.com/feed
[2025-03-15 03:46:34] 本次订阅抓取结果统计:
[2025-03-15 03:46:34] 共 28 条RSS, 成功抓取 28 条.
[2025-03-15 03:46:34] ✘ 有 3 条订阅头像无法访问, 已使用默认头像:
[2025-03-15 03:46:34] - http://feeds.feedburner.com/ruanyifeng
[2025-03-15 03:46:34] - https://www.loyhome.com/feed
[2025-03-15 03:46:34] - https://tcxx.info/feed
[2025-03-15 04:37:40] 本次订阅抓取结果统计:
[2025-03-15 04:37:40] 共 28 条RSS, 成功抓取 27 条.
[2025-03-15 04:37:40] ✘ 有 1 条订阅解析失败:
[2025-03-15 04:37:40] - https://tcxx.info/feed
[2025-03-15 04:37:40] ✘ 有 2 条订阅头像无法访问, 已使用默认头像:
[2025-03-15 04:37:40] - http://feeds.feedburner.com/ruanyifeng
[2025-03-15 04:37:40] - https://www.loyhome.com/feed
[2025-03-15 05:32:41] 本次订阅抓取结果统计:
[2025-03-15 05:32:41] 共 28 条RSS, 成功抓取 27 条.
[2025-03-15 05:32:41] ✘ 有 1 条订阅解析失败:
[2025-03-15 05:32:41] - https://tcxx.info/feed
[2025-03-15 05:32:41] ✘ 有 2 条订阅头像无法访问, 已使用默认头像:
[2025-03-15 05:32:41] - http://feeds.feedburner.com/ruanyifeng
[2025-03-15 05:32:41] - https://www.loyhome.com/feed
[2025-03-15 06:41:55] 本次订阅抓取结果统计:
[2025-03-15 06:41:55] 共 28 条RSS, 成功抓取 28 条.
[2025-03-15 06:41:55] ✘ 有 4 条订阅头像无法访问, 已使用默认头像:
[2025-03-15 06:41:55] - http://feeds.feedburner.com/ruanyifeng
[2025-03-15 06:41:55] - https://tcxx.info/feed
[2025-03-15 06:41:55] - https://www.loyhome.com/feed
[2025-03-15 06:41:55] - https://xyzbz.cn/feed
[2025-03-15 07:27:21] 本次订阅抓取结果统计:
[2025-03-15 07:27:21] 共 28 条RSS, 成功抓取 28 条.
[2025-03-15 07:27:21] ✘ 有 2 条订阅头像无法访问, 已使用默认头像:
[2025-03-15 07:27:21] - http://feeds.feedburner.com/ruanyifeng
[2025-03-15 07:27:21] - https://www.loyhome.com/feed
[2025-03-15 08:38:05] 本次订阅抓取结果统计:
[2025-03-15 08:38:05] 共 28 条RSS, 成功抓取 27 条.
[2025-03-15 08:38:05] ✘ 有 1 条订阅解析失败:
[2025-03-15 08:38:05] - https://tcxx.info/feed
[2025-03-15 08:38:05] ✘ 有 2 条订阅头像无法访问, 已使用默认头像:
[2025-03-15 08:38:05] - http://feeds.feedburner.com/ruanyifeng
[2025-03-15 08:38:05] - https://www.loyhome.com/feed
[2025-03-15 09:28:20] 本次订阅抓取结果统计:
[2025-03-15 09:28:20] 共 28 条RSS, 成功抓取 27 条.
[2025-03-15 09:28:20] ✘ 有 1 条订阅解析失败:
[2025-03-15 09:28:20] - https://tcxx.info/feed
[2025-03-15 09:28:20] ✘ 有 2 条订阅头像无法访问, 已使用默认头像:
[2025-03-15 09:28:20] - http://feeds.feedburner.com/ruanyifeng
[2025-03-15 09:28:20] - https://www.loyhome.com/feed
[2025-03-15 10:37:51] 本次订阅抓取结果统计:
[2025-03-15 10:37:51] 共 28 条RSS, 成功抓取 28 条.
[2025-03-15 10:37:51] ✘ 有 2 条订阅头像无法访问, 已使用默认头像:
[2025-03-15 10:37:51] - http://feeds.feedburner.com/ruanyifeng
[2025-03-15 10:37:51] - https://www.loyhome.com/feed
[2025-03-15 11:22:09] 本次订阅抓取结果统计:
[2025-03-15 11:22:09] 共 28 条RSS, 成功抓取 28 条.
[2025-03-15 11:22:09] ✘ 有 3 条订阅头像无法访问, 已使用默认头像:
[2025-03-15 11:22:09] - http://feeds.feedburner.com/ruanyifeng
[2025-03-15 11:22:09] - https://www.loyhome.com/feed
[2025-03-15 11:22:09] - https://tcxx.info/feed
[2025-03-15 13:01:01] 本次订阅抓取结果统计:
[2025-03-15 13:01:01] 共 28 条RSS, 成功抓取 27 条.
[2025-03-15 13:01:01] ✘ 有 1 条订阅解析失败:
[2025-03-15 13:01:01] - https://tcxx.info/feed
[2025-03-15 13:01:01] ✘ 有 2 条订阅头像无法访问, 已使用默认头像:
[2025-03-15 13:01:01] - http://feeds.feedburner.com/ruanyifeng
[2025-03-15 13:01:01] - https://www.loyhome.com/feed
[2025-03-15 14:32:39] 本次订阅抓取结果统计:
[2025-03-15 14:32:39] 共 28 条RSS, 成功抓取 28 条.
[2025-03-15 14:32:39] ✘ 有 2 条订阅头像无法访问, 已使用默认头像:
[2025-03-15 14:32:39] - http://feeds.feedburner.com/ruanyifeng
[2025-03-15 14:32:39] - https://www.loyhome.com/feed
[2025-03-15 15:29:52] 本次订阅抓取结果统计:
[2025-03-15 15:29:52] 共 28 条RSS, 成功抓取 27 条.
[2025-03-15 15:29:52] ✘ 有 1 条订阅解析失败:
[2025-03-15 15:29:52] - https://tcxx.info/feed
[2025-03-15 15:29:52] ✘ 有 2 条订阅头像无法访问, 已使用默认头像:
[2025-03-15 15:29:52] - http://feeds.feedburner.com/ruanyifeng
[2025-03-15 15:29:52] - https://www.loyhome.com/feed
[2025-03-15 16:39:34] 本次订阅抓取结果统计:
[2025-03-15 16:39:34] 共 28 条RSS, 成功抓取 27 条.
[2025-03-15 16:39:34] ✘ 有 1 条订阅解析失败:
[2025-03-15 16:39:34] - https://tcxx.info/feed
[2025-03-15 16:39:34] ✘ 有 3 条订阅头像无法访问, 已使用默认头像:
[2025-03-15 16:39:34] - http://feeds.feedburner.com/ruanyifeng
[2025-03-15 16:39:34] - https://www.loyhome.com/feed
[2025-03-15 16:39:34] - https://xyzbz.cn/feed
[2025-03-15 17:30:20] 本次订阅抓取结果统计:
[2025-03-15 17:30:20] 共 28 条RSS, 成功抓取 27 条.
[2025-03-15 17:30:20] ✘ 有 1 条订阅解析失败:
[2025-03-15 17:30:20] - https://tcxx.info/feed
[2025-03-15 17:30:20] ✘ 有 2 条订阅头像无法访问, 已使用默认头像:
[2025-03-15 17:30:20] - http://feeds.feedburner.com/ruanyifeng
[2025-03-15 17:30:20] - https://www.loyhome.com/feed
[2025-03-15 18:40:12] 本次订阅抓取结果统计:
[2025-03-15 18:40:12] 共 28 条RSS, 成功抓取 27 条.
[2025-03-15 18:40:12] ✘ 有 1 条订阅解析失败:
[2025-03-15 18:40:12] - https://tcxx.info/feed
[2025-03-15 18:40:12] ✘ 有 2 条订阅头像无法访问, 已使用默认头像:
[2025-03-15 18:40:12] - http://feeds.feedburner.com/ruanyifeng
[2025-03-15 18:40:12] - https://www.loyhome.com/feed
[2025-03-15 19:22:38] 本次订阅抓取结果统计:
[2025-03-15 19:22:38] 共 28 条RSS, 成功抓取 28 条.
[2025-03-15 19:22:38] ✘ 有 3 条订阅头像无法访问, 已使用默认头像:
[2025-03-15 19:22:38] - http://feeds.feedburner.com/ruanyifeng
[2025-03-15 19:22:38] - https://www.loyhome.com/feed
[2025-03-15 19:22:38] - https://xyzbz.cn/feed
