[2025-09-10 01:39:10] 本次订阅抓取结果统计:
[2025-09-10 01:39:10] 共 28 条RSS, 成功抓取 25 条.
[2025-09-10 01:39:10] ✘ 有 3 条订阅解析失败:
[2025-09-10 01:39:10] - https://tumutanzi.com/feed
[2025-09-10 01:39:10] - https://tcxx.info/feed
[2025-09-10 01:39:10] - https://geekinney.com/index.xml
[2025-09-10 01:39:10] ✘ 有 3 条订阅头像无法访问, 已使用默认头像:
[2025-09-10 01:39:10] - https://hwv430.blogspot.com/feeds/posts/default
[2025-09-10 01:39:10] - http://feeds.feedburner.com/ruanyifeng
[2025-09-10 01:39:10] - https://www.loyhome.com/feed
[2025-09-10 02:56:52] 本次订阅抓取结果统计:
[2025-09-10 02:56:52] 共 28 条RSS, 成功抓取 25 条.
[2025-09-10 02:56:52] ✘ 有 3 条订阅解析失败:
[2025-09-10 02:56:52] - https://tcxx.info/feed
[2025-09-10 02:56:52] - https://tumutanzi.com/feed
[2025-09-10 02:56:52] - https://geekinney.com/index.xml
[2025-09-10 02:56:52] ✘ 有 3 条订阅头像无法访问, 已使用默认头像:
[2025-09-10 02:56:52] - https://hwv430.blogspot.com/feeds/posts/default
[2025-09-10 02:56:52] - http://feeds.feedburner.com/ruanyifeng
[2025-09-10 02:56:52] - https://www.loyhome.com/feed
[2025-09-10 03:30:33] 本次订阅抓取结果统计:
[2025-09-10 03:30:33] 共 28 条RSS, 成功抓取 25 条.
[2025-09-10 03:30:33] ✘ 有 3 条订阅解析失败:
[2025-09-10 03:30:33] - https://tumutanzi.com/feed
[2025-09-10 03:30:33] - https://tcxx.info/feed
[2025-09-10 03:30:33] - https://geekinney.com/index.xml
[2025-09-10 03:30:33] ✘ 有 3 条订阅头像无法访问, 已使用默认头像:
[2025-09-10 03:30:33] - https://hwv430.blogspot.com/feeds/posts/default
[2025-09-10 03:30:33] - http://feeds.feedburner.com/ruanyifeng
[2025-09-10 03:30:33] - https://www.loyhome.com/feed
[2025-09-10 04:24:16] 本次订阅抓取结果统计:
[2025-09-10 04:24:16] 共 28 条RSS, 成功抓取 25 条.
[2025-09-10 04:24:16] ✘ 有 3 条订阅解析失败:
[2025-09-10 04:24:16] - https://tcxx.info/feed
[2025-09-10 04:24:16] - https://tumutanzi.com/feed
[2025-09-10 04:24:16] - https://geekinney.com/index.xml
[2025-09-10 04:24:16] ✘ 有 3 条订阅头像无法访问, 已使用默认头像:
[2025-09-10 04:24:16] - https://hwv430.blogspot.com/feeds/posts/default
[2025-09-10 04:24:16] - http://feeds.feedburner.com/ruanyifeng
[2025-09-10 04:24:16] - https://www.loyhome.com/feed
