[2025-05-13 01:49:12] 本次订阅抓取结果统计:
[2025-05-13 01:49:12] 共 28 条RSS, 成功抓取 27 条.
[2025-05-13 01:49:12] ✘ 有 1 条订阅解析失败:
[2025-05-13 01:49:12] - https://tcxx.info/feed
[2025-05-13 01:49:12] ✘ 有 2 条订阅头像无法访问, 已使用默认头像:
[2025-05-13 01:49:12] - http://feeds.feedburner.com/ruanyifeng
[2025-05-13 01:49:12] - https://www.loyhome.com/feed
[2025-05-13 03:13:30] 本次订阅抓取结果统计:
[2025-05-13 03:13:30] 共 28 条RSS, 成功抓取 27 条.
[2025-05-13 03:13:30] ✘ 有 1 条订阅解析失败:
[2025-05-13 03:13:30] - https://tcxx.info/feed
[2025-05-13 03:13:30] ✘ 有 2 条订阅头像无法访问, 已使用默认头像:
[2025-05-13 03:13:30] - http://feeds.feedburner.com/ruanyifeng
[2025-05-13 03:13:30] - https://www.loyhome.com/feed
[2025-05-13 04:27:16] 本次订阅抓取结果统计:
[2025-05-13 04:27:16] 共 28 条RSS, 成功抓取 27 条.
[2025-05-13 04:27:16] ✘ 有 1 条订阅解析失败:
[2025-05-13 04:27:16] - https://tcxx.info/feed
[2025-05-13 04:27:16] ✘ 有 2 条订阅头像无法访问, 已使用默认头像:
[2025-05-13 04:27:16] - https://www.loyhome.com/feed
[2025-05-13 04:27:16] - http://feeds.feedburner.com/ruanyifeng
[2025-05-13 05:21:53] 本次订阅抓取结果统计:
[2025-05-13 05:21:53] 共 28 条RSS, 成功抓取 27 条.
[2025-05-13 05:21:53] ✘ 有 1 条订阅解析失败:
[2025-05-13 05:21:53] - https://tcxx.info/feed
[2025-05-13 05:21:53] ✘ 有 2 条订阅头像无法访问, 已使用默认头像:
[2025-05-13 05:21:53] - http://feeds.feedburner.com/ruanyifeng
[2025-05-13 05:21:53] - https://www.loyhome.com/feed
