[2025-06-16 01:55:53] 本次订阅抓取结果统计:
[2025-06-16 01:55:53] 共 28 条RSS, 成功抓取 27 条.
[2025-06-16 01:55:53] ✘ 有 1 条订阅解析失败:
[2025-06-16 01:55:53] - https://tcxx.info/feed
[2025-06-16 01:55:53] ✘ 有 2 条订阅头像无法访问, 已使用默认头像:
[2025-06-16 01:55:53] - http://feeds.feedburner.com/ruanyifeng
[2025-06-16 01:55:53] - https://www.loyhome.com/feed
[2025-06-16 03:23:59] 本次订阅抓取结果统计:
[2025-06-16 03:23:59] 共 28 条RSS, 成功抓取 27 条.
[2025-06-16 03:23:59] ✘ 有 1 条订阅解析失败:
[2025-06-16 03:23:59] - https://tcxx.info/feed
[2025-06-16 03:23:59] ✘ 有 2 条订阅头像无法访问, 已使用默认头像:
[2025-06-16 03:23:59] - http://feeds.feedburner.com/ruanyifeng
[2025-06-16 03:23:59] - https://www.loyhome.com/feed
[2025-06-16 04:34:22] 本次订阅抓取结果统计:
[2025-06-16 04:34:22] 共 28 条RSS, 成功抓取 27 条.
[2025-06-16 04:34:22] ✘ 有 1 条订阅解析失败:
[2025-06-16 04:34:22] - https://tcxx.info/feed
[2025-06-16 04:34:22] ✘ 有 2 条订阅头像无法访问, 已使用默认头像:
[2025-06-16 04:34:22] - http://feeds.feedburner.com/ruanyifeng
[2025-06-16 04:34:22] - https://www.loyhome.com/feed
[2025-06-16 05:24:11] 本次订阅抓取结果统计:
[2025-06-16 05:24:11] 共 28 条RSS, 成功抓取 27 条.
[2025-06-16 05:24:11] ✘ 有 1 条订阅解析失败:
[2025-06-16 05:24:11] - https://tcxx.info/feed
[2025-06-16 05:24:11] ✘ 有 3 条订阅头像无法访问, 已使用默认头像:
[2025-06-16 05:24:11] - http://feeds.feedburner.com/ruanyifeng
[2025-06-16 05:24:11] - https://www.loyhome.com/feed
[2025-06-16 05:24:11] - https://www.shephe.com/feed
[2025-06-16 06:34:58] 本次订阅抓取结果统计:
[2025-06-16 06:34:58] 共 28 条RSS, 成功抓取 26 条.
[2025-06-16 06:34:58] ✘ 有 2 条订阅解析失败:
[2025-06-16 06:34:58] - https://tcxx.info/feed
[2025-06-16 06:34:58] - https://ihaihe.cn/feed
[2025-06-16 06:34:58] ✘ 有 2 条订阅头像无法访问, 已使用默认头像:
[2025-06-16 06:34:58] - http://feeds.feedburner.com/ruanyifeng
[2025-06-16 06:34:58] - https://www.loyhome.com/feed
[2025-06-16 07:24:00] 本次订阅抓取结果统计:
[2025-06-16 07:24:00] 共 28 条RSS, 成功抓取 27 条.
[2025-06-16 07:24:00] ✘ 有 1 条订阅解析失败:
[2025-06-16 07:24:00] - https://tcxx.info/feed
[2025-06-16 07:24:00] ✘ 有 2 条订阅头像无法访问, 已使用默认头像:
[2025-06-16 07:24:00] - http://feeds.feedburner.com/ruanyifeng
[2025-06-16 07:24:00] - https://www.loyhome.com/feed
[2025-06-16 08:31:52] 本次订阅抓取结果统计:
[2025-06-16 08:31:52] 共 28 条RSS, 成功抓取 27 条.
[2025-06-16 08:31:52] ✘ 有 1 条订阅解析失败:
[2025-06-16 08:31:52] - https://tcxx.info/feed
[2025-06-16 08:31:52] ✘ 有 2 条订阅头像无法访问, 已使用默认头像:
[2025-06-16 08:31:52] - http://feeds.feedburner.com/ruanyifeng
[2025-06-16 08:31:52] - https://www.loyhome.com/feed
[2025-06-16 09:26:39] 本次订阅抓取结果统计:
[2025-06-16 09:26:39] 共 28 条RSS, 成功抓取 27 条.
[2025-06-16 09:26:39] ✘ 有 1 条订阅解析失败:
[2025-06-16 09:26:39] - https://tcxx.info/feed
[2025-06-16 09:26:39] ✘ 有 2 条订阅头像无法访问, 已使用默认头像:
[2025-06-16 09:26:39] - http://feeds.feedburner.com/ruanyifeng
[2025-06-16 09:26:39] - https://www.loyhome.com/feed
