[2025-11-15 01:46:15] 本次订阅抓取结果统计:
[2025-11-15 01:46:15] 共 28 条RSS, 成功抓取 24 条.
[2025-11-15 01:46:15] ✘ 有 4 条订阅解析失败:
[2025-11-15 01:46:15] - https://tcxx.info/feed
[2025-11-15 01:46:15] - https://tumutanzi.com/feed
[2025-11-15 01:46:15] - https://geekinney.com/index.xml
[2025-11-15 01:46:15] - https://www.shephe.com/feed
[2025-11-15 01:46:15] ✘ 有 2 条订阅头像无法访问, 已使用默认头像:
[2025-11-15 01:46:15] - https://www.loyhome.com/feed
[2025-11-15 01:46:15] - http://feeds.feedburner.com/ruanyifeng
[2025-11-15 03:10:35] 本次订阅抓取结果统计:
[2025-11-15 03:10:35] 共 28 条RSS, 成功抓取 24 条.
[2025-11-15 03:10:35] ✘ 有 4 条订阅解析失败:
[2025-11-15 03:10:35] - https://tcxx.info/feed
[2025-11-15 03:10:35] - https://tumutanzi.com/feed
[2025-11-15 03:10:35] - https://geekinney.com/index.xml
[2025-11-15 03:10:35] - https://www.shephe.com/feed
[2025-11-15 03:10:35] ✘ 有 2 条订阅头像无法访问, 已使用默认头像:
[2025-11-15 03:10:35] - http://feeds.feedburner.com/ruanyifeng
[2025-11-15 03:10:35] - https://www.loyhome.com/feed
[2025-11-15 04:26:51] 本次订阅抓取结果统计:
[2025-11-15 04:26:51] 共 28 条RSS, 成功抓取 24 条.
[2025-11-15 04:26:51] ✘ 有 4 条订阅解析失败:
[2025-11-15 04:26:51] - https://tcxx.info/feed
[2025-11-15 04:26:51] - https://tumutanzi.com/feed
[2025-11-15 04:26:51] - https://geekinney.com/index.xml
[2025-11-15 04:26:51] - https://www.shephe.com/feed
[2025-11-15 04:26:51] ✘ 有 2 条订阅头像无法访问, 已使用默认头像:
[2025-11-15 04:26:51] - http://feeds.feedburner.com/ruanyifeng
[2025-11-15 04:26:51] - https://www.loyhome.com/feed
[2025-11-15 05:22:32] 本次订阅抓取结果统计:
[2025-11-15 05:22:32] 共 28 条RSS, 成功抓取 24 条.
[2025-11-15 05:22:32] ✘ 有 4 条订阅解析失败:
[2025-11-15 05:22:32] - https://tcxx.info/feed
[2025-11-15 05:22:32] - https://tumutanzi.com/feed
[2025-11-15 05:22:32] - https://geekinney.com/index.xml
[2025-11-15 05:22:32] - https://www.shephe.com/feed
[2025-11-15 05:22:32] ✘ 有 2 条订阅头像无法访问, 已使用默认头像:
[2025-11-15 05:22:32] - https://www.loyhome.com/feed
[2025-11-15 05:22:32] - http://feeds.feedburner.com/ruanyifeng
