[2025-09-14 01:45:14] 本次订阅抓取结果统计:
[2025-09-14 01:45:14] 共 28 条RSS, 成功抓取 25 条.
[2025-09-14 01:45:14] ✘ 有 3 条订阅解析失败:
[2025-09-14 01:45:14] - https://tcxx.info/feed
[2025-09-14 01:45:14] - https://tumutanzi.com/feed
[2025-09-14 01:45:14] - https://geekinney.com/index.xml
[2025-09-14 01:45:14] ✘ 有 2 条订阅头像无法访问, 已使用默认头像:
[2025-09-14 01:45:14] - http://feeds.feedburner.com/ruanyifeng
[2025-09-14 01:45:14] - https://www.loyhome.com/feed
[2025-09-14 03:03:42] 本次订阅抓取结果统计:
[2025-09-14 03:03:42] 共 28 条RSS, 成功抓取 25 条.
[2025-09-14 03:03:42] ✘ 有 3 条订阅解析失败:
[2025-09-14 03:03:42] - https://tumutanzi.com/feed
[2025-09-14 03:03:42] - https://tcxx.info/feed
[2025-09-14 03:03:42] - https://geekinney.com/index.xml
[2025-09-14 03:03:42] ✘ 有 3 条订阅头像无法访问, 已使用默认头像:
[2025-09-14 03:03:42] - https://hwv430.blogspot.com/feeds/posts/default
[2025-09-14 03:03:42] - http://feeds.feedburner.com/ruanyifeng
[2025-09-14 03:03:42] - https://www.loyhome.com/feed
[2025-09-14 04:24:06] 本次订阅抓取结果统计:
[2025-09-14 04:24:06] 共 28 条RSS, 成功抓取 25 条.
[2025-09-14 04:24:06] ✘ 有 3 条订阅解析失败:
[2025-09-14 04:24:06] - https://tumutanzi.com/feed
[2025-09-14 04:24:06] - https://tcxx.info/feed
[2025-09-14 04:24:06] - https://geekinney.com/index.xml
[2025-09-14 04:24:06] ✘ 有 2 条订阅头像无法访问, 已使用默认头像:
[2025-09-14 04:24:06] - http://feeds.feedburner.com/ruanyifeng
[2025-09-14 04:24:06] - https://www.loyhome.com/feed
[2025-09-14 05:18:51] 本次订阅抓取结果统计:
[2025-09-14 05:18:51] 共 28 条RSS, 成功抓取 25 条.
[2025-09-14 05:18:51] ✘ 有 3 条订阅解析失败:
[2025-09-14 05:18:51] - https://tcxx.info/feed
[2025-09-14 05:18:51] - https://tumutanzi.com/feed
[2025-09-14 05:18:51] - https://geekinney.com/index.xml
[2025-09-14 05:18:51] ✘ 有 3 条订阅头像无法访问, 已使用默认头像:
[2025-09-14 05:18:51] - https://hwv430.blogspot.com/feeds/posts/default
[2025-09-14 05:18:51] - http://feeds.feedburner.com/ruanyifeng
[2025-09-14 05:18:51] - https://www.loyhome.com/feed
