[2025-08-24 01:56:11] 本次订阅抓取结果统计:
[2025-08-24 01:56:11] 共 28 条RSS, 成功抓取 26 条.
[2025-08-24 01:56:11] ✘ 有 2 条订阅解析失败:
[2025-08-24 01:56:11] - https://tcxx.info/feed
[2025-08-24 01:56:11] - https://tumutanzi.com/feed
[2025-08-24 01:56:11] ✘ 有 2 条订阅头像无法访问, 已使用默认头像:
[2025-08-24 01:56:11] - http://feeds.feedburner.com/ruanyifeng
[2025-08-24 01:56:11] - https://www.loyhome.com/feed
[2025-08-24 03:21:38] 本次订阅抓取结果统计:
[2025-08-24 03:21:38] 共 28 条RSS, 成功抓取 26 条.
[2025-08-24 03:21:38] ✘ 有 2 条订阅解析失败:
[2025-08-24 03:21:38] - https://tcxx.info/feed
[2025-08-24 03:21:38] - https://tumutanzi.com/feed
[2025-08-24 03:21:38] ✘ 有 2 条订阅头像无法访问, 已使用默认头像:
[2025-08-24 03:21:38] - http://feeds.feedburner.com/ruanyifeng
[2025-08-24 03:21:38] - https://www.loyhome.com/feed
[2025-08-24 04:28:01] 本次订阅抓取结果统计:
[2025-08-24 04:28:01] 共 28 条RSS, 成功抓取 26 条.
[2025-08-24 04:28:01] ✘ 有 2 条订阅解析失败:
[2025-08-24 04:28:01] - https://tumutanzi.com/feed
[2025-08-24 04:28:01] - https://tcxx.info/feed
[2025-08-24 04:28:01] ✘ 有 2 条订阅头像无法访问, 已使用默认头像:
[2025-08-24 04:28:01] - http://feeds.feedburner.com/ruanyifeng
[2025-08-24 04:28:01] - https://www.loyhome.com/feed
[2025-08-24 05:21:17] 本次订阅抓取结果统计:
[2025-08-24 05:21:17] 共 28 条RSS, 成功抓取 26 条.
[2025-08-24 05:21:17] ✘ 有 2 条订阅解析失败:
[2025-08-24 05:21:17] - https://tcxx.info/feed
[2025-08-24 05:21:17] - https://tumutanzi.com/feed
[2025-08-24 05:21:17] ✘ 有 2 条订阅头像无法访问, 已使用默认头像:
[2025-08-24 05:21:17] - https://www.loyhome.com/feed
[2025-08-24 05:21:17] - http://feeds.feedburner.com/ruanyifeng
[2025-08-24 06:31:09] 本次订阅抓取结果统计:
[2025-08-24 06:31:09] 共 28 条RSS, 成功抓取 26 条.
[2025-08-24 06:31:09] ✘ 有 2 条订阅解析失败:
[2025-08-24 06:31:09] - https://tcxx.info/feed
[2025-08-24 06:31:09] - https://tumutanzi.com/feed
[2025-08-24 06:31:09] ✘ 有 2 条订阅头像无法访问, 已使用默认头像:
[2025-08-24 06:31:09] - http://feeds.feedburner.com/ruanyifeng
[2025-08-24 06:31:09] - https://www.loyhome.com/feed
[2025-08-24 07:19:52] 本次订阅抓取结果统计:
[2025-08-24 07:19:52] 共 28 条RSS, 成功抓取 26 条.
[2025-08-24 07:19:52] ✘ 有 2 条订阅解析失败:
[2025-08-24 07:19:52] - https://tcxx.info/feed
[2025-08-24 07:19:52] - https://tumutanzi.com/feed
[2025-08-24 07:19:52] ✘ 有 2 条订阅头像无法访问, 已使用默认头像:
[2025-08-24 07:19:52] - https://www.loyhome.com/feed
[2025-08-24 07:19:52] - http://feeds.feedburner.com/ruanyifeng
[2025-08-24 08:25:52] 本次订阅抓取结果统计:
[2025-08-24 08:25:52] 共 28 条RSS, 成功抓取 26 条.
[2025-08-24 08:25:52] ✘ 有 2 条订阅解析失败:
[2025-08-24 08:25:52] - https://tcxx.info/feed
[2025-08-24 08:25:52] - https://tumutanzi.com/feed
[2025-08-24 08:25:52] ✘ 有 2 条订阅头像无法访问, 已使用默认头像:
[2025-08-24 08:25:52] - http://feeds.feedburner.com/ruanyifeng
[2025-08-24 08:25:52] - https://www.loyhome.com/feed
[2025-08-24 09:20:25] 本次订阅抓取结果统计:
[2025-08-24 09:20:25] 共 28 条RSS, 成功抓取 26 条.
[2025-08-24 09:20:25] ✘ 有 2 条订阅解析失败:
[2025-08-24 09:20:25] - https://tcxx.info/feed
[2025-08-24 09:20:25] - https://tumutanzi.com/feed
[2025-08-24 09:20:25] ✘ 有 2 条订阅头像无法访问, 已使用默认头像:
[2025-08-24 09:20:25] - http://feeds.feedburner.com/ruanyifeng
[2025-08-24 09:20:25] - https://www.loyhome.com/feed
[2025-08-24 10:20:56] 本次订阅抓取结果统计:
[2025-08-24 10:20:56] 共 28 条RSS, 成功抓取 26 条.
[2025-08-24 10:20:56] ✘ 有 2 条订阅解析失败:
[2025-08-24 10:20:56] - https://tumutanzi.com/feed
[2025-08-24 10:20:56] - https://tcxx.info/feed
[2025-08-24 10:20:56] ✘ 有 2 条订阅头像无法访问, 已使用默认头像:
[2025-08-24 10:20:56] - http://feeds.feedburner.com/ruanyifeng
[2025-08-24 10:20:56] - https://www.loyhome.com/feed
