[2025-10-02 01:38:57] 本次订阅抓取结果统计:
[2025-10-02 01:38:57] 共 28 条RSS, 成功抓取 25 条.
[2025-10-02 01:38:57] ✘ 有 3 条订阅解析失败:
[2025-10-02 01:38:57] - https://tumutanzi.com/feed
[2025-10-02 01:38:57] - https://tcxx.info/feed
[2025-10-02 01:38:57] - https://geekinney.com/index.xml
[2025-10-02 01:38:57] ✘ 有 2 条订阅头像无法访问, 已使用默认头像:
[2025-10-02 01:38:57] - http://feeds.feedburner.com/ruanyifeng
[2025-10-02 01:38:57] - https://www.loyhome.com/feed
[2025-10-02 02:58:34] 本次订阅抓取结果统计:
[2025-10-02 02:58:34] 共 28 条RSS, 成功抓取 25 条.
[2025-10-02 02:58:34] ✘ 有 3 条订阅解析失败:
[2025-10-02 02:58:34] - https://tumutanzi.com/feed
[2025-10-02 02:58:34] - https://tcxx.info/feed
[2025-10-02 02:58:34] - https://geekinney.com/index.xml
[2025-10-02 02:58:34] ✘ 有 2 条订阅头像无法访问, 已使用默认头像:
[2025-10-02 02:58:34] - http://feeds.feedburner.com/ruanyifeng
[2025-10-02 02:58:34] - https://www.loyhome.com/feed
[2025-10-02 03:33:29] 本次订阅抓取结果统计:
[2025-10-02 03:33:29] 共 28 条RSS, 成功抓取 25 条.
[2025-10-02 03:33:29] ✘ 有 3 条订阅解析失败:
[2025-10-02 03:33:29] - https://tcxx.info/feed
[2025-10-02 03:33:29] - https://tumutanzi.com/feed
[2025-10-02 03:33:29] - https://geekinney.com/index.xml
[2025-10-02 03:33:29] ✘ 有 2 条订阅头像无法访问, 已使用默认头像:
[2025-10-02 03:33:29] - https://www.loyhome.com/feed
[2025-10-02 03:33:29] - http://feeds.feedburner.com/ruanyifeng
[2025-10-02 04:24:40] 本次订阅抓取结果统计:
[2025-10-02 04:24:40] 共 28 条RSS, 成功抓取 25 条.
[2025-10-02 04:24:40] ✘ 有 3 条订阅解析失败:
[2025-10-02 04:24:40] - https://tcxx.info/feed
[2025-10-02 04:24:40] - https://tumutanzi.com/feed
[2025-10-02 04:24:40] - https://geekinney.com/index.xml
[2025-10-02 04:24:40] ✘ 有 2 条订阅头像无法访问, 已使用默认头像:
[2025-10-02 04:24:40] - http://feeds.feedburner.com/ruanyifeng
[2025-10-02 04:24:40] - https://www.loyhome.com/feed
[2025-10-02 05:19:25] 本次订阅抓取结果统计:
[2025-10-02 05:19:25] 共 28 条RSS, 成功抓取 25 条.
[2025-10-02 05:19:25] ✘ 有 3 条订阅解析失败:
[2025-10-02 05:19:25] - https://tumutanzi.com/feed
[2025-10-02 05:19:25] - https://tcxx.info/feed
[2025-10-02 05:19:25] - https://geekinney.com/index.xml
[2025-10-02 05:19:25] ✘ 有 2 条订阅头像无法访问, 已使用默认头像:
[2025-10-02 05:19:25] - http://feeds.feedburner.com/ruanyifeng
[2025-10-02 05:19:25] - https://www.loyhome.com/feed
[2025-10-02 06:31:52] 本次订阅抓取结果统计:
[2025-10-02 06:31:52] 共 28 条RSS, 成功抓取 25 条.
[2025-10-02 06:31:52] ✘ 有 3 条订阅解析失败:
[2025-10-02 06:31:52] - https://tcxx.info/feed
[2025-10-02 06:31:52] - https://tumutanzi.com/feed
[2025-10-02 06:31:52] - https://geekinney.com/index.xml
[2025-10-02 06:31:52] ✘ 有 2 条订阅头像无法访问, 已使用默认头像:
[2025-10-02 06:31:52] - http://feeds.feedburner.com/ruanyifeng
[2025-10-02 06:31:52] - https://www.loyhome.com/feed
[2025-10-02 07:19:51] 本次订阅抓取结果统计:
[2025-10-02 07:19:51] 共 28 条RSS, 成功抓取 25 条.
[2025-10-02 07:19:51] ✘ 有 3 条订阅解析失败:
[2025-10-02 07:19:51] - https://tcxx.info/feed
[2025-10-02 07:19:51] - https://tumutanzi.com/feed
[2025-10-02 07:19:51] - https://geekinney.com/index.xml
[2025-10-02 07:19:51] ✘ 有 2 条订阅头像无法访问, 已使用默认头像:
[2025-10-02 07:19:51] - https://www.loyhome.com/feed
[2025-10-02 07:19:51] - http://feeds.feedburner.com/ruanyifeng
[2025-10-02 08:28:10] 本次订阅抓取结果统计:
[2025-10-02 08:28:10] 共 28 条RSS, 成功抓取 24 条.
[2025-10-02 08:28:10] ✘ 有 4 条订阅解析失败:
[2025-10-02 08:28:10] - https://blog.ursb.me/feed.xml
[2025-10-02 08:28:10] - https://tcxx.info/feed
[2025-10-02 08:28:10] - https://tumutanzi.com/feed
[2025-10-02 08:28:10] - https://geekinney.com/index.xml
[2025-10-02 08:28:10] ✘ 有 2 条订阅头像无法访问, 已使用默认头像:
[2025-10-02 08:28:10] - https://www.loyhome.com/feed
[2025-10-02 08:28:10] - http://feeds.feedburner.com/ruanyifeng
[2025-10-02 09:21:40] 本次订阅抓取结果统计:
[2025-10-02 09:21:40] 共 28 条RSS, 成功抓取 24 条.
[2025-10-02 09:21:40] ✘ 有 4 条订阅解析失败:
[2025-10-02 09:21:40] - https://blog.ursb.me/feed.xml
[2025-10-02 09:21:40] - https://tumutanzi.com/feed
[2025-10-02 09:21:40] - https://tcxx.info/feed
[2025-10-02 09:21:40] - https://geekinney.com/index.xml
[2025-10-02 09:21:40] ✘ 有 2 条订阅头像无法访问, 已使用默认头像:
[2025-10-02 09:21:40] - http://feeds.feedburner.com/ruanyifeng
[2025-10-02 09:21:40] - https://www.loyhome.com/feed
[2025-10-02 10:21:09] 本次订阅抓取结果统计:
[2025-10-02 10:21:09] 共 28 条RSS, 成功抓取 24 条.
[2025-10-02 10:21:09] ✘ 有 4 条订阅解析失败:
[2025-10-02 10:21:09] - https://blog.ursb.me/feed.xml
[2025-10-02 10:21:09] - https://tcxx.info/feed
[2025-10-02 10:21:09] - https://tumutanzi.com/feed
[2025-10-02 10:21:09] - https://geekinney.com/index.xml
[2025-10-02 10:21:09] ✘ 有 2 条订阅头像无法访问, 已使用默认头像:
[2025-10-02 10:21:09] - https://www.loyhome.com/feed
[2025-10-02 10:21:09] - http://feeds.feedburner.com/ruanyifeng
[2025-10-02 11:16:53] 本次订阅抓取结果统计:
[2025-10-02 11:16:53] 共 28 条RSS, 成功抓取 24 条.
[2025-10-02 11:16:53] ✘ 有 4 条订阅解析失败:
[2025-10-02 11:16:53] - https://blog.ursb.me/feed.xml
[2025-10-02 11:16:53] - https://tcxx.info/feed
[2025-10-02 11:16:53] - https://tumutanzi.com/feed
[2025-10-02 11:16:53] - https://geekinney.com/index.xml
[2025-10-02 11:16:53] ✘ 有 2 条订阅头像无法访问, 已使用默认头像:
[2025-10-02 11:16:53] - http://feeds.feedburner.com/ruanyifeng
[2025-10-02 11:16:53] - https://www.loyhome.com/feed
[2025-10-02 12:42:13] 本次订阅抓取结果统计:
[2025-10-02 12:42:13] 共 28 条RSS, 成功抓取 24 条.
[2025-10-02 12:42:13] ✘ 有 4 条订阅解析失败:
[2025-10-02 12:42:13] - https://blog.ursb.me/feed.xml
[2025-10-02 12:42:13] - https://tcxx.info/feed
[2025-10-02 12:42:13] - https://tumutanzi.com/feed
[2025-10-02 12:42:13] - https://geekinney.com/index.xml
[2025-10-02 12:42:13] ✘ 有 2 条订阅头像无法访问, 已使用默认头像:
[2025-10-02 12:42:13] - http://feeds.feedburner.com/ruanyifeng
[2025-10-02 12:42:13] - https://www.loyhome.com/feed
[2025-10-02 13:28:45] 本次订阅抓取结果统计:
[2025-10-02 13:28:45] 共 28 条RSS, 成功抓取 24 条.
[2025-10-02 13:28:45] ✘ 有 4 条订阅解析失败:
[2025-10-02 13:28:45] - https://blog.ursb.me/feed.xml
[2025-10-02 13:28:45] - https://tumutanzi.com/feed
[2025-10-02 13:28:45] - https://tcxx.info/feed
[2025-10-02 13:28:45] - https://geekinney.com/index.xml
[2025-10-02 13:28:45] ✘ 有 2 条订阅头像无法访问, 已使用默认头像:
[2025-10-02 13:28:45] - http://feeds.feedburner.com/ruanyifeng
[2025-10-02 13:28:45] - https://www.loyhome.com/feed
