[2025-08-25 01:50:49] 本次订阅抓取结果统计:
[2025-08-25 01:50:49] 共 28 条RSS, 成功抓取 26 条.
[2025-08-25 01:50:49] ✘ 有 2 条订阅解析失败:
[2025-08-25 01:50:49] - https://tumutanzi.com/feed
[2025-08-25 01:50:49] - https://tcxx.info/feed
[2025-08-25 01:50:49] ✘ 有 2 条订阅头像无法访问, 已使用默认头像:
[2025-08-25 01:50:49] - https://www.loyhome.com/feed
[2025-08-25 01:50:49] - http://feeds.feedburner.com/ruanyifeng
[2025-08-25 03:17:19] 本次订阅抓取结果统计:
[2025-08-25 03:17:19] 共 28 条RSS, 成功抓取 26 条.
[2025-08-25 03:17:19] ✘ 有 2 条订阅解析失败:
[2025-08-25 03:17:19] - https://tcxx.info/feed
[2025-08-25 03:17:19] - https://tumutanzi.com/feed
[2025-08-25 03:17:19] ✘ 有 2 条订阅头像无法访问, 已使用默认头像:
[2025-08-25 03:17:19] - http://feeds.feedburner.com/ruanyifeng
[2025-08-25 03:17:19] - https://www.loyhome.com/feed
[2025-08-25 04:29:49] 本次订阅抓取结果统计:
[2025-08-25 04:29:49] 共 28 条RSS, 成功抓取 26 条.
[2025-08-25 04:29:49] ✘ 有 2 条订阅解析失败:
[2025-08-25 04:29:49] - https://tcxx.info/feed
[2025-08-25 04:29:49] - https://tumutanzi.com/feed
[2025-08-25 04:29:49] ✘ 有 2 条订阅头像无法访问, 已使用默认头像:
[2025-08-25 04:29:49] - http://feeds.feedburner.com/ruanyifeng
[2025-08-25 04:29:49] - https://www.loyhome.com/feed
[2025-08-25 05:23:33] 本次订阅抓取结果统计:
[2025-08-25 05:23:33] 共 28 条RSS, 成功抓取 26 条.
[2025-08-25 05:23:33] ✘ 有 2 条订阅解析失败:
[2025-08-25 05:23:33] - https://tcxx.info/feed
[2025-08-25 05:23:33] - https://tumutanzi.com/feed
[2025-08-25 05:23:33] ✘ 有 2 条订阅头像无法访问, 已使用默认头像:
[2025-08-25 05:23:33] - http://feeds.feedburner.com/ruanyifeng
[2025-08-25 05:23:33] - https://www.loyhome.com/feed
[2025-08-25 06:35:21] 本次订阅抓取结果统计:
[2025-08-25 06:35:21] 共 28 条RSS, 成功抓取 26 条.
[2025-08-25 06:35:21] ✘ 有 2 条订阅解析失败:
[2025-08-25 06:35:21] - https://tcxx.info/feed
[2025-08-25 06:35:21] - https://tumutanzi.com/feed
[2025-08-25 06:35:21] ✘ 有 2 条订阅头像无法访问, 已使用默认头像:
[2025-08-25 06:35:21] - http://feeds.feedburner.com/ruanyifeng
[2025-08-25 06:35:21] - https://www.loyhome.com/feed
[2025-08-25 07:22:23] 本次订阅抓取结果统计:
[2025-08-25 07:22:23] 共 28 条RSS, 成功抓取 26 条.
[2025-08-25 07:22:23] ✘ 有 2 条订阅解析失败:
[2025-08-25 07:22:23] - https://tcxx.info/feed
[2025-08-25 07:22:23] - https://tumutanzi.com/feed
[2025-08-25 07:22:23] ✘ 有 2 条订阅头像无法访问, 已使用默认头像:
[2025-08-25 07:22:23] - https://www.loyhome.com/feed
[2025-08-25 07:22:23] - http://feeds.feedburner.com/ruanyifeng
[2025-08-25 08:32:09] 本次订阅抓取结果统计:
[2025-08-25 08:32:09] 共 28 条RSS, 成功抓取 26 条.
[2025-08-25 08:32:09] ✘ 有 2 条订阅解析失败:
[2025-08-25 08:32:09] - https://tcxx.info/feed
[2025-08-25 08:32:09] - https://tumutanzi.com/feed
[2025-08-25 08:32:09] ✘ 有 2 条订阅头像无法访问, 已使用默认头像:
[2025-08-25 08:32:09] - http://feeds.feedburner.com/ruanyifeng
[2025-08-25 08:32:09] - https://www.loyhome.com/feed
[2025-08-25 09:25:37] 本次订阅抓取结果统计:
[2025-08-25 09:25:37] 共 28 条RSS, 成功抓取 26 条.
[2025-08-25 09:25:37] ✘ 有 2 条订阅解析失败:
[2025-08-25 09:25:37] - https://tcxx.info/feed
[2025-08-25 09:25:37] - https://tumutanzi.com/feed
[2025-08-25 09:25:37] ✘ 有 2 条订阅头像无法访问, 已使用默认头像:
[2025-08-25 09:25:37] - https://www.loyhome.com/feed
[2025-08-25 09:25:37] - http://feeds.feedburner.com/ruanyifeng
[2025-08-25 10:24:48] 本次订阅抓取结果统计:
[2025-08-25 10:24:48] 共 28 条RSS, 成功抓取 26 条.
[2025-08-25 10:24:48] ✘ 有 2 条订阅解析失败:
[2025-08-25 10:24:48] - https://tcxx.info/feed
[2025-08-25 10:24:48] - https://tumutanzi.com/feed
[2025-08-25 10:24:48] ✘ 有 2 条订阅头像无法访问, 已使用默认头像:
[2025-08-25 10:24:48] - http://feeds.feedburner.com/ruanyifeng
[2025-08-25 10:24:48] - https://www.loyhome.com/feed
[2025-08-25 11:18:58] 本次订阅抓取结果统计:
[2025-08-25 11:18:58] 共 28 条RSS, 成功抓取 26 条.
[2025-08-25 11:18:58] ✘ 有 2 条订阅解析失败:
[2025-08-25 11:18:58] - https://tcxx.info/feed
[2025-08-25 11:18:58] - https://tumutanzi.com/feed
[2025-08-25 11:18:58] ✘ 有 2 条订阅头像无法访问, 已使用默认头像:
[2025-08-25 11:18:58] - http://feeds.feedburner.com/ruanyifeng
[2025-08-25 11:18:58] - https://www.loyhome.com/feed
[2025-08-25 12:47:08] 本次订阅抓取结果统计:
[2025-08-25 12:47:08] 共 28 条RSS, 成功抓取 26 条.
[2025-08-25 12:47:08] ✘ 有 2 条订阅解析失败:
[2025-08-25 12:47:08] - https://tcxx.info/feed
[2025-08-25 12:47:08] - https://tumutanzi.com/feed
[2025-08-25 12:47:08] ✘ 有 2 条订阅头像无法访问, 已使用默认头像:
[2025-08-25 12:47:08] - https://www.loyhome.com/feed
[2025-08-25 12:47:08] - http://feeds.feedburner.com/ruanyifeng
[2025-08-25 13:32:40] 本次订阅抓取结果统计:
[2025-08-25 13:32:40] 共 28 条RSS, 成功抓取 26 条.
[2025-08-25 13:32:40] ✘ 有 2 条订阅解析失败:
[2025-08-25 13:32:40] - https://tcxx.info/feed
[2025-08-25 13:32:40] - https://tumutanzi.com/feed
[2025-08-25 13:32:40] ✘ 有 2 条订阅头像无法访问, 已使用默认头像:
[2025-08-25 13:32:40] - http://feeds.feedburner.com/ruanyifeng
[2025-08-25 13:32:40] - https://www.loyhome.com/feed
[2025-08-25 14:23:05] 本次订阅抓取结果统计:
[2025-08-25 14:23:05] 共 28 条RSS, 成功抓取 26 条.
[2025-08-25 14:23:05] ✘ 有 2 条订阅解析失败:
[2025-08-25 14:23:05] - https://tcxx.info/feed
[2025-08-25 14:23:05] - https://tumutanzi.com/feed
[2025-08-25 14:23:05] ✘ 有 2 条订阅头像无法访问, 已使用默认头像:
[2025-08-25 14:23:05] - https://www.loyhome.com/feed
[2025-08-25 14:23:05] - http://feeds.feedburner.com/ruanyifeng
[2025-08-25 15:24:21] 本次订阅抓取结果统计:
[2025-08-25 15:24:21] 共 28 条RSS, 成功抓取 26 条.
[2025-08-25 15:24:21] ✘ 有 2 条订阅解析失败:
[2025-08-25 15:24:21] - https://tcxx.info/feed
[2025-08-25 15:24:21] - https://tumutanzi.com/feed
[2025-08-25 15:24:21] ✘ 有 2 条订阅头像无法访问, 已使用默认头像:
[2025-08-25 15:24:21] - https://www.loyhome.com/feed
[2025-08-25 15:24:21] - http://feeds.feedburner.com/ruanyifeng
[2025-08-25 16:28:26] 本次订阅抓取结果统计:
[2025-08-25 16:28:26] 共 28 条RSS, 成功抓取 26 条.
[2025-08-25 16:28:26] ✘ 有 2 条订阅解析失败:
[2025-08-25 16:28:26] - https://tcxx.info/feed
[2025-08-25 16:28:26] - https://tumutanzi.com/feed
[2025-08-25 16:28:26] ✘ 有 2 条订阅头像无法访问, 已使用默认头像:
[2025-08-25 16:28:26] - https://www.loyhome.com/feed
[2025-08-25 16:28:26] - http://feeds.feedburner.com/ruanyifeng
[2025-08-25 17:17:58] 本次订阅抓取结果统计:
[2025-08-25 17:17:58] 共 28 条RSS, 成功抓取 26 条.
[2025-08-25 17:17:58] ✘ 有 2 条订阅解析失败:
[2025-08-25 17:17:58] - https://tcxx.info/feed
[2025-08-25 17:17:58] - https://tumutanzi.com/feed
[2025-08-25 17:17:58] ✘ 有 2 条订阅头像无法访问, 已使用默认头像:
[2025-08-25 17:17:58] - https://www.loyhome.com/feed
[2025-08-25 17:17:58] - http://feeds.feedburner.com/ruanyifeng
[2025-08-25 18:32:52] 本次订阅抓取结果统计:
[2025-08-25 18:32:52] 共 28 条RSS, 成功抓取 25 条.
[2025-08-25 18:32:52] ✘ 有 3 条订阅解析失败:
[2025-08-25 18:32:52] - https://tumutanzi.com/feed
[2025-08-25 18:32:52] - https://tcxx.info/feed
[2025-08-25 18:32:52] - https://blog.yanqingshan.com/feed
[2025-08-25 18:32:52] ✘ 有 2 条订阅头像无法访问, 已使用默认头像:
[2025-08-25 18:32:52] - https://www.loyhome.com/feed
[2025-08-25 18:32:52] - http://feeds.feedburner.com/ruanyifeng
