[2025-12-31 01:57:22] 本次订阅抓取结果统计:
[2025-12-31 01:57:22] 共 28 条RSS, 成功抓取 25 条.
[2025-12-31 01:57:22] ✘ 有 3 条订阅解析失败:
[2025-12-31 01:57:22] - https://tumutanzi.com/feed
[2025-12-31 01:57:22] - https://tcxx.info/feed
[2025-12-31 01:57:22] - https://geekinney.com/index.xml
[2025-12-31 01:57:22] ✘ 有 2 条订阅头像无法访问, 已使用默认头像:
[2025-12-31 01:57:22] - https://oba.by/feed
[2025-12-31 01:57:22] - http://feeds.feedburner.com/ruanyifeng
[2025-12-31 03:41:35] 本次订阅抓取结果统计:
[2025-12-31 03:41:35] 共 28 条RSS, 成功抓取 25 条.
[2025-12-31 03:41:35] ✘ 有 3 条订阅解析失败:
[2025-12-31 03:41:35] - https://tcxx.info/feed
[2025-12-31 03:41:35] - https://tumutanzi.com/feed
[2025-12-31 03:41:35] - https://geekinney.com/index.xml
[2025-12-31 03:41:35] ✘ 有 2 条订阅头像无法访问, 已使用默认头像:
[2025-12-31 03:41:35] - https://oba.by/feed
[2025-12-31 03:41:35] - http://feeds.feedburner.com/ruanyifeng
[2025-12-31 04:40:48] 本次订阅抓取结果统计:
[2025-12-31 04:40:48] 共 28 条RSS, 成功抓取 25 条.
[2025-12-31 04:40:48] ✘ 有 3 条订阅解析失败:
[2025-12-31 04:40:48] - https://tcxx.info/feed
[2025-12-31 04:40:48] - https://tumutanzi.com/feed
[2025-12-31 04:40:48] - https://geekinney.com/index.xml
[2025-12-31 04:40:48] ✘ 有 2 条订阅头像无法访问, 已使用默认头像:
[2025-12-31 04:40:48] - https://oba.by/feed
[2025-12-31 04:40:48] - http://feeds.feedburner.com/ruanyifeng
[2025-12-31 05:27:55] 本次订阅抓取结果统计:
[2025-12-31 05:27:55] 共 28 条RSS, 成功抓取 25 条.
[2025-12-31 05:27:55] ✘ 有 3 条订阅解析失败:
[2025-12-31 05:27:55] - https://tcxx.info/feed
[2025-12-31 05:27:55] - https://tumutanzi.com/feed
[2025-12-31 05:27:55] - https://geekinney.com/index.xml
[2025-12-31 05:27:55] ✘ 有 2 条订阅头像无法访问, 已使用默认头像:
[2025-12-31 05:27:55] - https://oba.by/feed
[2025-12-31 05:27:55] - http://feeds.feedburner.com/ruanyifeng
