[2025-12-11 01:56:05] 本次订阅抓取结果统计:
[2025-12-11 01:56:05] 共 28 条RSS, 成功抓取 25 条.
[2025-12-11 01:56:05] ✘ 有 3 条订阅解析失败:
[2025-12-11 01:56:05] - https://tcxx.info/feed
[2025-12-11 01:56:05] - https://tumutanzi.com/feed
[2025-12-11 01:56:05] - https://geekinney.com/index.xml
[2025-12-11 01:56:05] ✘ 有 2 条订阅头像无法访问, 已使用默认头像:
[2025-12-11 01:56:05] - https://www.loyhome.com/feed
[2025-12-11 01:56:05] - http://feeds.feedburner.com/ruanyifeng
[2025-12-11 03:28:34] 本次订阅抓取结果统计:
[2025-12-11 03:28:34] 共 28 条RSS, 成功抓取 24 条.
[2025-12-11 03:28:34] ✘ 有 4 条订阅解析失败:
[2025-12-11 03:28:34] - https://tcxx.info/feed
[2025-12-11 03:28:34] - https://tumutanzi.com/feed
[2025-12-11 03:28:34] - https://geekinney.com/index.xml
[2025-12-11 03:28:34] - https://www.loyhome.com/feed
[2025-12-11 03:28:34] ✘ 有 1 条订阅头像无法访问, 已使用默认头像:
[2025-12-11 03:28:34] - http://feeds.feedburner.com/ruanyifeng
[2025-12-11 04:38:19] 本次订阅抓取结果统计:
[2025-12-11 04:38:19] 共 28 条RSS, 成功抓取 24 条.
[2025-12-11 04:38:19] ✘ 有 4 条订阅解析失败:
[2025-12-11 04:38:19] - https://tumutanzi.com/feed
[2025-12-11 04:38:19] - https://tcxx.info/feed
[2025-12-11 04:38:19] - https://geekinney.com/index.xml
[2025-12-11 04:38:19] - https://www.loyhome.com/feed
[2025-12-11 04:38:19] ✘ 有 1 条订阅头像无法访问, 已使用默认头像:
[2025-12-11 04:38:19] - http://feeds.feedburner.com/ruanyifeng
[2025-12-11 05:25:58] 本次订阅抓取结果统计:
[2025-12-11 05:25:58] 共 28 条RSS, 成功抓取 25 条.
[2025-12-11 05:25:58] ✘ 有 3 条订阅解析失败:
[2025-12-11 05:25:58] - https://tcxx.info/feed
[2025-12-11 05:25:58] - https://tumutanzi.com/feed
[2025-12-11 05:25:58] - https://geekinney.com/index.xml
[2025-12-11 05:25:58] ✘ 有 2 条订阅头像无法访问, 已使用默认头像:
[2025-12-11 05:25:58] - http://feeds.feedburner.com/ruanyifeng
[2025-12-11 05:25:58] - https://www.loyhome.com/feed
[2025-12-11 06:39:25] 本次订阅抓取结果统计:
[2025-12-11 06:39:25] 共 28 条RSS, 成功抓取 24 条.
[2025-12-11 06:39:25] ✘ 有 4 条订阅解析失败:
[2025-12-11 06:39:25] - https://tcxx.info/feed
[2025-12-11 06:39:25] - https://tumutanzi.com/feed
[2025-12-11 06:39:25] - https://geekinney.com/index.xml
[2025-12-11 06:39:25] - https://www.loyhome.com/feed
[2025-12-11 06:39:25] ✘ 有 1 条订阅头像无法访问, 已使用默认头像:
[2025-12-11 06:39:25] - http://feeds.feedburner.com/ruanyifeng
[2025-12-11 07:27:49] 本次订阅抓取结果统计:
[2025-12-11 07:27:49] 共 28 条RSS, 成功抓取 24 条.
[2025-12-11 07:27:49] ✘ 有 4 条订阅解析失败:
[2025-12-11 07:27:49] - https://tcxx.info/feed
[2025-12-11 07:27:49] - https://tumutanzi.com/feed
[2025-12-11 07:27:49] - https://geekinney.com/index.xml
[2025-12-11 07:27:49] - https://www.loyhome.com/feed
[2025-12-11 07:27:49] ✘ 有 1 条订阅头像无法访问, 已使用默认头像:
[2025-12-11 07:27:49] - http://feeds.feedburner.com/ruanyifeng
[2025-12-11 08:34:12] 本次订阅抓取结果统计:
[2025-12-11 08:34:12] 共 28 条RSS, 成功抓取 25 条.
[2025-12-11 08:34:12] ✘ 有 3 条订阅解析失败:
[2025-12-11 08:34:12] - https://tcxx.info/feed
[2025-12-11 08:34:12] - https://tumutanzi.com/feed
[2025-12-11 08:34:12] - https://geekinney.com/index.xml
[2025-12-11 08:34:12] ✘ 有 2 条订阅头像无法访问, 已使用默认头像:
[2025-12-11 08:34:12] - http://feeds.feedburner.com/ruanyifeng
[2025-12-11 08:34:12] - https://www.loyhome.com/feed
[2025-12-11 09:29:30] 本次订阅抓取结果统计:
[2025-12-11 09:29:30] 共 28 条RSS, 成功抓取 25 条.
[2025-12-11 09:29:30] ✘ 有 3 条订阅解析失败:
[2025-12-11 09:29:30] - https://tumutanzi.com/feed
[2025-12-11 09:29:30] - https://tcxx.info/feed
[2025-12-11 09:29:30] - https://geekinney.com/index.xml
[2025-12-11 09:29:30] ✘ 有 2 条订阅头像无法访问, 已使用默认头像:
[2025-12-11 09:29:30] - http://feeds.feedburner.com/ruanyifeng
[2025-12-11 09:29:30] - https://www.loyhome.com/feed
[2025-12-11 10:28:45] 本次订阅抓取结果统计:
[2025-12-11 10:28:45] 共 28 条RSS, 成功抓取 25 条.
[2025-12-11 10:28:45] ✘ 有 3 条订阅解析失败:
[2025-12-11 10:28:45] - https://tcxx.info/feed
[2025-12-11 10:28:45] - https://tumutanzi.com/feed
[2025-12-11 10:28:45] - https://geekinney.com/index.xml
[2025-12-11 10:28:45] ✘ 有 2 条订阅头像无法访问, 已使用默认头像:
[2025-12-11 10:28:45] - http://feeds.feedburner.com/ruanyifeng
[2025-12-11 10:28:45] - https://www.loyhome.com/feed
[2025-12-11 11:22:03] 本次订阅抓取结果统计:
[2025-12-11 11:22:03] 共 28 条RSS, 成功抓取 25 条.
[2025-12-11 11:22:03] ✘ 有 3 条订阅解析失败:
[2025-12-11 11:22:03] - https://tcxx.info/feed
[2025-12-11 11:22:03] - https://tumutanzi.com/feed
[2025-12-11 11:22:03] - https://geekinney.com/index.xml
[2025-12-11 11:22:03] ✘ 有 3 条订阅头像无法访问, 已使用默认头像:
[2025-12-11 11:22:03] - http://feeds.feedburner.com/ruanyifeng
[2025-12-11 11:22:03] - https://www.loyhome.com/feed
[2025-12-11 11:22:03] - https://xyzbz.cn/feed
[2025-12-11 12:54:04] 本次订阅抓取结果统计:
[2025-12-11 12:54:04] 共 28 条RSS, 成功抓取 22 条.
[2025-12-11 12:54:04] ✘ 有 6 条订阅解析失败:
[2025-12-11 12:54:04] - https://tcxx.info/feed
[2025-12-11 12:54:04] - https://tumutanzi.com/feed
[2025-12-11 12:54:04] - https://geekinney.com/index.xml
[2025-12-11 12:54:04] - https://oba.by/feed
[2025-12-11 12:54:04] - https://blog.zhheo.com/rss.xml
[2025-12-11 12:54:04] - https://xyzbz.cn/feed
[2025-12-11 12:54:04] ✘ 有 2 条订阅头像无法访问, 已使用默认头像:
[2025-12-11 12:54:04] - https://www.loyhome.com/feed
[2025-12-11 12:54:04] - http://feeds.feedburner.com/ruanyifeng
[2025-12-11 13:41:42] 本次订阅抓取结果统计:
[2025-12-11 13:41:42] 共 28 条RSS, 成功抓取 25 条.
[2025-12-11 13:41:42] ✘ 有 3 条订阅解析失败:
[2025-12-11 13:41:42] - https://tumutanzi.com/feed
[2025-12-11 13:41:42] - https://tcxx.info/feed
[2025-12-11 13:41:42] - https://geekinney.com/index.xml
[2025-12-11 13:41:42] ✘ 有 2 条订阅头像无法访问, 已使用默认头像:
[2025-12-11 13:41:42] - http://feeds.feedburner.com/ruanyifeng
[2025-12-11 13:41:42] - https://www.loyhome.com/feed
[2025-12-11 14:25:29] 本次订阅抓取结果统计:
[2025-12-11 14:25:29] 共 28 条RSS, 成功抓取 25 条.
[2025-12-11 14:25:29] ✘ 有 3 条订阅解析失败:
[2025-12-11 14:25:29] - https://tumutanzi.com/feed
[2025-12-11 14:25:29] - https://tcxx.info/feed
[2025-12-11 14:25:29] - https://geekinney.com/index.xml
[2025-12-11 14:25:29] ✘ 有 2 条订阅头像无法访问, 已使用默认头像:
[2025-12-11 14:25:29] - http://feeds.feedburner.com/ruanyifeng
[2025-12-11 14:25:29] - https://www.loyhome.com/feed
[2025-12-11 15:29:10] 本次订阅抓取结果统计:
[2025-12-11 15:29:10] 共 28 条RSS, 成功抓取 25 条.
[2025-12-11 15:29:10] ✘ 有 3 条订阅解析失败:
[2025-12-11 15:29:10] - https://tcxx.info/feed
[2025-12-11 15:29:10] - https://tumutanzi.com/feed
[2025-12-11 15:29:10] - https://geekinney.com/index.xml
[2025-12-11 15:29:10] ✘ 有 3 条订阅头像无法访问, 已使用默认头像:
[2025-12-11 15:29:10] - https://www.loyhome.com/feed
[2025-12-11 15:29:10] - http://feeds.feedburner.com/ruanyifeng
[2025-12-11 15:29:10] - https://xyzbz.cn/feed
[2025-12-11 16:35:09] 本次订阅抓取结果统计:
[2025-12-11 16:35:09] 共 28 条RSS, 成功抓取 25 条.
[2025-12-11 16:35:09] ✘ 有 3 条订阅解析失败:
[2025-12-11 16:35:09] - https://tcxx.info/feed
[2025-12-11 16:35:09] - https://tumutanzi.com/feed
[2025-12-11 16:35:09] - https://geekinney.com/index.xml
[2025-12-11 16:35:09] ✘ 有 2 条订阅头像无法访问, 已使用默认头像:
[2025-12-11 16:35:09] - http://feeds.feedburner.com/ruanyifeng
[2025-12-11 16:35:09] - https://www.loyhome.com/feed
