[2025-07-24 01:59:57] 本次订阅抓取结果统计:
[2025-07-24 01:59:57] 共 28 条RSS, 成功抓取 27 条.
[2025-07-24 01:59:57] ✘ 有 1 条订阅解析失败:
[2025-07-24 01:59:57] - https://tcxx.info/feed
[2025-07-24 01:59:57] ✘ 有 2 条订阅头像无法访问, 已使用默认头像:
[2025-07-24 01:59:57] - http://feeds.feedburner.com/ruanyifeng
[2025-07-24 01:59:57] - https://www.loyhome.com/feed
[2025-07-24 03:42:16] 本次订阅抓取结果统计:
[2025-07-24 03:42:16] 共 28 条RSS, 成功抓取 27 条.
[2025-07-24 03:42:16] ✘ 有 1 条订阅解析失败:
[2025-07-24 03:42:16] - https://tcxx.info/feed
[2025-07-24 03:42:16] ✘ 有 2 条订阅头像无法访问, 已使用默认头像:
[2025-07-24 03:42:16] - http://feeds.feedburner.com/ruanyifeng
[2025-07-24 03:42:16] - https://www.loyhome.com/feed
[2025-07-24 04:41:49] 本次订阅抓取结果统计:
[2025-07-24 04:41:49] 共 28 条RSS, 成功抓取 27 条.
[2025-07-24 04:41:49] ✘ 有 1 条订阅解析失败:
[2025-07-24 04:41:49] - https://tcxx.info/feed
[2025-07-24 04:41:49] ✘ 有 2 条订阅头像无法访问, 已使用默认头像:
[2025-07-24 04:41:49] - http://feeds.feedburner.com/ruanyifeng
[2025-07-24 04:41:49] - https://www.loyhome.com/feed
[2025-07-24 05:28:36] 本次订阅抓取结果统计:
[2025-07-24 05:28:36] 共 28 条RSS, 成功抓取 27 条.
[2025-07-24 05:28:36] ✘ 有 1 条订阅解析失败:
[2025-07-24 05:28:36] - https://tcxx.info/feed
[2025-07-24 05:28:36] ✘ 有 2 条订阅头像无法访问, 已使用默认头像:
[2025-07-24 05:28:36] - http://feeds.feedburner.com/ruanyifeng
[2025-07-24 05:28:36] - https://www.loyhome.com/feed
[2025-07-24 06:37:31] 本次订阅抓取结果统计:
[2025-07-24 06:37:31] 共 28 条RSS, 成功抓取 23 条.
[2025-07-24 06:37:31] ✘ 有 5 条订阅解析失败:
[2025-07-24 06:37:31] - https://tcxx.info/feed
[2025-07-24 06:37:31] - https://blog.yanqingshan.com/feed
[2025-07-24 06:37:31] - https://xyzbz.cn/feed
[2025-07-24 06:37:31] - https://oba.by/feed
[2025-07-24 06:37:31] - https://blog.zhheo.com/rss.xml
[2025-07-24 06:37:31] ✘ 有 2 条订阅头像无法访问, 已使用默认头像:
[2025-07-24 06:37:31] - https://www.loyhome.com/feed
[2025-07-24 06:37:31] - http://feeds.feedburner.com/ruanyifeng
[2025-07-24 07:25:55] 本次订阅抓取结果统计:
[2025-07-24 07:25:55] 共 28 条RSS, 成功抓取 27 条.
[2025-07-24 07:25:55] ✘ 有 1 条订阅解析失败:
[2025-07-24 07:25:55] - https://tcxx.info/feed
[2025-07-24 07:25:55] ✘ 有 2 条订阅头像无法访问, 已使用默认头像:
[2025-07-24 07:25:55] - http://feeds.feedburner.com/ruanyifeng
[2025-07-24 07:25:55] - https://www.loyhome.com/feed
[2025-07-24 08:32:59] 本次订阅抓取结果统计:
[2025-07-24 08:32:59] 共 28 条RSS, 成功抓取 27 条.
[2025-07-24 08:32:59] ✘ 有 1 条订阅解析失败:
[2025-07-24 08:32:59] - https://tcxx.info/feed
[2025-07-24 08:32:59] ✘ 有 2 条订阅头像无法访问, 已使用默认头像:
[2025-07-24 08:32:59] - https://www.loyhome.com/feed
[2025-07-24 08:32:59] - http://feeds.feedburner.com/ruanyifeng
[2025-07-24 09:28:35] 本次订阅抓取结果统计:
[2025-07-24 09:28:35] 共 28 条RSS, 成功抓取 27 条.
[2025-07-24 09:28:35] ✘ 有 1 条订阅解析失败:
[2025-07-24 09:28:35] - https://tcxx.info/feed
[2025-07-24 09:28:35] ✘ 有 2 条订阅头像无法访问, 已使用默认头像:
[2025-07-24 09:28:35] - http://feeds.feedburner.com/ruanyifeng
[2025-07-24 09:28:35] - https://www.loyhome.com/feed
[2025-07-24 10:27:09] 本次订阅抓取结果统计:
[2025-07-24 10:27:09] 共 28 条RSS, 成功抓取 27 条.
[2025-07-24 10:27:09] ✘ 有 1 条订阅解析失败:
[2025-07-24 10:27:09] - https://tcxx.info/feed
[2025-07-24 10:27:09] ✘ 有 2 条订阅头像无法访问, 已使用默认头像:
[2025-07-24 10:27:09] - http://feeds.feedburner.com/ruanyifeng
[2025-07-24 10:27:09] - https://www.loyhome.com/feed
[2025-07-24 11:21:09] 本次订阅抓取结果统计:
[2025-07-24 11:21:09] 共 28 条RSS, 成功抓取 27 条.
[2025-07-24 11:21:09] ✘ 有 1 条订阅解析失败:
[2025-07-24 11:21:09] - https://tcxx.info/feed
[2025-07-24 11:21:09] ✘ 有 2 条订阅头像无法访问, 已使用默认头像:
[2025-07-24 11:21:09] - http://feeds.feedburner.com/ruanyifeng
[2025-07-24 11:21:09] - https://www.loyhome.com/feed
[2025-07-24 12:51:08] 本次订阅抓取结果统计:
[2025-07-24 12:51:08] 共 28 条RSS, 成功抓取 27 条.
[2025-07-24 12:51:08] ✘ 有 1 条订阅解析失败:
[2025-07-24 12:51:08] - https://tcxx.info/feed
[2025-07-24 12:51:08] ✘ 有 2 条订阅头像无法访问, 已使用默认头像:
[2025-07-24 12:51:08] - http://feeds.feedburner.com/ruanyifeng
[2025-07-24 12:51:08] - https://www.loyhome.com/feed
[2025-07-24 13:41:27] 本次订阅抓取结果统计:
[2025-07-24 13:41:27] 共 28 条RSS, 成功抓取 23 条.
[2025-07-24 13:41:27] ✘ 有 5 条订阅解析失败:
[2025-07-24 13:41:27] - https://tcxx.info/feed
[2025-07-24 13:41:27] - https://xyzbz.cn/feed
[2025-07-24 13:41:27] - https://blog.yanqingshan.com/feed
[2025-07-24 13:41:27] - https://blog.zhheo.com/rss.xml
[2025-07-24 13:41:27] - https://oba.by/feed
[2025-07-24 13:41:27] ✘ 有 2 条订阅头像无法访问, 已使用默认头像:
[2025-07-24 13:41:27] - https://www.loyhome.com/feed
[2025-07-24 13:41:27] - http://feeds.feedburner.com/ruanyifeng
[2025-07-24 14:25:52] 本次订阅抓取结果统计:
[2025-07-24 14:25:52] 共 28 条RSS, 成功抓取 27 条.
[2025-07-24 14:25:52] ✘ 有 1 条订阅解析失败:
[2025-07-24 14:25:52] - https://tcxx.info/feed
[2025-07-24 14:25:52] ✘ 有 2 条订阅头像无法访问, 已使用默认头像:
[2025-07-24 14:25:52] - http://feeds.feedburner.com/ruanyifeng
[2025-07-24 14:25:52] - https://www.loyhome.com/feed
