[2025-11-14 01:49:21] 本次订阅抓取结果统计:
[2025-11-14 01:49:21] 共 28 条RSS, 成功抓取 25 条.
[2025-11-14 01:49:21] ✘ 有 3 条订阅解析失败:
[2025-11-14 01:49:21] - https://tcxx.info/feed
[2025-11-14 01:49:21] - https://tumutanzi.com/feed
[2025-11-14 01:49:21] - https://geekinney.com/index.xml
[2025-11-14 01:49:21] ✘ 有 2 条订阅头像无法访问, 已使用默认头像:
[2025-11-14 01:49:21] - http://feeds.feedburner.com/ruanyifeng
[2025-11-14 01:49:21] - https://www.loyhome.com/feed
[2025-11-14 03:15:37] 本次订阅抓取结果统计:
[2025-11-14 03:15:37] 共 28 条RSS, 成功抓取 25 条.
[2025-11-14 03:15:37] ✘ 有 3 条订阅解析失败:
[2025-11-14 03:15:37] - https://tcxx.info/feed
[2025-11-14 03:15:37] - https://tumutanzi.com/feed
[2025-11-14 03:15:37] - https://geekinney.com/index.xml
[2025-11-14 03:15:37] ✘ 有 2 条订阅头像无法访问, 已使用默认头像:
[2025-11-14 03:15:37] - http://feeds.feedburner.com/ruanyifeng
[2025-11-14 03:15:37] - https://www.loyhome.com/feed
[2025-11-14 04:26:50] 本次订阅抓取结果统计:
[2025-11-14 04:26:50] 共 28 条RSS, 成功抓取 25 条.
[2025-11-14 04:26:50] ✘ 有 3 条订阅解析失败:
[2025-11-14 04:26:50] - https://tcxx.info/feed
[2025-11-14 04:26:50] - https://tumutanzi.com/feed
[2025-11-14 04:26:50] - https://geekinney.com/index.xml
[2025-11-14 04:26:50] ✘ 有 2 条订阅头像无法访问, 已使用默认头像:
[2025-11-14 04:26:50] - http://feeds.feedburner.com/ruanyifeng
[2025-11-14 04:26:50] - https://www.loyhome.com/feed
[2025-11-14 05:22:30] 本次订阅抓取结果统计:
[2025-11-14 05:22:30] 共 28 条RSS, 成功抓取 25 条.
[2025-11-14 05:22:30] ✘ 有 3 条订阅解析失败:
[2025-11-14 05:22:30] - https://tcxx.info/feed
[2025-11-14 05:22:30] - https://tumutanzi.com/feed
[2025-11-14 05:22:30] - https://geekinney.com/index.xml
[2025-11-14 05:22:30] ✘ 有 2 条订阅头像无法访问, 已使用默认头像:
[2025-11-14 05:22:30] - http://feeds.feedburner.com/ruanyifeng
[2025-11-14 05:22:30] - https://www.loyhome.com/feed
[2025-11-14 06:34:30] 本次订阅抓取结果统计:
[2025-11-14 06:34:30] 共 28 条RSS, 成功抓取 25 条.
[2025-11-14 06:34:30] ✘ 有 3 条订阅解析失败:
[2025-11-14 06:34:30] - https://tcxx.info/feed
[2025-11-14 06:34:30] - https://tumutanzi.com/feed
[2025-11-14 06:34:30] - https://geekinney.com/index.xml
[2025-11-14 06:34:30] ✘ 有 2 条订阅头像无法访问, 已使用默认头像:
[2025-11-14 06:34:30] - https://www.loyhome.com/feed
[2025-11-14 06:34:30] - http://feeds.feedburner.com/ruanyifeng
[2025-11-14 07:21:59] 本次订阅抓取结果统计:
[2025-11-14 07:21:59] 共 28 条RSS, 成功抓取 25 条.
[2025-11-14 07:21:59] ✘ 有 3 条订阅解析失败:
[2025-11-14 07:21:59] - https://tumutanzi.com/feed
[2025-11-14 07:21:59] - https://tcxx.info/feed
[2025-11-14 07:21:59] - https://geekinney.com/index.xml
[2025-11-14 07:21:59] ✘ 有 3 条订阅头像无法访问, 已使用默认头像:
[2025-11-14 07:21:59] - http://feeds.feedburner.com/ruanyifeng
[2025-11-14 07:21:59] - https://www.loyhome.com/feed
[2025-11-14 07:21:59] - https://xyzbz.cn/feed
[2025-11-14 08:30:31] 本次订阅抓取结果统计:
[2025-11-14 08:30:31] 共 28 条RSS, 成功抓取 25 条.
[2025-11-14 08:30:31] ✘ 有 3 条订阅解析失败:
[2025-11-14 08:30:31] - https://tumutanzi.com/feed
[2025-11-14 08:30:31] - https://tcxx.info/feed
[2025-11-14 08:30:31] - https://geekinney.com/index.xml
[2025-11-14 08:30:31] ✘ 有 2 条订阅头像无法访问, 已使用默认头像:
[2025-11-14 08:30:31] - http://feeds.feedburner.com/ruanyifeng
[2025-11-14 08:30:31] - https://www.loyhome.com/feed
