[2025-11-19 01:48:45] 本次订阅抓取结果统计:
[2025-11-19 01:48:45] 共 28 条RSS, 成功抓取 24 条.
[2025-11-19 01:48:45] ✘ 有 4 条订阅解析失败:
[2025-11-19 01:48:45] - https://tumutanzi.com/feed
[2025-11-19 01:48:45] - https://tcxx.info/feed
[2025-11-19 01:48:45] - https://geekinney.com/index.xml
[2025-11-19 01:48:45] - https://www.shephe.com/feed
[2025-11-19 01:48:45] ✘ 有 2 条订阅头像无法访问, 已使用默认头像:
[2025-11-19 01:48:45] - http://feeds.feedburner.com/ruanyifeng
[2025-11-19 01:48:45] - https://www.loyhome.com/feed
[2025-11-19 03:18:43] 本次订阅抓取结果统计:
[2025-11-19 03:18:43] 共 28 条RSS, 成功抓取 24 条.
[2025-11-19 03:18:43] ✘ 有 4 条订阅解析失败:
[2025-11-19 03:18:43] - https://tumutanzi.com/feed
[2025-11-19 03:18:43] - https://tcxx.info/feed
[2025-11-19 03:18:43] - https://geekinney.com/index.xml
[2025-11-19 03:18:43] - https://www.shephe.com/feed
[2025-11-19 03:18:43] ✘ 有 2 条订阅头像无法访问, 已使用默认头像:
[2025-11-19 03:18:43] - http://feeds.feedburner.com/ruanyifeng
[2025-11-19 03:18:43] - https://www.loyhome.com/feed
[2025-11-19 04:29:15] 本次订阅抓取结果统计:
[2025-11-19 04:29:15] 共 28 条RSS, 成功抓取 24 条.
[2025-11-19 04:29:15] ✘ 有 4 条订阅解析失败:
[2025-11-19 04:29:15] - https://tcxx.info/feed
[2025-11-19 04:29:15] - https://tumutanzi.com/feed
[2025-11-19 04:29:15] - https://geekinney.com/index.xml
[2025-11-19 04:29:15] - https://www.shephe.com/feed
[2025-11-19 04:29:15] ✘ 有 2 条订阅头像无法访问, 已使用默认头像:
[2025-11-19 04:29:15] - https://www.loyhome.com/feed
[2025-11-19 04:29:15] - http://feeds.feedburner.com/ruanyifeng
[2025-11-19 05:24:38] 本次订阅抓取结果统计:
[2025-11-19 05:24:38] 共 28 条RSS, 成功抓取 24 条.
[2025-11-19 05:24:38] ✘ 有 4 条订阅解析失败:
[2025-11-19 05:24:38] - https://tcxx.info/feed
[2025-11-19 05:24:38] - https://tumutanzi.com/feed
[2025-11-19 05:24:38] - https://geekinney.com/index.xml
[2025-11-19 05:24:38] - https://www.shephe.com/feed
[2025-11-19 05:24:38] ✘ 有 2 条订阅头像无法访问, 已使用默认头像:
[2025-11-19 05:24:38] - https://www.loyhome.com/feed
[2025-11-19 05:24:38] - http://feeds.feedburner.com/ruanyifeng
