[2025-04-19 01:39:32] 本次订阅抓取结果统计:
[2025-04-19 01:39:32] 共 28 条RSS, 成功抓取 27 条.
[2025-04-19 01:39:32] ✘ 有 1 条订阅解析失败:
[2025-04-19 01:39:32] - https://tcxx.info/feed
[2025-04-19 01:39:32] ✘ 有 2 条订阅头像无法访问, 已使用默认头像:
[2025-04-19 01:39:32] - http://feeds.feedburner.com/ruanyifeng
[2025-04-19 01:39:32] - https://www.loyhome.com/feed
[2025-04-19 02:57:53] 本次订阅抓取结果统计:
[2025-04-19 02:57:53] 共 28 条RSS, 成功抓取 27 条.
[2025-04-19 02:57:53] ✘ 有 1 条订阅解析失败:
[2025-04-19 02:57:53] - https://tcxx.info/feed
[2025-04-19 02:57:53] ✘ 有 3 条订阅头像无法访问, 已使用默认头像:
[2025-04-19 02:57:53] - https://www.loyhome.com/feed
[2025-04-19 02:57:53] - http://feeds.feedburner.com/ruanyifeng
[2025-04-19 02:57:53] - https://blog.zhheo.com/rss.xml
[2025-04-19 03:33:49] 本次订阅抓取结果统计:
[2025-04-19 03:33:49] 共 28 条RSS, 成功抓取 27 条.
[2025-04-19 03:33:49] ✘ 有 1 条订阅解析失败:
[2025-04-19 03:33:49] - https://tcxx.info/feed
[2025-04-19 03:33:49] ✘ 有 2 条订阅头像无法访问, 已使用默认头像:
[2025-04-19 03:33:49] - http://feeds.feedburner.com/ruanyifeng
[2025-04-19 03:33:49] - https://www.loyhome.com/feed
[2025-04-19 04:24:22] 本次订阅抓取结果统计:
[2025-04-19 04:24:22] 共 28 条RSS, 成功抓取 27 条.
[2025-04-19 04:24:22] ✘ 有 1 条订阅解析失败:
[2025-04-19 04:24:22] - https://tcxx.info/feed
[2025-04-19 04:24:22] ✘ 有 2 条订阅头像无法访问, 已使用默认头像:
[2025-04-19 04:24:22] - http://feeds.feedburner.com/ruanyifeng
[2025-04-19 04:24:22] - https://www.loyhome.com/feed
[2025-04-19 05:21:08] 本次订阅抓取结果统计:
[2025-04-19 05:21:08] 共 28 条RSS, 成功抓取 27 条.
[2025-04-19 05:21:08] ✘ 有 1 条订阅解析失败:
[2025-04-19 05:21:08] - https://tcxx.info/feed
[2025-04-19 05:21:08] ✘ 有 3 条订阅头像无法访问, 已使用默认头像:
[2025-04-19 05:21:08] - http://feeds.feedburner.com/ruanyifeng
[2025-04-19 05:21:08] - https://www.loyhome.com/feed
[2025-04-19 05:21:08] - https://xyzbz.cn/feed
