[2025-09-30 01:38:48] 本次订阅抓取结果统计:
[2025-09-30 01:38:48] 共 28 条RSS, 成功抓取 25 条.
[2025-09-30 01:38:48] ✘ 有 3 条订阅解析失败:
[2025-09-30 01:38:48] - https://tumutanzi.com/feed
[2025-09-30 01:38:48] - https://tcxx.info/feed
[2025-09-30 01:38:48] - https://geekinney.com/index.xml
[2025-09-30 01:38:48] ✘ 有 2 条订阅头像无法访问, 已使用默认头像:
[2025-09-30 01:38:48] - http://feeds.feedburner.com/ruanyifeng
[2025-09-30 01:38:48] - https://www.loyhome.com/feed
[2025-09-30 02:59:35] 本次订阅抓取结果统计:
[2025-09-30 02:59:35] 共 28 条RSS, 成功抓取 25 条.
[2025-09-30 02:59:35] ✘ 有 3 条订阅解析失败:
[2025-09-30 02:59:35] - https://tcxx.info/feed
[2025-09-30 02:59:35] - https://tumutanzi.com/feed
[2025-09-30 02:59:35] - https://geekinney.com/index.xml
[2025-09-30 02:59:35] ✘ 有 2 条订阅头像无法访问, 已使用默认头像:
[2025-09-30 02:59:35] - http://feeds.feedburner.com/ruanyifeng
[2025-09-30 02:59:35] - https://www.loyhome.com/feed
[2025-09-30 03:35:55] 本次订阅抓取结果统计:
[2025-09-30 03:35:55] 共 28 条RSS, 成功抓取 25 条.
[2025-09-30 03:35:55] ✘ 有 3 条订阅解析失败:
[2025-09-30 03:35:55] - https://tcxx.info/feed
[2025-09-30 03:35:55] - https://tumutanzi.com/feed
[2025-09-30 03:35:55] - https://geekinney.com/index.xml
[2025-09-30 03:35:55] ✘ 有 2 条订阅头像无法访问, 已使用默认头像:
[2025-09-30 03:35:55] - http://feeds.feedburner.com/ruanyifeng
[2025-09-30 03:35:55] - https://www.loyhome.com/feed
[2025-09-30 04:25:59] 本次订阅抓取结果统计:
[2025-09-30 04:25:59] 共 28 条RSS, 成功抓取 25 条.
[2025-09-30 04:25:59] ✘ 有 3 条订阅解析失败:
[2025-09-30 04:25:59] - https://tumutanzi.com/feed
[2025-09-30 04:25:59] - https://tcxx.info/feed
[2025-09-30 04:25:59] - https://geekinney.com/index.xml
[2025-09-30 04:25:59] ✘ 有 2 条订阅头像无法访问, 已使用默认头像:
[2025-09-30 04:25:59] - http://feeds.feedburner.com/ruanyifeng
[2025-09-30 04:25:59] - https://www.loyhome.com/feed
[2025-09-30 05:20:28] 本次订阅抓取结果统计:
[2025-09-30 05:20:28] 共 28 条RSS, 成功抓取 25 条.
[2025-09-30 05:20:28] ✘ 有 3 条订阅解析失败:
[2025-09-30 05:20:28] - https://tumutanzi.com/feed
[2025-09-30 05:20:28] - https://tcxx.info/feed
[2025-09-30 05:20:28] - https://geekinney.com/index.xml
[2025-09-30 05:20:28] ✘ 有 2 条订阅头像无法访问, 已使用默认头像:
[2025-09-30 05:20:28] - http://feeds.feedburner.com/ruanyifeng
[2025-09-30 05:20:28] - https://www.loyhome.com/feed
[2025-09-30 06:32:57] 本次订阅抓取结果统计:
[2025-09-30 06:32:57] 共 28 条RSS, 成功抓取 25 条.
[2025-09-30 06:32:57] ✘ 有 3 条订阅解析失败:
[2025-09-30 06:32:57] - https://tcxx.info/feed
[2025-09-30 06:32:57] - https://tumutanzi.com/feed
[2025-09-30 06:32:57] - https://geekinney.com/index.xml
[2025-09-30 06:32:57] ✘ 有 2 条订阅头像无法访问, 已使用默认头像:
[2025-09-30 06:32:57] - http://feeds.feedburner.com/ruanyifeng
[2025-09-30 06:32:57] - https://www.loyhome.com/feed
[2025-09-30 07:21:42] 本次订阅抓取结果统计:
[2025-09-30 07:21:42] 共 28 条RSS, 成功抓取 25 条.
[2025-09-30 07:21:42] ✘ 有 3 条订阅解析失败:
[2025-09-30 07:21:42] - https://tcxx.info/feed
[2025-09-30 07:21:42] - https://tumutanzi.com/feed
[2025-09-30 07:21:42] - https://geekinney.com/index.xml
[2025-09-30 07:21:42] ✘ 有 2 条订阅头像无法访问, 已使用默认头像:
[2025-09-30 07:21:42] - http://feeds.feedburner.com/ruanyifeng
[2025-09-30 07:21:42] - https://www.loyhome.com/feed
[2025-09-30 08:30:34] 本次订阅抓取结果统计:
[2025-09-30 08:30:34] 共 28 条RSS, 成功抓取 25 条.
[2025-09-30 08:30:34] ✘ 有 3 条订阅解析失败:
[2025-09-30 08:30:34] - https://tcxx.info/feed
[2025-09-30 08:30:34] - https://tumutanzi.com/feed
[2025-09-30 08:30:34] - https://geekinney.com/index.xml
[2025-09-30 08:30:34] ✘ 有 2 条订阅头像无法访问, 已使用默认头像:
[2025-09-30 08:30:34] - http://feeds.feedburner.com/ruanyifeng
[2025-09-30 08:30:34] - https://www.loyhome.com/feed
[2025-09-30 09:23:16] 本次订阅抓取结果统计:
[2025-09-30 09:23:16] 共 28 条RSS, 成功抓取 25 条.
[2025-09-30 09:23:16] ✘ 有 3 条订阅解析失败:
[2025-09-30 09:23:16] - https://tumutanzi.com/feed
[2025-09-30 09:23:16] - https://tcxx.info/feed
[2025-09-30 09:23:16] - https://geekinney.com/index.xml
[2025-09-30 09:23:16] ✘ 有 2 条订阅头像无法访问, 已使用默认头像:
[2025-09-30 09:23:16] - http://feeds.feedburner.com/ruanyifeng
[2025-09-30 09:23:16] - https://www.loyhome.com/feed
[2025-09-30 10:23:08] 本次订阅抓取结果统计:
[2025-09-30 10:23:08] 共 28 条RSS, 成功抓取 25 条.
[2025-09-30 10:23:08] ✘ 有 3 条订阅解析失败:
[2025-09-30 10:23:08] - https://tcxx.info/feed
[2025-09-30 10:23:08] - https://tumutanzi.com/feed
[2025-09-30 10:23:08] - https://geekinney.com/index.xml
[2025-09-30 10:23:08] ✘ 有 2 条订阅头像无法访问, 已使用默认头像:
[2025-09-30 10:23:08] - http://feeds.feedburner.com/ruanyifeng
[2025-09-30 10:23:08] - https://www.loyhome.com/feed
[2025-09-30 11:18:15] 本次订阅抓取结果统计:
[2025-09-30 11:18:15] 共 28 条RSS, 成功抓取 25 条.
[2025-09-30 11:18:15] ✘ 有 3 条订阅解析失败:
[2025-09-30 11:18:15] - https://tumutanzi.com/feed
[2025-09-30 11:18:15] - https://tcxx.info/feed
[2025-09-30 11:18:15] - https://geekinney.com/index.xml
[2025-09-30 11:18:15] ✘ 有 2 条订阅头像无法访问, 已使用默认头像:
[2025-09-30 11:18:15] - http://feeds.feedburner.com/ruanyifeng
[2025-09-30 11:18:15] - https://www.loyhome.com/feed
[2025-09-30 12:47:24] 本次订阅抓取结果统计:
[2025-09-30 12:47:24] 共 28 条RSS, 成功抓取 25 条.
[2025-09-30 12:47:24] ✘ 有 3 条订阅解析失败:
[2025-09-30 12:47:24] - https://tcxx.info/feed
[2025-09-30 12:47:24] - https://tumutanzi.com/feed
[2025-09-30 12:47:24] - https://geekinney.com/index.xml
[2025-09-30 12:47:24] ✘ 有 2 条订阅头像无法访问, 已使用默认头像:
[2025-09-30 12:47:24] - http://feeds.feedburner.com/ruanyifeng
[2025-09-30 12:47:24] - https://www.loyhome.com/feed
[2025-09-30 13:32:06] 本次订阅抓取结果统计:
[2025-09-30 13:32:06] 共 28 条RSS, 成功抓取 24 条.
[2025-09-30 13:32:06] ✘ 有 4 条订阅解析失败:
[2025-09-30 13:32:06] - https://tcxx.info/feed
[2025-09-30 13:32:06] - https://tumutanzi.com/feed
[2025-09-30 13:32:06] - https://geekinney.com/index.xml
[2025-09-30 13:32:06] - http://weiwuhui.com/feed
[2025-09-30 13:32:06] ✘ 有 2 条订阅头像无法访问, 已使用默认头像:
[2025-09-30 13:32:06] - https://www.loyhome.com/feed
[2025-09-30 13:32:06] - http://feeds.feedburner.com/ruanyifeng
[2025-09-30 14:21:09] 本次订阅抓取结果统计:
[2025-09-30 14:21:09] 共 28 条RSS, 成功抓取 24 条.
[2025-09-30 14:21:09] ✘ 有 4 条订阅解析失败:
[2025-09-30 14:21:09] - https://tcxx.info/feed
[2025-09-30 14:21:09] - https://www.shephe.com/feed
[2025-09-30 14:21:09] - https://tumutanzi.com/feed
[2025-09-30 14:21:09] - https://geekinney.com/index.xml
[2025-09-30 14:21:09] ✘ 有 2 条订阅头像无法访问, 已使用默认头像:
[2025-09-30 14:21:09] - https://www.loyhome.com/feed
[2025-09-30 14:21:09] - http://feeds.feedburner.com/ruanyifeng
[2025-09-30 15:20:45] 本次订阅抓取结果统计:
[2025-09-30 15:20:45] 共 28 条RSS, 成功抓取 25 条.
[2025-09-30 15:20:45] ✘ 有 3 条订阅解析失败:
[2025-09-30 15:20:45] - https://tcxx.info/feed
[2025-09-30 15:20:45] - https://tumutanzi.com/feed
[2025-09-30 15:20:45] - https://geekinney.com/index.xml
[2025-09-30 15:20:45] ✘ 有 2 条订阅头像无法访问, 已使用默认头像:
[2025-09-30 15:20:45] - http://feeds.feedburner.com/ruanyifeng
[2025-09-30 15:20:45] - https://www.loyhome.com/feed
[2025-09-30 16:27:50] 本次订阅抓取结果统计:
[2025-09-30 16:27:50] 共 28 条RSS, 成功抓取 25 条.
[2025-09-30 16:27:50] ✘ 有 3 条订阅解析失败:
[2025-09-30 16:27:50] - https://tumutanzi.com/feed
[2025-09-30 16:27:50] - https://tcxx.info/feed
[2025-09-30 16:27:50] - https://geekinney.com/index.xml
[2025-09-30 16:27:50] ✘ 有 2 条订阅头像无法访问, 已使用默认头像:
[2025-09-30 16:27:50] - http://feeds.feedburner.com/ruanyifeng
[2025-09-30 16:27:50] - https://www.loyhome.com/feed
[2025-09-30 17:18:46] 本次订阅抓取结果统计:
[2025-09-30 17:18:46] 共 28 条RSS, 成功抓取 25 条.
[2025-09-30 17:18:46] ✘ 有 3 条订阅解析失败:
[2025-09-30 17:18:46] - https://tumutanzi.com/feed
[2025-09-30 17:18:46] - https://tcxx.info/feed
[2025-09-30 17:18:46] - https://geekinney.com/index.xml
[2025-09-30 17:18:46] ✘ 有 2 条订阅头像无法访问, 已使用默认头像:
[2025-09-30 17:18:46] - http://feeds.feedburner.com/ruanyifeng
[2025-09-30 17:18:46] - https://www.loyhome.com/feed
[2025-09-30 18:29:21] 本次订阅抓取结果统计:
[2025-09-30 18:29:21] 共 28 条RSS, 成功抓取 25 条.
[2025-09-30 18:29:21] ✘ 有 3 条订阅解析失败:
[2025-09-30 18:29:21] - https://tumutanzi.com/feed
[2025-09-30 18:29:21] - https://tcxx.info/feed
[2025-09-30 18:29:21] - https://geekinney.com/index.xml
[2025-09-30 18:29:21] ✘ 有 2 条订阅头像无法访问, 已使用默认头像:
[2025-09-30 18:29:21] - http://feeds.feedburner.com/ruanyifeng
[2025-09-30 18:29:21] - https://www.loyhome.com/feed
