[2025-05-28 01:49:58] 本次订阅抓取结果统计:
[2025-05-28 01:49:58] 共 28 条RSS, 成功抓取 27 条.
[2025-05-28 01:49:58] ✘ 有 1 条订阅解析失败:
[2025-05-28 01:49:58] - https://tcxx.info/feed
[2025-05-28 01:49:58] ✘ 有 2 条订阅头像无法访问, 已使用默认头像:
[2025-05-28 01:49:58] - http://feeds.feedburner.com/ruanyifeng
[2025-05-28 01:49:58] - https://www.loyhome.com/feed
[2025-05-28 03:15:09] 本次订阅抓取结果统计:
[2025-05-28 03:15:09] 共 28 条RSS, 成功抓取 27 条.
[2025-05-28 03:15:09] ✘ 有 1 条订阅解析失败:
[2025-05-28 03:15:09] - https://tcxx.info/feed
[2025-05-28 03:15:09] ✘ 有 2 条订阅头像无法访问, 已使用默认头像:
[2025-05-28 03:15:09] - http://feeds.feedburner.com/ruanyifeng
[2025-05-28 03:15:09] - https://www.loyhome.com/feed
[2025-05-28 04:28:17] 本次订阅抓取结果统计:
[2025-05-28 04:28:17] 共 28 条RSS, 成功抓取 27 条.
[2025-05-28 04:28:17] ✘ 有 1 条订阅解析失败:
[2025-05-28 04:28:17] - https://tcxx.info/feed
[2025-05-28 04:28:17] ✘ 有 2 条订阅头像无法访问, 已使用默认头像:
[2025-05-28 04:28:17] - http://feeds.feedburner.com/ruanyifeng
[2025-05-28 04:28:17] - https://www.loyhome.com/feed
[2025-05-28 05:22:11] 本次订阅抓取结果统计:
[2025-05-28 05:22:11] 共 28 条RSS, 成功抓取 27 条.
[2025-05-28 05:22:11] ✘ 有 1 条订阅解析失败:
[2025-05-28 05:22:11] - https://tcxx.info/feed
[2025-05-28 05:22:11] ✘ 有 2 条订阅头像无法访问, 已使用默认头像:
[2025-05-28 05:22:11] - http://feeds.feedburner.com/ruanyifeng
[2025-05-28 05:22:11] - https://www.loyhome.com/feed
[2025-05-28 06:32:05] 本次订阅抓取结果统计:
[2025-05-28 06:32:05] 共 28 条RSS, 成功抓取 27 条.
[2025-05-28 06:32:05] ✘ 有 1 条订阅解析失败:
[2025-05-28 06:32:05] - https://tcxx.info/feed
[2025-05-28 06:32:05] ✘ 有 2 条订阅头像无法访问, 已使用默认头像:
[2025-05-28 06:32:05] - http://feeds.feedburner.com/ruanyifeng
[2025-05-28 06:32:05] - https://www.loyhome.com/feed
[2025-05-28 07:21:53] 本次订阅抓取结果统计:
[2025-05-28 07:21:53] 共 28 条RSS, 成功抓取 27 条.
[2025-05-28 07:21:53] ✘ 有 1 条订阅解析失败:
[2025-05-28 07:21:53] - https://tcxx.info/feed
[2025-05-28 07:21:53] ✘ 有 2 条订阅头像无法访问, 已使用默认头像:
[2025-05-28 07:21:53] - http://feeds.feedburner.com/ruanyifeng
[2025-05-28 07:21:53] - https://www.loyhome.com/feed
[2025-05-28 08:30:18] 本次订阅抓取结果统计:
[2025-05-28 08:30:18] 共 28 条RSS, 成功抓取 27 条.
[2025-05-28 08:30:18] ✘ 有 1 条订阅解析失败:
[2025-05-28 08:30:18] - https://tcxx.info/feed
[2025-05-28 08:30:18] ✘ 有 2 条订阅头像无法访问, 已使用默认头像:
[2025-05-28 08:30:18] - http://feeds.feedburner.com/ruanyifeng
[2025-05-28 08:30:18] - https://www.loyhome.com/feed
[2025-05-28 09:24:33] 本次订阅抓取结果统计:
[2025-05-28 09:24:33] 共 28 条RSS, 成功抓取 27 条.
[2025-05-28 09:24:33] ✘ 有 1 条订阅解析失败:
[2025-05-28 09:24:33] - https://tcxx.info/feed
[2025-05-28 09:24:33] ✘ 有 2 条订阅头像无法访问, 已使用默认头像:
[2025-05-28 09:24:33] - http://feeds.feedburner.com/ruanyifeng
[2025-05-28 09:24:33] - https://www.loyhome.com/feed
[2025-05-28 10:24:53] 本次订阅抓取结果统计:
[2025-05-28 10:24:53] 共 28 条RSS, 成功抓取 27 条.
[2025-05-28 10:24:53] ✘ 有 1 条订阅解析失败:
[2025-05-28 10:24:53] - https://tcxx.info/feed
[2025-05-28 10:24:53] ✘ 有 2 条订阅头像无法访问, 已使用默认头像:
[2025-05-28 10:24:53] - http://feeds.feedburner.com/ruanyifeng
[2025-05-28 10:24:53] - https://www.loyhome.com/feed
[2025-05-28 11:19:16] 本次订阅抓取结果统计:
[2025-05-28 11:19:16] 共 28 条RSS, 成功抓取 27 条.
[2025-05-28 11:19:16] ✘ 有 1 条订阅解析失败:
[2025-05-28 11:19:16] - https://tcxx.info/feed
[2025-05-28 11:19:16] ✘ 有 3 条订阅头像无法访问, 已使用默认头像:
[2025-05-28 11:19:16] - http://feeds.feedburner.com/ruanyifeng
[2025-05-28 11:19:16] - https://www.loyhome.com/feed
[2025-05-28 11:19:16] - https://www.shephe.com/feed
[2025-05-28 12:46:33] 本次订阅抓取结果统计:
[2025-05-28 12:46:33] 共 28 条RSS, 成功抓取 27 条.
[2025-05-28 12:46:33] ✘ 有 1 条订阅解析失败:
[2025-05-28 12:46:33] - https://tcxx.info/feed
[2025-05-28 12:46:33] ✘ 有 2 条订阅头像无法访问, 已使用默认头像:
[2025-05-28 12:46:33] - http://feeds.feedburner.com/ruanyifeng
[2025-05-28 12:46:33] - https://www.loyhome.com/feed
[2025-05-28 13:34:25] 本次订阅抓取结果统计:
[2025-05-28 13:34:25] 共 28 条RSS, 成功抓取 27 条.
[2025-05-28 13:34:25] ✘ 有 1 条订阅解析失败:
[2025-05-28 13:34:25] - https://tcxx.info/feed
[2025-05-28 13:34:25] ✘ 有 2 条订阅头像无法访问, 已使用默认头像:
[2025-05-28 13:34:25] - http://feeds.feedburner.com/ruanyifeng
[2025-05-28 13:34:25] - https://www.loyhome.com/feed
[2025-05-28 14:23:29] 本次订阅抓取结果统计:
[2025-05-28 14:23:29] 共 28 条RSS, 成功抓取 27 条.
[2025-05-28 14:23:29] ✘ 有 1 条订阅解析失败:
[2025-05-28 14:23:29] - https://tcxx.info/feed
[2025-05-28 14:23:29] ✘ 有 3 条订阅头像无法访问, 已使用默认头像:
[2025-05-28 14:23:29] - http://feeds.feedburner.com/ruanyifeng
[2025-05-28 14:23:29] - https://www.loyhome.com/feed
[2025-05-28 14:23:29] - https://xyzbz.cn/feed
[2025-05-28 15:23:56] 本次订阅抓取结果统计:
[2025-05-28 15:23:56] 共 28 条RSS, 成功抓取 27 条.
[2025-05-28 15:23:56] ✘ 有 1 条订阅解析失败:
[2025-05-28 15:23:56] - https://tcxx.info/feed
[2025-05-28 15:23:56] ✘ 有 2 条订阅头像无法访问, 已使用默认头像:
[2025-05-28 15:23:56] - http://feeds.feedburner.com/ruanyifeng
[2025-05-28 15:23:56] - https://www.loyhome.com/feed
[2025-05-28 16:27:16] 本次订阅抓取结果统计:
[2025-05-28 16:27:16] 共 28 条RSS, 成功抓取 27 条.
[2025-05-28 16:27:16] ✘ 有 1 条订阅解析失败:
[2025-05-28 16:27:16] - https://tcxx.info/feed
[2025-05-28 16:27:16] ✘ 有 2 条订阅头像无法访问, 已使用默认头像:
[2025-05-28 16:27:16] - http://feeds.feedburner.com/ruanyifeng
[2025-05-28 16:27:16] - https://www.loyhome.com/feed
[2025-05-28 17:19:49] 本次订阅抓取结果统计:
[2025-05-28 17:19:49] 共 28 条RSS, 成功抓取 27 条.
[2025-05-28 17:19:49] ✘ 有 1 条订阅解析失败:
[2025-05-28 17:19:49] - https://tcxx.info/feed
[2025-05-28 17:19:49] ✘ 有 2 条订阅头像无法访问, 已使用默认头像:
[2025-05-28 17:19:49] - http://feeds.feedburner.com/ruanyifeng
[2025-05-28 17:19:49] - https://www.loyhome.com/feed
