[2025-03-29 03:05:02] 本次订阅抓取结果统计:
[2025-03-29 03:05:02] 共 28 条RSS, 成功抓取 27 条.
[2025-03-29 03:05:02] ✘ 有 1 条订阅解析失败:
[2025-03-29 03:05:02] - https://geekinney.com/index.xml
[2025-03-29 03:05:02] ✘ 有 3 条订阅头像无法访问, 已使用默认头像:
[2025-03-29 03:05:02] - https://tcxx.info/feed
[2025-03-29 03:05:02] - http://feeds.feedburner.com/ruanyifeng
[2025-03-29 03:05:02] - https://www.loyhome.com/feed
[2025-03-29 04:44:06] 本次订阅抓取结果统计:
[2025-03-29 04:44:06] 共 28 条RSS, 成功抓取 27 条.
[2025-03-29 04:44:06] ✘ 有 1 条订阅解析失败:
[2025-03-29 04:44:06] - https://geekinney.com/index.xml
[2025-03-29 04:44:06] ✘ 有 2 条订阅头像无法访问, 已使用默认头像:
[2025-03-29 04:44:06] - http://feeds.feedburner.com/ruanyifeng
[2025-03-29 04:44:06] - https://www.loyhome.com/feed
[2025-03-29 05:32:55] 本次订阅抓取结果统计:
[2025-03-29 05:32:55] 共 28 条RSS, 成功抓取 27 条.
[2025-03-29 05:32:55] ✘ 有 1 条订阅解析失败:
[2025-03-29 05:32:55] - https://geekinney.com/index.xml
[2025-03-29 05:32:55] ✘ 有 3 条订阅头像无法访问, 已使用默认头像:
[2025-03-29 05:32:55] - http://feeds.feedburner.com/ruanyifeng
[2025-03-29 05:32:55] - https://www.loyhome.com/feed
[2025-03-29 05:32:55] - https://tcxx.info/feed
[2025-03-29 06:43:13] 本次订阅抓取结果统计:
[2025-03-29 06:43:13] 共 28 条RSS, 成功抓取 26 条.
[2025-03-29 06:43:13] ✘ 有 2 条订阅解析失败:
[2025-03-29 06:43:13] - https://tcxx.info/feed
[2025-03-29 06:43:13] - https://geekinney.com/index.xml
[2025-03-29 06:43:13] ✘ 有 2 条订阅头像无法访问, 已使用默认头像:
[2025-03-29 06:43:13] - http://feeds.feedburner.com/ruanyifeng
[2025-03-29 06:43:13] - https://www.loyhome.com/feed
[2025-03-29 07:26:39] 本次订阅抓取结果统计:
[2025-03-29 07:26:39] 共 28 条RSS, 成功抓取 27 条.
[2025-03-29 07:26:39] ✘ 有 1 条订阅解析失败:
[2025-03-29 07:26:39] - https://geekinney.com/index.xml
[2025-03-29 07:26:39] ✘ 有 2 条订阅头像无法访问, 已使用默认头像:
[2025-03-29 07:26:39] - http://feeds.feedburner.com/ruanyifeng
[2025-03-29 07:26:39] - https://www.loyhome.com/feed
[2025-03-29 08:38:54] 本次订阅抓取结果统计:
[2025-03-29 08:38:54] 共 28 条RSS, 成功抓取 27 条.
[2025-03-29 08:38:54] ✘ 有 1 条订阅解析失败:
[2025-03-29 08:38:54] - https://geekinney.com/index.xml
[2025-03-29 08:38:54] ✘ 有 2 条订阅头像无法访问, 已使用默认头像:
[2025-03-29 08:38:54] - http://feeds.feedburner.com/ruanyifeng
[2025-03-29 08:38:54] - https://www.loyhome.com/feed
[2025-03-29 09:30:53] 本次订阅抓取结果统计:
[2025-03-29 09:30:53] 共 28 条RSS, 成功抓取 26 条.
[2025-03-29 09:30:53] ✘ 有 2 条订阅解析失败:
[2025-03-29 09:30:53] - https://tcxx.info/feed
[2025-03-29 09:30:53] - https://geekinney.com/index.xml
[2025-03-29 09:30:53] ✘ 有 2 条订阅头像无法访问, 已使用默认头像:
[2025-03-29 09:30:53] - http://feeds.feedburner.com/ruanyifeng
[2025-03-29 09:30:53] - https://www.loyhome.com/feed
[2025-03-29 10:39:37] 本次订阅抓取结果统计:
[2025-03-29 10:39:37] 共 28 条RSS, 成功抓取 26 条.
[2025-03-29 10:39:37] ✘ 有 2 条订阅解析失败:
[2025-03-29 10:39:37] - https://tcxx.info/feed
[2025-03-29 10:39:37] - https://geekinney.com/index.xml
[2025-03-29 10:39:37] ✘ 有 3 条订阅头像无法访问, 已使用默认头像:
[2025-03-29 10:39:37] - http://feeds.feedburner.com/ruanyifeng
[2025-03-29 10:39:37] - https://www.loyhome.com/feed
[2025-03-29 10:39:37] - https://blog.zhheo.com/rss.xml
[2025-03-29 11:24:28] 本次订阅抓取结果统计:
[2025-03-29 11:24:28] 共 28 条RSS, 成功抓取 27 条.
[2025-03-29 11:24:28] ✘ 有 1 条订阅解析失败:
[2025-03-29 11:24:28] - https://geekinney.com/index.xml
[2025-03-29 11:24:28] ✘ 有 3 条订阅头像无法访问, 已使用默认头像:
[2025-03-29 11:24:28] - http://feeds.feedburner.com/ruanyifeng
[2025-03-29 11:24:28] - https://www.loyhome.com/feed
[2025-03-29 11:24:28] - https://xyzbz.cn/feed
[2025-03-29 13:03:33] 本次订阅抓取结果统计:
[2025-03-29 13:03:33] 共 28 条RSS, 成功抓取 26 条.
[2025-03-29 13:03:33] ✘ 有 2 条订阅解析失败:
[2025-03-29 13:03:33] - https://tcxx.info/feed
[2025-03-29 13:03:33] - https://geekinney.com/index.xml
[2025-03-29 13:03:33] ✘ 有 2 条订阅头像无法访问, 已使用默认头像:
[2025-03-29 13:03:33] - http://feeds.feedburner.com/ruanyifeng
[2025-03-29 13:03:33] - https://www.loyhome.com/feed
[2025-03-29 14:35:10] 本次订阅抓取结果统计:
[2025-03-29 14:35:10] 共 28 条RSS, 成功抓取 26 条.
[2025-03-29 14:35:10] ✘ 有 2 条订阅解析失败:
[2025-03-29 14:35:10] - https://tcxx.info/feed
[2025-03-29 14:35:10] - https://geekinney.com/index.xml
[2025-03-29 14:35:10] ✘ 有 2 条订阅头像无法访问, 已使用默认头像:
[2025-03-29 14:35:10] - http://feeds.feedburner.com/ruanyifeng
[2025-03-29 14:35:10] - https://www.loyhome.com/feed
[2025-03-29 15:31:17] 本次订阅抓取结果统计:
[2025-03-29 15:31:17] 共 28 条RSS, 成功抓取 26 条.
[2025-03-29 15:31:17] ✘ 有 2 条订阅解析失败:
[2025-03-29 15:31:17] - https://tcxx.info/feed
[2025-03-29 15:31:17] - https://geekinney.com/index.xml
[2025-03-29 15:31:17] ✘ 有 2 条订阅头像无法访问, 已使用默认头像:
[2025-03-29 15:31:17] - http://feeds.feedburner.com/ruanyifeng
[2025-03-29 15:31:17] - https://www.loyhome.com/feed
[2025-03-29 16:43:04] 本次订阅抓取结果统计:
[2025-03-29 16:43:04] 共 28 条RSS, 成功抓取 27 条.
[2025-03-29 16:43:04] ✘ 有 1 条订阅解析失败:
[2025-03-29 16:43:04] - https://geekinney.com/index.xml
[2025-03-29 16:43:04] ✘ 有 2 条订阅头像无法访问, 已使用默认头像:
[2025-03-29 16:43:04] - http://feeds.feedburner.com/ruanyifeng
[2025-03-29 16:43:04] - https://www.loyhome.com/feed
[2025-03-29 17:30:45] 本次订阅抓取结果统计:
[2025-03-29 17:30:45] 共 28 条RSS, 成功抓取 27 条.
[2025-03-29 17:30:45] ✘ 有 1 条订阅解析失败:
[2025-03-29 17:30:45] - https://geekinney.com/index.xml
[2025-03-29 17:30:45] ✘ 有 2 条订阅头像无法访问, 已使用默认头像:
[2025-03-29 17:30:45] - http://feeds.feedburner.com/ruanyifeng
[2025-03-29 17:30:45] - https://www.loyhome.com/feed
[2025-03-29 18:41:36] 本次订阅抓取结果统计:
[2025-03-29 18:41:36] 共 28 条RSS, 成功抓取 26 条.
[2025-03-29 18:41:36] ✘ 有 2 条订阅解析失败:
[2025-03-29 18:41:36] - https://tcxx.info/feed
[2025-03-29 18:41:36] - https://geekinney.com/index.xml
[2025-03-29 18:41:36] ✘ 有 2 条订阅头像无法访问, 已使用默认头像:
[2025-03-29 18:41:36] - https://www.loyhome.com/feed
[2025-03-29 18:41:36] - http://feeds.feedburner.com/ruanyifeng
[2025-03-29 19:24:26] 本次订阅抓取结果统计:
[2025-03-29 19:24:26] 共 28 条RSS, 成功抓取 26 条.
[2025-03-29 19:24:26] ✘ 有 2 条订阅解析失败:
[2025-03-29 19:24:26] - https://tcxx.info/feed
[2025-03-29 19:24:26] - https://geekinney.com/index.xml
[2025-03-29 19:24:26] ✘ 有 3 条订阅头像无法访问, 已使用默认头像:
[2025-03-29 19:24:26] - https://www.loyhome.com/feed
[2025-03-29 19:24:26] - http://feeds.feedburner.com/ruanyifeng
[2025-03-29 19:24:26] - https://blog.yanqingshan.com/feed
[2025-03-29 20:30:59] 本次订阅抓取结果统计:
[2025-03-29 20:30:59] 共 28 条RSS, 成功抓取 27 条.
[2025-03-29 20:30:59] ✘ 有 1 条订阅解析失败:
[2025-03-29 20:30:59] - https://geekinney.com/index.xml
[2025-03-29 20:30:59] ✘ 有 2 条订阅头像无法访问, 已使用默认头像:
[2025-03-29 20:30:59] - http://feeds.feedburner.com/ruanyifeng
[2025-03-29 20:30:59] - https://www.loyhome.com/feed
