[2025-08-04 02:10:57] 本次订阅抓取结果统计:
[2025-08-04 02:10:57] 共 28 条RSS, 成功抓取 26 条.
[2025-08-04 02:10:57] ✘ 有 2 条订阅解析失败:
[2025-08-04 02:10:57] - https://tcxx.info/feed
[2025-08-04 02:10:57] - https://tumutanzi.com/feed
[2025-08-04 02:10:57] ✘ 有 2 条订阅头像无法访问, 已使用默认头像:
[2025-08-04 02:10:57] - http://feeds.feedburner.com/ruanyifeng
[2025-08-04 02:10:57] - https://www.loyhome.com/feed
[2025-08-04 04:17:09] 本次订阅抓取结果统计:
[2025-08-04 04:17:09] 共 28 条RSS, 成功抓取 26 条.
[2025-08-04 04:17:09] ✘ 有 2 条订阅解析失败:
[2025-08-04 04:17:09] - https://tumutanzi.com/feed
[2025-08-04 04:17:09] - https://tcxx.info/feed
[2025-08-04 04:17:09] ✘ 有 2 条订阅头像无法访问, 已使用默认头像:
[2025-08-04 04:17:09] - http://feeds.feedburner.com/ruanyifeng
[2025-08-04 04:17:09] - https://www.loyhome.com/feed
[2025-08-04 05:39:00] 本次订阅抓取结果统计:
[2025-08-04 05:39:00] 共 28 条RSS, 成功抓取 22 条.
[2025-08-04 05:39:00] ✘ 有 6 条订阅解析失败:
[2025-08-04 05:39:00] - https://tumutanzi.com/feed
[2025-08-04 05:39:00] - https://tcxx.info/feed
[2025-08-04 05:39:00] - https://xyzbz.cn/feed
[2025-08-04 05:39:00] - https://oba.by/feed
[2025-08-04 05:39:00] - https://blog.zhheo.com/rss.xml
[2025-08-04 05:39:00] - https://blog.yanqingshan.com/feed
[2025-08-04 05:39:00] ✘ 有 2 条订阅头像无法访问, 已使用默认头像:
[2025-08-04 05:39:00] - https://www.loyhome.com/feed
[2025-08-04 05:39:00] - http://feeds.feedburner.com/ruanyifeng
[2025-08-04 06:42:39] 本次订阅抓取结果统计:
[2025-08-04 06:42:39] 共 28 条RSS, 成功抓取 26 条.
[2025-08-04 06:42:39] ✘ 有 2 条订阅解析失败:
[2025-08-04 06:42:39] - https://tumutanzi.com/feed
[2025-08-04 06:42:39] - https://tcxx.info/feed
[2025-08-04 06:42:39] ✘ 有 2 条订阅头像无法访问, 已使用默认头像:
[2025-08-04 06:42:39] - http://feeds.feedburner.com/ruanyifeng
[2025-08-04 06:42:39] - https://www.loyhome.com/feed
[2025-08-04 07:31:43] 本次订阅抓取结果统计:
[2025-08-04 07:31:43] 共 28 条RSS, 成功抓取 26 条.
[2025-08-04 07:31:43] ✘ 有 2 条订阅解析失败:
[2025-08-04 07:31:43] - https://tumutanzi.com/feed
[2025-08-04 07:31:43] - https://tcxx.info/feed
[2025-08-04 07:31:43] ✘ 有 2 条订阅头像无法访问, 已使用默认头像:
[2025-08-04 07:31:43] - http://feeds.feedburner.com/ruanyifeng
[2025-08-04 07:31:43] - https://www.loyhome.com/feed
[2025-08-04 08:34:53] 本次订阅抓取结果统计:
[2025-08-04 08:34:53] 共 28 条RSS, 成功抓取 26 条.
[2025-08-04 08:34:53] ✘ 有 2 条订阅解析失败:
[2025-08-04 08:34:53] - https://tcxx.info/feed
[2025-08-04 08:34:53] - https://tumutanzi.com/feed
[2025-08-04 08:34:53] ✘ 有 3 条订阅头像无法访问, 已使用默认头像:
[2025-08-04 08:34:53] - http://feeds.feedburner.com/ruanyifeng
[2025-08-04 08:34:53] - https://www.loyhome.com/feed
[2025-08-04 08:34:53] - https://xyzbz.cn/feed
