[2025-05-12 01:51:49] 本次订阅抓取结果统计:
[2025-05-12 01:51:49] 共 28 条RSS, 成功抓取 27 条.
[2025-05-12 01:51:49] ✘ 有 1 条订阅解析失败:
[2025-05-12 01:51:49] - https://tcxx.info/feed
[2025-05-12 01:51:49] ✘ 有 2 条订阅头像无法访问, 已使用默认头像:
[2025-05-12 01:51:49] - http://feeds.feedburner.com/ruanyifeng
[2025-05-12 01:51:49] - https://www.loyhome.com/feed
[2025-05-12 03:15:41] 本次订阅抓取结果统计:
[2025-05-12 03:15:41] 共 28 条RSS, 成功抓取 27 条.
[2025-05-12 03:15:41] ✘ 有 1 条订阅解析失败:
[2025-05-12 03:15:41] - https://tcxx.info/feed
[2025-05-12 03:15:41] ✘ 有 2 条订阅头像无法访问, 已使用默认头像:
[2025-05-12 03:15:41] - https://www.loyhome.com/feed
[2025-05-12 03:15:41] - http://feeds.feedburner.com/ruanyifeng
[2025-05-12 04:27:24] 本次订阅抓取结果统计:
[2025-05-12 04:27:24] 共 28 条RSS, 成功抓取 27 条.
[2025-05-12 04:27:24] ✘ 有 1 条订阅解析失败:
[2025-05-12 04:27:24] - https://tcxx.info/feed
[2025-05-12 04:27:24] ✘ 有 2 条订阅头像无法访问, 已使用默认头像:
[2025-05-12 04:27:24] - https://www.loyhome.com/feed
[2025-05-12 04:27:24] - http://feeds.feedburner.com/ruanyifeng
[2025-05-12 05:23:01] 本次订阅抓取结果统计:
[2025-05-12 05:23:01] 共 28 条RSS, 成功抓取 27 条.
[2025-05-12 05:23:01] ✘ 有 1 条订阅解析失败:
[2025-05-12 05:23:01] - https://tcxx.info/feed
[2025-05-12 05:23:01] ✘ 有 2 条订阅头像无法访问, 已使用默认头像:
[2025-05-12 05:23:01] - https://www.loyhome.com/feed
[2025-05-12 05:23:01] - http://feeds.feedburner.com/ruanyifeng
[2025-05-12 06:32:55] 本次订阅抓取结果统计:
[2025-05-12 06:32:55] 共 28 条RSS, 成功抓取 27 条.
[2025-05-12 06:32:55] ✘ 有 1 条订阅解析失败:
[2025-05-12 06:32:55] - https://tcxx.info/feed
[2025-05-12 06:32:55] ✘ 有 2 条订阅头像无法访问, 已使用默认头像:
[2025-05-12 06:32:55] - http://feeds.feedburner.com/ruanyifeng
[2025-05-12 06:32:55] - https://www.loyhome.com/feed
[2025-05-12 07:22:09] 本次订阅抓取结果统计:
[2025-05-12 07:22:09] 共 28 条RSS, 成功抓取 27 条.
[2025-05-12 07:22:09] ✘ 有 1 条订阅解析失败:
[2025-05-12 07:22:09] - https://tcxx.info/feed
[2025-05-12 07:22:09] ✘ 有 2 条订阅头像无法访问, 已使用默认头像:
[2025-05-12 07:22:09] - http://feeds.feedburner.com/ruanyifeng
[2025-05-12 07:22:09] - https://www.loyhome.com/feed
[2025-05-12 08:30:33] 本次订阅抓取结果统计:
[2025-05-12 08:30:33] 共 28 条RSS, 成功抓取 27 条.
[2025-05-12 08:30:33] ✘ 有 1 条订阅解析失败:
[2025-05-12 08:30:33] - https://tcxx.info/feed
[2025-05-12 08:30:33] ✘ 有 2 条订阅头像无法访问, 已使用默认头像:
[2025-05-12 08:30:33] - https://www.loyhome.com/feed
[2025-05-12 08:30:33] - http://feeds.feedburner.com/ruanyifeng
[2025-05-12 09:25:36] 本次订阅抓取结果统计:
[2025-05-12 09:25:36] 共 28 条RSS, 成功抓取 27 条.
[2025-05-12 09:25:36] ✘ 有 1 条订阅解析失败:
[2025-05-12 09:25:36] - https://tcxx.info/feed
[2025-05-12 09:25:36] ✘ 有 2 条订阅头像无法访问, 已使用默认头像:
[2025-05-12 09:25:36] - http://feeds.feedburner.com/ruanyifeng
[2025-05-12 09:25:36] - https://www.loyhome.com/feed
[2025-05-12 10:25:24] 本次订阅抓取结果统计:
[2025-05-12 10:25:24] 共 28 条RSS, 成功抓取 27 条.
[2025-05-12 10:25:24] ✘ 有 1 条订阅解析失败:
[2025-05-12 10:25:24] - https://tcxx.info/feed
[2025-05-12 10:25:24] ✘ 有 3 条订阅头像无法访问, 已使用默认头像:
[2025-05-12 10:25:24] - https://www.loyhome.com/feed
[2025-05-12 10:25:24] - http://feeds.feedburner.com/ruanyifeng
[2025-05-12 10:25:24] - https://xyzbz.cn/feed
[2025-05-12 11:19:10] 本次订阅抓取结果统计:
[2025-05-12 11:19:10] 共 28 条RSS, 成功抓取 27 条.
[2025-05-12 11:19:10] ✘ 有 1 条订阅解析失败:
[2025-05-12 11:19:10] - https://tcxx.info/feed
[2025-05-12 11:19:10] ✘ 有 2 条订阅头像无法访问, 已使用默认头像:
[2025-05-12 11:19:10] - http://feeds.feedburner.com/ruanyifeng
[2025-05-12 11:19:10] - https://www.loyhome.com/feed
[2025-05-12 12:46:22] 本次订阅抓取结果统计:
[2025-05-12 12:46:22] 共 28 条RSS, 成功抓取 27 条.
[2025-05-12 12:46:22] ✘ 有 1 条订阅解析失败:
[2025-05-12 12:46:22] - https://tcxx.info/feed
[2025-05-12 12:46:22] ✘ 有 2 条订阅头像无法访问, 已使用默认头像:
[2025-05-12 12:46:22] - http://feeds.feedburner.com/ruanyifeng
[2025-05-12 12:46:22] - https://www.loyhome.com/feed
[2025-05-12 13:34:08] 本次订阅抓取结果统计:
[2025-05-12 13:34:08] 共 28 条RSS, 成功抓取 27 条.
[2025-05-12 13:34:08] ✘ 有 1 条订阅解析失败:
[2025-05-12 13:34:08] - https://tcxx.info/feed
[2025-05-12 13:34:08] ✘ 有 2 条订阅头像无法访问, 已使用默认头像:
[2025-05-12 13:34:08] - https://www.loyhome.com/feed
[2025-05-12 13:34:08] - http://feeds.feedburner.com/ruanyifeng
[2025-05-12 14:22:53] 本次订阅抓取结果统计:
[2025-05-12 14:22:53] 共 28 条RSS, 成功抓取 27 条.
[2025-05-12 14:22:53] ✘ 有 1 条订阅解析失败:
[2025-05-12 14:22:53] - https://tcxx.info/feed
[2025-05-12 14:22:53] ✘ 有 2 条订阅头像无法访问, 已使用默认头像:
[2025-05-12 14:22:53] - http://feeds.feedburner.com/ruanyifeng
[2025-05-12 14:22:53] - https://www.loyhome.com/feed
[2025-05-12 15:26:14] 本次订阅抓取结果统计:
[2025-05-12 15:26:14] 共 28 条RSS, 成功抓取 27 条.
[2025-05-12 15:26:14] ✘ 有 1 条订阅解析失败:
[2025-05-12 15:26:14] - https://tcxx.info/feed
[2025-05-12 15:26:14] ✘ 有 2 条订阅头像无法访问, 已使用默认头像:
[2025-05-12 15:26:14] - http://feeds.feedburner.com/ruanyifeng
[2025-05-12 15:26:14] - https://www.loyhome.com/feed
