[2025-11-03 01:51:48] 本次订阅抓取结果统计:
[2025-11-03 01:51:48] 共 28 条RSS, 成功抓取 25 条.
[2025-11-03 01:51:48] ✘ 有 3 条订阅解析失败:
[2025-11-03 01:51:48] - https://tumutanzi.com/feed
[2025-11-03 01:51:48] - https://tcxx.info/feed
[2025-11-03 01:51:48] - https://geekinney.com/index.xml
[2025-11-03 01:51:48] ✘ 有 2 条订阅头像无法访问, 已使用默认头像:
[2025-11-03 01:51:48] - http://feeds.feedburner.com/ruanyifeng
[2025-11-03 01:51:48] - https://www.loyhome.com/feed
[2025-11-03 03:19:49] 本次订阅抓取结果统计:
[2025-11-03 03:19:49] 共 28 条RSS, 成功抓取 25 条.
[2025-11-03 03:19:49] ✘ 有 3 条订阅解析失败:
[2025-11-03 03:19:49] - https://tumutanzi.com/feed
[2025-11-03 03:19:49] - https://tcxx.info/feed
[2025-11-03 03:19:49] - https://geekinney.com/index.xml
[2025-11-03 03:19:49] ✘ 有 2 条订阅头像无法访问, 已使用默认头像:
[2025-11-03 03:19:49] - http://feeds.feedburner.com/ruanyifeng
[2025-11-03 03:19:49] - https://www.loyhome.com/feed
[2025-11-03 04:31:06] 本次订阅抓取结果统计:
[2025-11-03 04:31:06] 共 28 条RSS, 成功抓取 25 条.
[2025-11-03 04:31:06] ✘ 有 3 条订阅解析失败:
[2025-11-03 04:31:06] - https://tcxx.info/feed
[2025-11-03 04:31:06] - https://tumutanzi.com/feed
[2025-11-03 04:31:06] - https://geekinney.com/index.xml
[2025-11-03 04:31:06] ✘ 有 2 条订阅头像无法访问, 已使用默认头像:
[2025-11-03 04:31:06] - http://feeds.feedburner.com/ruanyifeng
[2025-11-03 04:31:06] - https://www.loyhome.com/feed
[2025-11-03 05:23:00] 本次订阅抓取结果统计:
[2025-11-03 05:23:00] 共 28 条RSS, 成功抓取 25 条.
[2025-11-03 05:23:00] ✘ 有 3 条订阅解析失败:
[2025-11-03 05:23:00] - https://tumutanzi.com/feed
[2025-11-03 05:23:00] - https://tcxx.info/feed
[2025-11-03 05:23:00] - https://geekinney.com/index.xml
[2025-11-03 05:23:00] ✘ 有 2 条订阅头像无法访问, 已使用默认头像:
[2025-11-03 05:23:00] - http://feeds.feedburner.com/ruanyifeng
[2025-11-03 05:23:00] - https://www.loyhome.com/feed
