[2025-12-13 01:49:16] 本次订阅抓取结果统计:
[2025-12-13 01:49:16] 共 28 条RSS, 成功抓取 25 条.
[2025-12-13 01:49:16] ✘ 有 3 条订阅解析失败:
[2025-12-13 01:49:16] - https://tcxx.info/feed
[2025-12-13 01:49:16] - https://tumutanzi.com/feed
[2025-12-13 01:49:16] - https://geekinney.com/index.xml
[2025-12-13 01:49:16] ✘ 有 2 条订阅头像无法访问, 已使用默认头像:
[2025-12-13 01:49:16] - http://feeds.feedburner.com/ruanyifeng
[2025-12-13 01:49:16] - https://www.loyhome.com/feed
[2025-12-13 03:18:08] 本次订阅抓取结果统计:
[2025-12-13 03:18:08] 共 28 条RSS, 成功抓取 25 条.
[2025-12-13 03:18:08] ✘ 有 3 条订阅解析失败:
[2025-12-13 03:18:08] - https://tcxx.info/feed
[2025-12-13 03:18:08] - https://tumutanzi.com/feed
[2025-12-13 03:18:08] - https://geekinney.com/index.xml
[2025-12-13 03:18:08] ✘ 有 3 条订阅头像无法访问, 已使用默认头像:
[2025-12-13 03:18:08] - https://oba.by/feed
[2025-12-13 03:18:08] - https://www.loyhome.com/feed
[2025-12-13 03:18:08] - http://feeds.feedburner.com/ruanyifeng
[2025-12-13 04:28:58] 本次订阅抓取结果统计:
[2025-12-13 04:28:58] 共 28 条RSS, 成功抓取 25 条.
[2025-12-13 04:28:58] ✘ 有 3 条订阅解析失败:
[2025-12-13 04:28:58] - https://tcxx.info/feed
[2025-12-13 04:28:58] - https://tumutanzi.com/feed
[2025-12-13 04:28:58] - https://geekinney.com/index.xml
[2025-12-13 04:28:58] ✘ 有 3 条订阅头像无法访问, 已使用默认头像:
[2025-12-13 04:28:58] - https://oba.by/feed
[2025-12-13 04:28:58] - https://www.loyhome.com/feed
[2025-12-13 04:28:58] - http://feeds.feedburner.com/ruanyifeng
[2025-12-13 05:24:53] 本次订阅抓取结果统计:
[2025-12-13 05:24:53] 共 28 条RSS, 成功抓取 25 条.
[2025-12-13 05:24:53] ✘ 有 3 条订阅解析失败:
[2025-12-13 05:24:53] - https://tcxx.info/feed
[2025-12-13 05:24:53] - https://tumutanzi.com/feed
[2025-12-13 05:24:53] - https://geekinney.com/index.xml
[2025-12-13 05:24:53] ✘ 有 3 条订阅头像无法访问, 已使用默认头像:
[2025-12-13 05:24:53] - https://oba.by/feed
[2025-12-13 05:24:53] - https://www.loyhome.com/feed
[2025-12-13 05:24:53] - http://feeds.feedburner.com/ruanyifeng
