[2025-12-21 02:01:38] 本次订阅抓取结果统计:
[2025-12-21 02:01:38] 共 28 条RSS, 成功抓取 25 条.
[2025-12-21 02:01:38] ✘ 有 3 条订阅解析失败:
[2025-12-21 02:01:38] - https://tcxx.info/feed
[2025-12-21 02:01:38] - https://tumutanzi.com/feed
[2025-12-21 02:01:38] - https://geekinney.com/index.xml
[2025-12-21 02:01:38] ✘ 有 3 条订阅头像无法访问, 已使用默认头像:
[2025-12-21 02:01:38] - https://oba.by/feed
[2025-12-21 02:01:38] - http://feeds.feedburner.com/ruanyifeng
[2025-12-21 02:01:38] - https://www.loyhome.com/feed
[2025-12-21 04:02:11] 本次订阅抓取结果统计:
[2025-12-21 04:02:11] 共 28 条RSS, 成功抓取 24 条.
[2025-12-21 04:02:11] ✘ 有 4 条订阅解析失败:
[2025-12-21 04:02:11] - https://tcxx.info/feed
[2025-12-21 04:02:11] - https://tumutanzi.com/feed
[2025-12-21 04:02:11] - https://geekinney.com/index.xml
[2025-12-21 04:02:11] - https://www.loyhome.com/feed
[2025-12-21 04:02:11] ✘ 有 2 条订阅头像无法访问, 已使用默认头像:
[2025-12-21 04:02:11] - https://oba.by/feed
[2025-12-21 04:02:11] - http://feeds.feedburner.com/ruanyifeng
[2025-12-21 05:24:02] 本次订阅抓取结果统计:
[2025-12-21 05:24:02] 共 28 条RSS, 成功抓取 25 条.
[2025-12-21 05:24:02] ✘ 有 3 条订阅解析失败:
[2025-12-21 05:24:02] - https://tumutanzi.com/feed
[2025-12-21 05:24:02] - https://tcxx.info/feed
[2025-12-21 05:24:02] - https://geekinney.com/index.xml
[2025-12-21 05:24:02] ✘ 有 3 条订阅头像无法访问, 已使用默认头像:
[2025-12-21 05:24:02] - https://oba.by/feed
[2025-12-21 05:24:02] - http://feeds.feedburner.com/ruanyifeng
[2025-12-21 05:24:02] - https://www.loyhome.com/feed
