[2025-05-19 01:53:50] 本次订阅抓取结果统计:
[2025-05-19 01:53:50] 共 28 条RSS, 成功抓取 27 条.
[2025-05-19 01:53:50] ✘ 有 1 条订阅解析失败:
[2025-05-19 01:53:50] - https://tcxx.info/feed
[2025-05-19 01:53:50] ✘ 有 2 条订阅头像无法访问, 已使用默认头像:
[2025-05-19 01:53:50] - http://feeds.feedburner.com/ruanyifeng
[2025-05-19 01:53:50] - https://www.loyhome.com/feed
[2025-05-19 03:19:47] 本次订阅抓取结果统计:
[2025-05-19 03:19:47] 共 28 条RSS, 成功抓取 27 条.
[2025-05-19 03:19:47] ✘ 有 1 条订阅解析失败:
[2025-05-19 03:19:47] - https://tcxx.info/feed
[2025-05-19 03:19:47] ✘ 有 2 条订阅头像无法访问, 已使用默认头像:
[2025-05-19 03:19:47] - http://feeds.feedburner.com/ruanyifeng
[2025-05-19 03:19:47] - https://www.loyhome.com/feed
[2025-05-19 04:29:47] 本次订阅抓取结果统计:
[2025-05-19 04:29:47] 共 28 条RSS, 成功抓取 27 条.
[2025-05-19 04:29:47] ✘ 有 1 条订阅解析失败:
[2025-05-19 04:29:47] - https://tcxx.info/feed
[2025-05-19 04:29:47] ✘ 有 2 条订阅头像无法访问, 已使用默认头像:
[2025-05-19 04:29:47] - http://feeds.feedburner.com/ruanyifeng
[2025-05-19 04:29:47] - https://www.loyhome.com/feed
[2025-05-19 05:22:41] 本次订阅抓取结果统计:
[2025-05-19 05:22:41] 共 28 条RSS, 成功抓取 26 条.
[2025-05-19 05:22:41] ✘ 有 2 条订阅解析失败:
[2025-05-19 05:22:41] - https://tcxx.info/feed
[2025-05-19 05:22:41] - https://blog.fooleap.org/atom.xml
[2025-05-19 05:22:41] ✘ 有 2 条订阅头像无法访问, 已使用默认头像:
[2025-05-19 05:22:41] - https://www.loyhome.com/feed
[2025-05-19 05:22:41] - http://feeds.feedburner.com/ruanyifeng
[2025-05-19 06:33:15] 本次订阅抓取结果统计:
[2025-05-19 06:33:15] 共 28 条RSS, 成功抓取 27 条.
[2025-05-19 06:33:15] ✘ 有 1 条订阅解析失败:
[2025-05-19 06:33:15] - https://tcxx.info/feed
[2025-05-19 06:33:15] ✘ 有 2 条订阅头像无法访问, 已使用默认头像:
[2025-05-19 06:33:15] - http://feeds.feedburner.com/ruanyifeng
[2025-05-19 06:33:15] - https://www.loyhome.com/feed
[2025-05-19 07:22:28] 本次订阅抓取结果统计:
[2025-05-19 07:22:28] 共 28 条RSS, 成功抓取 27 条.
[2025-05-19 07:22:28] ✘ 有 1 条订阅解析失败:
[2025-05-19 07:22:28] - https://tcxx.info/feed
[2025-05-19 07:22:28] ✘ 有 2 条订阅头像无法访问, 已使用默认头像:
[2025-05-19 07:22:28] - http://feeds.feedburner.com/ruanyifeng
[2025-05-19 07:22:28] - https://www.loyhome.com/feed
[2025-05-19 08:31:49] 本次订阅抓取结果统计:
[2025-05-19 08:31:49] 共 28 条RSS, 成功抓取 27 条.
[2025-05-19 08:31:49] ✘ 有 1 条订阅解析失败:
[2025-05-19 08:31:49] - https://tcxx.info/feed
[2025-05-19 08:31:49] ✘ 有 2 条订阅头像无法访问, 已使用默认头像:
[2025-05-19 08:31:49] - http://feeds.feedburner.com/ruanyifeng
[2025-05-19 08:31:49] - https://www.loyhome.com/feed
[2025-05-19 09:25:57] 本次订阅抓取结果统计:
[2025-05-19 09:25:57] 共 28 条RSS, 成功抓取 26 条.
[2025-05-19 09:25:57] ✘ 有 2 条订阅解析失败:
[2025-05-19 09:25:57] - https://oba.by/feed
[2025-05-19 09:25:57] - https://tcxx.info/feed
[2025-05-19 09:25:57] ✘ 有 2 条订阅头像无法访问, 已使用默认头像:
[2025-05-19 09:25:57] - https://www.loyhome.com/feed
[2025-05-19 09:25:57] - http://feeds.feedburner.com/ruanyifeng
[2025-05-19 10:25:09] 本次订阅抓取结果统计:
[2025-05-19 10:25:09] 共 28 条RSS, 成功抓取 27 条.
[2025-05-19 10:25:09] ✘ 有 1 条订阅解析失败:
[2025-05-19 10:25:09] - https://tcxx.info/feed
[2025-05-19 10:25:09] ✘ 有 2 条订阅头像无法访问, 已使用默认头像:
[2025-05-19 10:25:09] - https://www.loyhome.com/feed
[2025-05-19 10:25:09] - http://feeds.feedburner.com/ruanyifeng
[2025-05-19 11:19:15] 本次订阅抓取结果统计:
[2025-05-19 11:19:15] 共 28 条RSS, 成功抓取 27 条.
[2025-05-19 11:19:15] ✘ 有 1 条订阅解析失败:
[2025-05-19 11:19:15] - https://tcxx.info/feed
[2025-05-19 11:19:15] ✘ 有 2 条订阅头像无法访问, 已使用默认头像:
[2025-05-19 11:19:15] - http://feeds.feedburner.com/ruanyifeng
[2025-05-19 11:19:15] - https://www.loyhome.com/feed
[2025-05-19 12:47:30] 本次订阅抓取结果统计:
[2025-05-19 12:47:30] 共 28 条RSS, 成功抓取 27 条.
[2025-05-19 12:47:30] ✘ 有 1 条订阅解析失败:
[2025-05-19 12:47:30] - https://tcxx.info/feed
[2025-05-19 12:47:30] ✘ 有 2 条订阅头像无法访问, 已使用默认头像:
[2025-05-19 12:47:30] - http://feeds.feedburner.com/ruanyifeng
[2025-05-19 12:47:30] - https://www.loyhome.com/feed
[2025-05-19 13:33:57] 本次订阅抓取结果统计:
[2025-05-19 13:33:57] 共 28 条RSS, 成功抓取 27 条.
[2025-05-19 13:33:57] ✘ 有 1 条订阅解析失败:
[2025-05-19 13:33:57] - https://tcxx.info/feed
[2025-05-19 13:33:57] ✘ 有 2 条订阅头像无法访问, 已使用默认头像:
[2025-05-19 13:33:57] - http://feeds.feedburner.com/ruanyifeng
[2025-05-19 13:33:57] - https://www.loyhome.com/feed
