[2025-08-13 01:53:55] 本次订阅抓取结果统计:
[2025-08-13 01:53:55] 共 28 条RSS, 成功抓取 26 条.
[2025-08-13 01:53:55] ✘ 有 2 条订阅解析失败:
[2025-08-13 01:53:55] - https://tcxx.info/feed
[2025-08-13 01:53:55] - https://tumutanzi.com/feed
[2025-08-13 01:53:55] ✘ 有 2 条订阅头像无法访问, 已使用默认头像:
[2025-08-13 01:53:55] - http://feeds.feedburner.com/ruanyifeng
[2025-08-13 01:53:55] - https://www.loyhome.com/feed
[2025-08-13 03:21:55] 本次订阅抓取结果统计:
[2025-08-13 03:21:55] 共 28 条RSS, 成功抓取 26 条.
[2025-08-13 03:21:55] ✘ 有 2 条订阅解析失败:
[2025-08-13 03:21:55] - https://tcxx.info/feed
[2025-08-13 03:21:55] - https://tumutanzi.com/feed
[2025-08-13 03:21:55] ✘ 有 2 条订阅头像无法访问, 已使用默认头像:
[2025-08-13 03:21:55] - http://feeds.feedburner.com/ruanyifeng
[2025-08-13 03:21:55] - https://www.loyhome.com/feed
[2025-08-13 04:32:59] 本次订阅抓取结果统计:
[2025-08-13 04:32:59] 共 28 条RSS, 成功抓取 26 条.
[2025-08-13 04:32:59] ✘ 有 2 条订阅解析失败:
[2025-08-13 04:32:59] - https://tcxx.info/feed
[2025-08-13 04:32:59] - https://tumutanzi.com/feed
[2025-08-13 04:32:59] ✘ 有 2 条订阅头像无法访问, 已使用默认头像:
[2025-08-13 04:32:59] - http://feeds.feedburner.com/ruanyifeng
[2025-08-13 04:32:59] - https://www.loyhome.com/feed
