[2025-07-17 01:59:21] 本次订阅抓取结果统计:
[2025-07-17 01:59:21] 共 28 条RSS, 成功抓取 27 条.
[2025-07-17 01:59:21] ✘ 有 1 条订阅解析失败:
[2025-07-17 01:59:21] - https://tcxx.info/feed
[2025-07-17 01:59:21] ✘ 有 2 条订阅头像无法访问, 已使用默认头像:
[2025-07-17 01:59:21] - http://feeds.feedburner.com/ruanyifeng
[2025-07-17 01:59:21] - https://www.loyhome.com/feed
[2025-07-17 03:40:06] 本次订阅抓取结果统计:
[2025-07-17 03:40:06] 共 28 条RSS, 成功抓取 27 条.
[2025-07-17 03:40:06] ✘ 有 1 条订阅解析失败:
[2025-07-17 03:40:06] - https://tcxx.info/feed
[2025-07-17 03:40:06] ✘ 有 2 条订阅头像无法访问, 已使用默认头像:
[2025-07-17 03:40:06] - http://feeds.feedburner.com/ruanyifeng
[2025-07-17 03:40:06] - https://www.loyhome.com/feed
[2025-07-17 04:40:00] 本次订阅抓取结果统计:
[2025-07-17 04:40:00] 共 28 条RSS, 成功抓取 27 条.
[2025-07-17 04:40:00] ✘ 有 1 条订阅解析失败:
[2025-07-17 04:40:00] - https://tcxx.info/feed
[2025-07-17 04:40:00] ✘ 有 2 条订阅头像无法访问, 已使用默认头像:
[2025-07-17 04:40:00] - http://feeds.feedburner.com/ruanyifeng
[2025-07-17 04:40:00] - https://www.loyhome.com/feed
[2025-07-17 05:27:17] 本次订阅抓取结果统计:
[2025-07-17 05:27:17] 共 28 条RSS, 成功抓取 27 条.
[2025-07-17 05:27:17] ✘ 有 1 条订阅解析失败:
[2025-07-17 05:27:17] - https://tcxx.info/feed
[2025-07-17 05:27:17] ✘ 有 2 条订阅头像无法访问, 已使用默认头像:
[2025-07-17 05:27:17] - http://feeds.feedburner.com/ruanyifeng
[2025-07-17 05:27:17] - https://www.loyhome.com/feed
[2025-07-17 06:35:28] 本次订阅抓取结果统计:
[2025-07-17 06:35:28] 共 28 条RSS, 成功抓取 27 条.
[2025-07-17 06:35:28] ✘ 有 1 条订阅解析失败:
[2025-07-17 06:35:28] - https://tcxx.info/feed
[2025-07-17 06:35:28] ✘ 有 2 条订阅头像无法访问, 已使用默认头像:
[2025-07-17 06:35:28] - http://feeds.feedburner.com/ruanyifeng
[2025-07-17 06:35:28] - https://www.loyhome.com/feed
[2025-07-17 07:24:57] 本次订阅抓取结果统计:
[2025-07-17 07:24:57] 共 28 条RSS, 成功抓取 27 条.
[2025-07-17 07:24:57] ✘ 有 1 条订阅解析失败:
[2025-07-17 07:24:57] - https://tcxx.info/feed
[2025-07-17 07:24:57] ✘ 有 2 条订阅头像无法访问, 已使用默认头像:
[2025-07-17 07:24:57] - http://feeds.feedburner.com/ruanyifeng
[2025-07-17 07:24:57] - https://www.loyhome.com/feed
[2025-07-17 08:32:09] 本次订阅抓取结果统计:
[2025-07-17 08:32:09] 共 28 条RSS, 成功抓取 27 条.
[2025-07-17 08:32:09] ✘ 有 1 条订阅解析失败:
[2025-07-17 08:32:09] - https://tcxx.info/feed
[2025-07-17 08:32:09] ✘ 有 2 条订阅头像无法访问, 已使用默认头像:
[2025-07-17 08:32:09] - http://feeds.feedburner.com/ruanyifeng
[2025-07-17 08:32:09] - https://www.loyhome.com/feed
[2025-07-17 09:28:33] 本次订阅抓取结果统计:
[2025-07-17 09:28:33] 共 28 条RSS, 成功抓取 27 条.
[2025-07-17 09:28:33] ✘ 有 1 条订阅解析失败:
[2025-07-17 09:28:33] - https://tcxx.info/feed
[2025-07-17 09:28:33] ✘ 有 2 条订阅头像无法访问, 已使用默认头像:
[2025-07-17 09:28:33] - http://feeds.feedburner.com/ruanyifeng
[2025-07-17 09:28:33] - https://www.loyhome.com/feed
[2025-07-17 10:27:10] 本次订阅抓取结果统计:
[2025-07-17 10:27:10] 共 28 条RSS, 成功抓取 27 条.
[2025-07-17 10:27:10] ✘ 有 1 条订阅解析失败:
[2025-07-17 10:27:10] - https://tcxx.info/feed
[2025-07-17 10:27:10] ✘ 有 2 条订阅头像无法访问, 已使用默认头像:
[2025-07-17 10:27:10] - http://feeds.feedburner.com/ruanyifeng
[2025-07-17 10:27:10] - https://www.loyhome.com/feed
[2025-07-17 11:21:03] 本次订阅抓取结果统计:
[2025-07-17 11:21:03] 共 28 条RSS, 成功抓取 27 条.
[2025-07-17 11:21:03] ✘ 有 1 条订阅解析失败:
[2025-07-17 11:21:03] - https://tcxx.info/feed
[2025-07-17 11:21:03] ✘ 有 2 条订阅头像无法访问, 已使用默认头像:
[2025-07-17 11:21:03] - http://feeds.feedburner.com/ruanyifeng
[2025-07-17 11:21:03] - https://www.loyhome.com/feed
[2025-07-17 12:49:56] 本次订阅抓取结果统计:
[2025-07-17 12:49:56] 共 28 条RSS, 成功抓取 27 条.
[2025-07-17 12:49:56] ✘ 有 1 条订阅解析失败:
[2025-07-17 12:49:56] - https://tcxx.info/feed
[2025-07-17 12:49:56] ✘ 有 2 条订阅头像无法访问, 已使用默认头像:
[2025-07-17 12:49:56] - http://feeds.feedburner.com/ruanyifeng
[2025-07-17 12:49:56] - https://www.loyhome.com/feed
[2025-07-17 13:38:51] 本次订阅抓取结果统计:
[2025-07-17 13:38:51] 共 28 条RSS, 成功抓取 27 条.
[2025-07-17 13:38:51] ✘ 有 1 条订阅解析失败:
[2025-07-17 13:38:51] - https://tcxx.info/feed
[2025-07-17 13:38:51] ✘ 有 2 条订阅头像无法访问, 已使用默认头像:
[2025-07-17 13:38:51] - http://feeds.feedburner.com/ruanyifeng
[2025-07-17 13:38:51] - https://www.loyhome.com/feed
[2025-07-17 14:22:17] 本次订阅抓取结果统计:
[2025-07-17 14:22:17] 共 28 条RSS, 成功抓取 27 条.
[2025-07-17 14:22:17] ✘ 有 1 条订阅解析失败:
[2025-07-17 14:22:17] - https://tcxx.info/feed
[2025-07-17 14:22:17] ✘ 有 2 条订阅头像无法访问, 已使用默认头像:
[2025-07-17 14:22:17] - http://feeds.feedburner.com/ruanyifeng
[2025-07-17 14:22:17] - https://www.loyhome.com/feed
[2025-07-17 15:26:57] 本次订阅抓取结果统计:
[2025-07-17 15:26:57] 共 28 条RSS, 成功抓取 27 条.
[2025-07-17 15:26:57] ✘ 有 1 条订阅解析失败:
[2025-07-17 15:26:57] - https://tcxx.info/feed
[2025-07-17 15:26:57] ✘ 有 2 条订阅头像无法访问, 已使用默认头像:
[2025-07-17 15:26:57] - https://www.loyhome.com/feed
[2025-07-17 15:26:57] - http://feeds.feedburner.com/ruanyifeng
[2025-07-17 16:30:41] 本次订阅抓取结果统计:
[2025-07-17 16:30:41] 共 28 条RSS, 成功抓取 27 条.
[2025-07-17 16:30:41] ✘ 有 1 条订阅解析失败:
[2025-07-17 16:30:41] - https://tcxx.info/feed
[2025-07-17 16:30:41] ✘ 有 2 条订阅头像无法访问, 已使用默认头像:
[2025-07-17 16:30:41] - http://feeds.feedburner.com/ruanyifeng
[2025-07-17 16:30:41] - https://www.loyhome.com/feed
[2025-07-17 17:22:31] 本次订阅抓取结果统计:
[2025-07-17 17:22:31] 共 28 条RSS, 成功抓取 27 条.
[2025-07-17 17:22:31] ✘ 有 1 条订阅解析失败:
[2025-07-17 17:22:31] - https://tcxx.info/feed
[2025-07-17 17:22:31] ✘ 有 2 条订阅头像无法访问, 已使用默认头像:
[2025-07-17 17:22:31] - http://feeds.feedburner.com/ruanyifeng
[2025-07-17 17:22:31] - https://www.loyhome.com/feed
[2025-07-17 18:35:08] 本次订阅抓取结果统计:
[2025-07-17 18:35:08] 共 28 条RSS, 成功抓取 27 条.
[2025-07-17 18:35:08] ✘ 有 1 条订阅解析失败:
[2025-07-17 18:35:08] - https://tcxx.info/feed
[2025-07-17 18:35:08] ✘ 有 2 条订阅头像无法访问, 已使用默认头像:
[2025-07-17 18:35:08] - http://feeds.feedburner.com/ruanyifeng
[2025-07-17 18:35:08] - https://www.loyhome.com/feed
[2025-07-17 19:19:59] 本次订阅抓取结果统计:
[2025-07-17 19:19:59] 共 28 条RSS, 成功抓取 27 条.
[2025-07-17 19:19:59] ✘ 有 1 条订阅解析失败:
[2025-07-17 19:19:59] - https://tcxx.info/feed
[2025-07-17 19:19:59] ✘ 有 2 条订阅头像无法访问, 已使用默认头像:
[2025-07-17 19:19:59] - http://feeds.feedburner.com/ruanyifeng
[2025-07-17 19:19:59] - https://www.loyhome.com/feed
