[2025-06-13 01:52:07] 本次订阅抓取结果统计:
[2025-06-13 01:52:07] 共 28 条RSS, 成功抓取 27 条.
[2025-06-13 01:52:07] ✘ 有 1 条订阅解析失败:
[2025-06-13 01:52:07] - https://tcxx.info/feed
[2025-06-13 01:52:07] ✘ 有 2 条订阅头像无法访问, 已使用默认头像:
[2025-06-13 01:52:07] - http://feeds.feedburner.com/ruanyifeng
[2025-06-13 01:52:07] - https://www.loyhome.com/feed
[2025-06-13 03:19:28] 本次订阅抓取结果统计:
[2025-06-13 03:19:28] 共 28 条RSS, 成功抓取 27 条.
[2025-06-13 03:19:28] ✘ 有 1 条订阅解析失败:
[2025-06-13 03:19:28] - https://tcxx.info/feed
[2025-06-13 03:19:28] ✘ 有 2 条订阅头像无法访问, 已使用默认头像:
[2025-06-13 03:19:28] - http://feeds.feedburner.com/ruanyifeng
[2025-06-13 03:19:28] - https://www.loyhome.com/feed
[2025-06-13 04:29:45] 本次订阅抓取结果统计:
[2025-06-13 04:29:45] 共 28 条RSS, 成功抓取 27 条.
[2025-06-13 04:29:45] ✘ 有 1 条订阅解析失败:
[2025-06-13 04:29:45] - https://tcxx.info/feed
[2025-06-13 04:29:45] ✘ 有 2 条订阅头像无法访问, 已使用默认头像:
[2025-06-13 04:29:45] - http://feeds.feedburner.com/ruanyifeng
[2025-06-13 04:29:45] - https://www.loyhome.com/feed
[2025-06-13 05:22:09] 本次订阅抓取结果统计:
[2025-06-13 05:22:09] 共 28 条RSS, 成功抓取 27 条.
[2025-06-13 05:22:09] ✘ 有 1 条订阅解析失败:
[2025-06-13 05:22:09] - https://tcxx.info/feed
[2025-06-13 05:22:09] ✘ 有 2 条订阅头像无法访问, 已使用默认头像:
[2025-06-13 05:22:09] - http://feeds.feedburner.com/ruanyifeng
[2025-06-13 05:22:09] - https://www.loyhome.com/feed
[2025-06-13 06:33:10] 本次订阅抓取结果统计:
[2025-06-13 06:33:10] 共 28 条RSS, 成功抓取 27 条.
[2025-06-13 06:33:10] ✘ 有 1 条订阅解析失败:
[2025-06-13 06:33:10] - https://tcxx.info/feed
[2025-06-13 06:33:10] ✘ 有 2 条订阅头像无法访问, 已使用默认头像:
[2025-06-13 06:33:10] - http://feeds.feedburner.com/ruanyifeng
[2025-06-13 06:33:10] - https://www.loyhome.com/feed
[2025-06-13 07:21:31] 本次订阅抓取结果统计:
[2025-06-13 07:21:31] 共 28 条RSS, 成功抓取 27 条.
[2025-06-13 07:21:31] ✘ 有 1 条订阅解析失败:
[2025-06-13 07:21:31] - https://tcxx.info/feed
[2025-06-13 07:21:31] ✘ 有 2 条订阅头像无法访问, 已使用默认头像:
[2025-06-13 07:21:31] - https://www.loyhome.com/feed
[2025-06-13 07:21:31] - http://feeds.feedburner.com/ruanyifeng
[2025-06-13 08:29:58] 本次订阅抓取结果统计:
[2025-06-13 08:29:58] 共 28 条RSS, 成功抓取 27 条.
[2025-06-13 08:29:58] ✘ 有 1 条订阅解析失败:
[2025-06-13 08:29:58] - https://tcxx.info/feed
[2025-06-13 08:29:58] ✘ 有 2 条订阅头像无法访问, 已使用默认头像:
[2025-06-13 08:29:58] - http://feeds.feedburner.com/ruanyifeng
[2025-06-13 08:29:58] - https://www.loyhome.com/feed
[2025-06-13 09:24:45] 本次订阅抓取结果统计:
[2025-06-13 09:24:45] 共 28 条RSS, 成功抓取 27 条.
[2025-06-13 09:24:45] ✘ 有 1 条订阅解析失败:
[2025-06-13 09:24:45] - https://tcxx.info/feed
[2025-06-13 09:24:45] ✘ 有 2 条订阅头像无法访问, 已使用默认头像:
[2025-06-13 09:24:45] - http://feeds.feedburner.com/ruanyifeng
[2025-06-13 09:24:45] - https://www.loyhome.com/feed
[2025-06-13 10:24:52] 本次订阅抓取结果统计:
[2025-06-13 10:24:52] 共 28 条RSS, 成功抓取 27 条.
[2025-06-13 10:24:52] ✘ 有 1 条订阅解析失败:
[2025-06-13 10:24:52] - https://tcxx.info/feed
[2025-06-13 10:24:52] ✘ 有 2 条订阅头像无法访问, 已使用默认头像:
[2025-06-13 10:24:52] - http://feeds.feedburner.com/ruanyifeng
[2025-06-13 10:24:52] - https://www.loyhome.com/feed
[2025-06-13 11:19:34] 本次订阅抓取结果统计:
[2025-06-13 11:19:34] 共 28 条RSS, 成功抓取 27 条.
[2025-06-13 11:19:34] ✘ 有 1 条订阅解析失败:
[2025-06-13 11:19:34] - https://tcxx.info/feed
[2025-06-13 11:19:34] ✘ 有 2 条订阅头像无法访问, 已使用默认头像:
[2025-06-13 11:19:34] - http://feeds.feedburner.com/ruanyifeng
[2025-06-13 11:19:34] - https://www.loyhome.com/feed
[2025-06-13 12:45:34] 本次订阅抓取结果统计:
[2025-06-13 12:45:34] 共 28 条RSS, 成功抓取 27 条.
[2025-06-13 12:45:34] ✘ 有 1 条订阅解析失败:
[2025-06-13 12:45:34] - https://tcxx.info/feed
[2025-06-13 12:45:34] ✘ 有 2 条订阅头像无法访问, 已使用默认头像:
[2025-06-13 12:45:34] - http://feeds.feedburner.com/ruanyifeng
[2025-06-13 12:45:34] - https://www.loyhome.com/feed
[2025-06-13 13:33:34] 本次订阅抓取结果统计:
[2025-06-13 13:33:34] 共 28 条RSS, 成功抓取 27 条.
[2025-06-13 13:33:34] ✘ 有 1 条订阅解析失败:
[2025-06-13 13:33:34] - https://tcxx.info/feed
[2025-06-13 13:33:34] ✘ 有 2 条订阅头像无法访问, 已使用默认头像:
[2025-06-13 13:33:34] - http://feeds.feedburner.com/ruanyifeng
[2025-06-13 13:33:34] - https://www.loyhome.com/feed
[2025-06-13 14:21:47] 本次订阅抓取结果统计:
[2025-06-13 14:21:47] 共 28 条RSS, 成功抓取 27 条.
[2025-06-13 14:21:47] ✘ 有 1 条订阅解析失败:
[2025-06-13 14:21:47] - https://tcxx.info/feed
[2025-06-13 14:21:47] ✘ 有 2 条订阅头像无法访问, 已使用默认头像:
[2025-06-13 14:21:47] - http://feeds.feedburner.com/ruanyifeng
[2025-06-13 14:21:47] - https://www.loyhome.com/feed
[2025-06-13 15:24:09] 本次订阅抓取结果统计:
[2025-06-13 15:24:09] 共 28 条RSS, 成功抓取 27 条.
[2025-06-13 15:24:09] ✘ 有 1 条订阅解析失败:
[2025-06-13 15:24:09] - https://tcxx.info/feed
[2025-06-13 15:24:09] ✘ 有 2 条订阅头像无法访问, 已使用默认头像:
[2025-06-13 15:24:09] - https://www.loyhome.com/feed
[2025-06-13 15:24:09] - http://feeds.feedburner.com/ruanyifeng
[2025-06-13 16:28:42] 本次订阅抓取结果统计:
[2025-06-13 16:28:42] 共 28 条RSS, 成功抓取 27 条.
[2025-06-13 16:28:42] ✘ 有 1 条订阅解析失败:
[2025-06-13 16:28:42] - https://tcxx.info/feed
[2025-06-13 16:28:42] ✘ 有 2 条订阅头像无法访问, 已使用默认头像:
[2025-06-13 16:28:42] - http://feeds.feedburner.com/ruanyifeng
[2025-06-13 16:28:42] - https://www.loyhome.com/feed
