[2025-06-20 01:51:56] 本次订阅抓取结果统计:
[2025-06-20 01:51:56] 共 28 条RSS, 成功抓取 27 条.
[2025-06-20 01:51:56] ✘ 有 1 条订阅解析失败:
[2025-06-20 01:51:56] - https://tcxx.info/feed
[2025-06-20 01:51:56] ✘ 有 2 条订阅头像无法访问, 已使用默认头像:
[2025-06-20 01:51:56] - http://feeds.feedburner.com/ruanyifeng
[2025-06-20 01:51:56] - https://www.loyhome.com/feed
[2025-06-20 03:18:23] 本次订阅抓取结果统计:
[2025-06-20 03:18:23] 共 28 条RSS, 成功抓取 27 条.
[2025-06-20 03:18:23] ✘ 有 1 条订阅解析失败:
[2025-06-20 03:18:23] - https://tcxx.info/feed
[2025-06-20 03:18:23] ✘ 有 2 条订阅头像无法访问, 已使用默认头像:
[2025-06-20 03:18:23] - http://feeds.feedburner.com/ruanyifeng
[2025-06-20 03:18:23] - https://www.loyhome.com/feed
[2025-06-20 04:29:43] 本次订阅抓取结果统计:
[2025-06-20 04:29:43] 共 28 条RSS, 成功抓取 27 条.
[2025-06-20 04:29:43] ✘ 有 1 条订阅解析失败:
[2025-06-20 04:29:43] - https://tcxx.info/feed
[2025-06-20 04:29:43] ✘ 有 2 条订阅头像无法访问, 已使用默认头像:
[2025-06-20 04:29:43] - http://feeds.feedburner.com/ruanyifeng
[2025-06-20 04:29:43] - https://www.loyhome.com/feed
[2025-06-20 05:22:45] 本次订阅抓取结果统计:
[2025-06-20 05:22:45] 共 28 条RSS, 成功抓取 27 条.
[2025-06-20 05:22:45] ✘ 有 1 条订阅解析失败:
[2025-06-20 05:22:45] - https://tcxx.info/feed
[2025-06-20 05:22:45] ✘ 有 2 条订阅头像无法访问, 已使用默认头像:
[2025-06-20 05:22:45] - http://feeds.feedburner.com/ruanyifeng
[2025-06-20 05:22:45] - https://www.loyhome.com/feed
[2025-06-20 06:33:05] 本次订阅抓取结果统计:
[2025-06-20 06:33:05] 共 28 条RSS, 成功抓取 27 条.
[2025-06-20 06:33:05] ✘ 有 1 条订阅解析失败:
[2025-06-20 06:33:05] - https://tcxx.info/feed
[2025-06-20 06:33:05] ✘ 有 2 条订阅头像无法访问, 已使用默认头像:
[2025-06-20 06:33:05] - http://feeds.feedburner.com/ruanyifeng
[2025-06-20 06:33:05] - https://www.loyhome.com/feed
[2025-06-20 07:21:41] 本次订阅抓取结果统计:
[2025-06-20 07:21:41] 共 28 条RSS, 成功抓取 27 条.
[2025-06-20 07:21:41] ✘ 有 1 条订阅解析失败:
[2025-06-20 07:21:41] - https://tcxx.info/feed
[2025-06-20 07:21:41] ✘ 有 2 条订阅头像无法访问, 已使用默认头像:
[2025-06-20 07:21:41] - http://feeds.feedburner.com/ruanyifeng
[2025-06-20 07:21:41] - https://www.loyhome.com/feed
[2025-06-20 08:30:08] 本次订阅抓取结果统计:
[2025-06-20 08:30:08] 共 28 条RSS, 成功抓取 27 条.
[2025-06-20 08:30:08] ✘ 有 1 条订阅解析失败:
[2025-06-20 08:30:08] - https://tcxx.info/feed
[2025-06-20 08:30:08] ✘ 有 2 条订阅头像无法访问, 已使用默认头像:
[2025-06-20 08:30:08] - http://feeds.feedburner.com/ruanyifeng
[2025-06-20 08:30:08] - https://www.loyhome.com/feed
[2025-06-20 09:24:29] 本次订阅抓取结果统计:
[2025-06-20 09:24:29] 共 28 条RSS, 成功抓取 27 条.
[2025-06-20 09:24:29] ✘ 有 1 条订阅解析失败:
[2025-06-20 09:24:29] - https://tcxx.info/feed
[2025-06-20 09:24:29] ✘ 有 2 条订阅头像无法访问, 已使用默认头像:
[2025-06-20 09:24:29] - http://feeds.feedburner.com/ruanyifeng
[2025-06-20 09:24:29] - https://www.loyhome.com/feed
[2025-06-20 10:24:34] 本次订阅抓取结果统计:
[2025-06-20 10:24:34] 共 28 条RSS, 成功抓取 27 条.
[2025-06-20 10:24:34] ✘ 有 1 条订阅解析失败:
[2025-06-20 10:24:34] - https://tcxx.info/feed
[2025-06-20 10:24:34] ✘ 有 2 条订阅头像无法访问, 已使用默认头像:
[2025-06-20 10:24:34] - http://feeds.feedburner.com/ruanyifeng
[2025-06-20 10:24:34] - https://www.loyhome.com/feed
[2025-06-20 11:19:15] 本次订阅抓取结果统计:
[2025-06-20 11:19:15] 共 28 条RSS, 成功抓取 27 条.
[2025-06-20 11:19:15] ✘ 有 1 条订阅解析失败:
[2025-06-20 11:19:15] - https://tcxx.info/feed
[2025-06-20 11:19:15] ✘ 有 2 条订阅头像无法访问, 已使用默认头像:
[2025-06-20 11:19:15] - http://feeds.feedburner.com/ruanyifeng
[2025-06-20 11:19:15] - https://www.loyhome.com/feed
[2025-06-20 12:46:35] 本次订阅抓取结果统计:
[2025-06-20 12:46:35] 共 28 条RSS, 成功抓取 27 条.
[2025-06-20 12:46:35] ✘ 有 1 条订阅解析失败:
[2025-06-20 12:46:35] - https://tcxx.info/feed
[2025-06-20 12:46:35] ✘ 有 2 条订阅头像无法访问, 已使用默认头像:
[2025-06-20 12:46:35] - http://feeds.feedburner.com/ruanyifeng
[2025-06-20 12:46:35] - https://www.loyhome.com/feed
[2025-06-20 13:32:59] 本次订阅抓取结果统计:
[2025-06-20 13:32:59] 共 28 条RSS, 成功抓取 27 条.
[2025-06-20 13:32:59] ✘ 有 1 条订阅解析失败:
[2025-06-20 13:32:59] - https://tcxx.info/feed
[2025-06-20 13:32:59] ✘ 有 2 条订阅头像无法访问, 已使用默认头像:
[2025-06-20 13:32:59] - http://feeds.feedburner.com/ruanyifeng
[2025-06-20 13:32:59] - https://www.loyhome.com/feed
[2025-06-20 14:21:24] 本次订阅抓取结果统计:
[2025-06-20 14:21:24] 共 28 条RSS, 成功抓取 27 条.
[2025-06-20 14:21:24] ✘ 有 1 条订阅解析失败:
[2025-06-20 14:21:24] - https://tcxx.info/feed
[2025-06-20 14:21:24] ✘ 有 2 条订阅头像无法访问, 已使用默认头像:
[2025-06-20 14:21:24] - http://feeds.feedburner.com/ruanyifeng
[2025-06-20 14:21:24] - https://www.loyhome.com/feed
[2025-06-20 15:23:38] 本次订阅抓取结果统计:
[2025-06-20 15:23:38] 共 28 条RSS, 成功抓取 27 条.
[2025-06-20 15:23:38] ✘ 有 1 条订阅解析失败:
[2025-06-20 15:23:38] - https://tcxx.info/feed
[2025-06-20 15:23:38] ✘ 有 3 条订阅头像无法访问, 已使用默认头像:
[2025-06-20 15:23:38] - http://feeds.feedburner.com/ruanyifeng
[2025-06-20 15:23:38] - https://www.loyhome.com/feed
[2025-06-20 15:23:38] - https://xyzbz.cn/feed
[2025-06-20 16:27:59] 本次订阅抓取结果统计:
[2025-06-20 16:27:59] 共 28 条RSS, 成功抓取 27 条.
[2025-06-20 16:27:59] ✘ 有 1 条订阅解析失败:
[2025-06-20 16:27:59] - https://tcxx.info/feed
[2025-06-20 16:27:59] ✘ 有 2 条订阅头像无法访问, 已使用默认头像:
[2025-06-20 16:27:59] - http://feeds.feedburner.com/ruanyifeng
[2025-06-20 16:27:59] - https://www.loyhome.com/feed
[2025-06-20 17:19:43] 本次订阅抓取结果统计:
[2025-06-20 17:19:43] 共 28 条RSS, 成功抓取 27 条.
[2025-06-20 17:19:43] ✘ 有 1 条订阅解析失败:
[2025-06-20 17:19:43] - https://tcxx.info/feed
[2025-06-20 17:19:43] ✘ 有 2 条订阅头像无法访问, 已使用默认头像:
[2025-06-20 17:19:43] - http://feeds.feedburner.com/ruanyifeng
[2025-06-20 17:19:43] - https://www.loyhome.com/feed
[2025-06-20 18:31:18] 本次订阅抓取结果统计:
[2025-06-20 18:31:18] 共 28 条RSS, 成功抓取 27 条.
[2025-06-20 18:31:18] ✘ 有 1 条订阅解析失败:
[2025-06-20 18:31:18] - https://tcxx.info/feed
[2025-06-20 18:31:18] ✘ 有 2 条订阅头像无法访问, 已使用默认头像:
[2025-06-20 18:31:18] - http://feeds.feedburner.com/ruanyifeng
[2025-06-20 18:31:18] - https://www.loyhome.com/feed
[2025-06-20 19:17:51] 本次订阅抓取结果统计:
[2025-06-20 19:17:51] 共 28 条RSS, 成功抓取 27 条.
[2025-06-20 19:17:51] ✘ 有 1 条订阅解析失败:
[2025-06-20 19:17:51] - https://tcxx.info/feed
[2025-06-20 19:17:51] ✘ 有 2 条订阅头像无法访问, 已使用默认头像:
[2025-06-20 19:17:51] - http://feeds.feedburner.com/ruanyifeng
[2025-06-20 19:17:51] - https://www.loyhome.com/feed
[2025-06-20 20:24:47] 本次订阅抓取结果统计:
[2025-06-20 20:24:47] 共 28 条RSS, 成功抓取 27 条.
[2025-06-20 20:24:47] ✘ 有 1 条订阅解析失败:
[2025-06-20 20:24:47] - https://tcxx.info/feed
[2025-06-20 20:24:47] ✘ 有 2 条订阅头像无法访问, 已使用默认头像:
[2025-06-20 20:24:47] - http://feeds.feedburner.com/ruanyifeng
[2025-06-20 20:24:47] - https://www.loyhome.com/feed
[2025-06-20 21:20:02] 本次订阅抓取结果统计:
[2025-06-20 21:20:02] 共 28 条RSS, 成功抓取 27 条.
[2025-06-20 21:20:02] ✘ 有 1 条订阅解析失败:
[2025-06-20 21:20:02] - https://tcxx.info/feed
[2025-06-20 21:20:02] ✘ 有 2 条订阅头像无法访问, 已使用默认头像:
[2025-06-20 21:20:02] - http://feeds.feedburner.com/ruanyifeng
[2025-06-20 21:20:02] - https://www.loyhome.com/feed
[2025-06-20 22:21:13] 本次订阅抓取结果统计:
[2025-06-20 22:21:13] 共 28 条RSS, 成功抓取 27 条.
[2025-06-20 22:21:13] ✘ 有 1 条订阅解析失败:
[2025-06-20 22:21:13] - https://tcxx.info/feed
[2025-06-20 22:21:13] ✘ 有 2 条订阅头像无法访问, 已使用默认头像:
[2025-06-20 22:21:13] - http://feeds.feedburner.com/ruanyifeng
[2025-06-20 22:21:13] - https://www.loyhome.com/feed
