[2025-10-11 01:36:59] 本次订阅抓取结果统计:
[2025-10-11 01:36:59] 共 28 条RSS, 成功抓取 25 条.
[2025-10-11 01:36:59] ✘ 有 3 条订阅解析失败:
[2025-10-11 01:36:59] - https://tcxx.info/feed
[2025-10-11 01:36:59] - https://tumutanzi.com/feed
[2025-10-11 01:36:59] - https://geekinney.com/index.xml
[2025-10-11 01:36:59] ✘ 有 2 条订阅头像无法访问, 已使用默认头像:
[2025-10-11 01:36:59] - https://www.loyhome.com/feed
[2025-10-11 01:36:59] - http://feeds.feedburner.com/ruanyifeng
[2025-10-11 02:55:35] 本次订阅抓取结果统计:
[2025-10-11 02:55:35] 共 28 条RSS, 成功抓取 24 条.
[2025-10-11 02:55:35] ✘ 有 4 条订阅解析失败:
[2025-10-11 02:55:35] - https://tcxx.info/feed
[2025-10-11 02:55:35] - https://tumutanzi.com/feed
[2025-10-11 02:55:35] - https://geekinney.com/index.xml
[2025-10-11 02:55:35] - https://blog.fooleap.org/atom.xml
[2025-10-11 02:55:35] ✘ 有 2 条订阅头像无法访问, 已使用默认头像:
[2025-10-11 02:55:35] - http://feeds.feedburner.com/ruanyifeng
[2025-10-11 02:55:35] - https://www.loyhome.com/feed
[2025-10-11 03:28:36] 本次订阅抓取结果统计:
[2025-10-11 03:28:36] 共 28 条RSS, 成功抓取 25 条.
[2025-10-11 03:28:36] ✘ 有 3 条订阅解析失败:
[2025-10-11 03:28:36] - https://tcxx.info/feed
[2025-10-11 03:28:36] - https://tumutanzi.com/feed
[2025-10-11 03:28:36] - https://geekinney.com/index.xml
[2025-10-11 03:28:36] ✘ 有 2 条订阅头像无法访问, 已使用默认头像:
[2025-10-11 03:28:36] - http://feeds.feedburner.com/ruanyifeng
[2025-10-11 03:28:36] - https://www.loyhome.com/feed
[2025-10-11 04:24:07] 本次订阅抓取结果统计:
[2025-10-11 04:24:07] 共 28 条RSS, 成功抓取 25 条.
[2025-10-11 04:24:07] ✘ 有 3 条订阅解析失败:
[2025-10-11 04:24:07] - https://tumutanzi.com/feed
[2025-10-11 04:24:07] - https://tcxx.info/feed
[2025-10-11 04:24:07] - https://geekinney.com/index.xml
[2025-10-11 04:24:07] ✘ 有 2 条订阅头像无法访问, 已使用默认头像:
[2025-10-11 04:24:07] - http://feeds.feedburner.com/ruanyifeng
[2025-10-11 04:24:07] - https://www.loyhome.com/feed
[2025-10-11 05:19:10] 本次订阅抓取结果统计:
[2025-10-11 05:19:10] 共 28 条RSS, 成功抓取 25 条.
[2025-10-11 05:19:10] ✘ 有 3 条订阅解析失败:
[2025-10-11 05:19:10] - https://tcxx.info/feed
[2025-10-11 05:19:10] - https://tumutanzi.com/feed
[2025-10-11 05:19:10] - https://geekinney.com/index.xml
[2025-10-11 05:19:10] ✘ 有 2 条订阅头像无法访问, 已使用默认头像:
[2025-10-11 05:19:10] - https://www.loyhome.com/feed
[2025-10-11 05:19:10] - http://feeds.feedburner.com/ruanyifeng
[2025-10-11 06:28:32] 本次订阅抓取结果统计:
[2025-10-11 06:28:32] 共 28 条RSS, 成功抓取 25 条.
[2025-10-11 06:28:32] ✘ 有 3 条订阅解析失败:
[2025-10-11 06:28:32] - https://tcxx.info/feed
[2025-10-11 06:28:32] - https://tumutanzi.com/feed
[2025-10-11 06:28:32] - https://geekinney.com/index.xml
[2025-10-11 06:28:32] ✘ 有 2 条订阅头像无法访问, 已使用默认头像:
[2025-10-11 06:28:32] - http://feeds.feedburner.com/ruanyifeng
[2025-10-11 06:28:32] - https://www.loyhome.com/feed
[2025-10-11 07:17:41] 本次订阅抓取结果统计:
[2025-10-11 07:17:41] 共 28 条RSS, 成功抓取 25 条.
[2025-10-11 07:17:41] ✘ 有 3 条订阅解析失败:
[2025-10-11 07:17:41] - https://tumutanzi.com/feed
[2025-10-11 07:17:41] - https://tcxx.info/feed
[2025-10-11 07:17:41] - https://geekinney.com/index.xml
[2025-10-11 07:17:41] ✘ 有 2 条订阅头像无法访问, 已使用默认头像:
[2025-10-11 07:17:41] - http://feeds.feedburner.com/ruanyifeng
[2025-10-11 07:17:41] - https://www.loyhome.com/feed
