[2025-08-07 02:04:07] 本次订阅抓取结果统计:
[2025-08-07 02:04:07] 共 28 条RSS, 成功抓取 26 条.
[2025-08-07 02:04:07] ✘ 有 2 条订阅解析失败:
[2025-08-07 02:04:07] - https://tumutanzi.com/feed
[2025-08-07 02:04:07] - https://tcxx.info/feed
[2025-08-07 02:04:07] ✘ 有 2 条订阅头像无法访问, 已使用默认头像:
[2025-08-07 02:04:07] - http://feeds.feedburner.com/ruanyifeng
[2025-08-07 02:04:07] - https://www.loyhome.com/feed
[2025-08-07 04:06:46] 本次订阅抓取结果统计:
[2025-08-07 04:06:46] 共 28 条RSS, 成功抓取 26 条.
[2025-08-07 04:06:46] ✘ 有 2 条订阅解析失败:
[2025-08-07 04:06:46] - https://tcxx.info/feed
[2025-08-07 04:06:46] - https://tumutanzi.com/feed
[2025-08-07 04:06:46] ✘ 有 2 条订阅头像无法访问, 已使用默认头像:
[2025-08-07 04:06:46] - http://feeds.feedburner.com/ruanyifeng
[2025-08-07 04:06:46] - https://www.loyhome.com/feed
[2025-08-07 05:31:20] 本次订阅抓取结果统计:
[2025-08-07 05:31:20] 共 28 条RSS, 成功抓取 26 条.
[2025-08-07 05:31:20] ✘ 有 2 条订阅解析失败:
[2025-08-07 05:31:20] - https://tumutanzi.com/feed
[2025-08-07 05:31:20] - https://tcxx.info/feed
[2025-08-07 05:31:20] ✘ 有 2 条订阅头像无法访问, 已使用默认头像:
[2025-08-07 05:31:20] - http://feeds.feedburner.com/ruanyifeng
[2025-08-07 05:31:20] - https://www.loyhome.com/feed
