[2025-08-22 01:46:19] 本次订阅抓取结果统计:
[2025-08-22 01:46:19] 共 28 条RSS, 成功抓取 26 条.
[2025-08-22 01:46:19] ✘ 有 2 条订阅解析失败:
[2025-08-22 01:46:19] - https://tumutanzi.com/feed
[2025-08-22 01:46:19] - https://tcxx.info/feed
[2025-08-22 01:46:19] ✘ 有 2 条订阅头像无法访问, 已使用默认头像:
[2025-08-22 01:46:19] - https://www.loyhome.com/feed
[2025-08-22 01:46:19] - http://feeds.feedburner.com/ruanyifeng
[2025-08-22 03:09:47] 本次订阅抓取结果统计:
[2025-08-22 03:09:47] 共 28 条RSS, 成功抓取 26 条.
[2025-08-22 03:09:47] ✘ 有 2 条订阅解析失败:
[2025-08-22 03:09:47] - https://tumutanzi.com/feed
[2025-08-22 03:09:47] - https://tcxx.info/feed
[2025-08-22 03:09:47] ✘ 有 2 条订阅头像无法访问, 已使用默认头像:
[2025-08-22 03:09:47] - http://feeds.feedburner.com/ruanyifeng
[2025-08-22 03:09:47] - https://www.loyhome.com/feed
[2025-08-22 04:25:37] 本次订阅抓取结果统计:
[2025-08-22 04:25:37] 共 28 条RSS, 成功抓取 26 条.
[2025-08-22 04:25:37] ✘ 有 2 条订阅解析失败:
[2025-08-22 04:25:37] - https://tcxx.info/feed
[2025-08-22 04:25:37] - https://tumutanzi.com/feed
[2025-08-22 04:25:37] ✘ 有 2 条订阅头像无法访问, 已使用默认头像:
[2025-08-22 04:25:37] - http://feeds.feedburner.com/ruanyifeng
[2025-08-22 04:25:37] - https://www.loyhome.com/feed
[2025-08-22 05:21:43] 本次订阅抓取结果统计:
[2025-08-22 05:21:43] 共 28 条RSS, 成功抓取 26 条.
[2025-08-22 05:21:43] ✘ 有 2 条订阅解析失败:
[2025-08-22 05:21:43] - https://tcxx.info/feed
[2025-08-22 05:21:43] - https://tumutanzi.com/feed
[2025-08-22 05:21:43] ✘ 有 2 条订阅头像无法访问, 已使用默认头像:
[2025-08-22 05:21:43] - http://feeds.feedburner.com/ruanyifeng
[2025-08-22 05:21:43] - https://www.loyhome.com/feed
