[2025-09-11 01:41:43] 本次订阅抓取结果统计:
[2025-09-11 01:41:43] 共 28 条RSS, 成功抓取 25 条.
[2025-09-11 01:41:43] ✘ 有 3 条订阅解析失败:
[2025-09-11 01:41:43] - https://tcxx.info/feed
[2025-09-11 01:41:43] - https://tumutanzi.com/feed
[2025-09-11 01:41:43] - https://geekinney.com/index.xml
[2025-09-11 01:41:43] ✘ 有 2 条订阅头像无法访问, 已使用默认头像:
[2025-09-11 01:41:43] - http://feeds.feedburner.com/ruanyifeng
[2025-09-11 01:41:43] - https://www.loyhome.com/feed
[2025-09-11 03:01:29] 本次订阅抓取结果统计:
[2025-09-11 03:01:29] 共 28 条RSS, 成功抓取 25 条.
[2025-09-11 03:01:29] ✘ 有 3 条订阅解析失败:
[2025-09-11 03:01:29] - https://tcxx.info/feed
[2025-09-11 03:01:29] - https://tumutanzi.com/feed
[2025-09-11 03:01:29] - https://geekinney.com/index.xml
[2025-09-11 03:01:29] ✘ 有 2 条订阅头像无法访问, 已使用默认头像:
[2025-09-11 03:01:29] - http://feeds.feedburner.com/ruanyifeng
[2025-09-11 03:01:29] - https://www.loyhome.com/feed
[2025-09-11 04:25:13] 本次订阅抓取结果统计:
[2025-09-11 04:25:13] 共 28 条RSS, 成功抓取 25 条.
[2025-09-11 04:25:13] ✘ 有 3 条订阅解析失败:
[2025-09-11 04:25:13] - https://tcxx.info/feed
[2025-09-11 04:25:13] - https://tumutanzi.com/feed
[2025-09-11 04:25:13] - https://geekinney.com/index.xml
[2025-09-11 04:25:13] ✘ 有 4 条订阅头像无法访问, 已使用默认头像:
[2025-09-11 04:25:13] - https://hwv430.blogspot.com/feeds/posts/default
[2025-09-11 04:25:13] - http://feeds.feedburner.com/ruanyifeng
[2025-09-11 04:25:13] - https://www.loyhome.com/feed
[2025-09-11 04:25:13] - https://xyzbz.cn/feed
[2025-09-11 05:20:35] 本次订阅抓取结果统计:
[2025-09-11 05:20:35] 共 28 条RSS, 成功抓取 25 条.
[2025-09-11 05:20:35] ✘ 有 3 条订阅解析失败:
[2025-09-11 05:20:35] - https://tumutanzi.com/feed
[2025-09-11 05:20:35] - https://tcxx.info/feed
[2025-09-11 05:20:35] - https://geekinney.com/index.xml
[2025-09-11 05:20:35] ✘ 有 2 条订阅头像无法访问, 已使用默认头像:
[2025-09-11 05:20:35] - http://feeds.feedburner.com/ruanyifeng
[2025-09-11 05:20:35] - https://www.loyhome.com/feed
[2025-09-11 06:32:08] 本次订阅抓取结果统计:
[2025-09-11 06:32:08] 共 28 条RSS, 成功抓取 25 条.
[2025-09-11 06:32:08] ✘ 有 3 条订阅解析失败:
[2025-09-11 06:32:08] - https://tcxx.info/feed
[2025-09-11 06:32:08] - https://tumutanzi.com/feed
[2025-09-11 06:32:08] - https://geekinney.com/index.xml
[2025-09-11 06:32:08] ✘ 有 2 条订阅头像无法访问, 已使用默认头像:
[2025-09-11 06:32:08] - http://feeds.feedburner.com/ruanyifeng
[2025-09-11 06:32:08] - https://www.loyhome.com/feed
[2025-09-11 07:20:51] 本次订阅抓取结果统计:
[2025-09-11 07:20:51] 共 28 条RSS, 成功抓取 25 条.
[2025-09-11 07:20:51] ✘ 有 3 条订阅解析失败:
[2025-09-11 07:20:51] - https://tcxx.info/feed
[2025-09-11 07:20:51] - https://tumutanzi.com/feed
[2025-09-11 07:20:51] - https://geekinney.com/index.xml
[2025-09-11 07:20:51] ✘ 有 2 条订阅头像无法访问, 已使用默认头像:
[2025-09-11 07:20:51] - http://feeds.feedburner.com/ruanyifeng
[2025-09-11 07:20:51] - https://www.loyhome.com/feed
[2025-09-11 08:28:16] 本次订阅抓取结果统计:
[2025-09-11 08:28:16] 共 28 条RSS, 成功抓取 25 条.
[2025-09-11 08:28:16] ✘ 有 3 条订阅解析失败:
[2025-09-11 08:28:16] - https://tcxx.info/feed
[2025-09-11 08:28:16] - https://tumutanzi.com/feed
[2025-09-11 08:28:16] - https://geekinney.com/index.xml
[2025-09-11 08:28:16] ✘ 有 3 条订阅头像无法访问, 已使用默认头像:
[2025-09-11 08:28:16] - https://hwv430.blogspot.com/feeds/posts/default
[2025-09-11 08:28:16] - http://feeds.feedburner.com/ruanyifeng
[2025-09-11 08:28:16] - https://www.loyhome.com/feed
[2025-09-11 09:21:59] 本次订阅抓取结果统计:
[2025-09-11 09:21:59] 共 28 条RSS, 成功抓取 25 条.
[2025-09-11 09:21:59] ✘ 有 3 条订阅解析失败:
[2025-09-11 09:21:59] - https://tumutanzi.com/feed
[2025-09-11 09:21:59] - https://tcxx.info/feed
[2025-09-11 09:21:59] - https://geekinney.com/index.xml
[2025-09-11 09:21:59] ✘ 有 3 条订阅头像无法访问, 已使用默认头像:
[2025-09-11 09:21:59] - https://hwv430.blogspot.com/feeds/posts/default
[2025-09-11 09:21:59] - http://feeds.feedburner.com/ruanyifeng
[2025-09-11 09:21:59] - https://www.loyhome.com/feed
[2025-09-11 10:21:33] 本次订阅抓取结果统计:
[2025-09-11 10:21:33] 共 28 条RSS, 成功抓取 25 条.
[2025-09-11 10:21:33] ✘ 有 3 条订阅解析失败:
[2025-09-11 10:21:33] - https://tumutanzi.com/feed
[2025-09-11 10:21:33] - https://tcxx.info/feed
[2025-09-11 10:21:33] - https://geekinney.com/index.xml
[2025-09-11 10:21:33] ✘ 有 2 条订阅头像无法访问, 已使用默认头像:
[2025-09-11 10:21:33] - http://feeds.feedburner.com/ruanyifeng
[2025-09-11 10:21:33] - https://www.loyhome.com/feed
[2025-09-11 11:17:05] 本次订阅抓取结果统计:
[2025-09-11 11:17:05] 共 28 条RSS, 成功抓取 25 条.
[2025-09-11 11:17:05] ✘ 有 3 条订阅解析失败:
[2025-09-11 11:17:05] - https://tcxx.info/feed
[2025-09-11 11:17:05] - https://tumutanzi.com/feed
[2025-09-11 11:17:05] - https://geekinney.com/index.xml
[2025-09-11 11:17:05] ✘ 有 3 条订阅头像无法访问, 已使用默认头像:
[2025-09-11 11:17:05] - https://hwv430.blogspot.com/feeds/posts/default
[2025-09-11 11:17:05] - http://feeds.feedburner.com/ruanyifeng
[2025-09-11 11:17:05] - https://www.loyhome.com/feed
[2025-09-11 12:41:57] 本次订阅抓取结果统计:
[2025-09-11 12:41:57] 共 28 条RSS, 成功抓取 25 条.
[2025-09-11 12:41:57] ✘ 有 3 条订阅解析失败:
[2025-09-11 12:41:57] - https://tumutanzi.com/feed
[2025-09-11 12:41:57] - https://tcxx.info/feed
[2025-09-11 12:41:57] - https://geekinney.com/index.xml
[2025-09-11 12:41:57] ✘ 有 2 条订阅头像无法访问, 已使用默认头像:
[2025-09-11 12:41:57] - http://feeds.feedburner.com/ruanyifeng
[2025-09-11 12:41:57] - https://www.loyhome.com/feed
[2025-09-11 13:26:23] 本次订阅抓取结果统计:
[2025-09-11 13:26:23] 共 28 条RSS, 成功抓取 25 条.
[2025-09-11 13:26:23] ✘ 有 3 条订阅解析失败:
[2025-09-11 13:26:23] - https://tcxx.info/feed
[2025-09-11 13:26:23] - https://tumutanzi.com/feed
[2025-09-11 13:26:23] - https://geekinney.com/index.xml
[2025-09-11 13:26:23] ✘ 有 3 条订阅头像无法访问, 已使用默认头像:
[2025-09-11 13:26:23] - https://hwv430.blogspot.com/feeds/posts/default
[2025-09-11 13:26:23] - http://feeds.feedburner.com/ruanyifeng
[2025-09-11 13:26:23] - https://www.loyhome.com/feed
[2025-09-11 14:21:27] 本次订阅抓取结果统计:
[2025-09-11 14:21:27] 共 28 条RSS, 成功抓取 24 条.
[2025-09-11 14:21:27] ✘ 有 4 条订阅解析失败:
[2025-09-11 14:21:27] - https://tcxx.info/feed
[2025-09-11 14:21:27] - https://tumutanzi.com/feed
[2025-09-11 14:21:27] - https://geekinney.com/index.xml
[2025-09-11 14:21:27] - https://www.shephe.com/feed
[2025-09-11 14:21:27] ✘ 有 2 条订阅头像无法访问, 已使用默认头像:
[2025-09-11 14:21:27] - https://www.loyhome.com/feed
[2025-09-11 14:21:27] - http://feeds.feedburner.com/ruanyifeng
[2025-09-11 15:19:26] 本次订阅抓取结果统计:
[2025-09-11 15:19:26] 共 28 条RSS, 成功抓取 25 条.
[2025-09-11 15:19:26] ✘ 有 3 条订阅解析失败:
[2025-09-11 15:19:26] - https://tumutanzi.com/feed
[2025-09-11 15:19:26] - https://tcxx.info/feed
[2025-09-11 15:19:26] - https://geekinney.com/index.xml
[2025-09-11 15:19:26] ✘ 有 2 条订阅头像无法访问, 已使用默认头像:
[2025-09-11 15:19:26] - http://feeds.feedburner.com/ruanyifeng
[2025-09-11 15:19:26] - https://www.loyhome.com/feed
[2025-09-11 16:26:21] 本次订阅抓取结果统计:
[2025-09-11 16:26:21] 共 28 条RSS, 成功抓取 25 条.
[2025-09-11 16:26:21] ✘ 有 3 条订阅解析失败:
[2025-09-11 16:26:21] - https://tumutanzi.com/feed
[2025-09-11 16:26:21] - https://tcxx.info/feed
[2025-09-11 16:26:21] - https://geekinney.com/index.xml
[2025-09-11 16:26:21] ✘ 有 3 条订阅头像无法访问, 已使用默认头像:
[2025-09-11 16:26:21] - https://hwv430.blogspot.com/feeds/posts/default
[2025-09-11 16:26:21] - http://feeds.feedburner.com/ruanyifeng
[2025-09-11 16:26:21] - https://www.loyhome.com/feed
[2025-09-11 17:17:53] 本次订阅抓取结果统计:
[2025-09-11 17:17:53] 共 28 条RSS, 成功抓取 25 条.
[2025-09-11 17:17:53] ✘ 有 3 条订阅解析失败:
[2025-09-11 17:17:53] - https://tumutanzi.com/feed
[2025-09-11 17:17:53] - https://tcxx.info/feed
[2025-09-11 17:17:53] - https://geekinney.com/index.xml
[2025-09-11 17:17:53] ✘ 有 2 条订阅头像无法访问, 已使用默认头像:
[2025-09-11 17:17:53] - http://feeds.feedburner.com/ruanyifeng
[2025-09-11 17:17:53] - https://www.loyhome.com/feed
[2025-09-11 18:26:36] 本次订阅抓取结果统计:
[2025-09-11 18:26:36] 共 28 条RSS, 成功抓取 25 条.
[2025-09-11 18:26:36] ✘ 有 3 条订阅解析失败:
[2025-09-11 18:26:36] - https://tcxx.info/feed
[2025-09-11 18:26:36] - https://tumutanzi.com/feed
[2025-09-11 18:26:36] - https://geekinney.com/index.xml
[2025-09-11 18:26:36] ✘ 有 3 条订阅头像无法访问, 已使用默认头像:
[2025-09-11 18:26:36] - https://hwv430.blogspot.com/feeds/posts/default
[2025-09-11 18:26:36] - http://feeds.feedburner.com/ruanyifeng
[2025-09-11 18:26:36] - https://www.loyhome.com/feed
