[2025-05-04 01:55:15] 本次订阅抓取结果统计:
[2025-05-04 01:55:15] 共 28 条RSS, 成功抓取 27 条.
[2025-05-04 01:55:15] ✘ 有 1 条订阅解析失败:
[2025-05-04 01:55:15] - https://tcxx.info/feed
[2025-05-04 01:55:15] ✘ 有 2 条订阅头像无法访问, 已使用默认头像:
[2025-05-04 01:55:15] - http://feeds.feedburner.com/ruanyifeng
[2025-05-04 01:55:15] - https://www.loyhome.com/feed
[2025-05-04 03:18:06] 本次订阅抓取结果统计:
[2025-05-04 03:18:06] 共 28 条RSS, 成功抓取 27 条.
[2025-05-04 03:18:06] ✘ 有 1 条订阅解析失败:
[2025-05-04 03:18:06] - https://tcxx.info/feed
[2025-05-04 03:18:06] ✘ 有 3 条订阅头像无法访问, 已使用默认头像:
[2025-05-04 03:18:06] - http://feeds.feedburner.com/ruanyifeng
[2025-05-04 03:18:06] - https://www.loyhome.com/feed
[2025-05-04 03:18:06] - https://blog.yanqingshan.com/feed
[2025-05-04 04:26:10] 本次订阅抓取结果统计:
[2025-05-04 04:26:10] 共 28 条RSS, 成功抓取 27 条.
[2025-05-04 04:26:10] ✘ 有 1 条订阅解析失败:
[2025-05-04 04:26:10] - https://tcxx.info/feed
[2025-05-04 04:26:10] ✘ 有 2 条订阅头像无法访问, 已使用默认头像:
[2025-05-04 04:26:10] - https://www.loyhome.com/feed
[2025-05-04 04:26:10] - http://feeds.feedburner.com/ruanyifeng
[2025-05-04 05:20:41] 本次订阅抓取结果统计:
[2025-05-04 05:20:41] 共 28 条RSS, 成功抓取 27 条.
[2025-05-04 05:20:41] ✘ 有 1 条订阅解析失败:
[2025-05-04 05:20:41] - https://tcxx.info/feed
[2025-05-04 05:20:41] ✘ 有 2 条订阅头像无法访问, 已使用默认头像:
[2025-05-04 05:20:41] - http://feeds.feedburner.com/ruanyifeng
[2025-05-04 05:20:41] - https://www.loyhome.com/feed
[2025-05-04 06:29:06] 本次订阅抓取结果统计:
[2025-05-04 06:29:06] 共 28 条RSS, 成功抓取 27 条.
[2025-05-04 06:29:06] ✘ 有 1 条订阅解析失败:
[2025-05-04 06:29:06] - https://tcxx.info/feed
[2025-05-04 06:29:06] ✘ 有 2 条订阅头像无法访问, 已使用默认头像:
[2025-05-04 06:29:06] - https://www.loyhome.com/feed
[2025-05-04 06:29:06] - http://feeds.feedburner.com/ruanyifeng
[2025-05-04 07:19:12] 本次订阅抓取结果统计:
[2025-05-04 07:19:12] 共 28 条RSS, 成功抓取 27 条.
[2025-05-04 07:19:12] ✘ 有 1 条订阅解析失败:
[2025-05-04 07:19:12] - https://tcxx.info/feed
[2025-05-04 07:19:12] ✘ 有 2 条订阅头像无法访问, 已使用默认头像:
[2025-05-04 07:19:12] - http://feeds.feedburner.com/ruanyifeng
[2025-05-04 07:19:12] - https://www.loyhome.com/feed
[2025-05-04 08:25:27] 本次订阅抓取结果统计:
[2025-05-04 08:25:27] 共 28 条RSS, 成功抓取 27 条.
[2025-05-04 08:25:27] ✘ 有 1 条订阅解析失败:
[2025-05-04 08:25:27] - https://tcxx.info/feed
[2025-05-04 08:25:27] ✘ 有 2 条订阅头像无法访问, 已使用默认头像:
[2025-05-04 08:25:27] - http://feeds.feedburner.com/ruanyifeng
[2025-05-04 08:25:27] - https://www.loyhome.com/feed
[2025-05-04 09:20:33] 本次订阅抓取结果统计:
[2025-05-04 09:20:33] 共 28 条RSS, 成功抓取 27 条.
[2025-05-04 09:20:33] ✘ 有 1 条订阅解析失败:
[2025-05-04 09:20:33] - https://tcxx.info/feed
[2025-05-04 09:20:33] ✘ 有 2 条订阅头像无法访问, 已使用默认头像:
[2025-05-04 09:20:33] - https://www.loyhome.com/feed
[2025-05-04 09:20:33] - http://feeds.feedburner.com/ruanyifeng
[2025-05-04 10:21:10] 本次订阅抓取结果统计:
[2025-05-04 10:21:10] 共 28 条RSS, 成功抓取 27 条.
[2025-05-04 10:21:10] ✘ 有 1 条订阅解析失败:
[2025-05-04 10:21:10] - https://tcxx.info/feed
[2025-05-04 10:21:10] ✘ 有 2 条订阅头像无法访问, 已使用默认头像:
[2025-05-04 10:21:10] - http://feeds.feedburner.com/ruanyifeng
[2025-05-04 10:21:10] - https://www.loyhome.com/feed
[2025-05-04 11:16:41] 本次订阅抓取结果统计:
[2025-05-04 11:16:41] 共 28 条RSS, 成功抓取 27 条.
[2025-05-04 11:16:41] ✘ 有 1 条订阅解析失败:
[2025-05-04 11:16:41] - https://tcxx.info/feed
[2025-05-04 11:16:41] ✘ 有 2 条订阅头像无法访问, 已使用默认头像:
[2025-05-04 11:16:41] - http://feeds.feedburner.com/ruanyifeng
[2025-05-04 11:16:41] - https://www.loyhome.com/feed
[2025-05-04 12:39:49] 本次订阅抓取结果统计:
[2025-05-04 12:39:49] 共 28 条RSS, 成功抓取 27 条.
[2025-05-04 12:39:49] ✘ 有 1 条订阅解析失败:
[2025-05-04 12:39:49] - https://tcxx.info/feed
[2025-05-04 12:39:49] ✘ 有 2 条订阅头像无法访问, 已使用默认头像:
[2025-05-04 12:39:49] - http://feeds.feedburner.com/ruanyifeng
[2025-05-04 12:39:49] - https://www.loyhome.com/feed
[2025-05-04 13:26:56] 本次订阅抓取结果统计:
[2025-05-04 13:26:56] 共 28 条RSS, 成功抓取 27 条.
[2025-05-04 13:26:56] ✘ 有 1 条订阅解析失败:
[2025-05-04 13:26:56] - https://tcxx.info/feed
[2025-05-04 13:26:56] ✘ 有 2 条订阅头像无法访问, 已使用默认头像:
[2025-05-04 13:26:56] - http://feeds.feedburner.com/ruanyifeng
[2025-05-04 13:26:56] - https://www.loyhome.com/feed
[2025-05-04 14:18:32] 本次订阅抓取结果统计:
[2025-05-04 14:18:32] 共 28 条RSS, 成功抓取 27 条.
[2025-05-04 14:18:32] ✘ 有 1 条订阅解析失败:
[2025-05-04 14:18:32] - https://tcxx.info/feed
[2025-05-04 14:18:32] ✘ 有 2 条订阅头像无法访问, 已使用默认头像:
[2025-05-04 14:18:32] - http://feeds.feedburner.com/ruanyifeng
[2025-05-04 14:18:32] - https://www.loyhome.com/feed
[2025-05-04 15:20:53] 本次订阅抓取结果统计:
[2025-05-04 15:20:53] 共 28 条RSS, 成功抓取 27 条.
[2025-05-04 15:20:53] ✘ 有 1 条订阅解析失败:
[2025-05-04 15:20:53] - https://tcxx.info/feed
[2025-05-04 15:20:53] ✘ 有 3 条订阅头像无法访问, 已使用默认头像:
[2025-05-04 15:20:53] - https://www.loyhome.com/feed
[2025-05-04 15:20:53] - http://feeds.feedburner.com/ruanyifeng
[2025-05-04 15:20:53] - https://xyzbz.cn/feed
[2025-05-04 16:25:01] 本次订阅抓取结果统计:
[2025-05-04 16:25:01] 共 28 条RSS, 成功抓取 27 条.
[2025-05-04 16:25:01] ✘ 有 1 条订阅解析失败:
[2025-05-04 16:25:01] - https://tcxx.info/feed
[2025-05-04 16:25:01] ✘ 有 2 条订阅头像无法访问, 已使用默认头像:
[2025-05-04 16:25:01] - https://www.loyhome.com/feed
[2025-05-04 16:25:01] - http://feeds.feedburner.com/ruanyifeng
[2025-05-04 17:17:10] 本次订阅抓取结果统计:
[2025-05-04 17:17:10] 共 28 条RSS, 成功抓取 27 条.
[2025-05-04 17:17:10] ✘ 有 1 条订阅解析失败:
[2025-05-04 17:17:10] - https://tcxx.info/feed
[2025-05-04 17:17:10] ✘ 有 2 条订阅头像无法访问, 已使用默认头像:
[2025-05-04 17:17:10] - http://feeds.feedburner.com/ruanyifeng
[2025-05-04 17:17:10] - https://www.loyhome.com/feed
[2025-05-04 18:27:44] 本次订阅抓取结果统计:
[2025-05-04 18:27:44] 共 28 条RSS, 成功抓取 27 条.
[2025-05-04 18:27:44] ✘ 有 1 条订阅解析失败:
[2025-05-04 18:27:44] - https://tcxx.info/feed
[2025-05-04 18:27:44] ✘ 有 2 条订阅头像无法访问, 已使用默认头像:
[2025-05-04 18:27:44] - http://feeds.feedburner.com/ruanyifeng
[2025-05-04 18:27:44] - https://www.loyhome.com/feed
[2025-05-04 19:18:06] 本次订阅抓取结果统计:
[2025-05-04 19:18:06] 共 28 条RSS, 成功抓取 27 条.
[2025-05-04 19:18:06] ✘ 有 1 条订阅解析失败:
[2025-05-04 19:18:06] - https://tcxx.info/feed
[2025-05-04 19:18:06] ✘ 有 2 条订阅头像无法访问, 已使用默认头像:
[2025-05-04 19:18:06] - http://feeds.feedburner.com/ruanyifeng
[2025-05-04 19:18:06] - https://www.loyhome.com/feed
[2025-05-04 20:21:58] 本次订阅抓取结果统计:
[2025-05-04 20:21:58] 共 28 条RSS, 成功抓取 27 条.
[2025-05-04 20:21:58] ✘ 有 1 条订阅解析失败:
[2025-05-04 20:21:58] - https://tcxx.info/feed
[2025-05-04 20:21:58] ✘ 有 2 条订阅头像无法访问, 已使用默认头像:
[2025-05-04 20:21:58] - http://feeds.feedburner.com/ruanyifeng
[2025-05-04 20:21:58] - https://www.loyhome.com/feed
[2025-05-04 21:18:49] 本次订阅抓取结果统计:
[2025-05-04 21:18:49] 共 28 条RSS, 成功抓取 27 条.
[2025-05-04 21:18:49] ✘ 有 1 条订阅解析失败:
[2025-05-04 21:18:49] - https://tcxx.info/feed
[2025-05-04 21:18:49] ✘ 有 2 条订阅头像无法访问, 已使用默认头像:
[2025-05-04 21:18:49] - https://www.loyhome.com/feed
[2025-05-04 21:18:49] - http://feeds.feedburner.com/ruanyifeng
[2025-05-04 22:19:47] 本次订阅抓取结果统计:
[2025-05-04 22:19:47] 共 28 条RSS, 成功抓取 27 条.
[2025-05-04 22:19:47] ✘ 有 1 条订阅解析失败:
[2025-05-04 22:19:47] - https://tcxx.info/feed
[2025-05-04 22:19:47] ✘ 有 2 条订阅头像无法访问, 已使用默认头像:
[2025-05-04 22:19:47] - https://www.loyhome.com/feed
[2025-05-04 22:19:47] - http://feeds.feedburner.com/ruanyifeng
[2025-05-04 23:19:40] 本次订阅抓取结果统计:
[2025-05-04 23:19:40] 共 28 条RSS, 成功抓取 27 条.
[2025-05-04 23:19:40] ✘ 有 1 条订阅解析失败:
[2025-05-04 23:19:40] - https://tcxx.info/feed
[2025-05-04 23:19:40] ✘ 有 2 条订阅头像无法访问, 已使用默认头像:
[2025-05-04 23:19:40] - http://feeds.feedburner.com/ruanyifeng
[2025-05-04 23:19:40] - https://www.loyhome.com/feed
