[2025-06-10 01:53:21] 本次订阅抓取结果统计:
[2025-06-10 01:53:21] 共 28 条RSS, 成功抓取 27 条.
[2025-06-10 01:53:21] ✘ 有 1 条订阅解析失败:
[2025-06-10 01:53:21] - https://tcxx.info/feed
[2025-06-10 01:53:21] ✘ 有 2 条订阅头像无法访问, 已使用默认头像:
[2025-06-10 01:53:21] - http://feeds.feedburner.com/ruanyifeng
[2025-06-10 01:53:21] - https://www.loyhome.com/feed
[2025-06-10 03:20:08] 本次订阅抓取结果统计:
[2025-06-10 03:20:08] 共 28 条RSS, 成功抓取 27 条.
[2025-06-10 03:20:08] ✘ 有 1 条订阅解析失败:
[2025-06-10 03:20:08] - https://tcxx.info/feed
[2025-06-10 03:20:08] ✘ 有 2 条订阅头像无法访问, 已使用默认头像:
[2025-06-10 03:20:08] - http://feeds.feedburner.com/ruanyifeng
[2025-06-10 03:20:08] - https://www.loyhome.com/feed
[2025-06-10 04:30:32] 本次订阅抓取结果统计:
[2025-06-10 04:30:32] 共 28 条RSS, 成功抓取 27 条.
[2025-06-10 04:30:32] ✘ 有 1 条订阅解析失败:
[2025-06-10 04:30:32] - https://tcxx.info/feed
[2025-06-10 04:30:32] ✘ 有 3 条订阅头像无法访问, 已使用默认头像:
[2025-06-10 04:30:32] - http://feeds.feedburner.com/ruanyifeng
[2025-06-10 04:30:32] - https://www.loyhome.com/feed
[2025-06-10 04:30:32] - https://xyzbz.cn/feed
[2025-06-10 05:22:15] 本次订阅抓取结果统计:
[2025-06-10 05:22:15] 共 28 条RSS, 成功抓取 27 条.
[2025-06-10 05:22:15] ✘ 有 1 条订阅解析失败:
[2025-06-10 05:22:15] - https://tcxx.info/feed
[2025-06-10 05:22:15] ✘ 有 2 条订阅头像无法访问, 已使用默认头像:
[2025-06-10 05:22:15] - http://feeds.feedburner.com/ruanyifeng
[2025-06-10 05:22:15] - https://www.loyhome.com/feed
[2025-06-10 06:33:17] 本次订阅抓取结果统计:
[2025-06-10 06:33:17] 共 28 条RSS, 成功抓取 27 条.
[2025-06-10 06:33:17] ✘ 有 1 条订阅解析失败:
[2025-06-10 06:33:17] - https://tcxx.info/feed
[2025-06-10 06:33:17] ✘ 有 3 条订阅头像无法访问, 已使用默认头像:
[2025-06-10 06:33:17] - http://feeds.feedburner.com/ruanyifeng
[2025-06-10 06:33:17] - https://www.loyhome.com/feed
[2025-06-10 06:33:17] - https://blog.fooleap.org/atom.xml
[2025-06-10 07:21:45] 本次订阅抓取结果统计:
[2025-06-10 07:21:45] 共 28 条RSS, 成功抓取 27 条.
[2025-06-10 07:21:45] ✘ 有 1 条订阅解析失败:
[2025-06-10 07:21:45] - https://tcxx.info/feed
[2025-06-10 07:21:45] ✘ 有 2 条订阅头像无法访问, 已使用默认头像:
[2025-06-10 07:21:45] - http://feeds.feedburner.com/ruanyifeng
[2025-06-10 07:21:45] - https://www.loyhome.com/feed
[2025-06-10 08:31:03] 本次订阅抓取结果统计:
[2025-06-10 08:31:03] 共 28 条RSS, 成功抓取 27 条.
[2025-06-10 08:31:03] ✘ 有 1 条订阅解析失败:
[2025-06-10 08:31:03] - https://tcxx.info/feed
[2025-06-10 08:31:03] ✘ 有 2 条订阅头像无法访问, 已使用默认头像:
[2025-06-10 08:31:03] - http://feeds.feedburner.com/ruanyifeng
[2025-06-10 08:31:03] - https://www.loyhome.com/feed
[2025-06-10 09:25:14] 本次订阅抓取结果统计:
[2025-06-10 09:25:14] 共 28 条RSS, 成功抓取 27 条.
[2025-06-10 09:25:14] ✘ 有 1 条订阅解析失败:
[2025-06-10 09:25:14] - https://tcxx.info/feed
[2025-06-10 09:25:14] ✘ 有 2 条订阅头像无法访问, 已使用默认头像:
[2025-06-10 09:25:14] - http://feeds.feedburner.com/ruanyifeng
[2025-06-10 09:25:14] - https://www.loyhome.com/feed
[2025-06-10 10:24:45] 本次订阅抓取结果统计:
[2025-06-10 10:24:45] 共 28 条RSS, 成功抓取 27 条.
[2025-06-10 10:24:45] ✘ 有 1 条订阅解析失败:
[2025-06-10 10:24:45] - https://tcxx.info/feed
[2025-06-10 10:24:45] ✘ 有 2 条订阅头像无法访问, 已使用默认头像:
[2025-06-10 10:24:45] - http://feeds.feedburner.com/ruanyifeng
[2025-06-10 10:24:45] - https://www.loyhome.com/feed
[2025-06-10 11:19:07] 本次订阅抓取结果统计:
[2025-06-10 11:19:07] 共 28 条RSS, 成功抓取 27 条.
[2025-06-10 11:19:07] ✘ 有 1 条订阅解析失败:
[2025-06-10 11:19:07] - https://tcxx.info/feed
[2025-06-10 11:19:07] ✘ 有 2 条订阅头像无法访问, 已使用默认头像:
[2025-06-10 11:19:07] - http://feeds.feedburner.com/ruanyifeng
[2025-06-10 11:19:07] - https://www.loyhome.com/feed
[2025-06-10 12:47:41] 本次订阅抓取结果统计:
[2025-06-10 12:47:41] 共 28 条RSS, 成功抓取 27 条.
[2025-06-10 12:47:41] ✘ 有 1 条订阅解析失败:
[2025-06-10 12:47:41] - https://tcxx.info/feed
[2025-06-10 12:47:41] ✘ 有 2 条订阅头像无法访问, 已使用默认头像:
[2025-06-10 12:47:41] - http://feeds.feedburner.com/ruanyifeng
[2025-06-10 12:47:41] - https://www.loyhome.com/feed
[2025-06-10 13:35:09] 本次订阅抓取结果统计:
[2025-06-10 13:35:09] 共 28 条RSS, 成功抓取 27 条.
[2025-06-10 13:35:09] ✘ 有 1 条订阅解析失败:
[2025-06-10 13:35:09] - https://tcxx.info/feed
[2025-06-10 13:35:09] ✘ 有 2 条订阅头像无法访问, 已使用默认头像:
[2025-06-10 13:35:09] - https://www.loyhome.com/feed
[2025-06-10 13:35:09] - http://feeds.feedburner.com/ruanyifeng
[2025-06-10 14:23:20] 本次订阅抓取结果统计:
[2025-06-10 14:23:20] 共 28 条RSS, 成功抓取 25 条.
[2025-06-10 14:23:20] ✘ 有 3 条订阅解析失败:
[2025-06-10 14:23:20] - https://tcxx.info/feed
[2025-06-10 14:23:20] - https://ihaihe.cn/feed
[2025-06-10 14:23:20] - https://xyzbz.cn/feed
[2025-06-10 14:23:20] ✘ 有 2 条订阅头像无法访问, 已使用默认头像:
[2025-06-10 14:23:20] - https://www.loyhome.com/feed
[2025-06-10 14:23:20] - http://feeds.feedburner.com/ruanyifeng
