[2025-12-01 02:08:23] 本次订阅抓取结果统计:
[2025-12-01 02:08:23] 共 28 条RSS, 成功抓取 24 条.
[2025-12-01 02:08:23] ✘ 有 4 条订阅解析失败:
[2025-12-01 02:08:23] - https://tumutanzi.com/feed
[2025-12-01 02:08:23] - https://tcxx.info/feed
[2025-12-01 02:08:23] - https://geekinney.com/index.xml
[2025-12-01 02:08:23] - https://wangpei.net/feed
[2025-12-01 02:08:23] ✘ 有 2 条订阅头像无法访问, 已使用默认头像:
[2025-12-01 02:08:23] - http://feeds.feedburner.com/ruanyifeng
[2025-12-01 02:08:23] - https://www.loyhome.com/feed
[2025-12-01 04:12:29] 本次订阅抓取结果统计:
[2025-12-01 04:12:29] 共 28 条RSS, 成功抓取 24 条.
[2025-12-01 04:12:29] ✘ 有 4 条订阅解析失败:
[2025-12-01 04:12:29] - https://tcxx.info/feed
[2025-12-01 04:12:29] - https://tumutanzi.com/feed
[2025-12-01 04:12:29] - https://geekinney.com/index.xml
[2025-12-01 04:12:29] - https://wangpei.net/feed
[2025-12-01 04:12:29] ✘ 有 2 条订阅头像无法访问, 已使用默认头像:
[2025-12-01 04:12:29] - http://feeds.feedburner.com/ruanyifeng
[2025-12-01 04:12:29] - https://www.loyhome.com/feed
[2025-12-01 05:31:18] 本次订阅抓取结果统计:
[2025-12-01 05:31:18] 共 28 条RSS, 成功抓取 24 条.
[2025-12-01 05:31:18] ✘ 有 4 条订阅解析失败:
[2025-12-01 05:31:18] - https://tcxx.info/feed
[2025-12-01 05:31:18] - https://tumutanzi.com/feed
[2025-12-01 05:31:18] - https://geekinney.com/index.xml
[2025-12-01 05:31:18] - https://wangpei.net/feed
[2025-12-01 05:31:18] ✘ 有 2 条订阅头像无法访问, 已使用默认头像:
[2025-12-01 05:31:18] - http://feeds.feedburner.com/ruanyifeng
[2025-12-01 05:31:18] - https://www.loyhome.com/feed
[2025-12-01 06:38:18] 本次订阅抓取结果统计:
[2025-12-01 06:38:18] 共 28 条RSS, 成功抓取 25 条.
[2025-12-01 06:38:18] ✘ 有 3 条订阅解析失败:
[2025-12-01 06:38:18] - https://tcxx.info/feed
[2025-12-01 06:38:18] - https://tumutanzi.com/feed
[2025-12-01 06:38:18] - https://geekinney.com/index.xml
[2025-12-01 06:38:18] ✘ 有 2 条订阅头像无法访问, 已使用默认头像:
[2025-12-01 06:38:18] - http://feeds.feedburner.com/ruanyifeng
[2025-12-01 06:38:18] - https://www.loyhome.com/feed
[2025-12-01 07:26:29] 本次订阅抓取结果统计:
[2025-12-01 07:26:29] 共 28 条RSS, 成功抓取 24 条.
[2025-12-01 07:26:29] ✘ 有 4 条订阅解析失败:
[2025-12-01 07:26:29] - https://tcxx.info/feed
[2025-12-01 07:26:29] - https://tumutanzi.com/feed
[2025-12-01 07:26:29] - https://geekinney.com/index.xml
[2025-12-01 07:26:29] - https://wangpei.net/feed
[2025-12-01 07:26:29] ✘ 有 2 条订阅头像无法访问, 已使用默认头像:
[2025-12-01 07:26:29] - http://feeds.feedburner.com/ruanyifeng
[2025-12-01 07:26:29] - https://www.loyhome.com/feed
[2025-12-01 08:35:38] 本次订阅抓取结果统计:
[2025-12-01 08:35:38] 共 28 条RSS, 成功抓取 25 条.
[2025-12-01 08:35:38] ✘ 有 3 条订阅解析失败:
[2025-12-01 08:35:38] - https://tcxx.info/feed
[2025-12-01 08:35:38] - https://tumutanzi.com/feed
[2025-12-01 08:35:38] - https://geekinney.com/index.xml
[2025-12-01 08:35:38] ✘ 有 3 条订阅头像无法访问, 已使用默认头像:
[2025-12-01 08:35:38] - http://feeds.feedburner.com/ruanyifeng
[2025-12-01 08:35:38] - https://www.loyhome.com/feed
[2025-12-01 08:35:38] - http://feeds.kenengba.com/kenengbarss
