[2025-03-27 03:07:11] 本次订阅抓取结果统计:
[2025-03-27 03:07:11] 共 28 条RSS, 成功抓取 26 条.
[2025-03-27 03:07:11] ✘ 有 2 条订阅解析失败:
[2025-03-27 03:07:11] - https://tcxx.info/feed
[2025-03-27 03:07:11] - https://geekinney.com/index.xml
[2025-03-27 03:07:11] ✘ 有 2 条订阅头像无法访问, 已使用默认头像:
[2025-03-27 03:07:11] - http://feeds.feedburner.com/ruanyifeng
[2025-03-27 03:07:11] - https://www.loyhome.com/feed
[2025-03-27 04:43:05] 本次订阅抓取结果统计:
[2025-03-27 04:43:05] 共 28 条RSS, 成功抓取 26 条.
[2025-03-27 04:43:05] ✘ 有 2 条订阅解析失败:
[2025-03-27 04:43:05] - https://tcxx.info/feed
[2025-03-27 04:43:05] - https://geekinney.com/index.xml
[2025-03-27 04:43:05] ✘ 有 2 条订阅头像无法访问, 已使用默认头像:
[2025-03-27 04:43:05] - http://feeds.feedburner.com/ruanyifeng
[2025-03-27 04:43:05] - https://www.loyhome.com/feed
[2025-03-27 05:36:54] 本次订阅抓取结果统计:
[2025-03-27 05:36:54] 共 28 条RSS, 成功抓取 27 条.
[2025-03-27 05:36:54] ✘ 有 1 条订阅解析失败:
[2025-03-27 05:36:54] - https://geekinney.com/index.xml
[2025-03-27 05:36:54] ✘ 有 3 条订阅头像无法访问, 已使用默认头像:
[2025-03-27 05:36:54] - http://feeds.feedburner.com/ruanyifeng
[2025-03-27 05:36:54] - https://www.loyhome.com/feed
[2025-03-27 05:36:54] - https://tcxx.info/feed
[2025-03-27 06:49:19] 本次订阅抓取结果统计:
[2025-03-27 06:49:19] 共 28 条RSS, 成功抓取 26 条.
[2025-03-27 06:49:19] ✘ 有 2 条订阅解析失败:
[2025-03-27 06:49:19] - https://geekinney.com/index.xml
[2025-03-27 06:49:19] - https://tcxx.info/feed
[2025-03-27 06:49:19] ✘ 有 2 条订阅头像无法访问, 已使用默认头像:
[2025-03-27 06:49:19] - http://feeds.feedburner.com/ruanyifeng
[2025-03-27 06:49:19] - https://www.loyhome.com/feed
[2025-03-27 07:29:14] 本次订阅抓取结果统计:
[2025-03-27 07:29:14] 共 28 条RSS, 成功抓取 27 条.
[2025-03-27 07:29:14] ✘ 有 1 条订阅解析失败:
[2025-03-27 07:29:14] - https://geekinney.com/index.xml
[2025-03-27 07:29:14] ✘ 有 2 条订阅头像无法访问, 已使用默认头像:
[2025-03-27 07:29:14] - http://feeds.feedburner.com/ruanyifeng
[2025-03-27 07:29:14] - https://www.loyhome.com/feed
