[2025-05-06 01:47:18] 本次订阅抓取结果统计:
[2025-05-06 01:47:18] 共 28 条RSS, 成功抓取 27 条.
[2025-05-06 01:47:18] ✘ 有 1 条订阅解析失败:
[2025-05-06 01:47:18] - https://tcxx.info/feed
[2025-05-06 01:47:18] ✘ 有 2 条订阅头像无法访问, 已使用默认头像:
[2025-05-06 01:47:18] - http://feeds.feedburner.com/ruanyifeng
[2025-05-06 01:47:18] - https://www.loyhome.com/feed
[2025-05-06 03:10:05] 本次订阅抓取结果统计:
[2025-05-06 03:10:05] 共 28 条RSS, 成功抓取 27 条.
[2025-05-06 03:10:05] ✘ 有 1 条订阅解析失败:
[2025-05-06 03:10:05] - https://tcxx.info/feed
[2025-05-06 03:10:05] ✘ 有 2 条订阅头像无法访问, 已使用默认头像:
[2025-05-06 03:10:05] - http://feeds.feedburner.com/ruanyifeng
[2025-05-06 03:10:05] - https://www.loyhome.com/feed
[2025-05-06 04:26:16] 本次订阅抓取结果统计:
[2025-05-06 04:26:16] 共 28 条RSS, 成功抓取 27 条.
[2025-05-06 04:26:16] ✘ 有 1 条订阅解析失败:
[2025-05-06 04:26:16] - https://tcxx.info/feed
[2025-05-06 04:26:16] ✘ 有 2 条订阅头像无法访问, 已使用默认头像:
[2025-05-06 04:26:16] - http://feeds.feedburner.com/ruanyifeng
[2025-05-06 04:26:16] - https://www.loyhome.com/feed
[2025-05-06 05:21:53] 本次订阅抓取结果统计:
[2025-05-06 05:21:53] 共 28 条RSS, 成功抓取 27 条.
[2025-05-06 05:21:53] ✘ 有 1 条订阅解析失败:
[2025-05-06 05:21:53] - https://tcxx.info/feed
[2025-05-06 05:21:53] ✘ 有 2 条订阅头像无法访问, 已使用默认头像:
[2025-05-06 05:21:53] - http://feeds.feedburner.com/ruanyifeng
[2025-05-06 05:21:53] - https://www.loyhome.com/feed
[2025-05-06 06:31:05] 本次订阅抓取结果统计:
[2025-05-06 06:31:05] 共 28 条RSS, 成功抓取 27 条.
[2025-05-06 06:31:05] ✘ 有 1 条订阅解析失败:
[2025-05-06 06:31:05] - https://tcxx.info/feed
[2025-05-06 06:31:05] ✘ 有 2 条订阅头像无法访问, 已使用默认头像:
[2025-05-06 06:31:05] - http://feeds.feedburner.com/ruanyifeng
[2025-05-06 06:31:05] - https://www.loyhome.com/feed
[2025-05-06 07:22:05] 本次订阅抓取结果统计:
[2025-05-06 07:22:05] 共 28 条RSS, 成功抓取 27 条.
[2025-05-06 07:22:05] ✘ 有 1 条订阅解析失败:
[2025-05-06 07:22:05] - https://tcxx.info/feed
[2025-05-06 07:22:05] ✘ 有 2 条订阅头像无法访问, 已使用默认头像:
[2025-05-06 07:22:05] - http://feeds.feedburner.com/ruanyifeng
[2025-05-06 07:22:05] - https://www.loyhome.com/feed
