[2025-05-31 01:47:06] 本次订阅抓取结果统计:
[2025-05-31 01:47:06] 共 28 条RSS, 成功抓取 27 条.
[2025-05-31 01:47:06] ✘ 有 1 条订阅解析失败:
[2025-05-31 01:47:06] - https://tcxx.info/feed
[2025-05-31 01:47:06] ✘ 有 2 条订阅头像无法访问, 已使用默认头像:
[2025-05-31 01:47:06] - http://feeds.feedburner.com/ruanyifeng
[2025-05-31 01:47:06] - https://www.loyhome.com/feed
[2025-05-31 03:12:16] 本次订阅抓取结果统计:
[2025-05-31 03:12:16] 共 28 条RSS, 成功抓取 27 条.
[2025-05-31 03:12:16] ✘ 有 1 条订阅解析失败:
[2025-05-31 03:12:16] - https://tcxx.info/feed
[2025-05-31 03:12:16] ✘ 有 2 条订阅头像无法访问, 已使用默认头像:
[2025-05-31 03:12:16] - http://feeds.feedburner.com/ruanyifeng
[2025-05-31 03:12:16] - https://www.loyhome.com/feed
[2025-05-31 04:26:25] 本次订阅抓取结果统计:
[2025-05-31 04:26:25] 共 28 条RSS, 成功抓取 27 条.
[2025-05-31 04:26:25] ✘ 有 1 条订阅解析失败:
[2025-05-31 04:26:25] - https://tcxx.info/feed
[2025-05-31 04:26:25] ✘ 有 2 条订阅头像无法访问, 已使用默认头像:
[2025-05-31 04:26:25] - http://feeds.feedburner.com/ruanyifeng
[2025-05-31 04:26:25] - https://www.loyhome.com/feed
[2025-05-31 05:20:31] 本次订阅抓取结果统计:
[2025-05-31 05:20:31] 共 28 条RSS, 成功抓取 27 条.
[2025-05-31 05:20:31] ✘ 有 1 条订阅解析失败:
[2025-05-31 05:20:31] - https://tcxx.info/feed
[2025-05-31 05:20:31] ✘ 有 2 条订阅头像无法访问, 已使用默认头像:
[2025-05-31 05:20:31] - http://feeds.feedburner.com/ruanyifeng
[2025-05-31 05:20:31] - https://www.loyhome.com/feed
[2025-05-31 06:29:28] 本次订阅抓取结果统计:
[2025-05-31 06:29:28] 共 28 条RSS, 成功抓取 27 条.
[2025-05-31 06:29:28] ✘ 有 1 条订阅解析失败:
[2025-05-31 06:29:28] - https://tcxx.info/feed
[2025-05-31 06:29:28] ✘ 有 2 条订阅头像无法访问, 已使用默认头像:
[2025-05-31 06:29:28] - http://feeds.feedburner.com/ruanyifeng
[2025-05-31 06:29:28] - https://www.loyhome.com/feed
[2025-05-31 07:19:39] 本次订阅抓取结果统计:
[2025-05-31 07:19:39] 共 28 条RSS, 成功抓取 27 条.
[2025-05-31 07:19:39] ✘ 有 1 条订阅解析失败:
[2025-05-31 07:19:39] - https://tcxx.info/feed
[2025-05-31 07:19:39] ✘ 有 2 条订阅头像无法访问, 已使用默认头像:
[2025-05-31 07:19:39] - http://feeds.feedburner.com/ruanyifeng
[2025-05-31 07:19:39] - https://www.loyhome.com/feed
[2025-05-31 08:26:55] 本次订阅抓取结果统计:
[2025-05-31 08:26:55] 共 28 条RSS, 成功抓取 27 条.
[2025-05-31 08:26:55] ✘ 有 1 条订阅解析失败:
[2025-05-31 08:26:55] - https://tcxx.info/feed
[2025-05-31 08:26:55] ✘ 有 2 条订阅头像无法访问, 已使用默认头像:
[2025-05-31 08:26:55] - http://feeds.feedburner.com/ruanyifeng
[2025-05-31 08:26:55] - https://www.loyhome.com/feed
[2025-05-31 09:21:18] 本次订阅抓取结果统计:
[2025-05-31 09:21:18] 共 28 条RSS, 成功抓取 27 条.
[2025-05-31 09:21:18] ✘ 有 1 条订阅解析失败:
[2025-05-31 09:21:18] - https://tcxx.info/feed
[2025-05-31 09:21:18] ✘ 有 2 条订阅头像无法访问, 已使用默认头像:
[2025-05-31 09:21:18] - http://feeds.feedburner.com/ruanyifeng
[2025-05-31 09:21:18] - https://www.loyhome.com/feed
[2025-05-31 10:21:54] 本次订阅抓取结果统计:
[2025-05-31 10:21:54] 共 28 条RSS, 成功抓取 27 条.
[2025-05-31 10:21:54] ✘ 有 1 条订阅解析失败:
[2025-05-31 10:21:54] - https://tcxx.info/feed
[2025-05-31 10:21:54] ✘ 有 2 条订阅头像无法访问, 已使用默认头像:
[2025-05-31 10:21:54] - http://feeds.feedburner.com/ruanyifeng
[2025-05-31 10:21:54] - https://www.loyhome.com/feed
[2025-05-31 11:16:57] 本次订阅抓取结果统计:
[2025-05-31 11:16:57] 共 28 条RSS, 成功抓取 27 条.
[2025-05-31 11:16:57] ✘ 有 1 条订阅解析失败:
[2025-05-31 11:16:57] - https://tcxx.info/feed
[2025-05-31 11:16:57] ✘ 有 2 条订阅头像无法访问, 已使用默认头像:
[2025-05-31 11:16:57] - http://feeds.feedburner.com/ruanyifeng
[2025-05-31 11:16:57] - https://www.loyhome.com/feed
