[2025-08-30 01:37:53] 本次订阅抓取结果统计:
[2025-08-30 01:37:53] 共 28 条RSS, 成功抓取 25 条.
[2025-08-30 01:37:53] ✘ 有 3 条订阅解析失败:
[2025-08-30 01:37:53] - https://tumutanzi.com/feed
[2025-08-30 01:37:53] - https://tcxx.info/feed
[2025-08-30 01:37:53] - https://geekinney.com/index.xml
[2025-08-30 01:37:53] ✘ 有 3 条订阅头像无法访问, 已使用默认头像:
[2025-08-30 01:37:53] - https://hwv430.blogspot.com/feeds/posts/default
[2025-08-30 01:37:53] - http://feeds.feedburner.com/ruanyifeng
[2025-08-30 01:37:53] - https://www.loyhome.com/feed
[2025-08-30 02:57:52] 本次订阅抓取结果统计:
[2025-08-30 02:57:52] 共 28 条RSS, 成功抓取 25 条.
[2025-08-30 02:57:52] ✘ 有 3 条订阅解析失败:
[2025-08-30 02:57:52] - https://tumutanzi.com/feed
[2025-08-30 02:57:52] - https://tcxx.info/feed
[2025-08-30 02:57:52] - https://geekinney.com/index.xml
[2025-08-30 02:57:52] ✘ 有 4 条订阅头像无法访问, 已使用默认头像:
[2025-08-30 02:57:52] - https://hwv430.blogspot.com/feeds/posts/default
[2025-08-30 02:57:52] - http://feeds.feedburner.com/ruanyifeng
[2025-08-30 02:57:52] - https://www.loyhome.com/feed
[2025-08-30 02:57:52] - https://xyzbz.cn/feed
[2025-08-30 03:33:07] 本次订阅抓取结果统计:
[2025-08-30 03:33:07] 共 28 条RSS, 成功抓取 25 条.
[2025-08-30 03:33:07] ✘ 有 3 条订阅解析失败:
[2025-08-30 03:33:07] - https://tcxx.info/feed
[2025-08-30 03:33:07] - https://tumutanzi.com/feed
[2025-08-30 03:33:07] - https://geekinney.com/index.xml
[2025-08-30 03:33:07] ✘ 有 3 条订阅头像无法访问, 已使用默认头像:
[2025-08-30 03:33:07] - https://hwv430.blogspot.com/feeds/posts/default
[2025-08-30 03:33:07] - http://feeds.feedburner.com/ruanyifeng
[2025-08-30 03:33:07] - https://www.loyhome.com/feed
[2025-08-30 04:24:38] 本次订阅抓取结果统计:
[2025-08-30 04:24:38] 共 28 条RSS, 成功抓取 25 条.
[2025-08-30 04:24:38] ✘ 有 3 条订阅解析失败:
[2025-08-30 04:24:38] - https://tcxx.info/feed
[2025-08-30 04:24:38] - https://tumutanzi.com/feed
[2025-08-30 04:24:38] - https://geekinney.com/index.xml
[2025-08-30 04:24:38] ✘ 有 2 条订阅头像无法访问, 已使用默认头像:
[2025-08-30 04:24:38] - http://feeds.feedburner.com/ruanyifeng
[2025-08-30 04:24:38] - https://www.loyhome.com/feed
[2025-08-30 05:18:52] 本次订阅抓取结果统计:
[2025-08-30 05:18:52] 共 28 条RSS, 成功抓取 25 条.
[2025-08-30 05:18:52] ✘ 有 3 条订阅解析失败:
[2025-08-30 05:18:52] - https://tcxx.info/feed
[2025-08-30 05:18:52] - https://tumutanzi.com/feed
[2025-08-30 05:18:52] - https://geekinney.com/index.xml
[2025-08-30 05:18:52] ✘ 有 3 条订阅头像无法访问, 已使用默认头像:
[2025-08-30 05:18:52] - https://hwv430.blogspot.com/feeds/posts/default
[2025-08-30 05:18:52] - http://feeds.feedburner.com/ruanyifeng
[2025-08-30 05:18:52] - https://www.loyhome.com/feed
[2025-08-30 06:28:38] 本次订阅抓取结果统计:
[2025-08-30 06:28:38] 共 28 条RSS, 成功抓取 25 条.
[2025-08-30 06:28:38] ✘ 有 3 条订阅解析失败:
[2025-08-30 06:28:38] - https://tcxx.info/feed
[2025-08-30 06:28:38] - https://tumutanzi.com/feed
[2025-08-30 06:28:38] - https://geekinney.com/index.xml
[2025-08-30 06:28:38] ✘ 有 3 条订阅头像无法访问, 已使用默认头像:
[2025-08-30 06:28:38] - https://hwv430.blogspot.com/feeds/posts/default
[2025-08-30 06:28:38] - http://feeds.feedburner.com/ruanyifeng
[2025-08-30 06:28:38] - https://www.loyhome.com/feed
[2025-08-30 07:17:55] 本次订阅抓取结果统计:
[2025-08-30 07:17:55] 共 28 条RSS, 成功抓取 25 条.
[2025-08-30 07:17:55] ✘ 有 3 条订阅解析失败:
[2025-08-30 07:17:55] - https://tcxx.info/feed
[2025-08-30 07:17:55] - https://tumutanzi.com/feed
[2025-08-30 07:17:55] - https://geekinney.com/index.xml
[2025-08-30 07:17:55] ✘ 有 3 条订阅头像无法访问, 已使用默认头像:
[2025-08-30 07:17:55] - https://hwv430.blogspot.com/feeds/posts/default
[2025-08-30 07:17:55] - http://feeds.feedburner.com/ruanyifeng
[2025-08-30 07:17:55] - https://www.loyhome.com/feed
