[2025-04-12 01:40:09] 本次订阅抓取结果统计:
[2025-04-12 01:40:09] 共 28 条RSS, 成功抓取 27 条.
[2025-04-12 01:40:09] ✘ 有 1 条订阅解析失败:
[2025-04-12 01:40:09] - https://tcxx.info/feed
[2025-04-12 01:40:09] ✘ 有 2 条订阅头像无法访问, 已使用默认头像:
[2025-04-12 01:40:09] - http://feeds.feedburner.com/ruanyifeng
[2025-04-12 01:40:09] - https://www.loyhome.com/feed
[2025-04-12 03:00:13] 本次订阅抓取结果统计:
[2025-04-12 03:00:13] 共 28 条RSS, 成功抓取 27 条.
[2025-04-12 03:00:13] ✘ 有 1 条订阅解析失败:
[2025-04-12 03:00:13] - https://tcxx.info/feed
[2025-04-12 03:00:13] ✘ 有 2 条订阅头像无法访问, 已使用默认头像:
[2025-04-12 03:00:13] - https://www.loyhome.com/feed
[2025-04-12 03:00:13] - http://feeds.feedburner.com/ruanyifeng
[2025-04-12 03:35:23] 本次订阅抓取结果统计:
[2025-04-12 03:35:23] 共 28 条RSS, 成功抓取 27 条.
[2025-04-12 03:35:23] ✘ 有 1 条订阅解析失败:
[2025-04-12 03:35:23] - https://tcxx.info/feed
[2025-04-12 03:35:23] ✘ 有 2 条订阅头像无法访问, 已使用默认头像:
[2025-04-12 03:35:23] - http://feeds.feedburner.com/ruanyifeng
[2025-04-12 03:35:23] - https://www.loyhome.com/feed
[2025-04-12 04:24:32] 本次订阅抓取结果统计:
[2025-04-12 04:24:32] 共 28 条RSS, 成功抓取 27 条.
[2025-04-12 04:24:32] ✘ 有 1 条订阅解析失败:
[2025-04-12 04:24:32] - https://tcxx.info/feed
[2025-04-12 04:24:32] ✘ 有 2 条订阅头像无法访问, 已使用默认头像:
[2025-04-12 04:24:32] - http://feeds.feedburner.com/ruanyifeng
[2025-04-12 04:24:32] - https://www.loyhome.com/feed
[2025-04-12 05:19:36] 本次订阅抓取结果统计:
[2025-04-12 05:19:36] 共 28 条RSS, 成功抓取 27 条.
[2025-04-12 05:19:36] ✘ 有 1 条订阅解析失败:
[2025-04-12 05:19:36] - https://tcxx.info/feed
[2025-04-12 05:19:36] ✘ 有 3 条订阅头像无法访问, 已使用默认头像:
[2025-04-12 05:19:36] - http://feeds.feedburner.com/ruanyifeng
[2025-04-12 05:19:36] - https://www.loyhome.com/feed
[2025-04-12 05:19:36] - https://xyzbz.cn/feed
