[2025-05-08 01:48:06] 本次订阅抓取结果统计:
[2025-05-08 01:48:06] 共 28 条RSS, 成功抓取 27 条.
[2025-05-08 01:48:06] ✘ 有 1 条订阅解析失败:
[2025-05-08 01:48:06] - https://tcxx.info/feed
[2025-05-08 01:48:06] ✘ 有 2 条订阅头像无法访问, 已使用默认头像:
[2025-05-08 01:48:06] - http://feeds.feedburner.com/ruanyifeng
[2025-05-08 01:48:06] - https://www.loyhome.com/feed
[2025-05-08 03:13:02] 本次订阅抓取结果统计:
[2025-05-08 03:13:02] 共 28 条RSS, 成功抓取 27 条.
[2025-05-08 03:13:02] ✘ 有 1 条订阅解析失败:
[2025-05-08 03:13:02] - https://tcxx.info/feed
[2025-05-08 03:13:02] ✘ 有 2 条订阅头像无法访问, 已使用默认头像:
[2025-05-08 03:13:02] - https://www.loyhome.com/feed
[2025-05-08 03:13:02] - http://feeds.feedburner.com/ruanyifeng
[2025-05-08 04:27:09] 本次订阅抓取结果统计:
[2025-05-08 04:27:09] 共 28 条RSS, 成功抓取 27 条.
[2025-05-08 04:27:09] ✘ 有 1 条订阅解析失败:
[2025-05-08 04:27:09] - https://tcxx.info/feed
[2025-05-08 04:27:09] ✘ 有 2 条订阅头像无法访问, 已使用默认头像:
[2025-05-08 04:27:09] - http://feeds.feedburner.com/ruanyifeng
[2025-05-08 04:27:09] - https://www.loyhome.com/feed
[2025-05-08 05:22:18] 本次订阅抓取结果统计:
[2025-05-08 05:22:18] 共 28 条RSS, 成功抓取 27 条.
[2025-05-08 05:22:18] ✘ 有 1 条订阅解析失败:
[2025-05-08 05:22:18] - https://tcxx.info/feed
[2025-05-08 05:22:18] ✘ 有 3 条订阅头像无法访问, 已使用默认头像:
[2025-05-08 05:22:18] - http://feeds.feedburner.com/ruanyifeng
[2025-05-08 05:22:18] - https://www.loyhome.com/feed
[2025-05-08 05:22:18] - https://xyzbz.cn/feed
[2025-05-08 06:31:59] 本次订阅抓取结果统计:
[2025-05-08 06:31:59] 共 28 条RSS, 成功抓取 27 条.
[2025-05-08 06:31:59] ✘ 有 1 条订阅解析失败:
[2025-05-08 06:31:59] - https://tcxx.info/feed
[2025-05-08 06:31:59] ✘ 有 2 条订阅头像无法访问, 已使用默认头像:
[2025-05-08 06:31:59] - http://feeds.feedburner.com/ruanyifeng
[2025-05-08 06:31:59] - https://www.loyhome.com/feed
[2025-05-08 07:24:32] 本次订阅抓取结果统计:
[2025-05-08 07:24:32] 共 28 条RSS, 成功抓取 27 条.
[2025-05-08 07:24:32] ✘ 有 1 条订阅解析失败:
[2025-05-08 07:24:32] - https://tcxx.info/feed
[2025-05-08 07:24:32] ✘ 有 2 条订阅头像无法访问, 已使用默认头像:
[2025-05-08 07:24:32] - http://feeds.feedburner.com/ruanyifeng
[2025-05-08 07:24:32] - https://www.loyhome.com/feed
[2025-05-08 08:29:42] 本次订阅抓取结果统计:
[2025-05-08 08:29:42] 共 28 条RSS, 成功抓取 27 条.
[2025-05-08 08:29:42] ✘ 有 1 条订阅解析失败:
[2025-05-08 08:29:42] - https://tcxx.info/feed
[2025-05-08 08:29:42] ✘ 有 2 条订阅头像无法访问, 已使用默认头像:
[2025-05-08 08:29:42] - http://feeds.feedburner.com/ruanyifeng
[2025-05-08 08:29:42] - https://www.loyhome.com/feed
[2025-05-08 09:23:46] 本次订阅抓取结果统计:
[2025-05-08 09:23:46] 共 28 条RSS, 成功抓取 27 条.
[2025-05-08 09:23:46] ✘ 有 1 条订阅解析失败:
[2025-05-08 09:23:46] - https://tcxx.info/feed
[2025-05-08 09:23:46] ✘ 有 2 条订阅头像无法访问, 已使用默认头像:
[2025-05-08 09:23:46] - http://feeds.feedburner.com/ruanyifeng
[2025-05-08 09:23:46] - https://www.loyhome.com/feed
[2025-05-08 10:24:38] 本次订阅抓取结果统计:
[2025-05-08 10:24:38] 共 28 条RSS, 成功抓取 27 条.
[2025-05-08 10:24:38] ✘ 有 1 条订阅解析失败:
[2025-05-08 10:24:38] - https://tcxx.info/feed
[2025-05-08 10:24:38] ✘ 有 3 条订阅头像无法访问, 已使用默认头像:
[2025-05-08 10:24:38] - http://feeds.feedburner.com/ruanyifeng
[2025-05-08 10:24:38] - https://www.loyhome.com/feed
[2025-05-08 10:24:38] - https://xyzbz.cn/feed
[2025-05-08 11:18:41] 本次订阅抓取结果统计:
[2025-05-08 11:18:41] 共 28 条RSS, 成功抓取 27 条.
[2025-05-08 11:18:41] ✘ 有 1 条订阅解析失败:
[2025-05-08 11:18:41] - https://tcxx.info/feed
[2025-05-08 11:18:41] ✘ 有 2 条订阅头像无法访问, 已使用默认头像:
[2025-05-08 11:18:41] - http://feeds.feedburner.com/ruanyifeng
[2025-05-08 11:18:41] - https://www.loyhome.com/feed
[2025-05-08 12:43:57] 本次订阅抓取结果统计:
[2025-05-08 12:43:57] 共 28 条RSS, 成功抓取 27 条.
[2025-05-08 12:43:57] ✘ 有 1 条订阅解析失败:
[2025-05-08 12:43:57] - https://tcxx.info/feed
[2025-05-08 12:43:57] ✘ 有 2 条订阅头像无法访问, 已使用默认头像:
[2025-05-08 12:43:57] - https://www.loyhome.com/feed
[2025-05-08 12:43:57] - http://feeds.feedburner.com/ruanyifeng
[2025-05-08 13:32:42] 本次订阅抓取结果统计:
[2025-05-08 13:32:42] 共 28 条RSS, 成功抓取 26 条.
[2025-05-08 13:32:42] ✘ 有 2 条订阅解析失败:
[2025-05-08 13:32:42] - https://tcxx.info/feed
[2025-05-08 13:32:42] - https://www.shephe.com/feed
[2025-05-08 13:32:42] ✘ 有 2 条订阅头像无法访问, 已使用默认头像:
[2025-05-08 13:32:42] - http://feeds.feedburner.com/ruanyifeng
[2025-05-08 13:32:42] - https://www.loyhome.com/feed
[2025-05-08 14:20:50] 本次订阅抓取结果统计:
[2025-05-08 14:20:50] 共 28 条RSS, 成功抓取 26 条.
[2025-05-08 14:20:50] ✘ 有 2 条订阅解析失败:
[2025-05-08 14:20:50] - https://tcxx.info/feed
[2025-05-08 14:20:50] - https://www.shephe.com/feed
[2025-05-08 14:20:50] ✘ 有 2 条订阅头像无法访问, 已使用默认头像:
[2025-05-08 14:20:50] - https://www.loyhome.com/feed
[2025-05-08 14:20:50] - http://feeds.feedburner.com/ruanyifeng
[2025-05-08 15:25:15] 本次订阅抓取结果统计:
[2025-05-08 15:25:15] 共 28 条RSS, 成功抓取 26 条.
[2025-05-08 15:25:15] ✘ 有 2 条订阅解析失败:
[2025-05-08 15:25:15] - https://tcxx.info/feed
[2025-05-08 15:25:15] - https://www.shephe.com/feed
[2025-05-08 15:25:15] ✘ 有 2 条订阅头像无法访问, 已使用默认头像:
[2025-05-08 15:25:15] - http://feeds.feedburner.com/ruanyifeng
[2025-05-08 15:25:15] - https://www.loyhome.com/feed
[2025-05-08 16:28:26] 本次订阅抓取结果统计:
[2025-05-08 16:28:26] 共 28 条RSS, 成功抓取 27 条.
[2025-05-08 16:28:26] ✘ 有 1 条订阅解析失败:
[2025-05-08 16:28:26] - https://tcxx.info/feed
[2025-05-08 16:28:26] ✘ 有 2 条订阅头像无法访问, 已使用默认头像:
[2025-05-08 16:28:26] - http://feeds.feedburner.com/ruanyifeng
[2025-05-08 16:28:26] - https://www.loyhome.com/feed
[2025-05-08 17:18:51] 本次订阅抓取结果统计:
[2025-05-08 17:18:51] 共 28 条RSS, 成功抓取 27 条.
[2025-05-08 17:18:51] ✘ 有 1 条订阅解析失败:
[2025-05-08 17:18:51] - https://tcxx.info/feed
[2025-05-08 17:18:51] ✘ 有 2 条订阅头像无法访问, 已使用默认头像:
[2025-05-08 17:18:51] - http://feeds.feedburner.com/ruanyifeng
[2025-05-08 17:18:51] - https://www.loyhome.com/feed
[2025-05-08 18:30:43] 本次订阅抓取结果统计:
[2025-05-08 18:30:43] 共 28 条RSS, 成功抓取 27 条.
[2025-05-08 18:30:43] ✘ 有 1 条订阅解析失败:
[2025-05-08 18:30:43] - https://tcxx.info/feed
[2025-05-08 18:30:43] ✘ 有 2 条订阅头像无法访问, 已使用默认头像:
[2025-05-08 18:30:43] - http://feeds.feedburner.com/ruanyifeng
[2025-05-08 18:30:43] - https://www.loyhome.com/feed
[2025-05-08 19:18:11] 本次订阅抓取结果统计:
[2025-05-08 19:18:11] 共 28 条RSS, 成功抓取 27 条.
[2025-05-08 19:18:11] ✘ 有 1 条订阅解析失败:
[2025-05-08 19:18:11] - https://tcxx.info/feed
[2025-05-08 19:18:11] ✘ 有 2 条订阅头像无法访问, 已使用默认头像:
[2025-05-08 19:18:11] - http://feeds.feedburner.com/ruanyifeng
[2025-05-08 19:18:11] - https://www.loyhome.com/feed
[2025-05-08 20:24:26] 本次订阅抓取结果统计:
[2025-05-08 20:24:26] 共 28 条RSS, 成功抓取 27 条.
[2025-05-08 20:24:26] ✘ 有 1 条订阅解析失败:
[2025-05-08 20:24:26] - https://tcxx.info/feed
[2025-05-08 20:24:26] ✘ 有 2 条订阅头像无法访问, 已使用默认头像:
[2025-05-08 20:24:26] - http://feeds.feedburner.com/ruanyifeng
[2025-05-08 20:24:26] - https://www.loyhome.com/feed
[2025-05-08 21:20:35] 本次订阅抓取结果统计:
[2025-05-08 21:20:35] 共 28 条RSS, 成功抓取 27 条.
[2025-05-08 21:20:35] ✘ 有 1 条订阅解析失败:
[2025-05-08 21:20:35] - https://tcxx.info/feed
[2025-05-08 21:20:35] ✘ 有 2 条订阅头像无法访问, 已使用默认头像:
[2025-05-08 21:20:35] - http://feeds.feedburner.com/ruanyifeng
[2025-05-08 21:20:35] - https://www.loyhome.com/feed
