[2025-06-12 01:51:00] 本次订阅抓取结果统计:
[2025-06-12 01:51:00] 共 28 条RSS, 成功抓取 27 条.
[2025-06-12 01:51:00] ✘ 有 1 条订阅解析失败:
[2025-06-12 01:51:00] - https://tcxx.info/feed
[2025-06-12 01:51:00] ✘ 有 2 条订阅头像无法访问, 已使用默认头像:
[2025-06-12 01:51:00] - http://feeds.feedburner.com/ruanyifeng
[2025-06-12 01:51:00] - https://www.loyhome.com/feed
[2025-06-12 03:17:45] 本次订阅抓取结果统计:
[2025-06-12 03:17:45] 共 28 条RSS, 成功抓取 27 条.
[2025-06-12 03:17:45] ✘ 有 1 条订阅解析失败:
[2025-06-12 03:17:45] - https://tcxx.info/feed
[2025-06-12 03:17:45] ✘ 有 2 条订阅头像无法访问, 已使用默认头像:
[2025-06-12 03:17:45] - http://feeds.feedburner.com/ruanyifeng
[2025-06-12 03:17:45] - https://www.loyhome.com/feed
[2025-06-12 04:28:54] 本次订阅抓取结果统计:
[2025-06-12 04:28:54] 共 28 条RSS, 成功抓取 27 条.
[2025-06-12 04:28:54] ✘ 有 1 条订阅解析失败:
[2025-06-12 04:28:54] - https://tcxx.info/feed
[2025-06-12 04:28:54] ✘ 有 2 条订阅头像无法访问, 已使用默认头像:
[2025-06-12 04:28:54] - http://feeds.feedburner.com/ruanyifeng
[2025-06-12 04:28:54] - https://www.loyhome.com/feed
[2025-06-12 05:22:18] 本次订阅抓取结果统计:
[2025-06-12 05:22:18] 共 28 条RSS, 成功抓取 27 条.
[2025-06-12 05:22:18] ✘ 有 1 条订阅解析失败:
[2025-06-12 05:22:18] - https://tcxx.info/feed
[2025-06-12 05:22:18] ✘ 有 2 条订阅头像无法访问, 已使用默认头像:
[2025-06-12 05:22:18] - http://feeds.feedburner.com/ruanyifeng
[2025-06-12 05:22:18] - https://www.loyhome.com/feed
[2025-06-12 06:33:12] 本次订阅抓取结果统计:
[2025-06-12 06:33:12] 共 28 条RSS, 成功抓取 27 条.
[2025-06-12 06:33:12] ✘ 有 1 条订阅解析失败:
[2025-06-12 06:33:12] - https://tcxx.info/feed
[2025-06-12 06:33:12] ✘ 有 2 条订阅头像无法访问, 已使用默认头像:
[2025-06-12 06:33:12] - http://feeds.feedburner.com/ruanyifeng
[2025-06-12 06:33:12] - https://www.loyhome.com/feed
[2025-06-12 07:22:26] 本次订阅抓取结果统计:
[2025-06-12 07:22:26] 共 28 条RSS, 成功抓取 27 条.
[2025-06-12 07:22:26] ✘ 有 1 条订阅解析失败:
[2025-06-12 07:22:26] - https://tcxx.info/feed
[2025-06-12 07:22:26] ✘ 有 2 条订阅头像无法访问, 已使用默认头像:
[2025-06-12 07:22:26] - http://feeds.feedburner.com/ruanyifeng
[2025-06-12 07:22:26] - https://www.loyhome.com/feed
