[2025-09-27 01:36:34] 本次订阅抓取结果统计:
[2025-09-27 01:36:34] 共 28 条RSS, 成功抓取 25 条.
[2025-09-27 01:36:34] ✘ 有 3 条订阅解析失败:
[2025-09-27 01:36:34] - https://tumutanzi.com/feed
[2025-09-27 01:36:34] - https://tcxx.info/feed
[2025-09-27 01:36:34] - https://geekinney.com/index.xml
[2025-09-27 01:36:34] ✘ 有 2 条订阅头像无法访问, 已使用默认头像:
[2025-09-27 01:36:34] - http://feeds.feedburner.com/ruanyifeng
[2025-09-27 01:36:34] - https://www.loyhome.com/feed
[2025-09-27 02:55:53] 本次订阅抓取结果统计:
[2025-09-27 02:55:53] 共 28 条RSS, 成功抓取 25 条.
[2025-09-27 02:55:53] ✘ 有 3 条订阅解析失败:
[2025-09-27 02:55:53] - https://tcxx.info/feed
[2025-09-27 02:55:53] - https://tumutanzi.com/feed
[2025-09-27 02:55:53] - https://geekinney.com/index.xml
[2025-09-27 02:55:53] ✘ 有 2 条订阅头像无法访问, 已使用默认头像:
[2025-09-27 02:55:53] - http://feeds.feedburner.com/ruanyifeng
[2025-09-27 02:55:53] - https://www.loyhome.com/feed
[2025-09-27 03:29:35] 本次订阅抓取结果统计:
[2025-09-27 03:29:35] 共 28 条RSS, 成功抓取 25 条.
[2025-09-27 03:29:35] ✘ 有 3 条订阅解析失败:
[2025-09-27 03:29:35] - https://tcxx.info/feed
[2025-09-27 03:29:35] - https://tumutanzi.com/feed
[2025-09-27 03:29:35] - https://geekinney.com/index.xml
[2025-09-27 03:29:35] ✘ 有 2 条订阅头像无法访问, 已使用默认头像:
[2025-09-27 03:29:35] - http://feeds.feedburner.com/ruanyifeng
[2025-09-27 03:29:35] - https://www.loyhome.com/feed
[2025-09-27 04:24:33] 本次订阅抓取结果统计:
[2025-09-27 04:24:33] 共 28 条RSS, 成功抓取 25 条.
[2025-09-27 04:24:33] ✘ 有 3 条订阅解析失败:
[2025-09-27 04:24:33] - https://tumutanzi.com/feed
[2025-09-27 04:24:33] - https://tcxx.info/feed
[2025-09-27 04:24:33] - https://geekinney.com/index.xml
[2025-09-27 04:24:33] ✘ 有 3 条订阅头像无法访问, 已使用默认头像:
[2025-09-27 04:24:33] - http://feeds.feedburner.com/ruanyifeng
[2025-09-27 04:24:33] - https://www.loyhome.com/feed
[2025-09-27 04:24:33] - https://xyzbz.cn/feed
[2025-09-27 05:19:45] 本次订阅抓取结果统计:
[2025-09-27 05:19:45] 共 28 条RSS, 成功抓取 25 条.
[2025-09-27 05:19:45] ✘ 有 3 条订阅解析失败:
[2025-09-27 05:19:45] - https://tumutanzi.com/feed
[2025-09-27 05:19:45] - https://tcxx.info/feed
[2025-09-27 05:19:45] - https://geekinney.com/index.xml
[2025-09-27 05:19:45] ✘ 有 2 条订阅头像无法访问, 已使用默认头像:
[2025-09-27 05:19:45] - http://feeds.feedburner.com/ruanyifeng
[2025-09-27 05:19:45] - https://www.loyhome.com/feed
[2025-09-27 06:28:13] 本次订阅抓取结果统计:
[2025-09-27 06:28:13] 共 28 条RSS, 成功抓取 25 条.
[2025-09-27 06:28:13] ✘ 有 3 条订阅解析失败:
[2025-09-27 06:28:13] - https://tcxx.info/feed
[2025-09-27 06:28:13] - https://tumutanzi.com/feed
[2025-09-27 06:28:13] - https://geekinney.com/index.xml
[2025-09-27 06:28:13] ✘ 有 2 条订阅头像无法访问, 已使用默认头像:
[2025-09-27 06:28:13] - https://www.loyhome.com/feed
[2025-09-27 06:28:13] - http://feeds.feedburner.com/ruanyifeng
[2025-09-27 07:17:39] 本次订阅抓取结果统计:
[2025-09-27 07:17:39] 共 28 条RSS, 成功抓取 25 条.
[2025-09-27 07:17:39] ✘ 有 3 条订阅解析失败:
[2025-09-27 07:17:39] - https://tcxx.info/feed
[2025-09-27 07:17:39] - https://tumutanzi.com/feed
[2025-09-27 07:17:39] - https://geekinney.com/index.xml
[2025-09-27 07:17:39] ✘ 有 2 条订阅头像无法访问, 已使用默认头像:
[2025-09-27 07:17:39] - http://feeds.feedburner.com/ruanyifeng
[2025-09-27 07:17:39] - https://www.loyhome.com/feed
[2025-09-27 08:24:08] 本次订阅抓取结果统计:
[2025-09-27 08:24:08] 共 28 条RSS, 成功抓取 25 条.
[2025-09-27 08:24:08] ✘ 有 3 条订阅解析失败:
[2025-09-27 08:24:08] - https://tumutanzi.com/feed
[2025-09-27 08:24:08] - https://tcxx.info/feed
[2025-09-27 08:24:08] - https://geekinney.com/index.xml
[2025-09-27 08:24:08] ✘ 有 2 条订阅头像无法访问, 已使用默认头像:
[2025-09-27 08:24:08] - http://feeds.feedburner.com/ruanyifeng
[2025-09-27 08:24:08] - https://www.loyhome.com/feed
[2025-09-27 09:19:04] 本次订阅抓取结果统计:
[2025-09-27 09:19:04] 共 28 条RSS, 成功抓取 25 条.
[2025-09-27 09:19:04] ✘ 有 3 条订阅解析失败:
[2025-09-27 09:19:04] - https://tumutanzi.com/feed
[2025-09-27 09:19:04] - https://tcxx.info/feed
[2025-09-27 09:19:04] - https://geekinney.com/index.xml
[2025-09-27 09:19:04] ✘ 有 2 条订阅头像无法访问, 已使用默认头像:
[2025-09-27 09:19:04] - http://feeds.feedburner.com/ruanyifeng
[2025-09-27 09:19:04] - https://www.loyhome.com/feed
[2025-09-27 10:19:20] 本次订阅抓取结果统计:
[2025-09-27 10:19:20] 共 28 条RSS, 成功抓取 25 条.
[2025-09-27 10:19:20] ✘ 有 3 条订阅解析失败:
[2025-09-27 10:19:20] - https://tcxx.info/feed
[2025-09-27 10:19:20] - https://tumutanzi.com/feed
[2025-09-27 10:19:20] - https://geekinney.com/index.xml
[2025-09-27 10:19:20] ✘ 有 2 条订阅头像无法访问, 已使用默认头像:
[2025-09-27 10:19:20] - http://feeds.feedburner.com/ruanyifeng
[2025-09-27 10:19:20] - https://www.loyhome.com/feed
[2025-09-27 11:15:23] 本次订阅抓取结果统计:
[2025-09-27 11:15:23] 共 28 条RSS, 成功抓取 25 条.
[2025-09-27 11:15:23] ✘ 有 3 条订阅解析失败:
[2025-09-27 11:15:23] - https://tcxx.info/feed
[2025-09-27 11:15:23] - https://tumutanzi.com/feed
[2025-09-27 11:15:23] - https://geekinney.com/index.xml
[2025-09-27 11:15:23] ✘ 有 2 条订阅头像无法访问, 已使用默认头像:
[2025-09-27 11:15:23] - http://feeds.feedburner.com/ruanyifeng
[2025-09-27 11:15:23] - https://www.loyhome.com/feed
[2025-09-27 12:38:34] 本次订阅抓取结果统计:
[2025-09-27 12:38:34] 共 28 条RSS, 成功抓取 24 条.
[2025-09-27 12:38:34] ✘ 有 4 条订阅解析失败:
[2025-09-27 12:38:34] - https://tumutanzi.com/feed
[2025-09-27 12:38:34] - https://tcxx.info/feed
[2025-09-27 12:38:34] - https://limboy.me/index.xml
[2025-09-27 12:38:34] - https://geekinney.com/index.xml
[2025-09-27 12:38:34] ✘ 有 2 条订阅头像无法访问, 已使用默认头像:
[2025-09-27 12:38:34] - http://feeds.feedburner.com/ruanyifeng
[2025-09-27 12:38:34] - https://www.loyhome.com/feed
[2025-09-27 13:23:17] 本次订阅抓取结果统计:
[2025-09-27 13:23:17] 共 28 条RSS, 成功抓取 25 条.
[2025-09-27 13:23:17] ✘ 有 3 条订阅解析失败:
[2025-09-27 13:23:17] - https://tcxx.info/feed
[2025-09-27 13:23:17] - https://tumutanzi.com/feed
[2025-09-27 13:23:17] - https://geekinney.com/index.xml
[2025-09-27 13:23:17] ✘ 有 2 条订阅头像无法访问, 已使用默认头像:
[2025-09-27 13:23:17] - https://www.loyhome.com/feed
[2025-09-27 13:23:17] - http://feeds.feedburner.com/ruanyifeng
[2025-09-27 14:17:03] 本次订阅抓取结果统计:
[2025-09-27 14:17:03] 共 28 条RSS, 成功抓取 25 条.
[2025-09-27 14:17:03] ✘ 有 3 条订阅解析失败:
[2025-09-27 14:17:03] - https://tcxx.info/feed
[2025-09-27 14:17:03] - https://tumutanzi.com/feed
[2025-09-27 14:17:03] - https://geekinney.com/index.xml
[2025-09-27 14:17:03] ✘ 有 2 条订阅头像无法访问, 已使用默认头像:
[2025-09-27 14:17:03] - http://feeds.feedburner.com/ruanyifeng
[2025-09-27 14:17:03] - https://www.loyhome.com/feed
[2025-09-27 15:18:13] 本次订阅抓取结果统计:
[2025-09-27 15:18:13] 共 28 条RSS, 成功抓取 25 条.
[2025-09-27 15:18:13] ✘ 有 3 条订阅解析失败:
[2025-09-27 15:18:13] - https://tcxx.info/feed
[2025-09-27 15:18:13] - https://tumutanzi.com/feed
[2025-09-27 15:18:13] - https://geekinney.com/index.xml
[2025-09-27 15:18:13] ✘ 有 2 条订阅头像无法访问, 已使用默认头像:
[2025-09-27 15:18:13] - http://feeds.feedburner.com/ruanyifeng
[2025-09-27 15:18:13] - https://www.loyhome.com/feed
[2025-09-27 16:23:18] 本次订阅抓取结果统计:
[2025-09-27 16:23:18] 共 28 条RSS, 成功抓取 25 条.
[2025-09-27 16:23:18] ✘ 有 3 条订阅解析失败:
[2025-09-27 16:23:18] - https://tcxx.info/feed
[2025-09-27 16:23:18] - https://tumutanzi.com/feed
[2025-09-27 16:23:18] - https://geekinney.com/index.xml
[2025-09-27 16:23:18] ✘ 有 2 条订阅头像无法访问, 已使用默认头像:
[2025-09-27 16:23:18] - http://feeds.feedburner.com/ruanyifeng
[2025-09-27 16:23:18] - https://www.loyhome.com/feed
[2025-09-27 17:15:58] 本次订阅抓取结果统计:
[2025-09-27 17:15:58] 共 28 条RSS, 成功抓取 25 条.
[2025-09-27 17:15:58] ✘ 有 3 条订阅解析失败:
[2025-09-27 17:15:58] - https://tcxx.info/feed
[2025-09-27 17:15:58] - https://tumutanzi.com/feed
[2025-09-27 17:15:58] - https://geekinney.com/index.xml
[2025-09-27 17:15:58] ✘ 有 2 条订阅头像无法访问, 已使用默认头像:
[2025-09-27 17:15:58] - http://feeds.feedburner.com/ruanyifeng
[2025-09-27 17:15:58] - https://www.loyhome.com/feed
[2025-09-27 18:27:07] 本次订阅抓取结果统计:
[2025-09-27 18:27:07] 共 28 条RSS, 成功抓取 25 条.
[2025-09-27 18:27:07] ✘ 有 3 条订阅解析失败:
[2025-09-27 18:27:07] - https://tcxx.info/feed
[2025-09-27 18:27:07] - https://tumutanzi.com/feed
[2025-09-27 18:27:07] - https://geekinney.com/index.xml
[2025-09-27 18:27:07] ✘ 有 2 条订阅头像无法访问, 已使用默认头像:
[2025-09-27 18:27:07] - http://feeds.feedburner.com/ruanyifeng
[2025-09-27 18:27:07] - https://www.loyhome.com/feed
[2025-09-27 19:15:16] 本次订阅抓取结果统计:
[2025-09-27 19:15:16] 共 28 条RSS, 成功抓取 25 条.
[2025-09-27 19:15:16] ✘ 有 3 条订阅解析失败:
[2025-09-27 19:15:16] - https://tcxx.info/feed
[2025-09-27 19:15:16] - https://tumutanzi.com/feed
[2025-09-27 19:15:16] - https://geekinney.com/index.xml
[2025-09-27 19:15:16] ✘ 有 2 条订阅头像无法访问, 已使用默认头像:
[2025-09-27 19:15:16] - https://www.loyhome.com/feed
[2025-09-27 19:15:16] - http://feeds.feedburner.com/ruanyifeng
[2025-09-27 20:21:02] 本次订阅抓取结果统计:
[2025-09-27 20:21:02] 共 28 条RSS, 成功抓取 25 条.
[2025-09-27 20:21:02] ✘ 有 3 条订阅解析失败:
[2025-09-27 20:21:02] - https://tumutanzi.com/feed
[2025-09-27 20:21:02] - https://tcxx.info/feed
[2025-09-27 20:21:02] - https://geekinney.com/index.xml
[2025-09-27 20:21:02] ✘ 有 2 条订阅头像无法访问, 已使用默认头像:
[2025-09-27 20:21:02] - http://feeds.feedburner.com/ruanyifeng
[2025-09-27 20:21:02] - https://www.loyhome.com/feed
