[2025-07-22 01:59:48] 本次订阅抓取结果统计:
[2025-07-22 01:59:48] 共 28 条RSS, 成功抓取 27 条.
[2025-07-22 01:59:48] ✘ 有 1 条订阅解析失败:
[2025-07-22 01:59:48] - https://tcxx.info/feed
[2025-07-22 01:59:48] ✘ 有 2 条订阅头像无法访问, 已使用默认头像:
[2025-07-22 01:59:48] - http://feeds.feedburner.com/ruanyifeng
[2025-07-22 01:59:48] - https://www.loyhome.com/feed
[2025-07-22 03:42:02] 本次订阅抓取结果统计:
[2025-07-22 03:42:02] 共 28 条RSS, 成功抓取 27 条.
[2025-07-22 03:42:02] ✘ 有 1 条订阅解析失败:
[2025-07-22 03:42:02] - https://tcxx.info/feed
[2025-07-22 03:42:02] ✘ 有 2 条订阅头像无法访问, 已使用默认头像:
[2025-07-22 03:42:02] - https://www.loyhome.com/feed
[2025-07-22 03:42:02] - http://feeds.feedburner.com/ruanyifeng
[2025-07-22 04:41:15] 本次订阅抓取结果统计:
[2025-07-22 04:41:15] 共 28 条RSS, 成功抓取 27 条.
[2025-07-22 04:41:15] ✘ 有 1 条订阅解析失败:
[2025-07-22 04:41:15] - https://tcxx.info/feed
[2025-07-22 04:41:15] ✘ 有 2 条订阅头像无法访问, 已使用默认头像:
[2025-07-22 04:41:15] - http://feeds.feedburner.com/ruanyifeng
[2025-07-22 04:41:15] - https://www.loyhome.com/feed
[2025-07-22 05:27:42] 本次订阅抓取结果统计:
[2025-07-22 05:27:42] 共 28 条RSS, 成功抓取 27 条.
[2025-07-22 05:27:42] ✘ 有 1 条订阅解析失败:
[2025-07-22 05:27:42] - https://tcxx.info/feed
[2025-07-22 05:27:42] ✘ 有 2 条订阅头像无法访问, 已使用默认头像:
[2025-07-22 05:27:42] - http://feeds.feedburner.com/ruanyifeng
[2025-07-22 05:27:42] - https://www.loyhome.com/feed
[2025-07-22 06:36:04] 本次订阅抓取结果统计:
[2025-07-22 06:36:04] 共 28 条RSS, 成功抓取 26 条.
[2025-07-22 06:36:04] ✘ 有 2 条订阅解析失败:
[2025-07-22 06:36:04] - https://www.shephe.com/feed
[2025-07-22 06:36:04] - https://tcxx.info/feed
[2025-07-22 06:36:04] ✘ 有 2 条订阅头像无法访问, 已使用默认头像:
[2025-07-22 06:36:04] - http://feeds.feedburner.com/ruanyifeng
[2025-07-22 06:36:04] - https://www.loyhome.com/feed
[2025-07-22 07:25:57] 本次订阅抓取结果统计:
[2025-07-22 07:25:57] 共 28 条RSS, 成功抓取 27 条.
[2025-07-22 07:25:57] ✘ 有 1 条订阅解析失败:
[2025-07-22 07:25:57] - https://tcxx.info/feed
[2025-07-22 07:25:57] ✘ 有 2 条订阅头像无法访问, 已使用默认头像:
[2025-07-22 07:25:57] - http://feeds.feedburner.com/ruanyifeng
[2025-07-22 07:25:57] - https://www.loyhome.com/feed
[2025-07-22 08:33:19] 本次订阅抓取结果统计:
[2025-07-22 08:33:19] 共 28 条RSS, 成功抓取 27 条.
[2025-07-22 08:33:19] ✘ 有 1 条订阅解析失败:
[2025-07-22 08:33:19] - https://tcxx.info/feed
[2025-07-22 08:33:19] ✘ 有 2 条订阅头像无法访问, 已使用默认头像:
[2025-07-22 08:33:19] - http://feeds.feedburner.com/ruanyifeng
[2025-07-22 08:33:19] - https://www.loyhome.com/feed
[2025-07-22 09:29:14] 本次订阅抓取结果统计:
[2025-07-22 09:29:14] 共 28 条RSS, 成功抓取 27 条.
[2025-07-22 09:29:14] ✘ 有 1 条订阅解析失败:
[2025-07-22 09:29:14] - https://tcxx.info/feed
[2025-07-22 09:29:14] ✘ 有 2 条订阅头像无法访问, 已使用默认头像:
[2025-07-22 09:29:14] - http://feeds.feedburner.com/ruanyifeng
[2025-07-22 09:29:14] - https://www.loyhome.com/feed
[2025-07-22 10:27:21] 本次订阅抓取结果统计:
[2025-07-22 10:27:21] 共 28 条RSS, 成功抓取 27 条.
[2025-07-22 10:27:21] ✘ 有 1 条订阅解析失败:
[2025-07-22 10:27:21] - https://tcxx.info/feed
[2025-07-22 10:27:21] ✘ 有 2 条订阅头像无法访问, 已使用默认头像:
[2025-07-22 10:27:21] - http://feeds.feedburner.com/ruanyifeng
[2025-07-22 10:27:21] - https://www.loyhome.com/feed
[2025-07-22 11:20:40] 本次订阅抓取结果统计:
[2025-07-22 11:20:40] 共 28 条RSS, 成功抓取 27 条.
[2025-07-22 11:20:40] ✘ 有 1 条订阅解析失败:
[2025-07-22 11:20:40] - https://tcxx.info/feed
[2025-07-22 11:20:40] ✘ 有 2 条订阅头像无法访问, 已使用默认头像:
[2025-07-22 11:20:40] - http://feeds.feedburner.com/ruanyifeng
[2025-07-22 11:20:40] - https://www.loyhome.com/feed
[2025-07-22 12:51:23] 本次订阅抓取结果统计:
[2025-07-22 12:51:23] 共 28 条RSS, 成功抓取 27 条.
[2025-07-22 12:51:23] ✘ 有 1 条订阅解析失败:
[2025-07-22 12:51:23] - https://tcxx.info/feed
[2025-07-22 12:51:23] ✘ 有 2 条订阅头像无法访问, 已使用默认头像:
[2025-07-22 12:51:23] - http://feeds.feedburner.com/ruanyifeng
[2025-07-22 12:51:23] - https://www.loyhome.com/feed
