[2025-05-23 01:48:43] 本次订阅抓取结果统计:
[2025-05-23 01:48:43] 共 28 条RSS, 成功抓取 27 条.
[2025-05-23 01:48:43] ✘ 有 1 条订阅解析失败:
[2025-05-23 01:48:43] - https://tcxx.info/feed
[2025-05-23 01:48:43] ✘ 有 2 条订阅头像无法访问, 已使用默认头像:
[2025-05-23 01:48:43] - http://feeds.feedburner.com/ruanyifeng
[2025-05-23 01:48:43] - https://www.loyhome.com/feed
[2025-05-23 03:13:01] 本次订阅抓取结果统计:
[2025-05-23 03:13:01] 共 28 条RSS, 成功抓取 27 条.
[2025-05-23 03:13:01] ✘ 有 1 条订阅解析失败:
[2025-05-23 03:13:01] - https://tcxx.info/feed
[2025-05-23 03:13:01] ✘ 有 2 条订阅头像无法访问, 已使用默认头像:
[2025-05-23 03:13:01] - http://feeds.feedburner.com/ruanyifeng
[2025-05-23 03:13:01] - https://www.loyhome.com/feed
[2025-05-23 04:26:45] 本次订阅抓取结果统计:
[2025-05-23 04:26:45] 共 28 条RSS, 成功抓取 27 条.
[2025-05-23 04:26:45] ✘ 有 1 条订阅解析失败:
[2025-05-23 04:26:45] - https://tcxx.info/feed
[2025-05-23 04:26:45] ✘ 有 2 条订阅头像无法访问, 已使用默认头像:
[2025-05-23 04:26:45] - http://feeds.feedburner.com/ruanyifeng
[2025-05-23 04:26:45] - https://www.loyhome.com/feed
