[2025-03-21 03:06:01] 本次订阅抓取结果统计:
[2025-03-21 03:06:01] 共 28 条RSS, 成功抓取 26 条.
[2025-03-21 03:06:01] ✘ 有 2 条订阅解析失败:
[2025-03-21 03:06:01] - https://tcxx.info/feed
[2025-03-21 03:06:01] - https://geekinney.com/index.xml
[2025-03-21 03:06:01] ✘ 有 2 条订阅头像无法访问, 已使用默认头像:
[2025-03-21 03:06:01] - http://feeds.feedburner.com/ruanyifeng
[2025-03-21 03:06:01] - https://www.loyhome.com/feed
[2025-03-21 04:40:15] 本次订阅抓取结果统计:
[2025-03-21 04:40:15] 共 28 条RSS, 成功抓取 26 条.
[2025-03-21 04:40:15] ✘ 有 2 条订阅解析失败:
[2025-03-21 04:40:15] - https://tcxx.info/feed
[2025-03-21 04:40:15] - https://geekinney.com/index.xml
[2025-03-21 04:40:15] ✘ 有 2 条订阅头像无法访问, 已使用默认头像:
[2025-03-21 04:40:15] - http://feeds.feedburner.com/ruanyifeng
[2025-03-21 04:40:15] - https://www.loyhome.com/feed
[2025-03-21 05:35:55] 本次订阅抓取结果统计:
[2025-03-21 05:35:55] 共 28 条RSS, 成功抓取 27 条.
[2025-03-21 05:35:55] ✘ 有 1 条订阅解析失败:
[2025-03-21 05:35:55] - https://geekinney.com/index.xml
[2025-03-21 05:35:55] ✘ 有 3 条订阅头像无法访问, 已使用默认头像:
[2025-03-21 05:35:55] - http://feeds.feedburner.com/ruanyifeng
[2025-03-21 05:35:55] - https://www.loyhome.com/feed
[2025-03-21 05:35:55] - https://xyzbz.cn/feed
[2025-03-21 06:50:17] 本次订阅抓取结果统计:
[2025-03-21 06:50:17] 共 28 条RSS, 成功抓取 27 条.
[2025-03-21 06:50:17] ✘ 有 1 条订阅解析失败:
[2025-03-21 06:50:17] - https://geekinney.com/index.xml
[2025-03-21 06:50:17] ✘ 有 2 条订阅头像无法访问, 已使用默认头像:
[2025-03-21 06:50:17] - http://feeds.feedburner.com/ruanyifeng
[2025-03-21 06:50:17] - https://www.loyhome.com/feed
[2025-03-21 07:29:22] 本次订阅抓取结果统计:
[2025-03-21 07:29:22] 共 28 条RSS, 成功抓取 26 条.
[2025-03-21 07:29:22] ✘ 有 2 条订阅解析失败:
[2025-03-21 07:29:22] - https://tcxx.info/feed
[2025-03-21 07:29:22] - https://geekinney.com/index.xml
[2025-03-21 07:29:22] ✘ 有 2 条订阅头像无法访问, 已使用默认头像:
[2025-03-21 07:29:22] - http://feeds.feedburner.com/ruanyifeng
[2025-03-21 07:29:22] - https://www.loyhome.com/feed
[2025-03-21 08:41:16] 本次订阅抓取结果统计:
[2025-03-21 08:41:16] 共 28 条RSS, 成功抓取 27 条.
[2025-03-21 08:41:16] ✘ 有 1 条订阅解析失败:
[2025-03-21 08:41:16] - https://geekinney.com/index.xml
[2025-03-21 08:41:16] ✘ 有 2 条订阅头像无法访问, 已使用默认头像:
[2025-03-21 08:41:16] - http://feeds.feedburner.com/ruanyifeng
[2025-03-21 08:41:16] - https://www.loyhome.com/feed
[2025-03-21 09:33:15] 本次订阅抓取结果统计:
[2025-03-21 09:33:15] 共 28 条RSS, 成功抓取 26 条.
[2025-03-21 09:33:15] ✘ 有 2 条订阅解析失败:
[2025-03-21 09:33:15] - https://tcxx.info/feed
[2025-03-21 09:33:15] - https://geekinney.com/index.xml
[2025-03-21 09:33:15] ✘ 有 2 条订阅头像无法访问, 已使用默认头像:
[2025-03-21 09:33:15] - http://feeds.feedburner.com/ruanyifeng
[2025-03-21 09:33:15] - https://www.loyhome.com/feed
[2025-03-21 10:40:16] 本次订阅抓取结果统计:
[2025-03-21 10:40:16] 共 28 条RSS, 成功抓取 27 条.
[2025-03-21 10:40:16] ✘ 有 1 条订阅解析失败:
[2025-03-21 10:40:16] - https://geekinney.com/index.xml
[2025-03-21 10:40:16] ✘ 有 2 条订阅头像无法访问, 已使用默认头像:
[2025-03-21 10:40:16] - http://feeds.feedburner.com/ruanyifeng
[2025-03-21 10:40:16] - https://www.loyhome.com/feed
[2025-03-21 11:26:07] 本次订阅抓取结果统计:
[2025-03-21 11:26:07] 共 28 条RSS, 成功抓取 27 条.
[2025-03-21 11:26:07] ✘ 有 1 条订阅解析失败:
[2025-03-21 11:26:07] - https://geekinney.com/index.xml
[2025-03-21 11:26:07] ✘ 有 2 条订阅头像无法访问, 已使用默认头像:
[2025-03-21 11:26:07] - http://feeds.feedburner.com/ruanyifeng
[2025-03-21 11:26:07] - https://www.loyhome.com/feed
[2025-03-21 13:16:21] 本次订阅抓取结果统计:
[2025-03-21 13:16:21] 共 28 条RSS, 成功抓取 26 条.
[2025-03-21 13:16:21] ✘ 有 2 条订阅解析失败:
[2025-03-21 13:16:21] - https://tcxx.info/feed
[2025-03-21 13:16:21] - https://geekinney.com/index.xml
[2025-03-21 13:16:21] ✘ 有 2 条订阅头像无法访问, 已使用默认头像:
[2025-03-21 13:16:21] - http://feeds.feedburner.com/ruanyifeng
[2025-03-21 13:16:21] - https://www.loyhome.com/feed
[2025-03-21 14:38:03] 本次订阅抓取结果统计:
[2025-03-21 14:38:03] 共 28 条RSS, 成功抓取 27 条.
[2025-03-21 14:38:03] ✘ 有 1 条订阅解析失败:
[2025-03-21 14:38:03] - https://geekinney.com/index.xml
[2025-03-21 14:38:03] ✘ 有 2 条订阅头像无法访问, 已使用默认头像:
[2025-03-21 14:38:03] - http://feeds.feedburner.com/ruanyifeng
[2025-03-21 14:38:03] - https://www.loyhome.com/feed
[2025-03-21 15:35:08] 本次订阅抓取结果统计:
[2025-03-21 15:35:08] 共 28 条RSS, 成功抓取 26 条.
[2025-03-21 15:35:08] ✘ 有 2 条订阅解析失败:
[2025-03-21 15:35:08] - https://tcxx.info/feed
[2025-03-21 15:35:08] - https://geekinney.com/index.xml
[2025-03-21 15:35:08] ✘ 有 2 条订阅头像无法访问, 已使用默认头像:
[2025-03-21 15:35:08] - http://feeds.feedburner.com/ruanyifeng
[2025-03-21 15:35:08] - https://www.loyhome.com/feed
[2025-03-21 16:47:57] 本次订阅抓取结果统计:
[2025-03-21 16:47:57] 共 28 条RSS, 成功抓取 25 条.
[2025-03-21 16:47:57] ✘ 有 3 条订阅解析失败:
[2025-03-21 16:47:57] - https://tcxx.info/feed
[2025-03-21 16:47:57] - https://geekinney.com/index.xml
[2025-03-21 16:47:57] - https://blog.fooleap.org/atom.xml
[2025-03-21 16:47:57] ✘ 有 2 条订阅头像无法访问, 已使用默认头像:
[2025-03-21 16:47:57] - http://feeds.feedburner.com/ruanyifeng
[2025-03-21 16:47:57] - https://www.loyhome.com/feed
[2025-03-21 17:33:17] 本次订阅抓取结果统计:
[2025-03-21 17:33:17] 共 28 条RSS, 成功抓取 27 条.
[2025-03-21 17:33:17] ✘ 有 1 条订阅解析失败:
[2025-03-21 17:33:17] - https://geekinney.com/index.xml
[2025-03-21 17:33:17] ✘ 有 2 条订阅头像无法访问, 已使用默认头像:
[2025-03-21 17:33:17] - http://feeds.feedburner.com/ruanyifeng
[2025-03-21 17:33:17] - https://www.loyhome.com/feed
