[2025-11-27 01:47:41] 本次订阅抓取结果统计:
[2025-11-27 01:47:41] 共 28 条RSS, 成功抓取 25 条.
[2025-11-27 01:47:41] ✘ 有 3 条订阅解析失败:
[2025-11-27 01:47:41] - https://tcxx.info/feed
[2025-11-27 01:47:41] - https://tumutanzi.com/feed
[2025-11-27 01:47:41] - https://geekinney.com/index.xml
[2025-11-27 01:47:41] ✘ 有 3 条订阅头像无法访问, 已使用默认头像:
[2025-11-27 01:47:41] - http://feeds.feedburner.com/ruanyifeng
[2025-11-27 01:47:41] - https://www.loyhome.com/feed
[2025-11-27 01:47:41] - https://xyzbz.cn/feed
[2025-11-27 03:14:00] 本次订阅抓取结果统计:
[2025-11-27 03:14:00] 共 28 条RSS, 成功抓取 25 条.
[2025-11-27 03:14:00] ✘ 有 3 条订阅解析失败:
[2025-11-27 03:14:00] - https://tumutanzi.com/feed
[2025-11-27 03:14:00] - https://tcxx.info/feed
[2025-11-27 03:14:00] - https://geekinney.com/index.xml
[2025-11-27 03:14:00] ✘ 有 2 条订阅头像无法访问, 已使用默认头像:
[2025-11-27 03:14:00] - http://feeds.feedburner.com/ruanyifeng
[2025-11-27 03:14:00] - https://www.loyhome.com/feed
[2025-11-27 04:28:30] 本次订阅抓取结果统计:
[2025-11-27 04:28:30] 共 28 条RSS, 成功抓取 25 条.
[2025-11-27 04:28:30] ✘ 有 3 条订阅解析失败:
[2025-11-27 04:28:30] - https://tumutanzi.com/feed
[2025-11-27 04:28:30] - https://tcxx.info/feed
[2025-11-27 04:28:30] - https://geekinney.com/index.xml
[2025-11-27 04:28:30] ✘ 有 2 条订阅头像无法访问, 已使用默认头像:
[2025-11-27 04:28:30] - http://feeds.feedburner.com/ruanyifeng
[2025-11-27 04:28:30] - https://www.loyhome.com/feed
[2025-11-27 05:24:23] 本次订阅抓取结果统计:
[2025-11-27 05:24:23] 共 28 条RSS, 成功抓取 25 条.
[2025-11-27 05:24:23] ✘ 有 3 条订阅解析失败:
[2025-11-27 05:24:23] - https://tcxx.info/feed
[2025-11-27 05:24:23] - https://tumutanzi.com/feed
[2025-11-27 05:24:23] - https://geekinney.com/index.xml
[2025-11-27 05:24:23] ✘ 有 2 条订阅头像无法访问, 已使用默认头像:
[2025-11-27 05:24:23] - http://feeds.feedburner.com/ruanyifeng
[2025-11-27 05:24:23] - https://www.loyhome.com/feed
[2025-11-27 06:36:28] 本次订阅抓取结果统计:
[2025-11-27 06:36:28] 共 28 条RSS, 成功抓取 24 条.
[2025-11-27 06:36:28] ✘ 有 4 条订阅解析失败:
[2025-11-27 06:36:28] - https://tcxx.info/feed
[2025-11-27 06:36:28] - https://tumutanzi.com/feed
[2025-11-27 06:36:28] - https://geekinney.com/index.xml
[2025-11-27 06:36:28] - https://wangpei.net/feed
[2025-11-27 06:36:28] ✘ 有 2 条订阅头像无法访问, 已使用默认头像:
[2025-11-27 06:36:28] - http://feeds.feedburner.com/ruanyifeng
[2025-11-27 06:36:28] - https://www.loyhome.com/feed
[2025-11-27 07:23:55] 本次订阅抓取结果统计:
[2025-11-27 07:23:55] 共 28 条RSS, 成功抓取 25 条.
[2025-11-27 07:23:55] ✘ 有 3 条订阅解析失败:
[2025-11-27 07:23:55] - https://tcxx.info/feed
[2025-11-27 07:23:55] - https://tumutanzi.com/feed
[2025-11-27 07:23:55] - https://geekinney.com/index.xml
[2025-11-27 07:23:55] ✘ 有 2 条订阅头像无法访问, 已使用默认头像:
[2025-11-27 07:23:55] - http://feeds.feedburner.com/ruanyifeng
[2025-11-27 07:23:55] - https://www.loyhome.com/feed
[2025-11-27 08:32:38] 本次订阅抓取结果统计:
[2025-11-27 08:32:38] 共 28 条RSS, 成功抓取 24 条.
[2025-11-27 08:32:38] ✘ 有 4 条订阅解析失败:
[2025-11-27 08:32:38] - https://tcxx.info/feed
[2025-11-27 08:32:38] - https://tumutanzi.com/feed
[2025-11-27 08:32:38] - https://geekinney.com/index.xml
[2025-11-27 08:32:38] - https://wangpei.net/feed
[2025-11-27 08:32:38] ✘ 有 2 条订阅头像无法访问, 已使用默认头像:
[2025-11-27 08:32:38] - http://feeds.feedburner.com/ruanyifeng
[2025-11-27 08:32:38] - https://www.loyhome.com/feed
[2025-11-27 09:27:18] 本次订阅抓取结果统计:
[2025-11-27 09:27:18] 共 28 条RSS, 成功抓取 22 条.
[2025-11-27 09:27:18] ✘ 有 6 条订阅解析失败:
[2025-11-27 09:27:18] - https://tcxx.info/feed
[2025-11-27 09:27:18] - https://tumutanzi.com/feed
[2025-11-27 09:27:18] - https://geekinney.com/index.xml
[2025-11-27 09:27:18] - https://oba.by/feed
[2025-11-27 09:27:18] - https://blog.zhheo.com/rss.xml
[2025-11-27 09:27:18] - https://xyzbz.cn/feed
[2025-11-27 09:27:18] ✘ 有 2 条订阅头像无法访问, 已使用默认头像:
[2025-11-27 09:27:18] - http://feeds.feedburner.com/ruanyifeng
[2025-11-27 09:27:18] - https://www.loyhome.com/feed
[2025-11-27 10:26:43] 本次订阅抓取结果统计:
[2025-11-27 10:26:43] 共 28 条RSS, 成功抓取 24 条.
[2025-11-27 10:26:43] ✘ 有 4 条订阅解析失败:
[2025-11-27 10:26:43] - https://tcxx.info/feed
[2025-11-27 10:26:43] - https://tumutanzi.com/feed
[2025-11-27 10:26:43] - https://geekinney.com/index.xml
[2025-11-27 10:26:43] - https://wangpei.net/feed
[2025-11-27 10:26:43] ✘ 有 2 条订阅头像无法访问, 已使用默认头像:
[2025-11-27 10:26:43] - http://feeds.feedburner.com/ruanyifeng
[2025-11-27 10:26:43] - https://www.loyhome.com/feed
[2025-11-27 11:20:31] 本次订阅抓取结果统计:
[2025-11-27 11:20:31] 共 28 条RSS, 成功抓取 25 条.
[2025-11-27 11:20:31] ✘ 有 3 条订阅解析失败:
[2025-11-27 11:20:31] - https://tcxx.info/feed
[2025-11-27 11:20:31] - https://tumutanzi.com/feed
[2025-11-27 11:20:31] - https://geekinney.com/index.xml
[2025-11-27 11:20:31] ✘ 有 2 条订阅头像无法访问, 已使用默认头像:
[2025-11-27 11:20:31] - http://feeds.feedburner.com/ruanyifeng
[2025-11-27 11:20:31] - https://www.loyhome.com/feed
[2025-11-27 12:50:19] 本次订阅抓取结果统计:
[2025-11-27 12:50:19] 共 28 条RSS, 成功抓取 22 条.
[2025-11-27 12:50:19] ✘ 有 6 条订阅解析失败:
[2025-11-27 12:50:19] - https://tcxx.info/feed
[2025-11-27 12:50:19] - https://tumutanzi.com/feed
[2025-11-27 12:50:19] - https://geekinney.com/index.xml
[2025-11-27 12:50:19] - https://xyzbz.cn/feed
[2025-11-27 12:50:19] - https://blog.zhheo.com/rss.xml
[2025-11-27 12:50:19] - https://oba.by/feed
[2025-11-27 12:50:19] ✘ 有 2 条订阅头像无法访问, 已使用默认头像:
[2025-11-27 12:50:19] - https://www.loyhome.com/feed
[2025-11-27 12:50:19] - http://feeds.feedburner.com/ruanyifeng
[2025-11-27 13:34:14] 本次订阅抓取结果统计:
[2025-11-27 13:34:14] 共 28 条RSS, 成功抓取 25 条.
[2025-11-27 13:34:14] ✘ 有 3 条订阅解析失败:
[2025-11-27 13:34:14] - https://tcxx.info/feed
[2025-11-27 13:34:14] - https://tumutanzi.com/feed
[2025-11-27 13:34:14] - https://geekinney.com/index.xml
[2025-11-27 13:34:14] ✘ 有 2 条订阅头像无法访问, 已使用默认头像:
[2025-11-27 13:34:14] - http://feeds.feedburner.com/ruanyifeng
[2025-11-27 13:34:14] - https://www.loyhome.com/feed
[2025-11-27 14:23:22] 本次订阅抓取结果统计:
[2025-11-27 14:23:22] 共 28 条RSS, 成功抓取 25 条.
[2025-11-27 14:23:22] ✘ 有 3 条订阅解析失败:
[2025-11-27 14:23:22] - https://tcxx.info/feed
[2025-11-27 14:23:22] - https://tumutanzi.com/feed
[2025-11-27 14:23:22] - https://geekinney.com/index.xml
[2025-11-27 14:23:22] ✘ 有 2 条订阅头像无法访问, 已使用默认头像:
[2025-11-27 14:23:22] - http://feeds.feedburner.com/ruanyifeng
[2025-11-27 14:23:22] - https://www.loyhome.com/feed
[2025-11-27 15:24:23] 本次订阅抓取结果统计:
[2025-11-27 15:24:23] 共 28 条RSS, 成功抓取 25 条.
[2025-11-27 15:24:23] ✘ 有 3 条订阅解析失败:
[2025-11-27 15:24:23] - https://tcxx.info/feed
[2025-11-27 15:24:23] - https://tumutanzi.com/feed
[2025-11-27 15:24:23] - https://geekinney.com/index.xml
[2025-11-27 15:24:23] ✘ 有 2 条订阅头像无法访问, 已使用默认头像:
[2025-11-27 15:24:23] - http://feeds.feedburner.com/ruanyifeng
[2025-11-27 15:24:23] - https://www.loyhome.com/feed
