[2025-07-28 02:06:46] 本次订阅抓取结果统计:
[2025-07-28 02:06:46] 共 28 条RSS, 成功抓取 26 条.
[2025-07-28 02:06:46] ✘ 有 2 条订阅解析失败:
[2025-07-28 02:06:46] - https://tcxx.info/feed
[2025-07-28 02:06:46] - https://blog.ops-coffee.cn/feed.xml
[2025-07-28 02:06:46] ✘ 有 3 条订阅头像无法访问, 已使用默认头像:
[2025-07-28 02:06:46] - http://feeds.feedburner.com/ruanyifeng
[2025-07-28 02:06:46] - https://www.loyhome.com/feed
[2025-07-28 02:06:46] - https://xyzbz.cn/feed
[2025-07-28 04:07:59] 本次订阅抓取结果统计:
[2025-07-28 04:07:59] 共 28 条RSS, 成功抓取 26 条.
[2025-07-28 04:07:59] ✘ 有 2 条订阅解析失败:
[2025-07-28 04:07:59] - https://tcxx.info/feed
[2025-07-28 04:07:59] - https://blog.ops-coffee.cn/feed.xml
[2025-07-28 04:07:59] ✘ 有 2 条订阅头像无法访问, 已使用默认头像:
[2025-07-28 04:07:59] - http://feeds.feedburner.com/ruanyifeng
[2025-07-28 04:07:59] - https://www.loyhome.com/feed
[2025-07-28 05:31:36] 本次订阅抓取结果统计:
[2025-07-28 05:31:36] 共 28 条RSS, 成功抓取 26 条.
[2025-07-28 05:31:36] ✘ 有 2 条订阅解析失败:
[2025-07-28 05:31:36] - https://tcxx.info/feed
[2025-07-28 05:31:36] - https://blog.ops-coffee.cn/feed.xml
[2025-07-28 05:31:36] ✘ 有 2 条订阅头像无法访问, 已使用默认头像:
[2025-07-28 05:31:36] - http://feeds.feedburner.com/ruanyifeng
[2025-07-28 05:31:36] - https://www.loyhome.com/feed
[2025-07-28 06:38:31] 本次订阅抓取结果统计:
[2025-07-28 06:38:31] 共 28 条RSS, 成功抓取 26 条.
[2025-07-28 06:38:31] ✘ 有 2 条订阅解析失败:
[2025-07-28 06:38:31] - https://tcxx.info/feed
[2025-07-28 06:38:31] - https://blog.ops-coffee.cn/feed.xml
[2025-07-28 06:38:31] ✘ 有 2 条订阅头像无法访问, 已使用默认头像:
[2025-07-28 06:38:31] - http://feeds.feedburner.com/ruanyifeng
[2025-07-28 06:38:31] - https://www.loyhome.com/feed
[2025-07-28 07:28:16] 本次订阅抓取结果统计:
[2025-07-28 07:28:16] 共 28 条RSS, 成功抓取 26 条.
[2025-07-28 07:28:16] ✘ 有 2 条订阅解析失败:
[2025-07-28 07:28:16] - https://tcxx.info/feed
[2025-07-28 07:28:16] - https://blog.ops-coffee.cn/feed.xml
[2025-07-28 07:28:16] ✘ 有 2 条订阅头像无法访问, 已使用默认头像:
[2025-07-28 07:28:16] - http://feeds.feedburner.com/ruanyifeng
[2025-07-28 07:28:16] - https://www.loyhome.com/feed
[2025-07-28 08:35:01] 本次订阅抓取结果统计:
[2025-07-28 08:35:01] 共 28 条RSS, 成功抓取 26 条.
[2025-07-28 08:35:01] ✘ 有 2 条订阅解析失败:
[2025-07-28 08:35:01] - https://tcxx.info/feed
[2025-07-28 08:35:01] - https://blog.ops-coffee.cn/feed.xml
[2025-07-28 08:35:01] ✘ 有 2 条订阅头像无法访问, 已使用默认头像:
[2025-07-28 08:35:01] - http://feeds.feedburner.com/ruanyifeng
[2025-07-28 08:35:01] - https://www.loyhome.com/feed
[2025-07-28 09:31:55] 本次订阅抓取结果统计:
[2025-07-28 09:31:55] 共 28 条RSS, 成功抓取 26 条.
[2025-07-28 09:31:55] ✘ 有 2 条订阅解析失败:
[2025-07-28 09:31:55] - https://tcxx.info/feed
[2025-07-28 09:31:55] - https://blog.ops-coffee.cn/feed.xml
[2025-07-28 09:31:55] ✘ 有 2 条订阅头像无法访问, 已使用默认头像:
[2025-07-28 09:31:55] - http://feeds.feedburner.com/ruanyifeng
[2025-07-28 09:31:55] - https://www.loyhome.com/feed
