[2025-07-20 02:08:16] 本次订阅抓取结果统计:
[2025-07-20 02:08:16] 共 28 条RSS, 成功抓取 27 条.
[2025-07-20 02:08:16] ✘ 有 1 条订阅解析失败:
[2025-07-20 02:08:16] - https://tcxx.info/feed
[2025-07-20 02:08:16] ✘ 有 2 条订阅头像无法访问, 已使用默认头像:
[2025-07-20 02:08:16] - http://feeds.feedburner.com/ruanyifeng
[2025-07-20 02:08:16] - https://www.loyhome.com/feed
[2025-07-20 04:06:44] 本次订阅抓取结果统计:
[2025-07-20 04:06:44] 共 28 条RSS, 成功抓取 27 条.
[2025-07-20 04:06:44] ✘ 有 1 条订阅解析失败:
[2025-07-20 04:06:44] - https://tcxx.info/feed
[2025-07-20 04:06:44] ✘ 有 2 条订阅头像无法访问, 已使用默认头像:
[2025-07-20 04:06:44] - http://feeds.feedburner.com/ruanyifeng
[2025-07-20 04:06:44] - https://www.loyhome.com/feed
[2025-07-20 05:27:50] 本次订阅抓取结果统计:
[2025-07-20 05:27:50] 共 28 条RSS, 成功抓取 27 条.
[2025-07-20 05:27:50] ✘ 有 1 条订阅解析失败:
[2025-07-20 05:27:50] - https://tcxx.info/feed
[2025-07-20 05:27:50] ✘ 有 2 条订阅头像无法访问, 已使用默认头像:
[2025-07-20 05:27:50] - http://feeds.feedburner.com/ruanyifeng
[2025-07-20 05:27:50] - https://www.loyhome.com/feed
