[2025-09-22 01:48:16] 本次订阅抓取结果统计:
[2025-09-22 01:48:16] 共 28 条RSS, 成功抓取 24 条.
[2025-09-22 01:48:16] ✘ 有 4 条订阅解析失败:
[2025-09-22 01:48:16] - https://oba.by/feed
[2025-09-22 01:48:16] - https://tcxx.info/feed
[2025-09-22 01:48:16] - https://tumutanzi.com/feed
[2025-09-22 01:48:16] - https://geekinney.com/index.xml
[2025-09-22 01:48:16] ✘ 有 2 条订阅头像无法访问, 已使用默认头像:
[2025-09-22 01:48:16] - http://feeds.feedburner.com/ruanyifeng
[2025-09-22 01:48:16] - https://www.loyhome.com/feed
[2025-09-22 03:09:04] 本次订阅抓取结果统计:
[2025-09-22 03:09:04] 共 28 条RSS, 成功抓取 24 条.
[2025-09-22 03:09:04] ✘ 有 4 条订阅解析失败:
[2025-09-22 03:09:04] - https://oba.by/feed
[2025-09-22 03:09:04] - https://tcxx.info/feed
[2025-09-22 03:09:04] - https://tumutanzi.com/feed
[2025-09-22 03:09:04] - https://geekinney.com/index.xml
[2025-09-22 03:09:04] ✘ 有 2 条订阅头像无法访问, 已使用默认头像:
[2025-09-22 03:09:04] - http://feeds.feedburner.com/ruanyifeng
[2025-09-22 03:09:04] - https://www.loyhome.com/feed
[2025-09-22 04:25:36] 本次订阅抓取结果统计:
[2025-09-22 04:25:36] 共 28 条RSS, 成功抓取 24 条.
[2025-09-22 04:25:36] ✘ 有 4 条订阅解析失败:
[2025-09-22 04:25:36] - https://oba.by/feed
[2025-09-22 04:25:36] - https://tumutanzi.com/feed
[2025-09-22 04:25:36] - https://tcxx.info/feed
[2025-09-22 04:25:36] - https://geekinney.com/index.xml
[2025-09-22 04:25:36] ✘ 有 2 条订阅头像无法访问, 已使用默认头像:
[2025-09-22 04:25:36] - https://www.loyhome.com/feed
[2025-09-22 04:25:36] - http://feeds.feedburner.com/ruanyifeng
