[2025-07-05 01:49:02] 本次订阅抓取结果统计:
[2025-07-05 01:49:02] 共 28 条RSS, 成功抓取 27 条.
[2025-07-05 01:49:02] ✘ 有 1 条订阅解析失败:
[2025-07-05 01:49:02] - https://tcxx.info/feed
[2025-07-05 01:49:02] ✘ 有 2 条订阅头像无法访问, 已使用默认头像:
[2025-07-05 01:49:02] - http://feeds.feedburner.com/ruanyifeng
[2025-07-05 01:49:02] - https://www.loyhome.com/feed
[2025-07-05 03:15:33] 本次订阅抓取结果统计:
[2025-07-05 03:15:33] 共 28 条RSS, 成功抓取 27 条.
[2025-07-05 03:15:33] ✘ 有 1 条订阅解析失败:
[2025-07-05 03:15:33] - https://tcxx.info/feed
[2025-07-05 03:15:33] ✘ 有 2 条订阅头像无法访问, 已使用默认头像:
[2025-07-05 03:15:33] - http://feeds.feedburner.com/ruanyifeng
[2025-07-05 03:15:33] - https://www.loyhome.com/feed
[2025-07-05 04:29:21] 本次订阅抓取结果统计:
[2025-07-05 04:29:21] 共 28 条RSS, 成功抓取 27 条.
[2025-07-05 04:29:21] ✘ 有 1 条订阅解析失败:
[2025-07-05 04:29:21] - https://tcxx.info/feed
[2025-07-05 04:29:21] ✘ 有 2 条订阅头像无法访问, 已使用默认头像:
[2025-07-05 04:29:21] - http://feeds.feedburner.com/ruanyifeng
[2025-07-05 04:29:21] - https://www.loyhome.com/feed
[2025-07-05 05:21:58] 本次订阅抓取结果统计:
[2025-07-05 05:21:58] 共 28 条RSS, 成功抓取 27 条.
[2025-07-05 05:21:58] ✘ 有 1 条订阅解析失败:
[2025-07-05 05:21:58] - https://tcxx.info/feed
[2025-07-05 05:21:58] ✘ 有 2 条订阅头像无法访问, 已使用默认头像:
[2025-07-05 05:21:58] - http://feeds.feedburner.com/ruanyifeng
[2025-07-05 05:21:58] - https://www.loyhome.com/feed
[2025-07-05 06:30:54] 本次订阅抓取结果统计:
[2025-07-05 06:30:54] 共 28 条RSS, 成功抓取 27 条.
[2025-07-05 06:30:54] ✘ 有 1 条订阅解析失败:
[2025-07-05 06:30:54] - https://tcxx.info/feed
[2025-07-05 06:30:54] ✘ 有 2 条订阅头像无法访问, 已使用默认头像:
[2025-07-05 06:30:54] - http://feeds.feedburner.com/ruanyifeng
[2025-07-05 06:30:54] - https://www.loyhome.com/feed
[2025-07-05 07:20:28] 本次订阅抓取结果统计:
[2025-07-05 07:20:28] 共 28 条RSS, 成功抓取 27 条.
[2025-07-05 07:20:28] ✘ 有 1 条订阅解析失败:
[2025-07-05 07:20:28] - https://tcxx.info/feed
[2025-07-05 07:20:28] ✘ 有 2 条订阅头像无法访问, 已使用默认头像:
[2025-07-05 07:20:28] - http://feeds.feedburner.com/ruanyifeng
[2025-07-05 07:20:28] - https://www.loyhome.com/feed
[2025-07-05 08:27:40] 本次订阅抓取结果统计:
[2025-07-05 08:27:40] 共 28 条RSS, 成功抓取 27 条.
[2025-07-05 08:27:40] ✘ 有 1 条订阅解析失败:
[2025-07-05 08:27:40] - https://tcxx.info/feed
[2025-07-05 08:27:40] ✘ 有 2 条订阅头像无法访问, 已使用默认头像:
[2025-07-05 08:27:40] - http://feeds.feedburner.com/ruanyifeng
[2025-07-05 08:27:40] - https://www.loyhome.com/feed
[2025-07-05 09:22:07] 本次订阅抓取结果统计:
[2025-07-05 09:22:07] 共 28 条RSS, 成功抓取 27 条.
[2025-07-05 09:22:07] ✘ 有 1 条订阅解析失败:
[2025-07-05 09:22:07] - https://tcxx.info/feed
[2025-07-05 09:22:07] ✘ 有 2 条订阅头像无法访问, 已使用默认头像:
[2025-07-05 09:22:07] - http://feeds.feedburner.com/ruanyifeng
[2025-07-05 09:22:07] - https://www.loyhome.com/feed
[2025-07-05 10:22:16] 本次订阅抓取结果统计:
[2025-07-05 10:22:16] 共 28 条RSS, 成功抓取 27 条.
[2025-07-05 10:22:16] ✘ 有 1 条订阅解析失败:
[2025-07-05 10:22:16] - https://tcxx.info/feed
[2025-07-05 10:22:16] ✘ 有 2 条订阅头像无法访问, 已使用默认头像:
[2025-07-05 10:22:16] - http://feeds.feedburner.com/ruanyifeng
[2025-07-05 10:22:16] - https://www.loyhome.com/feed
[2025-07-05 11:17:45] 本次订阅抓取结果统计:
[2025-07-05 11:17:45] 共 28 条RSS, 成功抓取 27 条.
[2025-07-05 11:17:45] ✘ 有 1 条订阅解析失败:
[2025-07-05 11:17:45] - https://tcxx.info/feed
[2025-07-05 11:17:45] ✘ 有 2 条订阅头像无法访问, 已使用默认头像:
[2025-07-05 11:17:45] - http://feeds.feedburner.com/ruanyifeng
[2025-07-05 11:17:45] - https://www.loyhome.com/feed
[2025-07-05 12:41:31] 本次订阅抓取结果统计:
[2025-07-05 12:41:31] 共 28 条RSS, 成功抓取 27 条.
[2025-07-05 12:41:31] ✘ 有 1 条订阅解析失败:
[2025-07-05 12:41:31] - https://tcxx.info/feed
[2025-07-05 12:41:31] ✘ 有 2 条订阅头像无法访问, 已使用默认头像:
[2025-07-05 12:41:31] - http://feeds.feedburner.com/ruanyifeng
[2025-07-05 12:41:31] - https://www.loyhome.com/feed
[2025-07-05 13:30:06] 本次订阅抓取结果统计:
[2025-07-05 13:30:06] 共 28 条RSS, 成功抓取 27 条.
[2025-07-05 13:30:06] ✘ 有 1 条订阅解析失败:
[2025-07-05 13:30:06] - https://tcxx.info/feed
[2025-07-05 13:30:06] ✘ 有 2 条订阅头像无法访问, 已使用默认头像:
[2025-07-05 13:30:06] - http://feeds.feedburner.com/ruanyifeng
[2025-07-05 13:30:06] - https://www.loyhome.com/feed
[2025-07-05 14:20:59] 本次订阅抓取结果统计:
[2025-07-05 14:20:59] 共 28 条RSS, 成功抓取 27 条.
[2025-07-05 14:20:59] ✘ 有 1 条订阅解析失败:
[2025-07-05 14:20:59] - https://tcxx.info/feed
[2025-07-05 14:20:59] ✘ 有 2 条订阅头像无法访问, 已使用默认头像:
[2025-07-05 14:20:59] - http://feeds.feedburner.com/ruanyifeng
[2025-07-05 14:20:59] - https://www.loyhome.com/feed
[2025-07-05 15:21:25] 本次订阅抓取结果统计:
[2025-07-05 15:21:25] 共 28 条RSS, 成功抓取 27 条.
[2025-07-05 15:21:25] ✘ 有 1 条订阅解析失败:
[2025-07-05 15:21:25] - https://tcxx.info/feed
[2025-07-05 15:21:25] ✘ 有 2 条订阅头像无法访问, 已使用默认头像:
[2025-07-05 15:21:25] - http://feeds.feedburner.com/ruanyifeng
[2025-07-05 15:21:25] - https://www.loyhome.com/feed
[2025-07-05 16:26:06] 本次订阅抓取结果统计:
[2025-07-05 16:26:06] 共 28 条RSS, 成功抓取 27 条.
[2025-07-05 16:26:06] ✘ 有 1 条订阅解析失败:
[2025-07-05 16:26:06] - https://tcxx.info/feed
[2025-07-05 16:26:06] ✘ 有 2 条订阅头像无法访问, 已使用默认头像:
[2025-07-05 16:26:06] - http://feeds.feedburner.com/ruanyifeng
[2025-07-05 16:26:06] - https://www.loyhome.com/feed
[2025-07-05 17:18:32] 本次订阅抓取结果统计:
[2025-07-05 17:18:32] 共 28 条RSS, 成功抓取 26 条.
[2025-07-05 17:18:32] ✘ 有 2 条订阅解析失败:
[2025-07-05 17:18:32] - https://tcxx.info/feed
[2025-07-05 17:18:32] - https://www.loyhome.com/feed
[2025-07-05 17:18:32] ✘ 有 1 条订阅头像无法访问, 已使用默认头像:
[2025-07-05 17:18:32] - http://feeds.feedburner.com/ruanyifeng
[2025-07-05 18:28:33] 本次订阅抓取结果统计:
[2025-07-05 18:28:33] 共 28 条RSS, 成功抓取 27 条.
[2025-07-05 18:28:33] ✘ 有 1 条订阅解析失败:
[2025-07-05 18:28:33] - https://tcxx.info/feed
[2025-07-05 18:28:33] ✘ 有 2 条订阅头像无法访问, 已使用默认头像:
[2025-07-05 18:28:33] - http://feeds.feedburner.com/ruanyifeng
[2025-07-05 18:28:33] - https://www.loyhome.com/feed
[2025-07-05 19:17:26] 本次订阅抓取结果统计:
[2025-07-05 19:17:26] 共 28 条RSS, 成功抓取 27 条.
[2025-07-05 19:17:26] ✘ 有 1 条订阅解析失败:
[2025-07-05 19:17:26] - https://tcxx.info/feed
[2025-07-05 19:17:26] ✘ 有 2 条订阅头像无法访问, 已使用默认头像:
[2025-07-05 19:17:26] - http://feeds.feedburner.com/ruanyifeng
[2025-07-05 19:17:26] - https://www.loyhome.com/feed
[2025-07-05 20:22:57] 本次订阅抓取结果统计:
[2025-07-05 20:22:57] 共 28 条RSS, 成功抓取 27 条.
[2025-07-05 20:22:57] ✘ 有 1 条订阅解析失败:
[2025-07-05 20:22:57] - https://tcxx.info/feed
[2025-07-05 20:22:57] ✘ 有 2 条订阅头像无法访问, 已使用默认头像:
[2025-07-05 20:22:57] - http://feeds.feedburner.com/ruanyifeng
[2025-07-05 20:22:57] - https://www.loyhome.com/feed
[2025-07-05 21:20:44] 本次订阅抓取结果统计:
[2025-07-05 21:20:44] 共 28 条RSS, 成功抓取 26 条.
[2025-07-05 21:20:44] ✘ 有 2 条订阅解析失败:
[2025-07-05 21:20:44] - https://wangpei.net/feed
[2025-07-05 21:20:44] - https://tcxx.info/feed
[2025-07-05 21:20:44] ✘ 有 2 条订阅头像无法访问, 已使用默认头像:
[2025-07-05 21:20:44] - http://feeds.feedburner.com/ruanyifeng
[2025-07-05 21:20:44] - https://www.loyhome.com/feed
