[2025-12-30 01:56:57] 本次订阅抓取结果统计:
[2025-12-30 01:56:57] 共 28 条RSS, 成功抓取 25 条.
[2025-12-30 01:56:57] ✘ 有 3 条订阅解析失败:
[2025-12-30 01:56:57] - https://tumutanzi.com/feed
[2025-12-30 01:56:57] - https://tcxx.info/feed
[2025-12-30 01:56:57] - https://geekinney.com/index.xml
[2025-12-30 01:56:57] ✘ 有 2 条订阅头像无法访问, 已使用默认头像:
[2025-12-30 01:56:57] - https://oba.by/feed
[2025-12-30 01:56:57] - http://feeds.feedburner.com/ruanyifeng
[2025-12-30 03:41:42] 本次订阅抓取结果统计:
[2025-12-30 03:41:42] 共 28 条RSS, 成功抓取 25 条.
[2025-12-30 03:41:42] ✘ 有 3 条订阅解析失败:
[2025-12-30 03:41:42] - https://tumutanzi.com/feed
[2025-12-30 03:41:42] - https://tcxx.info/feed
[2025-12-30 03:41:42] - https://geekinney.com/index.xml
[2025-12-30 03:41:42] ✘ 有 2 条订阅头像无法访问, 已使用默认头像:
[2025-12-30 03:41:42] - https://oba.by/feed
[2025-12-30 03:41:42] - http://feeds.feedburner.com/ruanyifeng
[2025-12-30 04:41:36] 本次订阅抓取结果统计:
[2025-12-30 04:41:36] 共 28 条RSS, 成功抓取 25 条.
[2025-12-30 04:41:36] ✘ 有 3 条订阅解析失败:
[2025-12-30 04:41:36] - https://tcxx.info/feed
[2025-12-30 04:41:36] - https://tumutanzi.com/feed
[2025-12-30 04:41:36] - https://geekinney.com/index.xml
[2025-12-30 04:41:36] ✘ 有 3 条订阅头像无法访问, 已使用默认头像:
[2025-12-30 04:41:36] - https://oba.by/feed
[2025-12-30 04:41:36] - http://feeds.feedburner.com/ruanyifeng
[2025-12-30 04:41:36] - https://www.loyhome.com/feed
[2025-12-30 05:27:29] 本次订阅抓取结果统计:
[2025-12-30 05:27:29] 共 28 条RSS, 成功抓取 25 条.
[2025-12-30 05:27:29] ✘ 有 3 条订阅解析失败:
[2025-12-30 05:27:29] - https://tcxx.info/feed
[2025-12-30 05:27:29] - https://tumutanzi.com/feed
[2025-12-30 05:27:29] - https://geekinney.com/index.xml
[2025-12-30 05:27:29] ✘ 有 3 条订阅头像无法访问, 已使用默认头像:
[2025-12-30 05:27:29] - https://oba.by/feed
[2025-12-30 05:27:29] - http://feeds.feedburner.com/ruanyifeng
[2025-12-30 05:27:29] - https://www.loyhome.com/feed
[2025-12-30 06:38:01] 本次订阅抓取结果统计:
[2025-12-30 06:38:01] 共 28 条RSS, 成功抓取 25 条.
[2025-12-30 06:38:01] ✘ 有 3 条订阅解析失败:
[2025-12-30 06:38:01] - https://tcxx.info/feed
[2025-12-30 06:38:01] - https://tumutanzi.com/feed
[2025-12-30 06:38:01] - https://geekinney.com/index.xml
[2025-12-30 06:38:01] ✘ 有 2 条订阅头像无法访问, 已使用默认头像:
[2025-12-30 06:38:01] - https://oba.by/feed
[2025-12-30 06:38:01] - http://feeds.feedburner.com/ruanyifeng
[2025-12-30 07:26:03] 本次订阅抓取结果统计:
[2025-12-30 07:26:03] 共 28 条RSS, 成功抓取 25 条.
[2025-12-30 07:26:03] ✘ 有 3 条订阅解析失败:
[2025-12-30 07:26:03] - https://tumutanzi.com/feed
[2025-12-30 07:26:03] - https://tcxx.info/feed
[2025-12-30 07:26:03] - https://geekinney.com/index.xml
[2025-12-30 07:26:03] ✘ 有 2 条订阅头像无法访问, 已使用默认头像:
[2025-12-30 07:26:03] - https://oba.by/feed
[2025-12-30 07:26:03] - http://feeds.feedburner.com/ruanyifeng
[2025-12-30 08:34:47] 本次订阅抓取结果统计:
[2025-12-30 08:34:47] 共 28 条RSS, 成功抓取 25 条.
[2025-12-30 08:34:47] ✘ 有 3 条订阅解析失败:
[2025-12-30 08:34:47] - https://tumutanzi.com/feed
[2025-12-30 08:34:47] - https://tcxx.info/feed
[2025-12-30 08:34:47] - https://geekinney.com/index.xml
[2025-12-30 08:34:47] ✘ 有 3 条订阅头像无法访问, 已使用默认头像:
[2025-12-30 08:34:47] - https://oba.by/feed
[2025-12-30 08:34:47] - http://feeds.feedburner.com/ruanyifeng
[2025-12-30 08:34:47] - https://xyzbz.cn/feed
