[2025-09-26 01:40:48] 本次订阅抓取结果统计:
[2025-09-26 01:40:48] 共 28 条RSS, 成功抓取 25 条.
[2025-09-26 01:40:48] ✘ 有 3 条订阅解析失败:
[2025-09-26 01:40:48] - https://tcxx.info/feed
[2025-09-26 01:40:48] - https://tumutanzi.com/feed
[2025-09-26 01:40:48] - https://geekinney.com/index.xml
[2025-09-26 01:40:48] ✘ 有 2 条订阅头像无法访问, 已使用默认头像:
[2025-09-26 01:40:48] - http://feeds.feedburner.com/ruanyifeng
[2025-09-26 01:40:48] - https://www.loyhome.com/feed
[2025-09-26 03:01:17] 本次订阅抓取结果统计:
[2025-09-26 03:01:17] 共 28 条RSS, 成功抓取 25 条.
[2025-09-26 03:01:17] ✘ 有 3 条订阅解析失败:
[2025-09-26 03:01:17] - https://tcxx.info/feed
[2025-09-26 03:01:17] - https://tumutanzi.com/feed
[2025-09-26 03:01:17] - https://geekinney.com/index.xml
[2025-09-26 03:01:17] ✘ 有 2 条订阅头像无法访问, 已使用默认头像:
[2025-09-26 03:01:17] - http://feeds.feedburner.com/ruanyifeng
[2025-09-26 03:01:17] - https://www.loyhome.com/feed
[2025-09-26 04:25:44] 本次订阅抓取结果统计:
[2025-09-26 04:25:44] 共 28 条RSS, 成功抓取 25 条.
[2025-09-26 04:25:44] ✘ 有 3 条订阅解析失败:
[2025-09-26 04:25:44] - https://tumutanzi.com/feed
[2025-09-26 04:25:44] - https://tcxx.info/feed
[2025-09-26 04:25:44] - https://geekinney.com/index.xml
[2025-09-26 04:25:44] ✘ 有 2 条订阅头像无法访问, 已使用默认头像:
[2025-09-26 04:25:44] - http://feeds.feedburner.com/ruanyifeng
[2025-09-26 04:25:44] - https://www.loyhome.com/feed
[2025-09-26 05:20:19] 本次订阅抓取结果统计:
[2025-09-26 05:20:19] 共 28 条RSS, 成功抓取 25 条.
[2025-09-26 05:20:19] ✘ 有 3 条订阅解析失败:
[2025-09-26 05:20:19] - https://tumutanzi.com/feed
[2025-09-26 05:20:19] - https://tcxx.info/feed
[2025-09-26 05:20:19] - https://geekinney.com/index.xml
[2025-09-26 05:20:19] ✘ 有 2 条订阅头像无法访问, 已使用默认头像:
[2025-09-26 05:20:19] - http://feeds.feedburner.com/ruanyifeng
[2025-09-26 05:20:19] - https://www.loyhome.com/feed
[2025-09-26 06:31:31] 本次订阅抓取结果统计:
[2025-09-26 06:31:31] 共 28 条RSS, 成功抓取 25 条.
[2025-09-26 06:31:31] ✘ 有 3 条订阅解析失败:
[2025-09-26 06:31:31] - https://tcxx.info/feed
[2025-09-26 06:31:31] - https://tumutanzi.com/feed
[2025-09-26 06:31:31] - https://geekinney.com/index.xml
[2025-09-26 06:31:31] ✘ 有 2 条订阅头像无法访问, 已使用默认头像:
[2025-09-26 06:31:31] - http://feeds.feedburner.com/ruanyifeng
[2025-09-26 06:31:31] - https://www.loyhome.com/feed
[2025-09-26 07:20:42] 本次订阅抓取结果统计:
[2025-09-26 07:20:42] 共 28 条RSS, 成功抓取 25 条.
[2025-09-26 07:20:42] ✘ 有 3 条订阅解析失败:
[2025-09-26 07:20:42] - https://tumutanzi.com/feed
[2025-09-26 07:20:42] - https://tcxx.info/feed
[2025-09-26 07:20:42] - https://geekinney.com/index.xml
[2025-09-26 07:20:42] ✘ 有 2 条订阅头像无法访问, 已使用默认头像:
[2025-09-26 07:20:42] - http://feeds.feedburner.com/ruanyifeng
[2025-09-26 07:20:42] - https://www.loyhome.com/feed
[2025-09-26 08:29:35] 本次订阅抓取结果统计:
[2025-09-26 08:29:35] 共 28 条RSS, 成功抓取 25 条.
[2025-09-26 08:29:35] ✘ 有 3 条订阅解析失败:
[2025-09-26 08:29:35] - https://tumutanzi.com/feed
[2025-09-26 08:29:35] - https://tcxx.info/feed
[2025-09-26 08:29:35] - https://geekinney.com/index.xml
[2025-09-26 08:29:35] ✘ 有 2 条订阅头像无法访问, 已使用默认头像:
[2025-09-26 08:29:35] - http://feeds.feedburner.com/ruanyifeng
[2025-09-26 08:29:35] - https://www.loyhome.com/feed
[2025-09-26 09:23:54] 本次订阅抓取结果统计:
[2025-09-26 09:23:54] 共 28 条RSS, 成功抓取 24 条.
[2025-09-26 09:23:54] ✘ 有 4 条订阅解析失败:
[2025-09-26 09:23:54] - https://tumutanzi.com/feed
[2025-09-26 09:23:54] - https://tcxx.info/feed
[2025-09-26 09:23:54] - https://geekinney.com/index.xml
[2025-09-26 09:23:54] - https://www.shephe.com/feed
[2025-09-26 09:23:54] ✘ 有 2 条订阅头像无法访问, 已使用默认头像:
[2025-09-26 09:23:54] - http://feeds.feedburner.com/ruanyifeng
[2025-09-26 09:23:54] - https://www.loyhome.com/feed
[2025-09-26 10:22:35] 本次订阅抓取结果统计:
[2025-09-26 10:22:35] 共 28 条RSS, 成功抓取 25 条.
[2025-09-26 10:22:35] ✘ 有 3 条订阅解析失败:
[2025-09-26 10:22:35] - https://tumutanzi.com/feed
[2025-09-26 10:22:35] - https://tcxx.info/feed
[2025-09-26 10:22:35] - https://geekinney.com/index.xml
[2025-09-26 10:22:35] ✘ 有 2 条订阅头像无法访问, 已使用默认头像:
[2025-09-26 10:22:35] - http://feeds.feedburner.com/ruanyifeng
[2025-09-26 10:22:35] - https://www.loyhome.com/feed
[2025-09-26 11:17:32] 本次订阅抓取结果统计:
[2025-09-26 11:17:32] 共 28 条RSS, 成功抓取 25 条.
[2025-09-26 11:17:32] ✘ 有 3 条订阅解析失败:
[2025-09-26 11:17:32] - https://tumutanzi.com/feed
[2025-09-26 11:17:32] - https://tcxx.info/feed
[2025-09-26 11:17:32] - https://geekinney.com/index.xml
[2025-09-26 11:17:32] ✘ 有 2 条订阅头像无法访问, 已使用默认头像:
[2025-09-26 11:17:32] - http://feeds.feedburner.com/ruanyifeng
[2025-09-26 11:17:32] - https://www.loyhome.com/feed
[2025-09-26 12:44:19] 本次订阅抓取结果统计:
[2025-09-26 12:44:19] 共 28 条RSS, 成功抓取 25 条.
[2025-09-26 12:44:19] ✘ 有 3 条订阅解析失败:
[2025-09-26 12:44:19] - https://tcxx.info/feed
[2025-09-26 12:44:19] - https://tumutanzi.com/feed
[2025-09-26 12:44:19] - https://geekinney.com/index.xml
[2025-09-26 12:44:19] ✘ 有 2 条订阅头像无法访问, 已使用默认头像:
[2025-09-26 12:44:19] - http://feeds.feedburner.com/ruanyifeng
[2025-09-26 12:44:19] - https://www.loyhome.com/feed
[2025-09-26 13:30:16] 本次订阅抓取结果统计:
[2025-09-26 13:30:16] 共 28 条RSS, 成功抓取 24 条.
[2025-09-26 13:30:16] ✘ 有 4 条订阅解析失败:
[2025-09-26 13:30:16] - https://tumutanzi.com/feed
[2025-09-26 13:30:16] - https://tcxx.info/feed
[2025-09-26 13:30:16] - https://geekinney.com/index.xml
[2025-09-26 13:30:16] - https://www.shephe.com/feed
[2025-09-26 13:30:16] ✘ 有 2 条订阅头像无法访问, 已使用默认头像:
[2025-09-26 13:30:16] - http://feeds.feedburner.com/ruanyifeng
[2025-09-26 13:30:16] - https://www.loyhome.com/feed
[2025-09-26 14:19:50] 本次订阅抓取结果统计:
[2025-09-26 14:19:50] 共 28 条RSS, 成功抓取 25 条.
[2025-09-26 14:19:50] ✘ 有 3 条订阅解析失败:
[2025-09-26 14:19:50] - https://tcxx.info/feed
[2025-09-26 14:19:50] - https://tumutanzi.com/feed
[2025-09-26 14:19:50] - https://geekinney.com/index.xml
[2025-09-26 14:19:50] ✘ 有 2 条订阅头像无法访问, 已使用默认头像:
[2025-09-26 14:19:50] - http://feeds.feedburner.com/ruanyifeng
[2025-09-26 14:19:50] - https://www.loyhome.com/feed
[2025-09-26 15:23:00] 本次订阅抓取结果统计:
[2025-09-26 15:23:00] 共 28 条RSS, 成功抓取 20 条.
[2025-09-26 15:23:00] ✘ 有 8 条订阅解析失败:
[2025-09-26 15:23:00] - https://tcxx.info/feed
[2025-09-26 15:23:00] - https://tumutanzi.com/feed
[2025-09-26 15:23:00] - https://geekinney.com/index.xml
[2025-09-26 15:23:00] - http://weiwuhui.com/feed
[2025-09-26 15:23:00] - https://xyzbz.cn/feed
[2025-09-26 15:23:00] - https://blog.yanqingshan.com/feed
[2025-09-26 15:23:00] - https://blog.zhheo.com/rss.xml
[2025-09-26 15:23:00] - https://oba.by/feed
[2025-09-26 15:23:00] ✘ 有 2 条订阅头像无法访问, 已使用默认头像:
[2025-09-26 15:23:00] - https://www.loyhome.com/feed
[2025-09-26 15:23:00] - http://feeds.feedburner.com/ruanyifeng
