[2025-08-11 02:03:41] 本次订阅抓取结果统计:
[2025-08-11 02:03:41] 共 28 条RSS, 成功抓取 26 条.
[2025-08-11 02:03:41] ✘ 有 2 条订阅解析失败:
[2025-08-11 02:03:41] - https://tcxx.info/feed
[2025-08-11 02:03:41] - https://tumutanzi.com/feed
[2025-08-11 02:03:41] ✘ 有 3 条订阅头像无法访问, 已使用默认头像:
[2025-08-11 02:03:41] - http://feeds.feedburner.com/ruanyifeng
[2025-08-11 02:03:41] - https://www.loyhome.com/feed
[2025-08-11 02:03:41] - https://blog.fooleap.org/atom.xml
[2025-08-11 04:06:00] 本次订阅抓取结果统计:
[2025-08-11 04:06:00] 共 28 条RSS, 成功抓取 26 条.
[2025-08-11 04:06:00] ✘ 有 2 条订阅解析失败:
[2025-08-11 04:06:00] - https://tcxx.info/feed
[2025-08-11 04:06:00] - https://tumutanzi.com/feed
[2025-08-11 04:06:00] ✘ 有 3 条订阅头像无法访问, 已使用默认头像:
[2025-08-11 04:06:00] - https://blog.fooleap.org/atom.xml
[2025-08-11 04:06:00] - http://feeds.feedburner.com/ruanyifeng
[2025-08-11 04:06:00] - https://www.loyhome.com/feed
[2025-08-11 05:30:16] 本次订阅抓取结果统计:
[2025-08-11 05:30:16] 共 28 条RSS, 成功抓取 26 条.
[2025-08-11 05:30:16] ✘ 有 2 条订阅解析失败:
[2025-08-11 05:30:16] - https://tumutanzi.com/feed
[2025-08-11 05:30:16] - https://tcxx.info/feed
[2025-08-11 05:30:16] ✘ 有 3 条订阅头像无法访问, 已使用默认头像:
[2025-08-11 05:30:16] - http://feeds.feedburner.com/ruanyifeng
[2025-08-11 05:30:16] - https://blog.fooleap.org/atom.xml
[2025-08-11 05:30:16] - https://www.loyhome.com/feed
