[2025-05-01 01:54:36] 本次订阅抓取结果统计:
[2025-05-01 01:54:36] 共 28 条RSS, 成功抓取 27 条.
[2025-05-01 01:54:36] ✘ 有 1 条订阅解析失败:
[2025-05-01 01:54:36] - https://tcxx.info/feed
[2025-05-01 01:54:36] ✘ 有 2 条订阅头像无法访问, 已使用默认头像:
[2025-05-01 01:54:36] - http://feeds.feedburner.com/ruanyifeng
[2025-05-01 01:54:36] - https://www.loyhome.com/feed
[2025-05-01 03:18:08] 本次订阅抓取结果统计:
[2025-05-01 03:18:08] 共 28 条RSS, 成功抓取 27 条.
[2025-05-01 03:18:08] ✘ 有 1 条订阅解析失败:
[2025-05-01 03:18:08] - https://tcxx.info/feed
[2025-05-01 03:18:08] ✘ 有 2 条订阅头像无法访问, 已使用默认头像:
[2025-05-01 03:18:08] - http://feeds.feedburner.com/ruanyifeng
[2025-05-01 03:18:08] - https://www.loyhome.com/feed
[2025-05-01 04:27:10] 本次订阅抓取结果统计:
[2025-05-01 04:27:10] 共 28 条RSS, 成功抓取 27 条.
[2025-05-01 04:27:10] ✘ 有 1 条订阅解析失败:
[2025-05-01 04:27:10] - https://tcxx.info/feed
[2025-05-01 04:27:10] ✘ 有 2 条订阅头像无法访问, 已使用默认头像:
[2025-05-01 04:27:10] - http://feeds.feedburner.com/ruanyifeng
[2025-05-01 04:27:10] - https://www.loyhome.com/feed
[2025-05-01 05:21:53] 本次订阅抓取结果统计:
[2025-05-01 05:21:53] 共 28 条RSS, 成功抓取 27 条.
[2025-05-01 05:21:53] ✘ 有 1 条订阅解析失败:
[2025-05-01 05:21:53] - https://tcxx.info/feed
[2025-05-01 05:21:53] ✘ 有 2 条订阅头像无法访问, 已使用默认头像:
[2025-05-01 05:21:53] - http://feeds.feedburner.com/ruanyifeng
[2025-05-01 05:21:53] - https://www.loyhome.com/feed
