[2025-07-18 02:01:11] 本次订阅抓取结果统计:
[2025-07-18 02:01:11] 共 28 条RSS, 成功抓取 27 条.
[2025-07-18 02:01:11] ✘ 有 1 条订阅解析失败:
[2025-07-18 02:01:11] - https://tcxx.info/feed
[2025-07-18 02:01:11] ✘ 有 2 条订阅头像无法访问, 已使用默认头像:
[2025-07-18 02:01:11] - http://feeds.feedburner.com/ruanyifeng
[2025-07-18 02:01:11] - https://www.loyhome.com/feed
[2025-07-18 04:00:52] 本次订阅抓取结果统计:
[2025-07-18 04:00:52] 共 28 条RSS, 成功抓取 27 条.
[2025-07-18 04:00:52] ✘ 有 1 条订阅解析失败:
[2025-07-18 04:00:52] - https://tcxx.info/feed
[2025-07-18 04:00:52] ✘ 有 2 条订阅头像无法访问, 已使用默认头像:
[2025-07-18 04:00:52] - http://feeds.feedburner.com/ruanyifeng
[2025-07-18 04:00:52] - https://www.loyhome.com/feed
[2025-07-18 05:28:44] 本次订阅抓取结果统计:
[2025-07-18 05:28:44] 共 28 条RSS, 成功抓取 27 条.
[2025-07-18 05:28:44] ✘ 有 1 条订阅解析失败:
[2025-07-18 05:28:44] - https://tcxx.info/feed
[2025-07-18 05:28:44] ✘ 有 2 条订阅头像无法访问, 已使用默认头像:
[2025-07-18 05:28:44] - http://feeds.feedburner.com/ruanyifeng
[2025-07-18 05:28:44] - https://www.loyhome.com/feed
[2025-07-18 06:35:27] 本次订阅抓取结果统计:
[2025-07-18 06:35:27] 共 28 条RSS, 成功抓取 27 条.
[2025-07-18 06:35:27] ✘ 有 1 条订阅解析失败:
[2025-07-18 06:35:27] - https://tcxx.info/feed
[2025-07-18 06:35:27] ✘ 有 2 条订阅头像无法访问, 已使用默认头像:
[2025-07-18 06:35:27] - https://www.loyhome.com/feed
[2025-07-18 06:35:27] - http://feeds.feedburner.com/ruanyifeng
[2025-07-18 07:25:30] 本次订阅抓取结果统计:
[2025-07-18 07:25:30] 共 28 条RSS, 成功抓取 27 条.
[2025-07-18 07:25:30] ✘ 有 1 条订阅解析失败:
[2025-07-18 07:25:30] - https://tcxx.info/feed
[2025-07-18 07:25:30] ✘ 有 2 条订阅头像无法访问, 已使用默认头像:
[2025-07-18 07:25:30] - http://feeds.feedburner.com/ruanyifeng
[2025-07-18 07:25:30] - https://www.loyhome.com/feed
[2025-07-18 08:32:00] 本次订阅抓取结果统计:
[2025-07-18 08:32:00] 共 28 条RSS, 成功抓取 27 条.
[2025-07-18 08:32:00] ✘ 有 1 条订阅解析失败:
[2025-07-18 08:32:00] - https://tcxx.info/feed
[2025-07-18 08:32:00] ✘ 有 2 条订阅头像无法访问, 已使用默认头像:
[2025-07-18 08:32:00] - http://feeds.feedburner.com/ruanyifeng
[2025-07-18 08:32:00] - https://www.loyhome.com/feed
[2025-07-18 09:28:19] 本次订阅抓取结果统计:
[2025-07-18 09:28:19] 共 28 条RSS, 成功抓取 27 条.
[2025-07-18 09:28:19] ✘ 有 1 条订阅解析失败:
[2025-07-18 09:28:19] - https://tcxx.info/feed
[2025-07-18 09:28:19] ✘ 有 2 条订阅头像无法访问, 已使用默认头像:
[2025-07-18 09:28:19] - http://feeds.feedburner.com/ruanyifeng
[2025-07-18 09:28:19] - https://www.loyhome.com/feed
[2025-07-18 10:26:24] 本次订阅抓取结果统计:
[2025-07-18 10:26:24] 共 28 条RSS, 成功抓取 27 条.
[2025-07-18 10:26:24] ✘ 有 1 条订阅解析失败:
[2025-07-18 10:26:24] - https://tcxx.info/feed
[2025-07-18 10:26:24] ✘ 有 2 条订阅头像无法访问, 已使用默认头像:
[2025-07-18 10:26:24] - http://feeds.feedburner.com/ruanyifeng
[2025-07-18 10:26:24] - https://www.loyhome.com/feed
[2025-07-18 11:20:38] 本次订阅抓取结果统计:
[2025-07-18 11:20:38] 共 28 条RSS, 成功抓取 27 条.
[2025-07-18 11:20:38] ✘ 有 1 条订阅解析失败:
[2025-07-18 11:20:38] - https://tcxx.info/feed
[2025-07-18 11:20:38] ✘ 有 2 条订阅头像无法访问, 已使用默认头像:
[2025-07-18 11:20:38] - http://feeds.feedburner.com/ruanyifeng
[2025-07-18 11:20:38] - https://www.loyhome.com/feed
[2025-07-18 12:51:10] 本次订阅抓取结果统计:
[2025-07-18 12:51:10] 共 28 条RSS, 成功抓取 27 条.
[2025-07-18 12:51:10] ✘ 有 1 条订阅解析失败:
[2025-07-18 12:51:10] - https://tcxx.info/feed
[2025-07-18 12:51:10] ✘ 有 2 条订阅头像无法访问, 已使用默认头像:
[2025-07-18 12:51:10] - http://feeds.feedburner.com/ruanyifeng
[2025-07-18 12:51:10] - https://www.loyhome.com/feed
[2025-07-18 13:38:36] 本次订阅抓取结果统计:
[2025-07-18 13:38:36] 共 28 条RSS, 成功抓取 27 条.
[2025-07-18 13:38:36] ✘ 有 1 条订阅解析失败:
[2025-07-18 13:38:36] - https://tcxx.info/feed
[2025-07-18 13:38:36] ✘ 有 2 条订阅头像无法访问, 已使用默认头像:
[2025-07-18 13:38:36] - http://feeds.feedburner.com/ruanyifeng
[2025-07-18 13:38:36] - https://www.loyhome.com/feed
[2025-07-18 14:23:13] 本次订阅抓取结果统计:
[2025-07-18 14:23:13] 共 28 条RSS, 成功抓取 27 条.
[2025-07-18 14:23:13] ✘ 有 1 条订阅解析失败:
[2025-07-18 14:23:13] - https://tcxx.info/feed
[2025-07-18 14:23:13] ✘ 有 2 条订阅头像无法访问, 已使用默认头像:
[2025-07-18 14:23:13] - https://www.loyhome.com/feed
[2025-07-18 14:23:13] - http://feeds.feedburner.com/ruanyifeng
[2025-07-18 15:25:07] 本次订阅抓取结果统计:
[2025-07-18 15:25:07] 共 28 条RSS, 成功抓取 27 条.
[2025-07-18 15:25:07] ✘ 有 1 条订阅解析失败:
[2025-07-18 15:25:07] - https://tcxx.info/feed
[2025-07-18 15:25:07] ✘ 有 2 条订阅头像无法访问, 已使用默认头像:
[2025-07-18 15:25:07] - https://www.loyhome.com/feed
[2025-07-18 15:25:07] - http://feeds.feedburner.com/ruanyifeng
[2025-07-18 16:30:49] 本次订阅抓取结果统计:
[2025-07-18 16:30:49] 共 28 条RSS, 成功抓取 27 条.
[2025-07-18 16:30:49] ✘ 有 1 条订阅解析失败:
[2025-07-18 16:30:49] - https://tcxx.info/feed
[2025-07-18 16:30:49] ✘ 有 2 条订阅头像无法访问, 已使用默认头像:
[2025-07-18 16:30:49] - http://feeds.feedburner.com/ruanyifeng
[2025-07-18 16:30:49] - https://www.loyhome.com/feed
[2025-07-18 17:22:51] 本次订阅抓取结果统计:
[2025-07-18 17:22:51] 共 28 条RSS, 成功抓取 27 条.
[2025-07-18 17:22:51] ✘ 有 1 条订阅解析失败:
[2025-07-18 17:22:51] - https://tcxx.info/feed
[2025-07-18 17:22:51] ✘ 有 2 条订阅头像无法访问, 已使用默认头像:
[2025-07-18 17:22:51] - http://feeds.feedburner.com/ruanyifeng
[2025-07-18 17:22:51] - https://www.loyhome.com/feed
[2025-07-18 18:33:44] 本次订阅抓取结果统计:
[2025-07-18 18:33:44] 共 28 条RSS, 成功抓取 27 条.
[2025-07-18 18:33:44] ✘ 有 1 条订阅解析失败:
[2025-07-18 18:33:44] - https://tcxx.info/feed
[2025-07-18 18:33:44] ✘ 有 2 条订阅头像无法访问, 已使用默认头像:
[2025-07-18 18:33:44] - http://feeds.feedburner.com/ruanyifeng
[2025-07-18 18:33:44] - https://www.loyhome.com/feed
[2025-07-18 19:18:59] 本次订阅抓取结果统计:
[2025-07-18 19:18:59] 共 28 条RSS, 成功抓取 27 条.
[2025-07-18 19:18:59] ✘ 有 1 条订阅解析失败:
[2025-07-18 19:18:59] - https://tcxx.info/feed
[2025-07-18 19:18:59] ✘ 有 2 条订阅头像无法访问, 已使用默认头像:
[2025-07-18 19:18:59] - http://feeds.feedburner.com/ruanyifeng
[2025-07-18 19:18:59] - https://www.loyhome.com/feed
[2025-07-18 20:26:09] 本次订阅抓取结果统计:
[2025-07-18 20:26:09] 共 28 条RSS, 成功抓取 27 条.
[2025-07-18 20:26:09] ✘ 有 1 条订阅解析失败:
[2025-07-18 20:26:09] - https://tcxx.info/feed
[2025-07-18 20:26:09] ✘ 有 2 条订阅头像无法访问, 已使用默认头像:
[2025-07-18 20:26:09] - http://feeds.feedburner.com/ruanyifeng
[2025-07-18 20:26:09] - https://www.loyhome.com/feed
