[2025-09-12 01:37:32] 本次订阅抓取结果统计:
[2025-09-12 01:37:32] 共 28 条RSS, 成功抓取 25 条.
[2025-09-12 01:37:32] ✘ 有 3 条订阅解析失败:
[2025-09-12 01:37:32] - https://tumutanzi.com/feed
[2025-09-12 01:37:32] - https://tcxx.info/feed
[2025-09-12 01:37:32] - https://geekinney.com/index.xml
[2025-09-12 01:37:32] ✘ 有 3 条订阅头像无法访问, 已使用默认头像:
[2025-09-12 01:37:32] - https://hwv430.blogspot.com/feeds/posts/default
[2025-09-12 01:37:32] - http://feeds.feedburner.com/ruanyifeng
[2025-09-12 01:37:32] - https://www.loyhome.com/feed
[2025-09-12 02:56:14] 本次订阅抓取结果统计:
[2025-09-12 02:56:14] 共 28 条RSS, 成功抓取 25 条.
[2025-09-12 02:56:14] ✘ 有 3 条订阅解析失败:
[2025-09-12 02:56:14] - https://tumutanzi.com/feed
[2025-09-12 02:56:14] - https://tcxx.info/feed
[2025-09-12 02:56:14] - https://geekinney.com/index.xml
[2025-09-12 02:56:14] ✘ 有 2 条订阅头像无法访问, 已使用默认头像:
[2025-09-12 02:56:14] - http://feeds.feedburner.com/ruanyifeng
[2025-09-12 02:56:14] - https://www.loyhome.com/feed
[2025-09-12 03:30:03] 本次订阅抓取结果统计:
[2025-09-12 03:30:03] 共 28 条RSS, 成功抓取 25 条.
[2025-09-12 03:30:03] ✘ 有 3 条订阅解析失败:
[2025-09-12 03:30:03] - https://tcxx.info/feed
[2025-09-12 03:30:03] - https://tumutanzi.com/feed
[2025-09-12 03:30:03] - https://geekinney.com/index.xml
[2025-09-12 03:30:03] ✘ 有 3 条订阅头像无法访问, 已使用默认头像:
[2025-09-12 03:30:03] - https://hwv430.blogspot.com/feeds/posts/default
[2025-09-12 03:30:03] - https://www.loyhome.com/feed
[2025-09-12 03:30:03] - http://feeds.feedburner.com/ruanyifeng
[2025-09-12 04:24:08] 本次订阅抓取结果统计:
[2025-09-12 04:24:08] 共 28 条RSS, 成功抓取 25 条.
[2025-09-12 04:24:08] ✘ 有 3 条订阅解析失败:
[2025-09-12 04:24:08] - https://tumutanzi.com/feed
[2025-09-12 04:24:08] - https://tcxx.info/feed
[2025-09-12 04:24:08] - https://geekinney.com/index.xml
[2025-09-12 04:24:08] ✘ 有 3 条订阅头像无法访问, 已使用默认头像:
[2025-09-12 04:24:08] - https://hwv430.blogspot.com/feeds/posts/default
[2025-09-12 04:24:08] - http://feeds.feedburner.com/ruanyifeng
[2025-09-12 04:24:08] - https://www.loyhome.com/feed
[2025-09-12 05:19:33] 本次订阅抓取结果统计:
[2025-09-12 05:19:33] 共 28 条RSS, 成功抓取 25 条.
[2025-09-12 05:19:33] ✘ 有 3 条订阅解析失败:
[2025-09-12 05:19:33] - https://tcxx.info/feed
[2025-09-12 05:19:33] - https://tumutanzi.com/feed
[2025-09-12 05:19:33] - https://geekinney.com/index.xml
[2025-09-12 05:19:33] ✘ 有 2 条订阅头像无法访问, 已使用默认头像:
[2025-09-12 05:19:33] - http://feeds.feedburner.com/ruanyifeng
[2025-09-12 05:19:33] - https://www.loyhome.com/feed
[2025-09-12 06:31:41] 本次订阅抓取结果统计:
[2025-09-12 06:31:41] 共 28 条RSS, 成功抓取 25 条.
[2025-09-12 06:31:41] ✘ 有 3 条订阅解析失败:
[2025-09-12 06:31:41] - https://tumutanzi.com/feed
[2025-09-12 06:31:41] - https://tcxx.info/feed
[2025-09-12 06:31:41] - https://geekinney.com/index.xml
[2025-09-12 06:31:41] ✘ 有 3 条订阅头像无法访问, 已使用默认头像:
[2025-09-12 06:31:41] - https://hwv430.blogspot.com/feeds/posts/default
[2025-09-12 06:31:41] - http://feeds.feedburner.com/ruanyifeng
[2025-09-12 06:31:41] - https://www.loyhome.com/feed
[2025-09-12 07:19:53] 本次订阅抓取结果统计:
[2025-09-12 07:19:53] 共 28 条RSS, 成功抓取 25 条.
[2025-09-12 07:19:53] ✘ 有 3 条订阅解析失败:
[2025-09-12 07:19:53] - https://tcxx.info/feed
[2025-09-12 07:19:53] - https://tumutanzi.com/feed
[2025-09-12 07:19:53] - https://geekinney.com/index.xml
[2025-09-12 07:19:53] ✘ 有 3 条订阅头像无法访问, 已使用默认头像:
[2025-09-12 07:19:53] - https://hwv430.blogspot.com/feeds/posts/default
[2025-09-12 07:19:53] - http://feeds.feedburner.com/ruanyifeng
[2025-09-12 07:19:53] - https://www.loyhome.com/feed
[2025-09-12 08:27:11] 本次订阅抓取结果统计:
[2025-09-12 08:27:11] 共 28 条RSS, 成功抓取 25 条.
[2025-09-12 08:27:11] ✘ 有 3 条订阅解析失败:
[2025-09-12 08:27:11] - https://tumutanzi.com/feed
[2025-09-12 08:27:11] - https://tcxx.info/feed
[2025-09-12 08:27:11] - https://geekinney.com/index.xml
[2025-09-12 08:27:11] ✘ 有 3 条订阅头像无法访问, 已使用默认头像:
[2025-09-12 08:27:11] - https://hwv430.blogspot.com/feeds/posts/default
[2025-09-12 08:27:11] - http://feeds.feedburner.com/ruanyifeng
[2025-09-12 08:27:11] - https://www.loyhome.com/feed
[2025-09-12 09:22:02] 本次订阅抓取结果统计:
[2025-09-12 09:22:02] 共 28 条RSS, 成功抓取 25 条.
[2025-09-12 09:22:02] ✘ 有 3 条订阅解析失败:
[2025-09-12 09:22:02] - https://tcxx.info/feed
[2025-09-12 09:22:02] - https://tumutanzi.com/feed
[2025-09-12 09:22:02] - https://geekinney.com/index.xml
[2025-09-12 09:22:02] ✘ 有 3 条订阅头像无法访问, 已使用默认头像:
[2025-09-12 09:22:02] - https://hwv430.blogspot.com/feeds/posts/default
[2025-09-12 09:22:02] - http://feeds.feedburner.com/ruanyifeng
[2025-09-12 09:22:02] - https://www.loyhome.com/feed
[2025-09-12 10:22:37] 本次订阅抓取结果统计:
[2025-09-12 10:22:37] 共 28 条RSS, 成功抓取 25 条.
[2025-09-12 10:22:37] ✘ 有 3 条订阅解析失败:
[2025-09-12 10:22:37] - https://tumutanzi.com/feed
[2025-09-12 10:22:37] - https://tcxx.info/feed
[2025-09-12 10:22:37] - https://geekinney.com/index.xml
[2025-09-12 10:22:37] ✘ 有 3 条订阅头像无法访问, 已使用默认头像:
[2025-09-12 10:22:37] - https://hwv430.blogspot.com/feeds/posts/default
[2025-09-12 10:22:37] - http://feeds.feedburner.com/ruanyifeng
[2025-09-12 10:22:37] - https://www.loyhome.com/feed
[2025-09-12 11:17:17] 本次订阅抓取结果统计:
[2025-09-12 11:17:17] 共 28 条RSS, 成功抓取 25 条.
[2025-09-12 11:17:17] ✘ 有 3 条订阅解析失败:
[2025-09-12 11:17:17] - https://tcxx.info/feed
[2025-09-12 11:17:17] - https://tumutanzi.com/feed
[2025-09-12 11:17:17] - https://geekinney.com/index.xml
[2025-09-12 11:17:17] ✘ 有 2 条订阅头像无法访问, 已使用默认头像:
[2025-09-12 11:17:17] - http://feeds.feedburner.com/ruanyifeng
[2025-09-12 11:17:17] - https://www.loyhome.com/feed
[2025-09-12 12:41:22] 本次订阅抓取结果统计:
[2025-09-12 12:41:22] 共 28 条RSS, 成功抓取 25 条.
[2025-09-12 12:41:22] ✘ 有 3 条订阅解析失败:
[2025-09-12 12:41:22] - https://tcxx.info/feed
[2025-09-12 12:41:22] - https://tumutanzi.com/feed
[2025-09-12 12:41:22] - https://geekinney.com/index.xml
[2025-09-12 12:41:22] ✘ 有 3 条订阅头像无法访问, 已使用默认头像:
[2025-09-12 12:41:22] - https://hwv430.blogspot.com/feeds/posts/default
[2025-09-12 12:41:22] - http://feeds.feedburner.com/ruanyifeng
[2025-09-12 12:41:22] - https://www.loyhome.com/feed
[2025-09-12 13:27:48] 本次订阅抓取结果统计:
[2025-09-12 13:27:48] 共 28 条RSS, 成功抓取 25 条.
[2025-09-12 13:27:48] ✘ 有 3 条订阅解析失败:
[2025-09-12 13:27:48] - https://tcxx.info/feed
[2025-09-12 13:27:48] - https://tumutanzi.com/feed
[2025-09-12 13:27:48] - https://geekinney.com/index.xml
[2025-09-12 13:27:48] ✘ 有 3 条订阅头像无法访问, 已使用默认头像:
[2025-09-12 13:27:48] - https://hwv430.blogspot.com/feeds/posts/default
[2025-09-12 13:27:48] - http://feeds.feedburner.com/ruanyifeng
[2025-09-12 13:27:48] - https://www.loyhome.com/feed
[2025-09-12 14:19:51] 本次订阅抓取结果统计:
[2025-09-12 14:19:51] 共 28 条RSS, 成功抓取 25 条.
[2025-09-12 14:19:51] ✘ 有 3 条订阅解析失败:
[2025-09-12 14:19:51] - https://tumutanzi.com/feed
[2025-09-12 14:19:51] - https://tcxx.info/feed
[2025-09-12 14:19:51] - https://geekinney.com/index.xml
[2025-09-12 14:19:51] ✘ 有 3 条订阅头像无法访问, 已使用默认头像:
[2025-09-12 14:19:51] - https://hwv430.blogspot.com/feeds/posts/default
[2025-09-12 14:19:51] - http://feeds.feedburner.com/ruanyifeng
[2025-09-12 14:19:51] - https://www.loyhome.com/feed
[2025-09-12 15:20:43] 本次订阅抓取结果统计:
[2025-09-12 15:20:43] 共 28 条RSS, 成功抓取 25 条.
[2025-09-12 15:20:43] ✘ 有 3 条订阅解析失败:
[2025-09-12 15:20:43] - https://tumutanzi.com/feed
[2025-09-12 15:20:43] - https://tcxx.info/feed
[2025-09-12 15:20:43] - https://geekinney.com/index.xml
[2025-09-12 15:20:43] ✘ 有 3 条订阅头像无法访问, 已使用默认头像:
[2025-09-12 15:20:43] - https://hwv430.blogspot.com/feeds/posts/default
[2025-09-12 15:20:43] - http://feeds.feedburner.com/ruanyifeng
[2025-09-12 15:20:43] - https://www.loyhome.com/feed
[2025-09-12 16:22:38] 本次订阅抓取结果统计:
[2025-09-12 16:22:38] 共 28 条RSS, 成功抓取 25 条.
[2025-09-12 16:22:38] ✘ 有 3 条订阅解析失败:
[2025-09-12 16:22:38] - https://tcxx.info/feed
[2025-09-12 16:22:38] - https://tumutanzi.com/feed
[2025-09-12 16:22:38] - https://geekinney.com/index.xml
[2025-09-12 16:22:38] ✘ 有 3 条订阅头像无法访问, 已使用默认头像:
[2025-09-12 16:22:38] - https://hwv430.blogspot.com/feeds/posts/default
[2025-09-12 16:22:38] - http://feeds.feedburner.com/ruanyifeng
[2025-09-12 16:22:38] - https://www.loyhome.com/feed
[2025-09-12 17:17:29] 本次订阅抓取结果统计:
[2025-09-12 17:17:29] 共 28 条RSS, 成功抓取 25 条.
[2025-09-12 17:17:29] ✘ 有 3 条订阅解析失败:
[2025-09-12 17:17:29] - https://tumutanzi.com/feed
[2025-09-12 17:17:29] - https://tcxx.info/feed
[2025-09-12 17:17:29] - https://geekinney.com/index.xml
[2025-09-12 17:17:29] ✘ 有 2 条订阅头像无法访问, 已使用默认头像:
[2025-09-12 17:17:29] - http://feeds.feedburner.com/ruanyifeng
[2025-09-12 17:17:29] - https://www.loyhome.com/feed
[2025-09-12 18:26:16] 本次订阅抓取结果统计:
[2025-09-12 18:26:16] 共 28 条RSS, 成功抓取 25 条.
[2025-09-12 18:26:16] ✘ 有 3 条订阅解析失败:
[2025-09-12 18:26:16] - https://tcxx.info/feed
[2025-09-12 18:26:16] - https://tumutanzi.com/feed
[2025-09-12 18:26:16] - https://geekinney.com/index.xml
[2025-09-12 18:26:16] ✘ 有 3 条订阅头像无法访问, 已使用默认头像:
[2025-09-12 18:26:16] - https://hwv430.blogspot.com/feeds/posts/default
[2025-09-12 18:26:16] - http://feeds.feedburner.com/ruanyifeng
[2025-09-12 18:26:16] - https://www.loyhome.com/feed
[2025-09-12 19:16:13] 本次订阅抓取结果统计:
[2025-09-12 19:16:13] 共 28 条RSS, 成功抓取 25 条.
[2025-09-12 19:16:13] ✘ 有 3 条订阅解析失败:
[2025-09-12 19:16:13] - https://tumutanzi.com/feed
[2025-09-12 19:16:13] - https://tcxx.info/feed
[2025-09-12 19:16:13] - https://geekinney.com/index.xml
[2025-09-12 19:16:13] ✘ 有 2 条订阅头像无法访问, 已使用默认头像:
[2025-09-12 19:16:13] - http://feeds.feedburner.com/ruanyifeng
[2025-09-12 19:16:13] - https://www.loyhome.com/feed
