[2025-09-06 01:37:31] 本次订阅抓取结果统计:
[2025-09-06 01:37:31] 共 28 条RSS, 成功抓取 24 条.
[2025-09-06 01:37:31] ✘ 有 4 条订阅解析失败:
[2025-09-06 01:37:31] - https://stephenleng.com/cn/rss
[2025-09-06 01:37:31] - https://tumutanzi.com/feed
[2025-09-06 01:37:31] - https://tcxx.info/feed
[2025-09-06 01:37:31] - https://geekinney.com/index.xml
[2025-09-06 01:37:31] ✘ 有 4 条订阅头像无法访问, 已使用默认头像:
[2025-09-06 01:37:31] - https://hwv430.blogspot.com/feeds/posts/default
[2025-09-06 01:37:31] - http://feeds.feedburner.com/ruanyifeng
[2025-09-06 01:37:31] - https://www.loyhome.com/feed
[2025-09-06 01:37:31] - https://www.shephe.com/feed
[2025-09-06 02:55:18] 本次订阅抓取结果统计:
[2025-09-06 02:55:18] 共 28 条RSS, 成功抓取 24 条.
[2025-09-06 02:55:18] ✘ 有 4 条订阅解析失败:
[2025-09-06 02:55:18] - https://stephenleng.com/cn/rss
[2025-09-06 02:55:18] - https://tumutanzi.com/feed
[2025-09-06 02:55:18] - https://tcxx.info/feed
[2025-09-06 02:55:18] - https://geekinney.com/index.xml
[2025-09-06 02:55:18] ✘ 有 3 条订阅头像无法访问, 已使用默认头像:
[2025-09-06 02:55:18] - https://www.shephe.com/feed
[2025-09-06 02:55:18] - http://feeds.feedburner.com/ruanyifeng
[2025-09-06 02:55:18] - https://www.loyhome.com/feed
[2025-09-06 03:28:30] 本次订阅抓取结果统计:
[2025-09-06 03:28:30] 共 28 条RSS, 成功抓取 24 条.
[2025-09-06 03:28:30] ✘ 有 4 条订阅解析失败:
[2025-09-06 03:28:30] - https://stephenleng.com/cn/rss
[2025-09-06 03:28:30] - https://tcxx.info/feed
[2025-09-06 03:28:30] - https://tumutanzi.com/feed
[2025-09-06 03:28:30] - https://geekinney.com/index.xml
[2025-09-06 03:28:30] ✘ 有 3 条订阅头像无法访问, 已使用默认头像:
[2025-09-06 03:28:30] - https://www.loyhome.com/feed
[2025-09-06 03:28:30] - http://feeds.feedburner.com/ruanyifeng
[2025-09-06 03:28:30] - https://www.shephe.com/feed
[2025-09-06 04:24:18] 本次订阅抓取结果统计:
[2025-09-06 04:24:18] 共 28 条RSS, 成功抓取 24 条.
[2025-09-06 04:24:18] ✘ 有 4 条订阅解析失败:
[2025-09-06 04:24:18] - https://stephenleng.com/cn/rss
[2025-09-06 04:24:18] - https://tcxx.info/feed
[2025-09-06 04:24:18] - https://tumutanzi.com/feed
[2025-09-06 04:24:18] - https://geekinney.com/index.xml
[2025-09-06 04:24:18] ✘ 有 4 条订阅头像无法访问, 已使用默认头像:
[2025-09-06 04:24:18] - https://hwv430.blogspot.com/feeds/posts/default
[2025-09-06 04:24:18] - https://www.loyhome.com/feed
[2025-09-06 04:24:18] - http://feeds.feedburner.com/ruanyifeng
[2025-09-06 04:24:18] - https://www.shephe.com/feed
[2025-09-06 05:18:46] 本次订阅抓取结果统计:
[2025-09-06 05:18:46] 共 28 条RSS, 成功抓取 25 条.
[2025-09-06 05:18:46] ✘ 有 3 条订阅解析失败:
[2025-09-06 05:18:46] - https://tcxx.info/feed
[2025-09-06 05:18:46] - https://tumutanzi.com/feed
[2025-09-06 05:18:46] - https://geekinney.com/index.xml
[2025-09-06 05:18:46] ✘ 有 4 条订阅头像无法访问, 已使用默认头像:
[2025-09-06 05:18:46] - https://hwv430.blogspot.com/feeds/posts/default
[2025-09-06 05:18:46] - https://www.loyhome.com/feed
[2025-09-06 05:18:46] - http://feeds.feedburner.com/ruanyifeng
[2025-09-06 05:18:46] - https://www.shephe.com/feed
[2025-09-06 06:28:11] 本次订阅抓取结果统计:
[2025-09-06 06:28:11] 共 28 条RSS, 成功抓取 25 条.
[2025-09-06 06:28:11] ✘ 有 3 条订阅解析失败:
[2025-09-06 06:28:11] - https://tcxx.info/feed
[2025-09-06 06:28:11] - https://tumutanzi.com/feed
[2025-09-06 06:28:11] - https://geekinney.com/index.xml
[2025-09-06 06:28:11] ✘ 有 4 条订阅头像无法访问, 已使用默认头像:
[2025-09-06 06:28:11] - https://hwv430.blogspot.com/feeds/posts/default
[2025-09-06 06:28:11] - http://feeds.feedburner.com/ruanyifeng
[2025-09-06 06:28:11] - https://www.loyhome.com/feed
[2025-09-06 06:28:11] - https://www.shephe.com/feed
[2025-09-06 07:17:27] 本次订阅抓取结果统计:
[2025-09-06 07:17:27] 共 28 条RSS, 成功抓取 25 条.
[2025-09-06 07:17:27] ✘ 有 3 条订阅解析失败:
[2025-09-06 07:17:27] - https://tcxx.info/feed
[2025-09-06 07:17:27] - https://tumutanzi.com/feed
[2025-09-06 07:17:27] - https://geekinney.com/index.xml
[2025-09-06 07:17:27] ✘ 有 4 条订阅头像无法访问, 已使用默认头像:
[2025-09-06 07:17:27] - https://hwv430.blogspot.com/feeds/posts/default
[2025-09-06 07:17:27] - http://feeds.feedburner.com/ruanyifeng
[2025-09-06 07:17:27] - https://www.loyhome.com/feed
[2025-09-06 07:17:27] - https://www.shephe.com/feed
[2025-09-06 08:23:39] 本次订阅抓取结果统计:
[2025-09-06 08:23:39] 共 28 条RSS, 成功抓取 25 条.
[2025-09-06 08:23:39] ✘ 有 3 条订阅解析失败:
[2025-09-06 08:23:39] - https://tumutanzi.com/feed
[2025-09-06 08:23:39] - https://tcxx.info/feed
[2025-09-06 08:23:39] - https://geekinney.com/index.xml
[2025-09-06 08:23:39] ✘ 有 5 条订阅头像无法访问, 已使用默认头像:
[2025-09-06 08:23:39] - https://hwv430.blogspot.com/feeds/posts/default
[2025-09-06 08:23:39] - http://feeds.feedburner.com/ruanyifeng
[2025-09-06 08:23:39] - https://www.loyhome.com/feed
[2025-09-06 08:23:39] - https://www.shephe.com/feed
[2025-09-06 08:23:39] - https://xyzbz.cn/feed
[2025-09-06 09:18:28] 本次订阅抓取结果统计:
[2025-09-06 09:18:28] 共 28 条RSS, 成功抓取 25 条.
[2025-09-06 09:18:28] ✘ 有 3 条订阅解析失败:
[2025-09-06 09:18:28] - https://tumutanzi.com/feed
[2025-09-06 09:18:28] - https://tcxx.info/feed
[2025-09-06 09:18:28] - https://geekinney.com/index.xml
[2025-09-06 09:18:28] ✘ 有 3 条订阅头像无法访问, 已使用默认头像:
[2025-09-06 09:18:28] - http://feeds.feedburner.com/ruanyifeng
[2025-09-06 09:18:28] - https://www.loyhome.com/feed
[2025-09-06 09:18:28] - https://www.shephe.com/feed
[2025-09-06 10:19:15] 本次订阅抓取结果统计:
[2025-09-06 10:19:15] 共 28 条RSS, 成功抓取 25 条.
[2025-09-06 10:19:15] ✘ 有 3 条订阅解析失败:
[2025-09-06 10:19:15] - https://tumutanzi.com/feed
[2025-09-06 10:19:15] - https://tcxx.info/feed
[2025-09-06 10:19:15] - https://geekinney.com/index.xml
[2025-09-06 10:19:15] ✘ 有 3 条订阅头像无法访问, 已使用默认头像:
[2025-09-06 10:19:15] - https://hwv430.blogspot.com/feeds/posts/default
[2025-09-06 10:19:15] - http://feeds.feedburner.com/ruanyifeng
[2025-09-06 10:19:15] - https://www.loyhome.com/feed
[2025-09-06 11:15:02] 本次订阅抓取结果统计:
[2025-09-06 11:15:02] 共 28 条RSS, 成功抓取 25 条.
[2025-09-06 11:15:02] ✘ 有 3 条订阅解析失败:
[2025-09-06 11:15:02] - https://tumutanzi.com/feed
[2025-09-06 11:15:02] - https://tcxx.info/feed
[2025-09-06 11:15:02] - https://geekinney.com/index.xml
[2025-09-06 11:15:02] ✘ 有 3 条订阅头像无法访问, 已使用默认头像:
[2025-09-06 11:15:02] - https://hwv430.blogspot.com/feeds/posts/default
[2025-09-06 11:15:02] - http://feeds.feedburner.com/ruanyifeng
[2025-09-06 11:15:02] - https://www.loyhome.com/feed
[2025-09-06 12:37:35] 本次订阅抓取结果统计:
[2025-09-06 12:37:35] 共 28 条RSS, 成功抓取 25 条.
[2025-09-06 12:37:35] ✘ 有 3 条订阅解析失败:
[2025-09-06 12:37:35] - https://tumutanzi.com/feed
[2025-09-06 12:37:35] - https://tcxx.info/feed
[2025-09-06 12:37:35] - https://geekinney.com/index.xml
[2025-09-06 12:37:35] ✘ 有 3 条订阅头像无法访问, 已使用默认头像:
[2025-09-06 12:37:35] - https://hwv430.blogspot.com/feeds/posts/default
[2025-09-06 12:37:35] - http://feeds.feedburner.com/ruanyifeng
[2025-09-06 12:37:35] - https://www.loyhome.com/feed
[2025-09-06 13:21:26] 本次订阅抓取结果统计:
[2025-09-06 13:21:26] 共 28 条RSS, 成功抓取 25 条.
[2025-09-06 13:21:26] ✘ 有 3 条订阅解析失败:
[2025-09-06 13:21:26] - https://tumutanzi.com/feed
[2025-09-06 13:21:26] - https://tcxx.info/feed
[2025-09-06 13:21:26] - https://geekinney.com/index.xml
[2025-09-06 13:21:26] ✘ 有 3 条订阅头像无法访问, 已使用默认头像:
[2025-09-06 13:21:26] - https://hwv430.blogspot.com/feeds/posts/default
[2025-09-06 13:21:26] - http://feeds.feedburner.com/ruanyifeng
[2025-09-06 13:21:26] - https://www.loyhome.com/feed
[2025-09-06 14:17:15] 本次订阅抓取结果统计:
[2025-09-06 14:17:15] 共 28 条RSS, 成功抓取 25 条.
[2025-09-06 14:17:15] ✘ 有 3 条订阅解析失败:
[2025-09-06 14:17:15] - https://tcxx.info/feed
[2025-09-06 14:17:15] - https://tumutanzi.com/feed
[2025-09-06 14:17:15] - https://geekinney.com/index.xml
[2025-09-06 14:17:15] ✘ 有 2 条订阅头像无法访问, 已使用默认头像:
[2025-09-06 14:17:15] - http://feeds.feedburner.com/ruanyifeng
[2025-09-06 14:17:15] - https://www.loyhome.com/feed
[2025-09-06 15:18:07] 本次订阅抓取结果统计:
[2025-09-06 15:18:07] 共 28 条RSS, 成功抓取 25 条.
[2025-09-06 15:18:07] ✘ 有 3 条订阅解析失败:
[2025-09-06 15:18:07] - https://tumutanzi.com/feed
[2025-09-06 15:18:07] - https://tcxx.info/feed
[2025-09-06 15:18:07] - https://geekinney.com/index.xml
[2025-09-06 15:18:07] ✘ 有 2 条订阅头像无法访问, 已使用默认头像:
[2025-09-06 15:18:07] - http://feeds.feedburner.com/ruanyifeng
[2025-09-06 15:18:07] - https://www.loyhome.com/feed
[2025-09-06 16:23:26] 本次订阅抓取结果统计:
[2025-09-06 16:23:26] 共 28 条RSS, 成功抓取 24 条.
[2025-09-06 16:23:26] ✘ 有 4 条订阅解析失败:
[2025-09-06 16:23:26] - https://tcxx.info/feed
[2025-09-06 16:23:26] - https://tumutanzi.com/feed
[2025-09-06 16:23:26] - https://geekinney.com/index.xml
[2025-09-06 16:23:26] - https://blog.zhheo.com/rss.xml
[2025-09-06 16:23:26] ✘ 有 3 条订阅头像无法访问, 已使用默认头像:
[2025-09-06 16:23:26] - https://hwv430.blogspot.com/feeds/posts/default
[2025-09-06 16:23:26] - https://www.loyhome.com/feed
[2025-09-06 16:23:26] - http://feeds.feedburner.com/ruanyifeng
[2025-09-06 17:16:13] 本次订阅抓取结果统计:
[2025-09-06 17:16:13] 共 28 条RSS, 成功抓取 25 条.
[2025-09-06 17:16:13] ✘ 有 3 条订阅解析失败:
[2025-09-06 17:16:13] - https://tumutanzi.com/feed
[2025-09-06 17:16:13] - https://tcxx.info/feed
[2025-09-06 17:16:13] - https://geekinney.com/index.xml
[2025-09-06 17:16:13] ✘ 有 3 条订阅头像无法访问, 已使用默认头像:
[2025-09-06 17:16:13] - https://hwv430.blogspot.com/feeds/posts/default
[2025-09-06 17:16:13] - http://feeds.feedburner.com/ruanyifeng
[2025-09-06 17:16:13] - https://www.loyhome.com/feed
[2025-09-06 18:26:11] 本次订阅抓取结果统计:
[2025-09-06 18:26:11] 共 28 条RSS, 成功抓取 25 条.
[2025-09-06 18:26:11] ✘ 有 3 条订阅解析失败:
[2025-09-06 18:26:11] - https://tumutanzi.com/feed
[2025-09-06 18:26:11] - https://tcxx.info/feed
[2025-09-06 18:26:11] - https://geekinney.com/index.xml
[2025-09-06 18:26:11] ✘ 有 3 条订阅头像无法访问, 已使用默认头像:
[2025-09-06 18:26:11] - https://hwv430.blogspot.com/feeds/posts/default
[2025-09-06 18:26:11] - http://feeds.feedburner.com/ruanyifeng
[2025-09-06 18:26:11] - https://www.loyhome.com/feed
[2025-09-06 19:14:44] 本次订阅抓取结果统计:
[2025-09-06 19:14:44] 共 28 条RSS, 成功抓取 25 条.
[2025-09-06 19:14:44] ✘ 有 3 条订阅解析失败:
[2025-09-06 19:14:44] - https://tumutanzi.com/feed
[2025-09-06 19:14:44] - https://tcxx.info/feed
[2025-09-06 19:14:44] - https://geekinney.com/index.xml
[2025-09-06 19:14:44] ✘ 有 2 条订阅头像无法访问, 已使用默认头像:
[2025-09-06 19:14:44] - http://feeds.feedburner.com/ruanyifeng
[2025-09-06 19:14:44] - https://www.loyhome.com/feed
[2025-09-06 20:20:21] 本次订阅抓取结果统计:
[2025-09-06 20:20:21] 共 28 条RSS, 成功抓取 25 条.
[2025-09-06 20:20:21] ✘ 有 3 条订阅解析失败:
[2025-09-06 20:20:21] - https://tcxx.info/feed
[2025-09-06 20:20:21] - https://tumutanzi.com/feed
[2025-09-06 20:20:21] - https://geekinney.com/index.xml
[2025-09-06 20:20:21] ✘ 有 3 条订阅头像无法访问, 已使用默认头像:
[2025-09-06 20:20:21] - https://hwv430.blogspot.com/feeds/posts/default
[2025-09-06 20:20:21] - http://feeds.feedburner.com/ruanyifeng
[2025-09-06 20:20:21] - https://www.loyhome.com/feed
[2025-09-06 21:17:04] 本次订阅抓取结果统计:
[2025-09-06 21:17:04] 共 28 条RSS, 成功抓取 25 条.
[2025-09-06 21:17:04] ✘ 有 3 条订阅解析失败:
[2025-09-06 21:17:04] - https://tcxx.info/feed
[2025-09-06 21:17:04] - https://tumutanzi.com/feed
[2025-09-06 21:17:04] - https://geekinney.com/index.xml
[2025-09-06 21:17:04] ✘ 有 3 条订阅头像无法访问, 已使用默认头像:
[2025-09-06 21:17:04] - https://hwv430.blogspot.com/feeds/posts/default
[2025-09-06 21:17:04] - http://feeds.feedburner.com/ruanyifeng
[2025-09-06 21:17:04] - https://www.loyhome.com/feed
[2025-09-06 22:18:15] 本次订阅抓取结果统计:
[2025-09-06 22:18:15] 共 28 条RSS, 成功抓取 25 条.
[2025-09-06 22:18:15] ✘ 有 3 条订阅解析失败:
[2025-09-06 22:18:15] - https://tcxx.info/feed
[2025-09-06 22:18:15] - https://tumutanzi.com/feed
[2025-09-06 22:18:15] - https://geekinney.com/index.xml
[2025-09-06 22:18:15] ✘ 有 3 条订阅头像无法访问, 已使用默认头像:
[2025-09-06 22:18:15] - https://hwv430.blogspot.com/feeds/posts/default
[2025-09-06 22:18:15] - http://feeds.feedburner.com/ruanyifeng
[2025-09-06 22:18:15] - https://www.loyhome.com/feed
[2025-09-06 23:17:44] 本次订阅抓取结果统计:
[2025-09-06 23:17:44] 共 28 条RSS, 成功抓取 25 条.
[2025-09-06 23:17:44] ✘ 有 3 条订阅解析失败:
[2025-09-06 23:17:44] - https://tcxx.info/feed
[2025-09-06 23:17:44] - https://tumutanzi.com/feed
[2025-09-06 23:17:44] - https://geekinney.com/index.xml
[2025-09-06 23:17:44] ✘ 有 3 条订阅头像无法访问, 已使用默认头像:
[2025-09-06 23:17:44] - https://hwv430.blogspot.com/feeds/posts/default
[2025-09-06 23:17:44] - http://feeds.feedburner.com/ruanyifeng
[2025-09-06 23:17:44] - https://www.loyhome.com/feed
