[2025-04-03 03:08:32] 本次订阅抓取结果统计:
[2025-04-03 03:08:32] 共 28 条RSS, 成功抓取 27 条.
[2025-04-03 03:08:32] ✘ 有 1 条订阅解析失败:
[2025-04-03 03:08:32] - https://geekinney.com/index.xml
[2025-04-03 03:08:32] ✘ 有 2 条订阅头像无法访问, 已使用默认头像:
[2025-04-03 03:08:32] - https://www.loyhome.com/feed
[2025-04-03 03:08:32] - http://feeds.feedburner.com/ruanyifeng
[2025-04-03 04:43:33] 本次订阅抓取结果统计:
[2025-04-03 04:43:33] 共 28 条RSS, 成功抓取 27 条.
[2025-04-03 04:43:33] ✘ 有 1 条订阅解析失败:
[2025-04-03 04:43:33] - https://geekinney.com/index.xml
[2025-04-03 04:43:33] ✘ 有 3 条订阅头像无法访问, 已使用默认头像:
[2025-04-03 04:43:33] - http://feeds.feedburner.com/ruanyifeng
[2025-04-03 04:43:33] - https://www.loyhome.com/feed
[2025-04-03 04:43:33] - https://tcxx.info/feed
[2025-04-03 05:37:49] 本次订阅抓取结果统计:
[2025-04-03 05:37:49] 共 28 条RSS, 成功抓取 27 条.
[2025-04-03 05:37:49] ✘ 有 1 条订阅解析失败:
[2025-04-03 05:37:49] - https://geekinney.com/index.xml
[2025-04-03 05:37:49] ✘ 有 2 条订阅头像无法访问, 已使用默认头像:
[2025-04-03 05:37:49] - http://feeds.feedburner.com/ruanyifeng
[2025-04-03 05:37:49] - https://www.loyhome.com/feed
[2025-04-03 06:49:12] 本次订阅抓取结果统计:
[2025-04-03 06:49:12] 共 28 条RSS, 成功抓取 27 条.
[2025-04-03 06:49:12] ✘ 有 1 条订阅解析失败:
[2025-04-03 06:49:12] - https://geekinney.com/index.xml
[2025-04-03 06:49:12] ✘ 有 3 条订阅头像无法访问, 已使用默认头像:
[2025-04-03 06:49:12] - http://feeds.feedburner.com/ruanyifeng
[2025-04-03 06:49:12] - https://tcxx.info/feed
[2025-04-03 06:49:12] - https://www.loyhome.com/feed
[2025-04-03 07:30:59] 本次订阅抓取结果统计:
[2025-04-03 07:30:59] 共 28 条RSS, 成功抓取 27 条.
[2025-04-03 07:30:59] ✘ 有 1 条订阅解析失败:
[2025-04-03 07:30:59] - https://geekinney.com/index.xml
[2025-04-03 07:30:59] ✘ 有 2 条订阅头像无法访问, 已使用默认头像:
[2025-04-03 07:30:59] - http://feeds.feedburner.com/ruanyifeng
[2025-04-03 07:30:59] - https://www.loyhome.com/feed
[2025-04-03 08:46:35] 本次订阅抓取结果统计:
[2025-04-03 08:46:35] 共 28 条RSS, 成功抓取 27 条.
[2025-04-03 08:46:35] ✘ 有 1 条订阅解析失败:
[2025-04-03 08:46:35] - https://geekinney.com/index.xml
[2025-04-03 08:46:35] ✘ 有 3 条订阅头像无法访问, 已使用默认头像:
[2025-04-03 08:46:35] - http://feeds.feedburner.com/ruanyifeng
[2025-04-03 08:46:35] - https://www.loyhome.com/feed
[2025-04-03 08:46:35] - https://tcxx.info/feed
[2025-04-03 09:36:06] 本次订阅抓取结果统计:
[2025-04-03 09:36:06] 共 28 条RSS, 成功抓取 27 条.
[2025-04-03 09:36:06] ✘ 有 1 条订阅解析失败:
[2025-04-03 09:36:06] - https://geekinney.com/index.xml
[2025-04-03 09:36:06] ✘ 有 2 条订阅头像无法访问, 已使用默认头像:
[2025-04-03 09:36:06] - http://feeds.feedburner.com/ruanyifeng
[2025-04-03 09:36:06] - https://www.loyhome.com/feed
[2025-04-03 10:41:59] 本次订阅抓取结果统计:
[2025-04-03 10:41:59] 共 28 条RSS, 成功抓取 27 条.
[2025-04-03 10:41:59] ✘ 有 1 条订阅解析失败:
[2025-04-03 10:41:59] - https://geekinney.com/index.xml
[2025-04-03 10:41:59] ✘ 有 2 条订阅头像无法访问, 已使用默认头像:
[2025-04-03 10:41:59] - http://feeds.feedburner.com/ruanyifeng
[2025-04-03 10:41:59] - https://www.loyhome.com/feed
[2025-04-03 11:29:19] 本次订阅抓取结果统计:
[2025-04-03 11:29:19] 共 28 条RSS, 成功抓取 27 条.
[2025-04-03 11:29:19] ✘ 有 1 条订阅解析失败:
[2025-04-03 11:29:19] - https://geekinney.com/index.xml
[2025-04-03 11:29:19] ✘ 有 2 条订阅头像无法访问, 已使用默认头像:
[2025-04-03 11:29:19] - http://feeds.feedburner.com/ruanyifeng
[2025-04-03 11:29:19] - https://www.loyhome.com/feed
[2025-04-03 13:34:07] 本次订阅抓取结果统计:
[2025-04-03 13:34:07] 共 28 条RSS, 成功抓取 26 条.
[2025-04-03 13:34:07] ✘ 有 2 条订阅解析失败:
[2025-04-03 13:34:07] - https://tcxx.info/feed
[2025-04-03 13:34:07] - https://geekinney.com/index.xml
[2025-04-03 13:34:07] ✘ 有 2 条订阅头像无法访问, 已使用默认头像:
[2025-04-03 13:34:07] - http://feeds.feedburner.com/ruanyifeng
[2025-04-03 13:34:07] - https://www.loyhome.com/feed
[2025-04-03 14:40:06] 本次订阅抓取结果统计:
[2025-04-03 14:40:06] 共 28 条RSS, 成功抓取 27 条.
[2025-04-03 14:40:06] ✘ 有 1 条订阅解析失败:
[2025-04-03 14:40:06] - https://geekinney.com/index.xml
[2025-04-03 14:40:06] ✘ 有 2 条订阅头像无法访问, 已使用默认头像:
[2025-04-03 14:40:06] - http://feeds.feedburner.com/ruanyifeng
[2025-04-03 14:40:06] - https://www.loyhome.com/feed
[2025-04-03 15:34:04] 本次订阅抓取结果统计:
[2025-04-03 15:34:04] 共 28 条RSS, 成功抓取 27 条.
[2025-04-03 15:34:04] ✘ 有 1 条订阅解析失败:
[2025-04-03 15:34:04] - https://geekinney.com/index.xml
[2025-04-03 15:34:04] ✘ 有 2 条订阅头像无法访问, 已使用默认头像:
[2025-04-03 15:34:04] - http://feeds.feedburner.com/ruanyifeng
[2025-04-03 15:34:04] - https://www.loyhome.com/feed
[2025-04-03 16:47:58] 本次订阅抓取结果统计:
[2025-04-03 16:47:58] 共 28 条RSS, 成功抓取 27 条.
[2025-04-03 16:47:58] ✘ 有 1 条订阅解析失败:
[2025-04-03 16:47:58] - https://geekinney.com/index.xml
[2025-04-03 16:47:58] ✘ 有 3 条订阅头像无法访问, 已使用默认头像:
[2025-04-03 16:47:58] - https://tcxx.info/feed
[2025-04-03 16:47:58] - http://feeds.feedburner.com/ruanyifeng
[2025-04-03 16:47:58] - https://www.loyhome.com/feed
[2025-04-03 17:33:42] 本次订阅抓取结果统计:
[2025-04-03 17:33:42] 共 28 条RSS, 成功抓取 27 条.
[2025-04-03 17:33:42] ✘ 有 1 条订阅解析失败:
[2025-04-03 17:33:42] - https://geekinney.com/index.xml
[2025-04-03 17:33:42] ✘ 有 2 条订阅头像无法访问, 已使用默认头像:
[2025-04-03 17:33:42] - https://www.loyhome.com/feed
[2025-04-03 17:33:42] - http://feeds.feedburner.com/ruanyifeng
[2025-04-03 18:47:52] 本次订阅抓取结果统计:
[2025-04-03 18:47:52] 共 28 条RSS, 成功抓取 27 条.
[2025-04-03 18:47:52] ✘ 有 1 条订阅解析失败:
[2025-04-03 18:47:52] - https://geekinney.com/index.xml
[2025-04-03 18:47:52] ✘ 有 2 条订阅头像无法访问, 已使用默认头像:
[2025-04-03 18:47:52] - http://feeds.feedburner.com/ruanyifeng
[2025-04-03 18:47:52] - https://www.loyhome.com/feed
[2025-04-03 19:24:31] 本次订阅抓取结果统计:
[2025-04-03 19:24:31] 共 28 条RSS, 成功抓取 27 条.
[2025-04-03 19:24:31] ✘ 有 1 条订阅解析失败:
[2025-04-03 19:24:31] - https://geekinney.com/index.xml
[2025-04-03 19:24:31] ✘ 有 2 条订阅头像无法访问, 已使用默认头像:
[2025-04-03 19:24:31] - http://feeds.feedburner.com/ruanyifeng
[2025-04-03 19:24:31] - https://www.loyhome.com/feed
[2025-04-03 20:35:36] 本次订阅抓取结果统计:
[2025-04-03 20:35:36] 共 28 条RSS, 成功抓取 27 条.
[2025-04-03 20:35:36] ✘ 有 1 条订阅解析失败:
[2025-04-03 20:35:36] - https://geekinney.com/index.xml
[2025-04-03 20:35:36] ✘ 有 2 条订阅头像无法访问, 已使用默认头像:
[2025-04-03 20:35:36] - http://feeds.feedburner.com/ruanyifeng
[2025-04-03 20:35:36] - https://www.loyhome.com/feed
[2025-04-03 21:29:49] 本次订阅抓取结果统计:
[2025-04-03 21:29:49] 共 28 条RSS, 成功抓取 27 条.
[2025-04-03 21:29:49] ✘ 有 1 条订阅解析失败:
[2025-04-03 21:29:49] - https://geekinney.com/index.xml
[2025-04-03 21:29:49] ✘ 有 2 条订阅头像无法访问, 已使用默认头像:
[2025-04-03 21:29:49] - http://feeds.feedburner.com/ruanyifeng
[2025-04-03 21:29:49] - https://www.loyhome.com/feed
[2025-04-03 22:36:41] 本次订阅抓取结果统计:
[2025-04-03 22:36:41] 共 28 条RSS, 成功抓取 26 条.
[2025-04-03 22:36:41] ✘ 有 2 条订阅解析失败:
[2025-04-03 22:36:41] - https://tcxx.info/feed
[2025-04-03 22:36:41] - https://geekinney.com/index.xml
[2025-04-03 22:36:41] ✘ 有 2 条订阅头像无法访问, 已使用默认头像:
[2025-04-03 22:36:41] - http://feeds.feedburner.com/ruanyifeng
[2025-04-03 22:36:41] - https://www.loyhome.com/feed
