[2025-11-07 01:47:23] 本次订阅抓取结果统计:
[2025-11-07 01:47:23] 共 28 条RSS, 成功抓取 25 条.
[2025-11-07 01:47:23] ✘ 有 3 条订阅解析失败:
[2025-11-07 01:47:23] - https://tumutanzi.com/feed
[2025-11-07 01:47:23] - https://tcxx.info/feed
[2025-11-07 01:47:23] - https://geekinney.com/index.xml
[2025-11-07 01:47:23] ✘ 有 2 条订阅头像无法访问, 已使用默认头像:
[2025-11-07 01:47:23] - http://feeds.feedburner.com/ruanyifeng
[2025-11-07 01:47:23] - https://www.loyhome.com/feed
[2025-11-07 03:13:02] 本次订阅抓取结果统计:
[2025-11-07 03:13:02] 共 28 条RSS, 成功抓取 25 条.
[2025-11-07 03:13:02] ✘ 有 3 条订阅解析失败:
[2025-11-07 03:13:02] - https://tcxx.info/feed
[2025-11-07 03:13:02] - https://tumutanzi.com/feed
[2025-11-07 03:13:02] - https://geekinney.com/index.xml
[2025-11-07 03:13:02] ✘ 有 2 条订阅头像无法访问, 已使用默认头像:
[2025-11-07 03:13:02] - http://feeds.feedburner.com/ruanyifeng
[2025-11-07 03:13:02] - https://www.loyhome.com/feed
[2025-11-07 04:26:21] 本次订阅抓取结果统计:
[2025-11-07 04:26:21] 共 28 条RSS, 成功抓取 25 条.
[2025-11-07 04:26:21] ✘ 有 3 条订阅解析失败:
[2025-11-07 04:26:21] - https://tcxx.info/feed
[2025-11-07 04:26:21] - https://tumutanzi.com/feed
[2025-11-07 04:26:21] - https://geekinney.com/index.xml
[2025-11-07 04:26:21] ✘ 有 2 条订阅头像无法访问, 已使用默认头像:
[2025-11-07 04:26:21] - http://feeds.feedburner.com/ruanyifeng
[2025-11-07 04:26:21] - https://www.loyhome.com/feed
[2025-11-07 05:22:11] 本次订阅抓取结果统计:
[2025-11-07 05:22:11] 共 28 条RSS, 成功抓取 25 条.
[2025-11-07 05:22:11] ✘ 有 3 条订阅解析失败:
[2025-11-07 05:22:11] - https://tumutanzi.com/feed
[2025-11-07 05:22:11] - https://tcxx.info/feed
[2025-11-07 05:22:11] - https://geekinney.com/index.xml
[2025-11-07 05:22:11] ✘ 有 2 条订阅头像无法访问, 已使用默认头像:
[2025-11-07 05:22:11] - http://feeds.feedburner.com/ruanyifeng
[2025-11-07 05:22:11] - https://www.loyhome.com/feed
[2025-11-07 06:34:18] 本次订阅抓取结果统计:
[2025-11-07 06:34:18] 共 28 条RSS, 成功抓取 25 条.
[2025-11-07 06:34:18] ✘ 有 3 条订阅解析失败:
[2025-11-07 06:34:18] - https://tcxx.info/feed
[2025-11-07 06:34:18] - https://tumutanzi.com/feed
[2025-11-07 06:34:18] - https://geekinney.com/index.xml
[2025-11-07 06:34:18] ✘ 有 2 条订阅头像无法访问, 已使用默认头像:
[2025-11-07 06:34:18] - http://feeds.feedburner.com/ruanyifeng
[2025-11-07 06:34:18] - https://www.loyhome.com/feed
[2025-11-07 07:21:54] 本次订阅抓取结果统计:
[2025-11-07 07:21:54] 共 28 条RSS, 成功抓取 25 条.
[2025-11-07 07:21:54] ✘ 有 3 条订阅解析失败:
[2025-11-07 07:21:54] - https://tumutanzi.com/feed
[2025-11-07 07:21:54] - https://tcxx.info/feed
[2025-11-07 07:21:54] - https://geekinney.com/index.xml
[2025-11-07 07:21:54] ✘ 有 2 条订阅头像无法访问, 已使用默认头像:
[2025-11-07 07:21:54] - http://feeds.feedburner.com/ruanyifeng
[2025-11-07 07:21:54] - https://www.loyhome.com/feed
[2025-11-07 08:30:44] 本次订阅抓取结果统计:
[2025-11-07 08:30:44] 共 28 条RSS, 成功抓取 25 条.
[2025-11-07 08:30:44] ✘ 有 3 条订阅解析失败:
[2025-11-07 08:30:44] - https://tcxx.info/feed
[2025-11-07 08:30:44] - https://tumutanzi.com/feed
[2025-11-07 08:30:44] - https://geekinney.com/index.xml
[2025-11-07 08:30:44] ✘ 有 2 条订阅头像无法访问, 已使用默认头像:
[2025-11-07 08:30:44] - http://feeds.feedburner.com/ruanyifeng
[2025-11-07 08:30:44] - https://www.loyhome.com/feed
[2025-11-07 09:23:44] 本次订阅抓取结果统计:
[2025-11-07 09:23:44] 共 28 条RSS, 成功抓取 25 条.
[2025-11-07 09:23:44] ✘ 有 3 条订阅解析失败:
[2025-11-07 09:23:44] - https://tcxx.info/feed
[2025-11-07 09:23:44] - https://tumutanzi.com/feed
[2025-11-07 09:23:44] - https://geekinney.com/index.xml
[2025-11-07 09:23:44] ✘ 有 2 条订阅头像无法访问, 已使用默认头像:
[2025-11-07 09:23:44] - http://feeds.feedburner.com/ruanyifeng
[2025-11-07 09:23:44] - https://www.loyhome.com/feed
[2025-11-07 10:25:01] 本次订阅抓取结果统计:
[2025-11-07 10:25:01] 共 28 条RSS, 成功抓取 25 条.
[2025-11-07 10:25:01] ✘ 有 3 条订阅解析失败:
[2025-11-07 10:25:01] - https://tumutanzi.com/feed
[2025-11-07 10:25:01] - https://tcxx.info/feed
[2025-11-07 10:25:01] - https://geekinney.com/index.xml
[2025-11-07 10:25:01] ✘ 有 3 条订阅头像无法访问, 已使用默认头像:
[2025-11-07 10:25:01] - http://feeds.feedburner.com/ruanyifeng
[2025-11-07 10:25:01] - https://www.loyhome.com/feed
[2025-11-07 10:25:01] - https://xyzbz.cn/feed
[2025-11-07 11:19:01] 本次订阅抓取结果统计:
[2025-11-07 11:19:01] 共 28 条RSS, 成功抓取 25 条.
[2025-11-07 11:19:01] ✘ 有 3 条订阅解析失败:
[2025-11-07 11:19:01] - https://tumutanzi.com/feed
[2025-11-07 11:19:01] - https://tcxx.info/feed
[2025-11-07 11:19:01] - https://geekinney.com/index.xml
[2025-11-07 11:19:01] ✘ 有 2 条订阅头像无法访问, 已使用默认头像:
[2025-11-07 11:19:01] - http://feeds.feedburner.com/ruanyifeng
[2025-11-07 11:19:01] - https://www.loyhome.com/feed
[2025-11-07 12:45:35] 本次订阅抓取结果统计:
[2025-11-07 12:45:35] 共 28 条RSS, 成功抓取 25 条.
[2025-11-07 12:45:35] ✘ 有 3 条订阅解析失败:
[2025-11-07 12:45:35] - https://tcxx.info/feed
[2025-11-07 12:45:35] - https://tumutanzi.com/feed
[2025-11-07 12:45:35] - https://geekinney.com/index.xml
[2025-11-07 12:45:35] ✘ 有 2 条订阅头像无法访问, 已使用默认头像:
[2025-11-07 12:45:35] - http://feeds.feedburner.com/ruanyifeng
[2025-11-07 12:45:35] - https://www.loyhome.com/feed
[2025-11-07 13:30:22] 本次订阅抓取结果统计:
[2025-11-07 13:30:22] 共 28 条RSS, 成功抓取 25 条.
[2025-11-07 13:30:22] ✘ 有 3 条订阅解析失败:
[2025-11-07 13:30:22] - https://tcxx.info/feed
[2025-11-07 13:30:22] - https://tumutanzi.com/feed
[2025-11-07 13:30:22] - https://geekinney.com/index.xml
[2025-11-07 13:30:22] ✘ 有 2 条订阅头像无法访问, 已使用默认头像:
[2025-11-07 13:30:22] - http://feeds.feedburner.com/ruanyifeng
[2025-11-07 13:30:22] - https://www.loyhome.com/feed
[2025-11-07 14:21:54] 本次订阅抓取结果统计:
[2025-11-07 14:21:54] 共 28 条RSS, 成功抓取 25 条.
[2025-11-07 14:21:54] ✘ 有 3 条订阅解析失败:
[2025-11-07 14:21:54] - https://tcxx.info/feed
[2025-11-07 14:21:54] - https://tumutanzi.com/feed
[2025-11-07 14:21:54] - https://geekinney.com/index.xml
[2025-11-07 14:21:54] ✘ 有 2 条订阅头像无法访问, 已使用默认头像:
[2025-11-07 14:21:54] - http://feeds.feedburner.com/ruanyifeng
[2025-11-07 14:21:54] - https://www.loyhome.com/feed
[2025-11-07 15:23:25] 本次订阅抓取结果统计:
[2025-11-07 15:23:25] 共 28 条RSS, 成功抓取 24 条.
[2025-11-07 15:23:25] ✘ 有 4 条订阅解析失败:
[2025-11-07 15:23:25] - https://wangpei.net/feed
[2025-11-07 15:23:25] - https://tcxx.info/feed
[2025-11-07 15:23:25] - https://tumutanzi.com/feed
[2025-11-07 15:23:25] - https://geekinney.com/index.xml
[2025-11-07 15:23:25] ✘ 有 2 条订阅头像无法访问, 已使用默认头像:
[2025-11-07 15:23:25] - https://www.loyhome.com/feed
[2025-11-07 15:23:25] - http://feeds.feedburner.com/ruanyifeng
[2025-11-07 16:25:29] 本次订阅抓取结果统计:
[2025-11-07 16:25:29] 共 28 条RSS, 成功抓取 25 条.
[2025-11-07 16:25:29] ✘ 有 3 条订阅解析失败:
[2025-11-07 16:25:29] - https://tumutanzi.com/feed
[2025-11-07 16:25:29] - https://tcxx.info/feed
[2025-11-07 16:25:29] - https://geekinney.com/index.xml
[2025-11-07 16:25:29] ✘ 有 2 条订阅头像无法访问, 已使用默认头像:
[2025-11-07 16:25:29] - http://feeds.feedburner.com/ruanyifeng
[2025-11-07 16:25:29] - https://www.loyhome.com/feed
[2025-11-07 17:19:41] 本次订阅抓取结果统计:
[2025-11-07 17:19:41] 共 28 条RSS, 成功抓取 25 条.
[2025-11-07 17:19:41] ✘ 有 3 条订阅解析失败:
[2025-11-07 17:19:41] - https://tcxx.info/feed
[2025-11-07 17:19:41] - https://tumutanzi.com/feed
[2025-11-07 17:19:41] - https://geekinney.com/index.xml
[2025-11-07 17:19:41] ✘ 有 2 条订阅头像无法访问, 已使用默认头像:
[2025-11-07 17:19:41] - http://feeds.feedburner.com/ruanyifeng
[2025-11-07 17:19:41] - https://www.loyhome.com/feed
[2025-11-07 18:31:31] 本次订阅抓取结果统计:
[2025-11-07 18:31:31] 共 28 条RSS, 成功抓取 25 条.
[2025-11-07 18:31:31] ✘ 有 3 条订阅解析失败:
[2025-11-07 18:31:31] - https://tumutanzi.com/feed
[2025-11-07 18:31:31] - https://tcxx.info/feed
[2025-11-07 18:31:31] - https://geekinney.com/index.xml
[2025-11-07 18:31:31] ✘ 有 2 条订阅头像无法访问, 已使用默认头像:
[2025-11-07 18:31:31] - http://feeds.feedburner.com/ruanyifeng
[2025-11-07 18:31:31] - https://www.loyhome.com/feed
[2025-11-07 19:18:15] 本次订阅抓取结果统计:
[2025-11-07 19:18:15] 共 28 条RSS, 成功抓取 25 条.
[2025-11-07 19:18:15] ✘ 有 3 条订阅解析失败:
[2025-11-07 19:18:15] - https://tcxx.info/feed
[2025-11-07 19:18:15] - https://tumutanzi.com/feed
[2025-11-07 19:18:15] - https://geekinney.com/index.xml
[2025-11-07 19:18:15] ✘ 有 2 条订阅头像无法访问, 已使用默认头像:
[2025-11-07 19:18:15] - http://feeds.feedburner.com/ruanyifeng
[2025-11-07 19:18:15] - https://www.loyhome.com/feed
[2025-11-07 20:22:29] 本次订阅抓取结果统计:
[2025-11-07 20:22:29] 共 28 条RSS, 成功抓取 25 条.
[2025-11-07 20:22:29] ✘ 有 3 条订阅解析失败:
[2025-11-07 20:22:29] - https://tcxx.info/feed
[2025-11-07 20:22:29] - https://tumutanzi.com/feed
[2025-11-07 20:22:29] - https://geekinney.com/index.xml
[2025-11-07 20:22:29] ✘ 有 2 条订阅头像无法访问, 已使用默认头像:
[2025-11-07 20:22:29] - http://feeds.feedburner.com/ruanyifeng
[2025-11-07 20:22:29] - https://www.loyhome.com/feed
