[2025-10-17 01:41:52] 本次订阅抓取结果统计:
[2025-10-17 01:41:52] 共 28 条RSS, 成功抓取 25 条.
[2025-10-17 01:41:52] ✘ 有 3 条订阅解析失败:
[2025-10-17 01:41:52] - https://tumutanzi.com/feed
[2025-10-17 01:41:52] - https://tcxx.info/feed
[2025-10-17 01:41:52] - https://geekinney.com/index.xml
[2025-10-17 01:41:52] ✘ 有 2 条订阅头像无法访问, 已使用默认头像:
[2025-10-17 01:41:52] - https://www.loyhome.com/feed
[2025-10-17 01:41:52] - http://feeds.feedburner.com/ruanyifeng
[2025-10-17 03:03:19] 本次订阅抓取结果统计:
[2025-10-17 03:03:19] 共 28 条RSS, 成功抓取 25 条.
[2025-10-17 03:03:19] ✘ 有 3 条订阅解析失败:
[2025-10-17 03:03:19] - https://tumutanzi.com/feed
[2025-10-17 03:03:19] - https://tcxx.info/feed
[2025-10-17 03:03:19] - https://geekinney.com/index.xml
[2025-10-17 03:03:19] ✘ 有 2 条订阅头像无法访问, 已使用默认头像:
[2025-10-17 03:03:19] - http://feeds.feedburner.com/ruanyifeng
[2025-10-17 03:03:19] - https://www.loyhome.com/feed
[2025-10-17 04:26:40] 本次订阅抓取结果统计:
[2025-10-17 04:26:40] 共 28 条RSS, 成功抓取 25 条.
[2025-10-17 04:26:40] ✘ 有 3 条订阅解析失败:
[2025-10-17 04:26:40] - https://tcxx.info/feed
[2025-10-17 04:26:40] - https://tumutanzi.com/feed
[2025-10-17 04:26:40] - https://geekinney.com/index.xml
[2025-10-17 04:26:40] ✘ 有 2 条订阅头像无法访问, 已使用默认头像:
[2025-10-17 04:26:40] - http://feeds.feedburner.com/ruanyifeng
[2025-10-17 04:26:40] - https://www.loyhome.com/feed
[2025-10-17 05:20:52] 本次订阅抓取结果统计:
[2025-10-17 05:20:52] 共 28 条RSS, 成功抓取 25 条.
[2025-10-17 05:20:52] ✘ 有 3 条订阅解析失败:
[2025-10-17 05:20:52] - https://tcxx.info/feed
[2025-10-17 05:20:52] - https://tumutanzi.com/feed
[2025-10-17 05:20:52] - https://geekinney.com/index.xml
[2025-10-17 05:20:52] ✘ 有 2 条订阅头像无法访问, 已使用默认头像:
[2025-10-17 05:20:52] - https://www.loyhome.com/feed
[2025-10-17 05:20:52] - http://feeds.feedburner.com/ruanyifeng
[2025-10-17 06:31:54] 本次订阅抓取结果统计:
[2025-10-17 06:31:54] 共 28 条RSS, 成功抓取 25 条.
[2025-10-17 06:31:54] ✘ 有 3 条订阅解析失败:
[2025-10-17 06:31:54] - https://tcxx.info/feed
[2025-10-17 06:31:54] - https://tumutanzi.com/feed
[2025-10-17 06:31:54] - https://geekinney.com/index.xml
[2025-10-17 06:31:54] ✘ 有 2 条订阅头像无法访问, 已使用默认头像:
[2025-10-17 06:31:54] - http://feeds.feedburner.com/ruanyifeng
[2025-10-17 06:31:54] - https://www.loyhome.com/feed
[2025-10-17 07:21:27] 本次订阅抓取结果统计:
[2025-10-17 07:21:27] 共 28 条RSS, 成功抓取 25 条.
[2025-10-17 07:21:27] ✘ 有 3 条订阅解析失败:
[2025-10-17 07:21:27] - https://tcxx.info/feed
[2025-10-17 07:21:27] - https://tumutanzi.com/feed
[2025-10-17 07:21:27] - https://geekinney.com/index.xml
[2025-10-17 07:21:27] ✘ 有 2 条订阅头像无法访问, 已使用默认头像:
[2025-10-17 07:21:27] - http://feeds.feedburner.com/ruanyifeng
[2025-10-17 07:21:27] - https://www.loyhome.com/feed
