[2025-06-02 01:54:52] 本次订阅抓取结果统计:
[2025-06-02 01:54:52] 共 28 条RSS, 成功抓取 27 条.
[2025-06-02 01:54:52] ✘ 有 1 条订阅解析失败:
[2025-06-02 01:54:52] - https://tcxx.info/feed
[2025-06-02 01:54:52] ✘ 有 2 条订阅头像无法访问, 已使用默认头像:
[2025-06-02 01:54:52] - http://feeds.feedburner.com/ruanyifeng
[2025-06-02 01:54:52] - https://www.loyhome.com/feed
[2025-06-02 03:22:26] 本次订阅抓取结果统计:
[2025-06-02 03:22:26] 共 28 条RSS, 成功抓取 27 条.
[2025-06-02 03:22:26] ✘ 有 1 条订阅解析失败:
[2025-06-02 03:22:26] - https://tcxx.info/feed
[2025-06-02 03:22:26] ✘ 有 2 条订阅头像无法访问, 已使用默认头像:
[2025-06-02 03:22:26] - http://feeds.feedburner.com/ruanyifeng
[2025-06-02 03:22:26] - https://www.loyhome.com/feed
[2025-06-02 04:32:39] 本次订阅抓取结果统计:
[2025-06-02 04:32:39] 共 28 条RSS, 成功抓取 27 条.
[2025-06-02 04:32:39] ✘ 有 1 条订阅解析失败:
[2025-06-02 04:32:39] - https://tcxx.info/feed
[2025-06-02 04:32:39] ✘ 有 2 条订阅头像无法访问, 已使用默认头像:
[2025-06-02 04:32:39] - http://feeds.feedburner.com/ruanyifeng
[2025-06-02 04:32:39] - https://www.loyhome.com/feed
[2025-06-02 05:22:52] 本次订阅抓取结果统计:
[2025-06-02 05:22:52] 共 28 条RSS, 成功抓取 27 条.
[2025-06-02 05:22:52] ✘ 有 1 条订阅解析失败:
[2025-06-02 05:22:52] - https://tcxx.info/feed
[2025-06-02 05:22:52] ✘ 有 2 条订阅头像无法访问, 已使用默认头像:
[2025-06-02 05:22:52] - http://feeds.feedburner.com/ruanyifeng
[2025-06-02 05:22:52] - https://www.loyhome.com/feed
[2025-06-02 06:34:51] 本次订阅抓取结果统计:
[2025-06-02 06:34:51] 共 28 条RSS, 成功抓取 26 条.
[2025-06-02 06:34:51] ✘ 有 2 条订阅解析失败:
[2025-06-02 06:34:51] - https://tcxx.info/feed
[2025-06-02 06:34:51] - https://www.shephe.com/feed
[2025-06-02 06:34:51] ✘ 有 2 条订阅头像无法访问, 已使用默认头像:
[2025-06-02 06:34:51] - http://feeds.feedburner.com/ruanyifeng
[2025-06-02 06:34:51] - https://www.loyhome.com/feed
[2025-06-02 07:22:58] 本次订阅抓取结果统计:
[2025-06-02 07:22:58] 共 28 条RSS, 成功抓取 26 条.
[2025-06-02 07:22:58] ✘ 有 2 条订阅解析失败:
[2025-06-02 07:22:58] - https://www.shephe.com/feed
[2025-06-02 07:22:58] - https://tcxx.info/feed
[2025-06-02 07:22:58] ✘ 有 2 条订阅头像无法访问, 已使用默认头像:
[2025-06-02 07:22:58] - http://feeds.feedburner.com/ruanyifeng
[2025-06-02 07:22:58] - https://www.loyhome.com/feed
[2025-06-02 08:31:21] 本次订阅抓取结果统计:
[2025-06-02 08:31:21] 共 28 条RSS, 成功抓取 27 条.
[2025-06-02 08:31:21] ✘ 有 1 条订阅解析失败:
[2025-06-02 08:31:21] - https://tcxx.info/feed
[2025-06-02 08:31:21] ✘ 有 2 条订阅头像无法访问, 已使用默认头像:
[2025-06-02 08:31:21] - http://feeds.feedburner.com/ruanyifeng
[2025-06-02 08:31:21] - https://www.loyhome.com/feed
[2025-06-02 09:25:32] 本次订阅抓取结果统计:
[2025-06-02 09:25:32] 共 28 条RSS, 成功抓取 27 条.
[2025-06-02 09:25:32] ✘ 有 1 条订阅解析失败:
[2025-06-02 09:25:32] - https://tcxx.info/feed
[2025-06-02 09:25:32] ✘ 有 2 条订阅头像无法访问, 已使用默认头像:
[2025-06-02 09:25:32] - http://feeds.feedburner.com/ruanyifeng
[2025-06-02 09:25:32] - https://www.loyhome.com/feed
[2025-06-02 10:25:28] 本次订阅抓取结果统计:
[2025-06-02 10:25:28] 共 28 条RSS, 成功抓取 26 条.
[2025-06-02 10:25:28] ✘ 有 2 条订阅解析失败:
[2025-06-02 10:25:28] - https://www.shephe.com/feed
[2025-06-02 10:25:28] - https://tcxx.info/feed
[2025-06-02 10:25:28] ✘ 有 2 条订阅头像无法访问, 已使用默认头像:
[2025-06-02 10:25:28] - http://feeds.feedburner.com/ruanyifeng
[2025-06-02 10:25:28] - https://www.loyhome.com/feed
[2025-06-02 11:19:45] 本次订阅抓取结果统计:
[2025-06-02 11:19:45] 共 28 条RSS, 成功抓取 26 条.
[2025-06-02 11:19:45] ✘ 有 2 条订阅解析失败:
[2025-06-02 11:19:45] - https://www.shephe.com/feed
[2025-06-02 11:19:45] - https://tcxx.info/feed
[2025-06-02 11:19:45] ✘ 有 2 条订阅头像无法访问, 已使用默认头像:
[2025-06-02 11:19:45] - http://feeds.feedburner.com/ruanyifeng
[2025-06-02 11:19:45] - https://www.loyhome.com/feed
[2025-06-02 12:46:31] 本次订阅抓取结果统计:
[2025-06-02 12:46:31] 共 28 条RSS, 成功抓取 27 条.
[2025-06-02 12:46:31] ✘ 有 1 条订阅解析失败:
[2025-06-02 12:46:31] - https://tcxx.info/feed
[2025-06-02 12:46:31] ✘ 有 2 条订阅头像无法访问, 已使用默认头像:
[2025-06-02 12:46:31] - http://feeds.feedburner.com/ruanyifeng
[2025-06-02 12:46:31] - https://www.loyhome.com/feed
[2025-06-02 13:35:06] 本次订阅抓取结果统计:
[2025-06-02 13:35:06] 共 28 条RSS, 成功抓取 26 条.
[2025-06-02 13:35:06] ✘ 有 2 条订阅解析失败:
[2025-06-02 13:35:06] - https://tcxx.info/feed
[2025-06-02 13:35:06] - https://www.shephe.com/feed
[2025-06-02 13:35:06] ✘ 有 3 条订阅头像无法访问, 已使用默认头像:
[2025-06-02 13:35:06] - http://feeds.feedburner.com/ruanyifeng
[2025-06-02 13:35:06] - https://www.loyhome.com/feed
[2025-06-02 13:35:06] - https://xyzbz.cn/feed
[2025-06-02 14:24:10] 本次订阅抓取结果统计:
[2025-06-02 14:24:10] 共 28 条RSS, 成功抓取 26 条.
[2025-06-02 14:24:10] ✘ 有 2 条订阅解析失败:
[2025-06-02 14:24:10] - https://tcxx.info/feed
[2025-06-02 14:24:10] - https://www.shephe.com/feed
[2025-06-02 14:24:10] ✘ 有 3 条订阅头像无法访问, 已使用默认头像:
[2025-06-02 14:24:10] - https://www.loyhome.com/feed
[2025-06-02 14:24:10] - http://feeds.feedburner.com/ruanyifeng
[2025-06-02 14:24:10] - https://xyzbz.cn/feed
[2025-06-02 15:25:16] 本次订阅抓取结果统计:
[2025-06-02 15:25:16] 共 28 条RSS, 成功抓取 26 条.
[2025-06-02 15:25:16] ✘ 有 2 条订阅解析失败:
[2025-06-02 15:25:16] - https://www.shephe.com/feed
[2025-06-02 15:25:16] - https://tcxx.info/feed
[2025-06-02 15:25:16] ✘ 有 2 条订阅头像无法访问, 已使用默认头像:
[2025-06-02 15:25:16] - https://www.loyhome.com/feed
[2025-06-02 15:25:16] - http://feeds.feedburner.com/ruanyifeng
[2025-06-02 16:29:50] 本次订阅抓取结果统计:
[2025-06-02 16:29:50] 共 28 条RSS, 成功抓取 26 条.
[2025-06-02 16:29:50] ✘ 有 2 条订阅解析失败:
[2025-06-02 16:29:50] - https://www.shephe.com/feed
[2025-06-02 16:29:50] - https://tcxx.info/feed
[2025-06-02 16:29:50] ✘ 有 2 条订阅头像无法访问, 已使用默认头像:
[2025-06-02 16:29:50] - http://feeds.feedburner.com/ruanyifeng
[2025-06-02 16:29:50] - https://www.loyhome.com/feed
[2025-06-02 17:19:59] 本次订阅抓取结果统计:
[2025-06-02 17:19:59] 共 28 条RSS, 成功抓取 26 条.
[2025-06-02 17:19:59] ✘ 有 2 条订阅解析失败:
[2025-06-02 17:19:59] - https://www.shephe.com/feed
[2025-06-02 17:19:59] - https://tcxx.info/feed
[2025-06-02 17:19:59] ✘ 有 2 条订阅头像无法访问, 已使用默认头像:
[2025-06-02 17:19:59] - http://feeds.feedburner.com/ruanyifeng
[2025-06-02 17:19:59] - https://www.loyhome.com/feed
[2025-06-02 18:31:42] 本次订阅抓取结果统计:
[2025-06-02 18:31:42] 共 28 条RSS, 成功抓取 26 条.
[2025-06-02 18:31:42] ✘ 有 2 条订阅解析失败:
[2025-06-02 18:31:42] - https://www.shephe.com/feed
[2025-06-02 18:31:42] - https://tcxx.info/feed
[2025-06-02 18:31:42] ✘ 有 2 条订阅头像无法访问, 已使用默认头像:
[2025-06-02 18:31:42] - http://feeds.feedburner.com/ruanyifeng
[2025-06-02 18:31:42] - https://www.loyhome.com/feed
