[2025-09-23 01:39:31] 本次订阅抓取结果统计:
[2025-09-23 01:39:31] 共 28 条RSS, 成功抓取 24 条.
[2025-09-23 01:39:31] ✘ 有 4 条订阅解析失败:
[2025-09-23 01:39:31] - https://oba.by/feed
[2025-09-23 01:39:31] - https://tumutanzi.com/feed
[2025-09-23 01:39:31] - https://tcxx.info/feed
[2025-09-23 01:39:31] - https://geekinney.com/index.xml
[2025-09-23 01:39:31] ✘ 有 2 条订阅头像无法访问, 已使用默认头像:
[2025-09-23 01:39:31] - http://feeds.feedburner.com/ruanyifeng
[2025-09-23 01:39:31] - https://www.loyhome.com/feed
[2025-09-23 02:59:54] 本次订阅抓取结果统计:
[2025-09-23 02:59:54] 共 28 条RSS, 成功抓取 24 条.
[2025-09-23 02:59:54] ✘ 有 4 条订阅解析失败:
[2025-09-23 02:59:54] - https://oba.by/feed
[2025-09-23 02:59:54] - https://tcxx.info/feed
[2025-09-23 02:59:54] - https://tumutanzi.com/feed
[2025-09-23 02:59:54] - https://geekinney.com/index.xml
[2025-09-23 02:59:54] ✘ 有 2 条订阅头像无法访问, 已使用默认头像:
[2025-09-23 02:59:54] - http://feeds.feedburner.com/ruanyifeng
[2025-09-23 02:59:54] - https://www.loyhome.com/feed
[2025-09-23 03:34:27] 本次订阅抓取结果统计:
[2025-09-23 03:34:27] 共 28 条RSS, 成功抓取 24 条.
[2025-09-23 03:34:27] ✘ 有 4 条订阅解析失败:
[2025-09-23 03:34:27] - https://oba.by/feed
[2025-09-23 03:34:27] - https://tcxx.info/feed
[2025-09-23 03:34:27] - https://tumutanzi.com/feed
[2025-09-23 03:34:27] - https://geekinney.com/index.xml
[2025-09-23 03:34:27] ✘ 有 2 条订阅头像无法访问, 已使用默认头像:
[2025-09-23 03:34:27] - http://feeds.feedburner.com/ruanyifeng
[2025-09-23 03:34:27] - https://www.loyhome.com/feed
[2025-09-23 04:25:36] 本次订阅抓取结果统计:
[2025-09-23 04:25:36] 共 28 条RSS, 成功抓取 24 条.
[2025-09-23 04:25:36] ✘ 有 4 条订阅解析失败:
[2025-09-23 04:25:36] - https://oba.by/feed
[2025-09-23 04:25:36] - https://tumutanzi.com/feed
[2025-09-23 04:25:36] - https://tcxx.info/feed
[2025-09-23 04:25:36] - https://geekinney.com/index.xml
[2025-09-23 04:25:36] ✘ 有 2 条订阅头像无法访问, 已使用默认头像:
[2025-09-23 04:25:36] - http://feeds.feedburner.com/ruanyifeng
[2025-09-23 04:25:36] - https://www.loyhome.com/feed
[2025-09-23 05:20:30] 本次订阅抓取结果统计:
[2025-09-23 05:20:30] 共 28 条RSS, 成功抓取 24 条.
[2025-09-23 05:20:30] ✘ 有 4 条订阅解析失败:
[2025-09-23 05:20:30] - https://oba.by/feed
[2025-09-23 05:20:30] - https://tcxx.info/feed
[2025-09-23 05:20:30] - https://tumutanzi.com/feed
[2025-09-23 05:20:30] - https://geekinney.com/index.xml
[2025-09-23 05:20:30] ✘ 有 2 条订阅头像无法访问, 已使用默认头像:
[2025-09-23 05:20:30] - https://www.loyhome.com/feed
[2025-09-23 05:20:30] - http://feeds.feedburner.com/ruanyifeng
[2025-09-23 06:32:24] 本次订阅抓取结果统计:
[2025-09-23 06:32:24] 共 28 条RSS, 成功抓取 24 条.
[2025-09-23 06:32:24] ✘ 有 4 条订阅解析失败:
[2025-09-23 06:32:24] - https://oba.by/feed
[2025-09-23 06:32:24] - https://tcxx.info/feed
[2025-09-23 06:32:24] - https://tumutanzi.com/feed
[2025-09-23 06:32:24] - https://geekinney.com/index.xml
[2025-09-23 06:32:24] ✘ 有 2 条订阅头像无法访问, 已使用默认头像:
[2025-09-23 06:32:24] - http://feeds.feedburner.com/ruanyifeng
[2025-09-23 06:32:24] - https://www.loyhome.com/feed
[2025-09-23 07:21:20] 本次订阅抓取结果统计:
[2025-09-23 07:21:20] 共 28 条RSS, 成功抓取 24 条.
[2025-09-23 07:21:20] ✘ 有 4 条订阅解析失败:
[2025-09-23 07:21:20] - https://oba.by/feed
[2025-09-23 07:21:20] - https://tcxx.info/feed
[2025-09-23 07:21:20] - https://tumutanzi.com/feed
[2025-09-23 07:21:20] - https://geekinney.com/index.xml
[2025-09-23 07:21:20] ✘ 有 2 条订阅头像无法访问, 已使用默认头像:
[2025-09-23 07:21:20] - http://feeds.feedburner.com/ruanyifeng
[2025-09-23 07:21:20] - https://www.loyhome.com/feed
[2025-09-23 08:28:40] 本次订阅抓取结果统计:
[2025-09-23 08:28:40] 共 28 条RSS, 成功抓取 24 条.
[2025-09-23 08:28:40] ✘ 有 4 条订阅解析失败:
[2025-09-23 08:28:40] - https://oba.by/feed
[2025-09-23 08:28:40] - https://tcxx.info/feed
[2025-09-23 08:28:40] - https://tumutanzi.com/feed
[2025-09-23 08:28:40] - https://geekinney.com/index.xml
[2025-09-23 08:28:40] ✘ 有 2 条订阅头像无法访问, 已使用默认头像:
[2025-09-23 08:28:40] - http://feeds.feedburner.com/ruanyifeng
[2025-09-23 08:28:40] - https://www.loyhome.com/feed
[2025-09-23 09:23:29] 本次订阅抓取结果统计:
[2025-09-23 09:23:29] 共 28 条RSS, 成功抓取 24 条.
[2025-09-23 09:23:29] ✘ 有 4 条订阅解析失败:
[2025-09-23 09:23:29] - https://oba.by/feed
[2025-09-23 09:23:29] - https://tcxx.info/feed
[2025-09-23 09:23:29] - https://tumutanzi.com/feed
[2025-09-23 09:23:29] - https://geekinney.com/index.xml
[2025-09-23 09:23:29] ✘ 有 2 条订阅头像无法访问, 已使用默认头像:
[2025-09-23 09:23:29] - http://feeds.feedburner.com/ruanyifeng
[2025-09-23 09:23:29] - https://www.loyhome.com/feed
