[2025-11-11 01:49:26] 本次订阅抓取结果统计:
[2025-11-11 01:49:26] 共 28 条RSS, 成功抓取 25 条.
[2025-11-11 01:49:26] ✘ 有 3 条订阅解析失败:
[2025-11-11 01:49:26] - https://tcxx.info/feed
[2025-11-11 01:49:26] - https://tumutanzi.com/feed
[2025-11-11 01:49:26] - https://geekinney.com/index.xml
[2025-11-11 01:49:26] ✘ 有 2 条订阅头像无法访问, 已使用默认头像:
[2025-11-11 01:49:26] - http://feeds.feedburner.com/ruanyifeng
[2025-11-11 01:49:26] - https://www.loyhome.com/feed
[2025-11-11 03:15:55] 本次订阅抓取结果统计:
[2025-11-11 03:15:55] 共 28 条RSS, 成功抓取 25 条.
[2025-11-11 03:15:55] ✘ 有 3 条订阅解析失败:
[2025-11-11 03:15:55] - https://tcxx.info/feed
[2025-11-11 03:15:55] - https://tumutanzi.com/feed
[2025-11-11 03:15:55] - https://geekinney.com/index.xml
[2025-11-11 03:15:55] ✘ 有 2 条订阅头像无法访问, 已使用默认头像:
[2025-11-11 03:15:55] - http://feeds.feedburner.com/ruanyifeng
[2025-11-11 03:15:55] - https://www.loyhome.com/feed
[2025-11-11 04:27:28] 本次订阅抓取结果统计:
[2025-11-11 04:27:28] 共 28 条RSS, 成功抓取 25 条.
[2025-11-11 04:27:28] ✘ 有 3 条订阅解析失败:
[2025-11-11 04:27:28] - https://tcxx.info/feed
[2025-11-11 04:27:28] - https://tumutanzi.com/feed
[2025-11-11 04:27:28] - https://geekinney.com/index.xml
[2025-11-11 04:27:28] ✘ 有 3 条订阅头像无法访问, 已使用默认头像:
[2025-11-11 04:27:28] - http://feeds.feedburner.com/ruanyifeng
[2025-11-11 04:27:28] - https://www.loyhome.com/feed
[2025-11-11 04:27:28] - https://xyzbz.cn/feed
[2025-11-11 05:23:01] 本次订阅抓取结果统计:
[2025-11-11 05:23:01] 共 28 条RSS, 成功抓取 25 条.
[2025-11-11 05:23:01] ✘ 有 3 条订阅解析失败:
[2025-11-11 05:23:01] - https://tcxx.info/feed
[2025-11-11 05:23:01] - https://tumutanzi.com/feed
[2025-11-11 05:23:01] - https://geekinney.com/index.xml
[2025-11-11 05:23:01] ✘ 有 2 条订阅头像无法访问, 已使用默认头像:
[2025-11-11 05:23:01] - https://www.loyhome.com/feed
[2025-11-11 05:23:01] - http://feeds.feedburner.com/ruanyifeng
[2025-11-11 06:34:56] 本次订阅抓取结果统计:
[2025-11-11 06:34:56] 共 28 条RSS, 成功抓取 25 条.
[2025-11-11 06:34:56] ✘ 有 3 条订阅解析失败:
[2025-11-11 06:34:56] - https://tumutanzi.com/feed
[2025-11-11 06:34:56] - https://tcxx.info/feed
[2025-11-11 06:34:56] - https://geekinney.com/index.xml
[2025-11-11 06:34:56] ✘ 有 3 条订阅头像无法访问, 已使用默认头像:
[2025-11-11 06:34:56] - http://feeds.feedburner.com/ruanyifeng
[2025-11-11 06:34:56] - https://www.loyhome.com/feed
[2025-11-11 06:34:56] - https://xyzbz.cn/feed
[2025-11-11 07:22:21] 本次订阅抓取结果统计:
[2025-11-11 07:22:21] 共 28 条RSS, 成功抓取 25 条.
[2025-11-11 07:22:21] ✘ 有 3 条订阅解析失败:
[2025-11-11 07:22:21] - https://tumutanzi.com/feed
[2025-11-11 07:22:21] - https://tcxx.info/feed
[2025-11-11 07:22:21] - https://geekinney.com/index.xml
[2025-11-11 07:22:21] ✘ 有 2 条订阅头像无法访问, 已使用默认头像:
[2025-11-11 07:22:21] - http://feeds.feedburner.com/ruanyifeng
[2025-11-11 07:22:21] - https://www.loyhome.com/feed
[2025-11-11 08:30:22] 本次订阅抓取结果统计:
[2025-11-11 08:30:22] 共 28 条RSS, 成功抓取 25 条.
[2025-11-11 08:30:22] ✘ 有 3 条订阅解析失败:
[2025-11-11 08:30:22] - https://tumutanzi.com/feed
[2025-11-11 08:30:22] - https://tcxx.info/feed
[2025-11-11 08:30:22] - https://geekinney.com/index.xml
[2025-11-11 08:30:22] ✘ 有 2 条订阅头像无法访问, 已使用默认头像:
[2025-11-11 08:30:22] - https://www.loyhome.com/feed
[2025-11-11 08:30:22] - http://feeds.feedburner.com/ruanyifeng
[2025-11-11 09:25:53] 本次订阅抓取结果统计:
[2025-11-11 09:25:53] 共 28 条RSS, 成功抓取 25 条.
[2025-11-11 09:25:53] ✘ 有 3 条订阅解析失败:
[2025-11-11 09:25:53] - https://tumutanzi.com/feed
[2025-11-11 09:25:53] - https://tcxx.info/feed
[2025-11-11 09:25:53] - https://geekinney.com/index.xml
[2025-11-11 09:25:53] ✘ 有 2 条订阅头像无法访问, 已使用默认头像:
[2025-11-11 09:25:53] - https://www.loyhome.com/feed
[2025-11-11 09:25:53] - http://feeds.feedburner.com/ruanyifeng
[2025-11-11 10:26:28] 本次订阅抓取结果统计:
[2025-11-11 10:26:28] 共 28 条RSS, 成功抓取 25 条.
[2025-11-11 10:26:28] ✘ 有 3 条订阅解析失败:
[2025-11-11 10:26:28] - https://tumutanzi.com/feed
[2025-11-11 10:26:28] - https://tcxx.info/feed
[2025-11-11 10:26:28] - https://geekinney.com/index.xml
[2025-11-11 10:26:28] ✘ 有 2 条订阅头像无法访问, 已使用默认头像:
[2025-11-11 10:26:28] - http://feeds.feedburner.com/ruanyifeng
[2025-11-11 10:26:28] - https://www.loyhome.com/feed
[2025-11-11 11:19:46] 本次订阅抓取结果统计:
[2025-11-11 11:19:46] 共 28 条RSS, 成功抓取 25 条.
[2025-11-11 11:19:46] ✘ 有 3 条订阅解析失败:
[2025-11-11 11:19:46] - https://tcxx.info/feed
[2025-11-11 11:19:46] - https://tumutanzi.com/feed
[2025-11-11 11:19:46] - https://geekinney.com/index.xml
[2025-11-11 11:19:46] ✘ 有 2 条订阅头像无法访问, 已使用默认头像:
[2025-11-11 11:19:46] - http://feeds.feedburner.com/ruanyifeng
[2025-11-11 11:19:46] - https://www.loyhome.com/feed
[2025-11-11 12:47:33] 本次订阅抓取结果统计:
[2025-11-11 12:47:33] 共 28 条RSS, 成功抓取 25 条.
[2025-11-11 12:47:33] ✘ 有 3 条订阅解析失败:
[2025-11-11 12:47:33] - https://tumutanzi.com/feed
[2025-11-11 12:47:33] - https://tcxx.info/feed
[2025-11-11 12:47:33] - https://geekinney.com/index.xml
[2025-11-11 12:47:33] ✘ 有 2 条订阅头像无法访问, 已使用默认头像:
[2025-11-11 12:47:33] - http://feeds.feedburner.com/ruanyifeng
[2025-11-11 12:47:33] - https://www.loyhome.com/feed
[2025-11-11 13:32:48] 本次订阅抓取结果统计:
[2025-11-11 13:32:48] 共 28 条RSS, 成功抓取 25 条.
[2025-11-11 13:32:48] ✘ 有 3 条订阅解析失败:
[2025-11-11 13:32:48] - https://tcxx.info/feed
[2025-11-11 13:32:48] - https://tumutanzi.com/feed
[2025-11-11 13:32:48] - https://geekinney.com/index.xml
[2025-11-11 13:32:48] ✘ 有 2 条订阅头像无法访问, 已使用默认头像:
[2025-11-11 13:32:48] - http://feeds.feedburner.com/ruanyifeng
[2025-11-11 13:32:48] - https://www.loyhome.com/feed
[2025-11-11 14:23:39] 本次订阅抓取结果统计:
[2025-11-11 14:23:39] 共 28 条RSS, 成功抓取 25 条.
[2025-11-11 14:23:39] ✘ 有 3 条订阅解析失败:
[2025-11-11 14:23:39] - https://tumutanzi.com/feed
[2025-11-11 14:23:39] - https://tcxx.info/feed
[2025-11-11 14:23:39] - https://geekinney.com/index.xml
[2025-11-11 14:23:39] ✘ 有 2 条订阅头像无法访问, 已使用默认头像:
[2025-11-11 14:23:39] - http://feeds.feedburner.com/ruanyifeng
[2025-11-11 14:23:39] - https://www.loyhome.com/feed
[2025-11-11 15:25:07] 本次订阅抓取结果统计:
[2025-11-11 15:25:07] 共 28 条RSS, 成功抓取 25 条.
[2025-11-11 15:25:07] ✘ 有 3 条订阅解析失败:
[2025-11-11 15:25:07] - https://tumutanzi.com/feed
[2025-11-11 15:25:07] - https://tcxx.info/feed
[2025-11-11 15:25:07] - https://geekinney.com/index.xml
[2025-11-11 15:25:07] ✘ 有 2 条订阅头像无法访问, 已使用默认头像:
[2025-11-11 15:25:07] - http://feeds.feedburner.com/ruanyifeng
[2025-11-11 15:25:07] - https://www.loyhome.com/feed
[2025-11-11 16:30:18] 本次订阅抓取结果统计:
[2025-11-11 16:30:18] 共 28 条RSS, 成功抓取 24 条.
[2025-11-11 16:30:18] ✘ 有 4 条订阅解析失败:
[2025-11-11 16:30:18] - https://tcxx.info/feed
[2025-11-11 16:30:18] - https://tumutanzi.com/feed
[2025-11-11 16:30:18] - https://geekinney.com/index.xml
[2025-11-11 16:30:18] - https://oba.by/feed
[2025-11-11 16:30:18] ✘ 有 2 条订阅头像无法访问, 已使用默认头像:
[2025-11-11 16:30:18] - http://feeds.feedburner.com/ruanyifeng
[2025-11-11 16:30:18] - https://www.loyhome.com/feed
[2025-11-11 17:20:17] 本次订阅抓取结果统计:
[2025-11-11 17:20:17] 共 28 条RSS, 成功抓取 25 条.
[2025-11-11 17:20:17] ✘ 有 3 条订阅解析失败:
[2025-11-11 17:20:17] - https://tcxx.info/feed
[2025-11-11 17:20:17] - https://tumutanzi.com/feed
[2025-11-11 17:20:17] - https://geekinney.com/index.xml
[2025-11-11 17:20:17] ✘ 有 2 条订阅头像无法访问, 已使用默认头像:
[2025-11-11 17:20:17] - https://www.loyhome.com/feed
[2025-11-11 17:20:17] - http://feeds.feedburner.com/ruanyifeng
[2025-11-11 18:32:14] 本次订阅抓取结果统计:
[2025-11-11 18:32:14] 共 28 条RSS, 成功抓取 25 条.
[2025-11-11 18:32:14] ✘ 有 3 条订阅解析失败:
[2025-11-11 18:32:14] - https://tcxx.info/feed
[2025-11-11 18:32:14] - https://tumutanzi.com/feed
[2025-11-11 18:32:14] - https://geekinney.com/index.xml
[2025-11-11 18:32:14] ✘ 有 2 条订阅头像无法访问, 已使用默认头像:
[2025-11-11 18:32:14] - http://feeds.feedburner.com/ruanyifeng
[2025-11-11 18:32:14] - https://www.loyhome.com/feed
[2025-11-11 19:18:07] 本次订阅抓取结果统计:
[2025-11-11 19:18:07] 共 28 条RSS, 成功抓取 25 条.
[2025-11-11 19:18:07] ✘ 有 3 条订阅解析失败:
[2025-11-11 19:18:07] - https://tcxx.info/feed
[2025-11-11 19:18:07] - https://tumutanzi.com/feed
[2025-11-11 19:18:07] - https://geekinney.com/index.xml
[2025-11-11 19:18:07] ✘ 有 2 条订阅头像无法访问, 已使用默认头像:
[2025-11-11 19:18:07] - http://feeds.feedburner.com/ruanyifeng
[2025-11-11 19:18:07] - https://www.loyhome.com/feed
[2025-11-11 20:25:08] 本次订阅抓取结果统计:
[2025-11-11 20:25:08] 共 28 条RSS, 成功抓取 25 条.
[2025-11-11 20:25:08] ✘ 有 3 条订阅解析失败:
[2025-11-11 20:25:08] - https://tcxx.info/feed
[2025-11-11 20:25:08] - https://tumutanzi.com/feed
[2025-11-11 20:25:08] - https://geekinney.com/index.xml
[2025-11-11 20:25:08] ✘ 有 2 条订阅头像无法访问, 已使用默认头像:
[2025-11-11 20:25:08] - https://www.loyhome.com/feed
[2025-11-11 20:25:08] - http://feeds.feedburner.com/ruanyifeng
