[2025-10-12 01:44:18] 本次订阅抓取结果统计:
[2025-10-12 01:44:18] 共 28 条RSS, 成功抓取 25 条.
[2025-10-12 01:44:18] ✘ 有 3 条订阅解析失败:
[2025-10-12 01:44:18] - https://tumutanzi.com/feed
[2025-10-12 01:44:18] - https://tcxx.info/feed
[2025-10-12 01:44:18] - https://geekinney.com/index.xml
[2025-10-12 01:44:18] ✘ 有 2 条订阅头像无法访问, 已使用默认头像:
[2025-10-12 01:44:18] - http://feeds.feedburner.com/ruanyifeng
[2025-10-12 01:44:18] - https://www.loyhome.com/feed
[2025-10-12 03:04:01] 本次订阅抓取结果统计:
[2025-10-12 03:04:01] 共 28 条RSS, 成功抓取 25 条.
[2025-10-12 03:04:01] ✘ 有 3 条订阅解析失败:
[2025-10-12 03:04:01] - https://tcxx.info/feed
[2025-10-12 03:04:01] - https://tumutanzi.com/feed
[2025-10-12 03:04:01] - https://geekinney.com/index.xml
[2025-10-12 03:04:01] ✘ 有 2 条订阅头像无法访问, 已使用默认头像:
[2025-10-12 03:04:01] - https://www.loyhome.com/feed
[2025-10-12 03:04:01] - http://feeds.feedburner.com/ruanyifeng
[2025-10-12 04:24:31] 本次订阅抓取结果统计:
[2025-10-12 04:24:31] 共 28 条RSS, 成功抓取 25 条.
[2025-10-12 04:24:31] ✘ 有 3 条订阅解析失败:
[2025-10-12 04:24:31] - https://tcxx.info/feed
[2025-10-12 04:24:31] - https://tumutanzi.com/feed
[2025-10-12 04:24:31] - https://geekinney.com/index.xml
[2025-10-12 04:24:31] ✘ 有 2 条订阅头像无法访问, 已使用默认头像:
[2025-10-12 04:24:31] - http://feeds.feedburner.com/ruanyifeng
[2025-10-12 04:24:31] - https://www.loyhome.com/feed
[2025-10-12 05:19:20] 本次订阅抓取结果统计:
[2025-10-12 05:19:20] 共 28 条RSS, 成功抓取 25 条.
[2025-10-12 05:19:20] ✘ 有 3 条订阅解析失败:
[2025-10-12 05:19:20] - https://tcxx.info/feed
[2025-10-12 05:19:20] - https://tumutanzi.com/feed
[2025-10-12 05:19:20] - https://geekinney.com/index.xml
[2025-10-12 05:19:20] ✘ 有 2 条订阅头像无法访问, 已使用默认头像:
[2025-10-12 05:19:20] - http://feeds.feedburner.com/ruanyifeng
[2025-10-12 05:19:20] - https://www.loyhome.com/feed
[2025-10-12 06:28:53] 本次订阅抓取结果统计:
[2025-10-12 06:28:53] 共 28 条RSS, 成功抓取 25 条.
[2025-10-12 06:28:53] ✘ 有 3 条订阅解析失败:
[2025-10-12 06:28:53] - https://tumutanzi.com/feed
[2025-10-12 06:28:53] - https://tcxx.info/feed
[2025-10-12 06:28:53] - https://geekinney.com/index.xml
[2025-10-12 06:28:53] ✘ 有 2 条订阅头像无法访问, 已使用默认头像:
[2025-10-12 06:28:53] - http://feeds.feedburner.com/ruanyifeng
[2025-10-12 06:28:53] - https://www.loyhome.com/feed
[2025-10-12 07:18:02] 本次订阅抓取结果统计:
[2025-10-12 07:18:02] 共 28 条RSS, 成功抓取 25 条.
[2025-10-12 07:18:02] ✘ 有 3 条订阅解析失败:
[2025-10-12 07:18:02] - https://tcxx.info/feed
[2025-10-12 07:18:02] - https://tumutanzi.com/feed
[2025-10-12 07:18:02] - https://geekinney.com/index.xml
[2025-10-12 07:18:02] ✘ 有 2 条订阅头像无法访问, 已使用默认头像:
[2025-10-12 07:18:02] - http://feeds.feedburner.com/ruanyifeng
[2025-10-12 07:18:02] - https://www.loyhome.com/feed
[2025-10-12 08:25:13] 本次订阅抓取结果统计:
[2025-10-12 08:25:13] 共 28 条RSS, 成功抓取 25 条.
[2025-10-12 08:25:13] ✘ 有 3 条订阅解析失败:
[2025-10-12 08:25:13] - https://tumutanzi.com/feed
[2025-10-12 08:25:13] - https://tcxx.info/feed
[2025-10-12 08:25:13] - https://geekinney.com/index.xml
[2025-10-12 08:25:13] ✘ 有 2 条订阅头像无法访问, 已使用默认头像:
[2025-10-12 08:25:13] - http://feeds.feedburner.com/ruanyifeng
[2025-10-12 08:25:13] - https://www.loyhome.com/feed
[2025-10-12 09:19:15] 本次订阅抓取结果统计:
[2025-10-12 09:19:15] 共 28 条RSS, 成功抓取 25 条.
[2025-10-12 09:19:15] ✘ 有 3 条订阅解析失败:
[2025-10-12 09:19:15] - https://tcxx.info/feed
[2025-10-12 09:19:15] - https://tumutanzi.com/feed
[2025-10-12 09:19:15] - https://geekinney.com/index.xml
[2025-10-12 09:19:15] ✘ 有 2 条订阅头像无法访问, 已使用默认头像:
[2025-10-12 09:19:15] - http://feeds.feedburner.com/ruanyifeng
[2025-10-12 09:19:15] - https://www.loyhome.com/feed
[2025-10-12 10:19:58] 本次订阅抓取结果统计:
[2025-10-12 10:19:58] 共 28 条RSS, 成功抓取 25 条.
[2025-10-12 10:19:58] ✘ 有 3 条订阅解析失败:
[2025-10-12 10:19:58] - https://tcxx.info/feed
[2025-10-12 10:19:58] - https://tumutanzi.com/feed
[2025-10-12 10:19:58] - https://geekinney.com/index.xml
[2025-10-12 10:19:58] ✘ 有 2 条订阅头像无法访问, 已使用默认头像:
[2025-10-12 10:19:58] - http://feeds.feedburner.com/ruanyifeng
[2025-10-12 10:19:58] - https://www.loyhome.com/feed
[2025-10-12 11:15:42] 本次订阅抓取结果统计:
[2025-10-12 11:15:42] 共 28 条RSS, 成功抓取 25 条.
[2025-10-12 11:15:42] ✘ 有 3 条订阅解析失败:
[2025-10-12 11:15:42] - https://tumutanzi.com/feed
[2025-10-12 11:15:42] - https://tcxx.info/feed
[2025-10-12 11:15:42] - https://geekinney.com/index.xml
[2025-10-12 11:15:42] ✘ 有 2 条订阅头像无法访问, 已使用默认头像:
[2025-10-12 11:15:42] - http://feeds.feedburner.com/ruanyifeng
[2025-10-12 11:15:42] - https://www.loyhome.com/feed
[2025-10-12 12:39:22] 本次订阅抓取结果统计:
[2025-10-12 12:39:22] 共 28 条RSS, 成功抓取 25 条.
[2025-10-12 12:39:22] ✘ 有 3 条订阅解析失败:
[2025-10-12 12:39:22] - https://tumutanzi.com/feed
[2025-10-12 12:39:22] - https://tcxx.info/feed
[2025-10-12 12:39:22] - https://geekinney.com/index.xml
[2025-10-12 12:39:22] ✘ 有 2 条订阅头像无法访问, 已使用默认头像:
[2025-10-12 12:39:22] - http://feeds.feedburner.com/ruanyifeng
[2025-10-12 12:39:22] - https://www.loyhome.com/feed
[2025-10-12 13:23:16] 本次订阅抓取结果统计:
[2025-10-12 13:23:16] 共 28 条RSS, 成功抓取 25 条.
[2025-10-12 13:23:16] ✘ 有 3 条订阅解析失败:
[2025-10-12 13:23:16] - https://tcxx.info/feed
[2025-10-12 13:23:16] - https://tumutanzi.com/feed
[2025-10-12 13:23:16] - https://geekinney.com/index.xml
[2025-10-12 13:23:16] ✘ 有 2 条订阅头像无法访问, 已使用默认头像:
[2025-10-12 13:23:16] - https://www.loyhome.com/feed
[2025-10-12 13:23:16] - http://feeds.feedburner.com/ruanyifeng
[2025-10-12 14:17:53] 本次订阅抓取结果统计:
[2025-10-12 14:17:53] 共 28 条RSS, 成功抓取 25 条.
[2025-10-12 14:17:53] ✘ 有 3 条订阅解析失败:
[2025-10-12 14:17:53] - https://tumutanzi.com/feed
[2025-10-12 14:17:53] - https://tcxx.info/feed
[2025-10-12 14:17:53] - https://geekinney.com/index.xml
[2025-10-12 14:17:53] ✘ 有 2 条订阅头像无法访问, 已使用默认头像:
[2025-10-12 14:17:53] - https://www.loyhome.com/feed
[2025-10-12 14:17:53] - http://feeds.feedburner.com/ruanyifeng
