[2025-04-30 01:45:49] 本次订阅抓取结果统计:
[2025-04-30 01:45:49] 共 28 条RSS, 成功抓取 27 条.
[2025-04-30 01:45:49] ✘ 有 1 条订阅解析失败:
[2025-04-30 01:45:49] - https://tcxx.info/feed
[2025-04-30 01:45:49] ✘ 有 2 条订阅头像无法访问, 已使用默认头像:
[2025-04-30 01:45:49] - http://feeds.feedburner.com/ruanyifeng
[2025-04-30 01:45:49] - https://www.loyhome.com/feed
[2025-04-30 03:07:21] 本次订阅抓取结果统计:
[2025-04-30 03:07:21] 共 28 条RSS, 成功抓取 27 条.
[2025-04-30 03:07:21] ✘ 有 1 条订阅解析失败:
[2025-04-30 03:07:21] - https://tcxx.info/feed
[2025-04-30 03:07:21] ✘ 有 2 条订阅头像无法访问, 已使用默认头像:
[2025-04-30 03:07:21] - http://feeds.feedburner.com/ruanyifeng
[2025-04-30 03:07:21] - https://www.loyhome.com/feed
[2025-04-30 04:25:46] 本次订阅抓取结果统计:
[2025-04-30 04:25:46] 共 28 条RSS, 成功抓取 27 条.
[2025-04-30 04:25:46] ✘ 有 1 条订阅解析失败:
[2025-04-30 04:25:46] - https://tcxx.info/feed
[2025-04-30 04:25:46] ✘ 有 2 条订阅头像无法访问, 已使用默认头像:
[2025-04-30 04:25:46] - http://feeds.feedburner.com/ruanyifeng
[2025-04-30 04:25:46] - https://www.loyhome.com/feed
[2025-04-30 05:21:19] 本次订阅抓取结果统计:
[2025-04-30 05:21:19] 共 28 条RSS, 成功抓取 27 条.
[2025-04-30 05:21:19] ✘ 有 1 条订阅解析失败:
[2025-04-30 05:21:19] - https://tcxx.info/feed
[2025-04-30 05:21:19] ✘ 有 2 条订阅头像无法访问, 已使用默认头像:
[2025-04-30 05:21:19] - http://feeds.feedburner.com/ruanyifeng
[2025-04-30 05:21:19] - https://www.loyhome.com/feed
[2025-04-30 06:31:02] 本次订阅抓取结果统计:
[2025-04-30 06:31:02] 共 28 条RSS, 成功抓取 27 条.
[2025-04-30 06:31:02] ✘ 有 1 条订阅解析失败:
[2025-04-30 06:31:02] - https://tcxx.info/feed
[2025-04-30 06:31:02] ✘ 有 2 条订阅头像无法访问, 已使用默认头像:
[2025-04-30 06:31:02] - http://feeds.feedburner.com/ruanyifeng
[2025-04-30 06:31:02] - https://www.loyhome.com/feed
[2025-04-30 07:20:47] 本次订阅抓取结果统计:
[2025-04-30 07:20:47] 共 28 条RSS, 成功抓取 27 条.
[2025-04-30 07:20:47] ✘ 有 1 条订阅解析失败:
[2025-04-30 07:20:47] - https://tcxx.info/feed
[2025-04-30 07:20:47] ✘ 有 2 条订阅头像无法访问, 已使用默认头像:
[2025-04-30 07:20:47] - http://feeds.feedburner.com/ruanyifeng
[2025-04-30 07:20:47] - https://www.loyhome.com/feed
[2025-04-30 08:29:06] 本次订阅抓取结果统计:
[2025-04-30 08:29:06] 共 28 条RSS, 成功抓取 27 条.
[2025-04-30 08:29:06] ✘ 有 1 条订阅解析失败:
[2025-04-30 08:29:06] - https://tcxx.info/feed
[2025-04-30 08:29:06] ✘ 有 2 条订阅头像无法访问, 已使用默认头像:
[2025-04-30 08:29:06] - http://feeds.feedburner.com/ruanyifeng
[2025-04-30 08:29:06] - https://www.loyhome.com/feed
[2025-04-30 09:24:16] 本次订阅抓取结果统计:
[2025-04-30 09:24:16] 共 28 条RSS, 成功抓取 27 条.
[2025-04-30 09:24:16] ✘ 有 1 条订阅解析失败:
[2025-04-30 09:24:16] - https://tcxx.info/feed
[2025-04-30 09:24:16] ✘ 有 2 条订阅头像无法访问, 已使用默认头像:
[2025-04-30 09:24:16] - http://feeds.feedburner.com/ruanyifeng
[2025-04-30 09:24:16] - https://www.loyhome.com/feed
[2025-04-30 10:23:02] 本次订阅抓取结果统计:
[2025-04-30 10:23:02] 共 28 条RSS, 成功抓取 27 条.
[2025-04-30 10:23:02] ✘ 有 1 条订阅解析失败:
[2025-04-30 10:23:02] - https://tcxx.info/feed
[2025-04-30 10:23:02] ✘ 有 2 条订阅头像无法访问, 已使用默认头像:
[2025-04-30 10:23:02] - http://feeds.feedburner.com/ruanyifeng
[2025-04-30 10:23:02] - https://www.loyhome.com/feed
[2025-04-30 11:18:02] 本次订阅抓取结果统计:
[2025-04-30 11:18:02] 共 28 条RSS, 成功抓取 27 条.
[2025-04-30 11:18:02] ✘ 有 1 条订阅解析失败:
[2025-04-30 11:18:02] - https://tcxx.info/feed
[2025-04-30 11:18:02] ✘ 有 2 条订阅头像无法访问, 已使用默认头像:
[2025-04-30 11:18:02] - http://feeds.feedburner.com/ruanyifeng
[2025-04-30 11:18:02] - https://www.loyhome.com/feed
[2025-04-30 12:42:04] 本次订阅抓取结果统计:
[2025-04-30 12:42:04] 共 28 条RSS, 成功抓取 27 条.
[2025-04-30 12:42:04] ✘ 有 1 条订阅解析失败:
[2025-04-30 12:42:04] - https://tcxx.info/feed
[2025-04-30 12:42:04] ✘ 有 2 条订阅头像无法访问, 已使用默认头像:
[2025-04-30 12:42:04] - http://feeds.feedburner.com/ruanyifeng
[2025-04-30 12:42:04] - https://www.loyhome.com/feed
[2025-04-30 13:30:57] 本次订阅抓取结果统计:
[2025-04-30 13:30:57] 共 28 条RSS, 成功抓取 27 条.
[2025-04-30 13:30:57] ✘ 有 1 条订阅解析失败:
[2025-04-30 13:30:57] - https://tcxx.info/feed
[2025-04-30 13:30:57] ✘ 有 2 条订阅头像无法访问, 已使用默认头像:
[2025-04-30 13:30:57] - http://feeds.feedburner.com/ruanyifeng
[2025-04-30 13:30:57] - https://www.loyhome.com/feed
[2025-04-30 14:21:03] 本次订阅抓取结果统计:
[2025-04-30 14:21:03] 共 28 条RSS, 成功抓取 27 条.
[2025-04-30 14:21:03] ✘ 有 1 条订阅解析失败:
[2025-04-30 14:21:03] - https://tcxx.info/feed
[2025-04-30 14:21:03] ✘ 有 2 条订阅头像无法访问, 已使用默认头像:
[2025-04-30 14:21:03] - http://feeds.feedburner.com/ruanyifeng
[2025-04-30 14:21:03] - https://www.loyhome.com/feed
[2025-04-30 15:23:32] 本次订阅抓取结果统计:
[2025-04-30 15:23:32] 共 28 条RSS, 成功抓取 27 条.
[2025-04-30 15:23:32] ✘ 有 1 条订阅解析失败:
[2025-04-30 15:23:32] - https://tcxx.info/feed
[2025-04-30 15:23:32] ✘ 有 2 条订阅头像无法访问, 已使用默认头像:
[2025-04-30 15:23:32] - https://www.loyhome.com/feed
[2025-04-30 15:23:32] - http://feeds.feedburner.com/ruanyifeng
[2025-04-30 16:27:32] 本次订阅抓取结果统计:
[2025-04-30 16:27:32] 共 28 条RSS, 成功抓取 27 条.
[2025-04-30 16:27:32] ✘ 有 1 条订阅解析失败:
[2025-04-30 16:27:32] - https://tcxx.info/feed
[2025-04-30 16:27:32] ✘ 有 2 条订阅头像无法访问, 已使用默认头像:
[2025-04-30 16:27:32] - https://www.loyhome.com/feed
[2025-04-30 16:27:32] - http://feeds.feedburner.com/ruanyifeng
[2025-04-30 17:19:03] 本次订阅抓取结果统计:
[2025-04-30 17:19:03] 共 28 条RSS, 成功抓取 27 条.
[2025-04-30 17:19:03] ✘ 有 1 条订阅解析失败:
[2025-04-30 17:19:03] - https://tcxx.info/feed
[2025-04-30 17:19:03] ✘ 有 2 条订阅头像无法访问, 已使用默认头像:
[2025-04-30 17:19:03] - http://feeds.feedburner.com/ruanyifeng
[2025-04-30 17:19:03] - https://www.loyhome.com/feed
