[2025-04-14 01:46:33] 本次订阅抓取结果统计:
[2025-04-14 01:46:33] 共 28 条RSS, 成功抓取 27 条.
[2025-04-14 01:46:33] ✘ 有 1 条订阅解析失败:
[2025-04-14 01:46:33] - https://tcxx.info/feed
[2025-04-14 01:46:33] ✘ 有 2 条订阅头像无法访问, 已使用默认头像:
[2025-04-14 01:46:33] - http://feeds.feedburner.com/ruanyifeng
[2025-04-14 01:46:33] - https://www.loyhome.com/feed
[2025-04-14 03:08:09] 本次订阅抓取结果统计:
[2025-04-14 03:08:09] 共 28 条RSS, 成功抓取 27 条.
[2025-04-14 03:08:09] ✘ 有 1 条订阅解析失败:
[2025-04-14 03:08:09] - https://tcxx.info/feed
[2025-04-14 03:08:09] ✘ 有 2 条订阅头像无法访问, 已使用默认头像:
[2025-04-14 03:08:09] - http://feeds.feedburner.com/ruanyifeng
[2025-04-14 03:08:09] - https://www.loyhome.com/feed
[2025-04-14 04:25:21] 本次订阅抓取结果统计:
[2025-04-14 04:25:21] 共 28 条RSS, 成功抓取 27 条.
[2025-04-14 04:25:21] ✘ 有 1 条订阅解析失败:
[2025-04-14 04:25:21] - https://tcxx.info/feed
[2025-04-14 04:25:21] ✘ 有 2 条订阅头像无法访问, 已使用默认头像:
[2025-04-14 04:25:21] - http://feeds.feedburner.com/ruanyifeng
[2025-04-14 04:25:21] - https://www.loyhome.com/feed
[2025-04-14 05:22:00] 本次订阅抓取结果统计:
[2025-04-14 05:22:00] 共 28 条RSS, 成功抓取 27 条.
[2025-04-14 05:22:00] ✘ 有 1 条订阅解析失败:
[2025-04-14 05:22:00] - https://tcxx.info/feed
[2025-04-14 05:22:00] ✘ 有 2 条订阅头像无法访问, 已使用默认头像:
[2025-04-14 05:22:00] - http://feeds.feedburner.com/ruanyifeng
[2025-04-14 05:22:00] - https://www.loyhome.com/feed
[2025-04-14 06:32:06] 本次订阅抓取结果统计:
[2025-04-14 06:32:06] 共 28 条RSS, 成功抓取 27 条.
[2025-04-14 06:32:06] ✘ 有 1 条订阅解析失败:
[2025-04-14 06:32:06] - https://tcxx.info/feed
[2025-04-14 06:32:06] ✘ 有 3 条订阅头像无法访问, 已使用默认头像:
[2025-04-14 06:32:06] - http://feeds.feedburner.com/ruanyifeng
[2025-04-14 06:32:06] - https://www.loyhome.com/feed
[2025-04-14 06:32:06] - https://xyzbz.cn/feed
[2025-04-14 07:21:48] 本次订阅抓取结果统计:
[2025-04-14 07:21:48] 共 28 条RSS, 成功抓取 27 条.
[2025-04-14 07:21:48] ✘ 有 1 条订阅解析失败:
[2025-04-14 07:21:48] - https://tcxx.info/feed
[2025-04-14 07:21:48] ✘ 有 2 条订阅头像无法访问, 已使用默认头像:
[2025-04-14 07:21:48] - http://feeds.feedburner.com/ruanyifeng
[2025-04-14 07:21:48] - https://www.loyhome.com/feed
[2025-04-14 08:29:28] 本次订阅抓取结果统计:
[2025-04-14 08:29:28] 共 28 条RSS, 成功抓取 27 条.
[2025-04-14 08:29:28] ✘ 有 1 条订阅解析失败:
[2025-04-14 08:29:28] - https://tcxx.info/feed
[2025-04-14 08:29:28] ✘ 有 2 条订阅头像无法访问, 已使用默认头像:
[2025-04-14 08:29:28] - http://feeds.feedburner.com/ruanyifeng
[2025-04-14 08:29:28] - https://www.loyhome.com/feed
[2025-04-14 09:24:35] 本次订阅抓取结果统计:
[2025-04-14 09:24:35] 共 28 条RSS, 成功抓取 27 条.
[2025-04-14 09:24:35] ✘ 有 1 条订阅解析失败:
[2025-04-14 09:24:35] - https://tcxx.info/feed
[2025-04-14 09:24:35] ✘ 有 3 条订阅头像无法访问, 已使用默认头像:
[2025-04-14 09:24:35] - https://www.loyhome.com/feed
[2025-04-14 09:24:35] - http://feeds.feedburner.com/ruanyifeng
[2025-04-14 09:24:35] - https://blog.ursb.me/feed.xml
[2025-04-14 10:24:13] 本次订阅抓取结果统计:
[2025-04-14 10:24:13] 共 28 条RSS, 成功抓取 27 条.
[2025-04-14 10:24:13] ✘ 有 1 条订阅解析失败:
[2025-04-14 10:24:13] - https://tcxx.info/feed
[2025-04-14 10:24:13] ✘ 有 2 条订阅头像无法访问, 已使用默认头像:
[2025-04-14 10:24:13] - http://feeds.feedburner.com/ruanyifeng
[2025-04-14 10:24:13] - https://www.loyhome.com/feed
[2025-04-14 11:17:51] 本次订阅抓取结果统计:
[2025-04-14 11:17:51] 共 28 条RSS, 成功抓取 27 条.
[2025-04-14 11:17:51] ✘ 有 1 条订阅解析失败:
[2025-04-14 11:17:51] - https://tcxx.info/feed
[2025-04-14 11:17:51] ✘ 有 2 条订阅头像无法访问, 已使用默认头像:
[2025-04-14 11:17:51] - http://feeds.feedburner.com/ruanyifeng
[2025-04-14 11:17:51] - https://www.loyhome.com/feed
[2025-04-14 12:42:49] 本次订阅抓取结果统计:
[2025-04-14 12:42:49] 共 28 条RSS, 成功抓取 27 条.
[2025-04-14 12:42:49] ✘ 有 1 条订阅解析失败:
[2025-04-14 12:42:49] - https://tcxx.info/feed
[2025-04-14 12:42:49] ✘ 有 2 条订阅头像无法访问, 已使用默认头像:
[2025-04-14 12:42:49] - http://feeds.feedburner.com/ruanyifeng
[2025-04-14 12:42:49] - https://www.loyhome.com/feed
[2025-04-14 13:31:38] 本次订阅抓取结果统计:
[2025-04-14 13:31:38] 共 28 条RSS, 成功抓取 27 条.
[2025-04-14 13:31:38] ✘ 有 1 条订阅解析失败:
[2025-04-14 13:31:38] - https://tcxx.info/feed
[2025-04-14 13:31:38] ✘ 有 2 条订阅头像无法访问, 已使用默认头像:
[2025-04-14 13:31:38] - http://feeds.feedburner.com/ruanyifeng
[2025-04-14 13:31:38] - https://www.loyhome.com/feed
[2025-04-14 14:21:49] 本次订阅抓取结果统计:
[2025-04-14 14:21:49] 共 28 条RSS, 成功抓取 27 条.
[2025-04-14 14:21:49] ✘ 有 1 条订阅解析失败:
[2025-04-14 14:21:49] - https://tcxx.info/feed
[2025-04-14 14:21:49] ✘ 有 2 条订阅头像无法访问, 已使用默认头像:
[2025-04-14 14:21:49] - http://feeds.feedburner.com/ruanyifeng
[2025-04-14 14:21:49] - https://www.loyhome.com/feed
[2025-04-14 15:23:13] 本次订阅抓取结果统计:
[2025-04-14 15:23:13] 共 28 条RSS, 成功抓取 27 条.
[2025-04-14 15:23:13] ✘ 有 1 条订阅解析失败:
[2025-04-14 15:23:13] - https://tcxx.info/feed
[2025-04-14 15:23:13] ✘ 有 2 条订阅头像无法访问, 已使用默认头像:
[2025-04-14 15:23:13] - http://feeds.feedburner.com/ruanyifeng
[2025-04-14 15:23:13] - https://www.loyhome.com/feed
[2025-04-14 16:27:08] 本次订阅抓取结果统计:
[2025-04-14 16:27:08] 共 28 条RSS, 成功抓取 27 条.
[2025-04-14 16:27:08] ✘ 有 1 条订阅解析失败:
[2025-04-14 16:27:08] - https://tcxx.info/feed
[2025-04-14 16:27:08] ✘ 有 2 条订阅头像无法访问, 已使用默认头像:
[2025-04-14 16:27:08] - http://feeds.feedburner.com/ruanyifeng
[2025-04-14 16:27:08] - https://www.loyhome.com/feed
[2025-04-14 17:18:59] 本次订阅抓取结果统计:
[2025-04-14 17:18:59] 共 28 条RSS, 成功抓取 27 条.
[2025-04-14 17:18:59] ✘ 有 1 条订阅解析失败:
[2025-04-14 17:18:59] - https://tcxx.info/feed
[2025-04-14 17:18:59] ✘ 有 2 条订阅头像无法访问, 已使用默认头像:
[2025-04-14 17:18:59] - http://feeds.feedburner.com/ruanyifeng
[2025-04-14 17:18:59] - https://www.loyhome.com/feed
[2025-04-14 18:29:52] 本次订阅抓取结果统计:
[2025-04-14 18:29:52] 共 28 条RSS, 成功抓取 27 条.
[2025-04-14 18:29:52] ✘ 有 1 条订阅解析失败:
[2025-04-14 18:29:52] - https://tcxx.info/feed
[2025-04-14 18:29:52] ✘ 有 2 条订阅头像无法访问, 已使用默认头像:
[2025-04-14 18:29:52] - http://feeds.feedburner.com/ruanyifeng
[2025-04-14 18:29:52] - https://www.loyhome.com/feed
[2025-04-14 19:17:24] 本次订阅抓取结果统计:
[2025-04-14 19:17:24] 共 28 条RSS, 成功抓取 27 条.
[2025-04-14 19:17:24] ✘ 有 1 条订阅解析失败:
[2025-04-14 19:17:24] - https://tcxx.info/feed
[2025-04-14 19:17:24] ✘ 有 2 条订阅头像无法访问, 已使用默认头像:
[2025-04-14 19:17:24] - http://feeds.feedburner.com/ruanyifeng
[2025-04-14 19:17:24] - https://www.loyhome.com/feed
