[2025-11-20 01:46:52] 本次订阅抓取结果统计:
[2025-11-20 01:46:52] 共 28 条RSS, 成功抓取 25 条.
[2025-11-20 01:46:52] ✘ 有 3 条订阅解析失败:
[2025-11-20 01:46:52] - https://tumutanzi.com/feed
[2025-11-20 01:46:52] - https://tcxx.info/feed
[2025-11-20 01:46:52] - https://geekinney.com/index.xml
[2025-11-20 01:46:52] ✘ 有 2 条订阅头像无法访问, 已使用默认头像:
[2025-11-20 01:46:52] - http://feeds.feedburner.com/ruanyifeng
[2025-11-20 01:46:52] - https://www.loyhome.com/feed
[2025-11-20 03:12:34] 本次订阅抓取结果统计:
[2025-11-20 03:12:34] 共 28 条RSS, 成功抓取 25 条.
[2025-11-20 03:12:34] ✘ 有 3 条订阅解析失败:
[2025-11-20 03:12:34] - https://tcxx.info/feed
[2025-11-20 03:12:34] - https://tumutanzi.com/feed
[2025-11-20 03:12:34] - https://geekinney.com/index.xml
[2025-11-20 03:12:34] ✘ 有 2 条订阅头像无法访问, 已使用默认头像:
[2025-11-20 03:12:34] - http://feeds.feedburner.com/ruanyifeng
[2025-11-20 03:12:34] - https://www.loyhome.com/feed
[2025-11-20 04:26:37] 本次订阅抓取结果统计:
[2025-11-20 04:26:37] 共 28 条RSS, 成功抓取 25 条.
[2025-11-20 04:26:37] ✘ 有 3 条订阅解析失败:
[2025-11-20 04:26:37] - https://tcxx.info/feed
[2025-11-20 04:26:37] - https://tumutanzi.com/feed
[2025-11-20 04:26:37] - https://geekinney.com/index.xml
[2025-11-20 04:26:37] ✘ 有 2 条订阅头像无法访问, 已使用默认头像:
[2025-11-20 04:26:37] - http://feeds.feedburner.com/ruanyifeng
[2025-11-20 04:26:37] - https://www.loyhome.com/feed
[2025-11-20 05:22:52] 本次订阅抓取结果统计:
[2025-11-20 05:22:52] 共 28 条RSS, 成功抓取 25 条.
[2025-11-20 05:22:52] ✘ 有 3 条订阅解析失败:
[2025-11-20 05:22:52] - https://tcxx.info/feed
[2025-11-20 05:22:52] - https://tumutanzi.com/feed
[2025-11-20 05:22:52] - https://geekinney.com/index.xml
[2025-11-20 05:22:52] ✘ 有 2 条订阅头像无法访问, 已使用默认头像:
[2025-11-20 05:22:52] - http://feeds.feedburner.com/ruanyifeng
[2025-11-20 05:22:52] - https://www.loyhome.com/feed
[2025-11-20 06:33:50] 本次订阅抓取结果统计:
[2025-11-20 06:33:50] 共 28 条RSS, 成功抓取 25 条.
[2025-11-20 06:33:50] ✘ 有 3 条订阅解析失败:
[2025-11-20 06:33:50] - https://tcxx.info/feed
[2025-11-20 06:33:50] - https://tumutanzi.com/feed
[2025-11-20 06:33:50] - https://geekinney.com/index.xml
[2025-11-20 06:33:50] ✘ 有 2 条订阅头像无法访问, 已使用默认头像:
[2025-11-20 06:33:50] - http://feeds.feedburner.com/ruanyifeng
[2025-11-20 06:33:50] - https://www.loyhome.com/feed
[2025-11-20 07:22:34] 本次订阅抓取结果统计:
[2025-11-20 07:22:34] 共 28 条RSS, 成功抓取 25 条.
[2025-11-20 07:22:34] ✘ 有 3 条订阅解析失败:
[2025-11-20 07:22:34] - https://tcxx.info/feed
[2025-11-20 07:22:34] - https://tumutanzi.com/feed
[2025-11-20 07:22:34] - https://geekinney.com/index.xml
[2025-11-20 07:22:34] ✘ 有 2 条订阅头像无法访问, 已使用默认头像:
[2025-11-20 07:22:34] - https://www.loyhome.com/feed
[2025-11-20 07:22:34] - http://feeds.feedburner.com/ruanyifeng
[2025-11-20 08:31:53] 本次订阅抓取结果统计:
[2025-11-20 08:31:53] 共 28 条RSS, 成功抓取 25 条.
[2025-11-20 08:31:53] ✘ 有 3 条订阅解析失败:
[2025-11-20 08:31:53] - https://tcxx.info/feed
[2025-11-20 08:31:53] - https://tumutanzi.com/feed
[2025-11-20 08:31:53] - https://geekinney.com/index.xml
[2025-11-20 08:31:53] ✘ 有 2 条订阅头像无法访问, 已使用默认头像:
[2025-11-20 08:31:53] - http://feeds.feedburner.com/ruanyifeng
[2025-11-20 08:31:53] - https://www.loyhome.com/feed
[2025-11-20 09:24:39] 本次订阅抓取结果统计:
[2025-11-20 09:24:39] 共 28 条RSS, 成功抓取 25 条.
[2025-11-20 09:24:39] ✘ 有 3 条订阅解析失败:
[2025-11-20 09:24:39] - https://tcxx.info/feed
[2025-11-20 09:24:39] - https://tumutanzi.com/feed
[2025-11-20 09:24:39] - https://geekinney.com/index.xml
[2025-11-20 09:24:39] ✘ 有 2 条订阅头像无法访问, 已使用默认头像:
[2025-11-20 09:24:39] - http://feeds.feedburner.com/ruanyifeng
[2025-11-20 09:24:39] - https://www.loyhome.com/feed
[2025-11-20 10:25:16] 本次订阅抓取结果统计:
[2025-11-20 10:25:16] 共 28 条RSS, 成功抓取 25 条.
[2025-11-20 10:25:16] ✘ 有 3 条订阅解析失败:
[2025-11-20 10:25:16] - https://tcxx.info/feed
[2025-11-20 10:25:16] - https://tumutanzi.com/feed
[2025-11-20 10:25:16] - https://geekinney.com/index.xml
[2025-11-20 10:25:16] ✘ 有 2 条订阅头像无法访问, 已使用默认头像:
[2025-11-20 10:25:16] - http://feeds.feedburner.com/ruanyifeng
[2025-11-20 10:25:16] - https://www.loyhome.com/feed
[2025-11-20 11:20:13] 本次订阅抓取结果统计:
[2025-11-20 11:20:13] 共 28 条RSS, 成功抓取 25 条.
[2025-11-20 11:20:13] ✘ 有 3 条订阅解析失败:
[2025-11-20 11:20:13] - https://tcxx.info/feed
[2025-11-20 11:20:13] - https://tumutanzi.com/feed
[2025-11-20 11:20:13] - https://geekinney.com/index.xml
[2025-11-20 11:20:13] ✘ 有 2 条订阅头像无法访问, 已使用默认头像:
[2025-11-20 11:20:13] - http://feeds.feedburner.com/ruanyifeng
[2025-11-20 11:20:13] - https://www.loyhome.com/feed
[2025-11-20 12:47:15] 本次订阅抓取结果统计:
[2025-11-20 12:47:15] 共 28 条RSS, 成功抓取 25 条.
[2025-11-20 12:47:15] ✘ 有 3 条订阅解析失败:
[2025-11-20 12:47:15] - https://tcxx.info/feed
[2025-11-20 12:47:15] - https://tumutanzi.com/feed
[2025-11-20 12:47:15] - https://geekinney.com/index.xml
[2025-11-20 12:47:15] ✘ 有 2 条订阅头像无法访问, 已使用默认头像:
[2025-11-20 12:47:15] - http://feeds.feedburner.com/ruanyifeng
[2025-11-20 12:47:15] - https://www.loyhome.com/feed
[2025-11-20 13:32:17] 本次订阅抓取结果统计:
[2025-11-20 13:32:17] 共 28 条RSS, 成功抓取 25 条.
[2025-11-20 13:32:17] ✘ 有 3 条订阅解析失败:
[2025-11-20 13:32:17] - https://tumutanzi.com/feed
[2025-11-20 13:32:17] - https://tcxx.info/feed
[2025-11-20 13:32:17] - https://geekinney.com/index.xml
[2025-11-20 13:32:17] ✘ 有 2 条订阅头像无法访问, 已使用默认头像:
[2025-11-20 13:32:17] - http://feeds.feedburner.com/ruanyifeng
[2025-11-20 13:32:17] - https://www.loyhome.com/feed
[2025-11-20 14:23:39] 本次订阅抓取结果统计:
[2025-11-20 14:23:39] 共 28 条RSS, 成功抓取 25 条.
[2025-11-20 14:23:39] ✘ 有 3 条订阅解析失败:
[2025-11-20 14:23:39] - https://tumutanzi.com/feed
[2025-11-20 14:23:39] - https://tcxx.info/feed
[2025-11-20 14:23:39] - https://geekinney.com/index.xml
[2025-11-20 14:23:39] ✘ 有 2 条订阅头像无法访问, 已使用默认头像:
[2025-11-20 14:23:39] - http://feeds.feedburner.com/ruanyifeng
[2025-11-20 14:23:39] - https://www.loyhome.com/feed
[2025-11-20 15:25:55] 本次订阅抓取结果统计:
[2025-11-20 15:25:55] 共 28 条RSS, 成功抓取 25 条.
[2025-11-20 15:25:55] ✘ 有 3 条订阅解析失败:
[2025-11-20 15:25:55] - https://tcxx.info/feed
[2025-11-20 15:25:55] - https://tumutanzi.com/feed
[2025-11-20 15:25:55] - https://geekinney.com/index.xml
[2025-11-20 15:25:55] ✘ 有 2 条订阅头像无法访问, 已使用默认头像:
[2025-11-20 15:25:55] - http://feeds.feedburner.com/ruanyifeng
[2025-11-20 15:25:55] - https://www.loyhome.com/feed
[2025-11-20 16:30:30] 本次订阅抓取结果统计:
[2025-11-20 16:30:30] 共 28 条RSS, 成功抓取 25 条.
[2025-11-20 16:30:30] ✘ 有 3 条订阅解析失败:
[2025-11-20 16:30:30] - https://tcxx.info/feed
[2025-11-20 16:30:30] - https://tumutanzi.com/feed
[2025-11-20 16:30:30] - https://geekinney.com/index.xml
[2025-11-20 16:30:30] ✘ 有 2 条订阅头像无法访问, 已使用默认头像:
[2025-11-20 16:30:30] - http://feeds.feedburner.com/ruanyifeng
[2025-11-20 16:30:30] - https://www.loyhome.com/feed
[2025-11-20 17:18:03] 本次订阅抓取结果统计:
[2025-11-20 17:18:03] 共 28 条RSS, 成功抓取 25 条.
[2025-11-20 17:18:03] ✘ 有 3 条订阅解析失败:
[2025-11-20 17:18:03] - https://tcxx.info/feed
[2025-11-20 17:18:03] - https://tumutanzi.com/feed
[2025-11-20 17:18:03] - https://geekinney.com/index.xml
[2025-11-20 17:18:03] ✘ 有 2 条订阅头像无法访问, 已使用默认头像:
[2025-11-20 17:18:03] - https://www.loyhome.com/feed
[2025-11-20 17:18:03] - http://feeds.feedburner.com/ruanyifeng
[2025-11-20 18:33:46] 本次订阅抓取结果统计:
[2025-11-20 18:33:46] 共 28 条RSS, 成功抓取 25 条.
[2025-11-20 18:33:46] ✘ 有 3 条订阅解析失败:
[2025-11-20 18:33:46] - https://tumutanzi.com/feed
[2025-11-20 18:33:46] - https://tcxx.info/feed
[2025-11-20 18:33:46] - https://geekinney.com/index.xml
[2025-11-20 18:33:46] ✘ 有 2 条订阅头像无法访问, 已使用默认头像:
[2025-11-20 18:33:46] - http://feeds.feedburner.com/ruanyifeng
[2025-11-20 18:33:46] - https://www.loyhome.com/feed
[2025-11-20 19:18:39] 本次订阅抓取结果统计:
[2025-11-20 19:18:39] 共 28 条RSS, 成功抓取 25 条.
[2025-11-20 19:18:39] ✘ 有 3 条订阅解析失败:
[2025-11-20 19:18:39] - https://tumutanzi.com/feed
[2025-11-20 19:18:39] - https://tcxx.info/feed
[2025-11-20 19:18:39] - https://geekinney.com/index.xml
[2025-11-20 19:18:39] ✘ 有 2 条订阅头像无法访问, 已使用默认头像:
[2025-11-20 19:18:39] - https://www.loyhome.com/feed
[2025-11-20 19:18:39] - http://feeds.feedburner.com/ruanyifeng
[2025-11-20 20:26:41] 本次订阅抓取结果统计:
[2025-11-20 20:26:41] 共 28 条RSS, 成功抓取 25 条.
[2025-11-20 20:26:41] ✘ 有 3 条订阅解析失败:
[2025-11-20 20:26:41] - https://tumutanzi.com/feed
[2025-11-20 20:26:41] - https://tcxx.info/feed
[2025-11-20 20:26:41] - https://geekinney.com/index.xml
[2025-11-20 20:26:41] ✘ 有 2 条订阅头像无法访问, 已使用默认头像:
[2025-11-20 20:26:41] - http://feeds.feedburner.com/ruanyifeng
[2025-11-20 20:26:41] - https://www.loyhome.com/feed
[2025-11-20 21:21:04] 本次订阅抓取结果统计:
[2025-11-20 21:21:04] 共 28 条RSS, 成功抓取 25 条.
[2025-11-20 21:21:04] ✘ 有 3 条订阅解析失败:
[2025-11-20 21:21:04] - https://tumutanzi.com/feed
[2025-11-20 21:21:04] - https://tcxx.info/feed
[2025-11-20 21:21:04] - https://geekinney.com/index.xml
[2025-11-20 21:21:04] ✘ 有 2 条订阅头像无法访问, 已使用默认头像:
[2025-11-20 21:21:04] - http://feeds.feedburner.com/ruanyifeng
[2025-11-20 21:21:04] - https://www.loyhome.com/feed
[2025-11-20 22:20:27] 本次订阅抓取结果统计:
[2025-11-20 22:20:27] 共 28 条RSS, 成功抓取 25 条.
[2025-11-20 22:20:27] ✘ 有 3 条订阅解析失败:
[2025-11-20 22:20:27] - https://tumutanzi.com/feed
[2025-11-20 22:20:27] - https://tcxx.info/feed
[2025-11-20 22:20:27] - https://geekinney.com/index.xml
[2025-11-20 22:20:27] ✘ 有 2 条订阅头像无法访问, 已使用默认头像:
[2025-11-20 22:20:27] - https://www.loyhome.com/feed
[2025-11-20 22:20:27] - http://feeds.feedburner.com/ruanyifeng
[2025-11-20 23:20:49] 本次订阅抓取结果统计:
[2025-11-20 23:20:49] 共 28 条RSS, 成功抓取 25 条.
[2025-11-20 23:20:49] ✘ 有 3 条订阅解析失败:
[2025-11-20 23:20:49] - https://tumutanzi.com/feed
[2025-11-20 23:20:49] - https://tcxx.info/feed
[2025-11-20 23:20:49] - https://geekinney.com/index.xml
[2025-11-20 23:20:49] ✘ 有 2 条订阅头像无法访问, 已使用默认头像:
[2025-11-20 23:20:49] - http://feeds.feedburner.com/ruanyifeng
[2025-11-20 23:20:49] - https://www.loyhome.com/feed
