[2025-07-13 02:06:49] 本次订阅抓取结果统计:
[2025-07-13 02:06:49] 共 28 条RSS, 成功抓取 27 条.
[2025-07-13 02:06:49] ✘ 有 1 条订阅解析失败:
[2025-07-13 02:06:49] - https://tcxx.info/feed
[2025-07-13 02:06:49] ✘ 有 2 条订阅头像无法访问, 已使用默认头像:
[2025-07-13 02:06:49] - http://feeds.feedburner.com/ruanyifeng
[2025-07-13 02:06:49] - https://www.loyhome.com/feed
[2025-07-13 04:01:09] 本次订阅抓取结果统计:
[2025-07-13 04:01:09] 共 28 条RSS, 成功抓取 27 条.
[2025-07-13 04:01:09] ✘ 有 1 条订阅解析失败:
[2025-07-13 04:01:09] - https://tcxx.info/feed
[2025-07-13 04:01:09] ✘ 有 2 条订阅头像无法访问, 已使用默认头像:
[2025-07-13 04:01:09] - http://feeds.feedburner.com/ruanyifeng
[2025-07-13 04:01:09] - https://www.loyhome.com/feed
[2025-07-13 05:24:32] 本次订阅抓取结果统计:
[2025-07-13 05:24:32] 共 28 条RSS, 成功抓取 27 条.
[2025-07-13 05:24:32] ✘ 有 1 条订阅解析失败:
[2025-07-13 05:24:32] - https://tcxx.info/feed
[2025-07-13 05:24:32] ✘ 有 2 条订阅头像无法访问, 已使用默认头像:
[2025-07-13 05:24:32] - http://feeds.feedburner.com/ruanyifeng
[2025-07-13 05:24:32] - https://www.loyhome.com/feed
