[2025-07-04 01:53:09] 本次订阅抓取结果统计:
[2025-07-04 01:53:09] 共 28 条RSS, 成功抓取 27 条.
[2025-07-04 01:53:09] ✘ 有 1 条订阅解析失败:
[2025-07-04 01:53:09] - https://tcxx.info/feed
[2025-07-04 01:53:09] ✘ 有 2 条订阅头像无法访问, 已使用默认头像:
[2025-07-04 01:53:09] - http://feeds.feedburner.com/ruanyifeng
[2025-07-04 01:53:09] - https://www.loyhome.com/feed
[2025-07-04 03:20:04] 本次订阅抓取结果统计:
[2025-07-04 03:20:04] 共 28 条RSS, 成功抓取 27 条.
[2025-07-04 03:20:04] ✘ 有 1 条订阅解析失败:
[2025-07-04 03:20:04] - https://tcxx.info/feed
[2025-07-04 03:20:04] ✘ 有 2 条订阅头像无法访问, 已使用默认头像:
[2025-07-04 03:20:04] - http://feeds.feedburner.com/ruanyifeng
[2025-07-04 03:20:04] - https://www.loyhome.com/feed
[2025-07-04 04:32:21] 本次订阅抓取结果统计:
[2025-07-04 04:32:21] 共 28 条RSS, 成功抓取 27 条.
[2025-07-04 04:32:21] ✘ 有 1 条订阅解析失败:
[2025-07-04 04:32:21] - https://tcxx.info/feed
[2025-07-04 04:32:21] ✘ 有 2 条订阅头像无法访问, 已使用默认头像:
[2025-07-04 04:32:21] - http://feeds.feedburner.com/ruanyifeng
[2025-07-04 04:32:21] - https://www.loyhome.com/feed
[2025-07-04 05:25:00] 本次订阅抓取结果统计:
[2025-07-04 05:25:00] 共 28 条RSS, 成功抓取 27 条.
[2025-07-04 05:25:00] ✘ 有 1 条订阅解析失败:
[2025-07-04 05:25:00] - https://tcxx.info/feed
[2025-07-04 05:25:00] ✘ 有 2 条订阅头像无法访问, 已使用默认头像:
[2025-07-04 05:25:00] - http://feeds.feedburner.com/ruanyifeng
[2025-07-04 05:25:00] - https://www.loyhome.com/feed
[2025-07-04 06:34:08] 本次订阅抓取结果统计:
[2025-07-04 06:34:08] 共 28 条RSS, 成功抓取 27 条.
[2025-07-04 06:34:08] ✘ 有 1 条订阅解析失败:
[2025-07-04 06:34:08] - https://tcxx.info/feed
[2025-07-04 06:34:08] ✘ 有 2 条订阅头像无法访问, 已使用默认头像:
[2025-07-04 06:34:08] - http://feeds.feedburner.com/ruanyifeng
[2025-07-04 06:34:08] - https://www.loyhome.com/feed
[2025-07-04 07:23:12] 本次订阅抓取结果统计:
[2025-07-04 07:23:12] 共 28 条RSS, 成功抓取 27 条.
[2025-07-04 07:23:12] ✘ 有 1 条订阅解析失败:
[2025-07-04 07:23:12] - https://tcxx.info/feed
[2025-07-04 07:23:12] ✘ 有 2 条订阅头像无法访问, 已使用默认头像:
[2025-07-04 07:23:12] - http://feeds.feedburner.com/ruanyifeng
[2025-07-04 07:23:12] - https://www.loyhome.com/feed
[2025-07-04 08:30:24] 本次订阅抓取结果统计:
[2025-07-04 08:30:24] 共 28 条RSS, 成功抓取 27 条.
[2025-07-04 08:30:24] ✘ 有 1 条订阅解析失败:
[2025-07-04 08:30:24] - https://tcxx.info/feed
[2025-07-04 08:30:24] ✘ 有 2 条订阅头像无法访问, 已使用默认头像:
[2025-07-04 08:30:24] - http://feeds.feedburner.com/ruanyifeng
[2025-07-04 08:30:24] - https://www.loyhome.com/feed
[2025-07-04 09:25:24] 本次订阅抓取结果统计:
[2025-07-04 09:25:24] 共 28 条RSS, 成功抓取 27 条.
[2025-07-04 09:25:24] ✘ 有 1 条订阅解析失败:
[2025-07-04 09:25:24] - https://tcxx.info/feed
[2025-07-04 09:25:24] ✘ 有 2 条订阅头像无法访问, 已使用默认头像:
[2025-07-04 09:25:24] - http://feeds.feedburner.com/ruanyifeng
[2025-07-04 09:25:24] - https://www.loyhome.com/feed
[2025-07-04 10:24:24] 本次订阅抓取结果统计:
[2025-07-04 10:24:24] 共 28 条RSS, 成功抓取 27 条.
[2025-07-04 10:24:24] ✘ 有 1 条订阅解析失败:
[2025-07-04 10:24:24] - https://tcxx.info/feed
[2025-07-04 10:24:24] ✘ 有 2 条订阅头像无法访问, 已使用默认头像:
[2025-07-04 10:24:24] - http://feeds.feedburner.com/ruanyifeng
[2025-07-04 10:24:24] - https://www.loyhome.com/feed
[2025-07-04 11:19:49] 本次订阅抓取结果统计:
[2025-07-04 11:19:49] 共 28 条RSS, 成功抓取 27 条.
[2025-07-04 11:19:49] ✘ 有 1 条订阅解析失败:
[2025-07-04 11:19:49] - https://tcxx.info/feed
[2025-07-04 11:19:49] ✘ 有 2 条订阅头像无法访问, 已使用默认头像:
[2025-07-04 11:19:49] - http://feeds.feedburner.com/ruanyifeng
[2025-07-04 11:19:49] - https://www.loyhome.com/feed
[2025-07-04 12:45:50] 本次订阅抓取结果统计:
[2025-07-04 12:45:50] 共 28 条RSS, 成功抓取 27 条.
[2025-07-04 12:45:50] ✘ 有 1 条订阅解析失败:
[2025-07-04 12:45:50] - https://tcxx.info/feed
[2025-07-04 12:45:50] ✘ 有 2 条订阅头像无法访问, 已使用默认头像:
[2025-07-04 12:45:50] - http://feeds.feedburner.com/ruanyifeng
[2025-07-04 12:45:50] - https://www.loyhome.com/feed
[2025-07-04 13:33:23] 本次订阅抓取结果统计:
[2025-07-04 13:33:23] 共 28 条RSS, 成功抓取 27 条.
[2025-07-04 13:33:23] ✘ 有 1 条订阅解析失败:
[2025-07-04 13:33:23] - https://tcxx.info/feed
[2025-07-04 13:33:23] ✘ 有 2 条订阅头像无法访问, 已使用默认头像:
[2025-07-04 13:33:23] - http://feeds.feedburner.com/ruanyifeng
[2025-07-04 13:33:23] - https://www.loyhome.com/feed
[2025-07-04 14:21:56] 本次订阅抓取结果统计:
[2025-07-04 14:21:56] 共 28 条RSS, 成功抓取 27 条.
[2025-07-04 14:21:56] ✘ 有 1 条订阅解析失败:
[2025-07-04 14:21:56] - https://tcxx.info/feed
[2025-07-04 14:21:56] ✘ 有 2 条订阅头像无法访问, 已使用默认头像:
[2025-07-04 14:21:56] - http://feeds.feedburner.com/ruanyifeng
[2025-07-04 14:21:56] - https://www.loyhome.com/feed
[2025-07-04 15:23:07] 本次订阅抓取结果统计:
[2025-07-04 15:23:07] 共 28 条RSS, 成功抓取 27 条.
[2025-07-04 15:23:07] ✘ 有 1 条订阅解析失败:
[2025-07-04 15:23:07] - https://tcxx.info/feed
[2025-07-04 15:23:07] ✘ 有 3 条订阅头像无法访问, 已使用默认头像:
[2025-07-04 15:23:07] - http://feeds.feedburner.com/ruanyifeng
[2025-07-04 15:23:07] - https://www.loyhome.com/feed
[2025-07-04 15:23:07] - https://xyzbz.cn/feed
[2025-07-04 16:27:55] 本次订阅抓取结果统计:
[2025-07-04 16:27:55] 共 28 条RSS, 成功抓取 27 条.
[2025-07-04 16:27:55] ✘ 有 1 条订阅解析失败:
[2025-07-04 16:27:55] - https://tcxx.info/feed
[2025-07-04 16:27:55] ✘ 有 2 条订阅头像无法访问, 已使用默认头像:
[2025-07-04 16:27:55] - http://feeds.feedburner.com/ruanyifeng
[2025-07-04 16:27:55] - https://www.loyhome.com/feed
[2025-07-04 17:19:26] 本次订阅抓取结果统计:
[2025-07-04 17:19:26] 共 28 条RSS, 成功抓取 27 条.
[2025-07-04 17:19:26] ✘ 有 1 条订阅解析失败:
[2025-07-04 17:19:26] - https://tcxx.info/feed
[2025-07-04 17:19:26] ✘ 有 2 条订阅头像无法访问, 已使用默认头像:
[2025-07-04 17:19:26] - http://feeds.feedburner.com/ruanyifeng
[2025-07-04 17:19:26] - https://www.loyhome.com/feed
[2025-07-04 18:30:56] 本次订阅抓取结果统计:
[2025-07-04 18:30:56] 共 28 条RSS, 成功抓取 27 条.
[2025-07-04 18:30:56] ✘ 有 1 条订阅解析失败:
[2025-07-04 18:30:56] - https://tcxx.info/feed
[2025-07-04 18:30:56] ✘ 有 2 条订阅头像无法访问, 已使用默认头像:
[2025-07-04 18:30:56] - http://feeds.feedburner.com/ruanyifeng
[2025-07-04 18:30:56] - https://www.loyhome.com/feed
[2025-07-04 19:18:33] 本次订阅抓取结果统计:
[2025-07-04 19:18:33] 共 28 条RSS, 成功抓取 27 条.
[2025-07-04 19:18:33] ✘ 有 1 条订阅解析失败:
[2025-07-04 19:18:33] - https://tcxx.info/feed
[2025-07-04 19:18:33] ✘ 有 2 条订阅头像无法访问, 已使用默认头像:
[2025-07-04 19:18:33] - http://feeds.feedburner.com/ruanyifeng
[2025-07-04 19:18:33] - https://www.loyhome.com/feed
[2025-07-04 20:24:12] 本次订阅抓取结果统计:
[2025-07-04 20:24:12] 共 28 条RSS, 成功抓取 27 条.
[2025-07-04 20:24:12] ✘ 有 1 条订阅解析失败:
[2025-07-04 20:24:12] - https://tcxx.info/feed
[2025-07-04 20:24:12] ✘ 有 2 条订阅头像无法访问, 已使用默认头像:
[2025-07-04 20:24:12] - http://feeds.feedburner.com/ruanyifeng
[2025-07-04 20:24:12] - https://www.loyhome.com/feed
[2025-07-04 21:20:54] 本次订阅抓取结果统计:
[2025-07-04 21:20:54] 共 28 条RSS, 成功抓取 27 条.
[2025-07-04 21:20:54] ✘ 有 1 条订阅解析失败:
[2025-07-04 21:20:54] - https://tcxx.info/feed
[2025-07-04 21:20:54] ✘ 有 2 条订阅头像无法访问, 已使用默认头像:
[2025-07-04 21:20:54] - http://feeds.feedburner.com/ruanyifeng
[2025-07-04 21:20:54] - https://www.loyhome.com/feed
[2025-07-04 22:21:24] 本次订阅抓取结果统计:
[2025-07-04 22:21:24] 共 28 条RSS, 成功抓取 27 条.
[2025-07-04 22:21:24] ✘ 有 1 条订阅解析失败:
[2025-07-04 22:21:24] - https://tcxx.info/feed
[2025-07-04 22:21:24] ✘ 有 2 条订阅头像无法访问, 已使用默认头像:
[2025-07-04 22:21:24] - http://feeds.feedburner.com/ruanyifeng
[2025-07-04 22:21:24] - https://www.loyhome.com/feed
