[2025-12-05 01:52:53] 本次订阅抓取结果统计:
[2025-12-05 01:52:53] 共 28 条RSS, 成功抓取 25 条.
[2025-12-05 01:52:53] ✘ 有 3 条订阅解析失败:
[2025-12-05 01:52:53] - https://tumutanzi.com/feed
[2025-12-05 01:52:53] - https://tcxx.info/feed
[2025-12-05 01:52:53] - https://geekinney.com/index.xml
[2025-12-05 01:52:53] ✘ 有 3 条订阅头像无法访问, 已使用默认头像:
[2025-12-05 01:52:53] - http://feeds.feedburner.com/ruanyifeng
[2025-12-05 01:52:53] - https://www.loyhome.com/feed
[2025-12-05 01:52:53] - https://xyzbz.cn/feed
[2025-12-05 03:21:29] 本次订阅抓取结果统计:
[2025-12-05 03:21:29] 共 28 条RSS, 成功抓取 25 条.
[2025-12-05 03:21:29] ✘ 有 3 条订阅解析失败:
[2025-12-05 03:21:29] - https://tumutanzi.com/feed
[2025-12-05 03:21:29] - https://tcxx.info/feed
[2025-12-05 03:21:29] - https://geekinney.com/index.xml
[2025-12-05 03:21:29] ✘ 有 2 条订阅头像无法访问, 已使用默认头像:
[2025-12-05 03:21:29] - http://feeds.feedburner.com/ruanyifeng
[2025-12-05 03:21:29] - https://www.loyhome.com/feed
[2025-12-05 04:32:31] 本次订阅抓取结果统计:
[2025-12-05 04:32:31] 共 28 条RSS, 成功抓取 25 条.
[2025-12-05 04:32:31] ✘ 有 3 条订阅解析失败:
[2025-12-05 04:32:31] - https://tcxx.info/feed
[2025-12-05 04:32:31] - https://tumutanzi.com/feed
[2025-12-05 04:32:31] - https://geekinney.com/index.xml
[2025-12-05 04:32:31] ✘ 有 2 条订阅头像无法访问, 已使用默认头像:
[2025-12-05 04:32:31] - https://www.loyhome.com/feed
[2025-12-05 04:32:31] - http://feeds.feedburner.com/ruanyifeng
[2025-12-05 05:24:16] 本次订阅抓取结果统计:
[2025-12-05 05:24:16] 共 28 条RSS, 成功抓取 25 条.
[2025-12-05 05:24:16] ✘ 有 3 条订阅解析失败:
[2025-12-05 05:24:16] - https://tcxx.info/feed
[2025-12-05 05:24:16] - https://tumutanzi.com/feed
[2025-12-05 05:24:16] - https://geekinney.com/index.xml
[2025-12-05 05:24:16] ✘ 有 2 条订阅头像无法访问, 已使用默认头像:
[2025-12-05 05:24:16] - http://feeds.feedburner.com/ruanyifeng
[2025-12-05 05:24:16] - https://www.loyhome.com/feed
[2025-12-05 06:36:53] 本次订阅抓取结果统计:
[2025-12-05 06:36:53] 共 28 条RSS, 成功抓取 25 条.
[2025-12-05 06:36:53] ✘ 有 3 条订阅解析失败:
[2025-12-05 06:36:53] - https://tumutanzi.com/feed
[2025-12-05 06:36:53] - https://tcxx.info/feed
[2025-12-05 06:36:53] - https://geekinney.com/index.xml
[2025-12-05 06:36:53] ✘ 有 2 条订阅头像无法访问, 已使用默认头像:
[2025-12-05 06:36:53] - http://feeds.feedburner.com/ruanyifeng
[2025-12-05 06:36:53] - https://www.loyhome.com/feed
[2025-12-05 07:24:26] 本次订阅抓取结果统计:
[2025-12-05 07:24:26] 共 28 条RSS, 成功抓取 25 条.
[2025-12-05 07:24:26] ✘ 有 3 条订阅解析失败:
[2025-12-05 07:24:26] - https://tumutanzi.com/feed
[2025-12-05 07:24:26] - https://tcxx.info/feed
[2025-12-05 07:24:26] - https://geekinney.com/index.xml
[2025-12-05 07:24:26] ✘ 有 2 条订阅头像无法访问, 已使用默认头像:
[2025-12-05 07:24:26] - http://feeds.feedburner.com/ruanyifeng
[2025-12-05 07:24:26] - https://www.loyhome.com/feed
[2025-12-05 08:32:12] 本次订阅抓取结果统计:
[2025-12-05 08:32:12] 共 28 条RSS, 成功抓取 25 条.
[2025-12-05 08:32:12] ✘ 有 3 条订阅解析失败:
[2025-12-05 08:32:12] - https://tumutanzi.com/feed
[2025-12-05 08:32:12] - https://tcxx.info/feed
[2025-12-05 08:32:12] - https://geekinney.com/index.xml
[2025-12-05 08:32:12] ✘ 有 2 条订阅头像无法访问, 已使用默认头像:
[2025-12-05 08:32:12] - http://feeds.feedburner.com/ruanyifeng
[2025-12-05 08:32:12] - https://www.loyhome.com/feed
[2025-12-05 09:25:55] 本次订阅抓取结果统计:
[2025-12-05 09:25:55] 共 28 条RSS, 成功抓取 25 条.
[2025-12-05 09:25:55] ✘ 有 3 条订阅解析失败:
[2025-12-05 09:25:55] - https://tcxx.info/feed
[2025-12-05 09:25:55] - https://tumutanzi.com/feed
[2025-12-05 09:25:55] - https://geekinney.com/index.xml
[2025-12-05 09:25:55] ✘ 有 2 条订阅头像无法访问, 已使用默认头像:
[2025-12-05 09:25:55] - http://feeds.feedburner.com/ruanyifeng
[2025-12-05 09:25:55] - https://www.loyhome.com/feed
[2025-12-05 10:25:54] 本次订阅抓取结果统计:
[2025-12-05 10:25:54] 共 28 条RSS, 成功抓取 25 条.
[2025-12-05 10:25:54] ✘ 有 3 条订阅解析失败:
[2025-12-05 10:25:54] - https://tcxx.info/feed
[2025-12-05 10:25:54] - https://tumutanzi.com/feed
[2025-12-05 10:25:54] - https://geekinney.com/index.xml
[2025-12-05 10:25:54] ✘ 有 2 条订阅头像无法访问, 已使用默认头像:
[2025-12-05 10:25:54] - http://feeds.feedburner.com/ruanyifeng
[2025-12-05 10:25:54] - https://www.loyhome.com/feed
[2025-12-05 11:21:21] 本次订阅抓取结果统计:
[2025-12-05 11:21:21] 共 28 条RSS, 成功抓取 25 条.
[2025-12-05 11:21:21] ✘ 有 3 条订阅解析失败:
[2025-12-05 11:21:21] - https://tumutanzi.com/feed
[2025-12-05 11:21:21] - https://tcxx.info/feed
[2025-12-05 11:21:21] - https://geekinney.com/index.xml
[2025-12-05 11:21:21] ✘ 有 3 条订阅头像无法访问, 已使用默认头像:
[2025-12-05 11:21:21] - http://feeds.feedburner.com/ruanyifeng
[2025-12-05 11:21:21] - https://www.loyhome.com/feed
[2025-12-05 11:21:21] - https://xyzbz.cn/feed
[2025-12-05 12:49:36] 本次订阅抓取结果统计:
[2025-12-05 12:49:36] 共 28 条RSS, 成功抓取 25 条.
[2025-12-05 12:49:36] ✘ 有 3 条订阅解析失败:
[2025-12-05 12:49:36] - https://tcxx.info/feed
[2025-12-05 12:49:36] - https://tumutanzi.com/feed
[2025-12-05 12:49:36] - https://geekinney.com/index.xml
[2025-12-05 12:49:36] ✘ 有 2 条订阅头像无法访问, 已使用默认头像:
[2025-12-05 12:49:36] - https://www.loyhome.com/feed
[2025-12-05 12:49:36] - http://feeds.feedburner.com/ruanyifeng
[2025-12-05 13:34:42] 本次订阅抓取结果统计:
[2025-12-05 13:34:42] 共 28 条RSS, 成功抓取 25 条.
[2025-12-05 13:34:42] ✘ 有 3 条订阅解析失败:
[2025-12-05 13:34:42] - https://tcxx.info/feed
[2025-12-05 13:34:42] - https://tumutanzi.com/feed
[2025-12-05 13:34:42] - https://geekinney.com/index.xml
[2025-12-05 13:34:42] ✘ 有 2 条订阅头像无法访问, 已使用默认头像:
[2025-12-05 13:34:42] - https://www.loyhome.com/feed
[2025-12-05 13:34:42] - http://feeds.feedburner.com/ruanyifeng
[2025-12-05 14:24:56] 本次订阅抓取结果统计:
[2025-12-05 14:24:56] 共 28 条RSS, 成功抓取 25 条.
[2025-12-05 14:24:56] ✘ 有 3 条订阅解析失败:
[2025-12-05 14:24:56] - https://tcxx.info/feed
[2025-12-05 14:24:56] - https://tumutanzi.com/feed
[2025-12-05 14:24:56] - https://geekinney.com/index.xml
[2025-12-05 14:24:56] ✘ 有 2 条订阅头像无法访问, 已使用默认头像:
[2025-12-05 14:24:56] - http://feeds.feedburner.com/ruanyifeng
[2025-12-05 14:24:56] - https://www.loyhome.com/feed
[2025-12-05 15:25:47] 本次订阅抓取结果统计:
[2025-12-05 15:25:47] 共 28 条RSS, 成功抓取 25 条.
[2025-12-05 15:25:47] ✘ 有 3 条订阅解析失败:
[2025-12-05 15:25:47] - https://tcxx.info/feed
[2025-12-05 15:25:47] - https://tumutanzi.com/feed
[2025-12-05 15:25:47] - https://geekinney.com/index.xml
[2025-12-05 15:25:47] ✘ 有 2 条订阅头像无法访问, 已使用默认头像:
[2025-12-05 15:25:47] - http://feeds.feedburner.com/ruanyifeng
[2025-12-05 15:25:47] - https://www.loyhome.com/feed
[2025-12-05 16:31:13] 本次订阅抓取结果统计:
[2025-12-05 16:31:13] 共 28 条RSS, 成功抓取 25 条.
[2025-12-05 16:31:13] ✘ 有 3 条订阅解析失败:
[2025-12-05 16:31:13] - https://tumutanzi.com/feed
[2025-12-05 16:31:13] - https://tcxx.info/feed
[2025-12-05 16:31:13] - https://geekinney.com/index.xml
[2025-12-05 16:31:13] ✘ 有 2 条订阅头像无法访问, 已使用默认头像:
[2025-12-05 16:31:13] - http://feeds.feedburner.com/ruanyifeng
[2025-12-05 16:31:13] - https://www.loyhome.com/feed
[2025-12-05 17:21:49] 本次订阅抓取结果统计:
[2025-12-05 17:21:49] 共 28 条RSS, 成功抓取 25 条.
[2025-12-05 17:21:49] ✘ 有 3 条订阅解析失败:
[2025-12-05 17:21:49] - https://tcxx.info/feed
[2025-12-05 17:21:49] - https://tumutanzi.com/feed
[2025-12-05 17:21:49] - https://geekinney.com/index.xml
[2025-12-05 17:21:49] ✘ 有 2 条订阅头像无法访问, 已使用默认头像:
[2025-12-05 17:21:49] - http://feeds.feedburner.com/ruanyifeng
[2025-12-05 17:21:49] - https://www.loyhome.com/feed
[2025-12-05 18:31:57] 本次订阅抓取结果统计:
[2025-12-05 18:31:57] 共 28 条RSS, 成功抓取 25 条.
[2025-12-05 18:31:57] ✘ 有 3 条订阅解析失败:
[2025-12-05 18:31:57] - https://tcxx.info/feed
[2025-12-05 18:31:57] - https://tumutanzi.com/feed
[2025-12-05 18:31:57] - https://geekinney.com/index.xml
[2025-12-05 18:31:57] ✘ 有 2 条订阅头像无法访问, 已使用默认头像:
[2025-12-05 18:31:57] - https://www.loyhome.com/feed
[2025-12-05 18:31:57] - http://feeds.feedburner.com/ruanyifeng
[2025-12-05 19:19:09] 本次订阅抓取结果统计:
[2025-12-05 19:19:09] 共 28 条RSS, 成功抓取 25 条.
[2025-12-05 19:19:09] ✘ 有 3 条订阅解析失败:
[2025-12-05 19:19:09] - https://tcxx.info/feed
[2025-12-05 19:19:09] - https://tumutanzi.com/feed
[2025-12-05 19:19:09] - https://geekinney.com/index.xml
[2025-12-05 19:19:09] ✘ 有 2 条订阅头像无法访问, 已使用默认头像:
[2025-12-05 19:19:09] - http://feeds.feedburner.com/ruanyifeng
[2025-12-05 19:19:09] - https://www.loyhome.com/feed
[2025-12-05 20:27:02] 本次订阅抓取结果统计:
[2025-12-05 20:27:02] 共 28 条RSS, 成功抓取 25 条.
[2025-12-05 20:27:02] ✘ 有 3 条订阅解析失败:
[2025-12-05 20:27:02] - https://tumutanzi.com/feed
[2025-12-05 20:27:02] - https://tcxx.info/feed
[2025-12-05 20:27:02] - https://geekinney.com/index.xml
[2025-12-05 20:27:02] ✘ 有 2 条订阅头像无法访问, 已使用默认头像:
[2025-12-05 20:27:02] - http://feeds.feedburner.com/ruanyifeng
[2025-12-05 20:27:02] - https://www.loyhome.com/feed
[2025-12-05 21:21:31] 本次订阅抓取结果统计:
[2025-12-05 21:21:31] 共 28 条RSS, 成功抓取 25 条.
[2025-12-05 21:21:31] ✘ 有 3 条订阅解析失败:
[2025-12-05 21:21:31] - https://tcxx.info/feed
[2025-12-05 21:21:31] - https://tumutanzi.com/feed
[2025-12-05 21:21:31] - https://geekinney.com/index.xml
[2025-12-05 21:21:31] ✘ 有 2 条订阅头像无法访问, 已使用默认头像:
[2025-12-05 21:21:31] - http://feeds.feedburner.com/ruanyifeng
[2025-12-05 21:21:31] - https://www.loyhome.com/feed
