[2025-07-25 01:59:48] 本次订阅抓取结果统计:
[2025-07-25 01:59:48] 共 28 条RSS, 成功抓取 26 条.
[2025-07-25 01:59:48] ✘ 有 2 条订阅解析失败:
[2025-07-25 01:59:48] - https://tcxx.info/feed
[2025-07-25 01:59:48] - https://blog.ops-coffee.cn/feed.xml
[2025-07-25 01:59:48] ✘ 有 2 条订阅头像无法访问, 已使用默认头像:
[2025-07-25 01:59:48] - http://feeds.feedburner.com/ruanyifeng
[2025-07-25 01:59:48] - https://www.loyhome.com/feed
[2025-07-25 03:42:28] 本次订阅抓取结果统计:
[2025-07-25 03:42:28] 共 28 条RSS, 成功抓取 26 条.
[2025-07-25 03:42:28] ✘ 有 2 条订阅解析失败:
[2025-07-25 03:42:28] - https://tcxx.info/feed
[2025-07-25 03:42:28] - https://blog.ops-coffee.cn/feed.xml
[2025-07-25 03:42:28] ✘ 有 2 条订阅头像无法访问, 已使用默认头像:
[2025-07-25 03:42:28] - http://feeds.feedburner.com/ruanyifeng
[2025-07-25 03:42:28] - https://www.loyhome.com/feed
[2025-07-25 04:41:17] 本次订阅抓取结果统计:
[2025-07-25 04:41:17] 共 28 条RSS, 成功抓取 26 条.
[2025-07-25 04:41:17] ✘ 有 2 条订阅解析失败:
[2025-07-25 04:41:17] - https://tcxx.info/feed
[2025-07-25 04:41:17] - https://blog.ops-coffee.cn/feed.xml
[2025-07-25 04:41:17] ✘ 有 2 条订阅头像无法访问, 已使用默认头像:
[2025-07-25 04:41:17] - http://feeds.feedburner.com/ruanyifeng
[2025-07-25 04:41:17] - https://www.loyhome.com/feed
[2025-07-25 05:30:21] 本次订阅抓取结果统计:
[2025-07-25 05:30:21] 共 28 条RSS, 成功抓取 26 条.
[2025-07-25 05:30:21] ✘ 有 2 条订阅解析失败:
[2025-07-25 05:30:21] - https://tcxx.info/feed
[2025-07-25 05:30:21] - https://blog.ops-coffee.cn/feed.xml
[2025-07-25 05:30:21] ✘ 有 2 条订阅头像无法访问, 已使用默认头像:
[2025-07-25 05:30:21] - http://feeds.feedburner.com/ruanyifeng
[2025-07-25 05:30:21] - https://www.loyhome.com/feed
[2025-07-25 06:36:26] 本次订阅抓取结果统计:
[2025-07-25 06:36:26] 共 28 条RSS, 成功抓取 26 条.
[2025-07-25 06:36:26] ✘ 有 2 条订阅解析失败:
[2025-07-25 06:36:26] - https://tcxx.info/feed
[2025-07-25 06:36:26] - https://blog.ops-coffee.cn/feed.xml
[2025-07-25 06:36:26] ✘ 有 2 条订阅头像无法访问, 已使用默认头像:
[2025-07-25 06:36:26] - https://www.loyhome.com/feed
[2025-07-25 06:36:26] - http://feeds.feedburner.com/ruanyifeng
