[2025-11-21 01:47:43] 本次订阅抓取结果统计:
[2025-11-21 01:47:43] 共 28 条RSS, 成功抓取 25 条.
[2025-11-21 01:47:43] ✘ 有 3 条订阅解析失败:
[2025-11-21 01:47:43] - https://tumutanzi.com/feed
[2025-11-21 01:47:43] - https://tcxx.info/feed
[2025-11-21 01:47:43] - https://geekinney.com/index.xml
[2025-11-21 01:47:43] ✘ 有 2 条订阅头像无法访问, 已使用默认头像:
[2025-11-21 01:47:43] - http://feeds.feedburner.com/ruanyifeng
[2025-11-21 01:47:43] - https://www.loyhome.com/feed
[2025-11-21 03:13:03] 本次订阅抓取结果统计:
[2025-11-21 03:13:03] 共 28 条RSS, 成功抓取 25 条.
[2025-11-21 03:13:03] ✘ 有 3 条订阅解析失败:
[2025-11-21 03:13:03] - https://tumutanzi.com/feed
[2025-11-21 03:13:03] - https://tcxx.info/feed
[2025-11-21 03:13:03] - https://geekinney.com/index.xml
[2025-11-21 03:13:03] ✘ 有 2 条订阅头像无法访问, 已使用默认头像:
[2025-11-21 03:13:03] - https://www.loyhome.com/feed
[2025-11-21 03:13:03] - http://feeds.feedburner.com/ruanyifeng
[2025-11-21 04:27:22] 本次订阅抓取结果统计:
[2025-11-21 04:27:22] 共 28 条RSS, 成功抓取 25 条.
[2025-11-21 04:27:22] ✘ 有 3 条订阅解析失败:
[2025-11-21 04:27:22] - https://tcxx.info/feed
[2025-11-21 04:27:22] - https://tumutanzi.com/feed
[2025-11-21 04:27:22] - https://geekinney.com/index.xml
[2025-11-21 04:27:22] ✘ 有 2 条订阅头像无法访问, 已使用默认头像:
[2025-11-21 04:27:22] - http://feeds.feedburner.com/ruanyifeng
[2025-11-21 04:27:22] - https://www.loyhome.com/feed
[2025-11-21 05:23:29] 本次订阅抓取结果统计:
[2025-11-21 05:23:29] 共 28 条RSS, 成功抓取 25 条.
[2025-11-21 05:23:29] ✘ 有 3 条订阅解析失败:
[2025-11-21 05:23:29] - https://tumutanzi.com/feed
[2025-11-21 05:23:29] - https://tcxx.info/feed
[2025-11-21 05:23:29] - https://geekinney.com/index.xml
[2025-11-21 05:23:29] ✘ 有 2 条订阅头像无法访问, 已使用默认头像:
[2025-11-21 05:23:29] - https://www.loyhome.com/feed
[2025-11-21 05:23:29] - http://feeds.feedburner.com/ruanyifeng
[2025-11-21 06:35:18] 本次订阅抓取结果统计:
[2025-11-21 06:35:18] 共 28 条RSS, 成功抓取 25 条.
[2025-11-21 06:35:18] ✘ 有 3 条订阅解析失败:
[2025-11-21 06:35:18] - https://tcxx.info/feed
[2025-11-21 06:35:18] - https://tumutanzi.com/feed
[2025-11-21 06:35:18] - https://geekinney.com/index.xml
[2025-11-21 06:35:18] ✘ 有 2 条订阅头像无法访问, 已使用默认头像:
[2025-11-21 06:35:18] - http://feeds.feedburner.com/ruanyifeng
[2025-11-21 06:35:18] - https://www.loyhome.com/feed
[2025-11-21 07:22:44] 本次订阅抓取结果统计:
[2025-11-21 07:22:44] 共 28 条RSS, 成功抓取 25 条.
[2025-11-21 07:22:44] ✘ 有 3 条订阅解析失败:
[2025-11-21 07:22:44] - https://tcxx.info/feed
[2025-11-21 07:22:44] - https://tumutanzi.com/feed
[2025-11-21 07:22:44] - https://geekinney.com/index.xml
[2025-11-21 07:22:44] ✘ 有 2 条订阅头像无法访问, 已使用默认头像:
[2025-11-21 07:22:44] - http://feeds.feedburner.com/ruanyifeng
[2025-11-21 07:22:44] - https://www.loyhome.com/feed
[2025-11-21 08:32:12] 本次订阅抓取结果统计:
[2025-11-21 08:32:12] 共 28 条RSS, 成功抓取 25 条.
[2025-11-21 08:32:12] ✘ 有 3 条订阅解析失败:
[2025-11-21 08:32:12] - https://tcxx.info/feed
[2025-11-21 08:32:12] - https://tumutanzi.com/feed
[2025-11-21 08:32:12] - https://geekinney.com/index.xml
[2025-11-21 08:32:12] ✘ 有 2 条订阅头像无法访问, 已使用默认头像:
[2025-11-21 08:32:12] - http://feeds.feedburner.com/ruanyifeng
[2025-11-21 08:32:12] - https://www.loyhome.com/feed
[2025-11-21 09:24:30] 本次订阅抓取结果统计:
[2025-11-21 09:24:30] 共 28 条RSS, 成功抓取 25 条.
[2025-11-21 09:24:30] ✘ 有 3 条订阅解析失败:
[2025-11-21 09:24:30] - https://tcxx.info/feed
[2025-11-21 09:24:30] - https://tumutanzi.com/feed
[2025-11-21 09:24:30] - https://geekinney.com/index.xml
[2025-11-21 09:24:30] ✘ 有 2 条订阅头像无法访问, 已使用默认头像:
[2025-11-21 09:24:30] - https://www.loyhome.com/feed
[2025-11-21 09:24:30] - http://feeds.feedburner.com/ruanyifeng
[2025-11-21 10:24:16] 本次订阅抓取结果统计:
[2025-11-21 10:24:16] 共 28 条RSS, 成功抓取 25 条.
[2025-11-21 10:24:16] ✘ 有 3 条订阅解析失败:
[2025-11-21 10:24:16] - https://tcxx.info/feed
[2025-11-21 10:24:16] - https://tumutanzi.com/feed
[2025-11-21 10:24:16] - https://geekinney.com/index.xml
[2025-11-21 10:24:16] ✘ 有 2 条订阅头像无法访问, 已使用默认头像:
[2025-11-21 10:24:16] - http://feeds.feedburner.com/ruanyifeng
[2025-11-21 10:24:16] - https://www.loyhome.com/feed
[2025-11-21 11:19:11] 本次订阅抓取结果统计:
[2025-11-21 11:19:11] 共 28 条RSS, 成功抓取 25 条.
[2025-11-21 11:19:11] ✘ 有 3 条订阅解析失败:
[2025-11-21 11:19:11] - https://tcxx.info/feed
[2025-11-21 11:19:11] - https://tumutanzi.com/feed
[2025-11-21 11:19:11] - https://geekinney.com/index.xml
[2025-11-21 11:19:11] ✘ 有 2 条订阅头像无法访问, 已使用默认头像:
[2025-11-21 11:19:11] - http://feeds.feedburner.com/ruanyifeng
[2025-11-21 11:19:11] - https://www.loyhome.com/feed
[2025-11-21 12:45:39] 本次订阅抓取结果统计:
[2025-11-21 12:45:39] 共 28 条RSS, 成功抓取 25 条.
[2025-11-21 12:45:39] ✘ 有 3 条订阅解析失败:
[2025-11-21 12:45:39] - https://tcxx.info/feed
[2025-11-21 12:45:39] - https://tumutanzi.com/feed
[2025-11-21 12:45:39] - https://geekinney.com/index.xml
[2025-11-21 12:45:39] ✘ 有 2 条订阅头像无法访问, 已使用默认头像:
[2025-11-21 12:45:39] - http://feeds.feedburner.com/ruanyifeng
[2025-11-21 12:45:39] - https://www.loyhome.com/feed
[2025-11-21 13:30:20] 本次订阅抓取结果统计:
[2025-11-21 13:30:20] 共 28 条RSS, 成功抓取 25 条.
[2025-11-21 13:30:20] ✘ 有 3 条订阅解析失败:
[2025-11-21 13:30:20] - https://tcxx.info/feed
[2025-11-21 13:30:20] - https://tumutanzi.com/feed
[2025-11-21 13:30:20] - https://geekinney.com/index.xml
[2025-11-21 13:30:20] ✘ 有 2 条订阅头像无法访问, 已使用默认头像:
[2025-11-21 13:30:20] - http://feeds.feedburner.com/ruanyifeng
[2025-11-21 13:30:20] - https://www.loyhome.com/feed
[2025-11-21 14:22:16] 本次订阅抓取结果统计:
[2025-11-21 14:22:16] 共 28 条RSS, 成功抓取 25 条.
[2025-11-21 14:22:16] ✘ 有 3 条订阅解析失败:
[2025-11-21 14:22:16] - https://tcxx.info/feed
[2025-11-21 14:22:16] - https://tumutanzi.com/feed
[2025-11-21 14:22:16] - https://geekinney.com/index.xml
[2025-11-21 14:22:16] ✘ 有 2 条订阅头像无法访问, 已使用默认头像:
[2025-11-21 14:22:16] - http://feeds.feedburner.com/ruanyifeng
[2025-11-21 14:22:16] - https://www.loyhome.com/feed
[2025-11-21 15:20:51] 本次订阅抓取结果统计:
[2025-11-21 15:20:51] 共 28 条RSS, 成功抓取 25 条.
[2025-11-21 15:20:51] ✘ 有 3 条订阅解析失败:
[2025-11-21 15:20:51] - https://tcxx.info/feed
[2025-11-21 15:20:51] - https://tumutanzi.com/feed
[2025-11-21 15:20:51] - https://geekinney.com/index.xml
[2025-11-21 15:20:51] ✘ 有 2 条订阅头像无法访问, 已使用默认头像:
[2025-11-21 15:20:51] - https://www.loyhome.com/feed
[2025-11-21 15:20:51] - http://feeds.feedburner.com/ruanyifeng
