[2025-11-06 01:48:49] 本次订阅抓取结果统计:
[2025-11-06 01:48:49] 共 28 条RSS, 成功抓取 25 条.
[2025-11-06 01:48:49] ✘ 有 3 条订阅解析失败:
[2025-11-06 01:48:49] - https://tcxx.info/feed
[2025-11-06 01:48:49] - https://tumutanzi.com/feed
[2025-11-06 01:48:49] - https://geekinney.com/index.xml
[2025-11-06 01:48:49] ✘ 有 2 条订阅头像无法访问, 已使用默认头像:
[2025-11-06 01:48:49] - http://feeds.feedburner.com/ruanyifeng
[2025-11-06 01:48:49] - https://www.loyhome.com/feed
[2025-11-06 03:16:16] 本次订阅抓取结果统计:
[2025-11-06 03:16:16] 共 28 条RSS, 成功抓取 25 条.
[2025-11-06 03:16:16] ✘ 有 3 条订阅解析失败:
[2025-11-06 03:16:16] - https://tumutanzi.com/feed
[2025-11-06 03:16:16] - https://tcxx.info/feed
[2025-11-06 03:16:16] - https://geekinney.com/index.xml
[2025-11-06 03:16:16] ✘ 有 2 条订阅头像无法访问, 已使用默认头像:
[2025-11-06 03:16:16] - http://feeds.feedburner.com/ruanyifeng
[2025-11-06 03:16:16] - https://www.loyhome.com/feed
[2025-11-06 04:29:28] 本次订阅抓取结果统计:
[2025-11-06 04:29:28] 共 28 条RSS, 成功抓取 25 条.
[2025-11-06 04:29:28] ✘ 有 3 条订阅解析失败:
[2025-11-06 04:29:28] - https://tumutanzi.com/feed
[2025-11-06 04:29:28] - https://tcxx.info/feed
[2025-11-06 04:29:28] - https://geekinney.com/index.xml
[2025-11-06 04:29:28] ✘ 有 2 条订阅头像无法访问, 已使用默认头像:
[2025-11-06 04:29:28] - http://feeds.feedburner.com/ruanyifeng
[2025-11-06 04:29:28] - https://www.loyhome.com/feed
[2025-11-06 05:22:57] 本次订阅抓取结果统计:
[2025-11-06 05:22:57] 共 28 条RSS, 成功抓取 25 条.
[2025-11-06 05:22:57] ✘ 有 3 条订阅解析失败:
[2025-11-06 05:22:57] - https://tcxx.info/feed
[2025-11-06 05:22:57] - https://tumutanzi.com/feed
[2025-11-06 05:22:57] - https://geekinney.com/index.xml
[2025-11-06 05:22:57] ✘ 有 2 条订阅头像无法访问, 已使用默认头像:
[2025-11-06 05:22:57] - http://feeds.feedburner.com/ruanyifeng
[2025-11-06 05:22:57] - https://www.loyhome.com/feed
[2025-11-06 06:34:32] 本次订阅抓取结果统计:
[2025-11-06 06:34:32] 共 28 条RSS, 成功抓取 25 条.
[2025-11-06 06:34:32] ✘ 有 3 条订阅解析失败:
[2025-11-06 06:34:32] - https://tumutanzi.com/feed
[2025-11-06 06:34:32] - https://tcxx.info/feed
[2025-11-06 06:34:32] - https://geekinney.com/index.xml
[2025-11-06 06:34:32] ✘ 有 2 条订阅头像无法访问, 已使用默认头像:
[2025-11-06 06:34:32] - https://www.loyhome.com/feed
[2025-11-06 06:34:32] - http://feeds.feedburner.com/ruanyifeng
