[2025-10-29 01:50:25] 本次订阅抓取结果统计:
[2025-10-29 01:50:25] 共 28 条RSS, 成功抓取 25 条.
[2025-10-29 01:50:25] ✘ 有 3 条订阅解析失败:
[2025-10-29 01:50:25] - https://tcxx.info/feed
[2025-10-29 01:50:25] - https://tumutanzi.com/feed
[2025-10-29 01:50:25] - https://geekinney.com/index.xml
[2025-10-29 01:50:25] ✘ 有 2 条订阅头像无法访问, 已使用默认头像:
[2025-10-29 01:50:25] - http://feeds.feedburner.com/ruanyifeng
[2025-10-29 01:50:25] - https://www.loyhome.com/feed
[2025-10-29 03:17:46] 本次订阅抓取结果统计:
[2025-10-29 03:17:46] 共 28 条RSS, 成功抓取 25 条.
[2025-10-29 03:17:46] ✘ 有 3 条订阅解析失败:
[2025-10-29 03:17:46] - https://tcxx.info/feed
[2025-10-29 03:17:46] - https://tumutanzi.com/feed
[2025-10-29 03:17:46] - https://geekinney.com/index.xml
[2025-10-29 03:17:46] ✘ 有 2 条订阅头像无法访问, 已使用默认头像:
[2025-10-29 03:17:46] - http://feeds.feedburner.com/ruanyifeng
[2025-10-29 03:17:46] - https://www.loyhome.com/feed
[2025-10-29 04:29:11] 本次订阅抓取结果统计:
[2025-10-29 04:29:11] 共 28 条RSS, 成功抓取 25 条.
[2025-10-29 04:29:11] ✘ 有 3 条订阅解析失败:
[2025-10-29 04:29:11] - https://tcxx.info/feed
[2025-10-29 04:29:11] - https://tumutanzi.com/feed
[2025-10-29 04:29:11] - https://geekinney.com/index.xml
[2025-10-29 04:29:11] ✘ 有 2 条订阅头像无法访问, 已使用默认头像:
[2025-10-29 04:29:11] - https://www.loyhome.com/feed
[2025-10-29 04:29:11] - http://feeds.feedburner.com/ruanyifeng
[2025-10-29 05:23:15] 本次订阅抓取结果统计:
[2025-10-29 05:23:15] 共 28 条RSS, 成功抓取 25 条.
[2025-10-29 05:23:15] ✘ 有 3 条订阅解析失败:
[2025-10-29 05:23:15] - https://tumutanzi.com/feed
[2025-10-29 05:23:15] - https://tcxx.info/feed
[2025-10-29 05:23:15] - https://geekinney.com/index.xml
[2025-10-29 05:23:15] ✘ 有 2 条订阅头像无法访问, 已使用默认头像:
[2025-10-29 05:23:15] - http://feeds.feedburner.com/ruanyifeng
[2025-10-29 05:23:15] - https://www.loyhome.com/feed
[2025-10-29 06:35:08] 本次订阅抓取结果统计:
[2025-10-29 06:35:08] 共 28 条RSS, 成功抓取 25 条.
[2025-10-29 06:35:08] ✘ 有 3 条订阅解析失败:
[2025-10-29 06:35:08] - https://tcxx.info/feed
[2025-10-29 06:35:08] - https://tumutanzi.com/feed
[2025-10-29 06:35:08] - https://geekinney.com/index.xml
[2025-10-29 06:35:08] ✘ 有 2 条订阅头像无法访问, 已使用默认头像:
[2025-10-29 06:35:08] - http://feeds.feedburner.com/ruanyifeng
[2025-10-29 06:35:08] - https://www.loyhome.com/feed
[2025-10-29 07:21:46] 本次订阅抓取结果统计:
[2025-10-29 07:21:46] 共 28 条RSS, 成功抓取 25 条.
[2025-10-29 07:21:46] ✘ 有 3 条订阅解析失败:
[2025-10-29 07:21:46] - https://tcxx.info/feed
[2025-10-29 07:21:46] - https://tumutanzi.com/feed
[2025-10-29 07:21:46] - https://geekinney.com/index.xml
[2025-10-29 07:21:46] ✘ 有 2 条订阅头像无法访问, 已使用默认头像:
[2025-10-29 07:21:46] - http://feeds.feedburner.com/ruanyifeng
[2025-10-29 07:21:46] - https://www.loyhome.com/feed
[2025-10-29 08:31:19] 本次订阅抓取结果统计:
[2025-10-29 08:31:19] 共 28 条RSS, 成功抓取 25 条.
[2025-10-29 08:31:19] ✘ 有 3 条订阅解析失败:
[2025-10-29 08:31:19] - https://tumutanzi.com/feed
[2025-10-29 08:31:19] - https://tcxx.info/feed
[2025-10-29 08:31:19] - https://geekinney.com/index.xml
[2025-10-29 08:31:19] ✘ 有 2 条订阅头像无法访问, 已使用默认头像:
[2025-10-29 08:31:19] - https://www.loyhome.com/feed
[2025-10-29 08:31:19] - http://feeds.feedburner.com/ruanyifeng
[2025-10-29 09:23:59] 本次订阅抓取结果统计:
[2025-10-29 09:23:59] 共 28 条RSS, 成功抓取 25 条.
[2025-10-29 09:23:59] ✘ 有 3 条订阅解析失败:
[2025-10-29 09:23:59] - https://tumutanzi.com/feed
[2025-10-29 09:23:59] - https://tcxx.info/feed
[2025-10-29 09:23:59] - https://geekinney.com/index.xml
[2025-10-29 09:23:59] ✘ 有 2 条订阅头像无法访问, 已使用默认头像:
[2025-10-29 09:23:59] - http://feeds.feedburner.com/ruanyifeng
[2025-10-29 09:23:59] - https://www.loyhome.com/feed
[2025-10-29 10:25:08] 本次订阅抓取结果统计:
[2025-10-29 10:25:08] 共 28 条RSS, 成功抓取 25 条.
[2025-10-29 10:25:08] ✘ 有 3 条订阅解析失败:
[2025-10-29 10:25:08] - https://tumutanzi.com/feed
[2025-10-29 10:25:08] - https://tcxx.info/feed
[2025-10-29 10:25:08] - https://geekinney.com/index.xml
[2025-10-29 10:25:08] ✘ 有 3 条订阅头像无法访问, 已使用默认头像:
[2025-10-29 10:25:08] - http://feeds.feedburner.com/ruanyifeng
[2025-10-29 10:25:08] - https://www.loyhome.com/feed
[2025-10-29 10:25:08] - https://xyzbz.cn/feed
[2025-10-29 11:19:36] 本次订阅抓取结果统计:
[2025-10-29 11:19:36] 共 28 条RSS, 成功抓取 25 条.
[2025-10-29 11:19:36] ✘ 有 3 条订阅解析失败:
[2025-10-29 11:19:36] - https://tcxx.info/feed
[2025-10-29 11:19:36] - https://tumutanzi.com/feed
[2025-10-29 11:19:36] - https://geekinney.com/index.xml
[2025-10-29 11:19:36] ✘ 有 2 条订阅头像无法访问, 已使用默认头像:
[2025-10-29 11:19:36] - http://feeds.feedburner.com/ruanyifeng
[2025-10-29 11:19:36] - https://www.loyhome.com/feed
[2025-10-29 12:49:12] 本次订阅抓取结果统计:
[2025-10-29 12:49:12] 共 28 条RSS, 成功抓取 25 条.
[2025-10-29 12:49:12] ✘ 有 3 条订阅解析失败:
[2025-10-29 12:49:12] - https://tcxx.info/feed
[2025-10-29 12:49:12] - https://tumutanzi.com/feed
[2025-10-29 12:49:12] - https://geekinney.com/index.xml
[2025-10-29 12:49:12] ✘ 有 2 条订阅头像无法访问, 已使用默认头像:
[2025-10-29 12:49:12] - http://feeds.feedburner.com/ruanyifeng
[2025-10-29 12:49:12] - https://www.loyhome.com/feed
[2025-10-29 13:35:03] 本次订阅抓取结果统计:
[2025-10-29 13:35:03] 共 28 条RSS, 成功抓取 25 条.
[2025-10-29 13:35:03] ✘ 有 3 条订阅解析失败:
[2025-10-29 13:35:03] - https://tcxx.info/feed
[2025-10-29 13:35:03] - https://tumutanzi.com/feed
[2025-10-29 13:35:03] - https://geekinney.com/index.xml
[2025-10-29 13:35:03] ✘ 有 2 条订阅头像无法访问, 已使用默认头像:
[2025-10-29 13:35:03] - https://www.loyhome.com/feed
[2025-10-29 13:35:03] - http://feeds.feedburner.com/ruanyifeng
[2025-10-29 14:23:31] 本次订阅抓取结果统计:
[2025-10-29 14:23:31] 共 28 条RSS, 成功抓取 25 条.
[2025-10-29 14:23:31] ✘ 有 3 条订阅解析失败:
[2025-10-29 14:23:31] - https://tcxx.info/feed
[2025-10-29 14:23:31] - https://tumutanzi.com/feed
[2025-10-29 14:23:31] - https://geekinney.com/index.xml
[2025-10-29 14:23:31] ✘ 有 2 条订阅头像无法访问, 已使用默认头像:
[2025-10-29 14:23:31] - https://www.loyhome.com/feed
[2025-10-29 14:23:31] - http://feeds.feedburner.com/ruanyifeng
[2025-10-29 15:26:08] 本次订阅抓取结果统计:
[2025-10-29 15:26:08] 共 28 条RSS, 成功抓取 25 条.
[2025-10-29 15:26:08] ✘ 有 3 条订阅解析失败:
[2025-10-29 15:26:08] - https://tcxx.info/feed
[2025-10-29 15:26:08] - https://tumutanzi.com/feed
[2025-10-29 15:26:08] - https://geekinney.com/index.xml
[2025-10-29 15:26:08] ✘ 有 2 条订阅头像无法访问, 已使用默认头像:
[2025-10-29 15:26:08] - https://www.loyhome.com/feed
[2025-10-29 15:26:08] - http://feeds.feedburner.com/ruanyifeng
[2025-10-29 16:30:28] 本次订阅抓取结果统计:
[2025-10-29 16:30:28] 共 28 条RSS, 成功抓取 25 条.
[2025-10-29 16:30:28] ✘ 有 3 条订阅解析失败:
[2025-10-29 16:30:28] - https://tcxx.info/feed
[2025-10-29 16:30:28] - https://tumutanzi.com/feed
[2025-10-29 16:30:28] - https://geekinney.com/index.xml
[2025-10-29 16:30:28] ✘ 有 2 条订阅头像无法访问, 已使用默认头像:
[2025-10-29 16:30:28] - https://www.loyhome.com/feed
[2025-10-29 16:30:28] - http://feeds.feedburner.com/ruanyifeng
[2025-10-29 17:20:55] 本次订阅抓取结果统计:
[2025-10-29 17:20:55] 共 28 条RSS, 成功抓取 25 条.
[2025-10-29 17:20:55] ✘ 有 3 条订阅解析失败:
[2025-10-29 17:20:55] - https://tcxx.info/feed
[2025-10-29 17:20:55] - https://tumutanzi.com/feed
[2025-10-29 17:20:55] - https://geekinney.com/index.xml
[2025-10-29 17:20:55] ✘ 有 3 条订阅头像无法访问, 已使用默认头像:
[2025-10-29 17:20:55] - http://feeds.feedburner.com/ruanyifeng
[2025-10-29 17:20:55] - https://www.loyhome.com/feed
[2025-10-29 17:20:55] - https://xyzbz.cn/feed
[2025-10-29 18:33:20] 本次订阅抓取结果统计:
[2025-10-29 18:33:20] 共 28 条RSS, 成功抓取 25 条.
[2025-10-29 18:33:20] ✘ 有 3 条订阅解析失败:
[2025-10-29 18:33:20] - https://tumutanzi.com/feed
[2025-10-29 18:33:20] - https://tcxx.info/feed
[2025-10-29 18:33:20] - https://geekinney.com/index.xml
[2025-10-29 18:33:20] ✘ 有 2 条订阅头像无法访问, 已使用默认头像:
[2025-10-29 18:33:20] - https://www.loyhome.com/feed
[2025-10-29 18:33:20] - http://feeds.feedburner.com/ruanyifeng
[2025-10-29 19:18:05] 本次订阅抓取结果统计:
[2025-10-29 19:18:05] 共 28 条RSS, 成功抓取 25 条.
[2025-10-29 19:18:05] ✘ 有 3 条订阅解析失败:
[2025-10-29 19:18:05] - https://tcxx.info/feed
[2025-10-29 19:18:05] - https://tumutanzi.com/feed
[2025-10-29 19:18:05] - https://geekinney.com/index.xml
[2025-10-29 19:18:05] ✘ 有 2 条订阅头像无法访问, 已使用默认头像:
[2025-10-29 19:18:05] - https://www.loyhome.com/feed
[2025-10-29 19:18:05] - http://feeds.feedburner.com/ruanyifeng
[2025-10-29 20:25:48] 本次订阅抓取结果统计:
[2025-10-29 20:25:48] 共 28 条RSS, 成功抓取 25 条.
[2025-10-29 20:25:48] ✘ 有 3 条订阅解析失败:
[2025-10-29 20:25:48] - https://tcxx.info/feed
[2025-10-29 20:25:48] - https://tumutanzi.com/feed
[2025-10-29 20:25:48] - https://geekinney.com/index.xml
[2025-10-29 20:25:48] ✘ 有 3 条订阅头像无法访问, 已使用默认头像:
[2025-10-29 20:25:48] - https://www.loyhome.com/feed
[2025-10-29 20:25:48] - http://feeds.feedburner.com/ruanyifeng
[2025-10-29 20:25:48] - https://blog.yanqingshan.com/feed
[2025-10-29 21:20:03] 本次订阅抓取结果统计:
[2025-10-29 21:20:03] 共 28 条RSS, 成功抓取 25 条.
[2025-10-29 21:20:03] ✘ 有 3 条订阅解析失败:
[2025-10-29 21:20:03] - https://tcxx.info/feed
[2025-10-29 21:20:03] - https://tumutanzi.com/feed
[2025-10-29 21:20:03] - https://geekinney.com/index.xml
[2025-10-29 21:20:03] ✘ 有 2 条订阅头像无法访问, 已使用默认头像:
[2025-10-29 21:20:03] - https://www.loyhome.com/feed
[2025-10-29 21:20:03] - http://feeds.feedburner.com/ruanyifeng
