[2025-05-03 01:43:54] 本次订阅抓取结果统计:
[2025-05-03 01:43:54] 共 28 条RSS, 成功抓取 27 条.
[2025-05-03 01:43:54] ✘ 有 1 条订阅解析失败:
[2025-05-03 01:43:54] - https://tcxx.info/feed
[2025-05-03 01:43:54] ✘ 有 2 条订阅头像无法访问, 已使用默认头像:
[2025-05-03 01:43:54] - http://feeds.feedburner.com/ruanyifeng
[2025-05-03 01:43:54] - https://www.loyhome.com/feed
[2025-05-03 03:05:20] 本次订阅抓取结果统计:
[2025-05-03 03:05:20] 共 28 条RSS, 成功抓取 27 条.
[2025-05-03 03:05:20] ✘ 有 1 条订阅解析失败:
[2025-05-03 03:05:20] - https://tcxx.info/feed
[2025-05-03 03:05:20] ✘ 有 2 条订阅头像无法访问, 已使用默认头像:
[2025-05-03 03:05:20] - http://feeds.feedburner.com/ruanyifeng
[2025-05-03 03:05:20] - https://www.loyhome.com/feed
[2025-05-03 04:25:06] 本次订阅抓取结果统计:
[2025-05-03 04:25:06] 共 28 条RSS, 成功抓取 27 条.
[2025-05-03 04:25:06] ✘ 有 1 条订阅解析失败:
[2025-05-03 04:25:06] - https://tcxx.info/feed
[2025-05-03 04:25:06] ✘ 有 2 条订阅头像无法访问, 已使用默认头像:
[2025-05-03 04:25:06] - http://feeds.feedburner.com/ruanyifeng
[2025-05-03 04:25:06] - https://www.loyhome.com/feed
[2025-05-03 05:21:23] 本次订阅抓取结果统计:
[2025-05-03 05:21:23] 共 28 条RSS, 成功抓取 27 条.
[2025-05-03 05:21:23] ✘ 有 1 条订阅解析失败:
[2025-05-03 05:21:23] - https://tcxx.info/feed
[2025-05-03 05:21:23] ✘ 有 2 条订阅头像无法访问, 已使用默认头像:
[2025-05-03 05:21:23] - http://feeds.feedburner.com/ruanyifeng
[2025-05-03 05:21:23] - https://www.loyhome.com/feed
[2025-05-03 06:28:21] 本次订阅抓取结果统计:
[2025-05-03 06:28:21] 共 28 条RSS, 成功抓取 27 条.
[2025-05-03 06:28:21] ✘ 有 1 条订阅解析失败:
[2025-05-03 06:28:21] - https://tcxx.info/feed
[2025-05-03 06:28:21] ✘ 有 2 条订阅头像无法访问, 已使用默认头像:
[2025-05-03 06:28:21] - http://feeds.feedburner.com/ruanyifeng
[2025-05-03 06:28:21] - https://www.loyhome.com/feed
[2025-05-03 07:19:18] 本次订阅抓取结果统计:
[2025-05-03 07:19:18] 共 28 条RSS, 成功抓取 27 条.
[2025-05-03 07:19:18] ✘ 有 1 条订阅解析失败:
[2025-05-03 07:19:18] - https://tcxx.info/feed
[2025-05-03 07:19:18] ✘ 有 2 条订阅头像无法访问, 已使用默认头像:
[2025-05-03 07:19:18] - http://feeds.feedburner.com/ruanyifeng
[2025-05-03 07:19:18] - https://www.loyhome.com/feed
[2025-05-03 08:25:49] 本次订阅抓取结果统计:
[2025-05-03 08:25:49] 共 28 条RSS, 成功抓取 27 条.
[2025-05-03 08:25:49] ✘ 有 1 条订阅解析失败:
[2025-05-03 08:25:49] - https://tcxx.info/feed
[2025-05-03 08:25:49] ✘ 有 2 条订阅头像无法访问, 已使用默认头像:
[2025-05-03 08:25:49] - http://feeds.feedburner.com/ruanyifeng
[2025-05-03 08:25:49] - https://www.loyhome.com/feed
[2025-05-03 09:20:34] 本次订阅抓取结果统计:
[2025-05-03 09:20:34] 共 28 条RSS, 成功抓取 27 条.
[2025-05-03 09:20:34] ✘ 有 1 条订阅解析失败:
[2025-05-03 09:20:34] - https://tcxx.info/feed
[2025-05-03 09:20:34] ✘ 有 2 条订阅头像无法访问, 已使用默认头像:
[2025-05-03 09:20:34] - https://www.loyhome.com/feed
[2025-05-03 09:20:34] - http://feeds.feedburner.com/ruanyifeng
[2025-05-03 10:20:50] 本次订阅抓取结果统计:
[2025-05-03 10:20:50] 共 28 条RSS, 成功抓取 27 条.
[2025-05-03 10:20:50] ✘ 有 1 条订阅解析失败:
[2025-05-03 10:20:50] - https://tcxx.info/feed
[2025-05-03 10:20:50] ✘ 有 2 条订阅头像无法访问, 已使用默认头像:
[2025-05-03 10:20:50] - https://www.loyhome.com/feed
[2025-05-03 10:20:50] - http://feeds.feedburner.com/ruanyifeng
