[2025-07-26 01:56:08] 本次订阅抓取结果统计:
[2025-07-26 01:56:08] 共 28 条RSS, 成功抓取 26 条.
[2025-07-26 01:56:08] ✘ 有 2 条订阅解析失败:
[2025-07-26 01:56:08] - https://tcxx.info/feed
[2025-07-26 01:56:08] - https://blog.ops-coffee.cn/feed.xml
[2025-07-26 01:56:08] ✘ 有 2 条订阅头像无法访问, 已使用默认头像:
[2025-07-26 01:56:08] - http://feeds.feedburner.com/ruanyifeng
[2025-07-26 01:56:08] - https://www.loyhome.com/feed
[2025-07-26 03:37:24] 本次订阅抓取结果统计:
[2025-07-26 03:37:24] 共 28 条RSS, 成功抓取 26 条.
[2025-07-26 03:37:24] ✘ 有 2 条订阅解析失败:
[2025-07-26 03:37:24] - https://tcxx.info/feed
[2025-07-26 03:37:24] - https://blog.ops-coffee.cn/feed.xml
[2025-07-26 03:37:24] ✘ 有 2 条订阅头像无法访问, 已使用默认头像:
[2025-07-26 03:37:24] - http://feeds.feedburner.com/ruanyifeng
[2025-07-26 03:37:24] - https://www.loyhome.com/feed
[2025-07-26 04:38:38] 本次订阅抓取结果统计:
[2025-07-26 04:38:38] 共 28 条RSS, 成功抓取 26 条.
[2025-07-26 04:38:38] ✘ 有 2 条订阅解析失败:
[2025-07-26 04:38:38] - https://tcxx.info/feed
[2025-07-26 04:38:38] - https://blog.ops-coffee.cn/feed.xml
[2025-07-26 04:38:38] ✘ 有 2 条订阅头像无法访问, 已使用默认头像:
[2025-07-26 04:38:38] - http://feeds.feedburner.com/ruanyifeng
[2025-07-26 04:38:38] - https://www.loyhome.com/feed
