[2025-06-11 01:52:55] 本次订阅抓取结果统计:
[2025-06-11 01:52:55] 共 28 条RSS, 成功抓取 27 条.
[2025-06-11 01:52:55] ✘ 有 1 条订阅解析失败:
[2025-06-11 01:52:55] - https://tcxx.info/feed
[2025-06-11 01:52:55] ✘ 有 3 条订阅头像无法访问, 已使用默认头像:
[2025-06-11 01:52:55] - http://feeds.feedburner.com/ruanyifeng
[2025-06-11 01:52:55] - https://www.loyhome.com/feed
[2025-06-11 01:52:55] - https://www.shephe.com/feed
[2025-06-11 03:19:12] 本次订阅抓取结果统计:
[2025-06-11 03:19:12] 共 28 条RSS, 成功抓取 27 条.
[2025-06-11 03:19:12] ✘ 有 1 条订阅解析失败:
[2025-06-11 03:19:12] - https://tcxx.info/feed
[2025-06-11 03:19:12] ✘ 有 2 条订阅头像无法访问, 已使用默认头像:
[2025-06-11 03:19:12] - http://feeds.feedburner.com/ruanyifeng
[2025-06-11 03:19:12] - https://www.loyhome.com/feed
[2025-06-11 04:31:09] 本次订阅抓取结果统计:
[2025-06-11 04:31:09] 共 28 条RSS, 成功抓取 27 条.
[2025-06-11 04:31:09] ✘ 有 1 条订阅解析失败:
[2025-06-11 04:31:09] - https://tcxx.info/feed
[2025-06-11 04:31:09] ✘ 有 2 条订阅头像无法访问, 已使用默认头像:
[2025-06-11 04:31:09] - http://feeds.feedburner.com/ruanyifeng
[2025-06-11 04:31:09] - https://www.loyhome.com/feed
[2025-06-11 05:22:38] 本次订阅抓取结果统计:
[2025-06-11 05:22:38] 共 28 条RSS, 成功抓取 27 条.
[2025-06-11 05:22:38] ✘ 有 1 条订阅解析失败:
[2025-06-11 05:22:38] - https://tcxx.info/feed
[2025-06-11 05:22:38] ✘ 有 2 条订阅头像无法访问, 已使用默认头像:
[2025-06-11 05:22:38] - http://feeds.feedburner.com/ruanyifeng
[2025-06-11 05:22:38] - https://www.loyhome.com/feed
[2025-06-11 06:32:54] 本次订阅抓取结果统计:
[2025-06-11 06:32:54] 共 28 条RSS, 成功抓取 27 条.
[2025-06-11 06:32:54] ✘ 有 1 条订阅解析失败:
[2025-06-11 06:32:54] - https://tcxx.info/feed
[2025-06-11 06:32:54] ✘ 有 2 条订阅头像无法访问, 已使用默认头像:
[2025-06-11 06:32:54] - http://feeds.feedburner.com/ruanyifeng
[2025-06-11 06:32:54] - https://www.loyhome.com/feed
