[2025-05-29 01:49:44] 本次订阅抓取结果统计:
[2025-05-29 01:49:44] 共 28 条RSS, 成功抓取 27 条.
[2025-05-29 01:49:44] ✘ 有 1 条订阅解析失败:
[2025-05-29 01:49:44] - https://tcxx.info/feed
[2025-05-29 01:49:44] ✘ 有 2 条订阅头像无法访问, 已使用默认头像:
[2025-05-29 01:49:44] - https://www.loyhome.com/feed
[2025-05-29 01:49:44] - http://feeds.feedburner.com/ruanyifeng
[2025-05-29 03:15:23] 本次订阅抓取结果统计:
[2025-05-29 03:15:23] 共 28 条RSS, 成功抓取 27 条.
[2025-05-29 03:15:23] ✘ 有 1 条订阅解析失败:
[2025-05-29 03:15:23] - https://tcxx.info/feed
[2025-05-29 03:15:23] ✘ 有 2 条订阅头像无法访问, 已使用默认头像:
[2025-05-29 03:15:23] - http://feeds.feedburner.com/ruanyifeng
[2025-05-29 03:15:23] - https://www.loyhome.com/feed
[2025-05-29 04:28:24] 本次订阅抓取结果统计:
[2025-05-29 04:28:24] 共 28 条RSS, 成功抓取 27 条.
[2025-05-29 04:28:24] ✘ 有 1 条订阅解析失败:
[2025-05-29 04:28:24] - https://tcxx.info/feed
[2025-05-29 04:28:24] ✘ 有 2 条订阅头像无法访问, 已使用默认头像:
[2025-05-29 04:28:24] - http://feeds.feedburner.com/ruanyifeng
[2025-05-29 04:28:24] - https://www.loyhome.com/feed
[2025-05-29 05:22:45] 本次订阅抓取结果统计:
[2025-05-29 05:22:45] 共 28 条RSS, 成功抓取 27 条.
[2025-05-29 05:22:45] ✘ 有 1 条订阅解析失败:
[2025-05-29 05:22:45] - https://tcxx.info/feed
[2025-05-29 05:22:45] ✘ 有 2 条订阅头像无法访问, 已使用默认头像:
[2025-05-29 05:22:45] - http://feeds.feedburner.com/ruanyifeng
[2025-05-29 05:22:45] - https://www.loyhome.com/feed
[2025-05-29 06:32:42] 本次订阅抓取结果统计:
[2025-05-29 06:32:42] 共 28 条RSS, 成功抓取 27 条.
[2025-05-29 06:32:42] ✘ 有 1 条订阅解析失败:
[2025-05-29 06:32:42] - https://tcxx.info/feed
[2025-05-29 06:32:42] ✘ 有 2 条订阅头像无法访问, 已使用默认头像:
[2025-05-29 06:32:42] - http://feeds.feedburner.com/ruanyifeng
[2025-05-29 06:32:42] - https://www.loyhome.com/feed
[2025-05-29 07:22:44] 本次订阅抓取结果统计:
[2025-05-29 07:22:44] 共 28 条RSS, 成功抓取 27 条.
[2025-05-29 07:22:44] ✘ 有 1 条订阅解析失败:
[2025-05-29 07:22:44] - https://tcxx.info/feed
[2025-05-29 07:22:44] ✘ 有 2 条订阅头像无法访问, 已使用默认头像:
[2025-05-29 07:22:44] - http://feeds.feedburner.com/ruanyifeng
[2025-05-29 07:22:44] - https://www.loyhome.com/feed
[2025-05-29 08:29:50] 本次订阅抓取结果统计:
[2025-05-29 08:29:50] 共 28 条RSS, 成功抓取 27 条.
[2025-05-29 08:29:50] ✘ 有 1 条订阅解析失败:
[2025-05-29 08:29:50] - https://tcxx.info/feed
[2025-05-29 08:29:50] ✘ 有 2 条订阅头像无法访问, 已使用默认头像:
[2025-05-29 08:29:50] - http://feeds.feedburner.com/ruanyifeng
[2025-05-29 08:29:50] - https://www.loyhome.com/feed
[2025-05-29 09:24:37] 本次订阅抓取结果统计:
[2025-05-29 09:24:37] 共 28 条RSS, 成功抓取 27 条.
[2025-05-29 09:24:37] ✘ 有 1 条订阅解析失败:
[2025-05-29 09:24:37] - https://tcxx.info/feed
[2025-05-29 09:24:37] ✘ 有 2 条订阅头像无法访问, 已使用默认头像:
[2025-05-29 09:24:37] - http://feeds.feedburner.com/ruanyifeng
[2025-05-29 09:24:37] - https://www.loyhome.com/feed
[2025-05-29 10:25:03] 本次订阅抓取结果统计:
[2025-05-29 10:25:03] 共 28 条RSS, 成功抓取 27 条.
[2025-05-29 10:25:03] ✘ 有 1 条订阅解析失败:
[2025-05-29 10:25:03] - https://tcxx.info/feed
[2025-05-29 10:25:03] ✘ 有 2 条订阅头像无法访问, 已使用默认头像:
[2025-05-29 10:25:03] - http://feeds.feedburner.com/ruanyifeng
[2025-05-29 10:25:03] - https://www.loyhome.com/feed
[2025-05-29 11:18:59] 本次订阅抓取结果统计:
[2025-05-29 11:18:59] 共 28 条RSS, 成功抓取 27 条.
[2025-05-29 11:18:59] ✘ 有 1 条订阅解析失败:
[2025-05-29 11:18:59] - https://tcxx.info/feed
[2025-05-29 11:18:59] ✘ 有 2 条订阅头像无法访问, 已使用默认头像:
[2025-05-29 11:18:59] - http://feeds.feedburner.com/ruanyifeng
[2025-05-29 11:18:59] - https://www.loyhome.com/feed
[2025-05-29 12:44:32] 本次订阅抓取结果统计:
[2025-05-29 12:44:32] 共 28 条RSS, 成功抓取 27 条.
[2025-05-29 12:44:32] ✘ 有 1 条订阅解析失败:
[2025-05-29 12:44:32] - https://tcxx.info/feed
[2025-05-29 12:44:32] ✘ 有 2 条订阅头像无法访问, 已使用默认头像:
[2025-05-29 12:44:32] - http://feeds.feedburner.com/ruanyifeng
[2025-05-29 12:44:32] - https://www.loyhome.com/feed
[2025-05-29 13:32:31] 本次订阅抓取结果统计:
[2025-05-29 13:32:31] 共 28 条RSS, 成功抓取 27 条.
[2025-05-29 13:32:31] ✘ 有 1 条订阅解析失败:
[2025-05-29 13:32:31] - https://tcxx.info/feed
[2025-05-29 13:32:31] ✘ 有 2 条订阅头像无法访问, 已使用默认头像:
[2025-05-29 13:32:31] - http://feeds.feedburner.com/ruanyifeng
[2025-05-29 13:32:31] - https://www.loyhome.com/feed
[2025-05-29 14:22:31] 本次订阅抓取结果统计:
[2025-05-29 14:22:31] 共 28 条RSS, 成功抓取 27 条.
[2025-05-29 14:22:31] ✘ 有 1 条订阅解析失败:
[2025-05-29 14:22:31] - https://tcxx.info/feed
[2025-05-29 14:22:31] ✘ 有 2 条订阅头像无法访问, 已使用默认头像:
[2025-05-29 14:22:31] - http://feeds.feedburner.com/ruanyifeng
[2025-05-29 14:22:31] - https://www.loyhome.com/feed
[2025-05-29 15:23:57] 本次订阅抓取结果统计:
[2025-05-29 15:23:57] 共 28 条RSS, 成功抓取 27 条.
[2025-05-29 15:23:57] ✘ 有 1 条订阅解析失败:
[2025-05-29 15:23:57] - https://tcxx.info/feed
[2025-05-29 15:23:57] ✘ 有 2 条订阅头像无法访问, 已使用默认头像:
[2025-05-29 15:23:57] - http://feeds.feedburner.com/ruanyifeng
[2025-05-29 15:23:57] - https://www.loyhome.com/feed
[2025-05-29 16:28:12] 本次订阅抓取结果统计:
[2025-05-29 16:28:12] 共 28 条RSS, 成功抓取 27 条.
[2025-05-29 16:28:12] ✘ 有 1 条订阅解析失败:
[2025-05-29 16:28:12] - https://tcxx.info/feed
[2025-05-29 16:28:12] ✘ 有 2 条订阅头像无法访问, 已使用默认头像:
[2025-05-29 16:28:12] - http://feeds.feedburner.com/ruanyifeng
[2025-05-29 16:28:12] - https://www.loyhome.com/feed
[2025-05-29 17:20:42] 本次订阅抓取结果统计:
[2025-05-29 17:20:42] 共 28 条RSS, 成功抓取 27 条.
[2025-05-29 17:20:42] ✘ 有 1 条订阅解析失败:
[2025-05-29 17:20:42] - https://tcxx.info/feed
[2025-05-29 17:20:42] ✘ 有 2 条订阅头像无法访问, 已使用默认头像:
[2025-05-29 17:20:42] - http://feeds.feedburner.com/ruanyifeng
[2025-05-29 17:20:42] - https://www.loyhome.com/feed
