[2025-11-17 01:55:15] 本次订阅抓取结果统计:
[2025-11-17 01:55:15] 共 28 条RSS, 成功抓取 24 条.
[2025-11-17 01:55:15] ✘ 有 4 条订阅解析失败:
[2025-11-17 01:55:15] - https://tcxx.info/feed
[2025-11-17 01:55:15] - https://tumutanzi.com/feed
[2025-11-17 01:55:15] - https://geekinney.com/index.xml
[2025-11-17 01:55:15] - https://www.shephe.com/feed
[2025-11-17 01:55:15] ✘ 有 2 条订阅头像无法访问, 已使用默认头像:
[2025-11-17 01:55:15] - https://www.loyhome.com/feed
[2025-11-17 01:55:15] - http://feeds.feedburner.com/ruanyifeng
[2025-11-17 03:19:51] 本次订阅抓取结果统计:
[2025-11-17 03:19:51] 共 28 条RSS, 成功抓取 24 条.
[2025-11-17 03:19:51] ✘ 有 4 条订阅解析失败:
[2025-11-17 03:19:51] - https://tcxx.info/feed
[2025-11-17 03:19:51] - https://tumutanzi.com/feed
[2025-11-17 03:19:51] - https://geekinney.com/index.xml
[2025-11-17 03:19:51] - https://www.shephe.com/feed
[2025-11-17 03:19:51] ✘ 有 2 条订阅头像无法访问, 已使用默认头像:
[2025-11-17 03:19:51] - http://feeds.feedburner.com/ruanyifeng
[2025-11-17 03:19:51] - https://www.loyhome.com/feed
[2025-11-17 04:29:53] 本次订阅抓取结果统计:
[2025-11-17 04:29:53] 共 28 条RSS, 成功抓取 24 条.
[2025-11-17 04:29:53] ✘ 有 4 条订阅解析失败:
[2025-11-17 04:29:53] - https://tcxx.info/feed
[2025-11-17 04:29:53] - https://tumutanzi.com/feed
[2025-11-17 04:29:53] - https://geekinney.com/index.xml
[2025-11-17 04:29:53] - https://www.shephe.com/feed
[2025-11-17 04:29:53] ✘ 有 2 条订阅头像无法访问, 已使用默认头像:
[2025-11-17 04:29:53] - https://www.loyhome.com/feed
[2025-11-17 04:29:53] - http://feeds.feedburner.com/ruanyifeng
