[2025-11-30 02:00:46] 本次订阅抓取结果统计:
[2025-11-30 02:00:46] 共 28 条RSS, 成功抓取 25 条.
[2025-11-30 02:00:46] ✘ 有 3 条订阅解析失败:
[2025-11-30 02:00:46] - https://tcxx.info/feed
[2025-11-30 02:00:46] - https://tumutanzi.com/feed
[2025-11-30 02:00:46] - https://geekinney.com/index.xml
[2025-11-30 02:00:46] ✘ 有 2 条订阅头像无法访问, 已使用默认头像:
[2025-11-30 02:00:46] - http://feeds.feedburner.com/ruanyifeng
[2025-11-30 02:00:46] - https://www.loyhome.com/feed
[2025-11-30 03:57:32] 本次订阅抓取结果统计:
[2025-11-30 03:57:32] 共 28 条RSS, 成功抓取 25 条.
[2025-11-30 03:57:32] ✘ 有 3 条订阅解析失败:
[2025-11-30 03:57:32] - https://tcxx.info/feed
[2025-11-30 03:57:32] - https://tumutanzi.com/feed
[2025-11-30 03:57:32] - https://geekinney.com/index.xml
[2025-11-30 03:57:32] ✘ 有 2 条订阅头像无法访问, 已使用默认头像:
[2025-11-30 03:57:32] - http://feeds.feedburner.com/ruanyifeng
[2025-11-30 03:57:32] - https://www.loyhome.com/feed
[2025-11-30 04:38:39] 本次订阅抓取结果统计:
[2025-11-30 04:38:39] 共 28 条RSS, 成功抓取 25 条.
[2025-11-30 04:38:39] ✘ 有 3 条订阅解析失败:
[2025-11-30 04:38:39] - https://tcxx.info/feed
[2025-11-30 04:38:39] - https://tumutanzi.com/feed
[2025-11-30 04:38:39] - https://geekinney.com/index.xml
[2025-11-30 04:38:39] ✘ 有 2 条订阅头像无法访问, 已使用默认头像:
[2025-11-30 04:38:39] - http://feeds.feedburner.com/ruanyifeng
[2025-11-30 04:38:39] - https://www.loyhome.com/feed
[2025-11-30 05:22:57] 本次订阅抓取结果统计:
[2025-11-30 05:22:57] 共 28 条RSS, 成功抓取 25 条.
[2025-11-30 05:22:57] ✘ 有 3 条订阅解析失败:
[2025-11-30 05:22:57] - https://tcxx.info/feed
[2025-11-30 05:22:57] - https://tumutanzi.com/feed
[2025-11-30 05:22:57] - https://geekinney.com/index.xml
[2025-11-30 05:22:57] ✘ 有 2 条订阅头像无法访问, 已使用默认头像:
[2025-11-30 05:22:57] - http://feeds.feedburner.com/ruanyifeng
[2025-11-30 05:22:57] - https://www.loyhome.com/feed
[2025-11-30 06:34:42] 本次订阅抓取结果统计:
[2025-11-30 06:34:42] 共 28 条RSS, 成功抓取 24 条.
[2025-11-30 06:34:42] ✘ 有 4 条订阅解析失败:
[2025-11-30 06:34:42] - https://tumutanzi.com/feed
[2025-11-30 06:34:42] - https://tcxx.info/feed
[2025-11-30 06:34:42] - https://geekinney.com/index.xml
[2025-11-30 06:34:42] - https://wangpei.net/feed
[2025-11-30 06:34:42] ✘ 有 2 条订阅头像无法访问, 已使用默认头像:
[2025-11-30 06:34:42] - http://feeds.feedburner.com/ruanyifeng
[2025-11-30 06:34:42] - https://www.loyhome.com/feed
