[2025-11-16 01:55:22] 本次订阅抓取结果统计:
[2025-11-16 01:55:22] 共 28 条RSS, 成功抓取 24 条.
[2025-11-16 01:55:22] ✘ 有 4 条订阅解析失败:
[2025-11-16 01:55:22] - https://tcxx.info/feed
[2025-11-16 01:55:22] - https://tumutanzi.com/feed
[2025-11-16 01:55:22] - https://geekinney.com/index.xml
[2025-11-16 01:55:22] - https://www.shephe.com/feed
[2025-11-16 01:55:22] ✘ 有 2 条订阅头像无法访问, 已使用默认头像:
[2025-11-16 01:55:22] - https://www.loyhome.com/feed
[2025-11-16 01:55:22] - http://feeds.feedburner.com/ruanyifeng
[2025-11-16 03:21:27] 本次订阅抓取结果统计:
[2025-11-16 03:21:27] 共 28 条RSS, 成功抓取 24 条.
[2025-11-16 03:21:27] ✘ 有 4 条订阅解析失败:
[2025-11-16 03:21:27] - https://tumutanzi.com/feed
[2025-11-16 03:21:27] - https://tcxx.info/feed
[2025-11-16 03:21:27] - https://geekinney.com/index.xml
[2025-11-16 03:21:27] - https://www.shephe.com/feed
[2025-11-16 03:21:27] ✘ 有 2 条订阅头像无法访问, 已使用默认头像:
[2025-11-16 03:21:27] - https://www.loyhome.com/feed
[2025-11-16 03:21:27] - http://feeds.feedburner.com/ruanyifeng
[2025-11-16 04:34:41] 本次订阅抓取结果统计:
[2025-11-16 04:34:41] 共 28 条RSS, 成功抓取 24 条.
[2025-11-16 04:34:41] ✘ 有 4 条订阅解析失败:
[2025-11-16 04:34:41] - https://tcxx.info/feed
[2025-11-16 04:34:41] - https://tumutanzi.com/feed
[2025-11-16 04:34:41] - https://geekinney.com/index.xml
[2025-11-16 04:34:41] - https://www.shephe.com/feed
[2025-11-16 04:34:41] ✘ 有 2 条订阅头像无法访问, 已使用默认头像:
[2025-11-16 04:34:41] - http://feeds.feedburner.com/ruanyifeng
[2025-11-16 04:34:41] - https://www.loyhome.com/feed
[2025-11-16 05:22:47] 本次订阅抓取结果统计:
[2025-11-16 05:22:47] 共 28 条RSS, 成功抓取 24 条.
[2025-11-16 05:22:47] ✘ 有 4 条订阅解析失败:
[2025-11-16 05:22:47] - https://tcxx.info/feed
[2025-11-16 05:22:47] - https://tumutanzi.com/feed
[2025-11-16 05:22:47] - https://geekinney.com/index.xml
[2025-11-16 05:22:47] - https://www.shephe.com/feed
[2025-11-16 05:22:47] ✘ 有 2 条订阅头像无法访问, 已使用默认头像:
[2025-11-16 05:22:47] - https://www.loyhome.com/feed
[2025-11-16 05:22:47] - http://feeds.feedburner.com/ruanyifeng
[2025-11-16 06:33:03] 本次订阅抓取结果统计:
[2025-11-16 06:33:03] 共 28 条RSS, 成功抓取 24 条.
[2025-11-16 06:33:03] ✘ 有 4 条订阅解析失败:
[2025-11-16 06:33:03] - https://tcxx.info/feed
[2025-11-16 06:33:03] - https://tumutanzi.com/feed
[2025-11-16 06:33:03] - https://geekinney.com/index.xml
[2025-11-16 06:33:03] - https://www.shephe.com/feed
[2025-11-16 06:33:03] ✘ 有 2 条订阅头像无法访问, 已使用默认头像:
[2025-11-16 06:33:03] - https://www.loyhome.com/feed
[2025-11-16 06:33:03] - http://feeds.feedburner.com/ruanyifeng
[2025-11-16 07:21:11] 本次订阅抓取结果统计:
[2025-11-16 07:21:11] 共 28 条RSS, 成功抓取 24 条.
[2025-11-16 07:21:11] ✘ 有 4 条订阅解析失败:
[2025-11-16 07:21:11] - https://tumutanzi.com/feed
[2025-11-16 07:21:11] - https://tcxx.info/feed
[2025-11-16 07:21:11] - https://geekinney.com/index.xml
[2025-11-16 07:21:11] - https://www.shephe.com/feed
[2025-11-16 07:21:11] ✘ 有 2 条订阅头像无法访问, 已使用默认头像:
[2025-11-16 07:21:11] - https://www.loyhome.com/feed
[2025-11-16 07:21:11] - http://feeds.feedburner.com/ruanyifeng
