[2025-11-02 01:52:10] 本次订阅抓取结果统计:
[2025-11-02 01:52:10] 共 28 条RSS, 成功抓取 25 条.
[2025-11-02 01:52:10] ✘ 有 3 条订阅解析失败:
[2025-11-02 01:52:10] - https://tumutanzi.com/feed
[2025-11-02 01:52:10] - https://tcxx.info/feed
[2025-11-02 01:52:10] - https://geekinney.com/index.xml
[2025-11-02 01:52:10] ✘ 有 2 条订阅头像无法访问, 已使用默认头像:
[2025-11-02 01:52:10] - http://feeds.feedburner.com/ruanyifeng
[2025-11-02 01:52:10] - https://www.loyhome.com/feed
[2025-11-02 03:17:44] 本次订阅抓取结果统计:
[2025-11-02 03:17:44] 共 28 条RSS, 成功抓取 25 条.
[2025-11-02 03:17:44] ✘ 有 3 条订阅解析失败:
[2025-11-02 03:17:44] - https://tumutanzi.com/feed
[2025-11-02 03:17:44] - https://tcxx.info/feed
[2025-11-02 03:17:44] - https://geekinney.com/index.xml
[2025-11-02 03:17:44] ✘ 有 2 条订阅头像无法访问, 已使用默认头像:
[2025-11-02 03:17:44] - http://feeds.feedburner.com/ruanyifeng
[2025-11-02 03:17:44] - https://www.loyhome.com/feed
[2025-11-02 04:25:56] 本次订阅抓取结果统计:
[2025-11-02 04:25:56] 共 28 条RSS, 成功抓取 25 条.
[2025-11-02 04:25:56] ✘ 有 3 条订阅解析失败:
[2025-11-02 04:25:56] - https://tcxx.info/feed
[2025-11-02 04:25:56] - https://tumutanzi.com/feed
[2025-11-02 04:25:56] - https://geekinney.com/index.xml
[2025-11-02 04:25:56] ✘ 有 2 条订阅头像无法访问, 已使用默认头像:
[2025-11-02 04:25:56] - https://www.loyhome.com/feed
[2025-11-02 04:25:56] - http://feeds.feedburner.com/ruanyifeng
[2025-11-02 05:21:19] 本次订阅抓取结果统计:
[2025-11-02 05:21:19] 共 28 条RSS, 成功抓取 25 条.
[2025-11-02 05:21:19] ✘ 有 3 条订阅解析失败:
[2025-11-02 05:21:19] - https://tumutanzi.com/feed
[2025-11-02 05:21:19] - https://tcxx.info/feed
[2025-11-02 05:21:19] - https://geekinney.com/index.xml
[2025-11-02 05:21:19] ✘ 有 2 条订阅头像无法访问, 已使用默认头像:
[2025-11-02 05:21:19] - https://www.loyhome.com/feed
[2025-11-02 05:21:19] - http://feeds.feedburner.com/ruanyifeng
[2025-11-02 06:31:50] 本次订阅抓取结果统计:
[2025-11-02 06:31:50] 共 28 条RSS, 成功抓取 25 条.
[2025-11-02 06:31:50] ✘ 有 3 条订阅解析失败:
[2025-11-02 06:31:50] - https://tcxx.info/feed
[2025-11-02 06:31:50] - https://tumutanzi.com/feed
[2025-11-02 06:31:50] - https://geekinney.com/index.xml
[2025-11-02 06:31:50] ✘ 有 2 条订阅头像无法访问, 已使用默认头像:
[2025-11-02 06:31:50] - http://feeds.feedburner.com/ruanyifeng
[2025-11-02 06:31:50] - https://www.loyhome.com/feed
[2025-11-02 07:19:39] 本次订阅抓取结果统计:
[2025-11-02 07:19:39] 共 28 条RSS, 成功抓取 25 条.
[2025-11-02 07:19:39] ✘ 有 3 条订阅解析失败:
[2025-11-02 07:19:39] - https://tcxx.info/feed
[2025-11-02 07:19:39] - https://tumutanzi.com/feed
[2025-11-02 07:19:39] - https://geekinney.com/index.xml
[2025-11-02 07:19:39] ✘ 有 2 条订阅头像无法访问, 已使用默认头像:
[2025-11-02 07:19:39] - http://feeds.feedburner.com/ruanyifeng
[2025-11-02 07:19:39] - https://www.loyhome.com/feed
[2025-11-02 08:25:00] 本次订阅抓取结果统计:
[2025-11-02 08:25:00] 共 28 条RSS, 成功抓取 25 条.
[2025-11-02 08:25:00] ✘ 有 3 条订阅解析失败:
[2025-11-02 08:25:00] - https://tcxx.info/feed
[2025-11-02 08:25:00] - https://tumutanzi.com/feed
[2025-11-02 08:25:00] - https://geekinney.com/index.xml
[2025-11-02 08:25:00] ✘ 有 2 条订阅头像无法访问, 已使用默认头像:
[2025-11-02 08:25:00] - http://feeds.feedburner.com/ruanyifeng
[2025-11-02 08:25:00] - https://www.loyhome.com/feed
[2025-11-02 09:19:54] 本次订阅抓取结果统计:
[2025-11-02 09:19:54] 共 28 条RSS, 成功抓取 25 条.
[2025-11-02 09:19:54] ✘ 有 3 条订阅解析失败:
[2025-11-02 09:19:54] - https://tcxx.info/feed
[2025-11-02 09:19:54] - https://tumutanzi.com/feed
[2025-11-02 09:19:54] - https://geekinney.com/index.xml
[2025-11-02 09:19:54] ✘ 有 2 条订阅头像无法访问, 已使用默认头像:
[2025-11-02 09:19:54] - http://feeds.feedburner.com/ruanyifeng
[2025-11-02 09:19:54] - https://www.loyhome.com/feed
[2025-11-02 10:20:33] 本次订阅抓取结果统计:
[2025-11-02 10:20:33] 共 28 条RSS, 成功抓取 25 条.
[2025-11-02 10:20:33] ✘ 有 3 条订阅解析失败:
[2025-11-02 10:20:33] - https://tumutanzi.com/feed
[2025-11-02 10:20:33] - https://tcxx.info/feed
[2025-11-02 10:20:33] - https://geekinney.com/index.xml
[2025-11-02 10:20:33] ✘ 有 2 条订阅头像无法访问, 已使用默认头像:
[2025-11-02 10:20:33] - http://feeds.feedburner.com/ruanyifeng
[2025-11-02 10:20:33] - https://www.loyhome.com/feed
[2025-11-02 11:16:10] 本次订阅抓取结果统计:
[2025-11-02 11:16:10] 共 28 条RSS, 成功抓取 25 条.
[2025-11-02 11:16:10] ✘ 有 3 条订阅解析失败:
[2025-11-02 11:16:10] - https://tcxx.info/feed
[2025-11-02 11:16:10] - https://tumutanzi.com/feed
[2025-11-02 11:16:10] - https://geekinney.com/index.xml
[2025-11-02 11:16:10] ✘ 有 2 条订阅头像无法访问, 已使用默认头像:
[2025-11-02 11:16:10] - http://feeds.feedburner.com/ruanyifeng
[2025-11-02 11:16:10] - https://www.loyhome.com/feed
[2025-11-02 12:40:13] 本次订阅抓取结果统计:
[2025-11-02 12:40:13] 共 28 条RSS, 成功抓取 25 条.
[2025-11-02 12:40:13] ✘ 有 3 条订阅解析失败:
[2025-11-02 12:40:13] - https://tcxx.info/feed
[2025-11-02 12:40:13] - https://tumutanzi.com/feed
[2025-11-02 12:40:13] - https://geekinney.com/index.xml
[2025-11-02 12:40:13] ✘ 有 2 条订阅头像无法访问, 已使用默认头像:
[2025-11-02 12:40:13] - https://www.loyhome.com/feed
[2025-11-02 12:40:13] - http://feeds.feedburner.com/ruanyifeng
[2025-11-02 13:25:04] 本次订阅抓取结果统计:
[2025-11-02 13:25:04] 共 28 条RSS, 成功抓取 25 条.
[2025-11-02 13:25:04] ✘ 有 3 条订阅解析失败:
[2025-11-02 13:25:04] - https://tcxx.info/feed
[2025-11-02 13:25:04] - https://tumutanzi.com/feed
[2025-11-02 13:25:04] - https://geekinney.com/index.xml
[2025-11-02 13:25:04] ✘ 有 2 条订阅头像无法访问, 已使用默认头像:
[2025-11-02 13:25:04] - http://feeds.feedburner.com/ruanyifeng
[2025-11-02 13:25:04] - https://www.loyhome.com/feed
[2025-11-02 14:18:23] 本次订阅抓取结果统计:
[2025-11-02 14:18:23] 共 28 条RSS, 成功抓取 25 条.
[2025-11-02 14:18:23] ✘ 有 3 条订阅解析失败:
[2025-11-02 14:18:23] - https://tcxx.info/feed
[2025-11-02 14:18:23] - https://tumutanzi.com/feed
[2025-11-02 14:18:23] - https://geekinney.com/index.xml
[2025-11-02 14:18:23] ✘ 有 2 条订阅头像无法访问, 已使用默认头像:
[2025-11-02 14:18:23] - http://feeds.feedburner.com/ruanyifeng
[2025-11-02 14:18:23] - https://www.loyhome.com/feed
[2025-11-02 15:19:30] 本次订阅抓取结果统计:
[2025-11-02 15:19:30] 共 28 条RSS, 成功抓取 25 条.
[2025-11-02 15:19:30] ✘ 有 3 条订阅解析失败:
[2025-11-02 15:19:30] - https://tcxx.info/feed
[2025-11-02 15:19:30] - https://tumutanzi.com/feed
[2025-11-02 15:19:30] - https://geekinney.com/index.xml
[2025-11-02 15:19:30] ✘ 有 2 条订阅头像无法访问, 已使用默认头像:
[2025-11-02 15:19:30] - http://feeds.feedburner.com/ruanyifeng
[2025-11-02 15:19:30] - https://www.loyhome.com/feed
[2025-11-02 16:25:05] 本次订阅抓取结果统计:
[2025-11-02 16:25:05] 共 28 条RSS, 成功抓取 25 条.
[2025-11-02 16:25:05] ✘ 有 3 条订阅解析失败:
[2025-11-02 16:25:05] - https://tcxx.info/feed
[2025-11-02 16:25:05] - https://tumutanzi.com/feed
[2025-11-02 16:25:05] - https://geekinney.com/index.xml
[2025-11-02 16:25:05] ✘ 有 2 条订阅头像无法访问, 已使用默认头像:
[2025-11-02 16:25:05] - http://feeds.feedburner.com/ruanyifeng
[2025-11-02 16:25:05] - https://www.loyhome.com/feed
