[2025-05-15 01:46:16] 本次订阅抓取结果统计:
[2025-05-15 01:46:16] 共 28 条RSS, 成功抓取 27 条.
[2025-05-15 01:46:16] ✘ 有 1 条订阅解析失败:
[2025-05-15 01:46:16] - https://tcxx.info/feed
[2025-05-15 01:46:16] ✘ 有 2 条订阅头像无法访问, 已使用默认头像:
[2025-05-15 01:46:16] - http://feeds.feedburner.com/ruanyifeng
[2025-05-15 01:46:16] - https://www.loyhome.com/feed
[2025-05-15 03:11:12] 本次订阅抓取结果统计:
[2025-05-15 03:11:12] 共 28 条RSS, 成功抓取 27 条.
[2025-05-15 03:11:12] ✘ 有 1 条订阅解析失败:
[2025-05-15 03:11:12] - https://tcxx.info/feed
[2025-05-15 03:11:12] ✘ 有 2 条订阅头像无法访问, 已使用默认头像:
[2025-05-15 03:11:12] - http://feeds.feedburner.com/ruanyifeng
[2025-05-15 03:11:12] - https://www.loyhome.com/feed
[2025-05-15 04:26:44] 本次订阅抓取结果统计:
[2025-05-15 04:26:44] 共 28 条RSS, 成功抓取 27 条.
[2025-05-15 04:26:44] ✘ 有 1 条订阅解析失败:
[2025-05-15 04:26:44] - https://tcxx.info/feed
[2025-05-15 04:26:44] ✘ 有 2 条订阅头像无法访问, 已使用默认头像:
[2025-05-15 04:26:44] - http://feeds.feedburner.com/ruanyifeng
[2025-05-15 04:26:44] - https://www.loyhome.com/feed
[2025-05-15 05:22:07] 本次订阅抓取结果统计:
[2025-05-15 05:22:07] 共 28 条RSS, 成功抓取 27 条.
[2025-05-15 05:22:07] ✘ 有 1 条订阅解析失败:
[2025-05-15 05:22:07] - https://tcxx.info/feed
[2025-05-15 05:22:07] ✘ 有 2 条订阅头像无法访问, 已使用默认头像:
[2025-05-15 05:22:07] - http://feeds.feedburner.com/ruanyifeng
[2025-05-15 05:22:07] - https://www.loyhome.com/feed
