[2025-07-12 01:58:25] 本次订阅抓取结果统计:
[2025-07-12 01:58:25] 共 28 条RSS, 成功抓取 27 条.
[2025-07-12 01:58:25] ✘ 有 1 条订阅解析失败:
[2025-07-12 01:58:25] - https://tcxx.info/feed
[2025-07-12 01:58:25] ✘ 有 2 条订阅头像无法访问, 已使用默认头像:
[2025-07-12 01:58:25] - http://feeds.feedburner.com/ruanyifeng
[2025-07-12 01:58:25] - https://www.loyhome.com/feed
[2025-07-12 03:36:15] 本次订阅抓取结果统计:
[2025-07-12 03:36:15] 共 28 条RSS, 成功抓取 27 条.
[2025-07-12 03:36:15] ✘ 有 1 条订阅解析失败:
[2025-07-12 03:36:15] - https://tcxx.info/feed
[2025-07-12 03:36:15] ✘ 有 2 条订阅头像无法访问, 已使用默认头像:
[2025-07-12 03:36:15] - http://feeds.feedburner.com/ruanyifeng
[2025-07-12 03:36:15] - https://www.loyhome.com/feed
[2025-07-12 04:33:37] 本次订阅抓取结果统计:
[2025-07-12 04:33:37] 共 28 条RSS, 成功抓取 27 条.
[2025-07-12 04:33:37] ✘ 有 1 条订阅解析失败:
[2025-07-12 04:33:37] - https://tcxx.info/feed
[2025-07-12 04:33:37] ✘ 有 2 条订阅头像无法访问, 已使用默认头像:
[2025-07-12 04:33:37] - http://feeds.feedburner.com/ruanyifeng
[2025-07-12 04:33:37] - https://www.loyhome.com/feed
[2025-07-12 05:22:56] 本次订阅抓取结果统计:
[2025-07-12 05:22:56] 共 28 条RSS, 成功抓取 27 条.
[2025-07-12 05:22:56] ✘ 有 1 条订阅解析失败:
[2025-07-12 05:22:56] - https://tcxx.info/feed
[2025-07-12 05:22:56] ✘ 有 2 条订阅头像无法访问, 已使用默认头像:
[2025-07-12 05:22:56] - http://feeds.feedburner.com/ruanyifeng
[2025-07-12 05:22:56] - https://www.loyhome.com/feed
[2025-07-12 06:31:55] 本次订阅抓取结果统计:
[2025-07-12 06:31:55] 共 28 条RSS, 成功抓取 27 条.
[2025-07-12 06:31:55] ✘ 有 1 条订阅解析失败:
[2025-07-12 06:31:55] - https://tcxx.info/feed
[2025-07-12 06:31:55] ✘ 有 2 条订阅头像无法访问, 已使用默认头像:
[2025-07-12 06:31:55] - http://feeds.feedburner.com/ruanyifeng
[2025-07-12 06:31:55] - https://www.loyhome.com/feed
[2025-07-12 07:21:37] 本次订阅抓取结果统计:
[2025-07-12 07:21:37] 共 28 条RSS, 成功抓取 27 条.
[2025-07-12 07:21:37] ✘ 有 1 条订阅解析失败:
[2025-07-12 07:21:37] - https://tcxx.info/feed
[2025-07-12 07:21:37] ✘ 有 2 条订阅头像无法访问, 已使用默认头像:
[2025-07-12 07:21:37] - http://feeds.feedburner.com/ruanyifeng
[2025-07-12 07:21:37] - https://www.loyhome.com/feed
[2025-07-12 08:27:51] 本次订阅抓取结果统计:
[2025-07-12 08:27:51] 共 28 条RSS, 成功抓取 27 条.
[2025-07-12 08:27:51] ✘ 有 1 条订阅解析失败:
[2025-07-12 08:27:51] - https://tcxx.info/feed
[2025-07-12 08:27:51] ✘ 有 2 条订阅头像无法访问, 已使用默认头像:
[2025-07-12 08:27:51] - http://feeds.feedburner.com/ruanyifeng
[2025-07-12 08:27:51] - https://www.loyhome.com/feed
[2025-07-12 09:22:43] 本次订阅抓取结果统计:
[2025-07-12 09:22:43] 共 28 条RSS, 成功抓取 27 条.
[2025-07-12 09:22:43] ✘ 有 1 条订阅解析失败:
[2025-07-12 09:22:43] - https://tcxx.info/feed
[2025-07-12 09:22:43] ✘ 有 2 条订阅头像无法访问, 已使用默认头像:
[2025-07-12 09:22:43] - http://feeds.feedburner.com/ruanyifeng
[2025-07-12 09:22:43] - https://www.loyhome.com/feed
[2025-07-12 10:22:51] 本次订阅抓取结果统计:
[2025-07-12 10:22:51] 共 28 条RSS, 成功抓取 27 条.
[2025-07-12 10:22:51] ✘ 有 1 条订阅解析失败:
[2025-07-12 10:22:51] - https://tcxx.info/feed
[2025-07-12 10:22:51] ✘ 有 2 条订阅头像无法访问, 已使用默认头像:
[2025-07-12 10:22:51] - http://feeds.feedburner.com/ruanyifeng
[2025-07-12 10:22:51] - https://www.loyhome.com/feed
[2025-07-12 11:19:00] 本次订阅抓取结果统计:
[2025-07-12 11:19:00] 共 28 条RSS, 成功抓取 27 条.
[2025-07-12 11:19:00] ✘ 有 1 条订阅解析失败:
[2025-07-12 11:19:00] - https://tcxx.info/feed
[2025-07-12 11:19:00] ✘ 有 2 条订阅头像无法访问, 已使用默认头像:
[2025-07-12 11:19:00] - http://feeds.feedburner.com/ruanyifeng
[2025-07-12 11:19:00] - https://www.loyhome.com/feed
[2025-07-12 12:42:35] 本次订阅抓取结果统计:
[2025-07-12 12:42:35] 共 28 条RSS, 成功抓取 27 条.
[2025-07-12 12:42:35] ✘ 有 1 条订阅解析失败:
[2025-07-12 12:42:35] - https://tcxx.info/feed
[2025-07-12 12:42:35] ✘ 有 2 条订阅头像无法访问, 已使用默认头像:
[2025-07-12 12:42:35] - http://feeds.feedburner.com/ruanyifeng
[2025-07-12 12:42:35] - https://www.loyhome.com/feed
[2025-07-12 13:30:44] 本次订阅抓取结果统计:
[2025-07-12 13:30:44] 共 28 条RSS, 成功抓取 27 条.
[2025-07-12 13:30:44] ✘ 有 1 条订阅解析失败:
[2025-07-12 13:30:44] - https://tcxx.info/feed
[2025-07-12 13:30:44] ✘ 有 2 条订阅头像无法访问, 已使用默认头像:
[2025-07-12 13:30:44] - http://feeds.feedburner.com/ruanyifeng
[2025-07-12 13:30:44] - https://www.loyhome.com/feed
