[2025-11-13 01:50:01] 本次订阅抓取结果统计:
[2025-11-13 01:50:01] 共 28 条RSS, 成功抓取 25 条.
[2025-11-13 01:50:01] ✘ 有 3 条订阅解析失败:
[2025-11-13 01:50:01] - https://tumutanzi.com/feed
[2025-11-13 01:50:01] - https://tcxx.info/feed
[2025-11-13 01:50:01] - https://geekinney.com/index.xml
[2025-11-13 01:50:01] ✘ 有 2 条订阅头像无法访问, 已使用默认头像:
[2025-11-13 01:50:01] - https://www.loyhome.com/feed
[2025-11-13 01:50:01] - http://feeds.feedburner.com/ruanyifeng
[2025-11-13 03:17:12] 本次订阅抓取结果统计:
[2025-11-13 03:17:12] 共 28 条RSS, 成功抓取 25 条.
[2025-11-13 03:17:12] ✘ 有 3 条订阅解析失败:
[2025-11-13 03:17:12] - https://tcxx.info/feed
[2025-11-13 03:17:12] - https://tumutanzi.com/feed
[2025-11-13 03:17:12] - https://geekinney.com/index.xml
[2025-11-13 03:17:12] ✘ 有 2 条订阅头像无法访问, 已使用默认头像:
[2025-11-13 03:17:12] - http://feeds.feedburner.com/ruanyifeng
[2025-11-13 03:17:12] - https://www.loyhome.com/feed
[2025-11-13 04:28:31] 本次订阅抓取结果统计:
[2025-11-13 04:28:31] 共 28 条RSS, 成功抓取 25 条.
[2025-11-13 04:28:31] ✘ 有 3 条订阅解析失败:
[2025-11-13 04:28:31] - https://tumutanzi.com/feed
[2025-11-13 04:28:31] - https://tcxx.info/feed
[2025-11-13 04:28:31] - https://geekinney.com/index.xml
[2025-11-13 04:28:31] ✘ 有 2 条订阅头像无法访问, 已使用默认头像:
[2025-11-13 04:28:31] - http://feeds.feedburner.com/ruanyifeng
[2025-11-13 04:28:31] - https://www.loyhome.com/feed
[2025-11-13 05:23:05] 本次订阅抓取结果统计:
[2025-11-13 05:23:05] 共 28 条RSS, 成功抓取 25 条.
[2025-11-13 05:23:05] ✘ 有 3 条订阅解析失败:
[2025-11-13 05:23:05] - https://tumutanzi.com/feed
[2025-11-13 05:23:05] - https://tcxx.info/feed
[2025-11-13 05:23:05] - https://geekinney.com/index.xml
[2025-11-13 05:23:05] ✘ 有 2 条订阅头像无法访问, 已使用默认头像:
[2025-11-13 05:23:05] - http://feeds.feedburner.com/ruanyifeng
[2025-11-13 05:23:05] - https://www.loyhome.com/feed
[2025-11-13 06:34:47] 本次订阅抓取结果统计:
[2025-11-13 06:34:47] 共 28 条RSS, 成功抓取 25 条.
[2025-11-13 06:34:47] ✘ 有 3 条订阅解析失败:
[2025-11-13 06:34:47] - https://tumutanzi.com/feed
[2025-11-13 06:34:47] - https://tcxx.info/feed
[2025-11-13 06:34:47] - https://geekinney.com/index.xml
[2025-11-13 06:34:47] ✘ 有 2 条订阅头像无法访问, 已使用默认头像:
[2025-11-13 06:34:47] - https://www.loyhome.com/feed
[2025-11-13 06:34:47] - http://feeds.feedburner.com/ruanyifeng
[2025-11-13 07:22:06] 本次订阅抓取结果统计:
[2025-11-13 07:22:06] 共 28 条RSS, 成功抓取 25 条.
[2025-11-13 07:22:06] ✘ 有 3 条订阅解析失败:
[2025-11-13 07:22:06] - https://tcxx.info/feed
[2025-11-13 07:22:06] - https://tumutanzi.com/feed
[2025-11-13 07:22:06] - https://geekinney.com/index.xml
[2025-11-13 07:22:06] ✘ 有 2 条订阅头像无法访问, 已使用默认头像:
[2025-11-13 07:22:06] - http://feeds.feedburner.com/ruanyifeng
[2025-11-13 07:22:06] - https://www.loyhome.com/feed
[2025-11-13 08:31:14] 本次订阅抓取结果统计:
[2025-11-13 08:31:14] 共 28 条RSS, 成功抓取 25 条.
[2025-11-13 08:31:14] ✘ 有 3 条订阅解析失败:
[2025-11-13 08:31:14] - https://tumutanzi.com/feed
[2025-11-13 08:31:14] - https://tcxx.info/feed
[2025-11-13 08:31:14] - https://geekinney.com/index.xml
[2025-11-13 08:31:14] ✘ 有 2 条订阅头像无法访问, 已使用默认头像:
[2025-11-13 08:31:14] - https://www.loyhome.com/feed
[2025-11-13 08:31:14] - http://feeds.feedburner.com/ruanyifeng
[2025-11-13 09:25:58] 本次订阅抓取结果统计:
[2025-11-13 09:25:58] 共 28 条RSS, 成功抓取 25 条.
[2025-11-13 09:25:58] ✘ 有 3 条订阅解析失败:
[2025-11-13 09:25:58] - https://tcxx.info/feed
[2025-11-13 09:25:58] - https://tumutanzi.com/feed
[2025-11-13 09:25:58] - https://geekinney.com/index.xml
[2025-11-13 09:25:58] ✘ 有 2 条订阅头像无法访问, 已使用默认头像:
[2025-11-13 09:25:58] - http://feeds.feedburner.com/ruanyifeng
[2025-11-13 09:25:58] - https://www.loyhome.com/feed
[2025-11-13 10:26:23] 本次订阅抓取结果统计:
[2025-11-13 10:26:23] 共 28 条RSS, 成功抓取 25 条.
[2025-11-13 10:26:23] ✘ 有 3 条订阅解析失败:
[2025-11-13 10:26:23] - https://tcxx.info/feed
[2025-11-13 10:26:23] - https://tumutanzi.com/feed
[2025-11-13 10:26:23] - https://geekinney.com/index.xml
[2025-11-13 10:26:23] ✘ 有 2 条订阅头像无法访问, 已使用默认头像:
[2025-11-13 10:26:23] - https://www.loyhome.com/feed
[2025-11-13 10:26:23] - http://feeds.feedburner.com/ruanyifeng
[2025-11-13 11:20:14] 本次订阅抓取结果统计:
[2025-11-13 11:20:14] 共 28 条RSS, 成功抓取 25 条.
[2025-11-13 11:20:14] ✘ 有 3 条订阅解析失败:
[2025-11-13 11:20:14] - https://tcxx.info/feed
[2025-11-13 11:20:14] - https://tumutanzi.com/feed
[2025-11-13 11:20:14] - https://geekinney.com/index.xml
[2025-11-13 11:20:14] ✘ 有 2 条订阅头像无法访问, 已使用默认头像:
[2025-11-13 11:20:14] - http://feeds.feedburner.com/ruanyifeng
[2025-11-13 11:20:14] - https://www.loyhome.com/feed
