[2025-08-18 02:01:06] 本次订阅抓取结果统计:
[2025-08-18 02:01:06] 共 28 条RSS, 成功抓取 26 条.
[2025-08-18 02:01:06] ✘ 有 2 条订阅解析失败:
[2025-08-18 02:01:06] - https://tcxx.info/feed
[2025-08-18 02:01:06] - https://tumutanzi.com/feed
[2025-08-18 02:01:06] ✘ 有 2 条订阅头像无法访问, 已使用默认头像:
[2025-08-18 02:01:06] - http://feeds.feedburner.com/ruanyifeng
[2025-08-18 02:01:06] - https://www.loyhome.com/feed
[2025-08-18 04:01:49] 本次订阅抓取结果统计:
[2025-08-18 04:01:49] 共 28 条RSS, 成功抓取 26 条.
[2025-08-18 04:01:49] ✘ 有 2 条订阅解析失败:
[2025-08-18 04:01:49] - https://tcxx.info/feed
[2025-08-18 04:01:49] - https://tumutanzi.com/feed
[2025-08-18 04:01:49] ✘ 有 2 条订阅头像无法访问, 已使用默认头像:
[2025-08-18 04:01:49] - http://feeds.feedburner.com/ruanyifeng
[2025-08-18 04:01:49] - https://www.loyhome.com/feed
[2025-08-18 05:26:36] 本次订阅抓取结果统计:
[2025-08-18 05:26:36] 共 28 条RSS, 成功抓取 26 条.
[2025-08-18 05:26:36] ✘ 有 2 条订阅解析失败:
[2025-08-18 05:26:36] - https://tumutanzi.com/feed
[2025-08-18 05:26:36] - https://tcxx.info/feed
[2025-08-18 05:26:36] ✘ 有 2 条订阅头像无法访问, 已使用默认头像:
[2025-08-18 05:26:36] - http://feeds.feedburner.com/ruanyifeng
[2025-08-18 05:26:36] - https://www.loyhome.com/feed
