[2025-12-20 01:48:56] 本次订阅抓取结果统计:
[2025-12-20 01:48:56] 共 28 条RSS, 成功抓取 25 条.
[2025-12-20 01:48:56] ✘ 有 3 条订阅解析失败:
[2025-12-20 01:48:56] - https://tcxx.info/feed
[2025-12-20 01:48:56] - https://tumutanzi.com/feed
[2025-12-20 01:48:56] - https://geekinney.com/index.xml
[2025-12-20 01:48:56] ✘ 有 4 条订阅头像无法访问, 已使用默认头像:
[2025-12-20 01:48:56] - https://oba.by/feed
[2025-12-20 01:48:56] - http://feeds.feedburner.com/ruanyifeng
[2025-12-20 01:48:56] - https://www.loyhome.com/feed
[2025-12-20 01:48:56] - https://xyzbz.cn/feed
[2025-12-20 03:18:12] 本次订阅抓取结果统计:
[2025-12-20 03:18:12] 共 28 条RSS, 成功抓取 25 条.
[2025-12-20 03:18:12] ✘ 有 3 条订阅解析失败:
[2025-12-20 03:18:12] - https://tcxx.info/feed
[2025-12-20 03:18:12] - https://tumutanzi.com/feed
[2025-12-20 03:18:12] - https://geekinney.com/index.xml
[2025-12-20 03:18:12] ✘ 有 3 条订阅头像无法访问, 已使用默认头像:
[2025-12-20 03:18:12] - https://oba.by/feed
[2025-12-20 03:18:12] - https://www.loyhome.com/feed
[2025-12-20 03:18:12] - http://feeds.feedburner.com/ruanyifeng
[2025-12-20 04:29:52] 本次订阅抓取结果统计:
[2025-12-20 04:29:52] 共 28 条RSS, 成功抓取 24 条.
[2025-12-20 04:29:52] ✘ 有 4 条订阅解析失败:
[2025-12-20 04:29:52] - https://tumutanzi.com/feed
[2025-12-20 04:29:52] - https://tcxx.info/feed
[2025-12-20 04:29:52] - https://geekinney.com/index.xml
[2025-12-20 04:29:52] - https://www.loyhome.com/feed
[2025-12-20 04:29:52] ✘ 有 2 条订阅头像无法访问, 已使用默认头像:
[2025-12-20 04:29:52] - https://oba.by/feed
[2025-12-20 04:29:52] - http://feeds.feedburner.com/ruanyifeng
[2025-12-20 05:23:44] 本次订阅抓取结果统计:
[2025-12-20 05:23:44] 共 28 条RSS, 成功抓取 25 条.
[2025-12-20 05:23:44] ✘ 有 3 条订阅解析失败:
[2025-12-20 05:23:44] - https://tumutanzi.com/feed
[2025-12-20 05:23:44] - https://tcxx.info/feed
[2025-12-20 05:23:44] - https://geekinney.com/index.xml
[2025-12-20 05:23:44] ✘ 有 3 条订阅头像无法访问, 已使用默认头像:
[2025-12-20 05:23:44] - https://oba.by/feed
[2025-12-20 05:23:44] - http://feeds.feedburner.com/ruanyifeng
[2025-12-20 05:23:44] - https://www.loyhome.com/feed
[2025-12-20 06:35:37] 本次订阅抓取结果统计:
[2025-12-20 06:35:37] 共 28 条RSS, 成功抓取 25 条.
[2025-12-20 06:35:37] ✘ 有 3 条订阅解析失败:
[2025-12-20 06:35:37] - https://tumutanzi.com/feed
[2025-12-20 06:35:37] - https://geekinney.com/index.xml
[2025-12-20 06:35:37] - https://tcxx.info/feed
[2025-12-20 06:35:37] ✘ 有 4 条订阅头像无法访问, 已使用默认头像:
[2025-12-20 06:35:37] - https://oba.by/feed
[2025-12-20 06:35:37] - https://www.loyhome.com/feed
[2025-12-20 06:35:37] - http://feeds.feedburner.com/ruanyifeng
[2025-12-20 06:35:37] - https://blog.ursb.me/feed.xml
[2025-12-20 07:20:47] 本次订阅抓取结果统计:
[2025-12-20 07:20:47] 共 28 条RSS, 成功抓取 25 条.
[2025-12-20 07:20:47] ✘ 有 3 条订阅解析失败:
[2025-12-20 07:20:47] - https://tcxx.info/feed
[2025-12-20 07:20:47] - https://tumutanzi.com/feed
[2025-12-20 07:20:47] - https://geekinney.com/index.xml
[2025-12-20 07:20:47] ✘ 有 3 条订阅头像无法访问, 已使用默认头像:
[2025-12-20 07:20:47] - https://oba.by/feed
[2025-12-20 07:20:47] - http://feeds.feedburner.com/ruanyifeng
[2025-12-20 07:20:47] - https://www.loyhome.com/feed
