[2025-12-08 01:53:38] 本次订阅抓取结果统计:
[2025-12-08 01:53:38] 共 28 条RSS, 成功抓取 25 条.
[2025-12-08 01:53:38] ✘ 有 3 条订阅解析失败:
[2025-12-08 01:53:38] - https://tcxx.info/feed
[2025-12-08 01:53:38] - https://tumutanzi.com/feed
[2025-12-08 01:53:38] - https://geekinney.com/index.xml
[2025-12-08 01:53:38] ✘ 有 3 条订阅头像无法访问, 已使用默认头像:
[2025-12-08 01:53:38] - http://feeds.feedburner.com/ruanyifeng
[2025-12-08 01:53:38] - https://www.loyhome.com/feed
[2025-12-08 01:53:38] - https://xyzbz.cn/feed
[2025-12-08 03:24:49] 本次订阅抓取结果统计:
[2025-12-08 03:24:49] 共 28 条RSS, 成功抓取 25 条.
[2025-12-08 03:24:49] ✘ 有 3 条订阅解析失败:
[2025-12-08 03:24:49] - https://tcxx.info/feed
[2025-12-08 03:24:49] - https://tumutanzi.com/feed
[2025-12-08 03:24:49] - https://geekinney.com/index.xml
[2025-12-08 03:24:49] ✘ 有 2 条订阅头像无法访问, 已使用默认头像:
[2025-12-08 03:24:49] - http://feeds.feedburner.com/ruanyifeng
[2025-12-08 03:24:49] - https://www.loyhome.com/feed
[2025-12-08 04:36:09] 本次订阅抓取结果统计:
[2025-12-08 04:36:09] 共 28 条RSS, 成功抓取 25 条.
[2025-12-08 04:36:09] ✘ 有 3 条订阅解析失败:
[2025-12-08 04:36:09] - https://tumutanzi.com/feed
[2025-12-08 04:36:09] - https://tcxx.info/feed
[2025-12-08 04:36:09] - https://geekinney.com/index.xml
[2025-12-08 04:36:09] ✘ 有 2 条订阅头像无法访问, 已使用默认头像:
[2025-12-08 04:36:09] - http://feeds.feedburner.com/ruanyifeng
[2025-12-08 04:36:09] - https://www.loyhome.com/feed
