[2025-05-25 01:57:13] 本次订阅抓取结果统计:
[2025-05-25 01:57:13] 共 28 条RSS, 成功抓取 27 条.
[2025-05-25 01:57:13] ✘ 有 1 条订阅解析失败:
[2025-05-25 01:57:13] - https://tcxx.info/feed
[2025-05-25 01:57:13] ✘ 有 2 条订阅头像无法访问, 已使用默认头像:
[2025-05-25 01:57:13] - http://feeds.feedburner.com/ruanyifeng
[2025-05-25 01:57:13] - https://www.loyhome.com/feed
[2025-05-25 03:22:36] 本次订阅抓取结果统计:
[2025-05-25 03:22:36] 共 28 条RSS, 成功抓取 27 条.
[2025-05-25 03:22:36] ✘ 有 1 条订阅解析失败:
[2025-05-25 03:22:36] - https://tcxx.info/feed
[2025-05-25 03:22:36] ✘ 有 2 条订阅头像无法访问, 已使用默认头像:
[2025-05-25 03:22:36] - http://feeds.feedburner.com/ruanyifeng
[2025-05-25 03:22:36] - https://www.loyhome.com/feed
[2025-05-25 04:28:06] 本次订阅抓取结果统计:
[2025-05-25 04:28:06] 共 28 条RSS, 成功抓取 27 条.
[2025-05-25 04:28:06] ✘ 有 1 条订阅解析失败:
[2025-05-25 04:28:06] - https://tcxx.info/feed
[2025-05-25 04:28:06] ✘ 有 2 条订阅头像无法访问, 已使用默认头像:
[2025-05-25 04:28:06] - http://feeds.feedburner.com/ruanyifeng
[2025-05-25 04:28:06] - https://www.loyhome.com/feed
[2025-05-25 05:20:25] 本次订阅抓取结果统计:
[2025-05-25 05:20:25] 共 28 条RSS, 成功抓取 27 条.
[2025-05-25 05:20:25] ✘ 有 1 条订阅解析失败:
[2025-05-25 05:20:25] - https://tcxx.info/feed
[2025-05-25 05:20:25] ✘ 有 3 条订阅头像无法访问, 已使用默认头像:
[2025-05-25 05:20:25] - http://feeds.feedburner.com/ruanyifeng
[2025-05-25 05:20:25] - https://www.loyhome.com/feed
[2025-05-25 05:20:25] - https://blog.yanqingshan.com/feed
[2025-05-25 06:29:20] 本次订阅抓取结果统计:
[2025-05-25 06:29:20] 共 28 条RSS, 成功抓取 27 条.
[2025-05-25 06:29:20] ✘ 有 1 条订阅解析失败:
[2025-05-25 06:29:20] - https://tcxx.info/feed
[2025-05-25 06:29:20] ✘ 有 2 条订阅头像无法访问, 已使用默认头像:
[2025-05-25 06:29:20] - http://feeds.feedburner.com/ruanyifeng
[2025-05-25 06:29:20] - https://www.loyhome.com/feed
[2025-05-25 07:19:17] 本次订阅抓取结果统计:
[2025-05-25 07:19:17] 共 28 条RSS, 成功抓取 27 条.
[2025-05-25 07:19:17] ✘ 有 1 条订阅解析失败:
[2025-05-25 07:19:17] - https://tcxx.info/feed
[2025-05-25 07:19:17] ✘ 有 2 条订阅头像无法访问, 已使用默认头像:
[2025-05-25 07:19:17] - http://feeds.feedburner.com/ruanyifeng
[2025-05-25 07:19:17] - https://www.loyhome.com/feed
[2025-05-25 08:26:23] 本次订阅抓取结果统计:
[2025-05-25 08:26:23] 共 28 条RSS, 成功抓取 27 条.
[2025-05-25 08:26:23] ✘ 有 1 条订阅解析失败:
[2025-05-25 08:26:23] - https://tcxx.info/feed
[2025-05-25 08:26:23] ✘ 有 2 条订阅头像无法访问, 已使用默认头像:
[2025-05-25 08:26:23] - http://feeds.feedburner.com/ruanyifeng
[2025-05-25 08:26:23] - https://www.loyhome.com/feed
[2025-05-25 09:20:20] 本次订阅抓取结果统计:
[2025-05-25 09:20:20] 共 28 条RSS, 成功抓取 27 条.
[2025-05-25 09:20:20] ✘ 有 1 条订阅解析失败:
[2025-05-25 09:20:20] - https://tcxx.info/feed
[2025-05-25 09:20:20] ✘ 有 2 条订阅头像无法访问, 已使用默认头像:
[2025-05-25 09:20:20] - https://www.loyhome.com/feed
[2025-05-25 09:20:20] - http://feeds.feedburner.com/ruanyifeng
[2025-05-25 10:21:19] 本次订阅抓取结果统计:
[2025-05-25 10:21:19] 共 28 条RSS, 成功抓取 27 条.
[2025-05-25 10:21:19] ✘ 有 1 条订阅解析失败:
[2025-05-25 10:21:19] - https://tcxx.info/feed
[2025-05-25 10:21:19] ✘ 有 2 条订阅头像无法访问, 已使用默认头像:
[2025-05-25 10:21:19] - http://feeds.feedburner.com/ruanyifeng
[2025-05-25 10:21:19] - https://www.loyhome.com/feed
[2025-05-25 11:16:27] 本次订阅抓取结果统计:
[2025-05-25 11:16:27] 共 28 条RSS, 成功抓取 27 条.
[2025-05-25 11:16:27] ✘ 有 1 条订阅解析失败:
[2025-05-25 11:16:27] - https://tcxx.info/feed
[2025-05-25 11:16:27] ✘ 有 2 条订阅头像无法访问, 已使用默认头像:
[2025-05-25 11:16:27] - http://feeds.feedburner.com/ruanyifeng
[2025-05-25 11:16:27] - https://www.loyhome.com/feed
