[2025-08-17 02:00:15] 本次订阅抓取结果统计:
[2025-08-17 02:00:15] 共 28 条RSS, 成功抓取 26 条.
[2025-08-17 02:00:15] ✘ 有 2 条订阅解析失败:
[2025-08-17 02:00:15] - https://tumutanzi.com/feed
[2025-08-17 02:00:15] - https://tcxx.info/feed
[2025-08-17 02:00:15] ✘ 有 2 条订阅头像无法访问, 已使用默认头像:
[2025-08-17 02:00:15] - http://feeds.feedburner.com/ruanyifeng
[2025-08-17 02:00:15] - https://www.loyhome.com/feed
[2025-08-17 03:38:27] 本次订阅抓取结果统计:
[2025-08-17 03:38:27] 共 28 条RSS, 成功抓取 26 条.
[2025-08-17 03:38:27] ✘ 有 2 条订阅解析失败:
[2025-08-17 03:38:27] - https://tcxx.info/feed
[2025-08-17 03:38:27] - https://tumutanzi.com/feed
[2025-08-17 03:38:27] ✘ 有 2 条订阅头像无法访问, 已使用默认头像:
[2025-08-17 03:38:27] - https://www.loyhome.com/feed
[2025-08-17 03:38:27] - http://feeds.feedburner.com/ruanyifeng
[2025-08-17 04:38:54] 本次订阅抓取结果统计:
[2025-08-17 04:38:54] 共 28 条RSS, 成功抓取 25 条.
[2025-08-17 04:38:54] ✘ 有 3 条订阅解析失败:
[2025-08-17 04:38:54] - https://tcxx.info/feed
[2025-08-17 04:38:54] - https://tumutanzi.com/feed
[2025-08-17 04:38:54] - https://1900.live/rss.xml
[2025-08-17 04:38:54] ✘ 有 2 条订阅头像无法访问, 已使用默认头像:
[2025-08-17 04:38:54] - https://www.loyhome.com/feed
[2025-08-17 04:38:54] - http://feeds.feedburner.com/ruanyifeng
[2025-08-17 05:22:16] 本次订阅抓取结果统计:
[2025-08-17 05:22:16] 共 28 条RSS, 成功抓取 26 条.
[2025-08-17 05:22:16] ✘ 有 2 条订阅解析失败:
[2025-08-17 05:22:16] - https://tcxx.info/feed
[2025-08-17 05:22:16] - https://tumutanzi.com/feed
[2025-08-17 05:22:16] ✘ 有 2 条订阅头像无法访问, 已使用默认头像:
[2025-08-17 05:22:16] - http://feeds.feedburner.com/ruanyifeng
[2025-08-17 05:22:16] - https://www.loyhome.com/feed
[2025-08-17 06:32:52] 本次订阅抓取结果统计:
[2025-08-17 06:32:52] 共 28 条RSS, 成功抓取 26 条.
[2025-08-17 06:32:52] ✘ 有 2 条订阅解析失败:
[2025-08-17 06:32:52] - https://tcxx.info/feed
[2025-08-17 06:32:52] - https://tumutanzi.com/feed
[2025-08-17 06:32:52] ✘ 有 3 条订阅头像无法访问, 已使用默认头像:
[2025-08-17 06:32:52] - http://feeds.feedburner.com/ruanyifeng
[2025-08-17 06:32:52] - https://www.loyhome.com/feed
[2025-08-17 06:32:52] - https://xyzbz.cn/feed
