[2025-09-08 01:46:03] 本次订阅抓取结果统计:
[2025-09-08 01:46:03] 共 28 条RSS, 成功抓取 25 条.
[2025-09-08 01:46:03] ✘ 有 3 条订阅解析失败:
[2025-09-08 01:46:03] - https://tcxx.info/feed
[2025-09-08 01:46:03] - https://tumutanzi.com/feed
[2025-09-08 01:46:03] - https://geekinney.com/index.xml
[2025-09-08 01:46:03] ✘ 有 3 条订阅头像无法访问, 已使用默认头像:
[2025-09-08 01:46:03] - https://www.loyhome.com/feed
[2025-09-08 01:46:03] - http://feeds.feedburner.com/ruanyifeng
[2025-09-08 01:46:03] - https://1900.live/rss.xml
[2025-09-08 03:07:53] 本次订阅抓取结果统计:
[2025-09-08 03:07:53] 共 28 条RSS, 成功抓取 25 条.
[2025-09-08 03:07:53] ✘ 有 3 条订阅解析失败:
[2025-09-08 03:07:53] - https://tcxx.info/feed
[2025-09-08 03:07:53] - https://tumutanzi.com/feed
[2025-09-08 03:07:53] - https://geekinney.com/index.xml
[2025-09-08 03:07:53] ✘ 有 3 条订阅头像无法访问, 已使用默认头像:
[2025-09-08 03:07:53] - https://hwv430.blogspot.com/feeds/posts/default
[2025-09-08 03:07:53] - https://www.loyhome.com/feed
[2025-09-08 03:07:53] - http://feeds.feedburner.com/ruanyifeng
[2025-09-08 04:27:20] 本次订阅抓取结果统计:
[2025-09-08 04:27:20] 共 28 条RSS, 成功抓取 25 条.
[2025-09-08 04:27:20] ✘ 有 3 条订阅解析失败:
[2025-09-08 04:27:20] - https://tumutanzi.com/feed
[2025-09-08 04:27:20] - https://tcxx.info/feed
[2025-09-08 04:27:20] - https://geekinney.com/index.xml
[2025-09-08 04:27:20] ✘ 有 3 条订阅头像无法访问, 已使用默认头像:
[2025-09-08 04:27:20] - https://hwv430.blogspot.com/feeds/posts/default
[2025-09-08 04:27:20] - http://feeds.feedburner.com/ruanyifeng
[2025-09-08 04:27:20] - https://www.loyhome.com/feed
[2025-09-08 05:20:44] 本次订阅抓取结果统计:
[2025-09-08 05:20:44] 共 28 条RSS, 成功抓取 25 条.
[2025-09-08 05:20:44] ✘ 有 3 条订阅解析失败:
[2025-09-08 05:20:44] - https://tumutanzi.com/feed
[2025-09-08 05:20:44] - https://tcxx.info/feed
[2025-09-08 05:20:44] - https://geekinney.com/index.xml
[2025-09-08 05:20:44] ✘ 有 3 条订阅头像无法访问, 已使用默认头像:
[2025-09-08 05:20:44] - https://hwv430.blogspot.com/feeds/posts/default
[2025-09-08 05:20:44] - http://feeds.feedburner.com/ruanyifeng
[2025-09-08 05:20:44] - https://www.loyhome.com/feed
[2025-09-08 06:33:35] 本次订阅抓取结果统计:
[2025-09-08 06:33:35] 共 28 条RSS, 成功抓取 25 条.
[2025-09-08 06:33:35] ✘ 有 3 条订阅解析失败:
[2025-09-08 06:33:35] - https://tumutanzi.com/feed
[2025-09-08 06:33:35] - https://tcxx.info/feed
[2025-09-08 06:33:35] - https://geekinney.com/index.xml
[2025-09-08 06:33:35] ✘ 有 3 条订阅头像无法访问, 已使用默认头像:
[2025-09-08 06:33:35] - https://hwv430.blogspot.com/feeds/posts/default
[2025-09-08 06:33:35] - http://feeds.feedburner.com/ruanyifeng
[2025-09-08 06:33:35] - https://www.loyhome.com/feed
[2025-09-08 07:21:20] 本次订阅抓取结果统计:
[2025-09-08 07:21:20] 共 28 条RSS, 成功抓取 25 条.
[2025-09-08 07:21:20] ✘ 有 3 条订阅解析失败:
[2025-09-08 07:21:20] - https://tcxx.info/feed
[2025-09-08 07:21:20] - https://tumutanzi.com/feed
[2025-09-08 07:21:20] - https://geekinney.com/index.xml
[2025-09-08 07:21:20] ✘ 有 3 条订阅头像无法访问, 已使用默认头像:
[2025-09-08 07:21:20] - https://hwv430.blogspot.com/feeds/posts/default
[2025-09-08 07:21:20] - http://feeds.feedburner.com/ruanyifeng
[2025-09-08 07:21:20] - https://www.loyhome.com/feed
[2025-09-08 08:30:59] 本次订阅抓取结果统计:
[2025-09-08 08:30:59] 共 28 条RSS, 成功抓取 25 条.
[2025-09-08 08:30:59] ✘ 有 3 条订阅解析失败:
[2025-09-08 08:30:59] - https://tumutanzi.com/feed
[2025-09-08 08:30:59] - https://tcxx.info/feed
[2025-09-08 08:30:59] - https://geekinney.com/index.xml
[2025-09-08 08:30:59] ✘ 有 4 条订阅头像无法访问, 已使用默认头像:
[2025-09-08 08:30:59] - https://hwv430.blogspot.com/feeds/posts/default
[2025-09-08 08:30:59] - http://feeds.feedburner.com/ruanyifeng
[2025-09-08 08:30:59] - https://www.loyhome.com/feed
[2025-09-08 08:30:59] - https://xyzbz.cn/feed
[2025-09-08 09:25:52] 本次订阅抓取结果统计:
[2025-09-08 09:25:52] 共 28 条RSS, 成功抓取 25 条.
[2025-09-08 09:25:52] ✘ 有 3 条订阅解析失败:
[2025-09-08 09:25:52] - https://tcxx.info/feed
[2025-09-08 09:25:52] - https://tumutanzi.com/feed
[2025-09-08 09:25:52] - https://geekinney.com/index.xml
[2025-09-08 09:25:52] ✘ 有 3 条订阅头像无法访问, 已使用默认头像:
[2025-09-08 09:25:52] - https://hwv430.blogspot.com/feeds/posts/default
[2025-09-08 09:25:52] - http://feeds.feedburner.com/ruanyifeng
[2025-09-08 09:25:52] - https://www.loyhome.com/feed
[2025-09-08 10:24:11] 本次订阅抓取结果统计:
[2025-09-08 10:24:11] 共 28 条RSS, 成功抓取 25 条.
[2025-09-08 10:24:11] ✘ 有 3 条订阅解析失败:
[2025-09-08 10:24:11] - https://tcxx.info/feed
[2025-09-08 10:24:11] - https://tumutanzi.com/feed
[2025-09-08 10:24:11] - https://geekinney.com/index.xml
[2025-09-08 10:24:11] ✘ 有 3 条订阅头像无法访问, 已使用默认头像:
[2025-09-08 10:24:11] - https://hwv430.blogspot.com/feeds/posts/default
[2025-09-08 10:24:11] - http://feeds.feedburner.com/ruanyifeng
[2025-09-08 10:24:11] - https://www.loyhome.com/feed
[2025-09-08 11:17:33] 本次订阅抓取结果统计:
[2025-09-08 11:17:33] 共 28 条RSS, 成功抓取 25 条.
[2025-09-08 11:17:33] ✘ 有 3 条订阅解析失败:
[2025-09-08 11:17:33] - https://tumutanzi.com/feed
[2025-09-08 11:17:33] - https://tcxx.info/feed
[2025-09-08 11:17:33] - https://geekinney.com/index.xml
[2025-09-08 11:17:33] ✘ 有 3 条订阅头像无法访问, 已使用默认头像:
[2025-09-08 11:17:33] - https://hwv430.blogspot.com/feeds/posts/default
[2025-09-08 11:17:33] - http://feeds.feedburner.com/ruanyifeng
[2025-09-08 11:17:33] - https://www.loyhome.com/feed
[2025-09-08 12:46:15] 本次订阅抓取结果统计:
[2025-09-08 12:46:15] 共 28 条RSS, 成功抓取 25 条.
[2025-09-08 12:46:15] ✘ 有 3 条订阅解析失败:
[2025-09-08 12:46:15] - https://tcxx.info/feed
[2025-09-08 12:46:15] - https://tumutanzi.com/feed
[2025-09-08 12:46:15] - https://geekinney.com/index.xml
[2025-09-08 12:46:15] ✘ 有 3 条订阅头像无法访问, 已使用默认头像:
[2025-09-08 12:46:15] - https://hwv430.blogspot.com/feeds/posts/default
[2025-09-08 12:46:15] - http://feeds.feedburner.com/ruanyifeng
[2025-09-08 12:46:15] - https://www.loyhome.com/feed
[2025-09-08 13:31:54] 本次订阅抓取结果统计:
[2025-09-08 13:31:54] 共 28 条RSS, 成功抓取 25 条.
[2025-09-08 13:31:54] ✘ 有 3 条订阅解析失败:
[2025-09-08 13:31:54] - https://tcxx.info/feed
[2025-09-08 13:31:54] - https://tumutanzi.com/feed
[2025-09-08 13:31:54] - https://geekinney.com/index.xml
[2025-09-08 13:31:54] ✘ 有 3 条订阅头像无法访问, 已使用默认头像:
[2025-09-08 13:31:54] - https://hwv430.blogspot.com/feeds/posts/default
[2025-09-08 13:31:54] - http://feeds.feedburner.com/ruanyifeng
[2025-09-08 13:31:54] - https://www.loyhome.com/feed
[2025-09-08 14:22:32] 本次订阅抓取结果统计:
[2025-09-08 14:22:32] 共 28 条RSS, 成功抓取 25 条.
[2025-09-08 14:22:32] ✘ 有 3 条订阅解析失败:
[2025-09-08 14:22:32] - https://tumutanzi.com/feed
[2025-09-08 14:22:32] - https://tcxx.info/feed
[2025-09-08 14:22:32] - https://geekinney.com/index.xml
[2025-09-08 14:22:32] ✘ 有 3 条订阅头像无法访问, 已使用默认头像:
[2025-09-08 14:22:32] - https://hwv430.blogspot.com/feeds/posts/default
[2025-09-08 14:22:32] - http://feeds.feedburner.com/ruanyifeng
[2025-09-08 14:22:32] - https://www.loyhome.com/feed
[2025-09-08 15:21:57] 本次订阅抓取结果统计:
[2025-09-08 15:21:57] 共 28 条RSS, 成功抓取 25 条.
[2025-09-08 15:21:57] ✘ 有 3 条订阅解析失败:
[2025-09-08 15:21:57] - https://tcxx.info/feed
[2025-09-08 15:21:57] - https://tumutanzi.com/feed
[2025-09-08 15:21:57] - https://geekinney.com/index.xml
[2025-09-08 15:21:57] ✘ 有 3 条订阅头像无法访问, 已使用默认头像:
[2025-09-08 15:21:57] - https://hwv430.blogspot.com/feeds/posts/default
[2025-09-08 15:21:57] - http://feeds.feedburner.com/ruanyifeng
[2025-09-08 15:21:57] - https://www.loyhome.com/feed
[2025-09-08 16:25:51] 本次订阅抓取结果统计:
[2025-09-08 16:25:51] 共 28 条RSS, 成功抓取 25 条.
[2025-09-08 16:25:51] ✘ 有 3 条订阅解析失败:
[2025-09-08 16:25:51] - https://tcxx.info/feed
[2025-09-08 16:25:51] - https://tumutanzi.com/feed
[2025-09-08 16:25:51] - https://geekinney.com/index.xml
[2025-09-08 16:25:51] ✘ 有 3 条订阅头像无法访问, 已使用默认头像:
[2025-09-08 16:25:51] - https://hwv430.blogspot.com/feeds/posts/default
[2025-09-08 16:25:51] - http://feeds.feedburner.com/ruanyifeng
[2025-09-08 16:25:51] - https://www.loyhome.com/feed
[2025-09-08 17:18:51] 本次订阅抓取结果统计:
[2025-09-08 17:18:51] 共 28 条RSS, 成功抓取 25 条.
[2025-09-08 17:18:51] ✘ 有 3 条订阅解析失败:
[2025-09-08 17:18:51] - https://tcxx.info/feed
[2025-09-08 17:18:51] - https://tumutanzi.com/feed
[2025-09-08 17:18:51] - https://geekinney.com/index.xml
[2025-09-08 17:18:51] ✘ 有 3 条订阅头像无法访问, 已使用默认头像:
[2025-09-08 17:18:51] - https://hwv430.blogspot.com/feeds/posts/default
[2025-09-08 17:18:51] - https://www.loyhome.com/feed
[2025-09-08 17:18:51] - http://feeds.feedburner.com/ruanyifeng
[2025-09-08 18:31:17] 本次订阅抓取结果统计:
[2025-09-08 18:31:17] 共 28 条RSS, 成功抓取 25 条.
[2025-09-08 18:31:17] ✘ 有 3 条订阅解析失败:
[2025-09-08 18:31:17] - https://tcxx.info/feed
[2025-09-08 18:31:17] - https://tumutanzi.com/feed
[2025-09-08 18:31:17] - https://geekinney.com/index.xml
[2025-09-08 18:31:17] ✘ 有 3 条订阅头像无法访问, 已使用默认头像:
[2025-09-08 18:31:17] - https://hwv430.blogspot.com/feeds/posts/default
[2025-09-08 18:31:17] - http://feeds.feedburner.com/ruanyifeng
[2025-09-08 18:31:17] - https://www.loyhome.com/feed
[2025-09-08 19:17:39] 本次订阅抓取结果统计:
[2025-09-08 19:17:39] 共 28 条RSS, 成功抓取 25 条.
[2025-09-08 19:17:39] ✘ 有 3 条订阅解析失败:
[2025-09-08 19:17:39] - https://tcxx.info/feed
[2025-09-08 19:17:39] - https://tumutanzi.com/feed
[2025-09-08 19:17:39] - https://geekinney.com/index.xml
[2025-09-08 19:17:39] ✘ 有 3 条订阅头像无法访问, 已使用默认头像:
[2025-09-08 19:17:39] - https://hwv430.blogspot.com/feeds/posts/default
[2025-09-08 19:17:39] - http://feeds.feedburner.com/ruanyifeng
[2025-09-08 19:17:39] - https://www.loyhome.com/feed
[2025-09-08 20:23:47] 本次订阅抓取结果统计:
[2025-09-08 20:23:47] 共 28 条RSS, 成功抓取 25 条.
[2025-09-08 20:23:47] ✘ 有 3 条订阅解析失败:
[2025-09-08 20:23:47] - https://tcxx.info/feed
[2025-09-08 20:23:47] - https://tumutanzi.com/feed
[2025-09-08 20:23:47] - https://geekinney.com/index.xml
[2025-09-08 20:23:47] ✘ 有 3 条订阅头像无法访问, 已使用默认头像:
[2025-09-08 20:23:47] - https://hwv430.blogspot.com/feeds/posts/default
[2025-09-08 20:23:47] - http://feeds.feedburner.com/ruanyifeng
[2025-09-08 20:23:47] - https://www.loyhome.com/feed
