[2025-12-04 01:52:35] 本次订阅抓取结果统计:
[2025-12-04 01:52:35] 共 28 条RSS, 成功抓取 25 条.
[2025-12-04 01:52:35] ✘ 有 3 条订阅解析失败:
[2025-12-04 01:52:35] - https://tcxx.info/feed
[2025-12-04 01:52:35] - https://tumutanzi.com/feed
[2025-12-04 01:52:35] - https://geekinney.com/index.xml
[2025-12-04 01:52:35] ✘ 有 2 条订阅头像无法访问, 已使用默认头像:
[2025-12-04 01:52:35] - http://feeds.feedburner.com/ruanyifeng
[2025-12-04 01:52:35] - https://www.loyhome.com/feed
[2025-12-04 03:22:04] 本次订阅抓取结果统计:
[2025-12-04 03:22:04] 共 28 条RSS, 成功抓取 25 条.
[2025-12-04 03:22:04] ✘ 有 3 条订阅解析失败:
[2025-12-04 03:22:04] - https://tcxx.info/feed
[2025-12-04 03:22:04] - https://tumutanzi.com/feed
[2025-12-04 03:22:04] - https://geekinney.com/index.xml
[2025-12-04 03:22:04] ✘ 有 2 条订阅头像无法访问, 已使用默认头像:
[2025-12-04 03:22:04] - http://feeds.feedburner.com/ruanyifeng
[2025-12-04 03:22:04] - https://www.loyhome.com/feed
[2025-12-04 04:33:09] 本次订阅抓取结果统计:
[2025-12-04 04:33:09] 共 28 条RSS, 成功抓取 25 条.
[2025-12-04 04:33:09] ✘ 有 3 条订阅解析失败:
[2025-12-04 04:33:09] - https://tcxx.info/feed
[2025-12-04 04:33:09] - https://tumutanzi.com/feed
[2025-12-04 04:33:09] - https://geekinney.com/index.xml
[2025-12-04 04:33:09] ✘ 有 2 条订阅头像无法访问, 已使用默认头像:
[2025-12-04 04:33:09] - http://feeds.feedburner.com/ruanyifeng
[2025-12-04 04:33:09] - https://www.loyhome.com/feed
