[2025-03-19 03:04:32] 本次订阅抓取结果统计:
[2025-03-19 03:04:32] 共 28 条RSS, 成功抓取 26 条.
[2025-03-19 03:04:32] ✘ 有 2 条订阅解析失败:
[2025-03-19 03:04:32] - https://tcxx.info/feed
[2025-03-19 03:04:32] - https://geekinney.com/index.xml
[2025-03-19 03:04:32] ✘ 有 2 条订阅头像无法访问, 已使用默认头像:
[2025-03-19 03:04:32] - http://feeds.feedburner.com/ruanyifeng
[2025-03-19 03:04:32] - https://www.loyhome.com/feed
[2025-03-19 04:41:30] 本次订阅抓取结果统计:
[2025-03-19 04:41:30] 共 28 条RSS, 成功抓取 26 条.
[2025-03-19 04:41:30] ✘ 有 2 条订阅解析失败:
[2025-03-19 04:41:30] - https://tcxx.info/feed
[2025-03-19 04:41:30] - https://geekinney.com/index.xml
[2025-03-19 04:41:30] ✘ 有 2 条订阅头像无法访问, 已使用默认头像:
[2025-03-19 04:41:30] - http://feeds.feedburner.com/ruanyifeng
[2025-03-19 04:41:30] - https://www.loyhome.com/feed
[2025-03-19 05:36:25] 本次订阅抓取结果统计:
[2025-03-19 05:36:25] 共 28 条RSS, 成功抓取 26 条.
[2025-03-19 05:36:25] ✘ 有 2 条订阅解析失败:
[2025-03-19 05:36:25] - https://tcxx.info/feed
[2025-03-19 05:36:25] - https://geekinney.com/index.xml
[2025-03-19 05:36:25] ✘ 有 2 条订阅头像无法访问, 已使用默认头像:
[2025-03-19 05:36:25] - http://feeds.feedburner.com/ruanyifeng
[2025-03-19 05:36:25] - https://www.loyhome.com/feed
[2025-03-19 06:49:07] 本次订阅抓取结果统计:
[2025-03-19 06:49:07] 共 28 条RSS, 成功抓取 27 条.
[2025-03-19 06:49:07] ✘ 有 1 条订阅解析失败:
[2025-03-19 06:49:07] - https://geekinney.com/index.xml
[2025-03-19 06:49:07] ✘ 有 2 条订阅头像无法访问, 已使用默认头像:
[2025-03-19 06:49:07] - http://feeds.feedburner.com/ruanyifeng
[2025-03-19 06:49:07] - https://www.loyhome.com/feed
[2025-03-19 07:31:23] 本次订阅抓取结果统计:
[2025-03-19 07:31:23] 共 28 条RSS, 成功抓取 26 条.
[2025-03-19 07:31:23] ✘ 有 2 条订阅解析失败:
[2025-03-19 07:31:23] - https://tcxx.info/feed
[2025-03-19 07:31:23] - https://geekinney.com/index.xml
[2025-03-19 07:31:23] ✘ 有 2 条订阅头像无法访问, 已使用默认头像:
[2025-03-19 07:31:23] - http://feeds.feedburner.com/ruanyifeng
[2025-03-19 07:31:23] - https://www.loyhome.com/feed
[2025-03-19 08:48:03] 本次订阅抓取结果统计:
[2025-03-19 08:48:03] 共 28 条RSS, 成功抓取 26 条.
[2025-03-19 08:48:03] ✘ 有 2 条订阅解析失败:
[2025-03-19 08:48:03] - https://tcxx.info/feed
[2025-03-19 08:48:03] - https://geekinney.com/index.xml
[2025-03-19 08:48:03] ✘ 有 2 条订阅头像无法访问, 已使用默认头像:
[2025-03-19 08:48:03] - http://feeds.feedburner.com/ruanyifeng
[2025-03-19 08:48:03] - https://www.loyhome.com/feed
