[2025-03-28 03:08:55] 本次订阅抓取结果统计:
[2025-03-28 03:08:55] 共 28 条RSS, 成功抓取 26 条.
[2025-03-28 03:08:55] ✘ 有 2 条订阅解析失败:
[2025-03-28 03:08:55] - https://tcxx.info/feed
[2025-03-28 03:08:55] - https://geekinney.com/index.xml
[2025-03-28 03:08:55] ✘ 有 2 条订阅头像无法访问, 已使用默认头像:
[2025-03-28 03:08:55] - http://feeds.feedburner.com/ruanyifeng
[2025-03-28 03:08:55] - https://www.loyhome.com/feed
[2025-03-28 04:41:26] 本次订阅抓取结果统计:
[2025-03-28 04:41:26] 共 28 条RSS, 成功抓取 26 条.
[2025-03-28 04:41:26] ✘ 有 2 条订阅解析失败:
[2025-03-28 04:41:26] - https://tcxx.info/feed
[2025-03-28 04:41:26] - https://geekinney.com/index.xml
[2025-03-28 04:41:26] ✘ 有 2 条订阅头像无法访问, 已使用默认头像:
[2025-03-28 04:41:26] - http://feeds.feedburner.com/ruanyifeng
[2025-03-28 04:41:26] - https://www.loyhome.com/feed
[2025-03-28 05:39:30] 本次订阅抓取结果统计:
[2025-03-28 05:39:30] 共 28 条RSS, 成功抓取 27 条.
[2025-03-28 05:39:30] ✘ 有 1 条订阅解析失败:
[2025-03-28 05:39:30] - https://geekinney.com/index.xml
[2025-03-28 05:39:30] ✘ 有 3 条订阅头像无法访问, 已使用默认头像:
[2025-03-28 05:39:30] - https://www.loyhome.com/feed
[2025-03-28 05:39:30] - http://feeds.feedburner.com/ruanyifeng
[2025-03-28 05:39:30] - https://tcxx.info/feed
[2025-03-28 06:49:56] 本次订阅抓取结果统计:
[2025-03-28 06:49:56] 共 28 条RSS, 成功抓取 27 条.
[2025-03-28 06:49:56] ✘ 有 1 条订阅解析失败:
[2025-03-28 06:49:56] - https://geekinney.com/index.xml
[2025-03-28 06:49:56] ✘ 有 3 条订阅头像无法访问, 已使用默认头像:
[2025-03-28 06:49:56] - https://tcxx.info/feed
[2025-03-28 06:49:56] - http://feeds.feedburner.com/ruanyifeng
[2025-03-28 06:49:56] - https://www.loyhome.com/feed
[2025-03-28 07:30:15] 本次订阅抓取结果统计:
[2025-03-28 07:30:15] 共 28 条RSS, 成功抓取 27 条.
[2025-03-28 07:30:15] ✘ 有 1 条订阅解析失败:
[2025-03-28 07:30:15] - https://geekinney.com/index.xml
[2025-03-28 07:30:15] ✘ 有 2 条订阅头像无法访问, 已使用默认头像:
[2025-03-28 07:30:15] - http://feeds.feedburner.com/ruanyifeng
[2025-03-28 07:30:15] - https://www.loyhome.com/feed
[2025-03-28 08:44:08] 本次订阅抓取结果统计:
[2025-03-28 08:44:08] 共 28 条RSS, 成功抓取 26 条.
[2025-03-28 08:44:08] ✘ 有 2 条订阅解析失败:
[2025-03-28 08:44:08] - https://tcxx.info/feed
[2025-03-28 08:44:08] - https://geekinney.com/index.xml
[2025-03-28 08:44:08] ✘ 有 2 条订阅头像无法访问, 已使用默认头像:
[2025-03-28 08:44:08] - http://feeds.feedburner.com/ruanyifeng
[2025-03-28 08:44:08] - https://www.loyhome.com/feed
[2025-03-28 09:37:55] 本次订阅抓取结果统计:
[2025-03-28 09:37:55] 共 28 条RSS, 成功抓取 26 条.
[2025-03-28 09:37:55] ✘ 有 2 条订阅解析失败:
[2025-03-28 09:37:55] - https://tcxx.info/feed
[2025-03-28 09:37:55] - https://geekinney.com/index.xml
[2025-03-28 09:37:55] ✘ 有 2 条订阅头像无法访问, 已使用默认头像:
[2025-03-28 09:37:55] - http://feeds.feedburner.com/ruanyifeng
[2025-03-28 09:37:55] - https://www.loyhome.com/feed
[2025-03-28 10:40:43] 本次订阅抓取结果统计:
[2025-03-28 10:40:43] 共 28 条RSS, 成功抓取 26 条.
[2025-03-28 10:40:43] ✘ 有 2 条订阅解析失败:
[2025-03-28 10:40:43] - https://tcxx.info/feed
[2025-03-28 10:40:43] - https://geekinney.com/index.xml
[2025-03-28 10:40:43] ✘ 有 2 条订阅头像无法访问, 已使用默认头像:
[2025-03-28 10:40:43] - http://feeds.feedburner.com/ruanyifeng
[2025-03-28 10:40:43] - https://www.loyhome.com/feed
[2025-03-28 11:26:41] 本次订阅抓取结果统计:
[2025-03-28 11:26:41] 共 28 条RSS, 成功抓取 27 条.
[2025-03-28 11:26:41] ✘ 有 1 条订阅解析失败:
[2025-03-28 11:26:41] - https://geekinney.com/index.xml
[2025-03-28 11:26:41] ✘ 有 2 条订阅头像无法访问, 已使用默认头像:
[2025-03-28 11:26:41] - http://feeds.feedburner.com/ruanyifeng
[2025-03-28 11:26:41] - https://www.loyhome.com/feed
[2025-03-28 13:17:05] 本次订阅抓取结果统计:
[2025-03-28 13:17:05] 共 28 条RSS, 成功抓取 27 条.
[2025-03-28 13:17:05] ✘ 有 1 条订阅解析失败:
[2025-03-28 13:17:05] - https://geekinney.com/index.xml
[2025-03-28 13:17:05] ✘ 有 2 条订阅头像无法访问, 已使用默认头像:
[2025-03-28 13:17:05] - http://feeds.feedburner.com/ruanyifeng
[2025-03-28 13:17:05] - https://www.loyhome.com/feed
[2025-03-28 14:39:13] 本次订阅抓取结果统计:
[2025-03-28 14:39:13] 共 28 条RSS, 成功抓取 27 条.
[2025-03-28 14:39:13] ✘ 有 1 条订阅解析失败:
[2025-03-28 14:39:13] - https://geekinney.com/index.xml
[2025-03-28 14:39:13] ✘ 有 3 条订阅头像无法访问, 已使用默认头像:
[2025-03-28 14:39:13] - https://tcxx.info/feed
[2025-03-28 14:39:13] - http://feeds.feedburner.com/ruanyifeng
[2025-03-28 14:39:13] - https://www.loyhome.com/feed
[2025-03-28 15:36:46] 本次订阅抓取结果统计:
[2025-03-28 15:36:46] 共 28 条RSS, 成功抓取 26 条.
[2025-03-28 15:36:46] ✘ 有 2 条订阅解析失败:
[2025-03-28 15:36:46] - https://tcxx.info/feed
[2025-03-28 15:36:46] - https://geekinney.com/index.xml
[2025-03-28 15:36:46] ✘ 有 2 条订阅头像无法访问, 已使用默认头像:
[2025-03-28 15:36:46] - http://feeds.feedburner.com/ruanyifeng
[2025-03-28 15:36:46] - https://www.loyhome.com/feed
[2025-03-28 16:45:07] 本次订阅抓取结果统计:
[2025-03-28 16:45:07] 共 28 条RSS, 成功抓取 27 条.
[2025-03-28 16:45:07] ✘ 有 1 条订阅解析失败:
[2025-03-28 16:45:07] - https://geekinney.com/index.xml
[2025-03-28 16:45:07] ✘ 有 3 条订阅头像无法访问, 已使用默认头像:
[2025-03-28 16:45:07] - http://feeds.feedburner.com/ruanyifeng
[2025-03-28 16:45:07] - https://www.loyhome.com/feed
[2025-03-28 16:45:07] - https://tcxx.info/feed
[2025-03-28 17:33:36] 本次订阅抓取结果统计:
[2025-03-28 17:33:36] 共 28 条RSS, 成功抓取 27 条.
[2025-03-28 17:33:36] ✘ 有 1 条订阅解析失败:
[2025-03-28 17:33:36] - https://geekinney.com/index.xml
[2025-03-28 17:33:36] ✘ 有 3 条订阅头像无法访问, 已使用默认头像:
[2025-03-28 17:33:36] - https://www.loyhome.com/feed
[2025-03-28 17:33:36] - http://feeds.feedburner.com/ruanyifeng
[2025-03-28 17:33:36] - https://tcxx.info/feed
[2025-03-28 18:49:55] 本次订阅抓取结果统计:
[2025-03-28 18:49:55] 共 28 条RSS, 成功抓取 27 条.
[2025-03-28 18:49:55] ✘ 有 1 条订阅解析失败:
[2025-03-28 18:49:55] - https://geekinney.com/index.xml
[2025-03-28 18:49:55] ✘ 有 3 条订阅头像无法访问, 已使用默认头像:
[2025-03-28 18:49:55] - https://www.loyhome.com/feed
[2025-03-28 18:49:55] - http://feeds.feedburner.com/ruanyifeng
[2025-03-28 18:49:55] - https://tcxx.info/feed
