[2025-06-15 02:01:46] 本次订阅抓取结果统计:
[2025-06-15 02:01:46] 共 28 条RSS, 成功抓取 27 条.
[2025-06-15 02:01:46] ✘ 有 1 条订阅解析失败:
[2025-06-15 02:01:46] - https://tcxx.info/feed
[2025-06-15 02:01:46] ✘ 有 2 条订阅头像无法访问, 已使用默认头像:
[2025-06-15 02:01:46] - http://feeds.feedburner.com/ruanyifeng
[2025-06-15 02:01:46] - https://www.loyhome.com/feed
[2025-06-15 03:52:21] 本次订阅抓取结果统计:
[2025-06-15 03:52:21] 共 28 条RSS, 成功抓取 27 条.
[2025-06-15 03:52:21] ✘ 有 1 条订阅解析失败:
[2025-06-15 03:52:21] - https://tcxx.info/feed
[2025-06-15 03:52:21] ✘ 有 2 条订阅头像无法访问, 已使用默认头像:
[2025-06-15 03:52:21] - http://feeds.feedburner.com/ruanyifeng
[2025-06-15 03:52:21] - https://www.loyhome.com/feed
[2025-06-15 04:31:22] 本次订阅抓取结果统计:
[2025-06-15 04:31:22] 共 28 条RSS, 成功抓取 27 条.
[2025-06-15 04:31:22] ✘ 有 1 条订阅解析失败:
[2025-06-15 04:31:22] - https://tcxx.info/feed
[2025-06-15 04:31:22] ✘ 有 2 条订阅头像无法访问, 已使用默认头像:
[2025-06-15 04:31:22] - http://feeds.feedburner.com/ruanyifeng
[2025-06-15 04:31:22] - https://www.loyhome.com/feed
[2025-06-15 05:20:34] 本次订阅抓取结果统计:
[2025-06-15 05:20:34] 共 28 条RSS, 成功抓取 27 条.
[2025-06-15 05:20:34] ✘ 有 1 条订阅解析失败:
[2025-06-15 05:20:34] - https://tcxx.info/feed
[2025-06-15 05:20:34] ✘ 有 3 条订阅头像无法访问, 已使用默认头像:
[2025-06-15 05:20:34] - http://feeds.feedburner.com/ruanyifeng
[2025-06-15 05:20:34] - https://www.loyhome.com/feed
[2025-06-15 05:20:34] - https://xyzbz.cn/feed
[2025-06-15 06:30:32] 本次订阅抓取结果统计:
[2025-06-15 06:30:32] 共 28 条RSS, 成功抓取 26 条.
[2025-06-15 06:30:32] ✘ 有 2 条订阅解析失败:
[2025-06-15 06:30:32] - https://tcxx.info/feed
[2025-06-15 06:30:32] - https://ihaihe.cn/feed
[2025-06-15 06:30:32] ✘ 有 2 条订阅头像无法访问, 已使用默认头像:
[2025-06-15 06:30:32] - http://feeds.feedburner.com/ruanyifeng
[2025-06-15 06:30:32] - https://www.loyhome.com/feed
[2025-06-15 07:20:31] 本次订阅抓取结果统计:
[2025-06-15 07:20:31] 共 28 条RSS, 成功抓取 26 条.
[2025-06-15 07:20:31] ✘ 有 2 条订阅解析失败:
[2025-06-15 07:20:31] - https://ihaihe.cn/feed
[2025-06-15 07:20:31] - https://tcxx.info/feed
[2025-06-15 07:20:31] ✘ 有 2 条订阅头像无法访问, 已使用默认头像:
[2025-06-15 07:20:31] - http://feeds.feedburner.com/ruanyifeng
[2025-06-15 07:20:31] - https://www.loyhome.com/feed
[2025-06-15 08:26:45] 本次订阅抓取结果统计:
[2025-06-15 08:26:45] 共 28 条RSS, 成功抓取 26 条.
[2025-06-15 08:26:45] ✘ 有 2 条订阅解析失败:
[2025-06-15 08:26:45] - https://ihaihe.cn/feed
[2025-06-15 08:26:45] - https://tcxx.info/feed
[2025-06-15 08:26:45] ✘ 有 3 条订阅头像无法访问, 已使用默认头像:
[2025-06-15 08:26:45] - https://www.loyhome.com/feed
[2025-06-15 08:26:45] - http://feeds.feedburner.com/ruanyifeng
[2025-06-15 08:26:45] - https://www.shephe.com/feed
[2025-06-15 09:22:14] 本次订阅抓取结果统计:
[2025-06-15 09:22:14] 共 28 条RSS, 成功抓取 26 条.
[2025-06-15 09:22:14] ✘ 有 2 条订阅解析失败:
[2025-06-15 09:22:14] - https://tcxx.info/feed
[2025-06-15 09:22:14] - https://ihaihe.cn/feed
[2025-06-15 09:22:14] ✘ 有 2 条订阅头像无法访问, 已使用默认头像:
[2025-06-15 09:22:14] - http://feeds.feedburner.com/ruanyifeng
[2025-06-15 09:22:14] - https://www.loyhome.com/feed
[2025-06-15 10:24:18] 本次订阅抓取结果统计:
[2025-06-15 10:24:18] 共 28 条RSS, 成功抓取 25 条.
[2025-06-15 10:24:18] ✘ 有 3 条订阅解析失败:
[2025-06-15 10:24:18] - https://tcxx.info/feed
[2025-06-15 10:24:18] - https://ihaihe.cn/feed
[2025-06-15 10:24:18] - https://www.shephe.com/feed
[2025-06-15 10:24:18] ✘ 有 2 条订阅头像无法访问, 已使用默认头像:
[2025-06-15 10:24:18] - https://www.loyhome.com/feed
[2025-06-15 10:24:18] - http://feeds.feedburner.com/ruanyifeng
[2025-06-15 11:17:19] 本次订阅抓取结果统计:
[2025-06-15 11:17:19] 共 28 条RSS, 成功抓取 26 条.
[2025-06-15 11:17:19] ✘ 有 2 条订阅解析失败:
[2025-06-15 11:17:19] - https://ihaihe.cn/feed
[2025-06-15 11:17:19] - https://tcxx.info/feed
[2025-06-15 11:17:19] ✘ 有 2 条订阅头像无法访问, 已使用默认头像:
[2025-06-15 11:17:19] - http://feeds.feedburner.com/ruanyifeng
[2025-06-15 11:17:19] - https://www.loyhome.com/feed
[2025-06-15 12:41:20] 本次订阅抓取结果统计:
[2025-06-15 12:41:20] 共 28 条RSS, 成功抓取 26 条.
[2025-06-15 12:41:20] ✘ 有 2 条订阅解析失败:
[2025-06-15 12:41:20] - https://ihaihe.cn/feed
[2025-06-15 12:41:20] - https://tcxx.info/feed
[2025-06-15 12:41:20] ✘ 有 2 条订阅头像无法访问, 已使用默认头像:
[2025-06-15 12:41:20] - http://feeds.feedburner.com/ruanyifeng
[2025-06-15 12:41:20] - https://www.loyhome.com/feed
[2025-06-15 13:29:12] 本次订阅抓取结果统计:
[2025-06-15 13:29:12] 共 28 条RSS, 成功抓取 26 条.
[2025-06-15 13:29:12] ✘ 有 2 条订阅解析失败:
[2025-06-15 13:29:12] - https://ihaihe.cn/feed
[2025-06-15 13:29:12] - https://tcxx.info/feed
[2025-06-15 13:29:12] ✘ 有 2 条订阅头像无法访问, 已使用默认头像:
[2025-06-15 13:29:12] - http://feeds.feedburner.com/ruanyifeng
[2025-06-15 13:29:12] - https://www.loyhome.com/feed
[2025-06-15 14:18:52] 本次订阅抓取结果统计:
[2025-06-15 14:18:52] 共 28 条RSS, 成功抓取 26 条.
[2025-06-15 14:18:52] ✘ 有 2 条订阅解析失败:
[2025-06-15 14:18:52] - https://ihaihe.cn/feed
[2025-06-15 14:18:52] - https://tcxx.info/feed
[2025-06-15 14:18:52] ✘ 有 2 条订阅头像无法访问, 已使用默认头像:
[2025-06-15 14:18:52] - http://feeds.feedburner.com/ruanyifeng
[2025-06-15 14:18:52] - https://www.loyhome.com/feed
[2025-06-15 15:21:00] 本次订阅抓取结果统计:
[2025-06-15 15:21:00] 共 28 条RSS, 成功抓取 26 条.
[2025-06-15 15:21:00] ✘ 有 2 条订阅解析失败:
[2025-06-15 15:21:00] - https://tcxx.info/feed
[2025-06-15 15:21:00] - https://ihaihe.cn/feed
[2025-06-15 15:21:00] ✘ 有 2 条订阅头像无法访问, 已使用默认头像:
[2025-06-15 15:21:00] - http://feeds.feedburner.com/ruanyifeng
[2025-06-15 15:21:00] - https://www.loyhome.com/feed
