[2025-08-29 01:42:59] 本次订阅抓取结果统计:
[2025-08-29 01:42:59] 共 28 条RSS, 成功抓取 25 条.
[2025-08-29 01:42:59] ✘ 有 3 条订阅解析失败:
[2025-08-29 01:42:59] - https://tumutanzi.com/feed
[2025-08-29 01:42:59] - https://tcxx.info/feed
[2025-08-29 01:42:59] - https://geekinney.com/index.xml
[2025-08-29 01:42:59] ✘ 有 3 条订阅头像无法访问, 已使用默认头像:
[2025-08-29 01:42:59] - https://hwv430.blogspot.com/feeds/posts/default
[2025-08-29 01:42:59] - http://feeds.feedburner.com/ruanyifeng
[2025-08-29 01:42:59] - https://www.loyhome.com/feed
[2025-08-29 03:03:53] 本次订阅抓取结果统计:
[2025-08-29 03:03:53] 共 28 条RSS, 成功抓取 25 条.
[2025-08-29 03:03:53] ✘ 有 3 条订阅解析失败:
[2025-08-29 03:03:53] - https://tcxx.info/feed
[2025-08-29 03:03:53] - https://tumutanzi.com/feed
[2025-08-29 03:03:53] - https://geekinney.com/index.xml
[2025-08-29 03:03:53] ✘ 有 3 条订阅头像无法访问, 已使用默认头像:
[2025-08-29 03:03:53] - https://hwv430.blogspot.com/feeds/posts/default
[2025-08-29 03:03:53] - https://www.loyhome.com/feed
[2025-08-29 03:03:53] - http://feeds.feedburner.com/ruanyifeng
[2025-08-29 04:26:44] 本次订阅抓取结果统计:
[2025-08-29 04:26:44] 共 28 条RSS, 成功抓取 25 条.
[2025-08-29 04:26:44] ✘ 有 3 条订阅解析失败:
[2025-08-29 04:26:44] - https://tumutanzi.com/feed
[2025-08-29 04:26:44] - https://tcxx.info/feed
[2025-08-29 04:26:44] - https://geekinney.com/index.xml
[2025-08-29 04:26:44] ✘ 有 2 条订阅头像无法访问, 已使用默认头像:
[2025-08-29 04:26:44] - http://feeds.feedburner.com/ruanyifeng
[2025-08-29 04:26:44] - https://www.loyhome.com/feed
[2025-08-29 05:20:42] 本次订阅抓取结果统计:
[2025-08-29 05:20:42] 共 28 条RSS, 成功抓取 25 条.
[2025-08-29 05:20:42] ✘ 有 3 条订阅解析失败:
[2025-08-29 05:20:42] - https://tcxx.info/feed
[2025-08-29 05:20:42] - https://tumutanzi.com/feed
[2025-08-29 05:20:42] - https://geekinney.com/index.xml
[2025-08-29 05:20:42] ✘ 有 3 条订阅头像无法访问, 已使用默认头像:
[2025-08-29 05:20:42] - https://hwv430.blogspot.com/feeds/posts/default
[2025-08-29 05:20:42] - http://feeds.feedburner.com/ruanyifeng
[2025-08-29 05:20:42] - https://www.loyhome.com/feed
[2025-08-29 06:32:10] 本次订阅抓取结果统计:
[2025-08-29 06:32:10] 共 28 条RSS, 成功抓取 25 条.
[2025-08-29 06:32:10] ✘ 有 3 条订阅解析失败:
[2025-08-29 06:32:10] - https://tcxx.info/feed
[2025-08-29 06:32:10] - https://tumutanzi.com/feed
[2025-08-29 06:32:10] - https://geekinney.com/index.xml
[2025-08-29 06:32:10] ✘ 有 3 条订阅头像无法访问, 已使用默认头像:
[2025-08-29 06:32:10] - https://hwv430.blogspot.com/feeds/posts/default
[2025-08-29 06:32:10] - https://www.loyhome.com/feed
[2025-08-29 06:32:10] - http://feeds.feedburner.com/ruanyifeng
