[2025-09-28 01:49:12] 本次订阅抓取结果统计:
[2025-09-28 01:49:12] 共 28 条RSS, 成功抓取 25 条.
[2025-09-28 01:49:12] ✘ 有 3 条订阅解析失败:
[2025-09-28 01:49:12] - https://tumutanzi.com/feed
[2025-09-28 01:49:12] - https://tcxx.info/feed
[2025-09-28 01:49:12] - https://geekinney.com/index.xml
[2025-09-28 01:49:12] ✘ 有 2 条订阅头像无法访问, 已使用默认头像:
[2025-09-28 01:49:12] - http://feeds.feedburner.com/ruanyifeng
[2025-09-28 01:49:12] - https://www.loyhome.com/feed
[2025-09-28 03:09:44] 本次订阅抓取结果统计:
[2025-09-28 03:09:44] 共 28 条RSS, 成功抓取 25 条.
[2025-09-28 03:09:44] ✘ 有 3 条订阅解析失败:
[2025-09-28 03:09:44] - https://tcxx.info/feed
[2025-09-28 03:09:44] - https://tumutanzi.com/feed
[2025-09-28 03:09:44] - https://geekinney.com/index.xml
[2025-09-28 03:09:44] ✘ 有 2 条订阅头像无法访问, 已使用默认头像:
[2025-09-28 03:09:44] - http://feeds.feedburner.com/ruanyifeng
[2025-09-28 03:09:44] - https://www.loyhome.com/feed
[2025-09-28 04:24:41] 本次订阅抓取结果统计:
[2025-09-28 04:24:41] 共 28 条RSS, 成功抓取 25 条.
[2025-09-28 04:24:41] ✘ 有 3 条订阅解析失败:
[2025-09-28 04:24:41] - https://tcxx.info/feed
[2025-09-28 04:24:41] - https://tumutanzi.com/feed
[2025-09-28 04:24:41] - https://geekinney.com/index.xml
[2025-09-28 04:24:41] ✘ 有 3 条订阅头像无法访问, 已使用默认头像:
[2025-09-28 04:24:41] - http://feeds.feedburner.com/ruanyifeng
[2025-09-28 04:24:41] - https://www.loyhome.com/feed
[2025-09-28 04:24:41] - https://blog.zhheo.com/rss.xml
[2025-09-28 05:19:57] 本次订阅抓取结果统计:
[2025-09-28 05:19:57] 共 28 条RSS, 成功抓取 25 条.
[2025-09-28 05:19:57] ✘ 有 3 条订阅解析失败:
[2025-09-28 05:19:57] - https://tcxx.info/feed
[2025-09-28 05:19:57] - https://tumutanzi.com/feed
[2025-09-28 05:19:57] - https://geekinney.com/index.xml
[2025-09-28 05:19:57] ✘ 有 2 条订阅头像无法访问, 已使用默认头像:
[2025-09-28 05:19:57] - http://feeds.feedburner.com/ruanyifeng
[2025-09-28 05:19:57] - https://www.loyhome.com/feed
[2025-09-28 06:29:34] 本次订阅抓取结果统计:
[2025-09-28 06:29:34] 共 28 条RSS, 成功抓取 25 条.
[2025-09-28 06:29:34] ✘ 有 3 条订阅解析失败:
[2025-09-28 06:29:34] - https://tumutanzi.com/feed
[2025-09-28 06:29:34] - https://tcxx.info/feed
[2025-09-28 06:29:34] - https://geekinney.com/index.xml
[2025-09-28 06:29:34] ✘ 有 2 条订阅头像无法访问, 已使用默认头像:
[2025-09-28 06:29:34] - http://feeds.feedburner.com/ruanyifeng
[2025-09-28 06:29:34] - https://www.loyhome.com/feed
[2025-09-28 07:18:48] 本次订阅抓取结果统计:
[2025-09-28 07:18:48] 共 28 条RSS, 成功抓取 25 条.
[2025-09-28 07:18:48] ✘ 有 3 条订阅解析失败:
[2025-09-28 07:18:48] - https://tcxx.info/feed
[2025-09-28 07:18:48] - https://tumutanzi.com/feed
[2025-09-28 07:18:48] - https://geekinney.com/index.xml
[2025-09-28 07:18:48] ✘ 有 3 条订阅头像无法访问, 已使用默认头像:
[2025-09-28 07:18:48] - https://www.loyhome.com/feed
[2025-09-28 07:18:48] - http://feeds.feedburner.com/ruanyifeng
[2025-09-28 07:18:48] - https://blog.fooleap.org/atom.xml
