[2025-06-07 01:49:09] 本次订阅抓取结果统计:
[2025-06-07 01:49:09] 共 28 条RSS, 成功抓取 27 条.
[2025-06-07 01:49:09] ✘ 有 1 条订阅解析失败:
[2025-06-07 01:49:09] - https://tcxx.info/feed
[2025-06-07 01:49:09] ✘ 有 2 条订阅头像无法访问, 已使用默认头像:
[2025-06-07 01:49:09] - http://feeds.feedburner.com/ruanyifeng
[2025-06-07 01:49:09] - https://www.loyhome.com/feed
[2025-06-07 03:14:52] 本次订阅抓取结果统计:
[2025-06-07 03:14:52] 共 28 条RSS, 成功抓取 27 条.
[2025-06-07 03:14:52] ✘ 有 1 条订阅解析失败:
[2025-06-07 03:14:52] - https://tcxx.info/feed
[2025-06-07 03:14:52] ✘ 有 2 条订阅头像无法访问, 已使用默认头像:
[2025-06-07 03:14:52] - http://feeds.feedburner.com/ruanyifeng
[2025-06-07 03:14:52] - https://www.loyhome.com/feed
[2025-06-07 04:27:01] 本次订阅抓取结果统计:
[2025-06-07 04:27:01] 共 28 条RSS, 成功抓取 27 条.
[2025-06-07 04:27:01] ✘ 有 1 条订阅解析失败:
[2025-06-07 04:27:01] - https://tcxx.info/feed
[2025-06-07 04:27:01] ✘ 有 2 条订阅头像无法访问, 已使用默认头像:
[2025-06-07 04:27:01] - http://feeds.feedburner.com/ruanyifeng
[2025-06-07 04:27:01] - https://www.loyhome.com/feed
[2025-06-07 05:20:36] 本次订阅抓取结果统计:
[2025-06-07 05:20:36] 共 28 条RSS, 成功抓取 27 条.
[2025-06-07 05:20:36] ✘ 有 1 条订阅解析失败:
[2025-06-07 05:20:36] - https://tcxx.info/feed
[2025-06-07 05:20:36] ✘ 有 2 条订阅头像无法访问, 已使用默认头像:
[2025-06-07 05:20:36] - http://feeds.feedburner.com/ruanyifeng
[2025-06-07 05:20:36] - https://www.loyhome.com/feed
[2025-06-07 06:29:59] 本次订阅抓取结果统计:
[2025-06-07 06:29:59] 共 28 条RSS, 成功抓取 27 条.
[2025-06-07 06:29:59] ✘ 有 1 条订阅解析失败:
[2025-06-07 06:29:59] - https://tcxx.info/feed
[2025-06-07 06:29:59] ✘ 有 2 条订阅头像无法访问, 已使用默认头像:
[2025-06-07 06:29:59] - http://feeds.feedburner.com/ruanyifeng
[2025-06-07 06:29:59] - https://www.loyhome.com/feed
[2025-06-07 07:19:51] 本次订阅抓取结果统计:
[2025-06-07 07:19:51] 共 28 条RSS, 成功抓取 27 条.
[2025-06-07 07:19:51] ✘ 有 1 条订阅解析失败:
[2025-06-07 07:19:51] - https://tcxx.info/feed
[2025-06-07 07:19:51] ✘ 有 2 条订阅头像无法访问, 已使用默认头像:
[2025-06-07 07:19:51] - http://feeds.feedburner.com/ruanyifeng
[2025-06-07 07:19:51] - https://www.loyhome.com/feed
[2025-06-07 08:26:31] 本次订阅抓取结果统计:
[2025-06-07 08:26:31] 共 28 条RSS, 成功抓取 27 条.
[2025-06-07 08:26:31] ✘ 有 1 条订阅解析失败:
[2025-06-07 08:26:31] - https://tcxx.info/feed
[2025-06-07 08:26:31] ✘ 有 2 条订阅头像无法访问, 已使用默认头像:
[2025-06-07 08:26:31] - http://feeds.feedburner.com/ruanyifeng
[2025-06-07 08:26:31] - https://www.loyhome.com/feed
[2025-06-07 09:21:17] 本次订阅抓取结果统计:
[2025-06-07 09:21:17] 共 28 条RSS, 成功抓取 27 条.
[2025-06-07 09:21:17] ✘ 有 1 条订阅解析失败:
[2025-06-07 09:21:17] - https://tcxx.info/feed
[2025-06-07 09:21:17] ✘ 有 2 条订阅头像无法访问, 已使用默认头像:
[2025-06-07 09:21:17] - http://feeds.feedburner.com/ruanyifeng
[2025-06-07 09:21:17] - https://www.loyhome.com/feed
[2025-06-07 10:22:25] 本次订阅抓取结果统计:
[2025-06-07 10:22:25] 共 28 条RSS, 成功抓取 27 条.
[2025-06-07 10:22:25] ✘ 有 1 条订阅解析失败:
[2025-06-07 10:22:25] - https://tcxx.info/feed
[2025-06-07 10:22:25] ✘ 有 2 条订阅头像无法访问, 已使用默认头像:
[2025-06-07 10:22:25] - http://feeds.feedburner.com/ruanyifeng
[2025-06-07 10:22:25] - https://www.loyhome.com/feed
[2025-06-07 11:17:11] 本次订阅抓取结果统计:
[2025-06-07 11:17:11] 共 28 条RSS, 成功抓取 27 条.
[2025-06-07 11:17:11] ✘ 有 1 条订阅解析失败:
[2025-06-07 11:17:11] - https://tcxx.info/feed
[2025-06-07 11:17:11] ✘ 有 2 条订阅头像无法访问, 已使用默认头像:
[2025-06-07 11:17:11] - http://feeds.feedburner.com/ruanyifeng
[2025-06-07 11:17:11] - https://www.loyhome.com/feed
[2025-06-07 12:43:26] 本次订阅抓取结果统计:
[2025-06-07 12:43:26] 共 28 条RSS, 成功抓取 27 条.
[2025-06-07 12:43:26] ✘ 有 1 条订阅解析失败:
[2025-06-07 12:43:26] - https://tcxx.info/feed
[2025-06-07 12:43:26] ✘ 有 2 条订阅头像无法访问, 已使用默认头像:
[2025-06-07 12:43:26] - http://feeds.feedburner.com/ruanyifeng
[2025-06-07 12:43:26] - https://www.loyhome.com/feed
[2025-06-07 13:28:22] 本次订阅抓取结果统计:
[2025-06-07 13:28:22] 共 28 条RSS, 成功抓取 27 条.
[2025-06-07 13:28:22] ✘ 有 1 条订阅解析失败:
[2025-06-07 13:28:22] - https://tcxx.info/feed
[2025-06-07 13:28:22] ✘ 有 2 条订阅头像无法访问, 已使用默认头像:
[2025-06-07 13:28:22] - http://feeds.feedburner.com/ruanyifeng
[2025-06-07 13:28:22] - https://www.loyhome.com/feed
[2025-06-07 14:18:57] 本次订阅抓取结果统计:
[2025-06-07 14:18:57] 共 28 条RSS, 成功抓取 27 条.
[2025-06-07 14:18:57] ✘ 有 1 条订阅解析失败:
[2025-06-07 14:18:57] - https://tcxx.info/feed
[2025-06-07 14:18:57] ✘ 有 2 条订阅头像无法访问, 已使用默认头像:
[2025-06-07 14:18:57] - https://www.loyhome.com/feed
[2025-06-07 14:18:57] - http://feeds.feedburner.com/ruanyifeng
[2025-06-07 15:21:06] 本次订阅抓取结果统计:
[2025-06-07 15:21:06] 共 28 条RSS, 成功抓取 27 条.
[2025-06-07 15:21:06] ✘ 有 1 条订阅解析失败:
[2025-06-07 15:21:06] - https://tcxx.info/feed
[2025-06-07 15:21:06] ✘ 有 2 条订阅头像无法访问, 已使用默认头像:
[2025-06-07 15:21:06] - http://feeds.feedburner.com/ruanyifeng
[2025-06-07 15:21:06] - https://www.loyhome.com/feed
[2025-06-07 16:25:45] 本次订阅抓取结果统计:
[2025-06-07 16:25:45] 共 28 条RSS, 成功抓取 27 条.
[2025-06-07 16:25:45] ✘ 有 1 条订阅解析失败:
[2025-06-07 16:25:45] - https://tcxx.info/feed
[2025-06-07 16:25:45] ✘ 有 2 条订阅头像无法访问, 已使用默认头像:
[2025-06-07 16:25:45] - http://feeds.feedburner.com/ruanyifeng
[2025-06-07 16:25:45] - https://www.loyhome.com/feed
[2025-06-07 17:17:58] 本次订阅抓取结果统计:
[2025-06-07 17:17:58] 共 28 条RSS, 成功抓取 27 条.
[2025-06-07 17:17:58] ✘ 有 1 条订阅解析失败:
[2025-06-07 17:17:58] - https://tcxx.info/feed
[2025-06-07 17:17:58] ✘ 有 2 条订阅头像无法访问, 已使用默认头像:
[2025-06-07 17:17:58] - http://feeds.feedburner.com/ruanyifeng
[2025-06-07 17:17:58] - https://www.loyhome.com/feed
[2025-06-07 18:28:46] 本次订阅抓取结果统计:
[2025-06-07 18:28:46] 共 28 条RSS, 成功抓取 27 条.
[2025-06-07 18:28:46] ✘ 有 1 条订阅解析失败:
[2025-06-07 18:28:46] - https://tcxx.info/feed
[2025-06-07 18:28:46] ✘ 有 2 条订阅头像无法访问, 已使用默认头像:
[2025-06-07 18:28:46] - http://feeds.feedburner.com/ruanyifeng
[2025-06-07 18:28:46] - https://www.loyhome.com/feed
[2025-06-07 19:16:38] 本次订阅抓取结果统计:
[2025-06-07 19:16:38] 共 28 条RSS, 成功抓取 27 条.
[2025-06-07 19:16:38] ✘ 有 1 条订阅解析失败:
[2025-06-07 19:16:38] - https://tcxx.info/feed
[2025-06-07 19:16:38] ✘ 有 2 条订阅头像无法访问, 已使用默认头像:
[2025-06-07 19:16:38] - http://feeds.feedburner.com/ruanyifeng
[2025-06-07 19:16:38] - https://www.loyhome.com/feed
[2025-06-07 20:22:23] 本次订阅抓取结果统计:
[2025-06-07 20:22:23] 共 28 条RSS, 成功抓取 27 条.
[2025-06-07 20:22:23] ✘ 有 1 条订阅解析失败:
[2025-06-07 20:22:23] - https://tcxx.info/feed
[2025-06-07 20:22:23] ✘ 有 2 条订阅头像无法访问, 已使用默认头像:
[2025-06-07 20:22:23] - http://feeds.feedburner.com/ruanyifeng
[2025-06-07 20:22:23] - https://www.loyhome.com/feed
[2025-06-07 21:19:21] 本次订阅抓取结果统计:
[2025-06-07 21:19:21] 共 28 条RSS, 成功抓取 27 条.
[2025-06-07 21:19:21] ✘ 有 1 条订阅解析失败:
[2025-06-07 21:19:21] - https://tcxx.info/feed
[2025-06-07 21:19:21] ✘ 有 3 条订阅头像无法访问, 已使用默认头像:
[2025-06-07 21:19:21] - http://feeds.feedburner.com/ruanyifeng
[2025-06-07 21:19:21] - https://www.loyhome.com/feed
[2025-06-07 21:19:21] - https://blog.yanqingshan.com/feed
