[2025-05-24 01:44:43] 本次订阅抓取结果统计:
[2025-05-24 01:44:43] 共 28 条RSS, 成功抓取 27 条.
[2025-05-24 01:44:43] ✘ 有 1 条订阅解析失败:
[2025-05-24 01:44:43] - https://tcxx.info/feed
[2025-05-24 01:44:43] ✘ 有 2 条订阅头像无法访问, 已使用默认头像:
[2025-05-24 01:44:43] - http://feeds.feedburner.com/ruanyifeng
[2025-05-24 01:44:43] - https://www.loyhome.com/feed
[2025-05-24 03:07:44] 本次订阅抓取结果统计:
[2025-05-24 03:07:44] 共 28 条RSS, 成功抓取 27 条.
[2025-05-24 03:07:44] ✘ 有 1 条订阅解析失败:
[2025-05-24 03:07:44] - https://tcxx.info/feed
[2025-05-24 03:07:44] ✘ 有 2 条订阅头像无法访问, 已使用默认头像:
[2025-05-24 03:07:44] - http://feeds.feedburner.com/ruanyifeng
[2025-05-24 03:07:44] - https://www.loyhome.com/feed
[2025-05-24 04:25:15] 本次订阅抓取结果统计:
[2025-05-24 04:25:15] 共 28 条RSS, 成功抓取 27 条.
[2025-05-24 04:25:15] ✘ 有 1 条订阅解析失败:
[2025-05-24 04:25:15] - https://tcxx.info/feed
[2025-05-24 04:25:15] ✘ 有 2 条订阅头像无法访问, 已使用默认头像:
[2025-05-24 04:25:15] - http://feeds.feedburner.com/ruanyifeng
[2025-05-24 04:25:15] - https://www.loyhome.com/feed
