[2025-09-19 01:41:31] 本次订阅抓取结果统计:
[2025-09-19 01:41:31] 共 28 条RSS, 成功抓取 25 条.
[2025-09-19 01:41:31] ✘ 有 3 条订阅解析失败:
[2025-09-19 01:41:31] - https://tumutanzi.com/feed
[2025-09-19 01:41:31] - https://tcxx.info/feed
[2025-09-19 01:41:31] - https://geekinney.com/index.xml
[2025-09-19 01:41:31] ✘ 有 2 条订阅头像无法访问, 已使用默认头像:
[2025-09-19 01:41:31] - http://feeds.feedburner.com/ruanyifeng
[2025-09-19 01:41:31] - https://www.loyhome.com/feed
[2025-09-19 03:02:01] 本次订阅抓取结果统计:
[2025-09-19 03:02:01] 共 28 条RSS, 成功抓取 25 条.
[2025-09-19 03:02:01] ✘ 有 3 条订阅解析失败:
[2025-09-19 03:02:01] - https://tumutanzi.com/feed
[2025-09-19 03:02:01] - https://tcxx.info/feed
[2025-09-19 03:02:01] - https://geekinney.com/index.xml
[2025-09-19 03:02:01] ✘ 有 2 条订阅头像无法访问, 已使用默认头像:
[2025-09-19 03:02:01] - http://feeds.feedburner.com/ruanyifeng
[2025-09-19 03:02:01] - https://www.loyhome.com/feed
[2025-09-19 04:25:29] 本次订阅抓取结果统计:
[2025-09-19 04:25:29] 共 28 条RSS, 成功抓取 25 条.
[2025-09-19 04:25:29] ✘ 有 3 条订阅解析失败:
[2025-09-19 04:25:29] - https://tcxx.info/feed
[2025-09-19 04:25:29] - https://tumutanzi.com/feed
[2025-09-19 04:25:29] - https://geekinney.com/index.xml
[2025-09-19 04:25:29] ✘ 有 2 条订阅头像无法访问, 已使用默认头像:
[2025-09-19 04:25:29] - http://feeds.feedburner.com/ruanyifeng
[2025-09-19 04:25:29] - https://www.loyhome.com/feed
[2025-09-19 05:19:57] 本次订阅抓取结果统计:
[2025-09-19 05:19:57] 共 28 条RSS, 成功抓取 25 条.
[2025-09-19 05:19:57] ✘ 有 3 条订阅解析失败:
[2025-09-19 05:19:57] - https://tumutanzi.com/feed
[2025-09-19 05:19:57] - https://tcxx.info/feed
[2025-09-19 05:19:57] - https://geekinney.com/index.xml
[2025-09-19 05:19:57] ✘ 有 2 条订阅头像无法访问, 已使用默认头像:
[2025-09-19 05:19:57] - http://feeds.feedburner.com/ruanyifeng
[2025-09-19 05:19:57] - https://www.loyhome.com/feed
[2025-09-19 06:32:10] 本次订阅抓取结果统计:
[2025-09-19 06:32:10] 共 28 条RSS, 成功抓取 24 条.
[2025-09-19 06:32:10] ✘ 有 4 条订阅解析失败:
[2025-09-19 06:32:10] - https://tcxx.info/feed
[2025-09-19 06:32:10] - https://tumutanzi.com/feed
[2025-09-19 06:32:10] - https://geekinney.com/index.xml
[2025-09-19 06:32:10] - https://www.shephe.com/feed
[2025-09-19 06:32:10] ✘ 有 2 条订阅头像无法访问, 已使用默认头像:
[2025-09-19 06:32:10] - http://feeds.feedburner.com/ruanyifeng
[2025-09-19 06:32:10] - https://www.loyhome.com/feed
[2025-09-19 07:20:40] 本次订阅抓取结果统计:
[2025-09-19 07:20:40] 共 28 条RSS, 成功抓取 25 条.
[2025-09-19 07:20:40] ✘ 有 3 条订阅解析失败:
[2025-09-19 07:20:40] - https://tcxx.info/feed
[2025-09-19 07:20:40] - https://tumutanzi.com/feed
[2025-09-19 07:20:40] - https://geekinney.com/index.xml
[2025-09-19 07:20:40] ✘ 有 2 条订阅头像无法访问, 已使用默认头像:
[2025-09-19 07:20:40] - https://www.loyhome.com/feed
[2025-09-19 07:20:40] - http://feeds.feedburner.com/ruanyifeng
[2025-09-19 08:27:45] 本次订阅抓取结果统计:
[2025-09-19 08:27:45] 共 28 条RSS, 成功抓取 24 条.
[2025-09-19 08:27:45] ✘ 有 4 条订阅解析失败:
[2025-09-19 08:27:45] - https://oba.by/feed
[2025-09-19 08:27:45] - https://tcxx.info/feed
[2025-09-19 08:27:45] - https://tumutanzi.com/feed
[2025-09-19 08:27:45] - https://geekinney.com/index.xml
[2025-09-19 08:27:45] ✘ 有 2 条订阅头像无法访问, 已使用默认头像:
[2025-09-19 08:27:45] - http://feeds.feedburner.com/ruanyifeng
[2025-09-19 08:27:45] - https://www.loyhome.com/feed
[2025-09-19 09:23:06] 本次订阅抓取结果统计:
[2025-09-19 09:23:06] 共 28 条RSS, 成功抓取 24 条.
[2025-09-19 09:23:06] ✘ 有 4 条订阅解析失败:
[2025-09-19 09:23:06] - https://oba.by/feed
[2025-09-19 09:23:06] - https://tcxx.info/feed
[2025-09-19 09:23:06] - https://tumutanzi.com/feed
[2025-09-19 09:23:06] - https://geekinney.com/index.xml
[2025-09-19 09:23:06] ✘ 有 2 条订阅头像无法访问, 已使用默认头像:
[2025-09-19 09:23:06] - http://feeds.feedburner.com/ruanyifeng
[2025-09-19 09:23:06] - https://www.loyhome.com/feed
[2025-09-19 10:23:09] 本次订阅抓取结果统计:
[2025-09-19 10:23:09] 共 28 条RSS, 成功抓取 24 条.
[2025-09-19 10:23:09] ✘ 有 4 条订阅解析失败:
[2025-09-19 10:23:09] - https://oba.by/feed
[2025-09-19 10:23:09] - https://tumutanzi.com/feed
[2025-09-19 10:23:09] - https://tcxx.info/feed
[2025-09-19 10:23:09] - https://geekinney.com/index.xml
[2025-09-19 10:23:09] ✘ 有 2 条订阅头像无法访问, 已使用默认头像:
[2025-09-19 10:23:09] - http://feeds.feedburner.com/ruanyifeng
[2025-09-19 10:23:09] - https://www.loyhome.com/feed
[2025-09-19 11:18:05] 本次订阅抓取结果统计:
[2025-09-19 11:18:05] 共 28 条RSS, 成功抓取 24 条.
[2025-09-19 11:18:05] ✘ 有 4 条订阅解析失败:
[2025-09-19 11:18:05] - https://oba.by/feed
[2025-09-19 11:18:05] - https://tcxx.info/feed
[2025-09-19 11:18:05] - https://tumutanzi.com/feed
[2025-09-19 11:18:05] - https://geekinney.com/index.xml
[2025-09-19 11:18:05] ✘ 有 2 条订阅头像无法访问, 已使用默认头像:
[2025-09-19 11:18:05] - http://feeds.feedburner.com/ruanyifeng
[2025-09-19 11:18:05] - https://www.loyhome.com/feed
[2025-09-19 12:43:39] 本次订阅抓取结果统计:
[2025-09-19 12:43:39] 共 28 条RSS, 成功抓取 24 条.
[2025-09-19 12:43:39] ✘ 有 4 条订阅解析失败:
[2025-09-19 12:43:39] - https://tcxx.info/feed
[2025-09-19 12:43:39] - https://tumutanzi.com/feed
[2025-09-19 12:43:39] - https://geekinney.com/index.xml
[2025-09-19 12:43:39] - https://oba.by/feed
[2025-09-19 12:43:39] ✘ 有 2 条订阅头像无法访问, 已使用默认头像:
[2025-09-19 12:43:39] - http://feeds.feedburner.com/ruanyifeng
[2025-09-19 12:43:39] - https://www.loyhome.com/feed
[2025-09-19 13:30:00] 本次订阅抓取结果统计:
[2025-09-19 13:30:00] 共 28 条RSS, 成功抓取 24 条.
[2025-09-19 13:30:00] ✘ 有 4 条订阅解析失败:
[2025-09-19 13:30:00] - https://oba.by/feed
[2025-09-19 13:30:00] - https://tcxx.info/feed
[2025-09-19 13:30:00] - https://tumutanzi.com/feed
[2025-09-19 13:30:00] - https://geekinney.com/index.xml
[2025-09-19 13:30:00] ✘ 有 2 条订阅头像无法访问, 已使用默认头像:
[2025-09-19 13:30:00] - http://feeds.feedburner.com/ruanyifeng
[2025-09-19 13:30:00] - https://www.loyhome.com/feed
[2025-09-19 14:19:57] 本次订阅抓取结果统计:
[2025-09-19 14:19:57] 共 28 条RSS, 成功抓取 24 条.
[2025-09-19 14:19:57] ✘ 有 4 条订阅解析失败:
[2025-09-19 14:19:57] - https://oba.by/feed
[2025-09-19 14:19:57] - https://tcxx.info/feed
[2025-09-19 14:19:57] - https://tumutanzi.com/feed
[2025-09-19 14:19:57] - https://geekinney.com/index.xml
[2025-09-19 14:19:57] ✘ 有 2 条订阅头像无法访问, 已使用默认头像:
[2025-09-19 14:19:57] - http://feeds.feedburner.com/ruanyifeng
[2025-09-19 14:19:57] - https://www.loyhome.com/feed
[2025-09-19 15:21:12] 本次订阅抓取结果统计:
[2025-09-19 15:21:12] 共 28 条RSS, 成功抓取 24 条.
[2025-09-19 15:21:12] ✘ 有 4 条订阅解析失败:
[2025-09-19 15:21:12] - https://oba.by/feed
[2025-09-19 15:21:12] - https://tcxx.info/feed
[2025-09-19 15:21:12] - https://tumutanzi.com/feed
[2025-09-19 15:21:12] - https://geekinney.com/index.xml
[2025-09-19 15:21:12] ✘ 有 2 条订阅头像无法访问, 已使用默认头像:
[2025-09-19 15:21:12] - https://www.loyhome.com/feed
[2025-09-19 15:21:12] - http://feeds.feedburner.com/ruanyifeng
