[2025-07-27 02:09:15] 本次订阅抓取结果统计:
[2025-07-27 02:09:15] 共 28 条RSS, 成功抓取 26 条.
[2025-07-27 02:09:15] ✘ 有 2 条订阅解析失败:
[2025-07-27 02:09:15] - https://tcxx.info/feed
[2025-07-27 02:09:15] - https://blog.ops-coffee.cn/feed.xml
[2025-07-27 02:09:15] ✘ 有 3 条订阅头像无法访问, 已使用默认头像:
[2025-07-27 02:09:15] - http://feeds.feedburner.com/ruanyifeng
[2025-07-27 02:09:15] - https://www.loyhome.com/feed
[2025-07-27 02:09:15] - https://blog.pursuitus.com/feed
[2025-07-27 04:07:42] 本次订阅抓取结果统计:
[2025-07-27 04:07:42] 共 28 条RSS, 成功抓取 26 条.
[2025-07-27 04:07:42] ✘ 有 2 条订阅解析失败:
[2025-07-27 04:07:42] - https://tcxx.info/feed
[2025-07-27 04:07:42] - https://blog.ops-coffee.cn/feed.xml
[2025-07-27 04:07:42] ✘ 有 2 条订阅头像无法访问, 已使用默认头像:
[2025-07-27 04:07:42] - http://feeds.feedburner.com/ruanyifeng
[2025-07-27 04:07:42] - https://www.loyhome.com/feed
[2025-07-27 05:28:21] 本次订阅抓取结果统计:
[2025-07-27 05:28:21] 共 28 条RSS, 成功抓取 26 条.
[2025-07-27 05:28:21] ✘ 有 2 条订阅解析失败:
[2025-07-27 05:28:21] - https://tcxx.info/feed
[2025-07-27 05:28:21] - https://blog.ops-coffee.cn/feed.xml
[2025-07-27 05:28:21] ✘ 有 2 条订阅头像无法访问, 已使用默认头像:
[2025-07-27 05:28:21] - http://feeds.feedburner.com/ruanyifeng
[2025-07-27 05:28:21] - https://www.loyhome.com/feed
