[2025-08-08 02:03:32] 本次订阅抓取结果统计:
[2025-08-08 02:03:32] 共 28 条RSS, 成功抓取 26 条.
[2025-08-08 02:03:32] ✘ 有 2 条订阅解析失败:
[2025-08-08 02:03:32] - https://tcxx.info/feed
[2025-08-08 02:03:32] - https://tumutanzi.com/feed
[2025-08-08 02:03:32] ✘ 有 2 条订阅头像无法访问, 已使用默认头像:
[2025-08-08 02:03:32] - http://feeds.feedburner.com/ruanyifeng
[2025-08-08 02:03:32] - https://www.loyhome.com/feed
[2025-08-08 04:06:11] 本次订阅抓取结果统计:
[2025-08-08 04:06:11] 共 28 条RSS, 成功抓取 26 条.
[2025-08-08 04:06:11] ✘ 有 2 条订阅解析失败:
[2025-08-08 04:06:11] - https://tumutanzi.com/feed
[2025-08-08 04:06:11] - https://tcxx.info/feed
[2025-08-08 04:06:11] ✘ 有 2 条订阅头像无法访问, 已使用默认头像:
[2025-08-08 04:06:11] - http://feeds.feedburner.com/ruanyifeng
[2025-08-08 04:06:11] - https://www.loyhome.com/feed
[2025-08-08 05:32:04] 本次订阅抓取结果统计:
[2025-08-08 05:32:04] 共 28 条RSS, 成功抓取 26 条.
[2025-08-08 05:32:04] ✘ 有 2 条订阅解析失败:
[2025-08-08 05:32:04] - https://tcxx.info/feed
[2025-08-08 05:32:04] - https://tumutanzi.com/feed
[2025-08-08 05:32:04] ✘ 有 3 条订阅头像无法访问, 已使用默认头像:
[2025-08-08 05:32:04] - https://www.loyhome.com/feed
[2025-08-08 05:32:04] - http://feeds.feedburner.com/ruanyifeng
[2025-08-08 05:32:04] - https://blog.zhheo.com/rss.xml
