[2025-05-30 01:47:17] 本次订阅抓取结果统计:
[2025-05-30 01:47:17] 共 28 条RSS, 成功抓取 27 条.
[2025-05-30 01:47:17] ✘ 有 1 条订阅解析失败:
[2025-05-30 01:47:17] - https://tcxx.info/feed
[2025-05-30 01:47:17] ✘ 有 2 条订阅头像无法访问, 已使用默认头像:
[2025-05-30 01:47:17] - http://feeds.feedburner.com/ruanyifeng
[2025-05-30 01:47:17] - https://www.loyhome.com/feed
[2025-05-30 03:13:00] 本次订阅抓取结果统计:
[2025-05-30 03:13:00] 共 28 条RSS, 成功抓取 27 条.
[2025-05-30 03:13:00] ✘ 有 1 条订阅解析失败:
[2025-05-30 03:13:00] - https://tcxx.info/feed
[2025-05-30 03:13:00] ✘ 有 2 条订阅头像无法访问, 已使用默认头像:
[2025-05-30 03:13:00] - http://feeds.feedburner.com/ruanyifeng
[2025-05-30 03:13:00] - https://www.loyhome.com/feed
[2025-05-30 04:28:14] 本次订阅抓取结果统计:
[2025-05-30 04:28:14] 共 28 条RSS, 成功抓取 27 条.
[2025-05-30 04:28:14] ✘ 有 1 条订阅解析失败:
[2025-05-30 04:28:14] - https://tcxx.info/feed
[2025-05-30 04:28:14] ✘ 有 2 条订阅头像无法访问, 已使用默认头像:
[2025-05-30 04:28:14] - https://www.loyhome.com/feed
[2025-05-30 04:28:14] - http://feeds.feedburner.com/ruanyifeng
[2025-05-30 05:22:19] 本次订阅抓取结果统计:
[2025-05-30 05:22:19] 共 28 条RSS, 成功抓取 27 条.
[2025-05-30 05:22:19] ✘ 有 1 条订阅解析失败:
[2025-05-30 05:22:19] - https://tcxx.info/feed
[2025-05-30 05:22:19] ✘ 有 2 条订阅头像无法访问, 已使用默认头像:
[2025-05-30 05:22:19] - http://feeds.feedburner.com/ruanyifeng
[2025-05-30 05:22:19] - https://www.loyhome.com/feed
[2025-05-30 06:31:51] 本次订阅抓取结果统计:
[2025-05-30 06:31:51] 共 28 条RSS, 成功抓取 27 条.
[2025-05-30 06:31:51] ✘ 有 1 条订阅解析失败:
[2025-05-30 06:31:51] - https://tcxx.info/feed
[2025-05-30 06:31:51] ✘ 有 2 条订阅头像无法访问, 已使用默认头像:
[2025-05-30 06:31:51] - http://feeds.feedburner.com/ruanyifeng
[2025-05-30 06:31:51] - https://www.loyhome.com/feed
[2025-05-30 07:21:33] 本次订阅抓取结果统计:
[2025-05-30 07:21:33] 共 28 条RSS, 成功抓取 27 条.
[2025-05-30 07:21:33] ✘ 有 1 条订阅解析失败:
[2025-05-30 07:21:33] - https://tcxx.info/feed
[2025-05-30 07:21:33] ✘ 有 2 条订阅头像无法访问, 已使用默认头像:
[2025-05-30 07:21:33] - http://feeds.feedburner.com/ruanyifeng
[2025-05-30 07:21:33] - https://www.loyhome.com/feed
[2025-05-30 08:29:11] 本次订阅抓取结果统计:
[2025-05-30 08:29:11] 共 28 条RSS, 成功抓取 27 条.
[2025-05-30 08:29:11] ✘ 有 1 条订阅解析失败:
[2025-05-30 08:29:11] - https://tcxx.info/feed
[2025-05-30 08:29:11] ✘ 有 2 条订阅头像无法访问, 已使用默认头像:
[2025-05-30 08:29:11] - http://feeds.feedburner.com/ruanyifeng
[2025-05-30 08:29:11] - https://www.loyhome.com/feed
[2025-05-30 09:23:35] 本次订阅抓取结果统计:
[2025-05-30 09:23:35] 共 28 条RSS, 成功抓取 27 条.
[2025-05-30 09:23:35] ✘ 有 1 条订阅解析失败:
[2025-05-30 09:23:35] - https://tcxx.info/feed
[2025-05-30 09:23:35] ✘ 有 2 条订阅头像无法访问, 已使用默认头像:
[2025-05-30 09:23:35] - http://feeds.feedburner.com/ruanyifeng
[2025-05-30 09:23:35] - https://www.loyhome.com/feed
[2025-05-30 10:23:32] 本次订阅抓取结果统计:
[2025-05-30 10:23:32] 共 28 条RSS, 成功抓取 27 条.
[2025-05-30 10:23:32] ✘ 有 1 条订阅解析失败:
[2025-05-30 10:23:32] - https://tcxx.info/feed
[2025-05-30 10:23:32] ✘ 有 2 条订阅头像无法访问, 已使用默认头像:
[2025-05-30 10:23:32] - http://feeds.feedburner.com/ruanyifeng
[2025-05-30 10:23:32] - https://www.loyhome.com/feed
[2025-05-30 11:18:17] 本次订阅抓取结果统计:
[2025-05-30 11:18:17] 共 28 条RSS, 成功抓取 27 条.
[2025-05-30 11:18:17] ✘ 有 1 条订阅解析失败:
[2025-05-30 11:18:17] - https://tcxx.info/feed
[2025-05-30 11:18:17] ✘ 有 2 条订阅头像无法访问, 已使用默认头像:
[2025-05-30 11:18:17] - http://feeds.feedburner.com/ruanyifeng
[2025-05-30 11:18:17] - https://www.loyhome.com/feed
[2025-05-30 12:44:39] 本次订阅抓取结果统计:
[2025-05-30 12:44:39] 共 28 条RSS, 成功抓取 27 条.
[2025-05-30 12:44:39] ✘ 有 1 条订阅解析失败:
[2025-05-30 12:44:39] - https://tcxx.info/feed
[2025-05-30 12:44:39] ✘ 有 2 条订阅头像无法访问, 已使用默认头像:
[2025-05-30 12:44:39] - http://feeds.feedburner.com/ruanyifeng
[2025-05-30 12:44:39] - https://www.loyhome.com/feed
[2025-05-30 13:32:32] 本次订阅抓取结果统计:
[2025-05-30 13:32:32] 共 28 条RSS, 成功抓取 27 条.
[2025-05-30 13:32:32] ✘ 有 1 条订阅解析失败:
[2025-05-30 13:32:32] - https://tcxx.info/feed
[2025-05-30 13:32:32] ✘ 有 2 条订阅头像无法访问, 已使用默认头像:
[2025-05-30 13:32:32] - http://feeds.feedburner.com/ruanyifeng
[2025-05-30 13:32:32] - https://www.loyhome.com/feed
[2025-05-30 14:22:23] 本次订阅抓取结果统计:
[2025-05-30 14:22:23] 共 28 条RSS, 成功抓取 27 条.
[2025-05-30 14:22:23] ✘ 有 1 条订阅解析失败:
[2025-05-30 14:22:23] - https://tcxx.info/feed
[2025-05-30 14:22:23] ✘ 有 2 条订阅头像无法访问, 已使用默认头像:
[2025-05-30 14:22:23] - http://feeds.feedburner.com/ruanyifeng
[2025-05-30 14:22:23] - https://www.loyhome.com/feed
[2025-05-30 15:24:23] 本次订阅抓取结果统计:
[2025-05-30 15:24:23] 共 28 条RSS, 成功抓取 27 条.
[2025-05-30 15:24:23] ✘ 有 1 条订阅解析失败:
[2025-05-30 15:24:23] - https://tcxx.info/feed
[2025-05-30 15:24:23] ✘ 有 2 条订阅头像无法访问, 已使用默认头像:
[2025-05-30 15:24:23] - https://www.loyhome.com/feed
[2025-05-30 15:24:23] - http://feeds.feedburner.com/ruanyifeng
[2025-05-30 16:28:32] 本次订阅抓取结果统计:
[2025-05-30 16:28:32] 共 28 条RSS, 成功抓取 27 条.
[2025-05-30 16:28:32] ✘ 有 1 条订阅解析失败:
[2025-05-30 16:28:32] - https://tcxx.info/feed
[2025-05-30 16:28:32] ✘ 有 2 条订阅头像无法访问, 已使用默认头像:
[2025-05-30 16:28:32] - https://www.loyhome.com/feed
[2025-05-30 16:28:32] - http://feeds.feedburner.com/ruanyifeng
[2025-05-30 17:19:20] 本次订阅抓取结果统计:
[2025-05-30 17:19:20] 共 28 条RSS, 成功抓取 27 条.
[2025-05-30 17:19:20] ✘ 有 1 条订阅解析失败:
[2025-05-30 17:19:20] - https://tcxx.info/feed
[2025-05-30 17:19:20] ✘ 有 2 条订阅头像无法访问, 已使用默认头像:
[2025-05-30 17:19:20] - http://feeds.feedburner.com/ruanyifeng
[2025-05-30 17:19:20] - https://www.loyhome.com/feed
[2025-05-30 18:30:35] 本次订阅抓取结果统计:
[2025-05-30 18:30:35] 共 28 条RSS, 成功抓取 27 条.
[2025-05-30 18:30:35] ✘ 有 1 条订阅解析失败:
[2025-05-30 18:30:35] - https://tcxx.info/feed
[2025-05-30 18:30:35] ✘ 有 2 条订阅头像无法访问, 已使用默认头像:
[2025-05-30 18:30:35] - http://feeds.feedburner.com/ruanyifeng
[2025-05-30 18:30:35] - https://www.loyhome.com/feed
[2025-05-30 19:17:41] 本次订阅抓取结果统计:
[2025-05-30 19:17:41] 共 28 条RSS, 成功抓取 27 条.
[2025-05-30 19:17:41] ✘ 有 1 条订阅解析失败:
[2025-05-30 19:17:41] - https://tcxx.info/feed
[2025-05-30 19:17:41] ✘ 有 2 条订阅头像无法访问, 已使用默认头像:
[2025-05-30 19:17:41] - http://feeds.feedburner.com/ruanyifeng
[2025-05-30 19:17:41] - https://www.loyhome.com/feed
[2025-05-30 20:24:17] 本次订阅抓取结果统计:
[2025-05-30 20:24:17] 共 28 条RSS, 成功抓取 27 条.
[2025-05-30 20:24:17] ✘ 有 1 条订阅解析失败:
[2025-05-30 20:24:17] - https://tcxx.info/feed
[2025-05-30 20:24:17] ✘ 有 2 条订阅头像无法访问, 已使用默认头像:
[2025-05-30 20:24:17] - http://feeds.feedburner.com/ruanyifeng
[2025-05-30 20:24:17] - https://www.loyhome.com/feed
[2025-05-30 21:19:41] 本次订阅抓取结果统计:
[2025-05-30 21:19:41] 共 28 条RSS, 成功抓取 27 条.
[2025-05-30 21:19:41] ✘ 有 1 条订阅解析失败:
[2025-05-30 21:19:41] - https://tcxx.info/feed
[2025-05-30 21:19:41] ✘ 有 2 条订阅头像无法访问, 已使用默认头像:
[2025-05-30 21:19:41] - http://feeds.feedburner.com/ruanyifeng
[2025-05-30 21:19:41] - https://www.loyhome.com/feed
[2025-05-30 22:20:32] 本次订阅抓取结果统计:
[2025-05-30 22:20:32] 共 28 条RSS, 成功抓取 27 条.
[2025-05-30 22:20:32] ✘ 有 1 条订阅解析失败:
[2025-05-30 22:20:32] - https://tcxx.info/feed
[2025-05-30 22:20:32] ✘ 有 2 条订阅头像无法访问, 已使用默认头像:
[2025-05-30 22:20:32] - http://feeds.feedburner.com/ruanyifeng
[2025-05-30 22:20:32] - https://www.loyhome.com/feed
