[2025-06-17 01:52:44] 本次订阅抓取结果统计:
[2025-06-17 01:52:44] 共 28 条RSS, 成功抓取 27 条.
[2025-06-17 01:52:44] ✘ 有 1 条订阅解析失败:
[2025-06-17 01:52:44] - https://tcxx.info/feed
[2025-06-17 01:52:44] ✘ 有 2 条订阅头像无法访问, 已使用默认头像:
[2025-06-17 01:52:44] - http://feeds.feedburner.com/ruanyifeng
[2025-06-17 01:52:44] - https://www.loyhome.com/feed
[2025-06-17 03:19:35] 本次订阅抓取结果统计:
[2025-06-17 03:19:35] 共 28 条RSS, 成功抓取 27 条.
[2025-06-17 03:19:35] ✘ 有 1 条订阅解析失败:
[2025-06-17 03:19:35] - https://tcxx.info/feed
[2025-06-17 03:19:35] ✘ 有 2 条订阅头像无法访问, 已使用默认头像:
[2025-06-17 03:19:35] - http://feeds.feedburner.com/ruanyifeng
[2025-06-17 03:19:35] - https://www.loyhome.com/feed
[2025-06-17 04:30:45] 本次订阅抓取结果统计:
[2025-06-17 04:30:45] 共 28 条RSS, 成功抓取 27 条.
[2025-06-17 04:30:45] ✘ 有 1 条订阅解析失败:
[2025-06-17 04:30:45] - https://tcxx.info/feed
[2025-06-17 04:30:45] ✘ 有 2 条订阅头像无法访问, 已使用默认头像:
[2025-06-17 04:30:45] - http://feeds.feedburner.com/ruanyifeng
[2025-06-17 04:30:45] - https://www.loyhome.com/feed
[2025-06-17 05:22:38] 本次订阅抓取结果统计:
[2025-06-17 05:22:38] 共 28 条RSS, 成功抓取 27 条.
[2025-06-17 05:22:38] ✘ 有 1 条订阅解析失败:
[2025-06-17 05:22:38] - https://tcxx.info/feed
[2025-06-17 05:22:38] ✘ 有 3 条订阅头像无法访问, 已使用默认头像:
[2025-06-17 05:22:38] - http://feeds.feedburner.com/ruanyifeng
[2025-06-17 05:22:38] - https://www.loyhome.com/feed
[2025-06-17 05:22:38] - https://xyzbz.cn/feed
[2025-06-17 06:33:22] 本次订阅抓取结果统计:
[2025-06-17 06:33:22] 共 28 条RSS, 成功抓取 27 条.
[2025-06-17 06:33:22] ✘ 有 1 条订阅解析失败:
[2025-06-17 06:33:22] - https://tcxx.info/feed
[2025-06-17 06:33:22] ✘ 有 2 条订阅头像无法访问, 已使用默认头像:
[2025-06-17 06:33:22] - https://www.loyhome.com/feed
[2025-06-17 06:33:22] - http://feeds.feedburner.com/ruanyifeng
[2025-06-17 07:22:27] 本次订阅抓取结果统计:
[2025-06-17 07:22:27] 共 28 条RSS, 成功抓取 27 条.
[2025-06-17 07:22:27] ✘ 有 1 条订阅解析失败:
[2025-06-17 07:22:27] - https://tcxx.info/feed
[2025-06-17 07:22:27] ✘ 有 2 条订阅头像无法访问, 已使用默认头像:
[2025-06-17 07:22:27] - http://feeds.feedburner.com/ruanyifeng
[2025-06-17 07:22:27] - https://www.loyhome.com/feed
[2025-06-17 08:31:07] 本次订阅抓取结果统计:
[2025-06-17 08:31:07] 共 28 条RSS, 成功抓取 27 条.
[2025-06-17 08:31:07] ✘ 有 1 条订阅解析失败:
[2025-06-17 08:31:07] - https://tcxx.info/feed
[2025-06-17 08:31:07] ✘ 有 2 条订阅头像无法访问, 已使用默认头像:
[2025-06-17 08:31:07] - http://feeds.feedburner.com/ruanyifeng
[2025-06-17 08:31:07] - https://www.loyhome.com/feed
[2025-06-17 09:25:36] 本次订阅抓取结果统计:
[2025-06-17 09:25:36] 共 28 条RSS, 成功抓取 27 条.
[2025-06-17 09:25:36] ✘ 有 1 条订阅解析失败:
[2025-06-17 09:25:36] - https://tcxx.info/feed
[2025-06-17 09:25:36] ✘ 有 2 条订阅头像无法访问, 已使用默认头像:
[2025-06-17 09:25:36] - http://feeds.feedburner.com/ruanyifeng
[2025-06-17 09:25:36] - https://www.loyhome.com/feed
[2025-06-17 10:25:07] 本次订阅抓取结果统计:
[2025-06-17 10:25:07] 共 28 条RSS, 成功抓取 27 条.
[2025-06-17 10:25:07] ✘ 有 1 条订阅解析失败:
[2025-06-17 10:25:07] - https://tcxx.info/feed
[2025-06-17 10:25:07] ✘ 有 2 条订阅头像无法访问, 已使用默认头像:
[2025-06-17 10:25:07] - http://feeds.feedburner.com/ruanyifeng
[2025-06-17 10:25:07] - https://www.loyhome.com/feed
[2025-06-17 11:19:07] 本次订阅抓取结果统计:
[2025-06-17 11:19:07] 共 28 条RSS, 成功抓取 27 条.
[2025-06-17 11:19:07] ✘ 有 1 条订阅解析失败:
[2025-06-17 11:19:07] - https://tcxx.info/feed
[2025-06-17 11:19:07] ✘ 有 2 条订阅头像无法访问, 已使用默认头像:
[2025-06-17 11:19:07] - http://feeds.feedburner.com/ruanyifeng
[2025-06-17 11:19:07] - https://www.loyhome.com/feed
[2025-06-17 12:48:17] 本次订阅抓取结果统计:
[2025-06-17 12:48:17] 共 28 条RSS, 成功抓取 27 条.
[2025-06-17 12:48:17] ✘ 有 1 条订阅解析失败:
[2025-06-17 12:48:17] - https://tcxx.info/feed
[2025-06-17 12:48:17] ✘ 有 2 条订阅头像无法访问, 已使用默认头像:
[2025-06-17 12:48:17] - http://feeds.feedburner.com/ruanyifeng
[2025-06-17 12:48:17] - https://www.loyhome.com/feed
[2025-06-17 13:34:13] 本次订阅抓取结果统计:
[2025-06-17 13:34:13] 共 28 条RSS, 成功抓取 27 条.
[2025-06-17 13:34:13] ✘ 有 1 条订阅解析失败:
[2025-06-17 13:34:13] - https://tcxx.info/feed
[2025-06-17 13:34:13] ✘ 有 2 条订阅头像无法访问, 已使用默认头像:
[2025-06-17 13:34:13] - http://feeds.feedburner.com/ruanyifeng
[2025-06-17 13:34:13] - https://www.loyhome.com/feed
[2025-06-17 14:23:43] 本次订阅抓取结果统计:
[2025-06-17 14:23:43] 共 28 条RSS, 成功抓取 27 条.
[2025-06-17 14:23:43] ✘ 有 1 条订阅解析失败:
[2025-06-17 14:23:43] - https://tcxx.info/feed
[2025-06-17 14:23:43] ✘ 有 3 条订阅头像无法访问, 已使用默认头像:
[2025-06-17 14:23:43] - http://feeds.feedburner.com/ruanyifeng
[2025-06-17 14:23:43] - https://www.loyhome.com/feed
[2025-06-17 14:23:43] - https://ihaihe.cn/feed
[2025-06-17 15:25:46] 本次订阅抓取结果统计:
[2025-06-17 15:25:46] 共 28 条RSS, 成功抓取 27 条.
[2025-06-17 15:25:46] ✘ 有 1 条订阅解析失败:
[2025-06-17 15:25:46] - https://tcxx.info/feed
[2025-06-17 15:25:46] ✘ 有 2 条订阅头像无法访问, 已使用默认头像:
[2025-06-17 15:25:46] - http://feeds.feedburner.com/ruanyifeng
[2025-06-17 15:25:46] - https://www.loyhome.com/feed
[2025-06-17 16:29:32] 本次订阅抓取结果统计:
[2025-06-17 16:29:32] 共 28 条RSS, 成功抓取 27 条.
[2025-06-17 16:29:32] ✘ 有 1 条订阅解析失败:
[2025-06-17 16:29:32] - https://tcxx.info/feed
[2025-06-17 16:29:32] ✘ 有 3 条订阅头像无法访问, 已使用默认头像:
[2025-06-17 16:29:32] - http://feeds.feedburner.com/ruanyifeng
[2025-06-17 16:29:32] - https://www.loyhome.com/feed
[2025-06-17 16:29:32] - https://blog.yanqingshan.com/feed
[2025-06-17 17:20:17] 本次订阅抓取结果统计:
[2025-06-17 17:20:17] 共 28 条RSS, 成功抓取 27 条.
[2025-06-17 17:20:17] ✘ 有 1 条订阅解析失败:
[2025-06-17 17:20:17] - https://tcxx.info/feed
[2025-06-17 17:20:17] ✘ 有 2 条订阅头像无法访问, 已使用默认头像:
[2025-06-17 17:20:17] - http://feeds.feedburner.com/ruanyifeng
[2025-06-17 17:20:17] - https://www.loyhome.com/feed
[2025-06-17 18:32:11] 本次订阅抓取结果统计:
[2025-06-17 18:32:11] 共 28 条RSS, 成功抓取 27 条.
[2025-06-17 18:32:11] ✘ 有 1 条订阅解析失败:
[2025-06-17 18:32:11] - https://tcxx.info/feed
[2025-06-17 18:32:11] ✘ 有 2 条订阅头像无法访问, 已使用默认头像:
[2025-06-17 18:32:11] - http://feeds.feedburner.com/ruanyifeng
[2025-06-17 18:32:11] - https://www.loyhome.com/feed
[2025-06-17 19:17:55] 本次订阅抓取结果统计:
[2025-06-17 19:17:55] 共 28 条RSS, 成功抓取 27 条.
[2025-06-17 19:17:55] ✘ 有 1 条订阅解析失败:
[2025-06-17 19:17:55] - https://tcxx.info/feed
[2025-06-17 19:17:55] ✘ 有 2 条订阅头像无法访问, 已使用默认头像:
[2025-06-17 19:17:55] - http://feeds.feedburner.com/ruanyifeng
[2025-06-17 19:17:55] - https://www.loyhome.com/feed
[2025-06-17 20:24:22] 本次订阅抓取结果统计:
[2025-06-17 20:24:22] 共 28 条RSS, 成功抓取 27 条.
[2025-06-17 20:24:22] ✘ 有 1 条订阅解析失败:
[2025-06-17 20:24:22] - https://tcxx.info/feed
[2025-06-17 20:24:22] ✘ 有 2 条订阅头像无法访问, 已使用默认头像:
[2025-06-17 20:24:22] - http://feeds.feedburner.com/ruanyifeng
[2025-06-17 20:24:22] - https://www.loyhome.com/feed
[2025-06-17 21:21:46] 本次订阅抓取结果统计:
[2025-06-17 21:21:46] 共 28 条RSS, 成功抓取 27 条.
[2025-06-17 21:21:46] ✘ 有 1 条订阅解析失败:
[2025-06-17 21:21:46] - https://tcxx.info/feed
[2025-06-17 21:21:46] ✘ 有 2 条订阅头像无法访问, 已使用默认头像:
[2025-06-17 21:21:46] - http://feeds.feedburner.com/ruanyifeng
[2025-06-17 21:21:46] - https://www.loyhome.com/feed
