[2025-05-11 01:53:22] 本次订阅抓取结果统计:
[2025-05-11 01:53:22] 共 28 条RSS, 成功抓取 27 条.
[2025-05-11 01:53:22] ✘ 有 1 条订阅解析失败:
[2025-05-11 01:53:22] - https://tcxx.info/feed
[2025-05-11 01:53:22] ✘ 有 3 条订阅头像无法访问, 已使用默认头像:
[2025-05-11 01:53:22] - http://feeds.feedburner.com/ruanyifeng
[2025-05-11 01:53:22] - https://www.loyhome.com/feed
[2025-05-11 01:53:22] - https://xyzbz.cn/feed
[2025-05-11 03:16:04] 本次订阅抓取结果统计:
[2025-05-11 03:16:04] 共 28 条RSS, 成功抓取 27 条.
[2025-05-11 03:16:04] ✘ 有 1 条订阅解析失败:
[2025-05-11 03:16:04] - https://tcxx.info/feed
[2025-05-11 03:16:04] ✘ 有 2 条订阅头像无法访问, 已使用默认头像:
[2025-05-11 03:16:04] - http://feeds.feedburner.com/ruanyifeng
[2025-05-11 03:16:04] - https://www.loyhome.com/feed
[2025-05-11 04:25:29] 本次订阅抓取结果统计:
[2025-05-11 04:25:29] 共 28 条RSS, 成功抓取 27 条.
[2025-05-11 04:25:29] ✘ 有 1 条订阅解析失败:
[2025-05-11 04:25:29] - https://tcxx.info/feed
[2025-05-11 04:25:29] ✘ 有 2 条订阅头像无法访问, 已使用默认头像:
[2025-05-11 04:25:29] - http://feeds.feedburner.com/ruanyifeng
[2025-05-11 04:25:29] - https://www.loyhome.com/feed
[2025-05-11 05:20:38] 本次订阅抓取结果统计:
[2025-05-11 05:20:38] 共 28 条RSS, 成功抓取 26 条.
[2025-05-11 05:20:38] ✘ 有 2 条订阅解析失败:
[2025-05-11 05:20:38] - https://tcxx.info/feed
[2025-05-11 05:20:38] - https://wangpei.net/feed
[2025-05-11 05:20:38] ✘ 有 2 条订阅头像无法访问, 已使用默认头像:
[2025-05-11 05:20:38] - http://feeds.feedburner.com/ruanyifeng
[2025-05-11 05:20:38] - https://www.loyhome.com/feed
[2025-05-11 06:28:52] 本次订阅抓取结果统计:
[2025-05-11 06:28:52] 共 28 条RSS, 成功抓取 27 条.
[2025-05-11 06:28:52] ✘ 有 1 条订阅解析失败:
[2025-05-11 06:28:52] - https://tcxx.info/feed
[2025-05-11 06:28:52] ✘ 有 2 条订阅头像无法访问, 已使用默认头像:
[2025-05-11 06:28:52] - http://feeds.feedburner.com/ruanyifeng
[2025-05-11 06:28:52] - https://www.loyhome.com/feed
[2025-05-11 07:19:48] 本次订阅抓取结果统计:
[2025-05-11 07:19:48] 共 28 条RSS, 成功抓取 27 条.
[2025-05-11 07:19:48] ✘ 有 1 条订阅解析失败:
[2025-05-11 07:19:48] - https://tcxx.info/feed
[2025-05-11 07:19:48] ✘ 有 2 条订阅头像无法访问, 已使用默认头像:
[2025-05-11 07:19:48] - http://feeds.feedburner.com/ruanyifeng
[2025-05-11 07:19:48] - https://www.loyhome.com/feed
[2025-05-11 08:26:27] 本次订阅抓取结果统计:
[2025-05-11 08:26:27] 共 28 条RSS, 成功抓取 27 条.
[2025-05-11 08:26:27] ✘ 有 1 条订阅解析失败:
[2025-05-11 08:26:27] - https://tcxx.info/feed
[2025-05-11 08:26:27] ✘ 有 2 条订阅头像无法访问, 已使用默认头像:
[2025-05-11 08:26:27] - http://feeds.feedburner.com/ruanyifeng
[2025-05-11 08:26:27] - https://www.loyhome.com/feed
[2025-05-11 09:20:24] 本次订阅抓取结果统计:
[2025-05-11 09:20:24] 共 28 条RSS, 成功抓取 27 条.
[2025-05-11 09:20:24] ✘ 有 1 条订阅解析失败:
[2025-05-11 09:20:24] - https://tcxx.info/feed
[2025-05-11 09:20:24] ✘ 有 2 条订阅头像无法访问, 已使用默认头像:
[2025-05-11 09:20:24] - http://feeds.feedburner.com/ruanyifeng
[2025-05-11 09:20:24] - https://www.loyhome.com/feed
[2025-05-11 10:20:35] 本次订阅抓取结果统计:
[2025-05-11 10:20:35] 共 28 条RSS, 成功抓取 27 条.
[2025-05-11 10:20:35] ✘ 有 1 条订阅解析失败:
[2025-05-11 10:20:35] - https://tcxx.info/feed
[2025-05-11 10:20:35] ✘ 有 2 条订阅头像无法访问, 已使用默认头像:
[2025-05-11 10:20:35] - http://feeds.feedburner.com/ruanyifeng
[2025-05-11 10:20:35] - https://www.loyhome.com/feed
[2025-05-11 11:16:24] 本次订阅抓取结果统计:
[2025-05-11 11:16:24] 共 28 条RSS, 成功抓取 27 条.
[2025-05-11 11:16:24] ✘ 有 1 条订阅解析失败:
[2025-05-11 11:16:24] - https://tcxx.info/feed
[2025-05-11 11:16:24] ✘ 有 2 条订阅头像无法访问, 已使用默认头像:
[2025-05-11 11:16:24] - http://feeds.feedburner.com/ruanyifeng
[2025-05-11 11:16:24] - https://www.loyhome.com/feed
[2025-05-11 12:39:22] 本次订阅抓取结果统计:
[2025-05-11 12:39:22] 共 28 条RSS, 成功抓取 27 条.
[2025-05-11 12:39:22] ✘ 有 1 条订阅解析失败:
[2025-05-11 12:39:22] - https://tcxx.info/feed
[2025-05-11 12:39:22] ✘ 有 2 条订阅头像无法访问, 已使用默认头像:
[2025-05-11 12:39:22] - http://feeds.feedburner.com/ruanyifeng
[2025-05-11 12:39:22] - https://www.loyhome.com/feed
[2025-05-11 13:26:32] 本次订阅抓取结果统计:
[2025-05-11 13:26:32] 共 28 条RSS, 成功抓取 27 条.
[2025-05-11 13:26:32] ✘ 有 1 条订阅解析失败:
[2025-05-11 13:26:32] - https://tcxx.info/feed
[2025-05-11 13:26:32] ✘ 有 2 条订阅头像无法访问, 已使用默认头像:
[2025-05-11 13:26:32] - http://feeds.feedburner.com/ruanyifeng
[2025-05-11 13:26:32] - https://www.loyhome.com/feed
[2025-05-11 14:19:10] 本次订阅抓取结果统计:
[2025-05-11 14:19:10] 共 28 条RSS, 成功抓取 27 条.
[2025-05-11 14:19:10] ✘ 有 1 条订阅解析失败:
[2025-05-11 14:19:10] - https://tcxx.info/feed
[2025-05-11 14:19:10] ✘ 有 2 条订阅头像无法访问, 已使用默认头像:
[2025-05-11 14:19:10] - http://feeds.feedburner.com/ruanyifeng
[2025-05-11 14:19:10] - https://www.loyhome.com/feed
[2025-05-11 15:20:07] 本次订阅抓取结果统计:
[2025-05-11 15:20:07] 共 28 条RSS, 成功抓取 27 条.
[2025-05-11 15:20:07] ✘ 有 1 条订阅解析失败:
[2025-05-11 15:20:07] - https://tcxx.info/feed
[2025-05-11 15:20:07] ✘ 有 2 条订阅头像无法访问, 已使用默认头像:
[2025-05-11 15:20:07] - http://feeds.feedburner.com/ruanyifeng
[2025-05-11 15:20:07] - https://www.loyhome.com/feed
[2025-05-11 16:25:02] 本次订阅抓取结果统计:
[2025-05-11 16:25:02] 共 28 条RSS, 成功抓取 27 条.
[2025-05-11 16:25:02] ✘ 有 1 条订阅解析失败:
[2025-05-11 16:25:02] - https://tcxx.info/feed
[2025-05-11 16:25:02] ✘ 有 3 条订阅头像无法访问, 已使用默认头像:
[2025-05-11 16:25:02] - https://www.loyhome.com/feed
[2025-05-11 16:25:02] - http://feeds.feedburner.com/ruanyifeng
[2025-05-11 16:25:02] - https://xyzbz.cn/feed
[2025-05-11 17:16:58] 本次订阅抓取结果统计:
[2025-05-11 17:16:58] 共 28 条RSS, 成功抓取 27 条.
[2025-05-11 17:16:58] ✘ 有 1 条订阅解析失败:
[2025-05-11 17:16:58] - https://tcxx.info/feed
[2025-05-11 17:16:58] ✘ 有 2 条订阅头像无法访问, 已使用默认头像:
[2025-05-11 17:16:58] - http://feeds.feedburner.com/ruanyifeng
[2025-05-11 17:16:58] - https://www.loyhome.com/feed
[2025-05-11 18:27:21] 本次订阅抓取结果统计:
[2025-05-11 18:27:21] 共 28 条RSS, 成功抓取 27 条.
[2025-05-11 18:27:21] ✘ 有 1 条订阅解析失败:
[2025-05-11 18:27:21] - https://tcxx.info/feed
[2025-05-11 18:27:21] ✘ 有 2 条订阅头像无法访问, 已使用默认头像:
[2025-05-11 18:27:21] - http://feeds.feedburner.com/ruanyifeng
[2025-05-11 18:27:21] - https://www.loyhome.com/feed
[2025-05-11 19:16:40] 本次订阅抓取结果统计:
[2025-05-11 19:16:40] 共 28 条RSS, 成功抓取 26 条.
[2025-05-11 19:16:40] ✘ 有 2 条订阅解析失败:
[2025-05-11 19:16:40] - https://tcxx.info/feed
[2025-05-11 19:16:40] - https://oba.by/feed
[2025-05-11 19:16:40] ✘ 有 3 条订阅头像无法访问, 已使用默认头像:
[2025-05-11 19:16:40] - https://www.loyhome.com/feed
[2025-05-11 19:16:40] - http://feeds.feedburner.com/ruanyifeng
[2025-05-11 19:16:40] - https://blog.yanqingshan.com/feed
[2025-05-11 20:21:54] 本次订阅抓取结果统计:
[2025-05-11 20:21:54] 共 28 条RSS, 成功抓取 27 条.
[2025-05-11 20:21:54] ✘ 有 1 条订阅解析失败:
[2025-05-11 20:21:54] - https://tcxx.info/feed
[2025-05-11 20:21:54] ✘ 有 2 条订阅头像无法访问, 已使用默认头像:
[2025-05-11 20:21:54] - https://www.loyhome.com/feed
[2025-05-11 20:21:54] - http://feeds.feedburner.com/ruanyifeng
[2025-05-11 21:18:37] 本次订阅抓取结果统计:
[2025-05-11 21:18:37] 共 28 条RSS, 成功抓取 27 条.
[2025-05-11 21:18:37] ✘ 有 1 条订阅解析失败:
[2025-05-11 21:18:37] - https://tcxx.info/feed
[2025-05-11 21:18:37] ✘ 有 2 条订阅头像无法访问, 已使用默认头像:
[2025-05-11 21:18:37] - http://feeds.feedburner.com/ruanyifeng
[2025-05-11 21:18:37] - https://www.loyhome.com/feed
