[2025-10-20 01:50:49] 本次订阅抓取结果统计:
[2025-10-20 01:50:49] 共 28 条RSS, 成功抓取 25 条.
[2025-10-20 01:50:49] ✘ 有 3 条订阅解析失败:
[2025-10-20 01:50:49] - https://tumutanzi.com/feed
[2025-10-20 01:50:49] - https://tcxx.info/feed
[2025-10-20 01:50:49] - https://geekinney.com/index.xml
[2025-10-20 01:50:49] ✘ 有 2 条订阅头像无法访问, 已使用默认头像:
[2025-10-20 01:50:49] - http://feeds.feedburner.com/ruanyifeng
[2025-10-20 01:50:49] - https://www.loyhome.com/feed
[2025-10-20 03:17:36] 本次订阅抓取结果统计:
[2025-10-20 03:17:36] 共 28 条RSS, 成功抓取 25 条.
[2025-10-20 03:17:36] ✘ 有 3 条订阅解析失败:
[2025-10-20 03:17:36] - https://tumutanzi.com/feed
[2025-10-20 03:17:36] - https://tcxx.info/feed
[2025-10-20 03:17:36] - https://geekinney.com/index.xml
[2025-10-20 03:17:36] ✘ 有 2 条订阅头像无法访问, 已使用默认头像:
[2025-10-20 03:17:36] - http://feeds.feedburner.com/ruanyifeng
[2025-10-20 03:17:36] - https://www.loyhome.com/feed
[2025-10-20 04:27:39] 本次订阅抓取结果统计:
[2025-10-20 04:27:39] 共 28 条RSS, 成功抓取 25 条.
[2025-10-20 04:27:39] ✘ 有 3 条订阅解析失败:
[2025-10-20 04:27:39] - https://tcxx.info/feed
[2025-10-20 04:27:39] - https://tumutanzi.com/feed
[2025-10-20 04:27:39] - https://geekinney.com/index.xml
[2025-10-20 04:27:39] ✘ 有 2 条订阅头像无法访问, 已使用默认头像:
[2025-10-20 04:27:39] - http://feeds.feedburner.com/ruanyifeng
[2025-10-20 04:27:39] - https://www.loyhome.com/feed
[2025-10-20 05:22:25] 本次订阅抓取结果统计:
[2025-10-20 05:22:25] 共 28 条RSS, 成功抓取 25 条.
[2025-10-20 05:22:25] ✘ 有 3 条订阅解析失败:
[2025-10-20 05:22:25] - https://tcxx.info/feed
[2025-10-20 05:22:25] - https://tumutanzi.com/feed
[2025-10-20 05:22:25] - https://geekinney.com/index.xml
[2025-10-20 05:22:25] ✘ 有 2 条订阅头像无法访问, 已使用默认头像:
[2025-10-20 05:22:25] - http://feeds.feedburner.com/ruanyifeng
[2025-10-20 05:22:25] - https://www.loyhome.com/feed
[2025-10-20 06:34:03] 本次订阅抓取结果统计:
[2025-10-20 06:34:03] 共 28 条RSS, 成功抓取 25 条.
[2025-10-20 06:34:03] ✘ 有 3 条订阅解析失败:
[2025-10-20 06:34:03] - https://tcxx.info/feed
[2025-10-20 06:34:03] - https://tumutanzi.com/feed
[2025-10-20 06:34:03] - https://geekinney.com/index.xml
[2025-10-20 06:34:03] ✘ 有 2 条订阅头像无法访问, 已使用默认头像:
[2025-10-20 06:34:03] - http://feeds.feedburner.com/ruanyifeng
[2025-10-20 06:34:03] - https://www.loyhome.com/feed
[2025-10-20 07:22:30] 本次订阅抓取结果统计:
[2025-10-20 07:22:30] 共 28 条RSS, 成功抓取 25 条.
[2025-10-20 07:22:30] ✘ 有 3 条订阅解析失败:
[2025-10-20 07:22:30] - https://tumutanzi.com/feed
[2025-10-20 07:22:30] - https://tcxx.info/feed
[2025-10-20 07:22:30] - https://geekinney.com/index.xml
[2025-10-20 07:22:30] ✘ 有 2 条订阅头像无法访问, 已使用默认头像:
[2025-10-20 07:22:30] - http://feeds.feedburner.com/ruanyifeng
[2025-10-20 07:22:30] - https://www.loyhome.com/feed
[2025-10-20 08:29:59] 本次订阅抓取结果统计:
[2025-10-20 08:29:59] 共 28 条RSS, 成功抓取 25 条.
[2025-10-20 08:29:59] ✘ 有 3 条订阅解析失败:
[2025-10-20 08:29:59] - https://tumutanzi.com/feed
[2025-10-20 08:29:59] - https://tcxx.info/feed
[2025-10-20 08:29:59] - https://geekinney.com/index.xml
[2025-10-20 08:29:59] ✘ 有 2 条订阅头像无法访问, 已使用默认头像:
[2025-10-20 08:29:59] - https://www.loyhome.com/feed
[2025-10-20 08:29:59] - http://feeds.feedburner.com/ruanyifeng
[2025-10-20 09:26:01] 本次订阅抓取结果统计:
[2025-10-20 09:26:01] 共 28 条RSS, 成功抓取 25 条.
[2025-10-20 09:26:01] ✘ 有 3 条订阅解析失败:
[2025-10-20 09:26:01] - https://tcxx.info/feed
[2025-10-20 09:26:01] - https://tumutanzi.com/feed
[2025-10-20 09:26:01] - https://geekinney.com/index.xml
[2025-10-20 09:26:01] ✘ 有 2 条订阅头像无法访问, 已使用默认头像:
[2025-10-20 09:26:01] - http://feeds.feedburner.com/ruanyifeng
[2025-10-20 09:26:01] - https://www.loyhome.com/feed
[2025-10-20 10:24:49] 本次订阅抓取结果统计:
[2025-10-20 10:24:49] 共 28 条RSS, 成功抓取 25 条.
[2025-10-20 10:24:49] ✘ 有 3 条订阅解析失败:
[2025-10-20 10:24:49] - https://tumutanzi.com/feed
[2025-10-20 10:24:49] - https://tcxx.info/feed
[2025-10-20 10:24:49] - https://geekinney.com/index.xml
[2025-10-20 10:24:49] ✘ 有 2 条订阅头像无法访问, 已使用默认头像:
[2025-10-20 10:24:49] - http://feeds.feedburner.com/ruanyifeng
[2025-10-20 10:24:49] - https://www.loyhome.com/feed
[2025-10-20 11:19:18] 本次订阅抓取结果统计:
[2025-10-20 11:19:18] 共 28 条RSS, 成功抓取 25 条.
[2025-10-20 11:19:18] ✘ 有 3 条订阅解析失败:
[2025-10-20 11:19:18] - https://tcxx.info/feed
[2025-10-20 11:19:18] - https://tumutanzi.com/feed
[2025-10-20 11:19:18] - https://geekinney.com/index.xml
[2025-10-20 11:19:18] ✘ 有 2 条订阅头像无法访问, 已使用默认头像:
[2025-10-20 11:19:18] - http://feeds.feedburner.com/ruanyifeng
[2025-10-20 11:19:18] - https://www.loyhome.com/feed
[2025-10-20 12:46:47] 本次订阅抓取结果统计:
[2025-10-20 12:46:47] 共 28 条RSS, 成功抓取 25 条.
[2025-10-20 12:46:47] ✘ 有 3 条订阅解析失败:
[2025-10-20 12:46:47] - https://tumutanzi.com/feed
[2025-10-20 12:46:47] - https://tcxx.info/feed
[2025-10-20 12:46:47] - https://geekinney.com/index.xml
[2025-10-20 12:46:47] ✘ 有 2 条订阅头像无法访问, 已使用默认头像:
[2025-10-20 12:46:47] - https://www.loyhome.com/feed
[2025-10-20 12:46:47] - http://feeds.feedburner.com/ruanyifeng
[2025-10-20 13:31:32] 本次订阅抓取结果统计:
[2025-10-20 13:31:32] 共 28 条RSS, 成功抓取 25 条.
[2025-10-20 13:31:32] ✘ 有 3 条订阅解析失败:
[2025-10-20 13:31:32] - https://tcxx.info/feed
[2025-10-20 13:31:32] - https://tumutanzi.com/feed
[2025-10-20 13:31:32] - https://geekinney.com/index.xml
[2025-10-20 13:31:32] ✘ 有 2 条订阅头像无法访问, 已使用默认头像:
[2025-10-20 13:31:32] - https://www.loyhome.com/feed
[2025-10-20 13:31:32] - http://feeds.feedburner.com/ruanyifeng
[2025-10-20 14:21:13] 本次订阅抓取结果统计:
[2025-10-20 14:21:13] 共 28 条RSS, 成功抓取 25 条.
[2025-10-20 14:21:13] ✘ 有 3 条订阅解析失败:
[2025-10-20 14:21:13] - https://tcxx.info/feed
[2025-10-20 14:21:13] - https://tumutanzi.com/feed
[2025-10-20 14:21:13] - https://geekinney.com/index.xml
[2025-10-20 14:21:13] ✘ 有 2 条订阅头像无法访问, 已使用默认头像:
[2025-10-20 14:21:13] - http://feeds.feedburner.com/ruanyifeng
[2025-10-20 14:21:13] - https://www.loyhome.com/feed
[2025-10-20 15:22:46] 本次订阅抓取结果统计:
[2025-10-20 15:22:46] 共 28 条RSS, 成功抓取 25 条.
[2025-10-20 15:22:46] ✘ 有 3 条订阅解析失败:
[2025-10-20 15:22:46] - https://tcxx.info/feed
[2025-10-20 15:22:46] - https://tumutanzi.com/feed
[2025-10-20 15:22:46] - https://geekinney.com/index.xml
[2025-10-20 15:22:46] ✘ 有 2 条订阅头像无法访问, 已使用默认头像:
[2025-10-20 15:22:46] - http://feeds.feedburner.com/ruanyifeng
[2025-10-20 15:22:46] - https://www.loyhome.com/feed
[2025-10-20 16:28:00] 本次订阅抓取结果统计:
[2025-10-20 16:28:00] 共 28 条RSS, 成功抓取 25 条.
[2025-10-20 16:28:00] ✘ 有 3 条订阅解析失败:
[2025-10-20 16:28:00] - https://tumutanzi.com/feed
[2025-10-20 16:28:00] - https://tcxx.info/feed
[2025-10-20 16:28:00] - https://geekinney.com/index.xml
[2025-10-20 16:28:00] ✘ 有 2 条订阅头像无法访问, 已使用默认头像:
[2025-10-20 16:28:00] - https://www.loyhome.com/feed
[2025-10-20 16:28:00] - http://feeds.feedburner.com/ruanyifeng
