[2025-06-21 01:49:45] 本次订阅抓取结果统计:
[2025-06-21 01:49:45] 共 28 条RSS, 成功抓取 27 条.
[2025-06-21 01:49:45] ✘ 有 1 条订阅解析失败:
[2025-06-21 01:49:45] - https://tcxx.info/feed
[2025-06-21 01:49:45] ✘ 有 2 条订阅头像无法访问, 已使用默认头像:
[2025-06-21 01:49:45] - http://feeds.feedburner.com/ruanyifeng
[2025-06-21 01:49:45] - https://www.loyhome.com/feed
[2025-06-21 03:15:02] 本次订阅抓取结果统计:
[2025-06-21 03:15:02] 共 28 条RSS, 成功抓取 27 条.
[2025-06-21 03:15:02] ✘ 有 1 条订阅解析失败:
[2025-06-21 03:15:02] - https://tcxx.info/feed
[2025-06-21 03:15:02] ✘ 有 2 条订阅头像无法访问, 已使用默认头像:
[2025-06-21 03:15:02] - http://feeds.feedburner.com/ruanyifeng
[2025-06-21 03:15:02] - https://www.loyhome.com/feed
[2025-06-21 04:27:37] 本次订阅抓取结果统计:
[2025-06-21 04:27:37] 共 28 条RSS, 成功抓取 27 条.
[2025-06-21 04:27:37] ✘ 有 1 条订阅解析失败:
[2025-06-21 04:27:37] - https://tcxx.info/feed
[2025-06-21 04:27:37] ✘ 有 2 条订阅头像无法访问, 已使用默认头像:
[2025-06-21 04:27:37] - http://feeds.feedburner.com/ruanyifeng
[2025-06-21 04:27:37] - https://www.loyhome.com/feed
[2025-06-21 05:21:21] 本次订阅抓取结果统计:
[2025-06-21 05:21:21] 共 28 条RSS, 成功抓取 27 条.
[2025-06-21 05:21:21] ✘ 有 1 条订阅解析失败:
[2025-06-21 05:21:21] - https://tcxx.info/feed
[2025-06-21 05:21:21] ✘ 有 3 条订阅头像无法访问, 已使用默认头像:
[2025-06-21 05:21:21] - http://feeds.feedburner.com/ruanyifeng
[2025-06-21 05:21:21] - https://www.loyhome.com/feed
[2025-06-21 05:21:21] - https://xyzbz.cn/feed
[2025-06-21 06:30:09] 本次订阅抓取结果统计:
[2025-06-21 06:30:09] 共 28 条RSS, 成功抓取 27 条.
[2025-06-21 06:30:09] ✘ 有 1 条订阅解析失败:
[2025-06-21 06:30:09] - https://tcxx.info/feed
[2025-06-21 06:30:09] ✘ 有 2 条订阅头像无法访问, 已使用默认头像:
[2025-06-21 06:30:09] - http://feeds.feedburner.com/ruanyifeng
[2025-06-21 06:30:09] - https://www.loyhome.com/feed
[2025-06-21 07:20:41] 本次订阅抓取结果统计:
[2025-06-21 07:20:41] 共 28 条RSS, 成功抓取 27 条.
[2025-06-21 07:20:41] ✘ 有 1 条订阅解析失败:
[2025-06-21 07:20:41] - https://tcxx.info/feed
[2025-06-21 07:20:41] ✘ 有 2 条订阅头像无法访问, 已使用默认头像:
[2025-06-21 07:20:41] - http://feeds.feedburner.com/ruanyifeng
[2025-06-21 07:20:41] - https://www.loyhome.com/feed
[2025-06-21 08:27:13] 本次订阅抓取结果统计:
[2025-06-21 08:27:13] 共 28 条RSS, 成功抓取 26 条.
[2025-06-21 08:27:13] ✘ 有 2 条订阅解析失败:
[2025-06-21 08:27:13] - https://tcxx.info/feed
[2025-06-21 08:27:13] - https://limboy.me/index.xml
[2025-06-21 08:27:13] ✘ 有 2 条订阅头像无法访问, 已使用默认头像:
[2025-06-21 08:27:13] - http://feeds.feedburner.com/ruanyifeng
[2025-06-21 08:27:13] - https://www.loyhome.com/feed
[2025-06-21 09:21:46] 本次订阅抓取结果统计:
[2025-06-21 09:21:46] 共 28 条RSS, 成功抓取 26 条.
[2025-06-21 09:21:46] ✘ 有 2 条订阅解析失败:
[2025-06-21 09:21:46] - https://tcxx.info/feed
[2025-06-21 09:21:46] - https://limboy.me/index.xml
[2025-06-21 09:21:46] ✘ 有 2 条订阅头像无法访问, 已使用默认头像:
[2025-06-21 09:21:46] - http://feeds.feedburner.com/ruanyifeng
[2025-06-21 09:21:46] - https://www.loyhome.com/feed
[2025-06-21 10:23:08] 本次订阅抓取结果统计:
[2025-06-21 10:23:08] 共 28 条RSS, 成功抓取 26 条.
[2025-06-21 10:23:08] ✘ 有 2 条订阅解析失败:
[2025-06-21 10:23:08] - https://tcxx.info/feed
[2025-06-21 10:23:08] - https://limboy.me/index.xml
[2025-06-21 10:23:08] ✘ 有 2 条订阅头像无法访问, 已使用默认头像:
[2025-06-21 10:23:08] - http://feeds.feedburner.com/ruanyifeng
[2025-06-21 10:23:08] - https://www.loyhome.com/feed
[2025-06-21 11:19:08] 本次订阅抓取结果统计:
[2025-06-21 11:19:08] 共 28 条RSS, 成功抓取 26 条.
[2025-06-21 11:19:08] ✘ 有 2 条订阅解析失败:
[2025-06-21 11:19:08] - https://tcxx.info/feed
[2025-06-21 11:19:08] - https://limboy.me/index.xml
[2025-06-21 11:19:08] ✘ 有 2 条订阅头像无法访问, 已使用默认头像:
[2025-06-21 11:19:08] - http://feeds.feedburner.com/ruanyifeng
[2025-06-21 11:19:08] - https://www.loyhome.com/feed
[2025-06-21 12:41:21] 本次订阅抓取结果统计:
[2025-06-21 12:41:21] 共 28 条RSS, 成功抓取 26 条.
[2025-06-21 12:41:21] ✘ 有 2 条订阅解析失败:
[2025-06-21 12:41:21] - https://tcxx.info/feed
[2025-06-21 12:41:21] - https://limboy.me/index.xml
[2025-06-21 12:41:21] ✘ 有 2 条订阅头像无法访问, 已使用默认头像:
[2025-06-21 12:41:21] - http://feeds.feedburner.com/ruanyifeng
[2025-06-21 12:41:21] - https://www.loyhome.com/feed
[2025-06-21 13:29:24] 本次订阅抓取结果统计:
[2025-06-21 13:29:24] 共 28 条RSS, 成功抓取 26 条.
[2025-06-21 13:29:24] ✘ 有 2 条订阅解析失败:
[2025-06-21 13:29:24] - https://tcxx.info/feed
[2025-06-21 13:29:24] - https://limboy.me/index.xml
[2025-06-21 13:29:24] ✘ 有 2 条订阅头像无法访问, 已使用默认头像:
[2025-06-21 13:29:24] - http://feeds.feedburner.com/ruanyifeng
[2025-06-21 13:29:24] - https://www.loyhome.com/feed
[2025-06-21 14:20:20] 本次订阅抓取结果统计:
[2025-06-21 14:20:20] 共 28 条RSS, 成功抓取 26 条.
[2025-06-21 14:20:20] ✘ 有 2 条订阅解析失败:
[2025-06-21 14:20:20] - https://tcxx.info/feed
[2025-06-21 14:20:20] - https://limboy.me/index.xml
[2025-06-21 14:20:20] ✘ 有 2 条订阅头像无法访问, 已使用默认头像:
[2025-06-21 14:20:20] - http://feeds.feedburner.com/ruanyifeng
[2025-06-21 14:20:20] - https://www.loyhome.com/feed
