[2025-09-24 01:40:48] 本次订阅抓取结果统计:
[2025-09-24 01:40:48] 共 28 条RSS, 成功抓取 24 条.
[2025-09-24 01:40:48] ✘ 有 4 条订阅解析失败:
[2025-09-24 01:40:48] - https://oba.by/feed
[2025-09-24 01:40:48] - https://tcxx.info/feed
[2025-09-24 01:40:48] - https://tumutanzi.com/feed
[2025-09-24 01:40:48] - https://geekinney.com/index.xml
[2025-09-24 01:40:48] ✘ 有 2 条订阅头像无法访问, 已使用默认头像:
[2025-09-24 01:40:48] - http://feeds.feedburner.com/ruanyifeng
[2025-09-24 01:40:48] - https://www.loyhome.com/feed
[2025-09-24 03:00:21] 本次订阅抓取结果统计:
[2025-09-24 03:00:21] 共 28 条RSS, 成功抓取 24 条.
[2025-09-24 03:00:21] ✘ 有 4 条订阅解析失败:
[2025-09-24 03:00:21] - https://oba.by/feed
[2025-09-24 03:00:21] - https://tumutanzi.com/feed
[2025-09-24 03:00:21] - https://tcxx.info/feed
[2025-09-24 03:00:21] - https://geekinney.com/index.xml
[2025-09-24 03:00:21] ✘ 有 2 条订阅头像无法访问, 已使用默认头像:
[2025-09-24 03:00:21] - http://feeds.feedburner.com/ruanyifeng
[2025-09-24 03:00:21] - https://www.loyhome.com/feed
[2025-09-24 03:36:23] 本次订阅抓取结果统计:
[2025-09-24 03:36:23] 共 28 条RSS, 成功抓取 24 条.
[2025-09-24 03:36:23] ✘ 有 4 条订阅解析失败:
[2025-09-24 03:36:23] - https://oba.by/feed
[2025-09-24 03:36:23] - https://tcxx.info/feed
[2025-09-24 03:36:23] - https://tumutanzi.com/feed
[2025-09-24 03:36:23] - https://geekinney.com/index.xml
[2025-09-24 03:36:23] ✘ 有 2 条订阅头像无法访问, 已使用默认头像:
[2025-09-24 03:36:23] - http://feeds.feedburner.com/ruanyifeng
[2025-09-24 03:36:23] - https://www.loyhome.com/feed
[2025-09-24 04:25:35] 本次订阅抓取结果统计:
[2025-09-24 04:25:35] 共 28 条RSS, 成功抓取 24 条.
[2025-09-24 04:25:35] ✘ 有 4 条订阅解析失败:
[2025-09-24 04:25:35] - https://oba.by/feed
[2025-09-24 04:25:35] - https://tcxx.info/feed
[2025-09-24 04:25:35] - https://tumutanzi.com/feed
[2025-09-24 04:25:35] - https://geekinney.com/index.xml
[2025-09-24 04:25:35] ✘ 有 2 条订阅头像无法访问, 已使用默认头像:
[2025-09-24 04:25:35] - http://feeds.feedburner.com/ruanyifeng
[2025-09-24 04:25:35] - https://www.loyhome.com/feed
[2025-09-24 05:20:05] 本次订阅抓取结果统计:
[2025-09-24 05:20:05] 共 28 条RSS, 成功抓取 24 条.
[2025-09-24 05:20:05] ✘ 有 4 条订阅解析失败:
[2025-09-24 05:20:05] - https://oba.by/feed
[2025-09-24 05:20:05] - https://tcxx.info/feed
[2025-09-24 05:20:05] - https://tumutanzi.com/feed
[2025-09-24 05:20:05] - https://geekinney.com/index.xml
[2025-09-24 05:20:05] ✘ 有 2 条订阅头像无法访问, 已使用默认头像:
[2025-09-24 05:20:05] - http://feeds.feedburner.com/ruanyifeng
[2025-09-24 05:20:05] - https://www.loyhome.com/feed
[2025-09-24 06:32:03] 本次订阅抓取结果统计:
[2025-09-24 06:32:03] 共 28 条RSS, 成功抓取 25 条.
[2025-09-24 06:32:03] ✘ 有 3 条订阅解析失败:
[2025-09-24 06:32:03] - https://tcxx.info/feed
[2025-09-24 06:32:03] - https://tumutanzi.com/feed
[2025-09-24 06:32:03] - https://geekinney.com/index.xml
[2025-09-24 06:32:03] ✘ 有 2 条订阅头像无法访问, 已使用默认头像:
[2025-09-24 06:32:03] - http://feeds.feedburner.com/ruanyifeng
[2025-09-24 06:32:03] - https://www.loyhome.com/feed
[2025-09-24 07:21:56] 本次订阅抓取结果统计:
[2025-09-24 07:21:56] 共 28 条RSS, 成功抓取 24 条.
[2025-09-24 07:21:56] ✘ 有 4 条订阅解析失败:
[2025-09-24 07:21:56] - https://tcxx.info/feed
[2025-09-24 07:21:56] - https://tumutanzi.com/feed
[2025-09-24 07:21:56] - https://geekinney.com/index.xml
[2025-09-24 07:21:56] - https://blog.yanqingshan.com/feed
[2025-09-24 07:21:56] ✘ 有 2 条订阅头像无法访问, 已使用默认头像:
[2025-09-24 07:21:56] - http://feeds.feedburner.com/ruanyifeng
[2025-09-24 07:21:56] - https://www.loyhome.com/feed
[2025-09-24 08:29:03] 本次订阅抓取结果统计:
[2025-09-24 08:29:03] 共 28 条RSS, 成功抓取 25 条.
[2025-09-24 08:29:03] ✘ 有 3 条订阅解析失败:
[2025-09-24 08:29:03] - https://tcxx.info/feed
[2025-09-24 08:29:03] - https://tumutanzi.com/feed
[2025-09-24 08:29:03] - https://geekinney.com/index.xml
[2025-09-24 08:29:03] ✘ 有 2 条订阅头像无法访问, 已使用默认头像:
[2025-09-24 08:29:03] - https://www.loyhome.com/feed
[2025-09-24 08:29:03] - http://feeds.feedburner.com/ruanyifeng
[2025-09-24 09:23:02] 本次订阅抓取结果统计:
[2025-09-24 09:23:02] 共 28 条RSS, 成功抓取 25 条.
[2025-09-24 09:23:02] ✘ 有 3 条订阅解析失败:
[2025-09-24 09:23:02] - https://tcxx.info/feed
[2025-09-24 09:23:02] - https://tumutanzi.com/feed
[2025-09-24 09:23:02] - https://geekinney.com/index.xml
[2025-09-24 09:23:02] ✘ 有 2 条订阅头像无法访问, 已使用默认头像:
[2025-09-24 09:23:02] - http://feeds.feedburner.com/ruanyifeng
[2025-09-24 09:23:02] - https://www.loyhome.com/feed
[2025-09-24 10:22:36] 本次订阅抓取结果统计:
[2025-09-24 10:22:36] 共 28 条RSS, 成功抓取 25 条.
[2025-09-24 10:22:36] ✘ 有 3 条订阅解析失败:
[2025-09-24 10:22:36] - https://tumutanzi.com/feed
[2025-09-24 10:22:36] - https://tcxx.info/feed
[2025-09-24 10:22:36] - https://geekinney.com/index.xml
[2025-09-24 10:22:36] ✘ 有 2 条订阅头像无法访问, 已使用默认头像:
[2025-09-24 10:22:36] - http://feeds.feedburner.com/ruanyifeng
[2025-09-24 10:22:36] - https://www.loyhome.com/feed
