[2025-12-18 01:51:49] 本次订阅抓取结果统计:
[2025-12-18 01:51:49] 共 28 条RSS, 成功抓取 25 条.
[2025-12-18 01:51:49] ✘ 有 3 条订阅解析失败:
[2025-12-18 01:51:49] - https://tumutanzi.com/feed
[2025-12-18 01:51:49] - https://tcxx.info/feed
[2025-12-18 01:51:49] - https://geekinney.com/index.xml
[2025-12-18 01:51:49] ✘ 有 3 条订阅头像无法访问, 已使用默认头像:
[2025-12-18 01:51:49] - https://oba.by/feed
[2025-12-18 01:51:49] - http://feeds.feedburner.com/ruanyifeng
[2025-12-18 01:51:49] - https://www.loyhome.com/feed
[2025-12-18 03:24:21] 本次订阅抓取结果统计:
[2025-12-18 03:24:21] 共 28 条RSS, 成功抓取 22 条.
[2025-12-18 03:24:21] ✘ 有 6 条订阅解析失败:
[2025-12-18 03:24:21] - https://tumutanzi.com/feed
[2025-12-18 03:24:21] - https://tcxx.info/feed
[2025-12-18 03:24:21] - https://geekinney.com/index.xml
[2025-12-18 03:24:21] - https://blog.zhheo.com/rss.xml
[2025-12-18 03:24:21] - https://oba.by/feed
[2025-12-18 03:24:21] - https://xyzbz.cn/feed
[2025-12-18 03:24:21] ✘ 有 2 条订阅头像无法访问, 已使用默认头像:
[2025-12-18 03:24:21] - https://www.loyhome.com/feed
[2025-12-18 03:24:21] - http://feeds.feedburner.com/ruanyifeng
[2025-12-18 04:36:49] 本次订阅抓取结果统计:
[2025-12-18 04:36:49] 共 28 条RSS, 成功抓取 25 条.
[2025-12-18 04:36:49] ✘ 有 3 条订阅解析失败:
[2025-12-18 04:36:49] - https://tumutanzi.com/feed
[2025-12-18 04:36:49] - https://tcxx.info/feed
[2025-12-18 04:36:49] - https://geekinney.com/index.xml
[2025-12-18 04:36:49] ✘ 有 3 条订阅头像无法访问, 已使用默认头像:
[2025-12-18 04:36:49] - https://oba.by/feed
[2025-12-18 04:36:49] - http://feeds.feedburner.com/ruanyifeng
[2025-12-18 04:36:49] - https://www.loyhome.com/feed
[2025-12-18 05:26:31] 本次订阅抓取结果统计:
[2025-12-18 05:26:31] 共 28 条RSS, 成功抓取 25 条.
[2025-12-18 05:26:31] ✘ 有 3 条订阅解析失败:
[2025-12-18 05:26:31] - https://tcxx.info/feed
[2025-12-18 05:26:31] - https://tumutanzi.com/feed
[2025-12-18 05:26:31] - https://geekinney.com/index.xml
[2025-12-18 05:26:31] ✘ 有 3 条订阅头像无法访问, 已使用默认头像:
[2025-12-18 05:26:31] - https://oba.by/feed
[2025-12-18 05:26:31] - http://feeds.feedburner.com/ruanyifeng
[2025-12-18 05:26:31] - https://www.loyhome.com/feed
[2025-12-18 06:38:04] 本次订阅抓取结果统计:
[2025-12-18 06:38:04] 共 28 条RSS, 成功抓取 25 条.
[2025-12-18 06:38:04] ✘ 有 3 条订阅解析失败:
[2025-12-18 06:38:04] - https://tcxx.info/feed
[2025-12-18 06:38:04] - https://tumutanzi.com/feed
[2025-12-18 06:38:04] - https://geekinney.com/index.xml
[2025-12-18 06:38:04] ✘ 有 3 条订阅头像无法访问, 已使用默认头像:
[2025-12-18 06:38:04] - https://oba.by/feed
[2025-12-18 06:38:04] - https://www.loyhome.com/feed
[2025-12-18 06:38:04] - http://feeds.feedburner.com/ruanyifeng
[2025-12-18 07:25:30] 本次订阅抓取结果统计:
[2025-12-18 07:25:30] 共 28 条RSS, 成功抓取 25 条.
[2025-12-18 07:25:30] ✘ 有 3 条订阅解析失败:
[2025-12-18 07:25:30] - https://tumutanzi.com/feed
[2025-12-18 07:25:30] - https://tcxx.info/feed
[2025-12-18 07:25:30] - https://geekinney.com/index.xml
[2025-12-18 07:25:30] ✘ 有 3 条订阅头像无法访问, 已使用默认头像:
[2025-12-18 07:25:30] - https://oba.by/feed
[2025-12-18 07:25:30] - https://www.loyhome.com/feed
[2025-12-18 07:25:30] - http://feeds.feedburner.com/ruanyifeng
[2025-12-18 08:34:14] 本次订阅抓取结果统计:
[2025-12-18 08:34:14] 共 28 条RSS, 成功抓取 25 条.
[2025-12-18 08:34:14] ✘ 有 3 条订阅解析失败:
[2025-12-18 08:34:14] - https://tcxx.info/feed
[2025-12-18 08:34:14] - https://tumutanzi.com/feed
[2025-12-18 08:34:14] - https://geekinney.com/index.xml
[2025-12-18 08:34:14] ✘ 有 3 条订阅头像无法访问, 已使用默认头像:
[2025-12-18 08:34:14] - https://oba.by/feed
[2025-12-18 08:34:14] - http://feeds.feedburner.com/ruanyifeng
[2025-12-18 08:34:14] - https://www.loyhome.com/feed
[2025-12-18 09:30:51] 本次订阅抓取结果统计:
[2025-12-18 09:30:51] 共 28 条RSS, 成功抓取 25 条.
[2025-12-18 09:30:51] ✘ 有 3 条订阅解析失败:
[2025-12-18 09:30:51] - https://tcxx.info/feed
[2025-12-18 09:30:51] - https://tumutanzi.com/feed
[2025-12-18 09:30:51] - https://geekinney.com/index.xml
[2025-12-18 09:30:51] ✘ 有 3 条订阅头像无法访问, 已使用默认头像:
[2025-12-18 09:30:51] - https://oba.by/feed
[2025-12-18 09:30:51] - http://feeds.feedburner.com/ruanyifeng
[2025-12-18 09:30:51] - https://www.loyhome.com/feed
[2025-12-18 10:27:39] 本次订阅抓取结果统计:
[2025-12-18 10:27:39] 共 28 条RSS, 成功抓取 25 条.
[2025-12-18 10:27:39] ✘ 有 3 条订阅解析失败:
[2025-12-18 10:27:39] - https://tcxx.info/feed
[2025-12-18 10:27:39] - https://tumutanzi.com/feed
[2025-12-18 10:27:39] - https://geekinney.com/index.xml
[2025-12-18 10:27:39] ✘ 有 3 条订阅头像无法访问, 已使用默认头像:
[2025-12-18 10:27:39] - https://oba.by/feed
[2025-12-18 10:27:39] - http://feeds.feedburner.com/ruanyifeng
[2025-12-18 10:27:39] - https://www.loyhome.com/feed
[2025-12-18 11:22:32] 本次订阅抓取结果统计:
[2025-12-18 11:22:32] 共 28 条RSS, 成功抓取 25 条.
[2025-12-18 11:22:32] ✘ 有 3 条订阅解析失败:
[2025-12-18 11:22:32] - https://tcxx.info/feed
[2025-12-18 11:22:32] - https://tumutanzi.com/feed
[2025-12-18 11:22:32] - https://geekinney.com/index.xml
[2025-12-18 11:22:32] ✘ 有 3 条订阅头像无法访问, 已使用默认头像:
[2025-12-18 11:22:32] - https://oba.by/feed
[2025-12-18 11:22:32] - http://feeds.feedburner.com/ruanyifeng
[2025-12-18 11:22:32] - https://www.loyhome.com/feed
[2025-12-18 12:50:58] 本次订阅抓取结果统计:
[2025-12-18 12:50:58] 共 28 条RSS, 成功抓取 25 条.
[2025-12-18 12:50:58] ✘ 有 3 条订阅解析失败:
[2025-12-18 12:50:58] - https://tcxx.info/feed
[2025-12-18 12:50:58] - https://tumutanzi.com/feed
[2025-12-18 12:50:58] - https://geekinney.com/index.xml
[2025-12-18 12:50:58] ✘ 有 4 条订阅头像无法访问, 已使用默认头像:
[2025-12-18 12:50:58] - https://oba.by/feed
[2025-12-18 12:50:58] - http://feeds.feedburner.com/ruanyifeng
[2025-12-18 12:50:58] - https://www.loyhome.com/feed
[2025-12-18 12:50:58] - https://xyzbz.cn/feed
[2025-12-18 13:38:30] 本次订阅抓取结果统计:
[2025-12-18 13:38:30] 共 28 条RSS, 成功抓取 25 条.
[2025-12-18 13:38:30] ✘ 有 3 条订阅解析失败:
[2025-12-18 13:38:30] - https://tcxx.info/feed
[2025-12-18 13:38:30] - https://tumutanzi.com/feed
[2025-12-18 13:38:30] - https://geekinney.com/index.xml
[2025-12-18 13:38:30] ✘ 有 3 条订阅头像无法访问, 已使用默认头像:
[2025-12-18 13:38:30] - https://oba.by/feed
[2025-12-18 13:38:30] - http://feeds.feedburner.com/ruanyifeng
[2025-12-18 13:38:30] - https://www.loyhome.com/feed
