[2025-06-24 01:53:33] 本次订阅抓取结果统计:
[2025-06-24 01:53:33] 共 28 条RSS, 成功抓取 26 条.
[2025-06-24 01:53:33] ✘ 有 2 条订阅解析失败:
[2025-06-24 01:53:33] - https://tcxx.info/feed
[2025-06-24 01:53:33] - https://limboy.me/index.xml
[2025-06-24 01:53:33] ✘ 有 2 条订阅头像无法访问, 已使用默认头像:
[2025-06-24 01:53:33] - http://feeds.feedburner.com/ruanyifeng
[2025-06-24 01:53:33] - https://www.loyhome.com/feed
[2025-06-24 03:20:32] 本次订阅抓取结果统计:
[2025-06-24 03:20:32] 共 28 条RSS, 成功抓取 27 条.
[2025-06-24 03:20:32] ✘ 有 1 条订阅解析失败:
[2025-06-24 03:20:32] - https://tcxx.info/feed
[2025-06-24 03:20:32] ✘ 有 2 条订阅头像无法访问, 已使用默认头像:
[2025-06-24 03:20:32] - http://feeds.feedburner.com/ruanyifeng
[2025-06-24 03:20:32] - https://www.loyhome.com/feed
[2025-06-24 04:31:58] 本次订阅抓取结果统计:
[2025-06-24 04:31:58] 共 28 条RSS, 成功抓取 27 条.
[2025-06-24 04:31:58] ✘ 有 1 条订阅解析失败:
[2025-06-24 04:31:58] - https://tcxx.info/feed
[2025-06-24 04:31:58] ✘ 有 2 条订阅头像无法访问, 已使用默认头像:
[2025-06-24 04:31:58] - http://feeds.feedburner.com/ruanyifeng
[2025-06-24 04:31:58] - https://www.loyhome.com/feed
[2025-06-24 05:23:43] 本次订阅抓取结果统计:
[2025-06-24 05:23:43] 共 28 条RSS, 成功抓取 27 条.
[2025-06-24 05:23:43] ✘ 有 1 条订阅解析失败:
[2025-06-24 05:23:43] - https://tcxx.info/feed
[2025-06-24 05:23:43] ✘ 有 2 条订阅头像无法访问, 已使用默认头像:
[2025-06-24 05:23:43] - http://feeds.feedburner.com/ruanyifeng
[2025-06-24 05:23:43] - https://www.loyhome.com/feed
[2025-06-24 06:34:07] 本次订阅抓取结果统计:
[2025-06-24 06:34:07] 共 28 条RSS, 成功抓取 27 条.
[2025-06-24 06:34:07] ✘ 有 1 条订阅解析失败:
[2025-06-24 06:34:07] - https://tcxx.info/feed
[2025-06-24 06:34:07] ✘ 有 2 条订阅头像无法访问, 已使用默认头像:
[2025-06-24 06:34:07] - http://feeds.feedburner.com/ruanyifeng
[2025-06-24 06:34:07] - https://www.loyhome.com/feed
[2025-06-24 07:23:26] 本次订阅抓取结果统计:
[2025-06-24 07:23:26] 共 28 条RSS, 成功抓取 27 条.
[2025-06-24 07:23:26] ✘ 有 1 条订阅解析失败:
[2025-06-24 07:23:26] - https://tcxx.info/feed
[2025-06-24 07:23:26] ✘ 有 2 条订阅头像无法访问, 已使用默认头像:
[2025-06-24 07:23:26] - http://feeds.feedburner.com/ruanyifeng
[2025-06-24 07:23:26] - https://www.loyhome.com/feed
[2025-06-24 08:31:52] 本次订阅抓取结果统计:
[2025-06-24 08:31:52] 共 28 条RSS, 成功抓取 27 条.
[2025-06-24 08:31:52] ✘ 有 1 条订阅解析失败:
[2025-06-24 08:31:52] - https://tcxx.info/feed
[2025-06-24 08:31:52] ✘ 有 2 条订阅头像无法访问, 已使用默认头像:
[2025-06-24 08:31:52] - http://feeds.feedburner.com/ruanyifeng
[2025-06-24 08:31:52] - https://www.loyhome.com/feed
[2025-06-24 09:26:16] 本次订阅抓取结果统计:
[2025-06-24 09:26:16] 共 28 条RSS, 成功抓取 27 条.
[2025-06-24 09:26:16] ✘ 有 1 条订阅解析失败:
[2025-06-24 09:26:16] - https://tcxx.info/feed
[2025-06-24 09:26:16] ✘ 有 2 条订阅头像无法访问, 已使用默认头像:
[2025-06-24 09:26:16] - http://feeds.feedburner.com/ruanyifeng
[2025-06-24 09:26:16] - https://www.loyhome.com/feed
[2025-06-24 10:25:13] 本次订阅抓取结果统计:
[2025-06-24 10:25:13] 共 28 条RSS, 成功抓取 27 条.
[2025-06-24 10:25:13] ✘ 有 1 条订阅解析失败:
[2025-06-24 10:25:13] - https://tcxx.info/feed
[2025-06-24 10:25:13] ✘ 有 2 条订阅头像无法访问, 已使用默认头像:
[2025-06-24 10:25:13] - http://feeds.feedburner.com/ruanyifeng
[2025-06-24 10:25:13] - https://www.loyhome.com/feed
