[2025-09-09 01:42:10] 本次订阅抓取结果统计:
[2025-09-09 01:42:10] 共 28 条RSS, 成功抓取 25 条.
[2025-09-09 01:42:10] ✘ 有 3 条订阅解析失败:
[2025-09-09 01:42:10] - https://tumutanzi.com/feed
[2025-09-09 01:42:10] - https://tcxx.info/feed
[2025-09-09 01:42:10] - https://geekinney.com/index.xml
[2025-09-09 01:42:10] ✘ 有 3 条订阅头像无法访问, 已使用默认头像:
[2025-09-09 01:42:10] - https://hwv430.blogspot.com/feeds/posts/default
[2025-09-09 01:42:10] - http://feeds.feedburner.com/ruanyifeng
[2025-09-09 01:42:10] - https://www.loyhome.com/feed
[2025-09-09 03:02:56] 本次订阅抓取结果统计:
[2025-09-09 03:02:56] 共 28 条RSS, 成功抓取 25 条.
[2025-09-09 03:02:56] ✘ 有 3 条订阅解析失败:
[2025-09-09 03:02:56] - https://tumutanzi.com/feed
[2025-09-09 03:02:56] - https://tcxx.info/feed
[2025-09-09 03:02:56] - https://geekinney.com/index.xml
[2025-09-09 03:02:56] ✘ 有 3 条订阅头像无法访问, 已使用默认头像:
[2025-09-09 03:02:56] - https://hwv430.blogspot.com/feeds/posts/default
[2025-09-09 03:02:56] - http://feeds.feedburner.com/ruanyifeng
[2025-09-09 03:02:56] - https://www.loyhome.com/feed
[2025-09-09 04:26:08] 本次订阅抓取结果统计:
[2025-09-09 04:26:08] 共 28 条RSS, 成功抓取 25 条.
[2025-09-09 04:26:08] ✘ 有 3 条订阅解析失败:
[2025-09-09 04:26:08] - https://tcxx.info/feed
[2025-09-09 04:26:08] - https://tumutanzi.com/feed
[2025-09-09 04:26:08] - https://geekinney.com/index.xml
[2025-09-09 04:26:08] ✘ 有 3 条订阅头像无法访问, 已使用默认头像:
[2025-09-09 04:26:08] - https://hwv430.blogspot.com/feeds/posts/default
[2025-09-09 04:26:08] - https://www.loyhome.com/feed
[2025-09-09 04:26:08] - http://feeds.feedburner.com/ruanyifeng
[2025-09-09 05:20:29] 本次订阅抓取结果统计:
[2025-09-09 05:20:29] 共 28 条RSS, 成功抓取 25 条.
[2025-09-09 05:20:29] ✘ 有 3 条订阅解析失败:
[2025-09-09 05:20:29] - https://tumutanzi.com/feed
[2025-09-09 05:20:29] - https://tcxx.info/feed
[2025-09-09 05:20:29] - https://geekinney.com/index.xml
[2025-09-09 05:20:29] ✘ 有 3 条订阅头像无法访问, 已使用默认头像:
[2025-09-09 05:20:29] - https://hwv430.blogspot.com/feeds/posts/default
[2025-09-09 05:20:29] - http://feeds.feedburner.com/ruanyifeng
[2025-09-09 05:20:29] - https://www.loyhome.com/feed
[2025-09-09 06:32:39] 本次订阅抓取结果统计:
[2025-09-09 06:32:39] 共 28 条RSS, 成功抓取 25 条.
[2025-09-09 06:32:39] ✘ 有 3 条订阅解析失败:
[2025-09-09 06:32:39] - https://tumutanzi.com/feed
[2025-09-09 06:32:39] - https://tcxx.info/feed
[2025-09-09 06:32:39] - https://geekinney.com/index.xml
[2025-09-09 06:32:39] ✘ 有 3 条订阅头像无法访问, 已使用默认头像:
[2025-09-09 06:32:39] - https://hwv430.blogspot.com/feeds/posts/default
[2025-09-09 06:32:39] - http://feeds.feedburner.com/ruanyifeng
[2025-09-09 06:32:39] - https://www.loyhome.com/feed
[2025-09-09 07:21:21] 本次订阅抓取结果统计:
[2025-09-09 07:21:21] 共 28 条RSS, 成功抓取 25 条.
[2025-09-09 07:21:21] ✘ 有 3 条订阅解析失败:
[2025-09-09 07:21:21] - https://tumutanzi.com/feed
[2025-09-09 07:21:21] - https://tcxx.info/feed
[2025-09-09 07:21:21] - https://geekinney.com/index.xml
[2025-09-09 07:21:21] ✘ 有 3 条订阅头像无法访问, 已使用默认头像:
[2025-09-09 07:21:21] - https://hwv430.blogspot.com/feeds/posts/default
[2025-09-09 07:21:21] - http://feeds.feedburner.com/ruanyifeng
[2025-09-09 07:21:21] - https://www.loyhome.com/feed
[2025-09-09 08:29:21] 本次订阅抓取结果统计:
[2025-09-09 08:29:21] 共 28 条RSS, 成功抓取 25 条.
[2025-09-09 08:29:21] ✘ 有 3 条订阅解析失败:
[2025-09-09 08:29:21] - https://tcxx.info/feed
[2025-09-09 08:29:21] - https://tumutanzi.com/feed
[2025-09-09 08:29:21] - https://geekinney.com/index.xml
[2025-09-09 08:29:21] ✘ 有 2 条订阅头像无法访问, 已使用默认头像:
[2025-09-09 08:29:21] - http://feeds.feedburner.com/ruanyifeng
[2025-09-09 08:29:21] - https://www.loyhome.com/feed
[2025-09-09 09:23:56] 本次订阅抓取结果统计:
[2025-09-09 09:23:56] 共 28 条RSS, 成功抓取 25 条.
[2025-09-09 09:23:56] ✘ 有 3 条订阅解析失败:
[2025-09-09 09:23:56] - https://tcxx.info/feed
[2025-09-09 09:23:56] - https://tumutanzi.com/feed
[2025-09-09 09:23:56] - https://geekinney.com/index.xml
[2025-09-09 09:23:56] ✘ 有 3 条订阅头像无法访问, 已使用默认头像:
[2025-09-09 09:23:56] - https://hwv430.blogspot.com/feeds/posts/default
[2025-09-09 09:23:56] - https://www.loyhome.com/feed
[2025-09-09 09:23:56] - http://feeds.feedburner.com/ruanyifeng
[2025-09-09 10:23:04] 本次订阅抓取结果统计:
[2025-09-09 10:23:04] 共 28 条RSS, 成功抓取 25 条.
[2025-09-09 10:23:04] ✘ 有 3 条订阅解析失败:
[2025-09-09 10:23:04] - https://tumutanzi.com/feed
[2025-09-09 10:23:04] - https://tcxx.info/feed
[2025-09-09 10:23:04] - https://geekinney.com/index.xml
[2025-09-09 10:23:04] ✘ 有 2 条订阅头像无法访问, 已使用默认头像:
[2025-09-09 10:23:04] - http://feeds.feedburner.com/ruanyifeng
[2025-09-09 10:23:04] - https://www.loyhome.com/feed
[2025-09-09 11:18:11] 本次订阅抓取结果统计:
[2025-09-09 11:18:11] 共 28 条RSS, 成功抓取 25 条.
[2025-09-09 11:18:11] ✘ 有 3 条订阅解析失败:
[2025-09-09 11:18:11] - https://tcxx.info/feed
[2025-09-09 11:18:11] - https://tumutanzi.com/feed
[2025-09-09 11:18:11] - https://geekinney.com/index.xml
[2025-09-09 11:18:11] ✘ 有 3 条订阅头像无法访问, 已使用默认头像:
[2025-09-09 11:18:11] - https://hwv430.blogspot.com/feeds/posts/default
[2025-09-09 11:18:11] - http://feeds.feedburner.com/ruanyifeng
[2025-09-09 11:18:11] - https://www.loyhome.com/feed
[2025-09-09 12:46:43] 本次订阅抓取结果统计:
[2025-09-09 12:46:43] 共 28 条RSS, 成功抓取 25 条.
[2025-09-09 12:46:43] ✘ 有 3 条订阅解析失败:
[2025-09-09 12:46:43] - https://tumutanzi.com/feed
[2025-09-09 12:46:43] - https://tcxx.info/feed
[2025-09-09 12:46:43] - https://geekinney.com/index.xml
[2025-09-09 12:46:43] ✘ 有 3 条订阅头像无法访问, 已使用默认头像:
[2025-09-09 12:46:43] - https://hwv430.blogspot.com/feeds/posts/default
[2025-09-09 12:46:43] - http://feeds.feedburner.com/ruanyifeng
[2025-09-09 12:46:43] - https://www.loyhome.com/feed
[2025-09-09 13:33:20] 本次订阅抓取结果统计:
[2025-09-09 13:33:20] 共 28 条RSS, 成功抓取 25 条.
[2025-09-09 13:33:20] ✘ 有 3 条订阅解析失败:
[2025-09-09 13:33:20] - https://tumutanzi.com/feed
[2025-09-09 13:33:20] - https://tcxx.info/feed
[2025-09-09 13:33:20] - https://geekinney.com/index.xml
[2025-09-09 13:33:20] ✘ 有 3 条订阅头像无法访问, 已使用默认头像:
[2025-09-09 13:33:20] - https://hwv430.blogspot.com/feeds/posts/default
[2025-09-09 13:33:20] - http://feeds.feedburner.com/ruanyifeng
[2025-09-09 13:33:20] - https://www.loyhome.com/feed
[2025-09-09 14:19:26] 本次订阅抓取结果统计:
[2025-09-09 14:19:26] 共 28 条RSS, 成功抓取 25 条.
[2025-09-09 14:19:26] ✘ 有 3 条订阅解析失败:
[2025-09-09 14:19:26] - https://tcxx.info/feed
[2025-09-09 14:19:26] - https://tumutanzi.com/feed
[2025-09-09 14:19:26] - https://geekinney.com/index.xml
[2025-09-09 14:19:26] ✘ 有 3 条订阅头像无法访问, 已使用默认头像:
[2025-09-09 14:19:26] - https://hwv430.blogspot.com/feeds/posts/default
[2025-09-09 14:19:26] - https://www.loyhome.com/feed
[2025-09-09 14:19:26] - http://feeds.feedburner.com/ruanyifeng
[2025-09-09 15:24:20] 本次订阅抓取结果统计:
[2025-09-09 15:24:20] 共 28 条RSS, 成功抓取 25 条.
[2025-09-09 15:24:20] ✘ 有 3 条订阅解析失败:
[2025-09-09 15:24:20] - https://tcxx.info/feed
[2025-09-09 15:24:20] - https://tumutanzi.com/feed
[2025-09-09 15:24:20] - https://geekinney.com/index.xml
[2025-09-09 15:24:20] ✘ 有 3 条订阅头像无法访问, 已使用默认头像:
[2025-09-09 15:24:20] - https://hwv430.blogspot.com/feeds/posts/default
[2025-09-09 15:24:20] - http://feeds.feedburner.com/ruanyifeng
[2025-09-09 15:24:20] - https://www.loyhome.com/feed
[2025-09-09 16:27:42] 本次订阅抓取结果统计:
[2025-09-09 16:27:42] 共 28 条RSS, 成功抓取 25 条.
[2025-09-09 16:27:42] ✘ 有 3 条订阅解析失败:
[2025-09-09 16:27:42] - https://tcxx.info/feed
[2025-09-09 16:27:42] - https://tumutanzi.com/feed
[2025-09-09 16:27:42] - https://geekinney.com/index.xml
[2025-09-09 16:27:42] ✘ 有 3 条订阅头像无法访问, 已使用默认头像:
[2025-09-09 16:27:42] - https://hwv430.blogspot.com/feeds/posts/default
[2025-09-09 16:27:42] - http://feeds.feedburner.com/ruanyifeng
[2025-09-09 16:27:42] - https://www.loyhome.com/feed
[2025-09-09 17:18:11] 本次订阅抓取结果统计:
[2025-09-09 17:18:11] 共 28 条RSS, 成功抓取 25 条.
[2025-09-09 17:18:11] ✘ 有 3 条订阅解析失败:
[2025-09-09 17:18:11] - https://tumutanzi.com/feed
[2025-09-09 17:18:11] - https://tcxx.info/feed
[2025-09-09 17:18:11] - https://geekinney.com/index.xml
[2025-09-09 17:18:11] ✘ 有 3 条订阅头像无法访问, 已使用默认头像:
[2025-09-09 17:18:11] - https://hwv430.blogspot.com/feeds/posts/default
[2025-09-09 17:18:11] - http://feeds.feedburner.com/ruanyifeng
[2025-09-09 17:18:11] - https://www.loyhome.com/feed
