[2025-10-23 01:43:57] 本次订阅抓取结果统计:
[2025-10-23 01:43:57] 共 28 条RSS, 成功抓取 24 条.
[2025-10-23 01:43:57] ✘ 有 4 条订阅解析失败:
[2025-10-23 01:43:57] - https://tcxx.info/feed
[2025-10-23 01:43:57] - https://tumutanzi.com/feed
[2025-10-23 01:43:57] - https://blog.yanqingshan.com/feed
[2025-10-23 01:43:57] - https://geekinney.com/index.xml
[2025-10-23 01:43:57] ✘ 有 2 条订阅头像无法访问, 已使用默认头像:
[2025-10-23 01:43:57] - https://www.loyhome.com/feed
[2025-10-23 01:43:57] - http://feeds.feedburner.com/ruanyifeng
[2025-10-23 03:05:17] 本次订阅抓取结果统计:
[2025-10-23 03:05:17] 共 28 条RSS, 成功抓取 25 条.
[2025-10-23 03:05:17] ✘ 有 3 条订阅解析失败:
[2025-10-23 03:05:17] - https://tcxx.info/feed
[2025-10-23 03:05:17] - https://tumutanzi.com/feed
[2025-10-23 03:05:17] - https://geekinney.com/index.xml
[2025-10-23 03:05:17] ✘ 有 2 条订阅头像无法访问, 已使用默认头像:
[2025-10-23 03:05:17] - https://www.loyhome.com/feed
[2025-10-23 03:05:17] - http://feeds.feedburner.com/ruanyifeng
[2025-10-23 04:26:06] 本次订阅抓取结果统计:
[2025-10-23 04:26:06] 共 28 条RSS, 成功抓取 25 条.
[2025-10-23 04:26:06] ✘ 有 3 条订阅解析失败:
[2025-10-23 04:26:06] - https://tumutanzi.com/feed
[2025-10-23 04:26:06] - https://tcxx.info/feed
[2025-10-23 04:26:06] - https://geekinney.com/index.xml
[2025-10-23 04:26:06] ✘ 有 2 条订阅头像无法访问, 已使用默认头像:
[2025-10-23 04:26:06] - http://feeds.feedburner.com/ruanyifeng
[2025-10-23 04:26:06] - https://www.loyhome.com/feed
[2025-10-23 05:21:49] 本次订阅抓取结果统计:
[2025-10-23 05:21:49] 共 28 条RSS, 成功抓取 25 条.
[2025-10-23 05:21:49] ✘ 有 3 条订阅解析失败:
[2025-10-23 05:21:49] - https://tumutanzi.com/feed
[2025-10-23 05:21:49] - https://tcxx.info/feed
[2025-10-23 05:21:49] - https://geekinney.com/index.xml
[2025-10-23 05:21:49] ✘ 有 3 条订阅头像无法访问, 已使用默认头像:
[2025-10-23 05:21:49] - http://feeds.feedburner.com/ruanyifeng
[2025-10-23 05:21:49] - https://www.loyhome.com/feed
[2025-10-23 05:21:49] - http://weiwuhui.com/feed
