[2025-10-10 01:41:23] 本次订阅抓取结果统计:
[2025-10-10 01:41:23] 共 28 条RSS, 成功抓取 25 条.
[2025-10-10 01:41:23] ✘ 有 3 条订阅解析失败:
[2025-10-10 01:41:23] - https://tcxx.info/feed
[2025-10-10 01:41:23] - https://tumutanzi.com/feed
[2025-10-10 01:41:23] - https://geekinney.com/index.xml
[2025-10-10 01:41:23] ✘ 有 2 条订阅头像无法访问, 已使用默认头像:
[2025-10-10 01:41:23] - http://feeds.feedburner.com/ruanyifeng
[2025-10-10 01:41:23] - https://www.loyhome.com/feed
[2025-10-10 03:02:32] 本次订阅抓取结果统计:
[2025-10-10 03:02:32] 共 28 条RSS, 成功抓取 25 条.
[2025-10-10 03:02:32] ✘ 有 3 条订阅解析失败:
[2025-10-10 03:02:32] - https://tcxx.info/feed
[2025-10-10 03:02:32] - https://tumutanzi.com/feed
[2025-10-10 03:02:32] - https://geekinney.com/index.xml
[2025-10-10 03:02:32] ✘ 有 2 条订阅头像无法访问, 已使用默认头像:
[2025-10-10 03:02:32] - http://feeds.feedburner.com/ruanyifeng
[2025-10-10 03:02:32] - https://www.loyhome.com/feed
[2025-10-10 04:25:53] 本次订阅抓取结果统计:
[2025-10-10 04:25:53] 共 28 条RSS, 成功抓取 24 条.
[2025-10-10 04:25:53] ✘ 有 4 条订阅解析失败:
[2025-10-10 04:25:53] - https://tcxx.info/feed
[2025-10-10 04:25:53] - https://ihaihe.cn/feed
[2025-10-10 04:25:53] - https://tumutanzi.com/feed
[2025-10-10 04:25:53] - https://geekinney.com/index.xml
[2025-10-10 04:25:53] ✘ 有 2 条订阅头像无法访问, 已使用默认头像:
[2025-10-10 04:25:53] - http://feeds.feedburner.com/ruanyifeng
[2025-10-10 04:25:53] - https://www.loyhome.com/feed
[2025-10-10 05:21:14] 本次订阅抓取结果统计:
[2025-10-10 05:21:14] 共 28 条RSS, 成功抓取 24 条.
[2025-10-10 05:21:14] ✘ 有 4 条订阅解析失败:
[2025-10-10 05:21:14] - https://tumutanzi.com/feed
[2025-10-10 05:21:14] - https://tcxx.info/feed
[2025-10-10 05:21:14] - https://ihaihe.cn/feed
[2025-10-10 05:21:14] - https://geekinney.com/index.xml
[2025-10-10 05:21:14] ✘ 有 2 条订阅头像无法访问, 已使用默认头像:
[2025-10-10 05:21:14] - http://feeds.feedburner.com/ruanyifeng
[2025-10-10 05:21:14] - https://www.loyhome.com/feed
[2025-10-10 06:32:51] 本次订阅抓取结果统计:
[2025-10-10 06:32:51] 共 28 条RSS, 成功抓取 25 条.
[2025-10-10 06:32:51] ✘ 有 3 条订阅解析失败:
[2025-10-10 06:32:51] - https://tumutanzi.com/feed
[2025-10-10 06:32:51] - https://geekinney.com/index.xml
[2025-10-10 06:32:51] - https://tcxx.info/feed
[2025-10-10 06:32:51] ✘ 有 2 条订阅头像无法访问, 已使用默认头像:
[2025-10-10 06:32:51] - http://feeds.feedburner.com/ruanyifeng
[2025-10-10 06:32:51] - https://www.loyhome.com/feed
[2025-10-10 07:20:40] 本次订阅抓取结果统计:
[2025-10-10 07:20:40] 共 28 条RSS, 成功抓取 25 条.
[2025-10-10 07:20:40] ✘ 有 3 条订阅解析失败:
[2025-10-10 07:20:40] - https://tcxx.info/feed
[2025-10-10 07:20:40] - https://tumutanzi.com/feed
[2025-10-10 07:20:40] - https://geekinney.com/index.xml
[2025-10-10 07:20:40] ✘ 有 2 条订阅头像无法访问, 已使用默认头像:
[2025-10-10 07:20:40] - https://www.loyhome.com/feed
[2025-10-10 07:20:40] - http://feeds.feedburner.com/ruanyifeng
[2025-10-10 08:28:28] 本次订阅抓取结果统计:
[2025-10-10 08:28:28] 共 28 条RSS, 成功抓取 25 条.
[2025-10-10 08:28:28] ✘ 有 3 条订阅解析失败:
[2025-10-10 08:28:28] - https://tumutanzi.com/feed
[2025-10-10 08:28:28] - https://tcxx.info/feed
[2025-10-10 08:28:28] - https://geekinney.com/index.xml
[2025-10-10 08:28:28] ✘ 有 2 条订阅头像无法访问, 已使用默认头像:
[2025-10-10 08:28:28] - http://feeds.feedburner.com/ruanyifeng
[2025-10-10 08:28:28] - https://www.loyhome.com/feed
[2025-10-10 09:23:36] 本次订阅抓取结果统计:
[2025-10-10 09:23:36] 共 28 条RSS, 成功抓取 25 条.
[2025-10-10 09:23:36] ✘ 有 3 条订阅解析失败:
[2025-10-10 09:23:36] - https://tumutanzi.com/feed
[2025-10-10 09:23:36] - https://tcxx.info/feed
[2025-10-10 09:23:36] - https://geekinney.com/index.xml
[2025-10-10 09:23:36] ✘ 有 2 条订阅头像无法访问, 已使用默认头像:
[2025-10-10 09:23:36] - http://feeds.feedburner.com/ruanyifeng
[2025-10-10 09:23:36] - https://www.loyhome.com/feed
[2025-10-10 10:23:11] 本次订阅抓取结果统计:
[2025-10-10 10:23:11] 共 28 条RSS, 成功抓取 25 条.
[2025-10-10 10:23:11] ✘ 有 3 条订阅解析失败:
[2025-10-10 10:23:11] - https://tcxx.info/feed
[2025-10-10 10:23:11] - https://tumutanzi.com/feed
[2025-10-10 10:23:11] - https://geekinney.com/index.xml
[2025-10-10 10:23:11] ✘ 有 2 条订阅头像无法访问, 已使用默认头像:
[2025-10-10 10:23:11] - http://feeds.feedburner.com/ruanyifeng
[2025-10-10 10:23:11] - https://www.loyhome.com/feed
[2025-10-10 11:19:21] 本次订阅抓取结果统计:
[2025-10-10 11:19:21] 共 28 条RSS, 成功抓取 25 条.
[2025-10-10 11:19:21] ✘ 有 3 条订阅解析失败:
[2025-10-10 11:19:21] - https://tcxx.info/feed
[2025-10-10 11:19:21] - https://tumutanzi.com/feed
[2025-10-10 11:19:21] - https://geekinney.com/index.xml
[2025-10-10 11:19:21] ✘ 有 3 条订阅头像无法访问, 已使用默认头像:
[2025-10-10 11:19:21] - http://feeds.feedburner.com/ruanyifeng
[2025-10-10 11:19:21] - https://www.loyhome.com/feed
[2025-10-10 11:19:21] - https://hwv430.blogspot.com/feeds/posts/default
[2025-10-10 12:43:45] 本次订阅抓取结果统计:
[2025-10-10 12:43:45] 共 28 条RSS, 成功抓取 25 条.
[2025-10-10 12:43:45] ✘ 有 3 条订阅解析失败:
[2025-10-10 12:43:45] - https://tumutanzi.com/feed
[2025-10-10 12:43:45] - https://tcxx.info/feed
[2025-10-10 12:43:45] - https://geekinney.com/index.xml
[2025-10-10 12:43:45] ✘ 有 2 条订阅头像无法访问, 已使用默认头像:
[2025-10-10 12:43:45] - http://feeds.feedburner.com/ruanyifeng
[2025-10-10 12:43:45] - https://www.loyhome.com/feed
[2025-10-10 13:30:20] 本次订阅抓取结果统计:
[2025-10-10 13:30:20] 共 28 条RSS, 成功抓取 25 条.
[2025-10-10 13:30:20] ✘ 有 3 条订阅解析失败:
[2025-10-10 13:30:20] - https://tcxx.info/feed
[2025-10-10 13:30:20] - https://tumutanzi.com/feed
[2025-10-10 13:30:20] - https://geekinney.com/index.xml
[2025-10-10 13:30:20] ✘ 有 2 条订阅头像无法访问, 已使用默认头像:
[2025-10-10 13:30:20] - http://feeds.feedburner.com/ruanyifeng
[2025-10-10 13:30:20] - https://www.loyhome.com/feed
[2025-10-10 14:21:01] 本次订阅抓取结果统计:
[2025-10-10 14:21:01] 共 28 条RSS, 成功抓取 25 条.
[2025-10-10 14:21:01] ✘ 有 3 条订阅解析失败:
[2025-10-10 14:21:01] - https://tumutanzi.com/feed
[2025-10-10 14:21:01] - https://tcxx.info/feed
[2025-10-10 14:21:01] - https://geekinney.com/index.xml
[2025-10-10 14:21:01] ✘ 有 2 条订阅头像无法访问, 已使用默认头像:
[2025-10-10 14:21:01] - http://feeds.feedburner.com/ruanyifeng
[2025-10-10 14:21:01] - https://www.loyhome.com/feed
[2025-10-10 15:21:30] 本次订阅抓取结果统计:
[2025-10-10 15:21:30] 共 28 条RSS, 成功抓取 25 条.
[2025-10-10 15:21:30] ✘ 有 3 条订阅解析失败:
[2025-10-10 15:21:30] - https://tcxx.info/feed
[2025-10-10 15:21:30] - https://tumutanzi.com/feed
[2025-10-10 15:21:30] - https://geekinney.com/index.xml
[2025-10-10 15:21:30] ✘ 有 2 条订阅头像无法访问, 已使用默认头像:
[2025-10-10 15:21:30] - https://www.loyhome.com/feed
[2025-10-10 15:21:30] - http://feeds.feedburner.com/ruanyifeng
[2025-10-10 16:27:01] 本次订阅抓取结果统计:
[2025-10-10 16:27:01] 共 28 条RSS, 成功抓取 25 条.
[2025-10-10 16:27:01] ✘ 有 3 条订阅解析失败:
[2025-10-10 16:27:01] - https://tcxx.info/feed
[2025-10-10 16:27:01] - https://tumutanzi.com/feed
[2025-10-10 16:27:01] - https://geekinney.com/index.xml
[2025-10-10 16:27:01] ✘ 有 2 条订阅头像无法访问, 已使用默认头像:
[2025-10-10 16:27:01] - http://feeds.feedburner.com/ruanyifeng
[2025-10-10 16:27:01] - https://www.loyhome.com/feed
[2025-10-10 17:18:47] 本次订阅抓取结果统计:
[2025-10-10 17:18:47] 共 28 条RSS, 成功抓取 25 条.
[2025-10-10 17:18:47] ✘ 有 3 条订阅解析失败:
[2025-10-10 17:18:47] - https://tumutanzi.com/feed
[2025-10-10 17:18:47] - https://tcxx.info/feed
[2025-10-10 17:18:47] - https://geekinney.com/index.xml
[2025-10-10 17:18:47] ✘ 有 2 条订阅头像无法访问, 已使用默认头像:
[2025-10-10 17:18:47] - http://feeds.feedburner.com/ruanyifeng
[2025-10-10 17:18:47] - https://www.loyhome.com/feed
[2025-10-10 18:30:29] 本次订阅抓取结果统计:
[2025-10-10 18:30:29] 共 28 条RSS, 成功抓取 25 条.
[2025-10-10 18:30:29] ✘ 有 3 条订阅解析失败:
[2025-10-10 18:30:29] - https://tumutanzi.com/feed
[2025-10-10 18:30:29] - https://tcxx.info/feed
[2025-10-10 18:30:29] - https://geekinney.com/index.xml
[2025-10-10 18:30:29] ✘ 有 2 条订阅头像无法访问, 已使用默认头像:
[2025-10-10 18:30:29] - http://feeds.feedburner.com/ruanyifeng
[2025-10-10 18:30:29] - https://www.loyhome.com/feed
[2025-10-10 19:17:10] 本次订阅抓取结果统计:
[2025-10-10 19:17:10] 共 28 条RSS, 成功抓取 25 条.
[2025-10-10 19:17:10] ✘ 有 3 条订阅解析失败:
[2025-10-10 19:17:10] - https://tumutanzi.com/feed
[2025-10-10 19:17:10] - https://tcxx.info/feed
[2025-10-10 19:17:10] - https://geekinney.com/index.xml
[2025-10-10 19:17:10] ✘ 有 2 条订阅头像无法访问, 已使用默认头像:
[2025-10-10 19:17:10] - http://feeds.feedburner.com/ruanyifeng
[2025-10-10 19:17:10] - https://www.loyhome.com/feed
[2025-10-10 20:22:56] 本次订阅抓取结果统计:
[2025-10-10 20:22:56] 共 28 条RSS, 成功抓取 25 条.
[2025-10-10 20:22:56] ✘ 有 3 条订阅解析失败:
[2025-10-10 20:22:56] - https://tcxx.info/feed
[2025-10-10 20:22:56] - https://tumutanzi.com/feed
[2025-10-10 20:22:56] - https://geekinney.com/index.xml
[2025-10-10 20:22:56] ✘ 有 2 条订阅头像无法访问, 已使用默认头像:
[2025-10-10 20:22:56] - http://feeds.feedburner.com/ruanyifeng
[2025-10-10 20:22:56] - https://www.loyhome.com/feed
