[2025-03-22 03:03:08] 本次订阅抓取结果统计:
[2025-03-22 03:03:08] 共 28 条RSS, 成功抓取 26 条.
[2025-03-22 03:03:08] ✘ 有 2 条订阅解析失败:
[2025-03-22 03:03:08] - https://tcxx.info/feed
[2025-03-22 03:03:08] - https://geekinney.com/index.xml
[2025-03-22 03:03:08] ✘ 有 2 条订阅头像无法访问, 已使用默认头像:
[2025-03-22 03:03:08] - http://feeds.feedburner.com/ruanyifeng
[2025-03-22 03:03:08] - https://www.loyhome.com/feed
[2025-03-22 04:41:26] 本次订阅抓取结果统计:
[2025-03-22 04:41:26] 共 28 条RSS, 成功抓取 26 条.
[2025-03-22 04:41:26] ✘ 有 2 条订阅解析失败:
[2025-03-22 04:41:26] - https://geekinney.com/index.xml
[2025-03-22 04:41:26] - https://tcxx.info/feed
[2025-03-22 04:41:26] ✘ 有 2 条订阅头像无法访问, 已使用默认头像:
[2025-03-22 04:41:26] - http://feeds.feedburner.com/ruanyifeng
[2025-03-22 04:41:26] - https://www.loyhome.com/feed
[2025-03-22 05:34:32] 本次订阅抓取结果统计:
[2025-03-22 05:34:32] 共 28 条RSS, 成功抓取 26 条.
[2025-03-22 05:34:32] ✘ 有 2 条订阅解析失败:
[2025-03-22 05:34:32] - https://tcxx.info/feed
[2025-03-22 05:34:32] - https://geekinney.com/index.xml
[2025-03-22 05:34:32] ✘ 有 2 条订阅头像无法访问, 已使用默认头像:
[2025-03-22 05:34:32] - https://www.loyhome.com/feed
[2025-03-22 05:34:32] - http://feeds.feedburner.com/ruanyifeng
[2025-03-22 06:41:57] 本次订阅抓取结果统计:
[2025-03-22 06:41:57] 共 28 条RSS, 成功抓取 26 条.
[2025-03-22 06:41:57] ✘ 有 2 条订阅解析失败:
[2025-03-22 06:41:57] - https://tcxx.info/feed
[2025-03-22 06:41:57] - https://geekinney.com/index.xml
[2025-03-22 06:41:57] ✘ 有 2 条订阅头像无法访问, 已使用默认头像:
[2025-03-22 06:41:57] - http://feeds.feedburner.com/ruanyifeng
[2025-03-22 06:41:57] - https://www.loyhome.com/feed
[2025-03-22 07:28:27] 本次订阅抓取结果统计:
[2025-03-22 07:28:27] 共 28 条RSS, 成功抓取 26 条.
[2025-03-22 07:28:27] ✘ 有 2 条订阅解析失败:
[2025-03-22 07:28:27] - https://tcxx.info/feed
[2025-03-22 07:28:27] - https://geekinney.com/index.xml
[2025-03-22 07:28:27] ✘ 有 2 条订阅头像无法访问, 已使用默认头像:
[2025-03-22 07:28:27] - http://feeds.feedburner.com/ruanyifeng
[2025-03-22 07:28:27] - https://www.loyhome.com/feed
