[2025-05-16 01:49:22] 本次订阅抓取结果统计:
[2025-05-16 01:49:22] 共 28 条RSS, 成功抓取 27 条.
[2025-05-16 01:49:22] ✘ 有 1 条订阅解析失败:
[2025-05-16 01:49:22] - https://tcxx.info/feed
[2025-05-16 01:49:22] ✘ 有 2 条订阅头像无法访问, 已使用默认头像:
[2025-05-16 01:49:22] - http://feeds.feedburner.com/ruanyifeng
[2025-05-16 01:49:22] - https://www.loyhome.com/feed
[2025-05-16 03:14:41] 本次订阅抓取结果统计:
[2025-05-16 03:14:41] 共 28 条RSS, 成功抓取 27 条.
[2025-05-16 03:14:41] ✘ 有 1 条订阅解析失败:
[2025-05-16 03:14:41] - https://tcxx.info/feed
[2025-05-16 03:14:41] ✘ 有 2 条订阅头像无法访问, 已使用默认头像:
[2025-05-16 03:14:41] - http://feeds.feedburner.com/ruanyifeng
[2025-05-16 03:14:41] - https://www.loyhome.com/feed
[2025-05-16 04:28:15] 本次订阅抓取结果统计:
[2025-05-16 04:28:15] 共 28 条RSS, 成功抓取 27 条.
[2025-05-16 04:28:15] ✘ 有 1 条订阅解析失败:
[2025-05-16 04:28:15] - https://tcxx.info/feed
[2025-05-16 04:28:15] ✘ 有 2 条订阅头像无法访问, 已使用默认头像:
[2025-05-16 04:28:15] - https://www.loyhome.com/feed
[2025-05-16 04:28:15] - http://feeds.feedburner.com/ruanyifeng
[2025-05-16 05:22:11] 本次订阅抓取结果统计:
[2025-05-16 05:22:11] 共 28 条RSS, 成功抓取 27 条.
[2025-05-16 05:22:11] ✘ 有 1 条订阅解析失败:
[2025-05-16 05:22:11] - https://tcxx.info/feed
[2025-05-16 05:22:11] ✘ 有 2 条订阅头像无法访问, 已使用默认头像:
[2025-05-16 05:22:11] - http://feeds.feedburner.com/ruanyifeng
[2025-05-16 05:22:11] - https://www.loyhome.com/feed
[2025-05-16 06:32:02] 本次订阅抓取结果统计:
[2025-05-16 06:32:02] 共 28 条RSS, 成功抓取 27 条.
[2025-05-16 06:32:02] ✘ 有 1 条订阅解析失败:
[2025-05-16 06:32:02] - https://tcxx.info/feed
[2025-05-16 06:32:02] ✘ 有 2 条订阅头像无法访问, 已使用默认头像:
[2025-05-16 06:32:02] - http://feeds.feedburner.com/ruanyifeng
[2025-05-16 06:32:02] - https://www.loyhome.com/feed
