[2025-11-29 01:46:44] 本次订阅抓取结果统计:
[2025-11-29 01:46:44] 共 28 条RSS, 成功抓取 25 条.
[2025-11-29 01:46:44] ✘ 有 3 条订阅解析失败:
[2025-11-29 01:46:44] - https://tcxx.info/feed
[2025-11-29 01:46:44] - https://tumutanzi.com/feed
[2025-11-29 01:46:44] - https://geekinney.com/index.xml
[2025-11-29 01:46:44] ✘ 有 2 条订阅头像无法访问, 已使用默认头像:
[2025-11-29 01:46:44] - http://feeds.feedburner.com/ruanyifeng
[2025-11-29 01:46:44] - https://www.loyhome.com/feed
[2025-11-29 03:14:22] 本次订阅抓取结果统计:
[2025-11-29 03:14:22] 共 28 条RSS, 成功抓取 24 条.
[2025-11-29 03:14:22] ✘ 有 4 条订阅解析失败:
[2025-11-29 03:14:22] - https://tcxx.info/feed
[2025-11-29 03:14:22] - https://tumutanzi.com/feed
[2025-11-29 03:14:22] - https://geekinney.com/index.xml
[2025-11-29 03:14:22] - https://wangpei.net/feed
[2025-11-29 03:14:22] ✘ 有 2 条订阅头像无法访问, 已使用默认头像:
[2025-11-29 03:14:22] - http://feeds.feedburner.com/ruanyifeng
[2025-11-29 03:14:22] - https://www.loyhome.com/feed
[2025-11-29 04:27:29] 本次订阅抓取结果统计:
[2025-11-29 04:27:29] 共 28 条RSS, 成功抓取 25 条.
[2025-11-29 04:27:29] ✘ 有 3 条订阅解析失败:
[2025-11-29 04:27:29] - https://tcxx.info/feed
[2025-11-29 04:27:29] - https://tumutanzi.com/feed
[2025-11-29 04:27:29] - https://geekinney.com/index.xml
[2025-11-29 04:27:29] ✘ 有 2 条订阅头像无法访问, 已使用默认头像:
[2025-11-29 04:27:29] - http://feeds.feedburner.com/ruanyifeng
[2025-11-29 04:27:29] - https://www.loyhome.com/feed
[2025-11-29 05:22:30] 本次订阅抓取结果统计:
[2025-11-29 05:22:30] 共 28 条RSS, 成功抓取 25 条.
[2025-11-29 05:22:30] ✘ 有 3 条订阅解析失败:
[2025-11-29 05:22:30] - https://tcxx.info/feed
[2025-11-29 05:22:30] - https://tumutanzi.com/feed
[2025-11-29 05:22:30] - https://geekinney.com/index.xml
[2025-11-29 05:22:30] ✘ 有 2 条订阅头像无法访问, 已使用默认头像:
[2025-11-29 05:22:30] - http://feeds.feedburner.com/ruanyifeng
[2025-11-29 05:22:30] - https://www.loyhome.com/feed
[2025-11-29 06:33:16] 本次订阅抓取结果统计:
[2025-11-29 06:33:16] 共 28 条RSS, 成功抓取 25 条.
[2025-11-29 06:33:16] ✘ 有 3 条订阅解析失败:
[2025-11-29 06:33:16] - https://tcxx.info/feed
[2025-11-29 06:33:16] - https://tumutanzi.com/feed
[2025-11-29 06:33:16] - https://geekinney.com/index.xml
[2025-11-29 06:33:16] ✘ 有 2 条订阅头像无法访问, 已使用默认头像:
[2025-11-29 06:33:16] - http://feeds.feedburner.com/ruanyifeng
[2025-11-29 06:33:16] - https://www.loyhome.com/feed
