[2025-03-26 03:07:18] 本次订阅抓取结果统计:
[2025-03-26 03:07:18] 共 28 条RSS, 成功抓取 26 条.
[2025-03-26 03:07:18] ✘ 有 2 条订阅解析失败:
[2025-03-26 03:07:18] - https://tcxx.info/feed
[2025-03-26 03:07:18] - https://geekinney.com/index.xml
[2025-03-26 03:07:18] ✘ 有 2 条订阅头像无法访问, 已使用默认头像:
[2025-03-26 03:07:18] - https://www.loyhome.com/feed
[2025-03-26 03:07:18] - http://feeds.feedburner.com/ruanyifeng
[2025-03-26 04:39:55] 本次订阅抓取结果统计:
[2025-03-26 04:39:55] 共 28 条RSS, 成功抓取 26 条.
[2025-03-26 04:39:55] ✘ 有 2 条订阅解析失败:
[2025-03-26 04:39:55] - https://tcxx.info/feed
[2025-03-26 04:39:55] - https://geekinney.com/index.xml
[2025-03-26 04:39:55] ✘ 有 2 条订阅头像无法访问, 已使用默认头像:
[2025-03-26 04:39:55] - http://feeds.feedburner.com/ruanyifeng
[2025-03-26 04:39:55] - https://www.loyhome.com/feed
[2025-03-26 05:37:28] 本次订阅抓取结果统计:
[2025-03-26 05:37:28] 共 28 条RSS, 成功抓取 26 条.
[2025-03-26 05:37:28] ✘ 有 2 条订阅解析失败:
[2025-03-26 05:37:28] - https://tcxx.info/feed
[2025-03-26 05:37:28] - https://geekinney.com/index.xml
[2025-03-26 05:37:28] ✘ 有 2 条订阅头像无法访问, 已使用默认头像:
[2025-03-26 05:37:28] - http://feeds.feedburner.com/ruanyifeng
[2025-03-26 05:37:28] - https://www.loyhome.com/feed
[2025-03-26 06:47:56] 本次订阅抓取结果统计:
[2025-03-26 06:47:56] 共 28 条RSS, 成功抓取 26 条.
[2025-03-26 06:47:56] ✘ 有 2 条订阅解析失败:
[2025-03-26 06:47:56] - https://tcxx.info/feed
[2025-03-26 06:47:56] - https://geekinney.com/index.xml
[2025-03-26 06:47:56] ✘ 有 2 条订阅头像无法访问, 已使用默认头像:
[2025-03-26 06:47:56] - http://feeds.feedburner.com/ruanyifeng
[2025-03-26 06:47:56] - https://www.loyhome.com/feed
