[2025-04-07 03:12:45] 本次订阅抓取结果统计:
[2025-04-07 03:12:45] 共 28 条RSS, 成功抓取 26 条.
[2025-04-07 03:12:45] ✘ 有 2 条订阅解析失败:
[2025-04-07 03:12:45] - https://tcxx.info/feed
[2025-04-07 03:12:45] - https://geekinney.com/index.xml
[2025-04-07 03:12:45] ✘ 有 2 条订阅头像无法访问, 已使用默认头像:
[2025-04-07 03:12:45] - https://www.loyhome.com/feed
[2025-04-07 03:12:45] - http://feeds.feedburner.com/ruanyifeng
[2025-04-07 04:41:32] 本次订阅抓取结果统计:
[2025-04-07 04:41:32] 共 28 条RSS, 成功抓取 27 条.
[2025-04-07 04:41:32] ✘ 有 1 条订阅解析失败:
[2025-04-07 04:41:32] - https://geekinney.com/index.xml
[2025-04-07 04:41:32] ✘ 有 3 条订阅头像无法访问, 已使用默认头像:
[2025-04-07 04:41:32] - http://feeds.feedburner.com/ruanyifeng
[2025-04-07 04:41:32] - https://www.loyhome.com/feed
[2025-04-07 04:41:32] - https://tcxx.info/feed
[2025-04-07 05:38:56] 本次订阅抓取结果统计:
[2025-04-07 05:38:56] 共 28 条RSS, 成功抓取 26 条.
[2025-04-07 05:38:56] ✘ 有 2 条订阅解析失败:
[2025-04-07 05:38:56] - https://tcxx.info/feed
[2025-04-07 05:38:56] - https://geekinney.com/index.xml
[2025-04-07 05:38:56] ✘ 有 2 条订阅头像无法访问, 已使用默认头像:
[2025-04-07 05:38:56] - http://feeds.feedburner.com/ruanyifeng
[2025-04-07 05:38:56] - https://www.loyhome.com/feed
[2025-04-07 06:50:05] 本次订阅抓取结果统计:
[2025-04-07 06:50:05] 共 28 条RSS, 成功抓取 27 条.
[2025-04-07 06:50:05] ✘ 有 1 条订阅解析失败:
[2025-04-07 06:50:05] - https://geekinney.com/index.xml
[2025-04-07 06:50:05] ✘ 有 3 条订阅头像无法访问, 已使用默认头像:
[2025-04-07 06:50:05] - https://tcxx.info/feed
[2025-04-07 06:50:05] - http://feeds.feedburner.com/ruanyifeng
[2025-04-07 06:50:05] - https://www.loyhome.com/feed
[2025-04-07 07:32:42] 本次订阅抓取结果统计:
[2025-04-07 07:32:42] 共 28 条RSS, 成功抓取 27 条.
[2025-04-07 07:32:42] ✘ 有 1 条订阅解析失败:
[2025-04-07 07:32:42] - https://geekinney.com/index.xml
[2025-04-07 07:32:42] ✘ 有 3 条订阅头像无法访问, 已使用默认头像:
[2025-04-07 07:32:42] - http://feeds.feedburner.com/ruanyifeng
[2025-04-07 07:32:42] - https://www.loyhome.com/feed
[2025-04-07 07:32:42] - https://tcxx.info/feed
[2025-04-07 08:48:23] 本次订阅抓取结果统计:
[2025-04-07 08:48:23] 共 28 条RSS, 成功抓取 27 条.
[2025-04-07 08:48:23] ✘ 有 1 条订阅解析失败:
[2025-04-07 08:48:23] - https://geekinney.com/index.xml
[2025-04-07 08:48:23] ✘ 有 2 条订阅头像无法访问, 已使用默认头像:
[2025-04-07 08:48:23] - http://feeds.feedburner.com/ruanyifeng
[2025-04-07 08:48:23] - https://www.loyhome.com/feed
