[2025-12-03 01:51:22] 本次订阅抓取结果统计:
[2025-12-03 01:51:22] 共 28 条RSS, 成功抓取 25 条.
[2025-12-03 01:51:22] ✘ 有 3 条订阅解析失败:
[2025-12-03 01:51:22] - https://tcxx.info/feed
[2025-12-03 01:51:22] - https://tumutanzi.com/feed
[2025-12-03 01:51:22] - https://geekinney.com/index.xml
[2025-12-03 01:51:22] ✘ 有 2 条订阅头像无法访问, 已使用默认头像:
[2025-12-03 01:51:22] - http://feeds.feedburner.com/ruanyifeng
[2025-12-03 01:51:22] - https://www.loyhome.com/feed
[2025-12-03 03:20:24] 本次订阅抓取结果统计:
[2025-12-03 03:20:24] 共 28 条RSS, 成功抓取 25 条.
[2025-12-03 03:20:24] ✘ 有 3 条订阅解析失败:
[2025-12-03 03:20:24] - https://tcxx.info/feed
[2025-12-03 03:20:24] - https://tumutanzi.com/feed
[2025-12-03 03:20:24] - https://geekinney.com/index.xml
[2025-12-03 03:20:24] ✘ 有 3 条订阅头像无法访问, 已使用默认头像:
[2025-12-03 03:20:24] - http://feeds.feedburner.com/ruanyifeng
[2025-12-03 03:20:24] - https://www.loyhome.com/feed
[2025-12-03 03:20:24] - http://feeds.kenengba.com/kenengbarss
[2025-12-03 04:31:52] 本次订阅抓取结果统计:
[2025-12-03 04:31:52] 共 28 条RSS, 成功抓取 25 条.
[2025-12-03 04:31:52] ✘ 有 3 条订阅解析失败:
[2025-12-03 04:31:52] - https://tcxx.info/feed
[2025-12-03 04:31:52] - https://tumutanzi.com/feed
[2025-12-03 04:31:52] - https://geekinney.com/index.xml
[2025-12-03 04:31:52] ✘ 有 2 条订阅头像无法访问, 已使用默认头像:
[2025-12-03 04:31:52] - https://www.loyhome.com/feed
[2025-12-03 04:31:52] - http://feeds.feedburner.com/ruanyifeng
[2025-12-03 05:22:57] 本次订阅抓取结果统计:
[2025-12-03 05:22:57] 共 28 条RSS, 成功抓取 25 条.
[2025-12-03 05:22:57] ✘ 有 3 条订阅解析失败:
[2025-12-03 05:22:57] - https://tumutanzi.com/feed
[2025-12-03 05:22:57] - https://tcxx.info/feed
[2025-12-03 05:22:57] - https://geekinney.com/index.xml
[2025-12-03 05:22:57] ✘ 有 2 条订阅头像无法访问, 已使用默认头像:
[2025-12-03 05:22:57] - http://feeds.feedburner.com/ruanyifeng
[2025-12-03 05:22:57] - https://www.loyhome.com/feed
[2025-12-03 06:36:43] 本次订阅抓取结果统计:
[2025-12-03 06:36:43] 共 28 条RSS, 成功抓取 25 条.
[2025-12-03 06:36:43] ✘ 有 3 条订阅解析失败:
[2025-12-03 06:36:43] - https://tcxx.info/feed
[2025-12-03 06:36:43] - https://tumutanzi.com/feed
[2025-12-03 06:36:43] - https://geekinney.com/index.xml
[2025-12-03 06:36:43] ✘ 有 2 条订阅头像无法访问, 已使用默认头像:
[2025-12-03 06:36:43] - http://feeds.feedburner.com/ruanyifeng
[2025-12-03 06:36:43] - https://www.loyhome.com/feed
[2025-12-03 07:24:39] 本次订阅抓取结果统计:
[2025-12-03 07:24:39] 共 28 条RSS, 成功抓取 25 条.
[2025-12-03 07:24:39] ✘ 有 3 条订阅解析失败:
[2025-12-03 07:24:39] - https://tumutanzi.com/feed
[2025-12-03 07:24:39] - https://tcxx.info/feed
[2025-12-03 07:24:39] - https://geekinney.com/index.xml
[2025-12-03 07:24:39] ✘ 有 2 条订阅头像无法访问, 已使用默认头像:
[2025-12-03 07:24:39] - http://feeds.feedburner.com/ruanyifeng
[2025-12-03 07:24:39] - https://www.loyhome.com/feed
[2025-12-03 08:33:32] 本次订阅抓取结果统计:
[2025-12-03 08:33:32] 共 28 条RSS, 成功抓取 24 条.
[2025-12-03 08:33:32] ✘ 有 4 条订阅解析失败:
[2025-12-03 08:33:32] - https://tcxx.info/feed
[2025-12-03 08:33:32] - https://tumutanzi.com/feed
[2025-12-03 08:33:32] - https://geekinney.com/index.xml
[2025-12-03 08:33:32] - https://wangpei.net/feed
[2025-12-03 08:33:32] ✘ 有 2 条订阅头像无法访问, 已使用默认头像:
[2025-12-03 08:33:32] - http://feeds.feedburner.com/ruanyifeng
[2025-12-03 08:33:32] - https://www.loyhome.com/feed
[2025-12-03 09:28:52] 本次订阅抓取结果统计:
[2025-12-03 09:28:52] 共 28 条RSS, 成功抓取 23 条.
[2025-12-03 09:28:52] ✘ 有 5 条订阅解析失败:
[2025-12-03 09:28:52] - https://tcxx.info/feed
[2025-12-03 09:28:52] - https://tumutanzi.com/feed
[2025-12-03 09:28:52] - https://geekinney.com/index.xml
[2025-12-03 09:28:52] - https://blog.fooleap.org/atom.xml
[2025-12-03 09:28:52] - https://blog.zhheo.com/rss.xml
[2025-12-03 09:28:52] ✘ 有 2 条订阅头像无法访问, 已使用默认头像:
[2025-12-03 09:28:52] - http://feeds.feedburner.com/ruanyifeng
[2025-12-03 09:28:52] - https://www.loyhome.com/feed
