[2025-10-04 01:28:12] 本次订阅抓取结果统计:
[2025-10-04 01:28:12] 共 28 条RSS, 成功抓取 24 条.
[2025-10-04 01:28:12] ✘ 有 4 条订阅解析失败:
[2025-10-04 01:28:12] - https://blog.ursb.me/feed.xml
[2025-10-04 01:28:12] - https://tcxx.info/feed
[2025-10-04 01:28:12] - https://tumutanzi.com/feed
[2025-10-04 01:28:12] - https://geekinney.com/index.xml
[2025-10-04 01:28:12] ✘ 有 2 条订阅头像无法访问, 已使用默认头像:
[2025-10-04 01:28:12] - http://feeds.feedburner.com/ruanyifeng
[2025-10-04 01:28:12] - https://www.loyhome.com/feed
[2025-10-04 02:52:45] 本次订阅抓取结果统计:
[2025-10-04 02:52:45] 共 28 条RSS, 成功抓取 24 条.
[2025-10-04 02:52:45] ✘ 有 4 条订阅解析失败:
[2025-10-04 02:52:45] - https://tcxx.info/feed
[2025-10-04 02:52:45] - https://blog.ursb.me/feed.xml
[2025-10-04 02:52:45] - https://tumutanzi.com/feed
[2025-10-04 02:52:45] - https://geekinney.com/index.xml
[2025-10-04 02:52:45] ✘ 有 2 条订阅头像无法访问, 已使用默认头像:
[2025-10-04 02:52:45] - https://www.loyhome.com/feed
[2025-10-04 02:52:45] - http://feeds.feedburner.com/ruanyifeng
[2025-10-04 03:26:24] 本次订阅抓取结果统计:
[2025-10-04 03:26:24] 共 28 条RSS, 成功抓取 24 条.
[2025-10-04 03:26:24] ✘ 有 4 条订阅解析失败:
[2025-10-04 03:26:24] - https://blog.ursb.me/feed.xml
[2025-10-04 03:26:24] - https://tcxx.info/feed
[2025-10-04 03:26:24] - https://tumutanzi.com/feed
[2025-10-04 03:26:24] - https://geekinney.com/index.xml
[2025-10-04 03:26:24] ✘ 有 2 条订阅头像无法访问, 已使用默认头像:
[2025-10-04 03:26:24] - https://www.loyhome.com/feed
[2025-10-04 03:26:24] - http://feeds.feedburner.com/ruanyifeng
[2025-10-04 04:24:07] 本次订阅抓取结果统计:
[2025-10-04 04:24:07] 共 28 条RSS, 成功抓取 24 条.
[2025-10-04 04:24:07] ✘ 有 4 条订阅解析失败:
[2025-10-04 04:24:07] - https://blog.ursb.me/feed.xml
[2025-10-04 04:24:07] - https://tcxx.info/feed
[2025-10-04 04:24:07] - https://tumutanzi.com/feed
[2025-10-04 04:24:07] - https://geekinney.com/index.xml
[2025-10-04 04:24:07] ✘ 有 3 条订阅头像无法访问, 已使用默认头像:
[2025-10-04 04:24:07] - http://feeds.feedburner.com/ruanyifeng
[2025-10-04 04:24:07] - https://www.loyhome.com/feed
[2025-10-04 04:24:07] - https://xyzbz.cn/feed
[2025-10-04 05:19:14] 本次订阅抓取结果统计:
[2025-10-04 05:19:14] 共 28 条RSS, 成功抓取 24 条.
[2025-10-04 05:19:14] ✘ 有 4 条订阅解析失败:
[2025-10-04 05:19:14] - https://blog.ursb.me/feed.xml
[2025-10-04 05:19:14] - https://tcxx.info/feed
[2025-10-04 05:19:14] - https://tumutanzi.com/feed
[2025-10-04 05:19:14] - https://geekinney.com/index.xml
[2025-10-04 05:19:14] ✘ 有 2 条订阅头像无法访问, 已使用默认头像:
[2025-10-04 05:19:14] - https://www.loyhome.com/feed
[2025-10-04 05:19:14] - http://feeds.feedburner.com/ruanyifeng
[2025-10-04 06:28:43] 本次订阅抓取结果统计:
[2025-10-04 06:28:43] 共 28 条RSS, 成功抓取 24 条.
[2025-10-04 06:28:43] ✘ 有 4 条订阅解析失败:
[2025-10-04 06:28:43] - https://blog.ursb.me/feed.xml
[2025-10-04 06:28:43] - https://tcxx.info/feed
[2025-10-04 06:28:43] - https://tumutanzi.com/feed
[2025-10-04 06:28:43] - https://geekinney.com/index.xml
[2025-10-04 06:28:43] ✘ 有 2 条订阅头像无法访问, 已使用默认头像:
[2025-10-04 06:28:43] - http://feeds.feedburner.com/ruanyifeng
[2025-10-04 06:28:43] - https://www.loyhome.com/feed
[2025-10-04 07:17:43] 本次订阅抓取结果统计:
[2025-10-04 07:17:43] 共 28 条RSS, 成功抓取 24 条.
[2025-10-04 07:17:43] ✘ 有 4 条订阅解析失败:
[2025-10-04 07:17:43] - https://blog.ursb.me/feed.xml
[2025-10-04 07:17:43] - https://tcxx.info/feed
[2025-10-04 07:17:43] - https://tumutanzi.com/feed
[2025-10-04 07:17:43] - https://geekinney.com/index.xml
[2025-10-04 07:17:43] ✘ 有 2 条订阅头像无法访问, 已使用默认头像:
[2025-10-04 07:17:43] - http://feeds.feedburner.com/ruanyifeng
[2025-10-04 07:17:43] - https://www.loyhome.com/feed
[2025-10-04 08:24:19] 本次订阅抓取结果统计:
[2025-10-04 08:24:19] 共 28 条RSS, 成功抓取 24 条.
[2025-10-04 08:24:19] ✘ 有 4 条订阅解析失败:
[2025-10-04 08:24:19] - https://blog.ursb.me/feed.xml
[2025-10-04 08:24:19] - https://tumutanzi.com/feed
[2025-10-04 08:24:19] - https://tcxx.info/feed
[2025-10-04 08:24:19] - https://geekinney.com/index.xml
[2025-10-04 08:24:19] ✘ 有 2 条订阅头像无法访问, 已使用默认头像:
[2025-10-04 08:24:19] - https://www.loyhome.com/feed
[2025-10-04 08:24:19] - http://feeds.feedburner.com/ruanyifeng
[2025-10-04 09:19:02] 本次订阅抓取结果统计:
[2025-10-04 09:19:02] 共 28 条RSS, 成功抓取 24 条.
[2025-10-04 09:19:02] ✘ 有 4 条订阅解析失败:
[2025-10-04 09:19:02] - https://blog.ursb.me/feed.xml
[2025-10-04 09:19:02] - https://tcxx.info/feed
[2025-10-04 09:19:02] - https://tumutanzi.com/feed
[2025-10-04 09:19:02] - https://geekinney.com/index.xml
[2025-10-04 09:19:02] ✘ 有 2 条订阅头像无法访问, 已使用默认头像:
[2025-10-04 09:19:02] - http://feeds.feedburner.com/ruanyifeng
[2025-10-04 09:19:02] - https://www.loyhome.com/feed
[2025-10-04 10:19:22] 本次订阅抓取结果统计:
[2025-10-04 10:19:22] 共 28 条RSS, 成功抓取 24 条.
[2025-10-04 10:19:22] ✘ 有 4 条订阅解析失败:
[2025-10-04 10:19:22] - https://blog.ursb.me/feed.xml
[2025-10-04 10:19:22] - https://tcxx.info/feed
[2025-10-04 10:19:22] - https://tumutanzi.com/feed
[2025-10-04 10:19:22] - https://geekinney.com/index.xml
[2025-10-04 10:19:22] ✘ 有 2 条订阅头像无法访问, 已使用默认头像:
[2025-10-04 10:19:22] - https://www.loyhome.com/feed
[2025-10-04 10:19:22] - http://feeds.feedburner.com/ruanyifeng
[2025-10-04 11:15:11] 本次订阅抓取结果统计:
[2025-10-04 11:15:11] 共 28 条RSS, 成功抓取 24 条.
[2025-10-04 11:15:11] ✘ 有 4 条订阅解析失败:
[2025-10-04 11:15:11] - https://blog.ursb.me/feed.xml
[2025-10-04 11:15:11] - https://tcxx.info/feed
[2025-10-04 11:15:11] - https://tumutanzi.com/feed
[2025-10-04 11:15:11] - https://geekinney.com/index.xml
[2025-10-04 11:15:11] ✘ 有 2 条订阅头像无法访问, 已使用默认头像:
[2025-10-04 11:15:11] - http://feeds.feedburner.com/ruanyifeng
[2025-10-04 11:15:11] - https://www.loyhome.com/feed
[2025-10-04 12:38:32] 本次订阅抓取结果统计:
[2025-10-04 12:38:32] 共 28 条RSS, 成功抓取 24 条.
[2025-10-04 12:38:32] ✘ 有 4 条订阅解析失败:
[2025-10-04 12:38:32] - https://blog.ursb.me/feed.xml
[2025-10-04 12:38:32] - https://tcxx.info/feed
[2025-10-04 12:38:32] - https://tumutanzi.com/feed
[2025-10-04 12:38:32] - https://geekinney.com/index.xml
[2025-10-04 12:38:32] ✘ 有 2 条订阅头像无法访问, 已使用默认头像:
[2025-10-04 12:38:32] - http://feeds.feedburner.com/ruanyifeng
[2025-10-04 12:38:32] - https://www.loyhome.com/feed
[2025-10-04 13:22:27] 本次订阅抓取结果统计:
[2025-10-04 13:22:27] 共 28 条RSS, 成功抓取 24 条.
[2025-10-04 13:22:27] ✘ 有 4 条订阅解析失败:
[2025-10-04 13:22:27] - https://blog.ursb.me/feed.xml
[2025-10-04 13:22:27] - https://tcxx.info/feed
[2025-10-04 13:22:27] - https://tumutanzi.com/feed
[2025-10-04 13:22:27] - https://geekinney.com/index.xml
[2025-10-04 13:22:27] ✘ 有 2 条订阅头像无法访问, 已使用默认头像:
[2025-10-04 13:22:27] - https://www.loyhome.com/feed
[2025-10-04 13:22:27] - http://feeds.feedburner.com/ruanyifeng
[2025-10-04 14:16:46] 本次订阅抓取结果统计:
[2025-10-04 14:16:46] 共 28 条RSS, 成功抓取 24 条.
[2025-10-04 14:16:46] ✘ 有 4 条订阅解析失败:
[2025-10-04 14:16:46] - https://blog.ursb.me/feed.xml
[2025-10-04 14:16:46] - https://tumutanzi.com/feed
[2025-10-04 14:16:46] - https://tcxx.info/feed
[2025-10-04 14:16:46] - https://geekinney.com/index.xml
[2025-10-04 14:16:46] ✘ 有 3 条订阅头像无法访问, 已使用默认头像:
[2025-10-04 14:16:46] - https://www.loyhome.com/feed
[2025-10-04 14:16:46] - http://feeds.feedburner.com/ruanyifeng
[2025-10-04 14:16:46] - https://xyzbz.cn/feed
[2025-10-04 15:18:06] 本次订阅抓取结果统计:
[2025-10-04 15:18:06] 共 28 条RSS, 成功抓取 24 条.
[2025-10-04 15:18:06] ✘ 有 4 条订阅解析失败:
[2025-10-04 15:18:06] - https://blog.ursb.me/feed.xml
[2025-10-04 15:18:06] - https://tcxx.info/feed
[2025-10-04 15:18:06] - https://tumutanzi.com/feed
[2025-10-04 15:18:06] - https://geekinney.com/index.xml
[2025-10-04 15:18:06] ✘ 有 2 条订阅头像无法访问, 已使用默认头像:
[2025-10-04 15:18:06] - http://feeds.feedburner.com/ruanyifeng
[2025-10-04 15:18:06] - https://www.loyhome.com/feed
[2025-10-04 16:23:46] 本次订阅抓取结果统计:
[2025-10-04 16:23:46] 共 28 条RSS, 成功抓取 24 条.
[2025-10-04 16:23:46] ✘ 有 4 条订阅解析失败:
[2025-10-04 16:23:46] - https://blog.ursb.me/feed.xml
[2025-10-04 16:23:46] - https://tcxx.info/feed
[2025-10-04 16:23:46] - https://tumutanzi.com/feed
[2025-10-04 16:23:46] - https://geekinney.com/index.xml
[2025-10-04 16:23:46] ✘ 有 3 条订阅头像无法访问, 已使用默认头像:
[2025-10-04 16:23:46] - http://feeds.feedburner.com/ruanyifeng
[2025-10-04 16:23:46] - https://www.loyhome.com/feed
[2025-10-04 16:23:46] - https://xyzbz.cn/feed
[2025-10-04 17:16:34] 本次订阅抓取结果统计:
[2025-10-04 17:16:34] 共 28 条RSS, 成功抓取 24 条.
[2025-10-04 17:16:34] ✘ 有 4 条订阅解析失败:
[2025-10-04 17:16:34] - https://blog.ursb.me/feed.xml
[2025-10-04 17:16:34] - https://tcxx.info/feed
[2025-10-04 17:16:34] - https://tumutanzi.com/feed
[2025-10-04 17:16:34] - https://geekinney.com/index.xml
[2025-10-04 17:16:34] ✘ 有 2 条订阅头像无法访问, 已使用默认头像:
[2025-10-04 17:16:34] - http://feeds.feedburner.com/ruanyifeng
[2025-10-04 17:16:34] - https://www.loyhome.com/feed
[2025-10-04 18:27:44] 本次订阅抓取结果统计:
[2025-10-04 18:27:44] 共 28 条RSS, 成功抓取 24 条.
[2025-10-04 18:27:44] ✘ 有 4 条订阅解析失败:
[2025-10-04 18:27:44] - https://blog.ursb.me/feed.xml
[2025-10-04 18:27:44] - https://tumutanzi.com/feed
[2025-10-04 18:27:44] - https://tcxx.info/feed
[2025-10-04 18:27:44] - https://geekinney.com/index.xml
[2025-10-04 18:27:44] ✘ 有 2 条订阅头像无法访问, 已使用默认头像:
[2025-10-04 18:27:44] - http://feeds.feedburner.com/ruanyifeng
[2025-10-04 18:27:44] - https://www.loyhome.com/feed
[2025-10-04 19:15:08] 本次订阅抓取结果统计:
[2025-10-04 19:15:08] 共 28 条RSS, 成功抓取 24 条.
[2025-10-04 19:15:08] ✘ 有 4 条订阅解析失败:
[2025-10-04 19:15:08] - https://blog.ursb.me/feed.xml
[2025-10-04 19:15:08] - https://tumutanzi.com/feed
[2025-10-04 19:15:08] - https://tcxx.info/feed
[2025-10-04 19:15:08] - https://geekinney.com/index.xml
[2025-10-04 19:15:08] ✘ 有 2 条订阅头像无法访问, 已使用默认头像:
[2025-10-04 19:15:08] - https://www.loyhome.com/feed
[2025-10-04 19:15:08] - http://feeds.feedburner.com/ruanyifeng
[2025-10-04 20:21:15] 本次订阅抓取结果统计:
[2025-10-04 20:21:15] 共 28 条RSS, 成功抓取 20 条.
[2025-10-04 20:21:15] ✘ 有 8 条订阅解析失败:
[2025-10-04 20:21:15] - https://blog.ursb.me/feed.xml
[2025-10-04 20:21:15] - https://tcxx.info/feed
[2025-10-04 20:21:15] - https://tumutanzi.com/feed
[2025-10-04 20:21:15] - https://geekinney.com/index.xml
[2025-10-04 20:21:15] - https://xyzbz.cn/feed
[2025-10-04 20:21:15] - https://blog.yanqingshan.com/feed
[2025-10-04 20:21:15] - https://oba.by/feed
[2025-10-04 20:21:15] - https://blog.zhheo.com/rss.xml
[2025-10-04 20:21:15] ✘ 有 2 条订阅头像无法访问, 已使用默认头像:
[2025-10-04 20:21:15] - https://www.loyhome.com/feed
[2025-10-04 20:21:15] - http://feeds.feedburner.com/ruanyifeng
