[2025-06-30 01:58:18] 本次订阅抓取结果统计:
[2025-06-30 01:58:18] 共 28 条RSS, 成功抓取 27 条.
[2025-06-30 01:58:18] ✘ 有 1 条订阅解析失败:
[2025-06-30 01:58:18] - https://tcxx.info/feed
[2025-06-30 01:58:18] ✘ 有 2 条订阅头像无法访问, 已使用默认头像:
[2025-06-30 01:58:18] - http://feeds.feedburner.com/ruanyifeng
[2025-06-30 01:58:18] - https://www.loyhome.com/feed
[2025-06-30 03:36:20] 本次订阅抓取结果统计:
[2025-06-30 03:36:20] 共 28 条RSS, 成功抓取 27 条.
[2025-06-30 03:36:20] ✘ 有 1 条订阅解析失败:
[2025-06-30 03:36:20] - https://tcxx.info/feed
[2025-06-30 03:36:20] ✘ 有 2 条订阅头像无法访问, 已使用默认头像:
[2025-06-30 03:36:20] - https://www.loyhome.com/feed
[2025-06-30 03:36:20] - http://feeds.feedburner.com/ruanyifeng
[2025-06-30 04:35:51] 本次订阅抓取结果统计:
[2025-06-30 04:35:51] 共 28 条RSS, 成功抓取 27 条.
[2025-06-30 04:35:51] ✘ 有 1 条订阅解析失败:
[2025-06-30 04:35:51] - https://tcxx.info/feed
[2025-06-30 04:35:51] ✘ 有 2 条订阅头像无法访问, 已使用默认头像:
[2025-06-30 04:35:51] - http://feeds.feedburner.com/ruanyifeng
[2025-06-30 04:35:51] - https://www.loyhome.com/feed
[2025-06-30 05:25:17] 本次订阅抓取结果统计:
[2025-06-30 05:25:17] 共 28 条RSS, 成功抓取 27 条.
[2025-06-30 05:25:17] ✘ 有 1 条订阅解析失败:
[2025-06-30 05:25:17] - https://tcxx.info/feed
[2025-06-30 05:25:17] ✘ 有 2 条订阅头像无法访问, 已使用默认头像:
[2025-06-30 05:25:17] - http://feeds.feedburner.com/ruanyifeng
[2025-06-30 05:25:17] - https://www.loyhome.com/feed
[2025-06-30 06:34:52] 本次订阅抓取结果统计:
[2025-06-30 06:34:52] 共 28 条RSS, 成功抓取 27 条.
[2025-06-30 06:34:52] ✘ 有 1 条订阅解析失败:
[2025-06-30 06:34:52] - https://tcxx.info/feed
[2025-06-30 06:34:52] ✘ 有 2 条订阅头像无法访问, 已使用默认头像:
[2025-06-30 06:34:52] - http://feeds.feedburner.com/ruanyifeng
[2025-06-30 06:34:52] - https://www.loyhome.com/feed
[2025-06-30 07:24:02] 本次订阅抓取结果统计:
[2025-06-30 07:24:02] 共 28 条RSS, 成功抓取 27 条.
[2025-06-30 07:24:02] ✘ 有 1 条订阅解析失败:
[2025-06-30 07:24:02] - https://tcxx.info/feed
[2025-06-30 07:24:02] ✘ 有 2 条订阅头像无法访问, 已使用默认头像:
[2025-06-30 07:24:02] - http://feeds.feedburner.com/ruanyifeng
[2025-06-30 07:24:02] - https://www.loyhome.com/feed
[2025-06-30 08:31:45] 本次订阅抓取结果统计:
[2025-06-30 08:31:45] 共 28 条RSS, 成功抓取 27 条.
[2025-06-30 08:31:45] ✘ 有 1 条订阅解析失败:
[2025-06-30 08:31:45] - https://tcxx.info/feed
[2025-06-30 08:31:45] ✘ 有 2 条订阅头像无法访问, 已使用默认头像:
[2025-06-30 08:31:45] - http://feeds.feedburner.com/ruanyifeng
[2025-06-30 08:31:45] - https://www.loyhome.com/feed
[2025-06-30 09:27:07] 本次订阅抓取结果统计:
[2025-06-30 09:27:07] 共 28 条RSS, 成功抓取 27 条.
[2025-06-30 09:27:07] ✘ 有 1 条订阅解析失败:
[2025-06-30 09:27:07] - https://tcxx.info/feed
[2025-06-30 09:27:07] ✘ 有 2 条订阅头像无法访问, 已使用默认头像:
[2025-06-30 09:27:07] - http://feeds.feedburner.com/ruanyifeng
[2025-06-30 09:27:07] - https://www.loyhome.com/feed
[2025-06-30 10:25:37] 本次订阅抓取结果统计:
[2025-06-30 10:25:37] 共 28 条RSS, 成功抓取 27 条.
[2025-06-30 10:25:37] ✘ 有 1 条订阅解析失败:
[2025-06-30 10:25:37] - https://tcxx.info/feed
[2025-06-30 10:25:37] ✘ 有 2 条订阅头像无法访问, 已使用默认头像:
[2025-06-30 10:25:37] - http://feeds.feedburner.com/ruanyifeng
[2025-06-30 10:25:37] - https://www.loyhome.com/feed
[2025-06-30 11:19:37] 本次订阅抓取结果统计:
[2025-06-30 11:19:37] 共 28 条RSS, 成功抓取 27 条.
[2025-06-30 11:19:37] ✘ 有 1 条订阅解析失败:
[2025-06-30 11:19:37] - https://tcxx.info/feed
[2025-06-30 11:19:37] ✘ 有 2 条订阅头像无法访问, 已使用默认头像:
[2025-06-30 11:19:37] - http://feeds.feedburner.com/ruanyifeng
[2025-06-30 11:19:37] - https://www.loyhome.com/feed
