[2025-12-06 01:46:25] 本次订阅抓取结果统计:
[2025-12-06 01:46:25] 共 28 条RSS, 成功抓取 25 条.
[2025-12-06 01:46:25] ✘ 有 3 条订阅解析失败:
[2025-12-06 01:46:25] - https://tumutanzi.com/feed
[2025-12-06 01:46:25] - https://tcxx.info/feed
[2025-12-06 01:46:25] - https://geekinney.com/index.xml
[2025-12-06 01:46:25] ✘ 有 2 条订阅头像无法访问, 已使用默认头像:
[2025-12-06 01:46:25] - http://feeds.feedburner.com/ruanyifeng
[2025-12-06 01:46:25] - https://www.loyhome.com/feed
[2025-12-06 03:12:04] 本次订阅抓取结果统计:
[2025-12-06 03:12:04] 共 28 条RSS, 成功抓取 25 条.
[2025-12-06 03:12:04] ✘ 有 3 条订阅解析失败:
[2025-12-06 03:12:04] - https://tcxx.info/feed
[2025-12-06 03:12:04] - https://tumutanzi.com/feed
[2025-12-06 03:12:04] - https://geekinney.com/index.xml
[2025-12-06 03:12:04] ✘ 有 2 条订阅头像无法访问, 已使用默认头像:
[2025-12-06 03:12:04] - http://feeds.feedburner.com/ruanyifeng
[2025-12-06 03:12:04] - https://www.loyhome.com/feed
[2025-12-06 04:26:48] 本次订阅抓取结果统计:
[2025-12-06 04:26:48] 共 28 条RSS, 成功抓取 25 条.
[2025-12-06 04:26:48] ✘ 有 3 条订阅解析失败:
[2025-12-06 04:26:48] - https://tcxx.info/feed
[2025-12-06 04:26:48] - https://tumutanzi.com/feed
[2025-12-06 04:26:48] - https://geekinney.com/index.xml
[2025-12-06 04:26:48] ✘ 有 2 条订阅头像无法访问, 已使用默认头像:
[2025-12-06 04:26:48] - http://feeds.feedburner.com/ruanyifeng
[2025-12-06 04:26:48] - https://www.loyhome.com/feed
[2025-12-06 05:22:22] 本次订阅抓取结果统计:
[2025-12-06 05:22:22] 共 28 条RSS, 成功抓取 25 条.
[2025-12-06 05:22:22] ✘ 有 3 条订阅解析失败:
[2025-12-06 05:22:22] - https://tumutanzi.com/feed
[2025-12-06 05:22:22] - https://tcxx.info/feed
[2025-12-06 05:22:22] - https://geekinney.com/index.xml
[2025-12-06 05:22:22] ✘ 有 2 条订阅头像无法访问, 已使用默认头像:
[2025-12-06 05:22:22] - https://www.loyhome.com/feed
[2025-12-06 05:22:22] - http://feeds.feedburner.com/ruanyifeng
[2025-12-06 06:32:46] 本次订阅抓取结果统计:
[2025-12-06 06:32:46] 共 28 条RSS, 成功抓取 25 条.
[2025-12-06 06:32:46] ✘ 有 3 条订阅解析失败:
[2025-12-06 06:32:46] - https://tcxx.info/feed
[2025-12-06 06:32:46] - https://tumutanzi.com/feed
[2025-12-06 06:32:46] - https://geekinney.com/index.xml
[2025-12-06 06:32:46] ✘ 有 2 条订阅头像无法访问, 已使用默认头像:
[2025-12-06 06:32:46] - http://feeds.feedburner.com/ruanyifeng
[2025-12-06 06:32:46] - https://www.loyhome.com/feed
[2025-12-06 07:20:55] 本次订阅抓取结果统计:
[2025-12-06 07:20:55] 共 28 条RSS, 成功抓取 25 条.
[2025-12-06 07:20:55] ✘ 有 3 条订阅解析失败:
[2025-12-06 07:20:55] - https://tcxx.info/feed
[2025-12-06 07:20:55] - https://tumutanzi.com/feed
[2025-12-06 07:20:55] - https://geekinney.com/index.xml
[2025-12-06 07:20:55] ✘ 有 2 条订阅头像无法访问, 已使用默认头像:
[2025-12-06 07:20:55] - http://feeds.feedburner.com/ruanyifeng
[2025-12-06 07:20:55] - https://www.loyhome.com/feed
[2025-12-06 08:28:51] 本次订阅抓取结果统计:
[2025-12-06 08:28:51] 共 28 条RSS, 成功抓取 25 条.
[2025-12-06 08:28:51] ✘ 有 3 条订阅解析失败:
[2025-12-06 08:28:51] - https://tcxx.info/feed
[2025-12-06 08:28:51] - https://tumutanzi.com/feed
[2025-12-06 08:28:51] - https://geekinney.com/index.xml
[2025-12-06 08:28:51] ✘ 有 2 条订阅头像无法访问, 已使用默认头像:
[2025-12-06 08:28:51] - https://www.loyhome.com/feed
[2025-12-06 08:28:51] - http://feeds.feedburner.com/ruanyifeng
[2025-12-06 09:22:54] 本次订阅抓取结果统计:
[2025-12-06 09:22:54] 共 28 条RSS, 成功抓取 25 条.
[2025-12-06 09:22:54] ✘ 有 3 条订阅解析失败:
[2025-12-06 09:22:54] - https://tcxx.info/feed
[2025-12-06 09:22:54] - https://tumutanzi.com/feed
[2025-12-06 09:22:54] - https://geekinney.com/index.xml
[2025-12-06 09:22:54] ✘ 有 2 条订阅头像无法访问, 已使用默认头像:
[2025-12-06 09:22:54] - http://feeds.feedburner.com/ruanyifeng
[2025-12-06 09:22:54] - https://www.loyhome.com/feed
[2025-12-06 10:23:04] 本次订阅抓取结果统计:
[2025-12-06 10:23:04] 共 28 条RSS, 成功抓取 25 条.
[2025-12-06 10:23:04] ✘ 有 3 条订阅解析失败:
[2025-12-06 10:23:04] - https://tumutanzi.com/feed
[2025-12-06 10:23:04] - https://tcxx.info/feed
[2025-12-06 10:23:04] - https://geekinney.com/index.xml
[2025-12-06 10:23:04] ✘ 有 2 条订阅头像无法访问, 已使用默认头像:
[2025-12-06 10:23:04] - http://feeds.feedburner.com/ruanyifeng
[2025-12-06 10:23:04] - https://www.loyhome.com/feed
[2025-12-06 11:18:05] 本次订阅抓取结果统计:
[2025-12-06 11:18:05] 共 28 条RSS, 成功抓取 25 条.
[2025-12-06 11:18:05] ✘ 有 3 条订阅解析失败:
[2025-12-06 11:18:05] - https://tcxx.info/feed
[2025-12-06 11:18:05] - https://tumutanzi.com/feed
[2025-12-06 11:18:05] - https://geekinney.com/index.xml
[2025-12-06 11:18:05] ✘ 有 2 条订阅头像无法访问, 已使用默认头像:
[2025-12-06 11:18:05] - http://feeds.feedburner.com/ruanyifeng
[2025-12-06 11:18:05] - https://www.loyhome.com/feed
[2025-12-06 12:43:19] 本次订阅抓取结果统计:
[2025-12-06 12:43:19] 共 28 条RSS, 成功抓取 25 条.
[2025-12-06 12:43:19] ✘ 有 3 条订阅解析失败:
[2025-12-06 12:43:19] - https://tcxx.info/feed
[2025-12-06 12:43:19] - https://tumutanzi.com/feed
[2025-12-06 12:43:19] - https://geekinney.com/index.xml
[2025-12-06 12:43:19] ✘ 有 2 条订阅头像无法访问, 已使用默认头像:
[2025-12-06 12:43:19] - http://feeds.feedburner.com/ruanyifeng
[2025-12-06 12:43:19] - https://www.loyhome.com/feed
[2025-12-06 13:29:06] 本次订阅抓取结果统计:
[2025-12-06 13:29:06] 共 28 条RSS, 成功抓取 25 条.
[2025-12-06 13:29:06] ✘ 有 3 条订阅解析失败:
[2025-12-06 13:29:06] - https://tcxx.info/feed
[2025-12-06 13:29:06] - https://tumutanzi.com/feed
[2025-12-06 13:29:06] - https://geekinney.com/index.xml
[2025-12-06 13:29:06] ✘ 有 2 条订阅头像无法访问, 已使用默认头像:
[2025-12-06 13:29:06] - http://feeds.feedburner.com/ruanyifeng
[2025-12-06 13:29:06] - https://www.loyhome.com/feed
[2025-12-06 14:19:45] 本次订阅抓取结果统计:
[2025-12-06 14:19:45] 共 28 条RSS, 成功抓取 25 条.
[2025-12-06 14:19:45] ✘ 有 3 条订阅解析失败:
[2025-12-06 14:19:45] - https://tcxx.info/feed
[2025-12-06 14:19:45] - https://tumutanzi.com/feed
[2025-12-06 14:19:45] - https://geekinney.com/index.xml
[2025-12-06 14:19:45] ✘ 有 2 条订阅头像无法访问, 已使用默认头像:
[2025-12-06 14:19:45] - https://www.loyhome.com/feed
[2025-12-06 14:19:45] - http://feeds.feedburner.com/ruanyifeng
[2025-12-06 15:21:07] 本次订阅抓取结果统计:
[2025-12-06 15:21:07] 共 28 条RSS, 成功抓取 25 条.
[2025-12-06 15:21:07] ✘ 有 3 条订阅解析失败:
[2025-12-06 15:21:07] - https://tcxx.info/feed
[2025-12-06 15:21:07] - https://tumutanzi.com/feed
[2025-12-06 15:21:07] - https://geekinney.com/index.xml
[2025-12-06 15:21:07] ✘ 有 2 条订阅头像无法访问, 已使用默认头像:
[2025-12-06 15:21:07] - http://feeds.feedburner.com/ruanyifeng
[2025-12-06 15:21:07] - https://www.loyhome.com/feed
[2025-12-06 16:27:22] 本次订阅抓取结果统计:
[2025-12-06 16:27:22] 共 28 条RSS, 成功抓取 25 条.
[2025-12-06 16:27:22] ✘ 有 3 条订阅解析失败:
[2025-12-06 16:27:22] - https://tcxx.info/feed
[2025-12-06 16:27:22] - https://tumutanzi.com/feed
[2025-12-06 16:27:22] - https://geekinney.com/index.xml
[2025-12-06 16:27:22] ✘ 有 2 条订阅头像无法访问, 已使用默认头像:
[2025-12-06 16:27:22] - http://feeds.feedburner.com/ruanyifeng
[2025-12-06 16:27:22] - https://www.loyhome.com/feed
[2025-12-06 17:18:59] 本次订阅抓取结果统计:
[2025-12-06 17:18:59] 共 28 条RSS, 成功抓取 25 条.
[2025-12-06 17:18:59] ✘ 有 3 条订阅解析失败:
[2025-12-06 17:18:59] - https://tcxx.info/feed
[2025-12-06 17:18:59] - https://tumutanzi.com/feed
[2025-12-06 17:18:59] - https://geekinney.com/index.xml
[2025-12-06 17:18:59] ✘ 有 2 条订阅头像无法访问, 已使用默认头像:
[2025-12-06 17:18:59] - http://feeds.feedburner.com/ruanyifeng
[2025-12-06 17:18:59] - https://www.loyhome.com/feed
[2025-12-06 18:30:54] 本次订阅抓取结果统计:
[2025-12-06 18:30:54] 共 28 条RSS, 成功抓取 25 条.
[2025-12-06 18:30:54] ✘ 有 3 条订阅解析失败:
[2025-12-06 18:30:54] - https://tcxx.info/feed
[2025-12-06 18:30:54] - https://tumutanzi.com/feed
[2025-12-06 18:30:54] - https://geekinney.com/index.xml
[2025-12-06 18:30:54] ✘ 有 2 条订阅头像无法访问, 已使用默认头像:
[2025-12-06 18:30:54] - http://feeds.feedburner.com/ruanyifeng
[2025-12-06 18:30:54] - https://www.loyhome.com/feed
[2025-12-06 19:17:42] 本次订阅抓取结果统计:
[2025-12-06 19:17:42] 共 28 条RSS, 成功抓取 25 条.
[2025-12-06 19:17:42] ✘ 有 3 条订阅解析失败:
[2025-12-06 19:17:42] - https://tcxx.info/feed
[2025-12-06 19:17:42] - https://tumutanzi.com/feed
[2025-12-06 19:17:42] - https://geekinney.com/index.xml
[2025-12-06 19:17:42] ✘ 有 2 条订阅头像无法访问, 已使用默认头像:
[2025-12-06 19:17:42] - http://feeds.feedburner.com/ruanyifeng
[2025-12-06 19:17:42] - https://www.loyhome.com/feed
[2025-12-06 20:24:25] 本次订阅抓取结果统计:
[2025-12-06 20:24:25] 共 28 条RSS, 成功抓取 25 条.
[2025-12-06 20:24:25] ✘ 有 3 条订阅解析失败:
[2025-12-06 20:24:25] - https://tumutanzi.com/feed
[2025-12-06 20:24:25] - https://tcxx.info/feed
[2025-12-06 20:24:25] - https://geekinney.com/index.xml
[2025-12-06 20:24:25] ✘ 有 2 条订阅头像无法访问, 已使用默认头像:
[2025-12-06 20:24:25] - http://feeds.feedburner.com/ruanyifeng
[2025-12-06 20:24:25] - https://www.loyhome.com/feed
[2025-12-06 21:19:58] 本次订阅抓取结果统计:
[2025-12-06 21:19:58] 共 28 条RSS, 成功抓取 25 条.
[2025-12-06 21:19:58] ✘ 有 3 条订阅解析失败:
[2025-12-06 21:19:58] - https://tumutanzi.com/feed
[2025-12-06 21:19:58] - https://tcxx.info/feed
[2025-12-06 21:19:58] - https://geekinney.com/index.xml
[2025-12-06 21:19:58] ✘ 有 2 条订阅头像无法访问, 已使用默认头像:
[2025-12-06 21:19:58] - http://feeds.feedburner.com/ruanyifeng
[2025-12-06 21:19:58] - https://www.loyhome.com/feed
[2025-12-06 22:21:51] 本次订阅抓取结果统计:
[2025-12-06 22:21:51] 共 28 条RSS, 成功抓取 25 条.
[2025-12-06 22:21:51] ✘ 有 3 条订阅解析失败:
[2025-12-06 22:21:51] - https://tumutanzi.com/feed
[2025-12-06 22:21:51] - https://tcxx.info/feed
[2025-12-06 22:21:51] - https://geekinney.com/index.xml
[2025-12-06 22:21:51] ✘ 有 2 条订阅头像无法访问, 已使用默认头像:
[2025-12-06 22:21:51] - http://feeds.feedburner.com/ruanyifeng
[2025-12-06 22:21:51] - https://www.loyhome.com/feed
[2025-12-06 23:20:47] 本次订阅抓取结果统计:
[2025-12-06 23:20:47] 共 28 条RSS, 成功抓取 25 条.
[2025-12-06 23:20:47] ✘ 有 3 条订阅解析失败:
[2025-12-06 23:20:47] - https://tcxx.info/feed
[2025-12-06 23:20:47] - https://tumutanzi.com/feed
[2025-12-06 23:20:47] - https://geekinney.com/index.xml
[2025-12-06 23:20:47] ✘ 有 2 条订阅头像无法访问, 已使用默认头像:
[2025-12-06 23:20:47] - http://feeds.feedburner.com/ruanyifeng
[2025-12-06 23:20:47] - https://www.loyhome.com/feed
