[2025-11-08 01:41:49] 本次订阅抓取结果统计:
[2025-11-08 01:41:49] 共 28 条RSS, 成功抓取 25 条.
[2025-11-08 01:41:49] ✘ 有 3 条订阅解析失败:
[2025-11-08 01:41:49] - https://tcxx.info/feed
[2025-11-08 01:41:49] - https://tumutanzi.com/feed
[2025-11-08 01:41:49] - https://geekinney.com/index.xml
[2025-11-08 01:41:49] ✘ 有 2 条订阅头像无法访问, 已使用默认头像:
[2025-11-08 01:41:49] - http://feeds.feedburner.com/ruanyifeng
[2025-11-08 01:41:49] - https://www.loyhome.com/feed
[2025-11-08 03:04:24] 本次订阅抓取结果统计:
[2025-11-08 03:04:24] 共 28 条RSS, 成功抓取 25 条.
[2025-11-08 03:04:24] ✘ 有 3 条订阅解析失败:
[2025-11-08 03:04:24] - https://tumutanzi.com/feed
[2025-11-08 03:04:24] - https://tcxx.info/feed
[2025-11-08 03:04:24] - https://geekinney.com/index.xml
[2025-11-08 03:04:24] ✘ 有 2 条订阅头像无法访问, 已使用默认头像:
[2025-11-08 03:04:24] - http://feeds.feedburner.com/ruanyifeng
[2025-11-08 03:04:24] - https://www.loyhome.com/feed
[2025-11-08 04:25:56] 本次订阅抓取结果统计:
[2025-11-08 04:25:56] 共 28 条RSS, 成功抓取 25 条.
[2025-11-08 04:25:56] ✘ 有 3 条订阅解析失败:
[2025-11-08 04:25:56] - https://tumutanzi.com/feed
[2025-11-08 04:25:56] - https://tcxx.info/feed
[2025-11-08 04:25:56] - https://geekinney.com/index.xml
[2025-11-08 04:25:56] ✘ 有 2 条订阅头像无法访问, 已使用默认头像:
[2025-11-08 04:25:56] - http://feeds.feedburner.com/ruanyifeng
[2025-11-08 04:25:56] - https://www.loyhome.com/feed
[2025-11-08 05:20:41] 本次订阅抓取结果统计:
[2025-11-08 05:20:41] 共 28 条RSS, 成功抓取 25 条.
[2025-11-08 05:20:41] ✘ 有 3 条订阅解析失败:
[2025-11-08 05:20:41] - https://tcxx.info/feed
[2025-11-08 05:20:41] - https://tumutanzi.com/feed
[2025-11-08 05:20:41] - https://geekinney.com/index.xml
[2025-11-08 05:20:41] ✘ 有 2 条订阅头像无法访问, 已使用默认头像:
[2025-11-08 05:20:41] - http://feeds.feedburner.com/ruanyifeng
[2025-11-08 05:20:41] - https://www.loyhome.com/feed
