[2025-04-01 03:31:54] 本次订阅抓取结果统计:
[2025-04-01 03:31:54] 共 28 条RSS, 成功抓取 26 条.
[2025-04-01 03:31:54] ✘ 有 2 条订阅解析失败:
[2025-04-01 03:31:54] - https://limboy.me/index.xml
[2025-04-01 03:31:54] - https://geekinney.com/index.xml
[2025-04-01 03:31:54] ✘ 有 4 条订阅头像无法访问, 已使用默认头像:
[2025-04-01 03:31:54] - https://www.loyhome.com/feed
[2025-04-01 03:31:54] - http://feeds.feedburner.com/ruanyifeng
[2025-04-01 03:31:54] - https://blog.zhheo.com/rss.xml
[2025-04-01 03:31:54] - https://xyzbz.cn/feed
[2025-04-01 04:44:01] 本次订阅抓取结果统计:
[2025-04-01 04:44:01] 共 28 条RSS, 成功抓取 25 条.
[2025-04-01 04:44:01] ✘ 有 3 条订阅解析失败:
[2025-04-01 04:44:01] - https://limboy.me/index.xml
[2025-04-01 04:44:01] - https://tcxx.info/feed
[2025-04-01 04:44:01] - https://geekinney.com/index.xml
[2025-04-01 04:44:01] ✘ 有 2 条订阅头像无法访问, 已使用默认头像:
[2025-04-01 04:44:01] - http://feeds.feedburner.com/ruanyifeng
[2025-04-01 04:44:01] - https://www.loyhome.com/feed
[2025-04-01 05:38:44] 本次订阅抓取结果统计:
[2025-04-01 05:38:44] 共 28 条RSS, 成功抓取 25 条.
[2025-04-01 05:38:44] ✘ 有 3 条订阅解析失败:
[2025-04-01 05:38:44] - https://tcxx.info/feed
[2025-04-01 05:38:44] - https://limboy.me/index.xml
[2025-04-01 05:38:44] - https://geekinney.com/index.xml
[2025-04-01 05:38:44] ✘ 有 2 条订阅头像无法访问, 已使用默认头像:
[2025-04-01 05:38:44] - http://feeds.feedburner.com/ruanyifeng
[2025-04-01 05:38:44] - https://www.loyhome.com/feed
[2025-04-01 06:52:50] 本次订阅抓取结果统计:
[2025-04-01 06:52:50] 共 28 条RSS, 成功抓取 26 条.
[2025-04-01 06:52:50] ✘ 有 2 条订阅解析失败:
[2025-04-01 06:52:50] - https://geekinney.com/index.xml
[2025-04-01 06:52:50] - https://limboy.me/index.xml
[2025-04-01 06:52:50] ✘ 有 2 条订阅头像无法访问, 已使用默认头像:
[2025-04-01 06:52:50] - http://feeds.feedburner.com/ruanyifeng
[2025-04-01 06:52:50] - https://www.loyhome.com/feed
[2025-04-01 07:32:14] 本次订阅抓取结果统计:
[2025-04-01 07:32:14] 共 28 条RSS, 成功抓取 26 条.
[2025-04-01 07:32:14] ✘ 有 2 条订阅解析失败:
[2025-04-01 07:32:14] - https://limboy.me/index.xml
[2025-04-01 07:32:14] - https://geekinney.com/index.xml
[2025-04-01 07:32:14] ✘ 有 2 条订阅头像无法访问, 已使用默认头像:
[2025-04-01 07:32:14] - http://feeds.feedburner.com/ruanyifeng
[2025-04-01 07:32:14] - https://www.loyhome.com/feed
[2025-04-01 08:48:37] 本次订阅抓取结果统计:
[2025-04-01 08:48:37] 共 28 条RSS, 成功抓取 26 条.
[2025-04-01 08:48:37] ✘ 有 2 条订阅解析失败:
[2025-04-01 08:48:37] - https://geekinney.com/index.xml
[2025-04-01 08:48:37] - https://limboy.me/index.xml
[2025-04-01 08:48:37] ✘ 有 4 条订阅头像无法访问, 已使用默认头像:
[2025-04-01 08:48:37] - http://feeds.feedburner.com/ruanyifeng
[2025-04-01 08:48:37] - https://www.loyhome.com/feed
[2025-04-01 08:48:37] - https://tcxx.info/feed
[2025-04-01 08:48:37] - https://xyzbz.cn/feed
[2025-04-01 09:38:38] 本次订阅抓取结果统计:
[2025-04-01 09:38:38] 共 28 条RSS, 成功抓取 26 条.
[2025-04-01 09:38:38] ✘ 有 2 条订阅解析失败:
[2025-04-01 09:38:38] - https://geekinney.com/index.xml
[2025-04-01 09:38:38] - https://limboy.me/index.xml
[2025-04-01 09:38:38] ✘ 有 2 条订阅头像无法访问, 已使用默认头像:
[2025-04-01 09:38:38] - http://feeds.feedburner.com/ruanyifeng
[2025-04-01 09:38:38] - https://www.loyhome.com/feed
[2025-04-01 10:43:37] 本次订阅抓取结果统计:
[2025-04-01 10:43:37] 共 28 条RSS, 成功抓取 26 条.
[2025-04-01 10:43:37] ✘ 有 2 条订阅解析失败:
[2025-04-01 10:43:37] - https://geekinney.com/index.xml
[2025-04-01 10:43:37] - https://limboy.me/index.xml
[2025-04-01 10:43:37] ✘ 有 2 条订阅头像无法访问, 已使用默认头像:
[2025-04-01 10:43:37] - http://feeds.feedburner.com/ruanyifeng
[2025-04-01 10:43:37] - https://www.loyhome.com/feed
[2025-04-01 11:28:30] 本次订阅抓取结果统计:
[2025-04-01 11:28:30] 共 28 条RSS, 成功抓取 25 条.
[2025-04-01 11:28:30] ✘ 有 3 条订阅解析失败:
[2025-04-01 11:28:30] - https://tcxx.info/feed
[2025-04-01 11:28:30] - https://geekinney.com/index.xml
[2025-04-01 11:28:30] - https://limboy.me/index.xml
[2025-04-01 11:28:30] ✘ 有 2 条订阅头像无法访问, 已使用默认头像:
[2025-04-01 11:28:30] - http://feeds.feedburner.com/ruanyifeng
[2025-04-01 11:28:30] - https://www.loyhome.com/feed
[2025-04-01 13:36:44] 本次订阅抓取结果统计:
[2025-04-01 13:36:44] 共 28 条RSS, 成功抓取 26 条.
[2025-04-01 13:36:44] ✘ 有 2 条订阅解析失败:
[2025-04-01 13:36:44] - https://limboy.me/index.xml
[2025-04-01 13:36:44] - https://geekinney.com/index.xml
[2025-04-01 13:36:44] ✘ 有 2 条订阅头像无法访问, 已使用默认头像:
[2025-04-01 13:36:44] - https://www.loyhome.com/feed
[2025-04-01 13:36:44] - http://feeds.feedburner.com/ruanyifeng
