[2025-10-30 01:50:09] 本次订阅抓取结果统计:
[2025-10-30 01:50:09] 共 28 条RSS, 成功抓取 25 条.
[2025-10-30 01:50:09] ✘ 有 3 条订阅解析失败:
[2025-10-30 01:50:09] - https://tcxx.info/feed
[2025-10-30 01:50:09] - https://tumutanzi.com/feed
[2025-10-30 01:50:09] - https://geekinney.com/index.xml
[2025-10-30 01:50:09] ✘ 有 2 条订阅头像无法访问, 已使用默认头像:
[2025-10-30 01:50:09] - http://feeds.feedburner.com/ruanyifeng
[2025-10-30 01:50:09] - https://www.loyhome.com/feed
[2025-10-30 03:13:23] 本次订阅抓取结果统计:
[2025-10-30 03:13:23] 共 28 条RSS, 成功抓取 25 条.
[2025-10-30 03:13:23] ✘ 有 3 条订阅解析失败:
[2025-10-30 03:13:23] - https://tcxx.info/feed
[2025-10-30 03:13:23] - https://tumutanzi.com/feed
[2025-10-30 03:13:23] - https://geekinney.com/index.xml
[2025-10-30 03:13:23] ✘ 有 2 条订阅头像无法访问, 已使用默认头像:
[2025-10-30 03:13:23] - https://www.loyhome.com/feed
[2025-10-30 03:13:23] - http://feeds.feedburner.com/ruanyifeng
[2025-10-30 04:26:16] 本次订阅抓取结果统计:
[2025-10-30 04:26:16] 共 28 条RSS, 成功抓取 25 条.
[2025-10-30 04:26:16] ✘ 有 3 条订阅解析失败:
[2025-10-30 04:26:16] - https://tcxx.info/feed
[2025-10-30 04:26:16] - https://tumutanzi.com/feed
[2025-10-30 04:26:16] - https://geekinney.com/index.xml
[2025-10-30 04:26:16] ✘ 有 3 条订阅头像无法访问, 已使用默认头像:
[2025-10-30 04:26:16] - https://www.loyhome.com/feed
[2025-10-30 04:26:16] - http://feeds.feedburner.com/ruanyifeng
[2025-10-30 04:26:16] - https://blog.yanqingshan.com/feed
[2025-10-30 05:21:59] 本次订阅抓取结果统计:
[2025-10-30 05:21:59] 共 28 条RSS, 成功抓取 25 条.
[2025-10-30 05:21:59] ✘ 有 3 条订阅解析失败:
[2025-10-30 05:21:59] - https://tcxx.info/feed
[2025-10-30 05:21:59] - https://tumutanzi.com/feed
[2025-10-30 05:21:59] - https://geekinney.com/index.xml
[2025-10-30 05:21:59] ✘ 有 2 条订阅头像无法访问, 已使用默认头像:
[2025-10-30 05:21:59] - https://www.loyhome.com/feed
[2025-10-30 05:21:59] - http://feeds.feedburner.com/ruanyifeng
[2025-10-30 06:33:20] 本次订阅抓取结果统计:
[2025-10-30 06:33:20] 共 28 条RSS, 成功抓取 25 条.
[2025-10-30 06:33:20] ✘ 有 3 条订阅解析失败:
[2025-10-30 06:33:20] - https://tumutanzi.com/feed
[2025-10-30 06:33:20] - https://tcxx.info/feed
[2025-10-30 06:33:20] - https://geekinney.com/index.xml
[2025-10-30 06:33:20] ✘ 有 2 条订阅头像无法访问, 已使用默认头像:
[2025-10-30 06:33:20] - http://feeds.feedburner.com/ruanyifeng
[2025-10-30 06:33:20] - https://www.loyhome.com/feed
[2025-10-30 07:21:34] 本次订阅抓取结果统计:
[2025-10-30 07:21:34] 共 28 条RSS, 成功抓取 25 条.
[2025-10-30 07:21:34] ✘ 有 3 条订阅解析失败:
[2025-10-30 07:21:34] - https://tcxx.info/feed
[2025-10-30 07:21:34] - https://tumutanzi.com/feed
[2025-10-30 07:21:34] - https://geekinney.com/index.xml
[2025-10-30 07:21:34] ✘ 有 2 条订阅头像无法访问, 已使用默认头像:
[2025-10-30 07:21:34] - http://feeds.feedburner.com/ruanyifeng
[2025-10-30 07:21:34] - https://www.loyhome.com/feed
[2025-10-30 08:29:41] 本次订阅抓取结果统计:
[2025-10-30 08:29:41] 共 28 条RSS, 成功抓取 25 条.
[2025-10-30 08:29:41] ✘ 有 3 条订阅解析失败:
[2025-10-30 08:29:41] - https://tcxx.info/feed
[2025-10-30 08:29:41] - https://tumutanzi.com/feed
[2025-10-30 08:29:41] - https://geekinney.com/index.xml
[2025-10-30 08:29:41] ✘ 有 2 条订阅头像无法访问, 已使用默认头像:
[2025-10-30 08:29:41] - http://feeds.feedburner.com/ruanyifeng
[2025-10-30 08:29:41] - https://www.loyhome.com/feed
[2025-10-30 09:24:44] 本次订阅抓取结果统计:
[2025-10-30 09:24:44] 共 28 条RSS, 成功抓取 25 条.
[2025-10-30 09:24:44] ✘ 有 3 条订阅解析失败:
[2025-10-30 09:24:44] - https://tcxx.info/feed
[2025-10-30 09:24:44] - https://tumutanzi.com/feed
[2025-10-30 09:24:44] - https://geekinney.com/index.xml
[2025-10-30 09:24:44] ✘ 有 2 条订阅头像无法访问, 已使用默认头像:
[2025-10-30 09:24:44] - http://feeds.feedburner.com/ruanyifeng
[2025-10-30 09:24:44] - https://www.loyhome.com/feed
[2025-10-30 10:24:04] 本次订阅抓取结果统计:
[2025-10-30 10:24:04] 共 28 条RSS, 成功抓取 25 条.
[2025-10-30 10:24:04] ✘ 有 3 条订阅解析失败:
[2025-10-30 10:24:04] - https://tumutanzi.com/feed
[2025-10-30 10:24:04] - https://tcxx.info/feed
[2025-10-30 10:24:04] - https://geekinney.com/index.xml
[2025-10-30 10:24:04] ✘ 有 2 条订阅头像无法访问, 已使用默认头像:
[2025-10-30 10:24:04] - http://feeds.feedburner.com/ruanyifeng
[2025-10-30 10:24:04] - https://www.loyhome.com/feed
[2025-10-30 11:19:07] 本次订阅抓取结果统计:
[2025-10-30 11:19:07] 共 28 条RSS, 成功抓取 25 条.
[2025-10-30 11:19:07] ✘ 有 3 条订阅解析失败:
[2025-10-30 11:19:07] - https://tumutanzi.com/feed
[2025-10-30 11:19:07] - https://tcxx.info/feed
[2025-10-30 11:19:07] - https://geekinney.com/index.xml
[2025-10-30 11:19:07] ✘ 有 2 条订阅头像无法访问, 已使用默认头像:
[2025-10-30 11:19:07] - http://feeds.feedburner.com/ruanyifeng
[2025-10-30 11:19:07] - https://www.loyhome.com/feed
[2025-10-30 12:46:54] 本次订阅抓取结果统计:
[2025-10-30 12:46:54] 共 28 条RSS, 成功抓取 25 条.
[2025-10-30 12:46:54] ✘ 有 3 条订阅解析失败:
[2025-10-30 12:46:54] - https://tumutanzi.com/feed
[2025-10-30 12:46:54] - https://tcxx.info/feed
[2025-10-30 12:46:54] - https://geekinney.com/index.xml
[2025-10-30 12:46:54] ✘ 有 2 条订阅头像无法访问, 已使用默认头像:
[2025-10-30 12:46:54] - http://feeds.feedburner.com/ruanyifeng
[2025-10-30 12:46:54] - https://www.loyhome.com/feed
[2025-10-30 13:33:09] 本次订阅抓取结果统计:
[2025-10-30 13:33:09] 共 28 条RSS, 成功抓取 25 条.
[2025-10-30 13:33:09] ✘ 有 3 条订阅解析失败:
[2025-10-30 13:33:09] - https://tcxx.info/feed
[2025-10-30 13:33:09] - https://tumutanzi.com/feed
[2025-10-30 13:33:09] - https://geekinney.com/index.xml
[2025-10-30 13:33:09] ✘ 有 2 条订阅头像无法访问, 已使用默认头像:
[2025-10-30 13:33:09] - http://feeds.feedburner.com/ruanyifeng
[2025-10-30 13:33:09] - https://www.loyhome.com/feed
[2025-10-30 14:23:20] 本次订阅抓取结果统计:
[2025-10-30 14:23:20] 共 28 条RSS, 成功抓取 25 条.
[2025-10-30 14:23:20] ✘ 有 3 条订阅解析失败:
[2025-10-30 14:23:20] - https://tumutanzi.com/feed
[2025-10-30 14:23:20] - https://tcxx.info/feed
[2025-10-30 14:23:20] - https://geekinney.com/index.xml
[2025-10-30 14:23:20] ✘ 有 2 条订阅头像无法访问, 已使用默认头像:
[2025-10-30 14:23:20] - https://www.loyhome.com/feed
[2025-10-30 14:23:20] - http://feeds.feedburner.com/ruanyifeng
[2025-10-30 15:25:48] 本次订阅抓取结果统计:
[2025-10-30 15:25:48] 共 28 条RSS, 成功抓取 25 条.
[2025-10-30 15:25:48] ✘ 有 3 条订阅解析失败:
[2025-10-30 15:25:48] - https://tumutanzi.com/feed
[2025-10-30 15:25:48] - https://tcxx.info/feed
[2025-10-30 15:25:48] - https://geekinney.com/index.xml
[2025-10-30 15:25:48] ✘ 有 2 条订阅头像无法访问, 已使用默认头像:
[2025-10-30 15:25:48] - https://www.loyhome.com/feed
[2025-10-30 15:25:48] - http://feeds.feedburner.com/ruanyifeng
[2025-10-30 16:29:19] 本次订阅抓取结果统计:
[2025-10-30 16:29:19] 共 28 条RSS, 成功抓取 25 条.
[2025-10-30 16:29:19] ✘ 有 3 条订阅解析失败:
[2025-10-30 16:29:19] - https://tcxx.info/feed
[2025-10-30 16:29:19] - https://tumutanzi.com/feed
[2025-10-30 16:29:19] - https://geekinney.com/index.xml
[2025-10-30 16:29:19] ✘ 有 2 条订阅头像无法访问, 已使用默认头像:
[2025-10-30 16:29:19] - https://www.loyhome.com/feed
[2025-10-30 16:29:19] - http://feeds.feedburner.com/ruanyifeng
[2025-10-30 17:20:24] 本次订阅抓取结果统计:
[2025-10-30 17:20:24] 共 28 条RSS, 成功抓取 25 条.
[2025-10-30 17:20:24] ✘ 有 3 条订阅解析失败:
[2025-10-30 17:20:24] - https://tumutanzi.com/feed
[2025-10-30 17:20:24] - https://tcxx.info/feed
[2025-10-30 17:20:24] - https://geekinney.com/index.xml
[2025-10-30 17:20:24] ✘ 有 2 条订阅头像无法访问, 已使用默认头像:
[2025-10-30 17:20:24] - http://feeds.feedburner.com/ruanyifeng
[2025-10-30 17:20:24] - https://www.loyhome.com/feed
[2025-10-30 18:32:26] 本次订阅抓取结果统计:
[2025-10-30 18:32:26] 共 28 条RSS, 成功抓取 25 条.
[2025-10-30 18:32:26] ✘ 有 3 条订阅解析失败:
[2025-10-30 18:32:26] - https://tcxx.info/feed
[2025-10-30 18:32:26] - https://tumutanzi.com/feed
[2025-10-30 18:32:26] - https://geekinney.com/index.xml
[2025-10-30 18:32:26] ✘ 有 2 条订阅头像无法访问, 已使用默认头像:
[2025-10-30 18:32:26] - http://feeds.feedburner.com/ruanyifeng
[2025-10-30 18:32:26] - https://www.loyhome.com/feed
[2025-10-30 19:17:53] 本次订阅抓取结果统计:
[2025-10-30 19:17:53] 共 28 条RSS, 成功抓取 25 条.
[2025-10-30 19:17:53] ✘ 有 3 条订阅解析失败:
[2025-10-30 19:17:53] - https://tcxx.info/feed
[2025-10-30 19:17:53] - https://tumutanzi.com/feed
[2025-10-30 19:17:53] - https://geekinney.com/index.xml
[2025-10-30 19:17:53] ✘ 有 2 条订阅头像无法访问, 已使用默认头像:
[2025-10-30 19:17:53] - https://www.loyhome.com/feed
[2025-10-30 19:17:53] - http://feeds.feedburner.com/ruanyifeng
[2025-10-30 20:24:33] 本次订阅抓取结果统计:
[2025-10-30 20:24:33] 共 28 条RSS, 成功抓取 25 条.
[2025-10-30 20:24:33] ✘ 有 3 条订阅解析失败:
[2025-10-30 20:24:33] - https://tumutanzi.com/feed
[2025-10-30 20:24:33] - https://tcxx.info/feed
[2025-10-30 20:24:33] - https://geekinney.com/index.xml
[2025-10-30 20:24:33] ✘ 有 2 条订阅头像无法访问, 已使用默认头像:
[2025-10-30 20:24:33] - http://feeds.feedburner.com/ruanyifeng
[2025-10-30 20:24:33] - https://www.loyhome.com/feed
[2025-10-30 21:19:56] 本次订阅抓取结果统计:
[2025-10-30 21:19:56] 共 28 条RSS, 成功抓取 25 条.
[2025-10-30 21:19:56] ✘ 有 3 条订阅解析失败:
[2025-10-30 21:19:56] - https://tumutanzi.com/feed
[2025-10-30 21:19:56] - https://tcxx.info/feed
[2025-10-30 21:19:56] - https://geekinney.com/index.xml
[2025-10-30 21:19:56] ✘ 有 2 条订阅头像无法访问, 已使用默认头像:
[2025-10-30 21:19:56] - http://feeds.feedburner.com/ruanyifeng
[2025-10-30 21:19:56] - https://www.loyhome.com/feed
