[2025-08-12 01:51:47] 本次订阅抓取结果统计:
[2025-08-12 01:51:47] 共 28 条RSS, 成功抓取 26 条.
[2025-08-12 01:51:47] ✘ 有 2 条订阅解析失败:
[2025-08-12 01:51:47] - https://tumutanzi.com/feed
[2025-08-12 01:51:47] - https://tcxx.info/feed
[2025-08-12 01:51:47] ✘ 有 2 条订阅头像无法访问, 已使用默认头像:
[2025-08-12 01:51:47] - http://feeds.feedburner.com/ruanyifeng
[2025-08-12 01:51:47] - https://www.loyhome.com/feed
[2025-08-12 03:19:09] 本次订阅抓取结果统计:
[2025-08-12 03:19:09] 共 28 条RSS, 成功抓取 26 条.
[2025-08-12 03:19:09] ✘ 有 2 条订阅解析失败:
[2025-08-12 03:19:09] - https://tumutanzi.com/feed
[2025-08-12 03:19:09] - https://tcxx.info/feed
[2025-08-12 03:19:09] ✘ 有 2 条订阅头像无法访问, 已使用默认头像:
[2025-08-12 03:19:09] - http://feeds.feedburner.com/ruanyifeng
[2025-08-12 03:19:09] - https://www.loyhome.com/feed
[2025-08-12 04:31:19] 本次订阅抓取结果统计:
[2025-08-12 04:31:19] 共 28 条RSS, 成功抓取 26 条.
[2025-08-12 04:31:19] ✘ 有 2 条订阅解析失败:
[2025-08-12 04:31:19] - https://tcxx.info/feed
[2025-08-12 04:31:19] - https://tumutanzi.com/feed
[2025-08-12 04:31:19] ✘ 有 2 条订阅头像无法访问, 已使用默认头像:
[2025-08-12 04:31:19] - http://feeds.feedburner.com/ruanyifeng
[2025-08-12 04:31:19] - https://www.loyhome.com/feed
