[2025-06-09 01:57:02] 本次订阅抓取结果统计:
[2025-06-09 01:57:02] 共 28 条RSS, 成功抓取 27 条.
[2025-06-09 01:57:02] ✘ 有 1 条订阅解析失败:
[2025-06-09 01:57:02] - https://tcxx.info/feed
[2025-06-09 01:57:02] ✘ 有 2 条订阅头像无法访问, 已使用默认头像:
[2025-06-09 01:57:02] - http://feeds.feedburner.com/ruanyifeng
[2025-06-09 01:57:02] - https://www.loyhome.com/feed
[2025-06-09 03:25:05] 本次订阅抓取结果统计:
[2025-06-09 03:25:05] 共 28 条RSS, 成功抓取 27 条.
[2025-06-09 03:25:05] ✘ 有 1 条订阅解析失败:
[2025-06-09 03:25:05] - https://tcxx.info/feed
[2025-06-09 03:25:05] ✘ 有 2 条订阅头像无法访问, 已使用默认头像:
[2025-06-09 03:25:05] - http://feeds.feedburner.com/ruanyifeng
[2025-06-09 03:25:05] - https://www.loyhome.com/feed
[2025-06-09 04:33:48] 本次订阅抓取结果统计:
[2025-06-09 04:33:48] 共 28 条RSS, 成功抓取 27 条.
[2025-06-09 04:33:48] ✘ 有 1 条订阅解析失败:
[2025-06-09 04:33:48] - https://tcxx.info/feed
[2025-06-09 04:33:48] ✘ 有 2 条订阅头像无法访问, 已使用默认头像:
[2025-06-09 04:33:48] - http://feeds.feedburner.com/ruanyifeng
[2025-06-09 04:33:48] - https://www.loyhome.com/feed
[2025-06-09 05:23:35] 本次订阅抓取结果统计:
[2025-06-09 05:23:35] 共 28 条RSS, 成功抓取 27 条.
[2025-06-09 05:23:35] ✘ 有 1 条订阅解析失败:
[2025-06-09 05:23:35] - https://tcxx.info/feed
[2025-06-09 05:23:35] ✘ 有 2 条订阅头像无法访问, 已使用默认头像:
[2025-06-09 05:23:35] - http://feeds.feedburner.com/ruanyifeng
[2025-06-09 05:23:35] - https://www.loyhome.com/feed
