[2025-09-17 01:38:34] 本次订阅抓取结果统计:
[2025-09-17 01:38:34] 共 28 条RSS, 成功抓取 25 条.
[2025-09-17 01:38:34] ✘ 有 3 条订阅解析失败:
[2025-09-17 01:38:34] - https://tcxx.info/feed
[2025-09-17 01:38:34] - https://tumutanzi.com/feed
[2025-09-17 01:38:34] - https://geekinney.com/index.xml
[2025-09-17 01:38:34] ✘ 有 3 条订阅头像无法访问, 已使用默认头像:
[2025-09-17 01:38:34] - http://feeds.feedburner.com/ruanyifeng
[2025-09-17 01:38:34] - https://www.loyhome.com/feed
[2025-09-17 01:38:34] - https://xyzbz.cn/feed
[2025-09-17 02:57:03] 本次订阅抓取结果统计:
[2025-09-17 02:57:03] 共 28 条RSS, 成功抓取 25 条.
[2025-09-17 02:57:03] ✘ 有 3 条订阅解析失败:
[2025-09-17 02:57:03] - https://tcxx.info/feed
[2025-09-17 02:57:03] - https://tumutanzi.com/feed
[2025-09-17 02:57:03] - https://geekinney.com/index.xml
[2025-09-17 02:57:03] ✘ 有 2 条订阅头像无法访问, 已使用默认头像:
[2025-09-17 02:57:03] - http://feeds.feedburner.com/ruanyifeng
[2025-09-17 02:57:03] - https://www.loyhome.com/feed
[2025-09-17 03:31:45] 本次订阅抓取结果统计:
[2025-09-17 03:31:45] 共 28 条RSS, 成功抓取 20 条.
[2025-09-17 03:31:45] ✘ 有 8 条订阅解析失败:
[2025-09-17 03:31:45] - https://tcxx.info/feed
[2025-09-17 03:31:45] - https://tumutanzi.com/feed
[2025-09-17 03:31:45] - https://geekinney.com/index.xml
[2025-09-17 03:31:45] - https://www.shephe.com/feed
[2025-09-17 03:31:45] - https://xyzbz.cn/feed
[2025-09-17 03:31:45] - https://oba.by/feed
[2025-09-17 03:31:45] - https://blog.zhheo.com/rss.xml
[2025-09-17 03:31:45] - https://blog.yanqingshan.com/feed
[2025-09-17 03:31:45] ✘ 有 3 条订阅头像无法访问, 已使用默认头像:
[2025-09-17 03:31:45] - https://hwv430.blogspot.com/feeds/posts/default
[2025-09-17 03:31:45] - https://www.loyhome.com/feed
[2025-09-17 03:31:45] - http://feeds.feedburner.com/ruanyifeng
[2025-09-17 04:25:47] 本次订阅抓取结果统计:
[2025-09-17 04:25:47] 共 28 条RSS, 成功抓取 25 条.
[2025-09-17 04:25:47] ✘ 有 3 条订阅解析失败:
[2025-09-17 04:25:47] - https://tcxx.info/feed
[2025-09-17 04:25:47] - https://tumutanzi.com/feed
[2025-09-17 04:25:47] - https://geekinney.com/index.xml
[2025-09-17 04:25:47] ✘ 有 3 条订阅头像无法访问, 已使用默认头像:
[2025-09-17 04:25:47] - https://hwv430.blogspot.com/feeds/posts/default
[2025-09-17 04:25:47] - http://feeds.feedburner.com/ruanyifeng
[2025-09-17 04:25:47] - https://www.loyhome.com/feed
[2025-09-17 05:20:13] 本次订阅抓取结果统计:
[2025-09-17 05:20:13] 共 28 条RSS, 成功抓取 25 条.
[2025-09-17 05:20:13] ✘ 有 3 条订阅解析失败:
[2025-09-17 05:20:13] - https://tcxx.info/feed
[2025-09-17 05:20:13] - https://tumutanzi.com/feed
[2025-09-17 05:20:13] - https://geekinney.com/index.xml
[2025-09-17 05:20:13] ✘ 有 2 条订阅头像无法访问, 已使用默认头像:
[2025-09-17 05:20:13] - http://feeds.feedburner.com/ruanyifeng
[2025-09-17 05:20:13] - https://www.loyhome.com/feed
[2025-09-17 06:32:12] 本次订阅抓取结果统计:
[2025-09-17 06:32:12] 共 28 条RSS, 成功抓取 25 条.
[2025-09-17 06:32:12] ✘ 有 3 条订阅解析失败:
[2025-09-17 06:32:12] - https://tumutanzi.com/feed
[2025-09-17 06:32:12] - https://tcxx.info/feed
[2025-09-17 06:32:12] - https://geekinney.com/index.xml
[2025-09-17 06:32:12] ✘ 有 3 条订阅头像无法访问, 已使用默认头像:
[2025-09-17 06:32:12] - https://hwv430.blogspot.com/feeds/posts/default
[2025-09-17 06:32:12] - http://feeds.feedburner.com/ruanyifeng
[2025-09-17 06:32:12] - https://www.loyhome.com/feed
[2025-09-17 07:20:19] 本次订阅抓取结果统计:
[2025-09-17 07:20:19] 共 28 条RSS, 成功抓取 25 条.
[2025-09-17 07:20:19] ✘ 有 3 条订阅解析失败:
[2025-09-17 07:20:19] - https://tcxx.info/feed
[2025-09-17 07:20:19] - https://tumutanzi.com/feed
[2025-09-17 07:20:19] - https://geekinney.com/index.xml
[2025-09-17 07:20:19] ✘ 有 2 条订阅头像无法访问, 已使用默认头像:
[2025-09-17 07:20:19] - http://feeds.feedburner.com/ruanyifeng
[2025-09-17 07:20:19] - https://www.loyhome.com/feed
[2025-09-17 08:28:07] 本次订阅抓取结果统计:
[2025-09-17 08:28:07] 共 28 条RSS, 成功抓取 25 条.
[2025-09-17 08:28:07] ✘ 有 3 条订阅解析失败:
[2025-09-17 08:28:07] - https://tumutanzi.com/feed
[2025-09-17 08:28:07] - https://tcxx.info/feed
[2025-09-17 08:28:07] - https://geekinney.com/index.xml
[2025-09-17 08:28:07] ✘ 有 3 条订阅头像无法访问, 已使用默认头像:
[2025-09-17 08:28:07] - https://hwv430.blogspot.com/feeds/posts/default
[2025-09-17 08:28:07] - http://feeds.feedburner.com/ruanyifeng
[2025-09-17 08:28:07] - https://www.loyhome.com/feed
[2025-09-17 09:22:24] 本次订阅抓取结果统计:
[2025-09-17 09:22:24] 共 28 条RSS, 成功抓取 25 条.
[2025-09-17 09:22:24] ✘ 有 3 条订阅解析失败:
[2025-09-17 09:22:24] - https://tcxx.info/feed
[2025-09-17 09:22:24] - https://tumutanzi.com/feed
[2025-09-17 09:22:24] - https://geekinney.com/index.xml
[2025-09-17 09:22:24] ✘ 有 2 条订阅头像无法访问, 已使用默认头像:
[2025-09-17 09:22:24] - http://feeds.feedburner.com/ruanyifeng
[2025-09-17 09:22:24] - https://www.loyhome.com/feed
