[2025-05-26 01:52:31] 本次订阅抓取结果统计:
[2025-05-26 01:52:31] 共 28 条RSS, 成功抓取 27 条.
[2025-05-26 01:52:31] ✘ 有 1 条订阅解析失败:
[2025-05-26 01:52:31] - https://tcxx.info/feed
[2025-05-26 01:52:31] ✘ 有 2 条订阅头像无法访问, 已使用默认头像:
[2025-05-26 01:52:31] - http://feeds.feedburner.com/ruanyifeng
[2025-05-26 01:52:31] - https://www.loyhome.com/feed
[2025-05-26 03:18:19] 本次订阅抓取结果统计:
[2025-05-26 03:18:19] 共 28 条RSS, 成功抓取 27 条.
[2025-05-26 03:18:19] ✘ 有 1 条订阅解析失败:
[2025-05-26 03:18:19] - https://tcxx.info/feed
[2025-05-26 03:18:19] ✘ 有 2 条订阅头像无法访问, 已使用默认头像:
[2025-05-26 03:18:19] - http://feeds.feedburner.com/ruanyifeng
[2025-05-26 03:18:19] - https://www.loyhome.com/feed
[2025-05-26 04:28:23] 本次订阅抓取结果统计:
[2025-05-26 04:28:23] 共 28 条RSS, 成功抓取 27 条.
[2025-05-26 04:28:23] ✘ 有 1 条订阅解析失败:
[2025-05-26 04:28:23] - https://tcxx.info/feed
[2025-05-26 04:28:23] ✘ 有 2 条订阅头像无法访问, 已使用默认头像:
[2025-05-26 04:28:23] - http://feeds.feedburner.com/ruanyifeng
[2025-05-26 04:28:23] - https://www.loyhome.com/feed
[2025-05-26 05:23:11] 本次订阅抓取结果统计:
[2025-05-26 05:23:11] 共 28 条RSS, 成功抓取 27 条.
[2025-05-26 05:23:11] ✘ 有 1 条订阅解析失败:
[2025-05-26 05:23:11] - https://tcxx.info/feed
[2025-05-26 05:23:11] ✘ 有 2 条订阅头像无法访问, 已使用默认头像:
[2025-05-26 05:23:11] - http://feeds.feedburner.com/ruanyifeng
[2025-05-26 05:23:11] - https://www.loyhome.com/feed
[2025-05-26 06:33:27] 本次订阅抓取结果统计:
[2025-05-26 06:33:27] 共 28 条RSS, 成功抓取 27 条.
[2025-05-26 06:33:27] ✘ 有 1 条订阅解析失败:
[2025-05-26 06:33:27] - https://tcxx.info/feed
[2025-05-26 06:33:27] ✘ 有 2 条订阅头像无法访问, 已使用默认头像:
[2025-05-26 06:33:27] - http://feeds.feedburner.com/ruanyifeng
[2025-05-26 06:33:27] - https://www.loyhome.com/feed
[2025-05-26 07:30:44] 本次订阅抓取结果统计:
[2025-05-26 07:30:44] 共 28 条RSS, 成功抓取 27 条.
[2025-05-26 07:30:44] ✘ 有 1 条订阅解析失败:
[2025-05-26 07:30:44] - https://tcxx.info/feed
[2025-05-26 07:30:44] ✘ 有 2 条订阅头像无法访问, 已使用默认头像:
[2025-05-26 07:30:44] - http://feeds.feedburner.com/ruanyifeng
[2025-05-26 07:30:44] - https://www.loyhome.com/feed
[2025-05-26 08:42:15] 本次订阅抓取结果统计:
[2025-05-26 08:42:15] 共 28 条RSS, 成功抓取 27 条.
[2025-05-26 08:42:15] ✘ 有 1 条订阅解析失败:
[2025-05-26 08:42:15] - https://tcxx.info/feed
[2025-05-26 08:42:15] ✘ 有 2 条订阅头像无法访问, 已使用默认头像:
[2025-05-26 08:42:15] - http://feeds.feedburner.com/ruanyifeng
[2025-05-26 08:42:15] - https://www.loyhome.com/feed
[2025-05-26 09:48:52] 本次订阅抓取结果统计:
[2025-05-26 09:48:52] 共 28 条RSS, 成功抓取 27 条.
[2025-05-26 09:48:52] ✘ 有 1 条订阅解析失败:
[2025-05-26 09:48:52] - https://tcxx.info/feed
[2025-05-26 09:48:52] ✘ 有 2 条订阅头像无法访问, 已使用默认头像:
[2025-05-26 09:48:52] - http://feeds.feedburner.com/ruanyifeng
[2025-05-26 09:48:52] - https://www.loyhome.com/feed
