[2025-04-26 01:41:49] 本次订阅抓取结果统计:
[2025-04-26 01:41:49] 共 28 条RSS, 成功抓取 27 条.
[2025-04-26 01:41:49] ✘ 有 1 条订阅解析失败:
[2025-04-26 01:41:49] - https://tcxx.info/feed
[2025-04-26 01:41:49] ✘ 有 4 条订阅头像无法访问, 已使用默认头像:
[2025-04-26 01:41:49] - https://blog.fooleap.org/atom.xml
[2025-04-26 01:41:49] - http://feeds.feedburner.com/ruanyifeng
[2025-04-26 01:41:49] - https://www.loyhome.com/feed
[2025-04-26 01:41:49] - https://blog.zhheo.com/rss.xml
[2025-04-26 03:00:44] 本次订阅抓取结果统计:
[2025-04-26 03:00:44] 共 28 条RSS, 成功抓取 27 条.
[2025-04-26 03:00:44] ✘ 有 1 条订阅解析失败:
[2025-04-26 03:00:44] - https://tcxx.info/feed
[2025-04-26 03:00:44] ✘ 有 4 条订阅头像无法访问, 已使用默认头像:
[2025-04-26 03:00:44] - https://blog.fooleap.org/atom.xml
[2025-04-26 03:00:44] - http://feeds.feedburner.com/ruanyifeng
[2025-04-26 03:00:44] - https://www.loyhome.com/feed
[2025-04-26 03:00:44] - https://blog.zhheo.com/rss.xml
[2025-04-26 04:25:05] 本次订阅抓取结果统计:
[2025-04-26 04:25:05] 共 28 条RSS, 成功抓取 27 条.
[2025-04-26 04:25:05] ✘ 有 1 条订阅解析失败:
[2025-04-26 04:25:05] - https://tcxx.info/feed
[2025-04-26 04:25:05] ✘ 有 5 条订阅头像无法访问, 已使用默认头像:
[2025-04-26 04:25:05] - https://blog.fooleap.org/atom.xml
[2025-04-26 04:25:05] - https://www.loyhome.com/feed
[2025-04-26 04:25:05] - http://feeds.feedburner.com/ruanyifeng
[2025-04-26 04:25:05] - https://blog.zhheo.com/rss.xml
[2025-04-26 04:25:05] - https://ihaihe.cn/feed
[2025-04-26 05:19:57] 本次订阅抓取结果统计:
[2025-04-26 05:19:57] 共 28 条RSS, 成功抓取 27 条.
[2025-04-26 05:19:57] ✘ 有 1 条订阅解析失败:
[2025-04-26 05:19:57] - https://tcxx.info/feed
[2025-04-26 05:19:57] ✘ 有 4 条订阅头像无法访问, 已使用默认头像:
[2025-04-26 05:19:57] - https://blog.fooleap.org/atom.xml
[2025-04-26 05:19:57] - http://feeds.feedburner.com/ruanyifeng
[2025-04-26 05:19:57] - https://www.loyhome.com/feed
[2025-04-26 05:19:57] - https://blog.zhheo.com/rss.xml
