[2025-10-19 01:53:19] 本次订阅抓取结果统计:
[2025-10-19 01:53:19] 共 28 条RSS, 成功抓取 25 条.
[2025-10-19 01:53:19] ✘ 有 3 条订阅解析失败:
[2025-10-19 01:53:19] - https://tcxx.info/feed
[2025-10-19 01:53:19] - https://tumutanzi.com/feed
[2025-10-19 01:53:19] - https://geekinney.com/index.xml
[2025-10-19 01:53:19] ✘ 有 2 条订阅头像无法访问, 已使用默认头像:
[2025-10-19 01:53:19] - https://www.loyhome.com/feed
[2025-10-19 01:53:19] - http://feeds.feedburner.com/ruanyifeng
[2025-10-19 03:17:56] 本次订阅抓取结果统计:
[2025-10-19 03:17:56] 共 28 条RSS, 成功抓取 25 条.
[2025-10-19 03:17:56] ✘ 有 3 条订阅解析失败:
[2025-10-19 03:17:56] - https://tcxx.info/feed
[2025-10-19 03:17:56] - https://tumutanzi.com/feed
[2025-10-19 03:17:56] - https://geekinney.com/index.xml
[2025-10-19 03:17:56] ✘ 有 2 条订阅头像无法访问, 已使用默认头像:
[2025-10-19 03:17:56] - http://feeds.feedburner.com/ruanyifeng
[2025-10-19 03:17:56] - https://www.loyhome.com/feed
[2025-10-19 04:26:02] 本次订阅抓取结果统计:
[2025-10-19 04:26:02] 共 28 条RSS, 成功抓取 25 条.
[2025-10-19 04:26:02] ✘ 有 3 条订阅解析失败:
[2025-10-19 04:26:02] - https://tcxx.info/feed
[2025-10-19 04:26:02] - https://tumutanzi.com/feed
[2025-10-19 04:26:02] - https://geekinney.com/index.xml
[2025-10-19 04:26:02] ✘ 有 2 条订阅头像无法访问, 已使用默认头像:
[2025-10-19 04:26:02] - https://www.loyhome.com/feed
[2025-10-19 04:26:02] - http://feeds.feedburner.com/ruanyifeng
