[2025-04-06 03:11:52] 本次订阅抓取结果统计:
[2025-04-06 03:11:52] 共 28 条RSS, 成功抓取 27 条.
[2025-04-06 03:11:52] ✘ 有 1 条订阅解析失败:
[2025-04-06 03:11:52] - https://geekinney.com/index.xml
[2025-04-06 03:11:52] ✘ 有 2 条订阅头像无法访问, 已使用默认头像:
[2025-04-06 03:11:52] - http://feeds.feedburner.com/ruanyifeng
[2025-04-06 03:11:52] - https://www.loyhome.com/feed
[2025-04-06 04:47:11] 本次订阅抓取结果统计:
[2025-04-06 04:47:11] 共 28 条RSS, 成功抓取 27 条.
[2025-04-06 04:47:11] ✘ 有 1 条订阅解析失败:
[2025-04-06 04:47:11] - https://geekinney.com/index.xml
[2025-04-06 04:47:11] ✘ 有 2 条订阅头像无法访问, 已使用默认头像:
[2025-04-06 04:47:11] - http://feeds.feedburner.com/ruanyifeng
[2025-04-06 04:47:11] - https://www.loyhome.com/feed
[2025-04-06 05:33:36] 本次订阅抓取结果统计:
[2025-04-06 05:33:36] 共 28 条RSS, 成功抓取 26 条.
[2025-04-06 05:33:36] ✘ 有 2 条订阅解析失败:
[2025-04-06 05:33:36] - https://tcxx.info/feed
[2025-04-06 05:33:36] - https://geekinney.com/index.xml
[2025-04-06 05:33:36] ✘ 有 2 条订阅头像无法访问, 已使用默认头像:
[2025-04-06 05:33:36] - http://feeds.feedburner.com/ruanyifeng
[2025-04-06 05:33:36] - https://www.loyhome.com/feed
[2025-04-06 06:48:25] 本次订阅抓取结果统计:
[2025-04-06 06:48:25] 共 28 条RSS, 成功抓取 27 条.
[2025-04-06 06:48:25] ✘ 有 1 条订阅解析失败:
[2025-04-06 06:48:25] - https://geekinney.com/index.xml
[2025-04-06 06:48:25] ✘ 有 2 条订阅头像无法访问, 已使用默认头像:
[2025-04-06 06:48:25] - http://feeds.feedburner.com/ruanyifeng
[2025-04-06 06:48:25] - https://www.loyhome.com/feed
[2025-04-06 07:26:54] 本次订阅抓取结果统计:
[2025-04-06 07:26:54] 共 28 条RSS, 成功抓取 27 条.
[2025-04-06 07:26:54] ✘ 有 1 条订阅解析失败:
[2025-04-06 07:26:54] - https://geekinney.com/index.xml
[2025-04-06 07:26:54] ✘ 有 3 条订阅头像无法访问, 已使用默认头像:
[2025-04-06 07:26:54] - https://tcxx.info/feed
[2025-04-06 07:26:54] - http://feeds.feedburner.com/ruanyifeng
[2025-04-06 07:26:54] - https://www.loyhome.com/feed
