[2025-10-25 01:41:38] 本次订阅抓取结果统计:
[2025-10-25 01:41:38] 共 28 条RSS, 成功抓取 25 条.
[2025-10-25 01:41:38] ✘ 有 3 条订阅解析失败:
[2025-10-25 01:41:38] - https://tcxx.info/feed
[2025-10-25 01:41:38] - https://tumutanzi.com/feed
[2025-10-25 01:41:38] - https://geekinney.com/index.xml
[2025-10-25 01:41:38] ✘ 有 2 条订阅头像无法访问, 已使用默认头像:
[2025-10-25 01:41:38] - http://feeds.feedburner.com/ruanyifeng
[2025-10-25 01:41:38] - https://www.loyhome.com/feed
[2025-10-25 03:04:04] 本次订阅抓取结果统计:
[2025-10-25 03:04:04] 共 28 条RSS, 成功抓取 25 条.
[2025-10-25 03:04:04] ✘ 有 3 条订阅解析失败:
[2025-10-25 03:04:04] - https://tumutanzi.com/feed
[2025-10-25 03:04:04] - https://tcxx.info/feed
[2025-10-25 03:04:04] - https://geekinney.com/index.xml
[2025-10-25 03:04:04] ✘ 有 2 条订阅头像无法访问, 已使用默认头像:
[2025-10-25 03:04:04] - https://www.loyhome.com/feed
[2025-10-25 03:04:04] - http://feeds.feedburner.com/ruanyifeng
[2025-10-25 04:24:49] 本次订阅抓取结果统计:
[2025-10-25 04:24:49] 共 28 条RSS, 成功抓取 25 条.
[2025-10-25 04:24:49] ✘ 有 3 条订阅解析失败:
[2025-10-25 04:24:49] - https://tcxx.info/feed
[2025-10-25 04:24:49] - https://tumutanzi.com/feed
[2025-10-25 04:24:49] - https://geekinney.com/index.xml
[2025-10-25 04:24:49] ✘ 有 2 条订阅头像无法访问, 已使用默认头像:
[2025-10-25 04:24:49] - http://feeds.feedburner.com/ruanyifeng
[2025-10-25 04:24:49] - https://www.loyhome.com/feed
[2025-10-25 05:20:45] 本次订阅抓取结果统计:
[2025-10-25 05:20:45] 共 28 条RSS, 成功抓取 25 条.
[2025-10-25 05:20:45] ✘ 有 3 条订阅解析失败:
[2025-10-25 05:20:45] - https://tumutanzi.com/feed
[2025-10-25 05:20:45] - https://tcxx.info/feed
[2025-10-25 05:20:45] - https://geekinney.com/index.xml
[2025-10-25 05:20:45] ✘ 有 2 条订阅头像无法访问, 已使用默认头像:
[2025-10-25 05:20:45] - http://feeds.feedburner.com/ruanyifeng
[2025-10-25 05:20:45] - https://www.loyhome.com/feed
