[2025-04-21 01:48:47] 本次订阅抓取结果统计:
[2025-04-21 01:48:47] 共 28 条RSS, 成功抓取 27 条.
[2025-04-21 01:48:47] ✘ 有 1 条订阅解析失败:
[2025-04-21 01:48:47] - https://tcxx.info/feed
[2025-04-21 01:48:47] ✘ 有 2 条订阅头像无法访问, 已使用默认头像:
[2025-04-21 01:48:47] - http://feeds.feedburner.com/ruanyifeng
[2025-04-21 01:48:47] - https://www.loyhome.com/feed
[2025-04-21 03:11:54] 本次订阅抓取结果统计:
[2025-04-21 03:11:54] 共 28 条RSS, 成功抓取 26 条.
[2025-04-21 03:11:54] ✘ 有 2 条订阅解析失败:
[2025-04-21 03:11:54] - https://tcxx.info/feed
[2025-04-21 03:11:54] - https://tumutanzi.com/feed
[2025-04-21 03:11:54] ✘ 有 2 条订阅头像无法访问, 已使用默认头像:
[2025-04-21 03:11:54] - http://feeds.feedburner.com/ruanyifeng
[2025-04-21 03:11:54] - https://www.loyhome.com/feed
[2025-04-21 04:26:00] 本次订阅抓取结果统计:
[2025-04-21 04:26:00] 共 28 条RSS, 成功抓取 27 条.
[2025-04-21 04:26:00] ✘ 有 1 条订阅解析失败:
[2025-04-21 04:26:00] - https://tcxx.info/feed
[2025-04-21 04:26:00] ✘ 有 2 条订阅头像无法访问, 已使用默认头像:
[2025-04-21 04:26:00] - http://feeds.feedburner.com/ruanyifeng
[2025-04-21 04:26:00] - https://www.loyhome.com/feed
[2025-04-21 05:22:54] 本次订阅抓取结果统计:
[2025-04-21 05:22:54] 共 28 条RSS, 成功抓取 27 条.
[2025-04-21 05:22:54] ✘ 有 1 条订阅解析失败:
[2025-04-21 05:22:54] - https://tcxx.info/feed
[2025-04-21 05:22:54] ✘ 有 2 条订阅头像无法访问, 已使用默认头像:
[2025-04-21 05:22:54] - http://feeds.feedburner.com/ruanyifeng
[2025-04-21 05:22:54] - https://www.loyhome.com/feed
