[2025-03-13 01:16:42] 本次订阅抓取结果统计:
[2025-03-13 01:16:42] 共 28 条RSS, 成功抓取 26 条.
[2025-03-13 01:16:42] ✘ 有 2 条订阅解析失败:
[2025-03-13 01:16:42] - https://tcxx.info/feed
[2025-03-13 01:16:42] - https://1900.live/rss.xml
[2025-03-13 01:16:42] ✘ 有 2 条订阅头像无法访问, 已使用默认头像:
[2025-03-13 01:16:42] - http://feeds.feedburner.com/ruanyifeng
[2025-03-13 01:16:42] - https://www.loyhome.com/feed
[2025-03-13 02:30:22] [ERROR] 拉取RSS链接失败: /home/runner/work/lhasaRSS/lhasaRSS/feed_fetcher.go:80 => 读取Github RSS文件失败:  | 原因: open : no such file or directory
[2025-03-13 02:34:47] [ERROR] 拉取RSS链接失败: /home/runner/work/lhasaRSS/lhasaRSS/feed_fetcher.go:80 => 读取Github RSS文件失败:  | 原因: open : no such file or directory
[2025-03-13 03:49:57] [ERROR] 拉取RSS链接失败: /home/runner/work/lhasaRSS/lhasaRSS/feed_fetcher.go:80 => 读取Github RSS文件失败:  | 原因: open : no such file or directory
[2025-03-13 04:01:28] [ERROR] 拉取RSS链接失败: /home/runner/work/lhasaRSS/lhasaRSS/feed_fetcher.go:80 => 读取Github RSS文件失败:  | 原因: open : no such file or directory
[2025-03-13 04:02:37] [ERROR] 拉取RSS链接失败: /home/runner/work/lhasaRSS/lhasaRSS/feed_fetcher.go:80 => 读取Github RSS文件失败:  | 原因: open : no such file or directory
[2025-03-13 04:04:07] [ERROR] 拉取RSS链接失败: /home/runner/work/lhasaRSS/lhasaRSS/feed_fetcher.go:80 => 读取Github RSS文件失败:  | 原因: open : no such file or directory
[2025-03-13 04:18:47] 本次订阅抓取结果统计:
[2025-03-13 04:18:47] 共 28 条RSS, 成功抓取 27 条.
[2025-03-13 04:18:47] ✘ 有 1 条订阅解析失败:
[2025-03-13 04:18:47] - https://tcxx.info/feed
[2025-03-13 04:18:47] ✘ 有 3 条订阅头像无法访问, 已使用默认头像:
[2025-03-13 04:18:47] - https://xyzbz.cn/feed
[2025-03-13 04:18:47] - http://feeds.feedburner.com/ruanyifeng
[2025-03-13 04:18:47] - https://www.loyhome.com/feed
[2025-03-13 04:40:35] 本次订阅抓取结果统计:
[2025-03-13 04:40:35] 共 28 条RSS, 成功抓取 27 条.
[2025-03-13 04:40:35] ✘ 有 1 条订阅解析失败:
[2025-03-13 04:40:35] - https://tcxx.info/feed
[2025-03-13 04:40:35] ✘ 有 2 条订阅头像无法访问, 已使用默认头像:
[2025-03-13 04:40:35] - https://www.loyhome.com/feed
[2025-03-13 04:40:35] - http://feeds.feedburner.com/ruanyifeng
[2025-03-13 05:34:48] 本次订阅抓取结果统计:
[2025-03-13 05:34:48] 共 28 条RSS, 成功抓取 27 条.
[2025-03-13 05:34:48] ✘ 有 1 条订阅解析失败:
[2025-03-13 05:34:48] - https://tcxx.info/feed
[2025-03-13 05:34:48] ✘ 有 2 条订阅头像无法访问, 已使用默认头像:
[2025-03-13 05:34:48] - http://feeds.feedburner.com/ruanyifeng
[2025-03-13 05:34:48] - https://www.loyhome.com/feed
[2025-03-13 06:38:42] 本次订阅抓取结果统计:
[2025-03-13 06:38:42] 共 28 条RSS, 成功抓取 27 条.
[2025-03-13 06:38:42] ✘ 有 1 条订阅解析失败:
[2025-03-13 06:38:42] - https://tcxx.info/feed
[2025-03-13 06:38:42] ✘ 有 2 条订阅头像无法访问, 已使用默认头像:
[2025-03-13 06:38:42] - http://feeds.feedburner.com/ruanyifeng
[2025-03-13 06:38:42] - https://www.loyhome.com/feed
[2025-03-13 06:47:12] 本次订阅抓取结果统计:
[2025-03-13 06:47:12] 共 28 条RSS, 成功抓取 27 条.
[2025-03-13 06:47:12] ✘ 有 1 条订阅解析失败:
[2025-03-13 06:47:12] - https://tcxx.info/feed
[2025-03-13 06:47:12] ✘ 有 2 条订阅头像无法访问, 已使用默认头像:
[2025-03-13 06:47:12] - http://feeds.feedburner.com/ruanyifeng
[2025-03-13 06:47:12] - https://www.loyhome.com/feed
