[2025-04-22 01:44:26] 本次订阅抓取结果统计:
[2025-04-22 01:44:26] 共 28 条RSS, 成功抓取 27 条.
[2025-04-22 01:44:26] ✘ 有 1 条订阅解析失败:
[2025-04-22 01:44:26] - https://tcxx.info/feed
[2025-04-22 01:44:26] ✘ 有 2 条订阅头像无法访问, 已使用默认头像:
[2025-04-22 01:44:26] - http://feeds.feedburner.com/ruanyifeng
[2025-04-22 01:44:26] - https://www.loyhome.com/feed
[2025-04-22 03:04:20] 本次订阅抓取结果统计:
[2025-04-22 03:04:20] 共 28 条RSS, 成功抓取 27 条.
[2025-04-22 03:04:20] ✘ 有 1 条订阅解析失败:
[2025-04-22 03:04:20] - https://tcxx.info/feed
[2025-04-22 03:04:20] ✘ 有 2 条订阅头像无法访问, 已使用默认头像:
[2025-04-22 03:04:20] - http://feeds.feedburner.com/ruanyifeng
[2025-04-22 03:04:20] - https://www.loyhome.com/feed
[2025-04-22 04:25:10] 本次订阅抓取结果统计:
[2025-04-22 04:25:10] 共 28 条RSS, 成功抓取 27 条.
[2025-04-22 04:25:10] ✘ 有 1 条订阅解析失败:
[2025-04-22 04:25:10] - https://tcxx.info/feed
[2025-04-22 04:25:10] ✘ 有 2 条订阅头像无法访问, 已使用默认头像:
[2025-04-22 04:25:10] - http://feeds.feedburner.com/ruanyifeng
[2025-04-22 04:25:10] - https://www.loyhome.com/feed
[2025-04-22 05:21:12] 本次订阅抓取结果统计:
[2025-04-22 05:21:12] 共 28 条RSS, 成功抓取 27 条.
[2025-04-22 05:21:12] ✘ 有 1 条订阅解析失败:
[2025-04-22 05:21:12] - https://tcxx.info/feed
[2025-04-22 05:21:12] ✘ 有 2 条订阅头像无法访问, 已使用默认头像:
[2025-04-22 05:21:12] - http://feeds.feedburner.com/ruanyifeng
[2025-04-22 05:21:12] - https://www.loyhome.com/feed
[2025-04-22 06:30:33] 本次订阅抓取结果统计:
[2025-04-22 06:30:33] 共 28 条RSS, 成功抓取 27 条.
[2025-04-22 06:30:33] ✘ 有 1 条订阅解析失败:
[2025-04-22 06:30:33] - https://tcxx.info/feed
[2025-04-22 06:30:33] ✘ 有 2 条订阅头像无法访问, 已使用默认头像:
[2025-04-22 06:30:33] - http://feeds.feedburner.com/ruanyifeng
[2025-04-22 06:30:33] - https://www.loyhome.com/feed
[2025-04-22 07:21:28] 本次订阅抓取结果统计:
[2025-04-22 07:21:28] 共 28 条RSS, 成功抓取 27 条.
[2025-04-22 07:21:28] ✘ 有 1 条订阅解析失败:
[2025-04-22 07:21:28] - https://tcxx.info/feed
[2025-04-22 07:21:28] ✘ 有 2 条订阅头像无法访问, 已使用默认头像:
[2025-04-22 07:21:28] - https://www.loyhome.com/feed
[2025-04-22 07:21:28] - http://feeds.feedburner.com/ruanyifeng
[2025-04-22 08:28:28] 本次订阅抓取结果统计:
[2025-04-22 08:28:28] 共 28 条RSS, 成功抓取 27 条.
[2025-04-22 08:28:28] ✘ 有 1 条订阅解析失败:
[2025-04-22 08:28:28] - https://tcxx.info/feed
[2025-04-22 08:28:28] ✘ 有 2 条订阅头像无法访问, 已使用默认头像:
[2025-04-22 08:28:28] - http://feeds.feedburner.com/ruanyifeng
[2025-04-22 08:28:28] - https://www.loyhome.com/feed
[2025-04-22 09:23:35] 本次订阅抓取结果统计:
[2025-04-22 09:23:35] 共 28 条RSS, 成功抓取 27 条.
[2025-04-22 09:23:35] ✘ 有 1 条订阅解析失败:
[2025-04-22 09:23:35] - https://tcxx.info/feed
[2025-04-22 09:23:35] ✘ 有 2 条订阅头像无法访问, 已使用默认头像:
[2025-04-22 09:23:35] - https://www.loyhome.com/feed
[2025-04-22 09:23:35] - http://feeds.feedburner.com/ruanyifeng
[2025-04-22 10:22:46] 本次订阅抓取结果统计:
[2025-04-22 10:22:46] 共 28 条RSS, 成功抓取 27 条.
[2025-04-22 10:22:46] ✘ 有 1 条订阅解析失败:
[2025-04-22 10:22:46] - https://tcxx.info/feed
[2025-04-22 10:22:46] ✘ 有 2 条订阅头像无法访问, 已使用默认头像:
[2025-04-22 10:22:46] - http://feeds.feedburner.com/ruanyifeng
[2025-04-22 10:22:46] - https://www.loyhome.com/feed
[2025-04-22 11:18:26] 本次订阅抓取结果统计:
[2025-04-22 11:18:26] 共 28 条RSS, 成功抓取 27 条.
[2025-04-22 11:18:26] ✘ 有 1 条订阅解析失败:
[2025-04-22 11:18:26] - https://tcxx.info/feed
[2025-04-22 11:18:26] ✘ 有 2 条订阅头像无法访问, 已使用默认头像:
[2025-04-22 11:18:26] - http://feeds.feedburner.com/ruanyifeng
[2025-04-22 11:18:26] - https://www.loyhome.com/feed
[2025-04-22 12:42:10] 本次订阅抓取结果统计:
[2025-04-22 12:42:10] 共 28 条RSS, 成功抓取 27 条.
[2025-04-22 12:42:10] ✘ 有 1 条订阅解析失败:
[2025-04-22 12:42:10] - https://tcxx.info/feed
[2025-04-22 12:42:10] ✘ 有 2 条订阅头像无法访问, 已使用默认头像:
[2025-04-22 12:42:10] - http://feeds.feedburner.com/ruanyifeng
[2025-04-22 12:42:10] - https://www.loyhome.com/feed
[2025-04-22 13:30:59] 本次订阅抓取结果统计:
[2025-04-22 13:30:59] 共 28 条RSS, 成功抓取 27 条.
[2025-04-22 13:30:59] ✘ 有 1 条订阅解析失败:
[2025-04-22 13:30:59] - https://tcxx.info/feed
[2025-04-22 13:30:59] ✘ 有 3 条订阅头像无法访问, 已使用默认头像:
[2025-04-22 13:30:59] - http://feeds.feedburner.com/ruanyifeng
[2025-04-22 13:30:59] - https://www.loyhome.com/feed
[2025-04-22 13:30:59] - https://xyzbz.cn/feed
