[2025-11-28 01:47:29] 本次订阅抓取结果统计:
[2025-11-28 01:47:29] 共 28 条RSS, 成功抓取 25 条.
[2025-11-28 01:47:29] ✘ 有 3 条订阅解析失败:
[2025-11-28 01:47:29] - https://tcxx.info/feed
[2025-11-28 01:47:29] - https://tumutanzi.com/feed
[2025-11-28 01:47:29] - https://geekinney.com/index.xml
[2025-11-28 01:47:29] ✘ 有 2 条订阅头像无法访问, 已使用默认头像:
[2025-11-28 01:47:29] - http://feeds.feedburner.com/ruanyifeng
[2025-11-28 01:47:29] - https://www.loyhome.com/feed
[2025-11-28 03:13:58] 本次订阅抓取结果统计:
[2025-11-28 03:13:58] 共 28 条RSS, 成功抓取 25 条.
[2025-11-28 03:13:58] ✘ 有 3 条订阅解析失败:
[2025-11-28 03:13:58] - https://tcxx.info/feed
[2025-11-28 03:13:58] - https://tumutanzi.com/feed
[2025-11-28 03:13:58] - https://geekinney.com/index.xml
[2025-11-28 03:13:58] ✘ 有 2 条订阅头像无法访问, 已使用默认头像:
[2025-11-28 03:13:58] - http://feeds.feedburner.com/ruanyifeng
[2025-11-28 03:13:58] - https://www.loyhome.com/feed
[2025-11-28 04:28:41] 本次订阅抓取结果统计:
[2025-11-28 04:28:41] 共 28 条RSS, 成功抓取 24 条.
[2025-11-28 04:28:41] ✘ 有 4 条订阅解析失败:
[2025-11-28 04:28:41] - https://tcxx.info/feed
[2025-11-28 04:28:41] - https://tumutanzi.com/feed
[2025-11-28 04:28:41] - https://geekinney.com/index.xml
[2025-11-28 04:28:41] - https://wangpei.net/feed
[2025-11-28 04:28:41] ✘ 有 2 条订阅头像无法访问, 已使用默认头像:
[2025-11-28 04:28:41] - http://feeds.feedburner.com/ruanyifeng
[2025-11-28 04:28:41] - https://www.loyhome.com/feed
[2025-11-28 05:24:16] 本次订阅抓取结果统计:
[2025-11-28 05:24:16] 共 28 条RSS, 成功抓取 24 条.
[2025-11-28 05:24:16] ✘ 有 4 条订阅解析失败:
[2025-11-28 05:24:16] - https://tumutanzi.com/feed
[2025-11-28 05:24:16] - https://tcxx.info/feed
[2025-11-28 05:24:16] - https://geekinney.com/index.xml
[2025-11-28 05:24:16] - https://wangpei.net/feed
[2025-11-28 05:24:16] ✘ 有 2 条订阅头像无法访问, 已使用默认头像:
[2025-11-28 05:24:16] - https://www.loyhome.com/feed
[2025-11-28 05:24:16] - http://feeds.feedburner.com/ruanyifeng
[2025-11-28 06:36:11] 本次订阅抓取结果统计:
[2025-11-28 06:36:11] 共 28 条RSS, 成功抓取 25 条.
[2025-11-28 06:36:11] ✘ 有 3 条订阅解析失败:
[2025-11-28 06:36:11] - https://tumutanzi.com/feed
[2025-11-28 06:36:11] - https://tcxx.info/feed
[2025-11-28 06:36:11] - https://geekinney.com/index.xml
[2025-11-28 06:36:11] ✘ 有 2 条订阅头像无法访问, 已使用默认头像:
[2025-11-28 06:36:11] - http://feeds.feedburner.com/ruanyifeng
[2025-11-28 06:36:11] - https://www.loyhome.com/feed
[2025-11-28 07:22:51] 本次订阅抓取结果统计:
[2025-11-28 07:22:51] 共 28 条RSS, 成功抓取 25 条.
[2025-11-28 07:22:51] ✘ 有 3 条订阅解析失败:
[2025-11-28 07:22:51] - https://tcxx.info/feed
[2025-11-28 07:22:51] - https://tumutanzi.com/feed
[2025-11-28 07:22:51] - https://geekinney.com/index.xml
[2025-11-28 07:22:51] ✘ 有 2 条订阅头像无法访问, 已使用默认头像:
[2025-11-28 07:22:51] - http://feeds.feedburner.com/ruanyifeng
[2025-11-28 07:22:51] - https://www.loyhome.com/feed
[2025-11-28 08:32:00] 本次订阅抓取结果统计:
[2025-11-28 08:32:00] 共 28 条RSS, 成功抓取 25 条.
[2025-11-28 08:32:00] ✘ 有 3 条订阅解析失败:
[2025-11-28 08:32:00] - https://tcxx.info/feed
[2025-11-28 08:32:00] - https://tumutanzi.com/feed
[2025-11-28 08:32:00] - https://geekinney.com/index.xml
[2025-11-28 08:32:00] ✘ 有 2 条订阅头像无法访问, 已使用默认头像:
[2025-11-28 08:32:00] - http://feeds.feedburner.com/ruanyifeng
[2025-11-28 08:32:00] - https://www.loyhome.com/feed
[2025-11-28 09:25:17] 本次订阅抓取结果统计:
[2025-11-28 09:25:17] 共 28 条RSS, 成功抓取 24 条.
[2025-11-28 09:25:17] ✘ 有 4 条订阅解析失败:
[2025-11-28 09:25:17] - https://tumutanzi.com/feed
[2025-11-28 09:25:17] - https://tcxx.info/feed
[2025-11-28 09:25:17] - https://geekinney.com/index.xml
[2025-11-28 09:25:17] - https://wangpei.net/feed
[2025-11-28 09:25:17] ✘ 有 2 条订阅头像无法访问, 已使用默认头像:
[2025-11-28 09:25:17] - http://feeds.feedburner.com/ruanyifeng
[2025-11-28 09:25:17] - https://www.loyhome.com/feed
[2025-11-28 10:26:01] 本次订阅抓取结果统计:
[2025-11-28 10:26:01] 共 28 条RSS, 成功抓取 25 条.
[2025-11-28 10:26:01] ✘ 有 3 条订阅解析失败:
[2025-11-28 10:26:01] - https://tumutanzi.com/feed
[2025-11-28 10:26:01] - https://tcxx.info/feed
[2025-11-28 10:26:01] - https://geekinney.com/index.xml
[2025-11-28 10:26:01] ✘ 有 2 条订阅头像无法访问, 已使用默认头像:
[2025-11-28 10:26:01] - http://feeds.feedburner.com/ruanyifeng
[2025-11-28 10:26:01] - https://www.loyhome.com/feed
[2025-11-28 11:20:24] 本次订阅抓取结果统计:
[2025-11-28 11:20:24] 共 28 条RSS, 成功抓取 24 条.
[2025-11-28 11:20:24] ✘ 有 4 条订阅解析失败:
[2025-11-28 11:20:24] - https://tcxx.info/feed
[2025-11-28 11:20:24] - https://tumutanzi.com/feed
[2025-11-28 11:20:24] - https://geekinney.com/index.xml
[2025-11-28 11:20:24] - https://wangpei.net/feed
[2025-11-28 11:20:24] ✘ 有 4 条订阅头像无法访问, 已使用默认头像:
[2025-11-28 11:20:24] - http://feeds.feedburner.com/ruanyifeng
[2025-11-28 11:20:24] - https://www.loyhome.com/feed
[2025-11-28 11:20:24] - https://blog.yanqingshan.com/feed
[2025-11-28 11:20:24] - https://xyzbz.cn/feed
[2025-11-28 12:48:07] 本次订阅抓取结果统计:
[2025-11-28 12:48:07] 共 28 条RSS, 成功抓取 24 条.
[2025-11-28 12:48:07] ✘ 有 4 条订阅解析失败:
[2025-11-28 12:48:07] - https://tcxx.info/feed
[2025-11-28 12:48:07] - https://tumutanzi.com/feed
[2025-11-28 12:48:07] - https://geekinney.com/index.xml
[2025-11-28 12:48:07] - https://wangpei.net/feed
[2025-11-28 12:48:07] ✘ 有 2 条订阅头像无法访问, 已使用默认头像:
[2025-11-28 12:48:07] - http://feeds.feedburner.com/ruanyifeng
[2025-11-28 12:48:07] - https://www.loyhome.com/feed
[2025-11-28 13:32:27] 本次订阅抓取结果统计:
[2025-11-28 13:32:27] 共 28 条RSS, 成功抓取 25 条.
[2025-11-28 13:32:27] ✘ 有 3 条订阅解析失败:
[2025-11-28 13:32:27] - https://tumutanzi.com/feed
[2025-11-28 13:32:27] - https://tcxx.info/feed
[2025-11-28 13:32:27] - https://geekinney.com/index.xml
[2025-11-28 13:32:27] ✘ 有 2 条订阅头像无法访问, 已使用默认头像:
[2025-11-28 13:32:27] - http://feeds.feedburner.com/ruanyifeng
[2025-11-28 13:32:27] - https://www.loyhome.com/feed
[2025-11-28 14:23:21] 本次订阅抓取结果统计:
[2025-11-28 14:23:21] 共 28 条RSS, 成功抓取 25 条.
[2025-11-28 14:23:21] ✘ 有 3 条订阅解析失败:
[2025-11-28 14:23:21] - https://tcxx.info/feed
[2025-11-28 14:23:21] - https://tumutanzi.com/feed
[2025-11-28 14:23:21] - https://geekinney.com/index.xml
[2025-11-28 14:23:21] ✘ 有 3 条订阅头像无法访问, 已使用默认头像:
[2025-11-28 14:23:21] - https://www.loyhome.com/feed
[2025-11-28 14:23:21] - http://feeds.feedburner.com/ruanyifeng
[2025-11-28 14:23:21] - https://xyzbz.cn/feed
[2025-11-28 15:24:05] 本次订阅抓取结果统计:
[2025-11-28 15:24:05] 共 28 条RSS, 成功抓取 25 条.
[2025-11-28 15:24:05] ✘ 有 3 条订阅解析失败:
[2025-11-28 15:24:05] - https://tcxx.info/feed
[2025-11-28 15:24:05] - https://tumutanzi.com/feed
[2025-11-28 15:24:05] - https://geekinney.com/index.xml
[2025-11-28 15:24:05] ✘ 有 2 条订阅头像无法访问, 已使用默认头像:
[2025-11-28 15:24:05] - http://feeds.feedburner.com/ruanyifeng
[2025-11-28 15:24:05] - https://www.loyhome.com/feed
[2025-11-28 16:29:06] 本次订阅抓取结果统计:
[2025-11-28 16:29:06] 共 28 条RSS, 成功抓取 24 条.
[2025-11-28 16:29:06] ✘ 有 4 条订阅解析失败:
[2025-11-28 16:29:06] - https://tcxx.info/feed
[2025-11-28 16:29:06] - https://tumutanzi.com/feed
[2025-11-28 16:29:06] - https://geekinney.com/index.xml
[2025-11-28 16:29:06] - https://wangpei.net/feed
[2025-11-28 16:29:06] ✘ 有 2 条订阅头像无法访问, 已使用默认头像:
[2025-11-28 16:29:06] - https://www.loyhome.com/feed
[2025-11-28 16:29:06] - http://feeds.feedburner.com/ruanyifeng
[2025-11-28 17:20:09] 本次订阅抓取结果统计:
[2025-11-28 17:20:09] 共 28 条RSS, 成功抓取 24 条.
[2025-11-28 17:20:09] ✘ 有 4 条订阅解析失败:
[2025-11-28 17:20:09] - https://tcxx.info/feed
[2025-11-28 17:20:09] - https://tumutanzi.com/feed
[2025-11-28 17:20:09] - https://geekinney.com/index.xml
[2025-11-28 17:20:09] - https://wangpei.net/feed
[2025-11-28 17:20:09] ✘ 有 2 条订阅头像无法访问, 已使用默认头像:
[2025-11-28 17:20:09] - http://feeds.feedburner.com/ruanyifeng
[2025-11-28 17:20:09] - https://www.loyhome.com/feed
[2025-11-28 18:32:24] 本次订阅抓取结果统计:
[2025-11-28 18:32:24] 共 28 条RSS, 成功抓取 24 条.
[2025-11-28 18:32:24] ✘ 有 4 条订阅解析失败:
[2025-11-28 18:32:24] - https://tcxx.info/feed
[2025-11-28 18:32:24] - https://tumutanzi.com/feed
[2025-11-28 18:32:24] - https://geekinney.com/index.xml
[2025-11-28 18:32:24] - https://wangpei.net/feed
[2025-11-28 18:32:24] ✘ 有 2 条订阅头像无法访问, 已使用默认头像:
[2025-11-28 18:32:24] - http://feeds.feedburner.com/ruanyifeng
[2025-11-28 18:32:24] - https://www.loyhome.com/feed
[2025-11-28 19:18:04] 本次订阅抓取结果统计:
[2025-11-28 19:18:04] 共 28 条RSS, 成功抓取 25 条.
[2025-11-28 19:18:04] ✘ 有 3 条订阅解析失败:
[2025-11-28 19:18:04] - https://tcxx.info/feed
[2025-11-28 19:18:04] - https://tumutanzi.com/feed
[2025-11-28 19:18:04] - https://geekinney.com/index.xml
[2025-11-28 19:18:04] ✘ 有 2 条订阅头像无法访问, 已使用默认头像:
[2025-11-28 19:18:04] - http://feeds.feedburner.com/ruanyifeng
[2025-11-28 19:18:04] - https://www.loyhome.com/feed
[2025-11-28 20:26:05] 本次订阅抓取结果统计:
[2025-11-28 20:26:05] 共 28 条RSS, 成功抓取 24 条.
[2025-11-28 20:26:05] ✘ 有 4 条订阅解析失败:
[2025-11-28 20:26:05] - https://tumutanzi.com/feed
[2025-11-28 20:26:05] - https://tcxx.info/feed
[2025-11-28 20:26:05] - https://geekinney.com/index.xml
[2025-11-28 20:26:05] - https://wangpei.net/feed
[2025-11-28 20:26:05] ✘ 有 2 条订阅头像无法访问, 已使用默认头像:
[2025-11-28 20:26:05] - http://feeds.feedburner.com/ruanyifeng
[2025-11-28 20:26:05] - https://www.loyhome.com/feed
[2025-11-28 21:19:45] 本次订阅抓取结果统计:
[2025-11-28 21:19:45] 共 28 条RSS, 成功抓取 25 条.
[2025-11-28 21:19:45] ✘ 有 3 条订阅解析失败:
[2025-11-28 21:19:45] - https://tcxx.info/feed
[2025-11-28 21:19:45] - https://tumutanzi.com/feed
[2025-11-28 21:19:45] - https://geekinney.com/index.xml
[2025-11-28 21:19:45] ✘ 有 2 条订阅头像无法访问, 已使用默认头像:
[2025-11-28 21:19:45] - http://feeds.feedburner.com/ruanyifeng
[2025-11-28 21:19:45] - https://www.loyhome.com/feed
[2025-11-28 22:21:10] 本次订阅抓取结果统计:
[2025-11-28 22:21:10] 共 28 条RSS, 成功抓取 25 条.
[2025-11-28 22:21:10] ✘ 有 3 条订阅解析失败:
[2025-11-28 22:21:10] - https://tumutanzi.com/feed
[2025-11-28 22:21:10] - https://tcxx.info/feed
[2025-11-28 22:21:10] - https://geekinney.com/index.xml
[2025-11-28 22:21:10] ✘ 有 2 条订阅头像无法访问, 已使用默认头像:
[2025-11-28 22:21:10] - http://feeds.feedburner.com/ruanyifeng
[2025-11-28 22:21:10] - https://www.loyhome.com/feed
[2025-11-28 23:20:42] 本次订阅抓取结果统计:
[2025-11-28 23:20:42] 共 28 条RSS, 成功抓取 25 条.
[2025-11-28 23:20:42] ✘ 有 3 条订阅解析失败:
[2025-11-28 23:20:42] - https://tumutanzi.com/feed
[2025-11-28 23:20:42] - https://tcxx.info/feed
[2025-11-28 23:20:42] - https://geekinney.com/index.xml
[2025-11-28 23:20:42] ✘ 有 2 条订阅头像无法访问, 已使用默认头像:
[2025-11-28 23:20:42] - http://feeds.feedburner.com/ruanyifeng
[2025-11-28 23:20:42] - https://www.loyhome.com/feed
