[2025-10-07 01:39:38] 本次订阅抓取结果统计:
[2025-10-07 01:39:38] 共 28 条RSS, 成功抓取 25 条.
[2025-10-07 01:39:38] ✘ 有 3 条订阅解析失败:
[2025-10-07 01:39:38] - https://tumutanzi.com/feed
[2025-10-07 01:39:38] - https://tcxx.info/feed
[2025-10-07 01:39:38] - https://geekinney.com/index.xml
[2025-10-07 01:39:38] ✘ 有 2 条订阅头像无法访问, 已使用默认头像:
[2025-10-07 01:39:38] - http://feeds.feedburner.com/ruanyifeng
[2025-10-07 01:39:38] - https://www.loyhome.com/feed
[2025-10-07 02:59:19] 本次订阅抓取结果统计:
[2025-10-07 02:59:19] 共 28 条RSS, 成功抓取 25 条.
[2025-10-07 02:59:19] ✘ 有 3 条订阅解析失败:
[2025-10-07 02:59:19] - https://tumutanzi.com/feed
[2025-10-07 02:59:19] - https://geekinney.com/index.xml
[2025-10-07 02:59:19] - https://tcxx.info/feed
[2025-10-07 02:59:19] ✘ 有 2 条订阅头像无法访问, 已使用默认头像:
[2025-10-07 02:59:19] - http://feeds.feedburner.com/ruanyifeng
[2025-10-07 02:59:19] - https://www.loyhome.com/feed
[2025-10-07 03:34:36] 本次订阅抓取结果统计:
[2025-10-07 03:34:36] 共 28 条RSS, 成功抓取 25 条.
[2025-10-07 03:34:36] ✘ 有 3 条订阅解析失败:
[2025-10-07 03:34:36] - https://tumutanzi.com/feed
[2025-10-07 03:34:36] - https://tcxx.info/feed
[2025-10-07 03:34:36] - https://geekinney.com/index.xml
[2025-10-07 03:34:36] ✘ 有 2 条订阅头像无法访问, 已使用默认头像:
[2025-10-07 03:34:36] - http://feeds.feedburner.com/ruanyifeng
[2025-10-07 03:34:36] - https://www.loyhome.com/feed
[2025-10-07 04:26:22] 本次订阅抓取结果统计:
[2025-10-07 04:26:22] 共 28 条RSS, 成功抓取 25 条.
[2025-10-07 04:26:22] ✘ 有 3 条订阅解析失败:
[2025-10-07 04:26:22] - https://tumutanzi.com/feed
[2025-10-07 04:26:22] - https://tcxx.info/feed
[2025-10-07 04:26:22] - https://geekinney.com/index.xml
[2025-10-07 04:26:22] ✘ 有 2 条订阅头像无法访问, 已使用默认头像:
[2025-10-07 04:26:22] - https://www.loyhome.com/feed
[2025-10-07 04:26:22] - http://feeds.feedburner.com/ruanyifeng
[2025-10-07 05:20:05] 本次订阅抓取结果统计:
[2025-10-07 05:20:05] 共 28 条RSS, 成功抓取 25 条.
[2025-10-07 05:20:05] ✘ 有 3 条订阅解析失败:
[2025-10-07 05:20:05] - https://tcxx.info/feed
[2025-10-07 05:20:05] - https://tumutanzi.com/feed
[2025-10-07 05:20:05] - https://geekinney.com/index.xml
[2025-10-07 05:20:05] ✘ 有 2 条订阅头像无法访问, 已使用默认头像:
[2025-10-07 05:20:05] - http://feeds.feedburner.com/ruanyifeng
[2025-10-07 05:20:05] - https://www.loyhome.com/feed
[2025-10-07 06:32:21] 本次订阅抓取结果统计:
[2025-10-07 06:32:21] 共 28 条RSS, 成功抓取 25 条.
[2025-10-07 06:32:21] ✘ 有 3 条订阅解析失败:
[2025-10-07 06:32:21] - https://tumutanzi.com/feed
[2025-10-07 06:32:21] - https://tcxx.info/feed
[2025-10-07 06:32:21] - https://geekinney.com/index.xml
[2025-10-07 06:32:21] ✘ 有 2 条订阅头像无法访问, 已使用默认头像:
[2025-10-07 06:32:21] - http://feeds.feedburner.com/ruanyifeng
[2025-10-07 06:32:21] - https://www.loyhome.com/feed
[2025-10-07 07:20:53] 本次订阅抓取结果统计:
[2025-10-07 07:20:53] 共 28 条RSS, 成功抓取 25 条.
[2025-10-07 07:20:53] ✘ 有 3 条订阅解析失败:
[2025-10-07 07:20:53] - https://tcxx.info/feed
[2025-10-07 07:20:53] - https://tumutanzi.com/feed
[2025-10-07 07:20:53] - https://geekinney.com/index.xml
[2025-10-07 07:20:53] ✘ 有 2 条订阅头像无法访问, 已使用默认头像:
[2025-10-07 07:20:53] - http://feeds.feedburner.com/ruanyifeng
[2025-10-07 07:20:53] - https://www.loyhome.com/feed
[2025-10-07 08:29:02] 本次订阅抓取结果统计:
[2025-10-07 08:29:02] 共 28 条RSS, 成功抓取 25 条.
[2025-10-07 08:29:02] ✘ 有 3 条订阅解析失败:
[2025-10-07 08:29:02] - https://tumutanzi.com/feed
[2025-10-07 08:29:02] - https://tcxx.info/feed
[2025-10-07 08:29:02] - https://geekinney.com/index.xml
[2025-10-07 08:29:02] ✘ 有 2 条订阅头像无法访问, 已使用默认头像:
[2025-10-07 08:29:02] - http://feeds.feedburner.com/ruanyifeng
[2025-10-07 08:29:02] - https://www.loyhome.com/feed
[2025-10-07 09:23:13] 本次订阅抓取结果统计:
[2025-10-07 09:23:13] 共 28 条RSS, 成功抓取 25 条.
[2025-10-07 09:23:13] ✘ 有 3 条订阅解析失败:
[2025-10-07 09:23:13] - https://tcxx.info/feed
[2025-10-07 09:23:13] - https://tumutanzi.com/feed
[2025-10-07 09:23:13] - https://geekinney.com/index.xml
[2025-10-07 09:23:13] ✘ 有 2 条订阅头像无法访问, 已使用默认头像:
[2025-10-07 09:23:13] - https://www.loyhome.com/feed
[2025-10-07 09:23:13] - http://feeds.feedburner.com/ruanyifeng
[2025-10-07 10:22:37] 本次订阅抓取结果统计:
[2025-10-07 10:22:37] 共 28 条RSS, 成功抓取 25 条.
[2025-10-07 10:22:37] ✘ 有 3 条订阅解析失败:
[2025-10-07 10:22:37] - https://tcxx.info/feed
[2025-10-07 10:22:37] - https://tumutanzi.com/feed
[2025-10-07 10:22:37] - https://geekinney.com/index.xml
[2025-10-07 10:22:37] ✘ 有 2 条订阅头像无法访问, 已使用默认头像:
[2025-10-07 10:22:37] - http://feeds.feedburner.com/ruanyifeng
[2025-10-07 10:22:37] - https://www.loyhome.com/feed
[2025-10-07 11:17:42] 本次订阅抓取结果统计:
[2025-10-07 11:17:42] 共 28 条RSS, 成功抓取 25 条.
[2025-10-07 11:17:42] ✘ 有 3 条订阅解析失败:
[2025-10-07 11:17:42] - https://tcxx.info/feed
[2025-10-07 11:17:42] - https://tumutanzi.com/feed
[2025-10-07 11:17:42] - https://geekinney.com/index.xml
[2025-10-07 11:17:42] ✘ 有 2 条订阅头像无法访问, 已使用默认头像:
[2025-10-07 11:17:42] - http://feeds.feedburner.com/ruanyifeng
[2025-10-07 11:17:42] - https://www.loyhome.com/feed
[2025-10-07 12:45:24] 本次订阅抓取结果统计:
[2025-10-07 12:45:24] 共 28 条RSS, 成功抓取 25 条.
[2025-10-07 12:45:24] ✘ 有 3 条订阅解析失败:
[2025-10-07 12:45:24] - https://tumutanzi.com/feed
[2025-10-07 12:45:24] - https://tcxx.info/feed
[2025-10-07 12:45:24] - https://geekinney.com/index.xml
[2025-10-07 12:45:24] ✘ 有 2 条订阅头像无法访问, 已使用默认头像:
[2025-10-07 12:45:24] - http://feeds.feedburner.com/ruanyifeng
[2025-10-07 12:45:24] - https://www.loyhome.com/feed
[2025-10-07 13:32:03] 本次订阅抓取结果统计:
[2025-10-07 13:32:03] 共 28 条RSS, 成功抓取 25 条.
[2025-10-07 13:32:03] ✘ 有 3 条订阅解析失败:
[2025-10-07 13:32:03] - https://tcxx.info/feed
[2025-10-07 13:32:03] - https://tumutanzi.com/feed
[2025-10-07 13:32:03] - https://geekinney.com/index.xml
[2025-10-07 13:32:03] ✘ 有 2 条订阅头像无法访问, 已使用默认头像:
[2025-10-07 13:32:03] - https://www.loyhome.com/feed
[2025-10-07 13:32:03] - http://feeds.feedburner.com/ruanyifeng
[2025-10-07 14:22:22] 本次订阅抓取结果统计:
[2025-10-07 14:22:22] 共 28 条RSS, 成功抓取 25 条.
[2025-10-07 14:22:22] ✘ 有 3 条订阅解析失败:
[2025-10-07 14:22:22] - https://tcxx.info/feed
[2025-10-07 14:22:22] - https://tumutanzi.com/feed
[2025-10-07 14:22:22] - https://geekinney.com/index.xml
[2025-10-07 14:22:22] ✘ 有 2 条订阅头像无法访问, 已使用默认头像:
[2025-10-07 14:22:22] - http://feeds.feedburner.com/ruanyifeng
[2025-10-07 14:22:22] - https://www.loyhome.com/feed
[2025-10-07 15:23:35] 本次订阅抓取结果统计:
[2025-10-07 15:23:35] 共 28 条RSS, 成功抓取 25 条.
[2025-10-07 15:23:35] ✘ 有 3 条订阅解析失败:
[2025-10-07 15:23:35] - https://tumutanzi.com/feed
[2025-10-07 15:23:35] - https://tcxx.info/feed
[2025-10-07 15:23:35] - https://geekinney.com/index.xml
[2025-10-07 15:23:35] ✘ 有 3 条订阅头像无法访问, 已使用默认头像:
[2025-10-07 15:23:35] - http://feeds.feedburner.com/ruanyifeng
[2025-10-07 15:23:35] - https://www.loyhome.com/feed
[2025-10-07 15:23:35] - https://xyzbz.cn/feed
[2025-10-07 16:27:16] 本次订阅抓取结果统计:
[2025-10-07 16:27:16] 共 28 条RSS, 成功抓取 25 条.
[2025-10-07 16:27:16] ✘ 有 3 条订阅解析失败:
[2025-10-07 16:27:16] - https://tcxx.info/feed
[2025-10-07 16:27:16] - https://tumutanzi.com/feed
[2025-10-07 16:27:16] - https://geekinney.com/index.xml
[2025-10-07 16:27:16] ✘ 有 3 条订阅头像无法访问, 已使用默认头像:
[2025-10-07 16:27:16] - https://www.loyhome.com/feed
[2025-10-07 16:27:16] - http://feeds.feedburner.com/ruanyifeng
[2025-10-07 16:27:16] - https://limboy.me/index.xml
[2025-10-07 17:19:20] 本次订阅抓取结果统计:
[2025-10-07 17:19:20] 共 28 条RSS, 成功抓取 25 条.
[2025-10-07 17:19:20] ✘ 有 3 条订阅解析失败:
[2025-10-07 17:19:20] - https://geekinney.com/index.xml
[2025-10-07 17:19:20] - https://tumutanzi.com/feed
[2025-10-07 17:19:20] - https://tcxx.info/feed
[2025-10-07 17:19:20] ✘ 有 2 条订阅头像无法访问, 已使用默认头像:
[2025-10-07 17:19:20] - http://feeds.feedburner.com/ruanyifeng
[2025-10-07 17:19:20] - https://www.loyhome.com/feed
