[2025-06-26 01:52:26] 本次订阅抓取结果统计:
[2025-06-26 01:52:26] 共 28 条RSS, 成功抓取 27 条.
[2025-06-26 01:52:26] ✘ 有 1 条订阅解析失败:
[2025-06-26 01:52:26] - https://tcxx.info/feed
[2025-06-26 01:52:26] ✘ 有 2 条订阅头像无法访问, 已使用默认头像:
[2025-06-26 01:52:26] - http://feeds.feedburner.com/ruanyifeng
[2025-06-26 01:52:26] - https://www.loyhome.com/feed
[2025-06-26 03:20:15] 本次订阅抓取结果统计:
[2025-06-26 03:20:15] 共 28 条RSS, 成功抓取 27 条.
[2025-06-26 03:20:15] ✘ 有 1 条订阅解析失败:
[2025-06-26 03:20:15] - https://tcxx.info/feed
[2025-06-26 03:20:15] ✘ 有 2 条订阅头像无法访问, 已使用默认头像:
[2025-06-26 03:20:15] - http://feeds.feedburner.com/ruanyifeng
[2025-06-26 03:20:15] - https://www.loyhome.com/feed
[2025-06-26 04:31:58] 本次订阅抓取结果统计:
[2025-06-26 04:31:58] 共 28 条RSS, 成功抓取 27 条.
[2025-06-26 04:31:58] ✘ 有 1 条订阅解析失败:
[2025-06-26 04:31:58] - https://tcxx.info/feed
[2025-06-26 04:31:58] ✘ 有 2 条订阅头像无法访问, 已使用默认头像:
[2025-06-26 04:31:58] - http://feeds.feedburner.com/ruanyifeng
[2025-06-26 04:31:58] - https://www.loyhome.com/feed
[2025-06-26 05:23:12] 本次订阅抓取结果统计:
[2025-06-26 05:23:12] 共 28 条RSS, 成功抓取 27 条.
[2025-06-26 05:23:12] ✘ 有 1 条订阅解析失败:
[2025-06-26 05:23:12] - https://tcxx.info/feed
[2025-06-26 05:23:12] ✘ 有 3 条订阅头像无法访问, 已使用默认头像:
[2025-06-26 05:23:12] - https://www.loyhome.com/feed
[2025-06-26 05:23:12] - http://feeds.feedburner.com/ruanyifeng
[2025-06-26 05:23:12] - https://blog.yanqingshan.com/feed
[2025-06-26 06:34:18] 本次订阅抓取结果统计:
[2025-06-26 06:34:18] 共 28 条RSS, 成功抓取 27 条.
[2025-06-26 06:34:18] ✘ 有 1 条订阅解析失败:
[2025-06-26 06:34:18] - https://tcxx.info/feed
[2025-06-26 06:34:18] ✘ 有 2 条订阅头像无法访问, 已使用默认头像:
[2025-06-26 06:34:18] - http://feeds.feedburner.com/ruanyifeng
[2025-06-26 06:34:18] - https://www.loyhome.com/feed
[2025-06-26 07:22:35] 本次订阅抓取结果统计:
[2025-06-26 07:22:35] 共 28 条RSS, 成功抓取 27 条.
[2025-06-26 07:22:35] ✘ 有 1 条订阅解析失败:
[2025-06-26 07:22:35] - https://tcxx.info/feed
[2025-06-26 07:22:35] ✘ 有 2 条订阅头像无法访问, 已使用默认头像:
[2025-06-26 07:22:35] - http://feeds.feedburner.com/ruanyifeng
[2025-06-26 07:22:35] - https://www.loyhome.com/feed
[2025-06-26 08:31:19] 本次订阅抓取结果统计:
[2025-06-26 08:31:19] 共 28 条RSS, 成功抓取 27 条.
[2025-06-26 08:31:19] ✘ 有 1 条订阅解析失败:
[2025-06-26 08:31:19] - https://tcxx.info/feed
[2025-06-26 08:31:19] ✘ 有 2 条订阅头像无法访问, 已使用默认头像:
[2025-06-26 08:31:19] - http://feeds.feedburner.com/ruanyifeng
[2025-06-26 08:31:19] - https://www.loyhome.com/feed
[2025-06-26 09:25:47] 本次订阅抓取结果统计:
[2025-06-26 09:25:47] 共 28 条RSS, 成功抓取 27 条.
[2025-06-26 09:25:47] ✘ 有 1 条订阅解析失败:
[2025-06-26 09:25:47] - https://tcxx.info/feed
[2025-06-26 09:25:47] ✘ 有 3 条订阅头像无法访问, 已使用默认头像:
[2025-06-26 09:25:47] - http://feeds.feedburner.com/ruanyifeng
[2025-06-26 09:25:47] - https://www.loyhome.com/feed
[2025-06-26 09:25:47] - https://xyzbz.cn/feed
[2025-06-26 10:24:45] 本次订阅抓取结果统计:
[2025-06-26 10:24:45] 共 28 条RSS, 成功抓取 27 条.
[2025-06-26 10:24:45] ✘ 有 1 条订阅解析失败:
[2025-06-26 10:24:45] - https://tcxx.info/feed
[2025-06-26 10:24:45] ✘ 有 2 条订阅头像无法访问, 已使用默认头像:
[2025-06-26 10:24:45] - http://feeds.feedburner.com/ruanyifeng
[2025-06-26 10:24:45] - https://www.loyhome.com/feed
[2025-06-26 11:19:43] 本次订阅抓取结果统计:
[2025-06-26 11:19:43] 共 28 条RSS, 成功抓取 27 条.
[2025-06-26 11:19:43] ✘ 有 1 条订阅解析失败:
[2025-06-26 11:19:43] - https://tcxx.info/feed
[2025-06-26 11:19:43] ✘ 有 2 条订阅头像无法访问, 已使用默认头像:
[2025-06-26 11:19:43] - http://feeds.feedburner.com/ruanyifeng
[2025-06-26 11:19:43] - https://www.loyhome.com/feed
[2025-06-26 12:48:07] 本次订阅抓取结果统计:
[2025-06-26 12:48:07] 共 28 条RSS, 成功抓取 27 条.
[2025-06-26 12:48:07] ✘ 有 1 条订阅解析失败:
[2025-06-26 12:48:07] - https://tcxx.info/feed
[2025-06-26 12:48:07] ✘ 有 2 条订阅头像无法访问, 已使用默认头像:
[2025-06-26 12:48:07] - https://www.loyhome.com/feed
[2025-06-26 12:48:07] - http://feeds.feedburner.com/ruanyifeng
[2025-06-26 13:34:39] 本次订阅抓取结果统计:
[2025-06-26 13:34:39] 共 28 条RSS, 成功抓取 27 条.
[2025-06-26 13:34:39] ✘ 有 1 条订阅解析失败:
[2025-06-26 13:34:39] - https://tcxx.info/feed
[2025-06-26 13:34:39] ✘ 有 2 条订阅头像无法访问, 已使用默认头像:
[2025-06-26 13:34:39] - http://feeds.feedburner.com/ruanyifeng
[2025-06-26 13:34:39] - https://www.loyhome.com/feed
[2025-06-26 14:22:26] 本次订阅抓取结果统计:
[2025-06-26 14:22:26] 共 28 条RSS, 成功抓取 27 条.
[2025-06-26 14:22:26] ✘ 有 1 条订阅解析失败:
[2025-06-26 14:22:26] - https://tcxx.info/feed
[2025-06-26 14:22:26] ✘ 有 2 条订阅头像无法访问, 已使用默认头像:
[2025-06-26 14:22:26] - http://feeds.feedburner.com/ruanyifeng
[2025-06-26 14:22:26] - https://www.loyhome.com/feed
[2025-06-26 15:24:28] 本次订阅抓取结果统计:
[2025-06-26 15:24:28] 共 28 条RSS, 成功抓取 27 条.
[2025-06-26 15:24:28] ✘ 有 1 条订阅解析失败:
[2025-06-26 15:24:28] - https://tcxx.info/feed
[2025-06-26 15:24:28] ✘ 有 2 条订阅头像无法访问, 已使用默认头像:
[2025-06-26 15:24:28] - https://www.loyhome.com/feed
[2025-06-26 15:24:28] - http://feeds.feedburner.com/ruanyifeng
[2025-06-26 16:28:41] 本次订阅抓取结果统计:
[2025-06-26 16:28:41] 共 28 条RSS, 成功抓取 27 条.
[2025-06-26 16:28:41] ✘ 有 1 条订阅解析失败:
[2025-06-26 16:28:41] - https://tcxx.info/feed
[2025-06-26 16:28:41] ✘ 有 2 条订阅头像无法访问, 已使用默认头像:
[2025-06-26 16:28:41] - http://feeds.feedburner.com/ruanyifeng
[2025-06-26 16:28:41] - https://www.loyhome.com/feed
[2025-06-26 17:20:04] 本次订阅抓取结果统计:
[2025-06-26 17:20:04] 共 28 条RSS, 成功抓取 27 条.
[2025-06-26 17:20:04] ✘ 有 1 条订阅解析失败:
[2025-06-26 17:20:04] - https://tcxx.info/feed
[2025-06-26 17:20:04] ✘ 有 2 条订阅头像无法访问, 已使用默认头像:
[2025-06-26 17:20:04] - http://feeds.feedburner.com/ruanyifeng
[2025-06-26 17:20:04] - https://www.loyhome.com/feed
[2025-06-26 18:32:03] 本次订阅抓取结果统计:
[2025-06-26 18:32:03] 共 28 条RSS, 成功抓取 27 条.
[2025-06-26 18:32:03] ✘ 有 1 条订阅解析失败:
[2025-06-26 18:32:03] - https://tcxx.info/feed
[2025-06-26 18:32:03] ✘ 有 2 条订阅头像无法访问, 已使用默认头像:
[2025-06-26 18:32:03] - http://feeds.feedburner.com/ruanyifeng
[2025-06-26 18:32:03] - https://www.loyhome.com/feed
[2025-06-26 19:17:55] 本次订阅抓取结果统计:
[2025-06-26 19:17:55] 共 28 条RSS, 成功抓取 27 条.
[2025-06-26 19:17:55] ✘ 有 1 条订阅解析失败:
[2025-06-26 19:17:55] - https://tcxx.info/feed
[2025-06-26 19:17:55] ✘ 有 2 条订阅头像无法访问, 已使用默认头像:
[2025-06-26 19:17:55] - http://feeds.feedburner.com/ruanyifeng
[2025-06-26 19:17:55] - https://www.loyhome.com/feed
[2025-06-26 20:25:29] 本次订阅抓取结果统计:
[2025-06-26 20:25:29] 共 28 条RSS, 成功抓取 27 条.
[2025-06-26 20:25:29] ✘ 有 1 条订阅解析失败:
[2025-06-26 20:25:29] - https://tcxx.info/feed
[2025-06-26 20:25:29] ✘ 有 2 条订阅头像无法访问, 已使用默认头像:
[2025-06-26 20:25:29] - http://feeds.feedburner.com/ruanyifeng
[2025-06-26 20:25:29] - https://www.loyhome.com/feed
[2025-06-26 21:21:22] 本次订阅抓取结果统计:
[2025-06-26 21:21:22] 共 28 条RSS, 成功抓取 27 条.
[2025-06-26 21:21:22] ✘ 有 1 条订阅解析失败:
[2025-06-26 21:21:22] - https://tcxx.info/feed
[2025-06-26 21:21:22] ✘ 有 2 条订阅头像无法访问, 已使用默认头像:
[2025-06-26 21:21:22] - http://feeds.feedburner.com/ruanyifeng
[2025-06-26 21:21:22] - https://www.loyhome.com/feed
[2025-06-26 22:21:34] 本次订阅抓取结果统计:
[2025-06-26 22:21:34] 共 28 条RSS, 成功抓取 27 条.
[2025-06-26 22:21:34] ✘ 有 1 条订阅解析失败:
[2025-06-26 22:21:34] - https://tcxx.info/feed
[2025-06-26 22:21:34] ✘ 有 2 条订阅头像无法访问, 已使用默认头像:
[2025-06-26 22:21:34] - http://feeds.feedburner.com/ruanyifeng
[2025-06-26 22:21:34] - https://www.loyhome.com/feed
