[2025-03-31 03:14:33] 本次订阅抓取结果统计:
[2025-03-31 03:14:33] 共 28 条RSS, 成功抓取 25 条.
[2025-03-31 03:14:33] ✘ 有 3 条订阅解析失败:
[2025-03-31 03:14:33] - https://tcxx.info/feed
[2025-03-31 03:14:33] - https://geekinney.com/index.xml
[2025-03-31 03:14:33] - https://limboy.me/index.xml
[2025-03-31 03:14:33] ✘ 有 2 条订阅头像无法访问, 已使用默认头像:
[2025-03-31 03:14:33] - http://feeds.feedburner.com/ruanyifeng
[2025-03-31 03:14:33] - https://www.loyhome.com/feed
[2025-03-31 04:41:18] 本次订阅抓取结果统计:
[2025-03-31 04:41:18] 共 28 条RSS, 成功抓取 26 条.
[2025-03-31 04:41:18] ✘ 有 2 条订阅解析失败:
[2025-03-31 04:41:18] - https://geekinney.com/index.xml
[2025-03-31 04:41:18] - https://limboy.me/index.xml
[2025-03-31 04:41:18] ✘ 有 2 条订阅头像无法访问, 已使用默认头像:
[2025-03-31 04:41:18] - http://feeds.feedburner.com/ruanyifeng
[2025-03-31 04:41:18] - https://www.loyhome.com/feed
[2025-03-31 05:38:29] 本次订阅抓取结果统计:
[2025-03-31 05:38:29] 共 28 条RSS, 成功抓取 25 条.
[2025-03-31 05:38:29] ✘ 有 3 条订阅解析失败:
[2025-03-31 05:38:29] - https://tcxx.info/feed
[2025-03-31 05:38:29] - https://geekinney.com/index.xml
[2025-03-31 05:38:29] - https://limboy.me/index.xml
[2025-03-31 05:38:29] ✘ 有 2 条订阅头像无法访问, 已使用默认头像:
[2025-03-31 05:38:29] - http://feeds.feedburner.com/ruanyifeng
[2025-03-31 05:38:29] - https://www.loyhome.com/feed
[2025-03-31 06:50:07] 本次订阅抓取结果统计:
[2025-03-31 06:50:07] 共 28 条RSS, 成功抓取 26 条.
[2025-03-31 06:50:07] ✘ 有 2 条订阅解析失败:
[2025-03-31 06:50:07] - https://geekinney.com/index.xml
[2025-03-31 06:50:07] - https://limboy.me/index.xml
[2025-03-31 06:50:07] ✘ 有 2 条订阅头像无法访问, 已使用默认头像:
[2025-03-31 06:50:07] - http://feeds.feedburner.com/ruanyifeng
[2025-03-31 06:50:07] - https://www.loyhome.com/feed
[2025-03-31 07:32:19] 本次订阅抓取结果统计:
[2025-03-31 07:32:19] 共 28 条RSS, 成功抓取 25 条.
[2025-03-31 07:32:19] ✘ 有 3 条订阅解析失败:
[2025-03-31 07:32:19] - https://geekinney.com/index.xml
[2025-03-31 07:32:19] - https://limboy.me/index.xml
[2025-03-31 07:32:19] - https://blog.zhheo.com/rss.xml
[2025-03-31 07:32:19] ✘ 有 3 条订阅头像无法访问, 已使用默认头像:
[2025-03-31 07:32:19] - https://tcxx.info/feed
[2025-03-31 07:32:19] - http://feeds.feedburner.com/ruanyifeng
[2025-03-31 07:32:19] - https://www.loyhome.com/feed
[2025-03-31 08:47:51] 本次订阅抓取结果统计:
[2025-03-31 08:47:51] 共 28 条RSS, 成功抓取 25 条.
[2025-03-31 08:47:51] ✘ 有 3 条订阅解析失败:
[2025-03-31 08:47:51] - https://tcxx.info/feed
[2025-03-31 08:47:51] - https://limboy.me/index.xml
[2025-03-31 08:47:51] - https://geekinney.com/index.xml
[2025-03-31 08:47:51] ✘ 有 2 条订阅头像无法访问, 已使用默认头像:
[2025-03-31 08:47:51] - http://feeds.feedburner.com/ruanyifeng
[2025-03-31 08:47:51] - https://www.loyhome.com/feed
[2025-03-31 09:37:34] 本次订阅抓取结果统计:
[2025-03-31 09:37:34] 共 28 条RSS, 成功抓取 25 条.
[2025-03-31 09:37:34] ✘ 有 3 条订阅解析失败:
[2025-03-31 09:37:34] - https://tcxx.info/feed
[2025-03-31 09:37:34] - https://geekinney.com/index.xml
[2025-03-31 09:37:34] - https://limboy.me/index.xml
[2025-03-31 09:37:34] ✘ 有 2 条订阅头像无法访问, 已使用默认头像:
[2025-03-31 09:37:34] - http://feeds.feedburner.com/ruanyifeng
[2025-03-31 09:37:34] - https://www.loyhome.com/feed
[2025-03-31 10:44:08] 本次订阅抓取结果统计:
[2025-03-31 10:44:08] 共 28 条RSS, 成功抓取 26 条.
[2025-03-31 10:44:08] ✘ 有 2 条订阅解析失败:
[2025-03-31 10:44:08] - https://limboy.me/index.xml
[2025-03-31 10:44:08] - https://geekinney.com/index.xml
[2025-03-31 10:44:08] ✘ 有 2 条订阅头像无法访问, 已使用默认头像:
[2025-03-31 10:44:08] - http://feeds.feedburner.com/ruanyifeng
[2025-03-31 10:44:08] - https://www.loyhome.com/feed
[2025-03-31 11:27:45] 本次订阅抓取结果统计:
[2025-03-31 11:27:45] 共 28 条RSS, 成功抓取 26 条.
[2025-03-31 11:27:45] ✘ 有 2 条订阅解析失败:
[2025-03-31 11:27:45] - https://geekinney.com/index.xml
[2025-03-31 11:27:45] - https://limboy.me/index.xml
[2025-03-31 11:27:45] ✘ 有 2 条订阅头像无法访问, 已使用默认头像:
[2025-03-31 11:27:45] - http://feeds.feedburner.com/ruanyifeng
[2025-03-31 11:27:45] - https://www.loyhome.com/feed
[2025-03-31 13:35:55] 本次订阅抓取结果统计:
[2025-03-31 13:35:55] 共 28 条RSS, 成功抓取 26 条.
[2025-03-31 13:35:55] ✘ 有 2 条订阅解析失败:
[2025-03-31 13:35:55] - https://geekinney.com/index.xml
[2025-03-31 13:35:55] - https://limboy.me/index.xml
[2025-03-31 13:35:55] ✘ 有 2 条订阅头像无法访问, 已使用默认头像:
[2025-03-31 13:35:55] - http://feeds.feedburner.com/ruanyifeng
[2025-03-31 13:35:55] - https://www.loyhome.com/feed
[2025-03-31 14:41:06] 本次订阅抓取结果统计:
[2025-03-31 14:41:06] 共 28 条RSS, 成功抓取 26 条.
[2025-03-31 14:41:06] ✘ 有 2 条订阅解析失败:
[2025-03-31 14:41:06] - https://limboy.me/index.xml
[2025-03-31 14:41:06] - https://geekinney.com/index.xml
[2025-03-31 14:41:06] ✘ 有 2 条订阅头像无法访问, 已使用默认头像:
[2025-03-31 14:41:06] - http://feeds.feedburner.com/ruanyifeng
[2025-03-31 14:41:06] - https://www.loyhome.com/feed
