[2025-11-12 01:48:33] 本次订阅抓取结果统计:
[2025-11-12 01:48:33] 共 28 条RSS, 成功抓取 25 条.
[2025-11-12 01:48:33] ✘ 有 3 条订阅解析失败:
[2025-11-12 01:48:33] - https://tcxx.info/feed
[2025-11-12 01:48:33] - https://tumutanzi.com/feed
[2025-11-12 01:48:33] - https://geekinney.com/index.xml
[2025-11-12 01:48:33] ✘ 有 2 条订阅头像无法访问, 已使用默认头像:
[2025-11-12 01:48:33] - http://feeds.feedburner.com/ruanyifeng
[2025-11-12 01:48:33] - https://www.loyhome.com/feed
[2025-11-12 03:15:12] 本次订阅抓取结果统计:
[2025-11-12 03:15:12] 共 28 条RSS, 成功抓取 21 条.
[2025-11-12 03:15:12] ✘ 有 7 条订阅解析失败:
[2025-11-12 03:15:12] - https://tcxx.info/feed
[2025-11-12 03:15:12] - https://tumutanzi.com/feed
[2025-11-12 03:15:12] - https://geekinney.com/index.xml
[2025-11-12 03:15:12] - https://blog.yanqingshan.com/feed
[2025-11-12 03:15:12] - https://blog.zhheo.com/rss.xml
[2025-11-12 03:15:12] - https://xyzbz.cn/feed
[2025-11-12 03:15:12] - https://oba.by/feed
[2025-11-12 03:15:12] ✘ 有 2 条订阅头像无法访问, 已使用默认头像:
[2025-11-12 03:15:12] - http://feeds.feedburner.com/ruanyifeng
[2025-11-12 03:15:12] - https://www.loyhome.com/feed
[2025-11-12 04:28:09] 本次订阅抓取结果统计:
[2025-11-12 04:28:09] 共 28 条RSS, 成功抓取 25 条.
[2025-11-12 04:28:09] ✘ 有 3 条订阅解析失败:
[2025-11-12 04:28:09] - https://tcxx.info/feed
[2025-11-12 04:28:09] - https://tumutanzi.com/feed
[2025-11-12 04:28:09] - https://geekinney.com/index.xml
[2025-11-12 04:28:09] ✘ 有 2 条订阅头像无法访问, 已使用默认头像:
[2025-11-12 04:28:09] - http://feeds.feedburner.com/ruanyifeng
[2025-11-12 04:28:09] - https://www.loyhome.com/feed
