[2025-11-18 01:48:46] 本次订阅抓取结果统计:
[2025-11-18 01:48:46] 共 28 条RSS, 成功抓取 24 条.
[2025-11-18 01:48:46] ✘ 有 4 条订阅解析失败:
[2025-11-18 01:48:46] - https://tumutanzi.com/feed
[2025-11-18 01:48:46] - https://tcxx.info/feed
[2025-11-18 01:48:46] - https://geekinney.com/index.xml
[2025-11-18 01:48:46] - https://www.shephe.com/feed
[2025-11-18 01:48:46] ✘ 有 2 条订阅头像无法访问, 已使用默认头像:
[2025-11-18 01:48:46] - http://feeds.feedburner.com/ruanyifeng
[2025-11-18 01:48:46] - https://www.loyhome.com/feed
[2025-11-18 03:15:42] 本次订阅抓取结果统计:
[2025-11-18 03:15:42] 共 28 条RSS, 成功抓取 24 条.
[2025-11-18 03:15:42] ✘ 有 4 条订阅解析失败:
[2025-11-18 03:15:42] - https://tcxx.info/feed
[2025-11-18 03:15:42] - https://tumutanzi.com/feed
[2025-11-18 03:15:42] - https://geekinney.com/index.xml
[2025-11-18 03:15:42] - https://www.shephe.com/feed
[2025-11-18 03:15:42] ✘ 有 2 条订阅头像无法访问, 已使用默认头像:
[2025-11-18 03:15:42] - https://www.loyhome.com/feed
[2025-11-18 03:15:42] - http://feeds.feedburner.com/ruanyifeng
