[2025-08-09 01:52:48] 本次订阅抓取结果统计:
[2025-08-09 01:52:48] 共 28 条RSS, 成功抓取 26 条.
[2025-08-09 01:52:48] ✘ 有 2 条订阅解析失败:
[2025-08-09 01:52:48] - https://tcxx.info/feed
[2025-08-09 01:52:48] - https://tumutanzi.com/feed
[2025-08-09 01:52:48] ✘ 有 2 条订阅头像无法访问, 已使用默认头像:
[2025-08-09 01:52:48] - http://feeds.feedburner.com/ruanyifeng
[2025-08-09 01:52:48] - https://www.loyhome.com/feed
[2025-08-09 03:22:00] 本次订阅抓取结果统计:
[2025-08-09 03:22:00] 共 28 条RSS, 成功抓取 26 条.
[2025-08-09 03:22:00] ✘ 有 2 条订阅解析失败:
[2025-08-09 03:22:00] - https://tcxx.info/feed
[2025-08-09 03:22:00] - https://tumutanzi.com/feed
[2025-08-09 03:22:00] ✘ 有 2 条订阅头像无法访问, 已使用默认头像:
[2025-08-09 03:22:00] - http://feeds.feedburner.com/ruanyifeng
[2025-08-09 03:22:00] - https://www.loyhome.com/feed
[2025-08-09 04:31:45] 本次订阅抓取结果统计:
[2025-08-09 04:31:45] 共 28 条RSS, 成功抓取 26 条.
[2025-08-09 04:31:45] ✘ 有 2 条订阅解析失败:
[2025-08-09 04:31:45] - https://tumutanzi.com/feed
[2025-08-09 04:31:45] - https://tcxx.info/feed
[2025-08-09 04:31:45] ✘ 有 2 条订阅头像无法访问, 已使用默认头像:
[2025-08-09 04:31:45] - http://feeds.feedburner.com/ruanyifeng
[2025-08-09 04:31:45] - https://www.loyhome.com/feed
[2025-08-09 05:22:47] 本次订阅抓取结果统计:
[2025-08-09 05:22:47] 共 28 条RSS, 成功抓取 26 条.
[2025-08-09 05:22:47] ✘ 有 2 条订阅解析失败:
[2025-08-09 05:22:47] - https://tcxx.info/feed
[2025-08-09 05:22:47] - https://tumutanzi.com/feed
[2025-08-09 05:22:47] ✘ 有 2 条订阅头像无法访问, 已使用默认头像:
[2025-08-09 05:22:47] - http://feeds.feedburner.com/ruanyifeng
[2025-08-09 05:22:47] - https://www.loyhome.com/feed
[2025-08-09 06:33:34] 本次订阅抓取结果统计:
[2025-08-09 06:33:34] 共 28 条RSS, 成功抓取 26 条.
[2025-08-09 06:33:34] ✘ 有 2 条订阅解析失败:
[2025-08-09 06:33:34] - https://tumutanzi.com/feed
[2025-08-09 06:33:34] - https://tcxx.info/feed
[2025-08-09 06:33:34] ✘ 有 3 条订阅头像无法访问, 已使用默认头像:
[2025-08-09 06:33:34] - http://feeds.feedburner.com/ruanyifeng
[2025-08-09 06:33:34] - https://www.loyhome.com/feed
[2025-08-09 06:33:34] - https://xyzbz.cn/feed
[2025-08-09 07:21:15] 本次订阅抓取结果统计:
[2025-08-09 07:21:15] 共 28 条RSS, 成功抓取 26 条.
[2025-08-09 07:21:15] ✘ 有 2 条订阅解析失败:
[2025-08-09 07:21:15] - https://tumutanzi.com/feed
[2025-08-09 07:21:15] - https://tcxx.info/feed
[2025-08-09 07:21:15] ✘ 有 2 条订阅头像无法访问, 已使用默认头像:
[2025-08-09 07:21:15] - https://www.loyhome.com/feed
[2025-08-09 07:21:15] - http://feeds.feedburner.com/ruanyifeng
[2025-08-09 08:28:47] 本次订阅抓取结果统计:
[2025-08-09 08:28:47] 共 28 条RSS, 成功抓取 26 条.
[2025-08-09 08:28:47] ✘ 有 2 条订阅解析失败:
[2025-08-09 08:28:47] - https://tcxx.info/feed
[2025-08-09 08:28:47] - https://tumutanzi.com/feed
[2025-08-09 08:28:47] ✘ 有 2 条订阅头像无法访问, 已使用默认头像:
[2025-08-09 08:28:47] - http://feeds.feedburner.com/ruanyifeng
[2025-08-09 08:28:47] - https://www.loyhome.com/feed
[2025-08-09 09:23:14] 本次订阅抓取结果统计:
[2025-08-09 09:23:14] 共 28 条RSS, 成功抓取 26 条.
[2025-08-09 09:23:14] ✘ 有 2 条订阅解析失败:
[2025-08-09 09:23:14] - https://tcxx.info/feed
[2025-08-09 09:23:14] - https://tumutanzi.com/feed
[2025-08-09 09:23:14] ✘ 有 2 条订阅头像无法访问, 已使用默认头像:
[2025-08-09 09:23:14] - https://www.loyhome.com/feed
[2025-08-09 09:23:14] - http://feeds.feedburner.com/ruanyifeng
[2025-08-09 10:23:08] 本次订阅抓取结果统计:
[2025-08-09 10:23:08] 共 28 条RSS, 成功抓取 26 条.
[2025-08-09 10:23:08] ✘ 有 2 条订阅解析失败:
[2025-08-09 10:23:08] - https://tcxx.info/feed
[2025-08-09 10:23:08] - https://tumutanzi.com/feed
[2025-08-09 10:23:08] ✘ 有 2 条订阅头像无法访问, 已使用默认头像:
[2025-08-09 10:23:08] - http://feeds.feedburner.com/ruanyifeng
[2025-08-09 10:23:08] - https://www.loyhome.com/feed
[2025-08-09 11:19:01] 本次订阅抓取结果统计:
[2025-08-09 11:19:01] 共 28 条RSS, 成功抓取 26 条.
[2025-08-09 11:19:01] ✘ 有 2 条订阅解析失败:
[2025-08-09 11:19:01] - https://tcxx.info/feed
[2025-08-09 11:19:01] - https://tumutanzi.com/feed
[2025-08-09 11:19:01] ✘ 有 2 条订阅头像无法访问, 已使用默认头像:
[2025-08-09 11:19:01] - https://www.loyhome.com/feed
[2025-08-09 11:19:01] - http://feeds.feedburner.com/ruanyifeng
[2025-08-09 12:45:05] 本次订阅抓取结果统计:
[2025-08-09 12:45:05] 共 28 条RSS, 成功抓取 26 条.
[2025-08-09 12:45:05] ✘ 有 2 条订阅解析失败:
[2025-08-09 12:45:05] - https://tcxx.info/feed
[2025-08-09 12:45:05] - https://tumutanzi.com/feed
[2025-08-09 12:45:05] ✘ 有 2 条订阅头像无法访问, 已使用默认头像:
[2025-08-09 12:45:05] - http://feeds.feedburner.com/ruanyifeng
[2025-08-09 12:45:05] - https://www.loyhome.com/feed
[2025-08-09 13:31:26] 本次订阅抓取结果统计:
[2025-08-09 13:31:26] 共 28 条RSS, 成功抓取 26 条.
[2025-08-09 13:31:26] ✘ 有 2 条订阅解析失败:
[2025-08-09 13:31:26] - https://tcxx.info/feed
[2025-08-09 13:31:26] - https://tumutanzi.com/feed
[2025-08-09 13:31:26] ✘ 有 2 条订阅头像无法访问, 已使用默认头像:
[2025-08-09 13:31:26] - http://feeds.feedburner.com/ruanyifeng
[2025-08-09 13:31:26] - https://www.loyhome.com/feed
[2025-08-09 14:20:47] 本次订阅抓取结果统计:
[2025-08-09 14:20:47] 共 28 条RSS, 成功抓取 26 条.
[2025-08-09 14:20:47] ✘ 有 2 条订阅解析失败:
[2025-08-09 14:20:47] - https://tcxx.info/feed
[2025-08-09 14:20:47] - https://tumutanzi.com/feed
[2025-08-09 14:20:47] ✘ 有 2 条订阅头像无法访问, 已使用默认头像:
[2025-08-09 14:20:47] - http://feeds.feedburner.com/ruanyifeng
[2025-08-09 14:20:47] - https://www.loyhome.com/feed
[2025-08-09 15:22:44] 本次订阅抓取结果统计:
[2025-08-09 15:22:44] 共 28 条RSS, 成功抓取 26 条.
[2025-08-09 15:22:44] ✘ 有 2 条订阅解析失败:
[2025-08-09 15:22:44] - https://tcxx.info/feed
[2025-08-09 15:22:44] - https://tumutanzi.com/feed
[2025-08-09 15:22:44] ✘ 有 3 条订阅头像无法访问, 已使用默认头像:
[2025-08-09 15:22:44] - http://feeds.feedburner.com/ruanyifeng
[2025-08-09 15:22:44] - https://www.loyhome.com/feed
[2025-08-09 15:22:44] - https://xyzbz.cn/feed
[2025-08-09 16:27:32] 本次订阅抓取结果统计:
[2025-08-09 16:27:32] 共 28 条RSS, 成功抓取 26 条.
[2025-08-09 16:27:32] ✘ 有 2 条订阅解析失败:
[2025-08-09 16:27:32] - https://tcxx.info/feed
[2025-08-09 16:27:32] - https://tumutanzi.com/feed
[2025-08-09 16:27:32] ✘ 有 2 条订阅头像无法访问, 已使用默认头像:
[2025-08-09 16:27:32] - http://feeds.feedburner.com/ruanyifeng
[2025-08-09 16:27:32] - https://www.loyhome.com/feed
[2025-08-09 17:19:18] 本次订阅抓取结果统计:
[2025-08-09 17:19:18] 共 28 条RSS, 成功抓取 26 条.
[2025-08-09 17:19:18] ✘ 有 2 条订阅解析失败:
[2025-08-09 17:19:18] - https://tcxx.info/feed
[2025-08-09 17:19:18] - https://tumutanzi.com/feed
[2025-08-09 17:19:18] ✘ 有 2 条订阅头像无法访问, 已使用默认头像:
[2025-08-09 17:19:18] - http://feeds.feedburner.com/ruanyifeng
[2025-08-09 17:19:18] - https://www.loyhome.com/feed
[2025-08-09 18:31:59] 本次订阅抓取结果统计:
[2025-08-09 18:31:59] 共 28 条RSS, 成功抓取 26 条.
[2025-08-09 18:31:59] ✘ 有 2 条订阅解析失败:
[2025-08-09 18:31:59] - https://tumutanzi.com/feed
[2025-08-09 18:31:59] - https://tcxx.info/feed
[2025-08-09 18:31:59] ✘ 有 2 条订阅头像无法访问, 已使用默认头像:
[2025-08-09 18:31:59] - http://feeds.feedburner.com/ruanyifeng
[2025-08-09 18:31:59] - https://www.loyhome.com/feed
[2025-08-09 19:17:25] 本次订阅抓取结果统计:
[2025-08-09 19:17:25] 共 28 条RSS, 成功抓取 26 条.
[2025-08-09 19:17:25] ✘ 有 2 条订阅解析失败:
[2025-08-09 19:17:25] - https://tcxx.info/feed
[2025-08-09 19:17:25] - https://tumutanzi.com/feed
[2025-08-09 19:17:25] ✘ 有 2 条订阅头像无法访问, 已使用默认头像:
[2025-08-09 19:17:25] - http://feeds.feedburner.com/ruanyifeng
[2025-08-09 19:17:25] - https://www.loyhome.com/feed
