[2025-09-21 01:48:08] 本次订阅抓取结果统计:
[2025-09-21 01:48:08] 共 28 条RSS, 成功抓取 24 条.
[2025-09-21 01:48:08] ✘ 有 4 条订阅解析失败:
[2025-09-21 01:48:08] - https://oba.by/feed
[2025-09-21 01:48:08] - https://tcxx.info/feed
[2025-09-21 01:48:08] - https://tumutanzi.com/feed
[2025-09-21 01:48:08] - https://geekinney.com/index.xml
[2025-09-21 01:48:08] ✘ 有 2 条订阅头像无法访问, 已使用默认头像:
[2025-09-21 01:48:08] - http://feeds.feedburner.com/ruanyifeng
[2025-09-21 01:48:08] - https://www.loyhome.com/feed
[2025-09-21 03:09:17] 本次订阅抓取结果统计:
[2025-09-21 03:09:17] 共 28 条RSS, 成功抓取 24 条.
[2025-09-21 03:09:17] ✘ 有 4 条订阅解析失败:
[2025-09-21 03:09:17] - https://oba.by/feed
[2025-09-21 03:09:17] - https://tcxx.info/feed
[2025-09-21 03:09:17] - https://tumutanzi.com/feed
[2025-09-21 03:09:17] - https://geekinney.com/index.xml
[2025-09-21 03:09:17] ✘ 有 2 条订阅头像无法访问, 已使用默认头像:
[2025-09-21 03:09:17] - https://www.loyhome.com/feed
[2025-09-21 03:09:17] - http://feeds.feedburner.com/ruanyifeng
[2025-09-21 04:25:07] 本次订阅抓取结果统计:
[2025-09-21 04:25:07] 共 28 条RSS, 成功抓取 24 条.
[2025-09-21 04:25:07] ✘ 有 4 条订阅解析失败:
[2025-09-21 04:25:07] - https://oba.by/feed
[2025-09-21 04:25:07] - https://tumutanzi.com/feed
[2025-09-21 04:25:07] - https://tcxx.info/feed
[2025-09-21 04:25:07] - https://geekinney.com/index.xml
[2025-09-21 04:25:07] ✘ 有 2 条订阅头像无法访问, 已使用默认头像:
[2025-09-21 04:25:07] - http://feeds.feedburner.com/ruanyifeng
[2025-09-21 04:25:07] - https://www.loyhome.com/feed
[2025-09-21 05:20:01] 本次订阅抓取结果统计:
[2025-09-21 05:20:01] 共 28 条RSS, 成功抓取 24 条.
[2025-09-21 05:20:01] ✘ 有 4 条订阅解析失败:
[2025-09-21 05:20:01] - https://oba.by/feed
[2025-09-21 05:20:01] - https://tumutanzi.com/feed
[2025-09-21 05:20:01] - https://tcxx.info/feed
[2025-09-21 05:20:01] - https://geekinney.com/index.xml
[2025-09-21 05:20:01] ✘ 有 2 条订阅头像无法访问, 已使用默认头像:
[2025-09-21 05:20:01] - http://feeds.feedburner.com/ruanyifeng
[2025-09-21 05:20:01] - https://www.loyhome.com/feed
[2025-09-21 06:30:27] 本次订阅抓取结果统计:
[2025-09-21 06:30:27] 共 28 条RSS, 成功抓取 24 条.
[2025-09-21 06:30:27] ✘ 有 4 条订阅解析失败:
[2025-09-21 06:30:27] - https://oba.by/feed
[2025-09-21 06:30:27] - https://tcxx.info/feed
[2025-09-21 06:30:27] - https://tumutanzi.com/feed
[2025-09-21 06:30:27] - https://geekinney.com/index.xml
[2025-09-21 06:30:27] ✘ 有 2 条订阅头像无法访问, 已使用默认头像:
[2025-09-21 06:30:27] - http://feeds.feedburner.com/ruanyifeng
[2025-09-21 06:30:27] - https://www.loyhome.com/feed
[2025-09-21 07:18:06] 本次订阅抓取结果统计:
[2025-09-21 07:18:06] 共 28 条RSS, 成功抓取 24 条.
[2025-09-21 07:18:06] ✘ 有 4 条订阅解析失败:
[2025-09-21 07:18:06] - https://oba.by/feed
[2025-09-21 07:18:06] - https://tumutanzi.com/feed
[2025-09-21 07:18:06] - https://tcxx.info/feed
[2025-09-21 07:18:06] - https://geekinney.com/index.xml
[2025-09-21 07:18:06] ✘ 有 2 条订阅头像无法访问, 已使用默认头像:
[2025-09-21 07:18:06] - https://www.loyhome.com/feed
[2025-09-21 07:18:06] - http://feeds.feedburner.com/ruanyifeng
[2025-09-21 08:23:47] 本次订阅抓取结果统计:
[2025-09-21 08:23:47] 共 28 条RSS, 成功抓取 24 条.
[2025-09-21 08:23:47] ✘ 有 4 条订阅解析失败:
[2025-09-21 08:23:47] - https://oba.by/feed
[2025-09-21 08:23:47] - https://tcxx.info/feed
[2025-09-21 08:23:47] - https://tumutanzi.com/feed
[2025-09-21 08:23:47] - https://geekinney.com/index.xml
[2025-09-21 08:23:47] ✘ 有 2 条订阅头像无法访问, 已使用默认头像:
[2025-09-21 08:23:47] - http://feeds.feedburner.com/ruanyifeng
[2025-09-21 08:23:47] - https://www.loyhome.com/feed
[2025-09-21 09:19:06] 本次订阅抓取结果统计:
[2025-09-21 09:19:06] 共 28 条RSS, 成功抓取 24 条.
[2025-09-21 09:19:06] ✘ 有 4 条订阅解析失败:
[2025-09-21 09:19:06] - https://oba.by/feed
[2025-09-21 09:19:06] - https://tcxx.info/feed
[2025-09-21 09:19:06] - https://tumutanzi.com/feed
[2025-09-21 09:19:06] - https://geekinney.com/index.xml
[2025-09-21 09:19:06] ✘ 有 2 条订阅头像无法访问, 已使用默认头像:
[2025-09-21 09:19:06] - http://feeds.feedburner.com/ruanyifeng
[2025-09-21 09:19:06] - https://www.loyhome.com/feed
[2025-09-21 10:19:28] 本次订阅抓取结果统计:
[2025-09-21 10:19:28] 共 28 条RSS, 成功抓取 24 条.
[2025-09-21 10:19:28] ✘ 有 4 条订阅解析失败:
[2025-09-21 10:19:28] - https://oba.by/feed
[2025-09-21 10:19:28] - https://tumutanzi.com/feed
[2025-09-21 10:19:28] - https://tcxx.info/feed
[2025-09-21 10:19:28] - https://geekinney.com/index.xml
[2025-09-21 10:19:28] ✘ 有 2 条订阅头像无法访问, 已使用默认头像:
[2025-09-21 10:19:28] - http://feeds.feedburner.com/ruanyifeng
[2025-09-21 10:19:28] - https://www.loyhome.com/feed
[2025-09-21 11:15:47] 本次订阅抓取结果统计:
[2025-09-21 11:15:47] 共 28 条RSS, 成功抓取 24 条.
[2025-09-21 11:15:47] ✘ 有 4 条订阅解析失败:
[2025-09-21 11:15:47] - https://oba.by/feed
[2025-09-21 11:15:47] - https://tumutanzi.com/feed
[2025-09-21 11:15:47] - https://tcxx.info/feed
[2025-09-21 11:15:47] - https://geekinney.com/index.xml
[2025-09-21 11:15:47] ✘ 有 2 条订阅头像无法访问, 已使用默认头像:
[2025-09-21 11:15:47] - http://feeds.feedburner.com/ruanyifeng
[2025-09-21 11:15:47] - https://www.loyhome.com/feed
[2025-09-21 12:39:09] 本次订阅抓取结果统计:
[2025-09-21 12:39:09] 共 28 条RSS, 成功抓取 24 条.
[2025-09-21 12:39:09] ✘ 有 4 条订阅解析失败:
[2025-09-21 12:39:09] - https://oba.by/feed
[2025-09-21 12:39:09] - https://tcxx.info/feed
[2025-09-21 12:39:09] - https://tumutanzi.com/feed
[2025-09-21 12:39:09] - https://geekinney.com/index.xml
[2025-09-21 12:39:09] ✘ 有 2 条订阅头像无法访问, 已使用默认头像:
[2025-09-21 12:39:09] - http://feeds.feedburner.com/ruanyifeng
[2025-09-21 12:39:09] - https://www.loyhome.com/feed
