[2025-10-31 01:46:40] 本次订阅抓取结果统计:
[2025-10-31 01:46:40] 共 28 条RSS, 成功抓取 25 条.
[2025-10-31 01:46:40] ✘ 有 3 条订阅解析失败:
[2025-10-31 01:46:40] - https://tumutanzi.com/feed
[2025-10-31 01:46:40] - https://tcxx.info/feed
[2025-10-31 01:46:40] - https://geekinney.com/index.xml
[2025-10-31 01:46:40] ✘ 有 2 条订阅头像无法访问, 已使用默认头像:
[2025-10-31 01:46:40] - http://feeds.feedburner.com/ruanyifeng
[2025-10-31 01:46:40] - https://www.loyhome.com/feed
[2025-10-31 03:13:03] 本次订阅抓取结果统计:
[2025-10-31 03:13:03] 共 28 条RSS, 成功抓取 25 条.
[2025-10-31 03:13:03] ✘ 有 3 条订阅解析失败:
[2025-10-31 03:13:03] - https://tcxx.info/feed
[2025-10-31 03:13:03] - https://tumutanzi.com/feed
[2025-10-31 03:13:03] - https://geekinney.com/index.xml
[2025-10-31 03:13:03] ✘ 有 2 条订阅头像无法访问, 已使用默认头像:
[2025-10-31 03:13:03] - http://feeds.feedburner.com/ruanyifeng
[2025-10-31 03:13:03] - https://www.loyhome.com/feed
[2025-10-31 04:27:38] 本次订阅抓取结果统计:
[2025-10-31 04:27:38] 共 28 条RSS, 成功抓取 25 条.
[2025-10-31 04:27:38] ✘ 有 3 条订阅解析失败:
[2025-10-31 04:27:38] - https://tcxx.info/feed
[2025-10-31 04:27:38] - https://tumutanzi.com/feed
[2025-10-31 04:27:38] - https://geekinney.com/index.xml
[2025-10-31 04:27:38] ✘ 有 2 条订阅头像无法访问, 已使用默认头像:
[2025-10-31 04:27:38] - http://feeds.feedburner.com/ruanyifeng
[2025-10-31 04:27:38] - https://www.loyhome.com/feed
[2025-10-31 05:22:58] 本次订阅抓取结果统计:
[2025-10-31 05:22:58] 共 28 条RSS, 成功抓取 25 条.
[2025-10-31 05:22:58] ✘ 有 3 条订阅解析失败:
[2025-10-31 05:22:58] - https://tcxx.info/feed
[2025-10-31 05:22:58] - https://tumutanzi.com/feed
[2025-10-31 05:22:58] - https://geekinney.com/index.xml
[2025-10-31 05:22:58] ✘ 有 2 条订阅头像无法访问, 已使用默认头像:
[2025-10-31 05:22:58] - https://www.loyhome.com/feed
[2025-10-31 05:22:58] - http://feeds.feedburner.com/ruanyifeng
[2025-10-31 06:33:39] 本次订阅抓取结果统计:
[2025-10-31 06:33:39] 共 28 条RSS, 成功抓取 25 条.
[2025-10-31 06:33:39] ✘ 有 3 条订阅解析失败:
[2025-10-31 06:33:39] - https://tumutanzi.com/feed
[2025-10-31 06:33:39] - https://tcxx.info/feed
[2025-10-31 06:33:39] - https://geekinney.com/index.xml
[2025-10-31 06:33:39] ✘ 有 2 条订阅头像无法访问, 已使用默认头像:
[2025-10-31 06:33:39] - http://feeds.feedburner.com/ruanyifeng
[2025-10-31 06:33:39] - https://www.loyhome.com/feed
[2025-10-31 07:20:56] 本次订阅抓取结果统计:
[2025-10-31 07:20:56] 共 28 条RSS, 成功抓取 25 条.
[2025-10-31 07:20:56] ✘ 有 3 条订阅解析失败:
[2025-10-31 07:20:56] - https://tcxx.info/feed
[2025-10-31 07:20:56] - https://tumutanzi.com/feed
[2025-10-31 07:20:56] - https://geekinney.com/index.xml
[2025-10-31 07:20:56] ✘ 有 2 条订阅头像无法访问, 已使用默认头像:
[2025-10-31 07:20:56] - https://www.loyhome.com/feed
[2025-10-31 07:20:56] - http://feeds.feedburner.com/ruanyifeng
[2025-10-31 08:29:29] 本次订阅抓取结果统计:
[2025-10-31 08:29:29] 共 28 条RSS, 成功抓取 25 条.
[2025-10-31 08:29:29] ✘ 有 3 条订阅解析失败:
[2025-10-31 08:29:29] - https://tcxx.info/feed
[2025-10-31 08:29:29] - https://tumutanzi.com/feed
[2025-10-31 08:29:29] - https://geekinney.com/index.xml
[2025-10-31 08:29:29] ✘ 有 2 条订阅头像无法访问, 已使用默认头像:
[2025-10-31 08:29:29] - http://feeds.feedburner.com/ruanyifeng
[2025-10-31 08:29:29] - https://www.loyhome.com/feed
[2025-10-31 09:24:42] 本次订阅抓取结果统计:
[2025-10-31 09:24:42] 共 28 条RSS, 成功抓取 25 条.
[2025-10-31 09:24:42] ✘ 有 3 条订阅解析失败:
[2025-10-31 09:24:42] - https://tcxx.info/feed
[2025-10-31 09:24:42] - https://tumutanzi.com/feed
[2025-10-31 09:24:42] - https://geekinney.com/index.xml
[2025-10-31 09:24:42] ✘ 有 2 条订阅头像无法访问, 已使用默认头像:
[2025-10-31 09:24:42] - http://feeds.feedburner.com/ruanyifeng
[2025-10-31 09:24:42] - https://www.loyhome.com/feed
[2025-10-31 10:24:11] 本次订阅抓取结果统计:
[2025-10-31 10:24:11] 共 28 条RSS, 成功抓取 25 条.
[2025-10-31 10:24:11] ✘ 有 3 条订阅解析失败:
[2025-10-31 10:24:11] - https://tcxx.info/feed
[2025-10-31 10:24:11] - https://tumutanzi.com/feed
[2025-10-31 10:24:11] - https://geekinney.com/index.xml
[2025-10-31 10:24:11] ✘ 有 2 条订阅头像无法访问, 已使用默认头像:
[2025-10-31 10:24:11] - http://feeds.feedburner.com/ruanyifeng
[2025-10-31 10:24:11] - https://www.loyhome.com/feed
[2025-10-31 11:18:43] 本次订阅抓取结果统计:
[2025-10-31 11:18:43] 共 28 条RSS, 成功抓取 25 条.
[2025-10-31 11:18:43] ✘ 有 3 条订阅解析失败:
[2025-10-31 11:18:43] - https://tcxx.info/feed
[2025-10-31 11:18:43] - https://tumutanzi.com/feed
[2025-10-31 11:18:43] - https://geekinney.com/index.xml
[2025-10-31 11:18:43] ✘ 有 2 条订阅头像无法访问, 已使用默认头像:
[2025-10-31 11:18:43] - http://feeds.feedburner.com/ruanyifeng
[2025-10-31 11:18:43] - https://www.loyhome.com/feed
[2025-10-31 12:46:48] 本次订阅抓取结果统计:
[2025-10-31 12:46:48] 共 28 条RSS, 成功抓取 25 条.
[2025-10-31 12:46:48] ✘ 有 3 条订阅解析失败:
[2025-10-31 12:46:48] - https://tcxx.info/feed
[2025-10-31 12:46:48] - https://tumutanzi.com/feed
[2025-10-31 12:46:48] - https://geekinney.com/index.xml
[2025-10-31 12:46:48] ✘ 有 2 条订阅头像无法访问, 已使用默认头像:
[2025-10-31 12:46:48] - https://www.loyhome.com/feed
[2025-10-31 12:46:48] - http://feeds.feedburner.com/ruanyifeng
