[2025-07-29 02:12:03] 本次订阅抓取结果统计:
[2025-07-29 02:12:03] 共 28 条RSS, 成功抓取 26 条.
[2025-07-29 02:12:03] ✘ 有 2 条订阅解析失败:
[2025-07-29 02:12:03] - https://tcxx.info/feed
[2025-07-29 02:12:03] - https://blog.ops-coffee.cn/feed.xml
[2025-07-29 02:12:03] ✘ 有 2 条订阅头像无法访问, 已使用默认头像:
[2025-07-29 02:12:03] - https://www.loyhome.com/feed
[2025-07-29 02:12:03] - http://feeds.feedburner.com/ruanyifeng
[2025-07-29 04:09:05] 本次订阅抓取结果统计:
[2025-07-29 04:09:05] 共 28 条RSS, 成功抓取 26 条.
[2025-07-29 04:09:05] ✘ 有 2 条订阅解析失败:
[2025-07-29 04:09:05] - https://tcxx.info/feed
[2025-07-29 04:09:05] - https://blog.ops-coffee.cn/feed.xml
[2025-07-29 04:09:05] ✘ 有 2 条订阅头像无法访问, 已使用默认头像:
[2025-07-29 04:09:05] - http://feeds.feedburner.com/ruanyifeng
[2025-07-29 04:09:05] - https://www.loyhome.com/feed
[2025-07-29 05:31:54] 本次订阅抓取结果统计:
[2025-07-29 05:31:54] 共 28 条RSS, 成功抓取 26 条.
[2025-07-29 05:31:54] ✘ 有 2 条订阅解析失败:
[2025-07-29 05:31:54] - https://tcxx.info/feed
[2025-07-29 05:31:54] - https://blog.ops-coffee.cn/feed.xml
[2025-07-29 05:31:54] ✘ 有 2 条订阅头像无法访问, 已使用默认头像:
[2025-07-29 05:31:54] - http://feeds.feedburner.com/ruanyifeng
[2025-07-29 05:31:54] - https://www.loyhome.com/feed
[2025-07-29 06:37:02] 本次订阅抓取结果统计:
[2025-07-29 06:37:02] 共 28 条RSS, 成功抓取 26 条.
[2025-07-29 06:37:02] ✘ 有 2 条订阅解析失败:
[2025-07-29 06:37:02] - https://tcxx.info/feed
[2025-07-29 06:37:02] - https://blog.ops-coffee.cn/feed.xml
[2025-07-29 06:37:02] ✘ 有 2 条订阅头像无法访问, 已使用默认头像:
[2025-07-29 06:37:02] - http://feeds.feedburner.com/ruanyifeng
[2025-07-29 06:37:02] - https://www.loyhome.com/feed
[2025-07-29 07:27:12] 本次订阅抓取结果统计:
[2025-07-29 07:27:12] 共 28 条RSS, 成功抓取 26 条.
[2025-07-29 07:27:12] ✘ 有 2 条订阅解析失败:
[2025-07-29 07:27:12] - https://tcxx.info/feed
[2025-07-29 07:27:12] - https://blog.ops-coffee.cn/feed.xml
[2025-07-29 07:27:12] ✘ 有 2 条订阅头像无法访问, 已使用默认头像:
[2025-07-29 07:27:12] - https://www.loyhome.com/feed
[2025-07-29 07:27:12] - http://feeds.feedburner.com/ruanyifeng
[2025-07-29 08:33:13] 本次订阅抓取结果统计:
[2025-07-29 08:33:13] 共 28 条RSS, 成功抓取 26 条.
[2025-07-29 08:33:13] ✘ 有 2 条订阅解析失败:
[2025-07-29 08:33:13] - https://tcxx.info/feed
[2025-07-29 08:33:13] - https://blog.ops-coffee.cn/feed.xml
[2025-07-29 08:33:13] ✘ 有 2 条订阅头像无法访问, 已使用默认头像:
[2025-07-29 08:33:13] - http://feeds.feedburner.com/ruanyifeng
[2025-07-29 08:33:13] - https://www.loyhome.com/feed
[2025-07-29 09:30:01] 本次订阅抓取结果统计:
[2025-07-29 09:30:01] 共 28 条RSS, 成功抓取 26 条.
[2025-07-29 09:30:01] ✘ 有 2 条订阅解析失败:
[2025-07-29 09:30:01] - https://tcxx.info/feed
[2025-07-29 09:30:01] - https://blog.ops-coffee.cn/feed.xml
[2025-07-29 09:30:01] ✘ 有 2 条订阅头像无法访问, 已使用默认头像:
[2025-07-29 09:30:01] - http://feeds.feedburner.com/ruanyifeng
[2025-07-29 09:30:01] - https://www.loyhome.com/feed
[2025-07-29 10:26:32] 本次订阅抓取结果统计:
[2025-07-29 10:26:32] 共 28 条RSS, 成功抓取 26 条.
[2025-07-29 10:26:32] ✘ 有 2 条订阅解析失败:
[2025-07-29 10:26:32] - https://tcxx.info/feed
[2025-07-29 10:26:32] - https://blog.ops-coffee.cn/feed.xml
[2025-07-29 10:26:32] ✘ 有 2 条订阅头像无法访问, 已使用默认头像:
[2025-07-29 10:26:32] - http://feeds.feedburner.com/ruanyifeng
[2025-07-29 10:26:32] - https://www.loyhome.com/feed
[2025-07-29 11:21:02] 本次订阅抓取结果统计:
[2025-07-29 11:21:02] 共 28 条RSS, 成功抓取 26 条.
[2025-07-29 11:21:02] ✘ 有 2 条订阅解析失败:
[2025-07-29 11:21:02] - https://tcxx.info/feed
[2025-07-29 11:21:02] - https://blog.ops-coffee.cn/feed.xml
[2025-07-29 11:21:02] ✘ 有 2 条订阅头像无法访问, 已使用默认头像:
[2025-07-29 11:21:02] - http://feeds.feedburner.com/ruanyifeng
[2025-07-29 11:21:02] - https://www.loyhome.com/feed
[2025-07-29 12:52:47] 本次订阅抓取结果统计:
[2025-07-29 12:52:47] 共 28 条RSS, 成功抓取 26 条.
[2025-07-29 12:52:47] ✘ 有 2 条订阅解析失败:
[2025-07-29 12:52:47] - https://tcxx.info/feed
[2025-07-29 12:52:47] - https://blog.ops-coffee.cn/feed.xml
[2025-07-29 12:52:47] ✘ 有 2 条订阅头像无法访问, 已使用默认头像:
[2025-07-29 12:52:47] - http://feeds.feedburner.com/ruanyifeng
[2025-07-29 12:52:47] - https://www.loyhome.com/feed
[2025-07-29 13:43:10] 本次订阅抓取结果统计:
[2025-07-29 13:43:10] 共 28 条RSS, 成功抓取 26 条.
[2025-07-29 13:43:10] ✘ 有 2 条订阅解析失败:
[2025-07-29 13:43:10] - https://tcxx.info/feed
[2025-07-29 13:43:10] - https://blog.ops-coffee.cn/feed.xml
[2025-07-29 13:43:10] ✘ 有 2 条订阅头像无法访问, 已使用默认头像:
[2025-07-29 13:43:10] - https://www.loyhome.com/feed
[2025-07-29 13:43:10] - http://feeds.feedburner.com/ruanyifeng
[2025-07-29 14:27:40] 本次订阅抓取结果统计:
[2025-07-29 14:27:40] 共 28 条RSS, 成功抓取 26 条.
[2025-07-29 14:27:40] ✘ 有 2 条订阅解析失败:
[2025-07-29 14:27:40] - https://blog.ops-coffee.cn/feed.xml
[2025-07-29 14:27:40] - https://tcxx.info/feed
[2025-07-29 14:27:40] ✘ 有 2 条订阅头像无法访问, 已使用默认头像:
[2025-07-29 14:27:40] - http://feeds.feedburner.com/ruanyifeng
[2025-07-29 14:27:40] - https://www.loyhome.com/feed
