[2025-06-19 01:53:48] 本次订阅抓取结果统计:
[2025-06-19 01:53:48] 共 28 条RSS, 成功抓取 27 条.
[2025-06-19 01:53:48] ✘ 有 1 条订阅解析失败:
[2025-06-19 01:53:48] - https://tcxx.info/feed
[2025-06-19 01:53:48] ✘ 有 2 条订阅头像无法访问, 已使用默认头像:
[2025-06-19 01:53:48] - http://feeds.feedburner.com/ruanyifeng
[2025-06-19 01:53:48] - https://www.loyhome.com/feed
[2025-06-19 03:19:18] 本次订阅抓取结果统计:
[2025-06-19 03:19:18] 共 28 条RSS, 成功抓取 27 条.
[2025-06-19 03:19:18] ✘ 有 1 条订阅解析失败:
[2025-06-19 03:19:18] - https://tcxx.info/feed
[2025-06-19 03:19:18] ✘ 有 2 条订阅头像无法访问, 已使用默认头像:
[2025-06-19 03:19:18] - http://feeds.feedburner.com/ruanyifeng
[2025-06-19 03:19:18] - https://www.loyhome.com/feed
[2025-06-19 04:30:33] 本次订阅抓取结果统计:
[2025-06-19 04:30:33] 共 28 条RSS, 成功抓取 27 条.
[2025-06-19 04:30:33] ✘ 有 1 条订阅解析失败:
[2025-06-19 04:30:33] - https://tcxx.info/feed
[2025-06-19 04:30:33] ✘ 有 2 条订阅头像无法访问, 已使用默认头像:
[2025-06-19 04:30:33] - http://feeds.feedburner.com/ruanyifeng
[2025-06-19 04:30:33] - https://www.loyhome.com/feed
[2025-06-19 05:22:03] 本次订阅抓取结果统计:
[2025-06-19 05:22:03] 共 28 条RSS, 成功抓取 27 条.
[2025-06-19 05:22:03] ✘ 有 1 条订阅解析失败:
[2025-06-19 05:22:03] - https://tcxx.info/feed
[2025-06-19 05:22:03] ✘ 有 2 条订阅头像无法访问, 已使用默认头像:
[2025-06-19 05:22:03] - http://feeds.feedburner.com/ruanyifeng
[2025-06-19 05:22:03] - https://www.loyhome.com/feed
[2025-06-19 06:33:18] 本次订阅抓取结果统计:
[2025-06-19 06:33:18] 共 28 条RSS, 成功抓取 27 条.
[2025-06-19 06:33:18] ✘ 有 1 条订阅解析失败:
[2025-06-19 06:33:18] - https://tcxx.info/feed
[2025-06-19 06:33:18] ✘ 有 2 条订阅头像无法访问, 已使用默认头像:
[2025-06-19 06:33:18] - http://feeds.feedburner.com/ruanyifeng
[2025-06-19 06:33:18] - https://www.loyhome.com/feed
[2025-06-19 07:22:09] 本次订阅抓取结果统计:
[2025-06-19 07:22:09] 共 28 条RSS, 成功抓取 27 条.
[2025-06-19 07:22:09] ✘ 有 1 条订阅解析失败:
[2025-06-19 07:22:09] - https://tcxx.info/feed
[2025-06-19 07:22:09] ✘ 有 2 条订阅头像无法访问, 已使用默认头像:
[2025-06-19 07:22:09] - https://www.loyhome.com/feed
[2025-06-19 07:22:09] - http://feeds.feedburner.com/ruanyifeng
[2025-06-19 08:30:31] 本次订阅抓取结果统计:
[2025-06-19 08:30:31] 共 28 条RSS, 成功抓取 27 条.
[2025-06-19 08:30:31] ✘ 有 1 条订阅解析失败:
[2025-06-19 08:30:31] - https://tcxx.info/feed
[2025-06-19 08:30:31] ✘ 有 2 条订阅头像无法访问, 已使用默认头像:
[2025-06-19 08:30:31] - http://feeds.feedburner.com/ruanyifeng
[2025-06-19 08:30:31] - https://www.loyhome.com/feed
[2025-06-19 09:25:00] 本次订阅抓取结果统计:
[2025-06-19 09:25:00] 共 28 条RSS, 成功抓取 27 条.
[2025-06-19 09:25:00] ✘ 有 1 条订阅解析失败:
[2025-06-19 09:25:00] - https://tcxx.info/feed
[2025-06-19 09:25:00] ✘ 有 2 条订阅头像无法访问, 已使用默认头像:
[2025-06-19 09:25:00] - http://feeds.feedburner.com/ruanyifeng
[2025-06-19 09:25:00] - https://www.loyhome.com/feed
[2025-06-19 10:24:37] 本次订阅抓取结果统计:
[2025-06-19 10:24:37] 共 28 条RSS, 成功抓取 27 条.
[2025-06-19 10:24:37] ✘ 有 1 条订阅解析失败:
[2025-06-19 10:24:37] - https://tcxx.info/feed
[2025-06-19 10:24:37] ✘ 有 2 条订阅头像无法访问, 已使用默认头像:
[2025-06-19 10:24:37] - http://feeds.feedburner.com/ruanyifeng
[2025-06-19 10:24:37] - https://www.loyhome.com/feed
[2025-06-19 11:19:37] 本次订阅抓取结果统计:
[2025-06-19 11:19:37] 共 28 条RSS, 成功抓取 27 条.
[2025-06-19 11:19:37] ✘ 有 1 条订阅解析失败:
[2025-06-19 11:19:37] - https://tcxx.info/feed
[2025-06-19 11:19:37] ✘ 有 2 条订阅头像无法访问, 已使用默认头像:
[2025-06-19 11:19:37] - http://feeds.feedburner.com/ruanyifeng
[2025-06-19 11:19:37] - https://www.loyhome.com/feed
[2025-06-19 12:47:14] 本次订阅抓取结果统计:
[2025-06-19 12:47:14] 共 28 条RSS, 成功抓取 26 条.
[2025-06-19 12:47:14] ✘ 有 2 条订阅解析失败:
[2025-06-19 12:47:14] - https://tcxx.info/feed
[2025-06-19 12:47:14] - https://tumutanzi.com/feed
[2025-06-19 12:47:14] ✘ 有 3 条订阅头像无法访问, 已使用默认头像:
[2025-06-19 12:47:14] - http://feeds.feedburner.com/ruanyifeng
[2025-06-19 12:47:14] - https://www.loyhome.com/feed
[2025-06-19 12:47:14] - http://feeds.kenengba.com/kenengbarss
[2025-06-19 13:33:56] 本次订阅抓取结果统计:
[2025-06-19 13:33:56] 共 28 条RSS, 成功抓取 26 条.
[2025-06-19 13:33:56] ✘ 有 2 条订阅解析失败:
[2025-06-19 13:33:56] - https://tcxx.info/feed
[2025-06-19 13:33:56] - https://tumutanzi.com/feed
[2025-06-19 13:33:56] ✘ 有 2 条订阅头像无法访问, 已使用默认头像:
[2025-06-19 13:33:56] - http://feeds.feedburner.com/ruanyifeng
[2025-06-19 13:33:56] - https://www.loyhome.com/feed
[2025-06-19 14:21:56] 本次订阅抓取结果统计:
[2025-06-19 14:21:56] 共 28 条RSS, 成功抓取 26 条.
[2025-06-19 14:21:56] ✘ 有 2 条订阅解析失败:
[2025-06-19 14:21:56] - https://tcxx.info/feed
[2025-06-19 14:21:56] - https://tumutanzi.com/feed
[2025-06-19 14:21:56] ✘ 有 2 条订阅头像无法访问, 已使用默认头像:
[2025-06-19 14:21:56] - http://feeds.feedburner.com/ruanyifeng
[2025-06-19 14:21:56] - https://www.loyhome.com/feed
[2025-06-19 15:24:08] 本次订阅抓取结果统计:
[2025-06-19 15:24:08] 共 28 条RSS, 成功抓取 27 条.
[2025-06-19 15:24:08] ✘ 有 1 条订阅解析失败:
[2025-06-19 15:24:08] - https://tcxx.info/feed
[2025-06-19 15:24:08] ✘ 有 2 条订阅头像无法访问, 已使用默认头像:
[2025-06-19 15:24:08] - http://feeds.feedburner.com/ruanyifeng
[2025-06-19 15:24:08] - https://www.loyhome.com/feed
[2025-06-19 16:28:39] 本次订阅抓取结果统计:
[2025-06-19 16:28:39] 共 28 条RSS, 成功抓取 27 条.
[2025-06-19 16:28:39] ✘ 有 1 条订阅解析失败:
[2025-06-19 16:28:39] - https://tcxx.info/feed
[2025-06-19 16:28:39] ✘ 有 3 条订阅头像无法访问, 已使用默认头像:
[2025-06-19 16:28:39] - http://feeds.feedburner.com/ruanyifeng
[2025-06-19 16:28:39] - https://www.loyhome.com/feed
[2025-06-19 16:28:39] - https://xyzbz.cn/feed
[2025-06-19 17:20:23] 本次订阅抓取结果统计:
[2025-06-19 17:20:23] 共 28 条RSS, 成功抓取 27 条.
[2025-06-19 17:20:23] ✘ 有 1 条订阅解析失败:
[2025-06-19 17:20:23] - https://tcxx.info/feed
[2025-06-19 17:20:23] ✘ 有 2 条订阅头像无法访问, 已使用默认头像:
[2025-06-19 17:20:23] - http://feeds.feedburner.com/ruanyifeng
[2025-06-19 17:20:23] - https://www.loyhome.com/feed
[2025-06-19 18:30:38] 本次订阅抓取结果统计:
[2025-06-19 18:30:38] 共 28 条RSS, 成功抓取 27 条.
[2025-06-19 18:30:38] ✘ 有 1 条订阅解析失败:
[2025-06-19 18:30:38] - https://tcxx.info/feed
[2025-06-19 18:30:38] ✘ 有 2 条订阅头像无法访问, 已使用默认头像:
[2025-06-19 18:30:38] - http://feeds.feedburner.com/ruanyifeng
[2025-06-19 18:30:38] - https://www.loyhome.com/feed
[2025-06-19 19:16:22] 本次订阅抓取结果统计:
[2025-06-19 19:16:22] 共 28 条RSS, 成功抓取 27 条.
[2025-06-19 19:16:22] ✘ 有 1 条订阅解析失败:
[2025-06-19 19:16:22] - https://tcxx.info/feed
[2025-06-19 19:16:22] ✘ 有 2 条订阅头像无法访问, 已使用默认头像:
[2025-06-19 19:16:22] - http://feeds.feedburner.com/ruanyifeng
[2025-06-19 19:16:22] - https://www.loyhome.com/feed
[2025-06-19 20:26:06] 本次订阅抓取结果统计:
[2025-06-19 20:26:06] 共 28 条RSS, 成功抓取 27 条.
[2025-06-19 20:26:06] ✘ 有 1 条订阅解析失败:
[2025-06-19 20:26:06] - https://tcxx.info/feed
[2025-06-19 20:26:06] ✘ 有 2 条订阅头像无法访问, 已使用默认头像:
[2025-06-19 20:26:06] - http://feeds.feedburner.com/ruanyifeng
[2025-06-19 20:26:06] - https://www.loyhome.com/feed
[2025-06-19 21:20:25] 本次订阅抓取结果统计:
[2025-06-19 21:20:25] 共 28 条RSS, 成功抓取 27 条.
[2025-06-19 21:20:25] ✘ 有 1 条订阅解析失败:
[2025-06-19 21:20:25] - https://tcxx.info/feed
[2025-06-19 21:20:25] ✘ 有 2 条订阅头像无法访问, 已使用默认头像:
[2025-06-19 21:20:25] - http://feeds.feedburner.com/ruanyifeng
[2025-06-19 21:20:25] - https://www.loyhome.com/feed
