[2025-10-09 01:40:41] 本次订阅抓取结果统计:
[2025-10-09 01:40:41] 共 28 条RSS, 成功抓取 25 条.
[2025-10-09 01:40:41] ✘ 有 3 条订阅解析失败:
[2025-10-09 01:40:41] - https://tcxx.info/feed
[2025-10-09 01:40:41] - https://tumutanzi.com/feed
[2025-10-09 01:40:41] - https://geekinney.com/index.xml
[2025-10-09 01:40:41] ✘ 有 2 条订阅头像无法访问, 已使用默认头像:
[2025-10-09 01:40:41] - http://feeds.feedburner.com/ruanyifeng
[2025-10-09 01:40:41] - https://www.loyhome.com/feed
[2025-10-09 03:02:40] 本次订阅抓取结果统计:
[2025-10-09 03:02:40] 共 28 条RSS, 成功抓取 24 条.
[2025-10-09 03:02:40] ✘ 有 4 条订阅解析失败:
[2025-10-09 03:02:40] - https://tcxx.info/feed
[2025-10-09 03:02:40] - https://tumutanzi.com/feed
[2025-10-09 03:02:40] - https://geekinney.com/index.xml
[2025-10-09 03:02:40] - https://blog.fooleap.org/atom.xml
[2025-10-09 03:02:40] ✘ 有 2 条订阅头像无法访问, 已使用默认头像:
[2025-10-09 03:02:40] - http://feeds.feedburner.com/ruanyifeng
[2025-10-09 03:02:40] - https://www.loyhome.com/feed
[2025-10-09 04:26:22] 本次订阅抓取结果统计:
[2025-10-09 04:26:22] 共 28 条RSS, 成功抓取 25 条.
[2025-10-09 04:26:22] ✘ 有 3 条订阅解析失败:
[2025-10-09 04:26:22] - https://tumutanzi.com/feed
[2025-10-09 04:26:22] - https://tcxx.info/feed
[2025-10-09 04:26:22] - https://geekinney.com/index.xml
[2025-10-09 04:26:22] ✘ 有 2 条订阅头像无法访问, 已使用默认头像:
[2025-10-09 04:26:22] - http://feeds.feedburner.com/ruanyifeng
[2025-10-09 04:26:22] - https://www.loyhome.com/feed
[2025-10-09 05:21:27] 本次订阅抓取结果统计:
[2025-10-09 05:21:27] 共 28 条RSS, 成功抓取 25 条.
[2025-10-09 05:21:27] ✘ 有 3 条订阅解析失败:
[2025-10-09 05:21:27] - https://tcxx.info/feed
[2025-10-09 05:21:27] - https://tumutanzi.com/feed
[2025-10-09 05:21:27] - https://geekinney.com/index.xml
[2025-10-09 05:21:27] ✘ 有 2 条订阅头像无法访问, 已使用默认头像:
[2025-10-09 05:21:27] - http://feeds.feedburner.com/ruanyifeng
[2025-10-09 05:21:27] - https://www.loyhome.com/feed
[2025-10-09 06:33:03] 本次订阅抓取结果统计:
[2025-10-09 06:33:03] 共 28 条RSS, 成功抓取 25 条.
[2025-10-09 06:33:03] ✘ 有 3 条订阅解析失败:
[2025-10-09 06:33:03] - https://tumutanzi.com/feed
[2025-10-09 06:33:03] - https://geekinney.com/index.xml
[2025-10-09 06:33:03] - https://tcxx.info/feed
[2025-10-09 06:33:03] ✘ 有 2 条订阅头像无法访问, 已使用默认头像:
[2025-10-09 06:33:03] - http://feeds.feedburner.com/ruanyifeng
[2025-10-09 06:33:03] - https://www.loyhome.com/feed
[2025-10-09 07:21:00] 本次订阅抓取结果统计:
[2025-10-09 07:21:00] 共 28 条RSS, 成功抓取 25 条.
[2025-10-09 07:21:00] ✘ 有 3 条订阅解析失败:
[2025-10-09 07:21:00] - https://tcxx.info/feed
[2025-10-09 07:21:00] - https://tumutanzi.com/feed
[2025-10-09 07:21:00] - https://geekinney.com/index.xml
[2025-10-09 07:21:00] ✘ 有 2 条订阅头像无法访问, 已使用默认头像:
[2025-10-09 07:21:00] - http://feeds.feedburner.com/ruanyifeng
[2025-10-09 07:21:00] - https://www.loyhome.com/feed
[2025-10-09 08:29:09] 本次订阅抓取结果统计:
[2025-10-09 08:29:09] 共 28 条RSS, 成功抓取 25 条.
[2025-10-09 08:29:09] ✘ 有 3 条订阅解析失败:
[2025-10-09 08:29:09] - https://tumutanzi.com/feed
[2025-10-09 08:29:09] - https://tcxx.info/feed
[2025-10-09 08:29:09] - https://geekinney.com/index.xml
[2025-10-09 08:29:09] ✘ 有 2 条订阅头像无法访问, 已使用默认头像:
[2025-10-09 08:29:09] - http://feeds.feedburner.com/ruanyifeng
[2025-10-09 08:29:09] - https://www.loyhome.com/feed
[2025-10-09 09:23:36] 本次订阅抓取结果统计:
[2025-10-09 09:23:36] 共 28 条RSS, 成功抓取 25 条.
[2025-10-09 09:23:36] ✘ 有 3 条订阅解析失败:
[2025-10-09 09:23:36] - https://tcxx.info/feed
[2025-10-09 09:23:36] - https://tumutanzi.com/feed
[2025-10-09 09:23:36] - https://geekinney.com/index.xml
[2025-10-09 09:23:36] ✘ 有 2 条订阅头像无法访问, 已使用默认头像:
[2025-10-09 09:23:36] - http://feeds.feedburner.com/ruanyifeng
[2025-10-09 09:23:36] - https://www.loyhome.com/feed
[2025-10-09 10:24:12] 本次订阅抓取结果统计:
[2025-10-09 10:24:12] 共 28 条RSS, 成功抓取 25 条.
[2025-10-09 10:24:12] ✘ 有 3 条订阅解析失败:
[2025-10-09 10:24:12] - https://tcxx.info/feed
[2025-10-09 10:24:12] - https://tumutanzi.com/feed
[2025-10-09 10:24:12] - https://geekinney.com/index.xml
[2025-10-09 10:24:12] ✘ 有 2 条订阅头像无法访问, 已使用默认头像:
[2025-10-09 10:24:12] - http://feeds.feedburner.com/ruanyifeng
[2025-10-09 10:24:12] - https://www.loyhome.com/feed
[2025-10-09 11:18:29] 本次订阅抓取结果统计:
[2025-10-09 11:18:29] 共 28 条RSS, 成功抓取 25 条.
[2025-10-09 11:18:29] ✘ 有 3 条订阅解析失败:
[2025-10-09 11:18:29] - https://tcxx.info/feed
[2025-10-09 11:18:29] - https://tumutanzi.com/feed
[2025-10-09 11:18:29] - https://geekinney.com/index.xml
[2025-10-09 11:18:29] ✘ 有 2 条订阅头像无法访问, 已使用默认头像:
[2025-10-09 11:18:29] - http://feeds.feedburner.com/ruanyifeng
[2025-10-09 11:18:29] - https://www.loyhome.com/feed
[2025-10-09 12:45:30] 本次订阅抓取结果统计:
[2025-10-09 12:45:30] 共 28 条RSS, 成功抓取 25 条.
[2025-10-09 12:45:30] ✘ 有 3 条订阅解析失败:
[2025-10-09 12:45:30] - https://tcxx.info/feed
[2025-10-09 12:45:30] - https://tumutanzi.com/feed
[2025-10-09 12:45:30] - https://geekinney.com/index.xml
[2025-10-09 12:45:30] ✘ 有 2 条订阅头像无法访问, 已使用默认头像:
[2025-10-09 12:45:30] - http://feeds.feedburner.com/ruanyifeng
[2025-10-09 12:45:30] - https://www.loyhome.com/feed
[2025-10-09 13:31:55] 本次订阅抓取结果统计:
[2025-10-09 13:31:55] 共 28 条RSS, 成功抓取 25 条.
[2025-10-09 13:31:55] ✘ 有 3 条订阅解析失败:
[2025-10-09 13:31:55] - https://tcxx.info/feed
[2025-10-09 13:31:55] - https://tumutanzi.com/feed
[2025-10-09 13:31:55] - https://geekinney.com/index.xml
[2025-10-09 13:31:55] ✘ 有 2 条订阅头像无法访问, 已使用默认头像:
[2025-10-09 13:31:55] - https://www.loyhome.com/feed
[2025-10-09 13:31:55] - http://feeds.feedburner.com/ruanyifeng
[2025-10-09 14:21:48] 本次订阅抓取结果统计:
[2025-10-09 14:21:48] 共 28 条RSS, 成功抓取 25 条.
[2025-10-09 14:21:48] ✘ 有 3 条订阅解析失败:
[2025-10-09 14:21:48] - https://tumutanzi.com/feed
[2025-10-09 14:21:48] - https://tcxx.info/feed
[2025-10-09 14:21:48] - https://geekinney.com/index.xml
[2025-10-09 14:21:48] ✘ 有 2 条订阅头像无法访问, 已使用默认头像:
[2025-10-09 14:21:48] - http://feeds.feedburner.com/ruanyifeng
[2025-10-09 14:21:48] - https://www.loyhome.com/feed
[2025-10-09 15:31:00] 本次订阅抓取结果统计:
[2025-10-09 15:31:00] 共 28 条RSS, 成功抓取 25 条.
[2025-10-09 15:31:00] ✘ 有 3 条订阅解析失败:
[2025-10-09 15:31:00] - https://tumutanzi.com/feed
[2025-10-09 15:31:00] - https://tcxx.info/feed
[2025-10-09 15:31:00] - https://geekinney.com/index.xml
[2025-10-09 15:31:00] ✘ 有 2 条订阅头像无法访问, 已使用默认头像:
[2025-10-09 15:31:00] - https://www.loyhome.com/feed
[2025-10-09 15:31:00] - http://feeds.feedburner.com/ruanyifeng
[2025-10-09 16:29:15] 本次订阅抓取结果统计:
[2025-10-09 16:29:15] 共 28 条RSS, 成功抓取 25 条.
[2025-10-09 16:29:15] ✘ 有 3 条订阅解析失败:
[2025-10-09 16:29:15] - https://tumutanzi.com/feed
[2025-10-09 16:29:15] - https://tcxx.info/feed
[2025-10-09 16:29:15] - https://geekinney.com/index.xml
[2025-10-09 16:29:15] ✘ 有 2 条订阅头像无法访问, 已使用默认头像:
[2025-10-09 16:29:15] - http://feeds.feedburner.com/ruanyifeng
[2025-10-09 16:29:15] - https://www.loyhome.com/feed
[2025-10-09 17:19:53] 本次订阅抓取结果统计:
[2025-10-09 17:19:53] 共 28 条RSS, 成功抓取 25 条.
[2025-10-09 17:19:53] ✘ 有 3 条订阅解析失败:
[2025-10-09 17:19:53] - https://tcxx.info/feed
[2025-10-09 17:19:53] - https://tumutanzi.com/feed
[2025-10-09 17:19:53] - https://geekinney.com/index.xml
[2025-10-09 17:19:53] ✘ 有 2 条订阅头像无法访问, 已使用默认头像:
[2025-10-09 17:19:53] - http://feeds.feedburner.com/ruanyifeng
[2025-10-09 17:19:53] - https://www.loyhome.com/feed
[2025-10-09 18:31:00] 本次订阅抓取结果统计:
[2025-10-09 18:31:00] 共 28 条RSS, 成功抓取 25 条.
[2025-10-09 18:31:00] ✘ 有 3 条订阅解析失败:
[2025-10-09 18:31:00] - https://tcxx.info/feed
[2025-10-09 18:31:00] - https://tumutanzi.com/feed
[2025-10-09 18:31:00] - https://geekinney.com/index.xml
[2025-10-09 18:31:00] ✘ 有 2 条订阅头像无法访问, 已使用默认头像:
[2025-10-09 18:31:00] - http://feeds.feedburner.com/ruanyifeng
[2025-10-09 18:31:00] - https://www.loyhome.com/feed
[2025-10-09 19:18:12] 本次订阅抓取结果统计:
[2025-10-09 19:18:12] 共 28 条RSS, 成功抓取 25 条.
[2025-10-09 19:18:12] ✘ 有 3 条订阅解析失败:
[2025-10-09 19:18:12] - https://tcxx.info/feed
[2025-10-09 19:18:12] - https://tumutanzi.com/feed
[2025-10-09 19:18:12] - https://geekinney.com/index.xml
[2025-10-09 19:18:12] ✘ 有 2 条订阅头像无法访问, 已使用默认头像:
[2025-10-09 19:18:12] - https://www.loyhome.com/feed
[2025-10-09 19:18:12] - http://feeds.feedburner.com/ruanyifeng
[2025-10-09 20:24:13] 本次订阅抓取结果统计:
[2025-10-09 20:24:13] 共 28 条RSS, 成功抓取 25 条.
[2025-10-09 20:24:13] ✘ 有 3 条订阅解析失败:
[2025-10-09 20:24:13] - https://tcxx.info/feed
[2025-10-09 20:24:13] - https://tumutanzi.com/feed
[2025-10-09 20:24:13] - https://geekinney.com/index.xml
[2025-10-09 20:24:13] ✘ 有 2 条订阅头像无法访问, 已使用默认头像:
[2025-10-09 20:24:13] - http://feeds.feedburner.com/ruanyifeng
[2025-10-09 20:24:13] - https://www.loyhome.com/feed
[2025-10-09 21:18:58] 本次订阅抓取结果统计:
[2025-10-09 21:18:58] 共 28 条RSS, 成功抓取 25 条.
[2025-10-09 21:18:58] ✘ 有 3 条订阅解析失败:
[2025-10-09 21:18:58] - https://tcxx.info/feed
[2025-10-09 21:18:58] - https://tumutanzi.com/feed
[2025-10-09 21:18:58] - https://geekinney.com/index.xml
[2025-10-09 21:18:58] ✘ 有 2 条订阅头像无法访问, 已使用默认头像:
[2025-10-09 21:18:58] - http://feeds.feedburner.com/ruanyifeng
[2025-10-09 21:18:58] - https://www.loyhome.com/feed
[2025-10-09 22:19:18] 本次订阅抓取结果统计:
[2025-10-09 22:19:18] 共 28 条RSS, 成功抓取 25 条.
[2025-10-09 22:19:18] ✘ 有 3 条订阅解析失败:
[2025-10-09 22:19:18] - https://tumutanzi.com/feed
[2025-10-09 22:19:18] - https://tcxx.info/feed
[2025-10-09 22:19:18] - https://geekinney.com/index.xml
[2025-10-09 22:19:18] ✘ 有 2 条订阅头像无法访问, 已使用默认头像:
[2025-10-09 22:19:18] - http://feeds.feedburner.com/ruanyifeng
[2025-10-09 22:19:18] - https://www.loyhome.com/feed
