[2025-08-01 02:12:34] 本次订阅抓取结果统计:
[2025-08-01 02:12:34] 共 28 条RSS, 成功抓取 27 条.
[2025-08-01 02:12:34] ✘ 有 1 条订阅解析失败:
[2025-08-01 02:12:34] - https://tcxx.info/feed
[2025-08-01 02:12:34] ✘ 有 2 条订阅头像无法访问, 已使用默认头像:
[2025-08-01 02:12:34] - http://feeds.feedburner.com/ruanyifeng
[2025-08-01 02:12:34] - https://www.loyhome.com/feed
[2025-08-01 04:15:33] 本次订阅抓取结果统计:
[2025-08-01 04:15:33] 共 28 条RSS, 成功抓取 27 条.
[2025-08-01 04:15:33] ✘ 有 1 条订阅解析失败:
[2025-08-01 04:15:33] - https://tcxx.info/feed
[2025-08-01 04:15:33] ✘ 有 2 条订阅头像无法访问, 已使用默认头像:
[2025-08-01 04:15:33] - http://feeds.feedburner.com/ruanyifeng
[2025-08-01 04:15:33] - https://www.loyhome.com/feed
[2025-08-01 05:33:29] 本次订阅抓取结果统计:
[2025-08-01 05:33:29] 共 28 条RSS, 成功抓取 26 条.
[2025-08-01 05:33:29] ✘ 有 2 条订阅解析失败:
[2025-08-01 05:33:29] - https://tumutanzi.com/feed
[2025-08-01 05:33:29] - https://tcxx.info/feed
[2025-08-01 05:33:29] ✘ 有 2 条订阅头像无法访问, 已使用默认头像:
[2025-08-01 05:33:29] - http://feeds.feedburner.com/ruanyifeng
[2025-08-01 05:33:29] - https://www.loyhome.com/feed
[2025-08-01 06:38:16] 本次订阅抓取结果统计:
[2025-08-01 06:38:16] 共 28 条RSS, 成功抓取 26 条.
[2025-08-01 06:38:16] ✘ 有 2 条订阅解析失败:
[2025-08-01 06:38:16] - https://tcxx.info/feed
[2025-08-01 06:38:16] - https://tumutanzi.com/feed
[2025-08-01 06:38:16] ✘ 有 2 条订阅头像无法访问, 已使用默认头像:
[2025-08-01 06:38:16] - http://feeds.feedburner.com/ruanyifeng
[2025-08-01 06:38:16] - https://www.loyhome.com/feed
[2025-08-01 07:28:56] 本次订阅抓取结果统计:
[2025-08-01 07:28:56] 共 28 条RSS, 成功抓取 26 条.
[2025-08-01 07:28:56] ✘ 有 2 条订阅解析失败:
[2025-08-01 07:28:56] - https://tumutanzi.com/feed
[2025-08-01 07:28:56] - https://tcxx.info/feed
[2025-08-01 07:28:56] ✘ 有 2 条订阅头像无法访问, 已使用默认头像:
[2025-08-01 07:28:56] - http://feeds.feedburner.com/ruanyifeng
[2025-08-01 07:28:56] - https://www.loyhome.com/feed
[2025-08-01 08:33:44] 本次订阅抓取结果统计:
[2025-08-01 08:33:44] 共 28 条RSS, 成功抓取 26 条.
[2025-08-01 08:33:44] ✘ 有 2 条订阅解析失败:
[2025-08-01 08:33:44] - https://tumutanzi.com/feed
[2025-08-01 08:33:44] - https://tcxx.info/feed
[2025-08-01 08:33:44] ✘ 有 2 条订阅头像无法访问, 已使用默认头像:
[2025-08-01 08:33:44] - http://feeds.feedburner.com/ruanyifeng
[2025-08-01 08:33:44] - https://www.loyhome.com/feed
[2025-08-01 09:30:05] 本次订阅抓取结果统计:
[2025-08-01 09:30:05] 共 28 条RSS, 成功抓取 26 条.
[2025-08-01 09:30:05] ✘ 有 2 条订阅解析失败:
[2025-08-01 09:30:05] - https://tumutanzi.com/feed
[2025-08-01 09:30:05] - https://tcxx.info/feed
[2025-08-01 09:30:05] ✘ 有 2 条订阅头像无法访问, 已使用默认头像:
[2025-08-01 09:30:05] - http://feeds.feedburner.com/ruanyifeng
[2025-08-01 09:30:05] - https://www.loyhome.com/feed
[2025-08-01 10:27:09] 本次订阅抓取结果统计:
[2025-08-01 10:27:09] 共 28 条RSS, 成功抓取 26 条.
[2025-08-01 10:27:09] ✘ 有 2 条订阅解析失败:
[2025-08-01 10:27:09] - https://tumutanzi.com/feed
[2025-08-01 10:27:09] - https://tcxx.info/feed
[2025-08-01 10:27:09] ✘ 有 2 条订阅头像无法访问, 已使用默认头像:
[2025-08-01 10:27:09] - http://feeds.feedburner.com/ruanyifeng
[2025-08-01 10:27:09] - https://www.loyhome.com/feed
[2025-08-01 11:20:49] 本次订阅抓取结果统计:
[2025-08-01 11:20:49] 共 28 条RSS, 成功抓取 26 条.
[2025-08-01 11:20:49] ✘ 有 2 条订阅解析失败:
[2025-08-01 11:20:49] - https://tcxx.info/feed
[2025-08-01 11:20:49] - https://tumutanzi.com/feed
[2025-08-01 11:20:49] ✘ 有 2 条订阅头像无法访问, 已使用默认头像:
[2025-08-01 11:20:49] - http://feeds.feedburner.com/ruanyifeng
[2025-08-01 11:20:49] - https://www.loyhome.com/feed
[2025-08-01 12:51:47] 本次订阅抓取结果统计:
[2025-08-01 12:51:47] 共 28 条RSS, 成功抓取 26 条.
[2025-08-01 12:51:47] ✘ 有 2 条订阅解析失败:
[2025-08-01 12:51:47] - https://tcxx.info/feed
[2025-08-01 12:51:47] - https://tumutanzi.com/feed
[2025-08-01 12:51:47] ✘ 有 2 条订阅头像无法访问, 已使用默认头像:
[2025-08-01 12:51:47] - http://feeds.feedburner.com/ruanyifeng
[2025-08-01 12:51:47] - https://www.loyhome.com/feed
[2025-08-01 13:39:55] 本次订阅抓取结果统计:
[2025-08-01 13:39:55] 共 28 条RSS, 成功抓取 26 条.
[2025-08-01 13:39:55] ✘ 有 2 条订阅解析失败:
[2025-08-01 13:39:55] - https://tcxx.info/feed
[2025-08-01 13:39:55] - https://tumutanzi.com/feed
[2025-08-01 13:39:55] ✘ 有 2 条订阅头像无法访问, 已使用默认头像:
[2025-08-01 13:39:55] - https://www.loyhome.com/feed
[2025-08-01 13:39:55] - http://feeds.feedburner.com/ruanyifeng
[2025-08-01 14:25:18] 本次订阅抓取结果统计:
[2025-08-01 14:25:18] 共 28 条RSS, 成功抓取 26 条.
[2025-08-01 14:25:18] ✘ 有 2 条订阅解析失败:
[2025-08-01 14:25:18] - https://tcxx.info/feed
[2025-08-01 14:25:18] - https://tumutanzi.com/feed
[2025-08-01 14:25:18] ✘ 有 2 条订阅头像无法访问, 已使用默认头像:
[2025-08-01 14:25:18] - http://feeds.feedburner.com/ruanyifeng
[2025-08-01 14:25:18] - https://www.loyhome.com/feed
[2025-08-01 15:26:27] 本次订阅抓取结果统计:
[2025-08-01 15:26:27] 共 28 条RSS, 成功抓取 26 条.
[2025-08-01 15:26:27] ✘ 有 2 条订阅解析失败:
[2025-08-01 15:26:27] - https://tcxx.info/feed
[2025-08-01 15:26:27] - https://tumutanzi.com/feed
[2025-08-01 15:26:27] ✘ 有 2 条订阅头像无法访问, 已使用默认头像:
[2025-08-01 15:26:27] - http://feeds.feedburner.com/ruanyifeng
[2025-08-01 15:26:27] - https://www.loyhome.com/feed
[2025-08-01 16:31:47] 本次订阅抓取结果统计:
[2025-08-01 16:31:47] 共 28 条RSS, 成功抓取 26 条.
[2025-08-01 16:31:47] ✘ 有 2 条订阅解析失败:
[2025-08-01 16:31:47] - https://tcxx.info/feed
[2025-08-01 16:31:47] - https://tumutanzi.com/feed
[2025-08-01 16:31:47] ✘ 有 2 条订阅头像无法访问, 已使用默认头像:
[2025-08-01 16:31:47] - http://feeds.feedburner.com/ruanyifeng
[2025-08-01 16:31:47] - https://www.loyhome.com/feed
[2025-08-01 17:24:04] 本次订阅抓取结果统计:
[2025-08-01 17:24:04] 共 28 条RSS, 成功抓取 26 条.
[2025-08-01 17:24:04] ✘ 有 2 条订阅解析失败:
[2025-08-01 17:24:04] - https://tcxx.info/feed
[2025-08-01 17:24:04] - https://tumutanzi.com/feed
[2025-08-01 17:24:04] ✘ 有 2 条订阅头像无法访问, 已使用默认头像:
[2025-08-01 17:24:04] - http://feeds.feedburner.com/ruanyifeng
[2025-08-01 17:24:04] - https://www.loyhome.com/feed
[2025-08-01 18:35:19] 本次订阅抓取结果统计:
[2025-08-01 18:35:19] 共 28 条RSS, 成功抓取 26 条.
[2025-08-01 18:35:19] ✘ 有 2 条订阅解析失败:
[2025-08-01 18:35:19] - https://tcxx.info/feed
[2025-08-01 18:35:19] - https://tumutanzi.com/feed
[2025-08-01 18:35:19] ✘ 有 2 条订阅头像无法访问, 已使用默认头像:
[2025-08-01 18:35:19] - http://feeds.feedburner.com/ruanyifeng
[2025-08-01 18:35:19] - https://www.loyhome.com/feed
[2025-08-01 19:20:27] 本次订阅抓取结果统计:
[2025-08-01 19:20:27] 共 28 条RSS, 成功抓取 26 条.
[2025-08-01 19:20:27] ✘ 有 2 条订阅解析失败:
[2025-08-01 19:20:27] - https://tumutanzi.com/feed
[2025-08-01 19:20:27] - https://tcxx.info/feed
[2025-08-01 19:20:27] ✘ 有 2 条订阅头像无法访问, 已使用默认头像:
[2025-08-01 19:20:27] - https://www.loyhome.com/feed
[2025-08-01 19:20:27] - http://feeds.feedburner.com/ruanyifeng
[2025-08-01 20:26:42] 本次订阅抓取结果统计:
[2025-08-01 20:26:42] 共 28 条RSS, 成功抓取 26 条.
[2025-08-01 20:26:42] ✘ 有 2 条订阅解析失败:
[2025-08-01 20:26:42] - https://tcxx.info/feed
[2025-08-01 20:26:42] - https://tumutanzi.com/feed
[2025-08-01 20:26:42] ✘ 有 2 条订阅头像无法访问, 已使用默认头像:
[2025-08-01 20:26:42] - http://feeds.feedburner.com/ruanyifeng
[2025-08-01 20:26:42] - https://www.loyhome.com/feed
[2025-08-01 21:23:05] 本次订阅抓取结果统计:
[2025-08-01 21:23:05] 共 28 条RSS, 成功抓取 26 条.
[2025-08-01 21:23:05] ✘ 有 2 条订阅解析失败:
[2025-08-01 21:23:05] - https://tumutanzi.com/feed
[2025-08-01 21:23:05] - https://tcxx.info/feed
[2025-08-01 21:23:05] ✘ 有 2 条订阅头像无法访问, 已使用默认头像:
[2025-08-01 21:23:05] - http://feeds.feedburner.com/ruanyifeng
[2025-08-01 21:23:05] - https://www.loyhome.com/feed
[2025-08-01 22:23:33] 本次订阅抓取结果统计:
[2025-08-01 22:23:33] 共 28 条RSS, 成功抓取 26 条.
[2025-08-01 22:23:33] ✘ 有 2 条订阅解析失败:
[2025-08-01 22:23:33] - https://tcxx.info/feed
[2025-08-01 22:23:33] - https://tumutanzi.com/feed
[2025-08-01 22:23:33] ✘ 有 2 条订阅头像无法访问, 已使用默认头像:
[2025-08-01 22:23:33] - http://feeds.feedburner.com/ruanyifeng
[2025-08-01 22:23:33] - https://www.loyhome.com/feed
[2025-08-01 23:23:42] 本次订阅抓取结果统计:
[2025-08-01 23:23:42] 共 28 条RSS, 成功抓取 26 条.
[2025-08-01 23:23:42] ✘ 有 2 条订阅解析失败:
[2025-08-01 23:23:42] - https://tumutanzi.com/feed
[2025-08-01 23:23:42] - https://tcxx.info/feed
[2025-08-01 23:23:42] ✘ 有 2 条订阅头像无法访问, 已使用默认头像:
[2025-08-01 23:23:42] - http://feeds.feedburner.com/ruanyifeng
[2025-08-01 23:23:42] - https://www.loyhome.com/feed
