[2025-03-20 03:03:04] 本次订阅抓取结果统计:
[2025-03-20 03:03:04] 共 28 条RSS, 成功抓取 26 条.
[2025-03-20 03:03:04] ✘ 有 2 条订阅解析失败:
[2025-03-20 03:03:04] - https://tcxx.info/feed
[2025-03-20 03:03:04] - https://geekinney.com/index.xml
[2025-03-20 03:03:04] ✘ 有 2 条订阅头像无法访问, 已使用默认头像:
[2025-03-20 03:03:04] - http://feeds.feedburner.com/ruanyifeng
[2025-03-20 03:03:04] - https://www.loyhome.com/feed
[2025-03-20 04:40:06] 本次订阅抓取结果统计:
[2025-03-20 04:40:06] 共 28 条RSS, 成功抓取 27 条.
[2025-03-20 04:40:06] ✘ 有 1 条订阅解析失败:
[2025-03-20 04:40:06] - https://geekinney.com/index.xml
[2025-03-20 04:40:06] ✘ 有 2 条订阅头像无法访问, 已使用默认头像:
[2025-03-20 04:40:06] - http://feeds.feedburner.com/ruanyifeng
[2025-03-20 04:40:06] - https://www.loyhome.com/feed
[2025-03-20 05:35:26] 本次订阅抓取结果统计:
[2025-03-20 05:35:26] 共 28 条RSS, 成功抓取 26 条.
[2025-03-20 05:35:26] ✘ 有 2 条订阅解析失败:
[2025-03-20 05:35:26] - https://tcxx.info/feed
[2025-03-20 05:35:26] - https://geekinney.com/index.xml
[2025-03-20 05:35:26] ✘ 有 2 条订阅头像无法访问, 已使用默认头像:
[2025-03-20 05:35:26] - http://feeds.feedburner.com/ruanyifeng
[2025-03-20 05:35:26] - https://www.loyhome.com/feed
[2025-03-20 06:47:17] 本次订阅抓取结果统计:
[2025-03-20 06:47:17] 共 28 条RSS, 成功抓取 27 条.
[2025-03-20 06:47:17] ✘ 有 1 条订阅解析失败:
[2025-03-20 06:47:17] - https://geekinney.com/index.xml
[2025-03-20 06:47:17] ✘ 有 2 条订阅头像无法访问, 已使用默认头像:
[2025-03-20 06:47:17] - http://feeds.feedburner.com/ruanyifeng
[2025-03-20 06:47:17] - https://www.loyhome.com/feed
[2025-03-20 07:28:30] 本次订阅抓取结果统计:
[2025-03-20 07:28:30] 共 28 条RSS, 成功抓取 26 条.
[2025-03-20 07:28:30] ✘ 有 2 条订阅解析失败:
[2025-03-20 07:28:30] - https://tcxx.info/feed
[2025-03-20 07:28:30] - https://geekinney.com/index.xml
[2025-03-20 07:28:30] ✘ 有 2 条订阅头像无法访问, 已使用默认头像:
[2025-03-20 07:28:30] - http://feeds.feedburner.com/ruanyifeng
[2025-03-20 07:28:30] - https://www.loyhome.com/feed
[2025-03-20 08:42:57] 本次订阅抓取结果统计:
[2025-03-20 08:42:57] 共 28 条RSS, 成功抓取 27 条.
[2025-03-20 08:42:57] ✘ 有 1 条订阅解析失败:
[2025-03-20 08:42:57] - https://geekinney.com/index.xml
[2025-03-20 08:42:57] ✘ 有 2 条订阅头像无法访问, 已使用默认头像:
[2025-03-20 08:42:57] - http://feeds.feedburner.com/ruanyifeng
[2025-03-20 08:42:57] - https://www.loyhome.com/feed
[2025-03-20 09:34:45] 本次订阅抓取结果统计:
[2025-03-20 09:34:45] 共 28 条RSS, 成功抓取 25 条.
[2025-03-20 09:34:45] ✘ 有 3 条订阅解析失败:
[2025-03-20 09:34:45] - https://geekinney.com/index.xml
[2025-03-20 09:34:45] - https://ihaihe.cn/feed
[2025-03-20 09:34:45] - https://xyzbz.cn/feed
[2025-03-20 09:34:45] ✘ 有 2 条订阅头像无法访问, 已使用默认头像:
[2025-03-20 09:34:45] - http://feeds.feedburner.com/ruanyifeng
[2025-03-20 09:34:45] - https://www.loyhome.com/feed
[2025-03-20 10:41:43] 本次订阅抓取结果统计:
[2025-03-20 10:41:43] 共 28 条RSS, 成功抓取 27 条.
[2025-03-20 10:41:43] ✘ 有 1 条订阅解析失败:
[2025-03-20 10:41:43] - https://geekinney.com/index.xml
[2025-03-20 10:41:43] ✘ 有 2 条订阅头像无法访问, 已使用默认头像:
[2025-03-20 10:41:43] - http://feeds.feedburner.com/ruanyifeng
[2025-03-20 10:41:43] - https://www.loyhome.com/feed
[2025-03-20 11:26:25] 本次订阅抓取结果统计:
[2025-03-20 11:26:25] 共 28 条RSS, 成功抓取 27 条.
[2025-03-20 11:26:25] ✘ 有 1 条订阅解析失败:
[2025-03-20 11:26:25] - https://geekinney.com/index.xml
[2025-03-20 11:26:25] ✘ 有 3 条订阅头像无法访问, 已使用默认头像:
[2025-03-20 11:26:25] - https://tcxx.info/feed
[2025-03-20 11:26:25] - http://feeds.feedburner.com/ruanyifeng
[2025-03-20 11:26:25] - https://www.loyhome.com/feed
[2025-03-20 13:15:16] 本次订阅抓取结果统计:
[2025-03-20 13:15:16] 共 28 条RSS, 成功抓取 26 条.
[2025-03-20 13:15:16] ✘ 有 2 条订阅解析失败:
[2025-03-20 13:15:16] - https://tcxx.info/feed
[2025-03-20 13:15:16] - https://geekinney.com/index.xml
[2025-03-20 13:15:16] ✘ 有 2 条订阅头像无法访问, 已使用默认头像:
[2025-03-20 13:15:16] - http://feeds.feedburner.com/ruanyifeng
[2025-03-20 13:15:16] - https://www.loyhome.com/feed
[2025-03-20 14:42:03] 本次订阅抓取结果统计:
[2025-03-20 14:42:03] 共 28 条RSS, 成功抓取 26 条.
[2025-03-20 14:42:03] ✘ 有 2 条订阅解析失败:
[2025-03-20 14:42:03] - https://tcxx.info/feed
[2025-03-20 14:42:03] - https://geekinney.com/index.xml
[2025-03-20 14:42:03] ✘ 有 2 条订阅头像无法访问, 已使用默认头像:
[2025-03-20 14:42:03] - http://feeds.feedburner.com/ruanyifeng
[2025-03-20 14:42:03] - https://www.loyhome.com/feed
[2025-03-20 15:38:11] 本次订阅抓取结果统计:
[2025-03-20 15:38:11] 共 28 条RSS, 成功抓取 27 条.
[2025-03-20 15:38:11] ✘ 有 1 条订阅解析失败:
[2025-03-20 15:38:11] - https://geekinney.com/index.xml
[2025-03-20 15:38:11] ✘ 有 2 条订阅头像无法访问, 已使用默认头像:
[2025-03-20 15:38:11] - http://feeds.feedburner.com/ruanyifeng
[2025-03-20 15:38:11] - https://www.loyhome.com/feed
[2025-03-20 16:48:03] 本次订阅抓取结果统计:
[2025-03-20 16:48:03] 共 28 条RSS, 成功抓取 26 条.
[2025-03-20 16:48:03] ✘ 有 2 条订阅解析失败:
[2025-03-20 16:48:03] - https://geekinney.com/index.xml
[2025-03-20 16:48:03] - https://tcxx.info/feed
[2025-03-20 16:48:03] ✘ 有 2 条订阅头像无法访问, 已使用默认头像:
[2025-03-20 16:48:03] - https://www.loyhome.com/feed
[2025-03-20 16:48:03] - http://feeds.feedburner.com/ruanyifeng
[2025-03-20 17:34:39] 本次订阅抓取结果统计:
[2025-03-20 17:34:39] 共 28 条RSS, 成功抓取 27 条.
[2025-03-20 17:34:39] ✘ 有 1 条订阅解析失败:
[2025-03-20 17:34:39] - https://geekinney.com/index.xml
[2025-03-20 17:34:39] ✘ 有 3 条订阅头像无法访问, 已使用默认头像:
[2025-03-20 17:34:39] - http://feeds.feedburner.com/ruanyifeng
[2025-03-20 17:34:39] - https://tcxx.info/feed
[2025-03-20 17:34:39] - https://www.loyhome.com/feed
[2025-03-20 18:45:06] 本次订阅抓取结果统计:
[2025-03-20 18:45:06] 共 28 条RSS, 成功抓取 26 条.
[2025-03-20 18:45:06] ✘ 有 2 条订阅解析失败:
[2025-03-20 18:45:06] - https://tcxx.info/feed
[2025-03-20 18:45:06] - https://geekinney.com/index.xml
[2025-03-20 18:45:06] ✘ 有 2 条订阅头像无法访问, 已使用默认头像:
[2025-03-20 18:45:06] - http://feeds.feedburner.com/ruanyifeng
[2025-03-20 18:45:06] - https://www.loyhome.com/feed
[2025-03-20 19:23:59] 本次订阅抓取结果统计:
[2025-03-20 19:23:59] 共 28 条RSS, 成功抓取 26 条.
[2025-03-20 19:23:59] ✘ 有 2 条订阅解析失败:
[2025-03-20 19:23:59] - https://tcxx.info/feed
[2025-03-20 19:23:59] - https://geekinney.com/index.xml
[2025-03-20 19:23:59] ✘ 有 2 条订阅头像无法访问, 已使用默认头像:
[2025-03-20 19:23:59] - http://feeds.feedburner.com/ruanyifeng
[2025-03-20 19:23:59] - https://www.loyhome.com/feed
[2025-03-20 20:33:19] 本次订阅抓取结果统计:
[2025-03-20 20:33:19] 共 28 条RSS, 成功抓取 26 条.
[2025-03-20 20:33:19] ✘ 有 2 条订阅解析失败:
[2025-03-20 20:33:19] - https://geekinney.com/index.xml
[2025-03-20 20:33:19] - https://tcxx.info/feed
[2025-03-20 20:33:19] ✘ 有 2 条订阅头像无法访问, 已使用默认头像:
[2025-03-20 20:33:19] - http://feeds.feedburner.com/ruanyifeng
[2025-03-20 20:33:19] - https://www.loyhome.com/feed
[2025-03-20 21:29:42] 本次订阅抓取结果统计:
[2025-03-20 21:29:42] 共 28 条RSS, 成功抓取 27 条.
[2025-03-20 21:29:42] ✘ 有 1 条订阅解析失败:
[2025-03-20 21:29:42] - https://geekinney.com/index.xml
[2025-03-20 21:29:42] ✘ 有 2 条订阅头像无法访问, 已使用默认头像:
[2025-03-20 21:29:42] - http://feeds.feedburner.com/ruanyifeng
[2025-03-20 21:29:42] - https://www.loyhome.com/feed
[2025-03-20 22:36:04] 本次订阅抓取结果统计:
[2025-03-20 22:36:04] 共 28 条RSS, 成功抓取 26 条.
[2025-03-20 22:36:04] ✘ 有 2 条订阅解析失败:
[2025-03-20 22:36:04] - https://tcxx.info/feed
[2025-03-20 22:36:04] - https://geekinney.com/index.xml
[2025-03-20 22:36:04] ✘ 有 2 条订阅头像无法访问, 已使用默认头像:
[2025-03-20 22:36:04] - http://feeds.feedburner.com/ruanyifeng
[2025-03-20 22:36:04] - https://www.loyhome.com/feed
