[2025-05-21 01:49:33] 本次订阅抓取结果统计:
[2025-05-21 01:49:33] 共 28 条RSS, 成功抓取 27 条.
[2025-05-21 01:49:33] ✘ 有 1 条订阅解析失败:
[2025-05-21 01:49:33] - https://tcxx.info/feed
[2025-05-21 01:49:33] ✘ 有 2 条订阅头像无法访问, 已使用默认头像:
[2025-05-21 01:49:33] - https://www.loyhome.com/feed
[2025-05-21 01:49:33] - http://feeds.feedburner.com/ruanyifeng
[2025-05-21 03:13:23] 本次订阅抓取结果统计:
[2025-05-21 03:13:23] 共 28 条RSS, 成功抓取 27 条.
[2025-05-21 03:13:23] ✘ 有 1 条订阅解析失败:
[2025-05-21 03:13:23] - https://tcxx.info/feed
[2025-05-21 03:13:23] ✘ 有 2 条订阅头像无法访问, 已使用默认头像:
[2025-05-21 03:13:23] - http://feeds.feedburner.com/ruanyifeng
[2025-05-21 03:13:23] - https://www.loyhome.com/feed
[2025-05-21 04:27:23] 本次订阅抓取结果统计:
[2025-05-21 04:27:23] 共 28 条RSS, 成功抓取 26 条.
[2025-05-21 04:27:23] ✘ 有 2 条订阅解析失败:
[2025-05-21 04:27:23] - https://www.loyhome.com/feed
[2025-05-21 04:27:23] - https://tcxx.info/feed
[2025-05-21 04:27:23] ✘ 有 1 条订阅头像无法访问, 已使用默认头像:
[2025-05-21 04:27:23] - http://feeds.feedburner.com/ruanyifeng
[2025-05-21 05:22:04] 本次订阅抓取结果统计:
[2025-05-21 05:22:04] 共 28 条RSS, 成功抓取 27 条.
[2025-05-21 05:22:04] ✘ 有 1 条订阅解析失败:
[2025-05-21 05:22:04] - https://tcxx.info/feed
[2025-05-21 05:22:04] ✘ 有 2 条订阅头像无法访问, 已使用默认头像:
[2025-05-21 05:22:04] - http://feeds.feedburner.com/ruanyifeng
[2025-05-21 05:22:04] - https://www.loyhome.com/feed
[2025-05-21 06:32:22] 本次订阅抓取结果统计:
[2025-05-21 06:32:22] 共 28 条RSS, 成功抓取 27 条.
[2025-05-21 06:32:22] ✘ 有 1 条订阅解析失败:
[2025-05-21 06:32:22] - https://tcxx.info/feed
[2025-05-21 06:32:22] ✘ 有 2 条订阅头像无法访问, 已使用默认头像:
[2025-05-21 06:32:22] - http://feeds.feedburner.com/ruanyifeng
[2025-05-21 06:32:22] - https://www.loyhome.com/feed
[2025-05-21 07:21:51] 本次订阅抓取结果统计:
[2025-05-21 07:21:51] 共 28 条RSS, 成功抓取 27 条.
[2025-05-21 07:21:51] ✘ 有 1 条订阅解析失败:
[2025-05-21 07:21:51] - https://tcxx.info/feed
[2025-05-21 07:21:51] ✘ 有 2 条订阅头像无法访问, 已使用默认头像:
[2025-05-21 07:21:51] - http://feeds.feedburner.com/ruanyifeng
[2025-05-21 07:21:51] - https://www.loyhome.com/feed
[2025-05-21 08:29:41] 本次订阅抓取结果统计:
[2025-05-21 08:29:41] 共 28 条RSS, 成功抓取 27 条.
[2025-05-21 08:29:41] ✘ 有 1 条订阅解析失败:
[2025-05-21 08:29:41] - https://tcxx.info/feed
[2025-05-21 08:29:41] ✘ 有 2 条订阅头像无法访问, 已使用默认头像:
[2025-05-21 08:29:41] - http://feeds.feedburner.com/ruanyifeng
[2025-05-21 08:29:41] - https://www.loyhome.com/feed
