[2025-10-06 01:41:49] 本次订阅抓取结果统计:
[2025-10-06 01:41:49] 共 28 条RSS, 成功抓取 25 条.
[2025-10-06 01:41:49] ✘ 有 3 条订阅解析失败:
[2025-10-06 01:41:49] - https://tcxx.info/feed
[2025-10-06 01:41:49] - https://tumutanzi.com/feed
[2025-10-06 01:41:49] - https://geekinney.com/index.xml
[2025-10-06 01:41:49] ✘ 有 2 条订阅头像无法访问, 已使用默认头像:
[2025-10-06 01:41:49] - http://feeds.feedburner.com/ruanyifeng
[2025-10-06 01:41:49] - https://www.loyhome.com/feed
[2025-10-06 03:03:20] 本次订阅抓取结果统计:
[2025-10-06 03:03:20] 共 28 条RSS, 成功抓取 25 条.
[2025-10-06 03:03:20] ✘ 有 3 条订阅解析失败:
[2025-10-06 03:03:20] - https://tumutanzi.com/feed
[2025-10-06 03:03:20] - https://tcxx.info/feed
[2025-10-06 03:03:20] - https://geekinney.com/index.xml
[2025-10-06 03:03:20] ✘ 有 2 条订阅头像无法访问, 已使用默认头像:
[2025-10-06 03:03:20] - http://feeds.feedburner.com/ruanyifeng
[2025-10-06 03:03:20] - https://www.loyhome.com/feed
[2025-10-06 04:25:33] 本次订阅抓取结果统计:
[2025-10-06 04:25:33] 共 28 条RSS, 成功抓取 25 条.
[2025-10-06 04:25:33] ✘ 有 3 条订阅解析失败:
[2025-10-06 04:25:33] - https://tcxx.info/feed
[2025-10-06 04:25:33] - https://tumutanzi.com/feed
[2025-10-06 04:25:33] - https://geekinney.com/index.xml
[2025-10-06 04:25:33] ✘ 有 2 条订阅头像无法访问, 已使用默认头像:
[2025-10-06 04:25:33] - http://feeds.feedburner.com/ruanyifeng
[2025-10-06 04:25:33] - https://www.loyhome.com/feed
[2025-10-06 05:20:37] 本次订阅抓取结果统计:
[2025-10-06 05:20:37] 共 28 条RSS, 成功抓取 25 条.
[2025-10-06 05:20:37] ✘ 有 3 条订阅解析失败:
[2025-10-06 05:20:37] - https://tumutanzi.com/feed
[2025-10-06 05:20:37] - https://tcxx.info/feed
[2025-10-06 05:20:37] - https://geekinney.com/index.xml
[2025-10-06 05:20:37] ✘ 有 2 条订阅头像无法访问, 已使用默认头像:
[2025-10-06 05:20:37] - https://www.loyhome.com/feed
[2025-10-06 05:20:37] - http://feeds.feedburner.com/ruanyifeng
[2025-10-06 06:33:26] 本次订阅抓取结果统计:
[2025-10-06 06:33:26] 共 28 条RSS, 成功抓取 25 条.
[2025-10-06 06:33:26] ✘ 有 3 条订阅解析失败:
[2025-10-06 06:33:26] - https://tumutanzi.com/feed
[2025-10-06 06:33:26] - https://tcxx.info/feed
[2025-10-06 06:33:26] - https://geekinney.com/index.xml
[2025-10-06 06:33:26] ✘ 有 2 条订阅头像无法访问, 已使用默认头像:
[2025-10-06 06:33:26] - http://feeds.feedburner.com/ruanyifeng
[2025-10-06 06:33:26] - https://www.loyhome.com/feed
[2025-10-06 07:21:42] 本次订阅抓取结果统计:
[2025-10-06 07:21:42] 共 28 条RSS, 成功抓取 25 条.
[2025-10-06 07:21:42] ✘ 有 3 条订阅解析失败:
[2025-10-06 07:21:42] - https://tumutanzi.com/feed
[2025-10-06 07:21:42] - https://tcxx.info/feed
[2025-10-06 07:21:42] - https://geekinney.com/index.xml
[2025-10-06 07:21:42] ✘ 有 2 条订阅头像无法访问, 已使用默认头像:
[2025-10-06 07:21:42] - https://www.loyhome.com/feed
[2025-10-06 07:21:42] - http://feeds.feedburner.com/ruanyifeng
[2025-10-06 08:29:31] 本次订阅抓取结果统计:
[2025-10-06 08:29:31] 共 28 条RSS, 成功抓取 24 条.
[2025-10-06 08:29:31] ✘ 有 4 条订阅解析失败:
[2025-10-06 08:29:31] - https://tumutanzi.com/feed
[2025-10-06 08:29:31] - https://tcxx.info/feed
[2025-10-06 08:29:31] - https://geekinney.com/index.xml
[2025-10-06 08:29:31] - https://blog.fooleap.org/atom.xml
[2025-10-06 08:29:31] ✘ 有 2 条订阅头像无法访问, 已使用默认头像:
[2025-10-06 08:29:31] - https://www.loyhome.com/feed
[2025-10-06 08:29:31] - http://feeds.feedburner.com/ruanyifeng
[2025-10-06 09:25:57] 本次订阅抓取结果统计:
[2025-10-06 09:25:57] 共 28 条RSS, 成功抓取 25 条.
[2025-10-06 09:25:57] ✘ 有 3 条订阅解析失败:
[2025-10-06 09:25:57] - https://tumutanzi.com/feed
[2025-10-06 09:25:57] - https://tcxx.info/feed
[2025-10-06 09:25:57] - https://geekinney.com/index.xml
[2025-10-06 09:25:57] ✘ 有 2 条订阅头像无法访问, 已使用默认头像:
[2025-10-06 09:25:57] - http://feeds.feedburner.com/ruanyifeng
[2025-10-06 09:25:57] - https://www.loyhome.com/feed
[2025-10-06 10:24:05] 本次订阅抓取结果统计:
[2025-10-06 10:24:05] 共 28 条RSS, 成功抓取 25 条.
[2025-10-06 10:24:05] ✘ 有 3 条订阅解析失败:
[2025-10-06 10:24:05] - https://tcxx.info/feed
[2025-10-06 10:24:05] - https://tumutanzi.com/feed
[2025-10-06 10:24:05] - https://geekinney.com/index.xml
[2025-10-06 10:24:05] ✘ 有 2 条订阅头像无法访问, 已使用默认头像:
[2025-10-06 10:24:05] - http://feeds.feedburner.com/ruanyifeng
[2025-10-06 10:24:05] - https://www.loyhome.com/feed
[2025-10-06 11:17:39] 本次订阅抓取结果统计:
[2025-10-06 11:17:39] 共 28 条RSS, 成功抓取 25 条.
[2025-10-06 11:17:39] ✘ 有 3 条订阅解析失败:
[2025-10-06 11:17:39] - https://tcxx.info/feed
[2025-10-06 11:17:39] - https://tumutanzi.com/feed
[2025-10-06 11:17:39] - https://geekinney.com/index.xml
[2025-10-06 11:17:39] ✘ 有 2 条订阅头像无法访问, 已使用默认头像:
[2025-10-06 11:17:39] - http://feeds.feedburner.com/ruanyifeng
[2025-10-06 11:17:39] - https://www.loyhome.com/feed
[2025-10-06 12:46:10] 本次订阅抓取结果统计:
[2025-10-06 12:46:10] 共 28 条RSS, 成功抓取 25 条.
[2025-10-06 12:46:10] ✘ 有 3 条订阅解析失败:
[2025-10-06 12:46:10] - https://tcxx.info/feed
[2025-10-06 12:46:10] - https://tumutanzi.com/feed
[2025-10-06 12:46:10] - https://geekinney.com/index.xml
[2025-10-06 12:46:10] ✘ 有 2 条订阅头像无法访问, 已使用默认头像:
[2025-10-06 12:46:10] - http://feeds.feedburner.com/ruanyifeng
[2025-10-06 12:46:10] - https://www.loyhome.com/feed
[2025-10-06 13:31:11] 本次订阅抓取结果统计:
[2025-10-06 13:31:11] 共 28 条RSS, 成功抓取 25 条.
[2025-10-06 13:31:11] ✘ 有 3 条订阅解析失败:
[2025-10-06 13:31:11] - https://tumutanzi.com/feed
[2025-10-06 13:31:11] - https://tcxx.info/feed
[2025-10-06 13:31:11] - https://geekinney.com/index.xml
[2025-10-06 13:31:11] ✘ 有 2 条订阅头像无法访问, 已使用默认头像:
[2025-10-06 13:31:11] - http://feeds.feedburner.com/ruanyifeng
[2025-10-06 13:31:11] - https://www.loyhome.com/feed
[2025-10-06 14:21:26] 本次订阅抓取结果统计:
[2025-10-06 14:21:26] 共 28 条RSS, 成功抓取 25 条.
[2025-10-06 14:21:26] ✘ 有 3 条订阅解析失败:
[2025-10-06 14:21:26] - https://tcxx.info/feed
[2025-10-06 14:21:26] - https://tumutanzi.com/feed
[2025-10-06 14:21:26] - https://geekinney.com/index.xml
[2025-10-06 14:21:26] ✘ 有 2 条订阅头像无法访问, 已使用默认头像:
[2025-10-06 14:21:26] - https://www.loyhome.com/feed
[2025-10-06 14:21:26] - http://feeds.feedburner.com/ruanyifeng
[2025-10-06 15:22:06] 本次订阅抓取结果统计:
[2025-10-06 15:22:06] 共 28 条RSS, 成功抓取 25 条.
[2025-10-06 15:22:06] ✘ 有 3 条订阅解析失败:
[2025-10-06 15:22:06] - https://tumutanzi.com/feed
[2025-10-06 15:22:06] - https://tcxx.info/feed
[2025-10-06 15:22:06] - https://geekinney.com/index.xml
[2025-10-06 15:22:06] ✘ 有 2 条订阅头像无法访问, 已使用默认头像:
[2025-10-06 15:22:06] - http://feeds.feedburner.com/ruanyifeng
[2025-10-06 15:22:06] - https://www.loyhome.com/feed
[2025-10-06 16:26:51] 本次订阅抓取结果统计:
[2025-10-06 16:26:51] 共 28 条RSS, 成功抓取 25 条.
[2025-10-06 16:26:51] ✘ 有 3 条订阅解析失败:
[2025-10-06 16:26:51] - https://tumutanzi.com/feed
[2025-10-06 16:26:51] - https://tcxx.info/feed
[2025-10-06 16:26:51] - https://geekinney.com/index.xml
[2025-10-06 16:26:51] ✘ 有 2 条订阅头像无法访问, 已使用默认头像:
[2025-10-06 16:26:51] - http://feeds.feedburner.com/ruanyifeng
[2025-10-06 16:26:51] - https://www.loyhome.com/feed
