[2025-05-05 01:50:24] 本次订阅抓取结果统计:
[2025-05-05 01:50:24] 共 28 条RSS, 成功抓取 27 条.
[2025-05-05 01:50:24] ✘ 有 1 条订阅解析失败:
[2025-05-05 01:50:24] - https://tcxx.info/feed
[2025-05-05 01:50:24] ✘ 有 2 条订阅头像无法访问, 已使用默认头像:
[2025-05-05 01:50:24] - http://feeds.feedburner.com/ruanyifeng
[2025-05-05 01:50:24] - https://www.loyhome.com/feed
[2025-05-05 03:14:15] 本次订阅抓取结果统计:
[2025-05-05 03:14:15] 共 28 条RSS, 成功抓取 27 条.
[2025-05-05 03:14:15] ✘ 有 1 条订阅解析失败:
[2025-05-05 03:14:15] - https://tcxx.info/feed
[2025-05-05 03:14:15] ✘ 有 2 条订阅头像无法访问, 已使用默认头像:
[2025-05-05 03:14:15] - http://feeds.feedburner.com/ruanyifeng
[2025-05-05 03:14:15] - https://www.loyhome.com/feed
[2025-05-05 04:27:03] 本次订阅抓取结果统计:
[2025-05-05 04:27:03] 共 28 条RSS, 成功抓取 27 条.
[2025-05-05 04:27:03] ✘ 有 1 条订阅解析失败:
[2025-05-05 04:27:03] - https://tcxx.info/feed
[2025-05-05 04:27:03] ✘ 有 2 条订阅头像无法访问, 已使用默认头像:
[2025-05-05 04:27:03] - http://feeds.feedburner.com/ruanyifeng
[2025-05-05 04:27:03] - https://www.loyhome.com/feed
[2025-05-05 05:22:36] 本次订阅抓取结果统计:
[2025-05-05 05:22:36] 共 28 条RSS, 成功抓取 27 条.
[2025-05-05 05:22:36] ✘ 有 1 条订阅解析失败:
[2025-05-05 05:22:36] - https://tcxx.info/feed
[2025-05-05 05:22:36] ✘ 有 3 条订阅头像无法访问, 已使用默认头像:
[2025-05-05 05:22:36] - http://feeds.feedburner.com/ruanyifeng
[2025-05-05 05:22:36] - https://www.loyhome.com/feed
[2025-05-05 05:22:36] - https://xyzbz.cn/feed
[2025-05-05 06:32:18] 本次订阅抓取结果统计:
[2025-05-05 06:32:18] 共 28 条RSS, 成功抓取 27 条.
[2025-05-05 06:32:18] ✘ 有 1 条订阅解析失败:
[2025-05-05 06:32:18] - https://tcxx.info/feed
[2025-05-05 06:32:18] ✘ 有 3 条订阅头像无法访问, 已使用默认头像:
[2025-05-05 06:32:18] - http://feeds.feedburner.com/ruanyifeng
[2025-05-05 06:32:18] - https://www.loyhome.com/feed
[2025-05-05 06:32:18] - https://xyzbz.cn/feed
[2025-05-05 07:22:27] 本次订阅抓取结果统计:
[2025-05-05 07:22:27] 共 28 条RSS, 成功抓取 27 条.
[2025-05-05 07:22:27] ✘ 有 1 条订阅解析失败:
[2025-05-05 07:22:27] - https://tcxx.info/feed
[2025-05-05 07:22:27] ✘ 有 2 条订阅头像无法访问, 已使用默认头像:
[2025-05-05 07:22:27] - http://feeds.feedburner.com/ruanyifeng
[2025-05-05 07:22:27] - https://www.loyhome.com/feed
[2025-05-05 08:30:31] 本次订阅抓取结果统计:
[2025-05-05 08:30:31] 共 28 条RSS, 成功抓取 27 条.
[2025-05-05 08:30:31] ✘ 有 1 条订阅解析失败:
[2025-05-05 08:30:31] - https://tcxx.info/feed
[2025-05-05 08:30:31] ✘ 有 2 条订阅头像无法访问, 已使用默认头像:
[2025-05-05 08:30:31] - http://feeds.feedburner.com/ruanyifeng
[2025-05-05 08:30:31] - https://www.loyhome.com/feed
[2025-05-05 09:24:07] 本次订阅抓取结果统计:
[2025-05-05 09:24:07] 共 28 条RSS, 成功抓取 27 条.
[2025-05-05 09:24:07] ✘ 有 1 条订阅解析失败:
[2025-05-05 09:24:07] - https://tcxx.info/feed
[2025-05-05 09:24:07] ✘ 有 2 条订阅头像无法访问, 已使用默认头像:
[2025-05-05 09:24:07] - http://feeds.feedburner.com/ruanyifeng
[2025-05-05 09:24:07] - https://www.loyhome.com/feed
[2025-05-05 10:24:13] 本次订阅抓取结果统计:
[2025-05-05 10:24:13] 共 28 条RSS, 成功抓取 27 条.
[2025-05-05 10:24:13] ✘ 有 1 条订阅解析失败:
[2025-05-05 10:24:13] - https://tcxx.info/feed
[2025-05-05 10:24:13] ✘ 有 2 条订阅头像无法访问, 已使用默认头像:
[2025-05-05 10:24:13] - http://feeds.feedburner.com/ruanyifeng
[2025-05-05 10:24:13] - https://www.loyhome.com/feed
