[2025-11-09 01:51:23] 本次订阅抓取结果统计:
[2025-11-09 01:51:23] 共 28 条RSS, 成功抓取 25 条.
[2025-11-09 01:51:23] ✘ 有 3 条订阅解析失败:
[2025-11-09 01:51:23] - https://tcxx.info/feed
[2025-11-09 01:51:23] - https://tumutanzi.com/feed
[2025-11-09 01:51:23] - https://geekinney.com/index.xml
[2025-11-09 01:51:23] ✘ 有 2 条订阅头像无法访问, 已使用默认头像:
[2025-11-09 01:51:23] - http://feeds.feedburner.com/ruanyifeng
[2025-11-09 01:51:23] - https://www.loyhome.com/feed
[2025-11-09 03:15:30] 本次订阅抓取结果统计:
[2025-11-09 03:15:30] 共 28 条RSS, 成功抓取 25 条.
[2025-11-09 03:15:30] ✘ 有 3 条订阅解析失败:
[2025-11-09 03:15:30] - https://tumutanzi.com/feed
[2025-11-09 03:15:30] - https://tcxx.info/feed
[2025-11-09 03:15:30] - https://geekinney.com/index.xml
[2025-11-09 03:15:30] ✘ 有 2 条订阅头像无法访问, 已使用默认头像:
[2025-11-09 03:15:30] - http://feeds.feedburner.com/ruanyifeng
[2025-11-09 03:15:30] - https://www.loyhome.com/feed
[2025-11-09 04:25:42] 本次订阅抓取结果统计:
[2025-11-09 04:25:42] 共 28 条RSS, 成功抓取 25 条.
[2025-11-09 04:25:42] ✘ 有 3 条订阅解析失败:
[2025-11-09 04:25:42] - https://tcxx.info/feed
[2025-11-09 04:25:42] - https://tumutanzi.com/feed
[2025-11-09 04:25:42] - https://geekinney.com/index.xml
[2025-11-09 04:25:42] ✘ 有 2 条订阅头像无法访问, 已使用默认头像:
[2025-11-09 04:25:42] - http://feeds.feedburner.com/ruanyifeng
[2025-11-09 04:25:42] - https://www.loyhome.com/feed
[2025-11-09 05:20:47] 本次订阅抓取结果统计:
[2025-11-09 05:20:47] 共 28 条RSS, 成功抓取 25 条.
[2025-11-09 05:20:47] ✘ 有 3 条订阅解析失败:
[2025-11-09 05:20:47] - https://tumutanzi.com/feed
[2025-11-09 05:20:47] - https://tcxx.info/feed
[2025-11-09 05:20:47] - https://geekinney.com/index.xml
[2025-11-09 05:20:47] ✘ 有 2 条订阅头像无法访问, 已使用默认头像:
[2025-11-09 05:20:47] - http://feeds.feedburner.com/ruanyifeng
[2025-11-09 05:20:47] - https://www.loyhome.com/feed
[2025-11-09 06:30:59] 本次订阅抓取结果统计:
[2025-11-09 06:30:59] 共 28 条RSS, 成功抓取 25 条.
[2025-11-09 06:30:59] ✘ 有 3 条订阅解析失败:
[2025-11-09 06:30:59] - https://tcxx.info/feed
[2025-11-09 06:30:59] - https://tumutanzi.com/feed
[2025-11-09 06:30:59] - https://geekinney.com/index.xml
[2025-11-09 06:30:59] ✘ 有 2 条订阅头像无法访问, 已使用默认头像:
[2025-11-09 06:30:59] - http://feeds.feedburner.com/ruanyifeng
[2025-11-09 06:30:59] - https://www.loyhome.com/feed
[2025-11-09 07:19:53] 本次订阅抓取结果统计:
[2025-11-09 07:19:53] 共 28 条RSS, 成功抓取 25 条.
[2025-11-09 07:19:53] ✘ 有 3 条订阅解析失败:
[2025-11-09 07:19:53] - https://tcxx.info/feed
[2025-11-09 07:19:53] - https://tumutanzi.com/feed
[2025-11-09 07:19:53] - https://geekinney.com/index.xml
[2025-11-09 07:19:53] ✘ 有 2 条订阅头像无法访问, 已使用默认头像:
[2025-11-09 07:19:53] - http://feeds.feedburner.com/ruanyifeng
[2025-11-09 07:19:53] - https://www.loyhome.com/feed
[2025-11-09 08:25:35] 本次订阅抓取结果统计:
[2025-11-09 08:25:35] 共 28 条RSS, 成功抓取 25 条.
[2025-11-09 08:25:35] ✘ 有 3 条订阅解析失败:
[2025-11-09 08:25:35] - https://tumutanzi.com/feed
[2025-11-09 08:25:35] - https://tcxx.info/feed
[2025-11-09 08:25:35] - https://geekinney.com/index.xml
[2025-11-09 08:25:35] ✘ 有 2 条订阅头像无法访问, 已使用默认头像:
[2025-11-09 08:25:35] - https://www.loyhome.com/feed
[2025-11-09 08:25:35] - http://feeds.feedburner.com/ruanyifeng
