[2025-12-22 02:01:02] 本次订阅抓取结果统计:
[2025-12-22 02:01:02] 共 28 条RSS, 成功抓取 25 条.
[2025-12-22 02:01:02] ✘ 有 3 条订阅解析失败:
[2025-12-22 02:01:02] - https://tumutanzi.com/feed
[2025-12-22 02:01:02] - https://tcxx.info/feed
[2025-12-22 02:01:02] - https://geekinney.com/index.xml
[2025-12-22 02:01:02] ✘ 有 3 条订阅头像无法访问, 已使用默认头像:
[2025-12-22 02:01:02] - https://oba.by/feed
[2025-12-22 02:01:02] - http://feeds.feedburner.com/ruanyifeng
[2025-12-22 02:01:02] - https://www.loyhome.com/feed
[2025-12-22 04:06:06] 本次订阅抓取结果统计:
[2025-12-22 04:06:06] 共 28 条RSS, 成功抓取 24 条.
[2025-12-22 04:06:06] ✘ 有 4 条订阅解析失败:
[2025-12-22 04:06:06] - https://tumutanzi.com/feed
[2025-12-22 04:06:06] - https://tcxx.info/feed
[2025-12-22 04:06:06] - https://geekinney.com/index.xml
[2025-12-22 04:06:06] - https://www.loyhome.com/feed
[2025-12-22 04:06:06] ✘ 有 2 条订阅头像无法访问, 已使用默认头像:
[2025-12-22 04:06:06] - https://oba.by/feed
[2025-12-22 04:06:06] - http://feeds.feedburner.com/ruanyifeng
[2025-12-22 05:27:54] 本次订阅抓取结果统计:
[2025-12-22 05:27:54] 共 28 条RSS, 成功抓取 25 条.
[2025-12-22 05:27:54] ✘ 有 3 条订阅解析失败:
[2025-12-22 05:27:54] - https://tumutanzi.com/feed
[2025-12-22 05:27:54] - https://tcxx.info/feed
[2025-12-22 05:27:54] - https://geekinney.com/index.xml
[2025-12-22 05:27:54] ✘ 有 3 条订阅头像无法访问, 已使用默认头像:
[2025-12-22 05:27:54] - https://oba.by/feed
[2025-12-22 05:27:54] - http://feeds.feedburner.com/ruanyifeng
[2025-12-22 05:27:54] - https://www.loyhome.com/feed
[2025-12-22 06:39:43] 本次订阅抓取结果统计:
[2025-12-22 06:39:43] 共 28 条RSS, 成功抓取 25 条.
[2025-12-22 06:39:43] ✘ 有 3 条订阅解析失败:
[2025-12-22 06:39:43] - https://tcxx.info/feed
[2025-12-22 06:39:43] - https://tumutanzi.com/feed
[2025-12-22 06:39:43] - https://geekinney.com/index.xml
[2025-12-22 06:39:43] ✘ 有 4 条订阅头像无法访问, 已使用默认头像:
[2025-12-22 06:39:43] - https://oba.by/feed
[2025-12-22 06:39:43] - http://feeds.feedburner.com/ruanyifeng
[2025-12-22 06:39:43] - https://www.loyhome.com/feed
[2025-12-22 06:39:43] - https://xyzbz.cn/feed
[2025-12-22 07:27:18] 本次订阅抓取结果统计:
[2025-12-22 07:27:18] 共 28 条RSS, 成功抓取 25 条.
[2025-12-22 07:27:18] ✘ 有 3 条订阅解析失败:
[2025-12-22 07:27:18] - https://tcxx.info/feed
[2025-12-22 07:27:18] - https://tumutanzi.com/feed
[2025-12-22 07:27:18] - https://geekinney.com/index.xml
[2025-12-22 07:27:18] ✘ 有 3 条订阅头像无法访问, 已使用默认头像:
[2025-12-22 07:27:18] - https://oba.by/feed
[2025-12-22 07:27:18] - http://feeds.feedburner.com/ruanyifeng
[2025-12-22 07:27:18] - https://www.loyhome.com/feed
[2025-12-22 08:34:50] 本次订阅抓取结果统计:
[2025-12-22 08:34:50] 共 28 条RSS, 成功抓取 25 条.
[2025-12-22 08:34:50] ✘ 有 3 条订阅解析失败:
[2025-12-22 08:34:50] - https://tcxx.info/feed
[2025-12-22 08:34:50] - https://tumutanzi.com/feed
[2025-12-22 08:34:50] - https://geekinney.com/index.xml
[2025-12-22 08:34:50] ✘ 有 3 条订阅头像无法访问, 已使用默认头像:
[2025-12-22 08:34:50] - https://oba.by/feed
[2025-12-22 08:34:50] - http://feeds.feedburner.com/ruanyifeng
[2025-12-22 08:34:50] - https://www.loyhome.com/feed
[2025-12-22 09:32:32] 本次订阅抓取结果统计:
[2025-12-22 09:32:32] 共 28 条RSS, 成功抓取 25 条.
[2025-12-22 09:32:32] ✘ 有 3 条订阅解析失败:
[2025-12-22 09:32:32] - https://tcxx.info/feed
[2025-12-22 09:32:32] - https://tumutanzi.com/feed
[2025-12-22 09:32:32] - https://geekinney.com/index.xml
[2025-12-22 09:32:32] ✘ 有 3 条订阅头像无法访问, 已使用默认头像:
[2025-12-22 09:32:32] - https://oba.by/feed
[2025-12-22 09:32:32] - http://feeds.feedburner.com/ruanyifeng
[2025-12-22 09:32:32] - https://www.loyhome.com/feed
[2025-12-22 10:26:54] 本次订阅抓取结果统计:
[2025-12-22 10:26:54] 共 28 条RSS, 成功抓取 25 条.
[2025-12-22 10:26:54] ✘ 有 3 条订阅解析失败:
[2025-12-22 10:26:54] - https://tcxx.info/feed
[2025-12-22 10:26:54] - https://tumutanzi.com/feed
[2025-12-22 10:26:54] - https://geekinney.com/index.xml
[2025-12-22 10:26:54] ✘ 有 2 条订阅头像无法访问, 已使用默认头像:
[2025-12-22 10:26:54] - https://oba.by/feed
[2025-12-22 10:26:54] - http://feeds.feedburner.com/ruanyifeng
