[2025-06-14 01:48:13] 本次订阅抓取结果统计:
[2025-06-14 01:48:13] 共 28 条RSS, 成功抓取 27 条.
[2025-06-14 01:48:13] ✘ 有 1 条订阅解析失败:
[2025-06-14 01:48:13] - https://tcxx.info/feed
[2025-06-14 01:48:13] ✘ 有 2 条订阅头像无法访问, 已使用默认头像:
[2025-06-14 01:48:13] - http://feeds.feedburner.com/ruanyifeng
[2025-06-14 01:48:13] - https://www.loyhome.com/feed
[2025-06-14 03:13:34] 本次订阅抓取结果统计:
[2025-06-14 03:13:34] 共 28 条RSS, 成功抓取 27 条.
[2025-06-14 03:13:34] ✘ 有 1 条订阅解析失败:
[2025-06-14 03:13:34] - https://tcxx.info/feed
[2025-06-14 03:13:34] ✘ 有 2 条订阅头像无法访问, 已使用默认头像:
[2025-06-14 03:13:34] - http://feeds.feedburner.com/ruanyifeng
[2025-06-14 03:13:34] - https://www.loyhome.com/feed
[2025-06-14 04:27:16] 本次订阅抓取结果统计:
[2025-06-14 04:27:16] 共 28 条RSS, 成功抓取 27 条.
[2025-06-14 04:27:16] ✘ 有 1 条订阅解析失败:
[2025-06-14 04:27:16] - https://tcxx.info/feed
[2025-06-14 04:27:16] ✘ 有 3 条订阅头像无法访问, 已使用默认头像:
[2025-06-14 04:27:16] - http://feeds.feedburner.com/ruanyifeng
[2025-06-14 04:27:16] - https://www.loyhome.com/feed
[2025-06-14 04:27:16] - https://xyzbz.cn/feed
[2025-06-14 05:22:07] 本次订阅抓取结果统计:
[2025-06-14 05:22:07] 共 28 条RSS, 成功抓取 27 条.
[2025-06-14 05:22:07] ✘ 有 1 条订阅解析失败:
[2025-06-14 05:22:07] - https://tcxx.info/feed
[2025-06-14 05:22:07] ✘ 有 2 条订阅头像无法访问, 已使用默认头像:
[2025-06-14 05:22:07] - http://feeds.feedburner.com/ruanyifeng
[2025-06-14 05:22:07] - https://www.loyhome.com/feed
