[2025-04-04 03:07:55] 本次订阅抓取结果统计:
[2025-04-04 03:07:55] 共 28 条RSS, 成功抓取 26 条.
[2025-04-04 03:07:55] ✘ 有 2 条订阅解析失败:
[2025-04-04 03:07:55] - https://tcxx.info/feed
[2025-04-04 03:07:55] - https://geekinney.com/index.xml
[2025-04-04 03:07:55] ✘ 有 2 条订阅头像无法访问, 已使用默认头像:
[2025-04-04 03:07:55] - http://feeds.feedburner.com/ruanyifeng
[2025-04-04 03:07:55] - https://www.loyhome.com/feed
[2025-04-04 04:42:48] 本次订阅抓取结果统计:
[2025-04-04 04:42:48] 共 28 条RSS, 成功抓取 27 条.
[2025-04-04 04:42:48] ✘ 有 1 条订阅解析失败:
[2025-04-04 04:42:48] - https://geekinney.com/index.xml
[2025-04-04 04:42:48] ✘ 有 2 条订阅头像无法访问, 已使用默认头像:
[2025-04-04 04:42:48] - http://feeds.feedburner.com/ruanyifeng
[2025-04-04 04:42:48] - https://www.loyhome.com/feed
[2025-04-04 05:38:15] 本次订阅抓取结果统计:
[2025-04-04 05:38:15] 共 28 条RSS, 成功抓取 27 条.
[2025-04-04 05:38:15] ✘ 有 1 条订阅解析失败:
[2025-04-04 05:38:15] - https://geekinney.com/index.xml
[2025-04-04 05:38:15] ✘ 有 2 条订阅头像无法访问, 已使用默认头像:
[2025-04-04 05:38:15] - http://feeds.feedburner.com/ruanyifeng
[2025-04-04 05:38:15] - https://www.loyhome.com/feed
[2025-04-04 06:48:48] 本次订阅抓取结果统计:
[2025-04-04 06:48:48] 共 28 条RSS, 成功抓取 27 条.
[2025-04-04 06:48:48] ✘ 有 1 条订阅解析失败:
[2025-04-04 06:48:48] - https://geekinney.com/index.xml
[2025-04-04 06:48:48] ✘ 有 3 条订阅头像无法访问, 已使用默认头像:
[2025-04-04 06:48:48] - https://www.loyhome.com/feed
[2025-04-04 06:48:48] - http://feeds.feedburner.com/ruanyifeng
[2025-04-04 06:48:48] - https://ihaihe.cn/feed
[2025-04-04 07:29:42] 本次订阅抓取结果统计:
[2025-04-04 07:29:42] 共 28 条RSS, 成功抓取 27 条.
[2025-04-04 07:29:42] ✘ 有 1 条订阅解析失败:
[2025-04-04 07:29:42] - https://geekinney.com/index.xml
[2025-04-04 07:29:42] ✘ 有 2 条订阅头像无法访问, 已使用默认头像:
[2025-04-04 07:29:42] - http://feeds.feedburner.com/ruanyifeng
[2025-04-04 07:29:42] - https://www.loyhome.com/feed
[2025-04-04 08:45:13] 本次订阅抓取结果统计:
[2025-04-04 08:45:13] 共 28 条RSS, 成功抓取 26 条.
[2025-04-04 08:45:13] ✘ 有 2 条订阅解析失败:
[2025-04-04 08:45:13] - https://tcxx.info/feed
[2025-04-04 08:45:13] - https://geekinney.com/index.xml
[2025-04-04 08:45:13] ✘ 有 2 条订阅头像无法访问, 已使用默认头像:
[2025-04-04 08:45:13] - http://feeds.feedburner.com/ruanyifeng
[2025-04-04 08:45:13] - https://www.loyhome.com/feed
[2025-04-04 09:34:25] 本次订阅抓取结果统计:
[2025-04-04 09:34:25] 共 28 条RSS, 成功抓取 27 条.
[2025-04-04 09:34:25] ✘ 有 1 条订阅解析失败:
[2025-04-04 09:34:25] - https://geekinney.com/index.xml
[2025-04-04 09:34:25] ✘ 有 2 条订阅头像无法访问, 已使用默认头像:
[2025-04-04 09:34:25] - http://feeds.feedburner.com/ruanyifeng
[2025-04-04 09:34:25] - https://www.loyhome.com/feed
[2025-04-04 10:41:28] 本次订阅抓取结果统计:
[2025-04-04 10:41:28] 共 28 条RSS, 成功抓取 27 条.
[2025-04-04 10:41:28] ✘ 有 1 条订阅解析失败:
[2025-04-04 10:41:28] - https://geekinney.com/index.xml
[2025-04-04 10:41:28] ✘ 有 2 条订阅头像无法访问, 已使用默认头像:
[2025-04-04 10:41:28] - http://feeds.feedburner.com/ruanyifeng
[2025-04-04 10:41:28] - https://www.loyhome.com/feed
