[2025-07-19 01:55:13] 本次订阅抓取结果统计:
[2025-07-19 01:55:13] 共 28 条RSS, 成功抓取 27 条.
[2025-07-19 01:55:13] ✘ 有 1 条订阅解析失败:
[2025-07-19 01:55:13] - https://tcxx.info/feed
[2025-07-19 01:55:13] ✘ 有 2 条订阅头像无法访问, 已使用默认头像:
[2025-07-19 01:55:13] - http://feeds.feedburner.com/ruanyifeng
[2025-07-19 01:55:13] - https://www.loyhome.com/feed
[2025-07-19 03:24:48] 本次订阅抓取结果统计:
[2025-07-19 03:24:48] 共 28 条RSS, 成功抓取 27 条.
[2025-07-19 03:24:48] ✘ 有 1 条订阅解析失败:
[2025-07-19 03:24:48] - https://tcxx.info/feed
[2025-07-19 03:24:48] ✘ 有 2 条订阅头像无法访问, 已使用默认头像:
[2025-07-19 03:24:48] - http://feeds.feedburner.com/ruanyifeng
[2025-07-19 03:24:48] - https://www.loyhome.com/feed
[2025-07-19 04:33:48] 本次订阅抓取结果统计:
[2025-07-19 04:33:48] 共 28 条RSS, 成功抓取 27 条.
[2025-07-19 04:33:48] ✘ 有 1 条订阅解析失败:
[2025-07-19 04:33:48] - https://tcxx.info/feed
[2025-07-19 04:33:48] ✘ 有 2 条订阅头像无法访问, 已使用默认头像:
[2025-07-19 04:33:48] - http://feeds.feedburner.com/ruanyifeng
[2025-07-19 04:33:48] - https://www.loyhome.com/feed
[2025-07-19 05:24:17] 本次订阅抓取结果统计:
[2025-07-19 05:24:17] 共 28 条RSS, 成功抓取 27 条.
[2025-07-19 05:24:17] ✘ 有 1 条订阅解析失败:
[2025-07-19 05:24:17] - https://tcxx.info/feed
[2025-07-19 05:24:17] ✘ 有 2 条订阅头像无法访问, 已使用默认头像:
[2025-07-19 05:24:17] - http://feeds.feedburner.com/ruanyifeng
[2025-07-19 05:24:17] - https://www.loyhome.com/feed
[2025-07-19 06:33:11] 本次订阅抓取结果统计:
[2025-07-19 06:33:11] 共 28 条RSS, 成功抓取 27 条.
[2025-07-19 06:33:11] ✘ 有 1 条订阅解析失败:
[2025-07-19 06:33:11] - https://tcxx.info/feed
[2025-07-19 06:33:11] ✘ 有 2 条订阅头像无法访问, 已使用默认头像:
[2025-07-19 06:33:11] - http://feeds.feedburner.com/ruanyifeng
[2025-07-19 06:33:11] - https://www.loyhome.com/feed
[2025-07-19 07:21:19] 本次订阅抓取结果统计:
[2025-07-19 07:21:19] 共 28 条RSS, 成功抓取 27 条.
[2025-07-19 07:21:19] ✘ 有 1 条订阅解析失败:
[2025-07-19 07:21:19] - https://tcxx.info/feed
[2025-07-19 07:21:19] ✘ 有 2 条订阅头像无法访问, 已使用默认头像:
[2025-07-19 07:21:19] - http://feeds.feedburner.com/ruanyifeng
[2025-07-19 07:21:19] - https://www.loyhome.com/feed
