[2025-03-24 03:11:41] 本次订阅抓取结果统计:
[2025-03-24 03:11:41] 共 28 条RSS, 成功抓取 26 条.
[2025-03-24 03:11:41] ✘ 有 2 条订阅解析失败:
[2025-03-24 03:11:41] - https://tcxx.info/feed
[2025-03-24 03:11:41] - https://geekinney.com/index.xml
[2025-03-24 03:11:41] ✘ 有 2 条订阅头像无法访问, 已使用默认头像:
[2025-03-24 03:11:41] - http://feeds.feedburner.com/ruanyifeng
[2025-03-24 03:11:41] - https://www.loyhome.com/feed
[2025-03-24 04:42:47] 本次订阅抓取结果统计:
[2025-03-24 04:42:47] 共 28 条RSS, 成功抓取 26 条.
[2025-03-24 04:42:47] ✘ 有 2 条订阅解析失败:
[2025-03-24 04:42:47] - https://tcxx.info/feed
[2025-03-24 04:42:47] - https://geekinney.com/index.xml
[2025-03-24 04:42:47] ✘ 有 2 条订阅头像无法访问, 已使用默认头像:
[2025-03-24 04:42:47] - https://www.loyhome.com/feed
[2025-03-24 04:42:47] - http://feeds.feedburner.com/ruanyifeng
[2025-03-24 05:37:46] 本次订阅抓取结果统计:
[2025-03-24 05:37:46] 共 28 条RSS, 成功抓取 26 条.
[2025-03-24 05:37:46] ✘ 有 2 条订阅解析失败:
[2025-03-24 05:37:46] - https://tcxx.info/feed
[2025-03-24 05:37:46] - https://geekinney.com/index.xml
[2025-03-24 05:37:46] ✘ 有 2 条订阅头像无法访问, 已使用默认头像:
[2025-03-24 05:37:46] - http://feeds.feedburner.com/ruanyifeng
[2025-03-24 05:37:46] - https://www.loyhome.com/feed
[2025-03-24 06:49:03] 本次订阅抓取结果统计:
[2025-03-24 06:49:03] 共 28 条RSS, 成功抓取 26 条.
[2025-03-24 06:49:03] ✘ 有 2 条订阅解析失败:
[2025-03-24 06:49:03] - https://tcxx.info/feed
[2025-03-24 06:49:03] - https://geekinney.com/index.xml
[2025-03-24 06:49:03] ✘ 有 2 条订阅头像无法访问, 已使用默认头像:
[2025-03-24 06:49:03] - http://feeds.feedburner.com/ruanyifeng
[2025-03-24 06:49:03] - https://www.loyhome.com/feed
[2025-03-24 07:31:57] 本次订阅抓取结果统计:
[2025-03-24 07:31:57] 共 28 条RSS, 成功抓取 26 条.
[2025-03-24 07:31:57] ✘ 有 2 条订阅解析失败:
[2025-03-24 07:31:57] - https://tcxx.info/feed
[2025-03-24 07:31:57] - https://geekinney.com/index.xml
[2025-03-24 07:31:57] ✘ 有 2 条订阅头像无法访问, 已使用默认头像:
[2025-03-24 07:31:57] - https://www.loyhome.com/feed
[2025-03-24 07:31:57] - http://feeds.feedburner.com/ruanyifeng
