[2025-08-27 01:43:37] 本次订阅抓取结果统计:
[2025-08-27 01:43:37] 共 28 条RSS, 成功抓取 25 条.
[2025-08-27 01:43:37] ✘ 有 3 条订阅解析失败:
[2025-08-27 01:43:37] - https://tcxx.info/feed
[2025-08-27 01:43:37] - https://tumutanzi.com/feed
[2025-08-27 01:43:37] - https://geekinney.com/index.xml
[2025-08-27 01:43:37] ✘ 有 2 条订阅头像无法访问, 已使用默认头像:
[2025-08-27 01:43:37] - http://feeds.feedburner.com/ruanyifeng
[2025-08-27 01:43:37] - https://www.loyhome.com/feed
[2025-08-27 03:04:06] 本次订阅抓取结果统计:
[2025-08-27 03:04:06] 共 28 条RSS, 成功抓取 25 条.
[2025-08-27 03:04:06] ✘ 有 3 条订阅解析失败:
[2025-08-27 03:04:06] - https://tcxx.info/feed
[2025-08-27 03:04:06] - https://tumutanzi.com/feed
[2025-08-27 03:04:06] - https://geekinney.com/index.xml
[2025-08-27 03:04:06] ✘ 有 2 条订阅头像无法访问, 已使用默认头像:
[2025-08-27 03:04:06] - https://www.loyhome.com/feed
[2025-08-27 03:04:06] - http://feeds.feedburner.com/ruanyifeng
[2025-08-27 04:26:14] 本次订阅抓取结果统计:
[2025-08-27 04:26:14] 共 28 条RSS, 成功抓取 25 条.
[2025-08-27 04:26:14] ✘ 有 3 条订阅解析失败:
[2025-08-27 04:26:14] - https://tcxx.info/feed
[2025-08-27 04:26:14] - https://tumutanzi.com/feed
[2025-08-27 04:26:14] - https://geekinney.com/index.xml
[2025-08-27 04:26:14] ✘ 有 2 条订阅头像无法访问, 已使用默认头像:
[2025-08-27 04:26:14] - https://www.loyhome.com/feed
[2025-08-27 04:26:14] - http://feeds.feedburner.com/ruanyifeng
[2025-08-27 05:20:50] 本次订阅抓取结果统计:
[2025-08-27 05:20:50] 共 28 条RSS, 成功抓取 25 条.
[2025-08-27 05:20:50] ✘ 有 3 条订阅解析失败:
[2025-08-27 05:20:50] - https://tcxx.info/feed
[2025-08-27 05:20:50] - https://tumutanzi.com/feed
[2025-08-27 05:20:50] - https://geekinney.com/index.xml
[2025-08-27 05:20:50] ✘ 有 2 条订阅头像无法访问, 已使用默认头像:
[2025-08-27 05:20:50] - https://www.loyhome.com/feed
[2025-08-27 05:20:50] - http://feeds.feedburner.com/ruanyifeng
[2025-08-27 06:31:54] 本次订阅抓取结果统计:
[2025-08-27 06:31:54] 共 28 条RSS, 成功抓取 25 条.
[2025-08-27 06:31:54] ✘ 有 3 条订阅解析失败:
[2025-08-27 06:31:54] - https://tcxx.info/feed
[2025-08-27 06:31:54] - https://tumutanzi.com/feed
[2025-08-27 06:31:54] - https://geekinney.com/index.xml
[2025-08-27 06:31:54] ✘ 有 2 条订阅头像无法访问, 已使用默认头像:
[2025-08-27 06:31:54] - http://feeds.feedburner.com/ruanyifeng
[2025-08-27 06:31:54] - https://www.loyhome.com/feed
[2025-08-27 07:20:23] 本次订阅抓取结果统计:
[2025-08-27 07:20:23] 共 28 条RSS, 成功抓取 25 条.
[2025-08-27 07:20:23] ✘ 有 3 条订阅解析失败:
[2025-08-27 07:20:23] - https://tcxx.info/feed
[2025-08-27 07:20:23] - https://tumutanzi.com/feed
[2025-08-27 07:20:23] - https://geekinney.com/index.xml
[2025-08-27 07:20:23] ✘ 有 2 条订阅头像无法访问, 已使用默认头像:
[2025-08-27 07:20:23] - http://feeds.feedburner.com/ruanyifeng
[2025-08-27 07:20:23] - https://www.loyhome.com/feed
