[2025-06-06 01:49:59] 本次订阅抓取结果统计:
[2025-06-06 01:49:59] 共 28 条RSS, 成功抓取 27 条.
[2025-06-06 01:49:59] ✘ 有 1 条订阅解析失败:
[2025-06-06 01:49:59] - https://tcxx.info/feed
[2025-06-06 01:49:59] ✘ 有 2 条订阅头像无法访问, 已使用默认头像:
[2025-06-06 01:49:59] - http://feeds.feedburner.com/ruanyifeng
[2025-06-06 01:49:59] - https://www.loyhome.com/feed
[2025-06-06 03:17:23] 本次订阅抓取结果统计:
[2025-06-06 03:17:23] 共 28 条RSS, 成功抓取 27 条.
[2025-06-06 03:17:23] ✘ 有 1 条订阅解析失败:
[2025-06-06 03:17:23] - https://tcxx.info/feed
[2025-06-06 03:17:23] ✘ 有 2 条订阅头像无法访问, 已使用默认头像:
[2025-06-06 03:17:23] - http://feeds.feedburner.com/ruanyifeng
[2025-06-06 03:17:23] - https://www.loyhome.com/feed
[2025-06-06 04:29:48] 本次订阅抓取结果统计:
[2025-06-06 04:29:48] 共 28 条RSS, 成功抓取 27 条.
[2025-06-06 04:29:48] ✘ 有 1 条订阅解析失败:
[2025-06-06 04:29:48] - https://tcxx.info/feed
[2025-06-06 04:29:48] ✘ 有 2 条订阅头像无法访问, 已使用默认头像:
[2025-06-06 04:29:48] - https://www.loyhome.com/feed
[2025-06-06 04:29:48] - http://feeds.feedburner.com/ruanyifeng
[2025-06-06 05:22:40] 本次订阅抓取结果统计:
[2025-06-06 05:22:40] 共 28 条RSS, 成功抓取 27 条.
[2025-06-06 05:22:40] ✘ 有 1 条订阅解析失败:
[2025-06-06 05:22:40] - https://tcxx.info/feed
[2025-06-06 05:22:40] ✘ 有 2 条订阅头像无法访问, 已使用默认头像:
[2025-06-06 05:22:40] - http://feeds.feedburner.com/ruanyifeng
[2025-06-06 05:22:40] - https://www.loyhome.com/feed
[2025-06-06 06:33:43] 本次订阅抓取结果统计:
[2025-06-06 06:33:43] 共 28 条RSS, 成功抓取 27 条.
[2025-06-06 06:33:43] ✘ 有 1 条订阅解析失败:
[2025-06-06 06:33:43] - https://tcxx.info/feed
[2025-06-06 06:33:43] ✘ 有 2 条订阅头像无法访问, 已使用默认头像:
[2025-06-06 06:33:43] - http://feeds.feedburner.com/ruanyifeng
[2025-06-06 06:33:43] - https://www.loyhome.com/feed
