[2025-09-07 01:45:50] 本次订阅抓取结果统计:
[2025-09-07 01:45:50] 共 28 条RSS, 成功抓取 25 条.
[2025-09-07 01:45:50] ✘ 有 3 条订阅解析失败:
[2025-09-07 01:45:50] - https://tcxx.info/feed
[2025-09-07 01:45:50] - https://tumutanzi.com/feed
[2025-09-07 01:45:50] - https://geekinney.com/index.xml
[2025-09-07 01:45:50] ✘ 有 3 条订阅头像无法访问, 已使用默认头像:
[2025-09-07 01:45:50] - https://hwv430.blogspot.com/feeds/posts/default
[2025-09-07 01:45:50] - http://feeds.feedburner.com/ruanyifeng
[2025-09-07 01:45:50] - https://www.loyhome.com/feed
[2025-09-07 03:04:20] 本次订阅抓取结果统计:
[2025-09-07 03:04:20] 共 28 条RSS, 成功抓取 25 条.
[2025-09-07 03:04:20] ✘ 有 3 条订阅解析失败:
[2025-09-07 03:04:20] - https://tumutanzi.com/feed
[2025-09-07 03:04:20] - https://tcxx.info/feed
[2025-09-07 03:04:20] - https://geekinney.com/index.xml
[2025-09-07 03:04:20] ✘ 有 3 条订阅头像无法访问, 已使用默认头像:
[2025-09-07 03:04:20] - https://hwv430.blogspot.com/feeds/posts/default
[2025-09-07 03:04:20] - http://feeds.feedburner.com/ruanyifeng
[2025-09-07 03:04:20] - https://www.loyhome.com/feed
[2025-09-07 04:24:14] 本次订阅抓取结果统计:
[2025-09-07 04:24:14] 共 28 条RSS, 成功抓取 25 条.
[2025-09-07 04:24:14] ✘ 有 3 条订阅解析失败:
[2025-09-07 04:24:14] - https://tumutanzi.com/feed
[2025-09-07 04:24:14] - https://tcxx.info/feed
[2025-09-07 04:24:14] - https://geekinney.com/index.xml
[2025-09-07 04:24:14] ✘ 有 3 条订阅头像无法访问, 已使用默认头像:
[2025-09-07 04:24:14] - https://hwv430.blogspot.com/feeds/posts/default
[2025-09-07 04:24:14] - http://feeds.feedburner.com/ruanyifeng
[2025-09-07 04:24:14] - https://www.loyhome.com/feed
[2025-09-07 05:18:51] 本次订阅抓取结果统计:
[2025-09-07 05:18:51] 共 28 条RSS, 成功抓取 25 条.
[2025-09-07 05:18:51] ✘ 有 3 条订阅解析失败:
[2025-09-07 05:18:51] - https://tcxx.info/feed
[2025-09-07 05:18:51] - https://tumutanzi.com/feed
[2025-09-07 05:18:51] - https://geekinney.com/index.xml
[2025-09-07 05:18:51] ✘ 有 3 条订阅头像无法访问, 已使用默认头像:
[2025-09-07 05:18:51] - https://hwv430.blogspot.com/feeds/posts/default
[2025-09-07 05:18:51] - http://feeds.feedburner.com/ruanyifeng
[2025-09-07 05:18:51] - https://www.loyhome.com/feed
[2025-09-07 06:28:23] 本次订阅抓取结果统计:
[2025-09-07 06:28:23] 共 28 条RSS, 成功抓取 25 条.
[2025-09-07 06:28:23] ✘ 有 3 条订阅解析失败:
[2025-09-07 06:28:23] - https://tumutanzi.com/feed
[2025-09-07 06:28:23] - https://tcxx.info/feed
[2025-09-07 06:28:23] - https://geekinney.com/index.xml
[2025-09-07 06:28:23] ✘ 有 2 条订阅头像无法访问, 已使用默认头像:
[2025-09-07 06:28:23] - http://feeds.feedburner.com/ruanyifeng
[2025-09-07 06:28:23] - https://www.loyhome.com/feed
[2025-09-07 07:18:30] 本次订阅抓取结果统计:
[2025-09-07 07:18:30] 共 28 条RSS, 成功抓取 25 条.
[2025-09-07 07:18:30] ✘ 有 3 条订阅解析失败:
[2025-09-07 07:18:30] - https://tcxx.info/feed
[2025-09-07 07:18:30] - https://tumutanzi.com/feed
[2025-09-07 07:18:30] - https://geekinney.com/index.xml
[2025-09-07 07:18:30] ✘ 有 3 条订阅头像无法访问, 已使用默认头像:
[2025-09-07 07:18:30] - https://hwv430.blogspot.com/feeds/posts/default
[2025-09-07 07:18:30] - http://feeds.feedburner.com/ruanyifeng
[2025-09-07 07:18:30] - https://www.loyhome.com/feed
[2025-09-07 08:23:45] 本次订阅抓取结果统计:
[2025-09-07 08:23:45] 共 28 条RSS, 成功抓取 25 条.
[2025-09-07 08:23:45] ✘ 有 3 条订阅解析失败:
[2025-09-07 08:23:45] - https://tcxx.info/feed
[2025-09-07 08:23:45] - https://tumutanzi.com/feed
[2025-09-07 08:23:45] - https://geekinney.com/index.xml
[2025-09-07 08:23:45] ✘ 有 2 条订阅头像无法访问, 已使用默认头像:
[2025-09-07 08:23:45] - http://feeds.feedburner.com/ruanyifeng
[2025-09-07 08:23:45] - https://www.loyhome.com/feed
[2025-09-07 09:18:37] 本次订阅抓取结果统计:
[2025-09-07 09:18:37] 共 28 条RSS, 成功抓取 25 条.
[2025-09-07 09:18:37] ✘ 有 3 条订阅解析失败:
[2025-09-07 09:18:37] - https://tcxx.info/feed
[2025-09-07 09:18:37] - https://tumutanzi.com/feed
[2025-09-07 09:18:37] - https://geekinney.com/index.xml
[2025-09-07 09:18:37] ✘ 有 3 条订阅头像无法访问, 已使用默认头像:
[2025-09-07 09:18:37] - https://hwv430.blogspot.com/feeds/posts/default
[2025-09-07 09:18:37] - http://feeds.feedburner.com/ruanyifeng
[2025-09-07 09:18:37] - https://www.loyhome.com/feed
[2025-09-07 10:19:24] 本次订阅抓取结果统计:
[2025-09-07 10:19:24] 共 28 条RSS, 成功抓取 25 条.
[2025-09-07 10:19:24] ✘ 有 3 条订阅解析失败:
[2025-09-07 10:19:24] - https://tumutanzi.com/feed
[2025-09-07 10:19:24] - https://tcxx.info/feed
[2025-09-07 10:19:24] - https://geekinney.com/index.xml
[2025-09-07 10:19:24] ✘ 有 3 条订阅头像无法访问, 已使用默认头像:
[2025-09-07 10:19:24] - https://hwv430.blogspot.com/feeds/posts/default
[2025-09-07 10:19:24] - http://feeds.feedburner.com/ruanyifeng
[2025-09-07 10:19:24] - https://www.loyhome.com/feed
[2025-09-07 11:15:04] 本次订阅抓取结果统计:
[2025-09-07 11:15:04] 共 28 条RSS, 成功抓取 25 条.
[2025-09-07 11:15:04] ✘ 有 3 条订阅解析失败:
[2025-09-07 11:15:04] - https://tumutanzi.com/feed
[2025-09-07 11:15:04] - https://tcxx.info/feed
[2025-09-07 11:15:04] - https://geekinney.com/index.xml
[2025-09-07 11:15:04] ✘ 有 3 条订阅头像无法访问, 已使用默认头像:
[2025-09-07 11:15:04] - https://hwv430.blogspot.com/feeds/posts/default
[2025-09-07 11:15:04] - http://feeds.feedburner.com/ruanyifeng
[2025-09-07 11:15:04] - https://www.loyhome.com/feed
[2025-09-07 12:38:34] 本次订阅抓取结果统计:
[2025-09-07 12:38:34] 共 28 条RSS, 成功抓取 25 条.
[2025-09-07 12:38:34] ✘ 有 3 条订阅解析失败:
[2025-09-07 12:38:34] - https://tcxx.info/feed
[2025-09-07 12:38:34] - https://tumutanzi.com/feed
[2025-09-07 12:38:34] - https://geekinney.com/index.xml
[2025-09-07 12:38:34] ✘ 有 2 条订阅头像无法访问, 已使用默认头像:
[2025-09-07 12:38:34] - http://feeds.feedburner.com/ruanyifeng
[2025-09-07 12:38:34] - https://www.loyhome.com/feed
[2025-09-07 13:22:31] 本次订阅抓取结果统计:
[2025-09-07 13:22:31] 共 28 条RSS, 成功抓取 25 条.
[2025-09-07 13:22:31] ✘ 有 3 条订阅解析失败:
[2025-09-07 13:22:31] - https://tumutanzi.com/feed
[2025-09-07 13:22:31] - https://tcxx.info/feed
[2025-09-07 13:22:31] - https://geekinney.com/index.xml
[2025-09-07 13:22:31] ✘ 有 3 条订阅头像无法访问, 已使用默认头像:
[2025-09-07 13:22:31] - http://feeds.feedburner.com/ruanyifeng
[2025-09-07 13:22:31] - https://www.loyhome.com/feed
[2025-09-07 13:22:31] - https://xyzbz.cn/feed
[2025-09-07 14:17:15] 本次订阅抓取结果统计:
[2025-09-07 14:17:15] 共 28 条RSS, 成功抓取 25 条.
[2025-09-07 14:17:15] ✘ 有 3 条订阅解析失败:
[2025-09-07 14:17:15] - https://tcxx.info/feed
[2025-09-07 14:17:15] - https://tumutanzi.com/feed
[2025-09-07 14:17:15] - https://geekinney.com/index.xml
[2025-09-07 14:17:15] ✘ 有 4 条订阅头像无法访问, 已使用默认头像:
[2025-09-07 14:17:15] - https://hwv430.blogspot.com/feeds/posts/default
[2025-09-07 14:17:15] - http://feeds.feedburner.com/ruanyifeng
[2025-09-07 14:17:15] - https://www.loyhome.com/feed
[2025-09-07 14:17:15] - https://1900.live/rss.xml
[2025-09-07 15:18:18] 本次订阅抓取结果统计:
[2025-09-07 15:18:18] 共 28 条RSS, 成功抓取 25 条.
[2025-09-07 15:18:18] ✘ 有 3 条订阅解析失败:
[2025-09-07 15:18:18] - https://tcxx.info/feed
[2025-09-07 15:18:18] - https://tumutanzi.com/feed
[2025-09-07 15:18:18] - https://geekinney.com/index.xml
[2025-09-07 15:18:18] ✘ 有 3 条订阅头像无法访问, 已使用默认头像:
[2025-09-07 15:18:18] - https://hwv430.blogspot.com/feeds/posts/default
[2025-09-07 15:18:18] - http://feeds.feedburner.com/ruanyifeng
[2025-09-07 15:18:18] - https://www.loyhome.com/feed
[2025-09-07 16:22:45] 本次订阅抓取结果统计:
[2025-09-07 16:22:45] 共 28 条RSS, 成功抓取 25 条.
[2025-09-07 16:22:45] ✘ 有 3 条订阅解析失败:
[2025-09-07 16:22:45] - https://tumutanzi.com/feed
[2025-09-07 16:22:45] - https://tcxx.info/feed
[2025-09-07 16:22:45] - https://geekinney.com/index.xml
[2025-09-07 16:22:45] ✘ 有 3 条订阅头像无法访问, 已使用默认头像:
[2025-09-07 16:22:45] - https://hwv430.blogspot.com/feeds/posts/default
[2025-09-07 16:22:45] - http://feeds.feedburner.com/ruanyifeng
[2025-09-07 16:22:45] - https://www.loyhome.com/feed
[2025-09-07 17:16:07] 本次订阅抓取结果统计:
[2025-09-07 17:16:07] 共 28 条RSS, 成功抓取 25 条.
[2025-09-07 17:16:07] ✘ 有 3 条订阅解析失败:
[2025-09-07 17:16:07] - https://tumutanzi.com/feed
[2025-09-07 17:16:07] - https://tcxx.info/feed
[2025-09-07 17:16:07] - https://geekinney.com/index.xml
[2025-09-07 17:16:07] ✘ 有 3 条订阅头像无法访问, 已使用默认头像:
[2025-09-07 17:16:07] - https://hwv430.blogspot.com/feeds/posts/default
[2025-09-07 17:16:07] - http://feeds.feedburner.com/ruanyifeng
[2025-09-07 17:16:07] - https://www.loyhome.com/feed
[2025-09-07 18:26:58] 本次订阅抓取结果统计:
[2025-09-07 18:26:58] 共 28 条RSS, 成功抓取 25 条.
[2025-09-07 18:26:58] ✘ 有 3 条订阅解析失败:
[2025-09-07 18:26:58] - https://tumutanzi.com/feed
[2025-09-07 18:26:58] - https://tcxx.info/feed
[2025-09-07 18:26:58] - https://geekinney.com/index.xml
[2025-09-07 18:26:58] ✘ 有 3 条订阅头像无法访问, 已使用默认头像:
[2025-09-07 18:26:58] - https://hwv430.blogspot.com/feeds/posts/default
[2025-09-07 18:26:58] - http://feeds.feedburner.com/ruanyifeng
[2025-09-07 18:26:58] - https://www.loyhome.com/feed
[2025-09-07 19:14:56] 本次订阅抓取结果统计:
[2025-09-07 19:14:56] 共 28 条RSS, 成功抓取 25 条.
[2025-09-07 19:14:56] ✘ 有 3 条订阅解析失败:
[2025-09-07 19:14:56] - https://tcxx.info/feed
[2025-09-07 19:14:56] - https://tumutanzi.com/feed
[2025-09-07 19:14:56] - https://geekinney.com/index.xml
[2025-09-07 19:14:56] ✘ 有 3 条订阅头像无法访问, 已使用默认头像:
[2025-09-07 19:14:56] - https://hwv430.blogspot.com/feeds/posts/default
[2025-09-07 19:14:56] - http://feeds.feedburner.com/ruanyifeng
[2025-09-07 19:14:56] - https://www.loyhome.com/feed
[2025-09-07 20:20:42] 本次订阅抓取结果统计:
[2025-09-07 20:20:42] 共 28 条RSS, 成功抓取 25 条.
[2025-09-07 20:20:42] ✘ 有 3 条订阅解析失败:
[2025-09-07 20:20:42] - https://tcxx.info/feed
[2025-09-07 20:20:42] - https://tumutanzi.com/feed
[2025-09-07 20:20:42] - https://geekinney.com/index.xml
[2025-09-07 20:20:42] ✘ 有 3 条订阅头像无法访问, 已使用默认头像:
[2025-09-07 20:20:42] - https://hwv430.blogspot.com/feeds/posts/default
[2025-09-07 20:20:42] - http://feeds.feedburner.com/ruanyifeng
[2025-09-07 20:20:42] - https://www.loyhome.com/feed
[2025-09-07 21:17:08] 本次订阅抓取结果统计:
[2025-09-07 21:17:08] 共 28 条RSS, 成功抓取 25 条.
[2025-09-07 21:17:08] ✘ 有 3 条订阅解析失败:
[2025-09-07 21:17:08] - https://tumutanzi.com/feed
[2025-09-07 21:17:08] - https://tcxx.info/feed
[2025-09-07 21:17:08] - https://geekinney.com/index.xml
[2025-09-07 21:17:08] ✘ 有 3 条订阅头像无法访问, 已使用默认头像:
[2025-09-07 21:17:08] - https://hwv430.blogspot.com/feeds/posts/default
[2025-09-07 21:17:08] - http://feeds.feedburner.com/ruanyifeng
[2025-09-07 21:17:08] - https://www.loyhome.com/feed
