[2025-06-23 01:59:24] 本次订阅抓取结果统计:
[2025-06-23 01:59:24] 共 28 条RSS, 成功抓取 26 条.
[2025-06-23 01:59:24] ✘ 有 2 条订阅解析失败:
[2025-06-23 01:59:24] - https://tcxx.info/feed
[2025-06-23 01:59:24] - https://limboy.me/index.xml
[2025-06-23 01:59:24] ✘ 有 2 条订阅头像无法访问, 已使用默认头像:
[2025-06-23 01:59:24] - https://www.loyhome.com/feed
[2025-06-23 01:59:24] - http://feeds.feedburner.com/ruanyifeng
[2025-06-23 03:37:42] 本次订阅抓取结果统计:
[2025-06-23 03:37:42] 共 28 条RSS, 成功抓取 26 条.
[2025-06-23 03:37:42] ✘ 有 2 条订阅解析失败:
[2025-06-23 03:37:42] - https://tcxx.info/feed
[2025-06-23 03:37:42] - https://limboy.me/index.xml
[2025-06-23 03:37:42] ✘ 有 2 条订阅头像无法访问, 已使用默认头像:
[2025-06-23 03:37:42] - http://feeds.feedburner.com/ruanyifeng
[2025-06-23 03:37:42] - https://www.loyhome.com/feed
[2025-06-23 04:36:17] 本次订阅抓取结果统计:
[2025-06-23 04:36:17] 共 28 条RSS, 成功抓取 26 条.
[2025-06-23 04:36:17] ✘ 有 2 条订阅解析失败:
[2025-06-23 04:36:17] - https://tcxx.info/feed
[2025-06-23 04:36:17] - https://limboy.me/index.xml
[2025-06-23 04:36:17] ✘ 有 2 条订阅头像无法访问, 已使用默认头像:
[2025-06-23 04:36:17] - http://feeds.feedburner.com/ruanyifeng
[2025-06-23 04:36:17] - https://www.loyhome.com/feed
[2025-06-23 05:24:41] 本次订阅抓取结果统计:
[2025-06-23 05:24:41] 共 28 条RSS, 成功抓取 26 条.
[2025-06-23 05:24:41] ✘ 有 2 条订阅解析失败:
[2025-06-23 05:24:41] - https://tcxx.info/feed
[2025-06-23 05:24:41] - https://limboy.me/index.xml
[2025-06-23 05:24:41] ✘ 有 2 条订阅头像无法访问, 已使用默认头像:
[2025-06-23 05:24:41] - http://feeds.feedburner.com/ruanyifeng
[2025-06-23 05:24:41] - https://www.loyhome.com/feed
[2025-06-23 06:35:02] 本次订阅抓取结果统计:
[2025-06-23 06:35:02] 共 28 条RSS, 成功抓取 26 条.
[2025-06-23 06:35:02] ✘ 有 2 条订阅解析失败:
[2025-06-23 06:35:02] - https://tcxx.info/feed
[2025-06-23 06:35:02] - https://limboy.me/index.xml
[2025-06-23 06:35:02] ✘ 有 2 条订阅头像无法访问, 已使用默认头像:
[2025-06-23 06:35:02] - http://feeds.feedburner.com/ruanyifeng
[2025-06-23 06:35:02] - https://www.loyhome.com/feed
