[2025-04-23 01:44:49] 本次订阅抓取结果统计:
[2025-04-23 01:44:49] 共 28 条RSS, 成功抓取 27 条.
[2025-04-23 01:44:49] ✘ 有 1 条订阅解析失败:
[2025-04-23 01:44:49] - https://tcxx.info/feed
[2025-04-23 01:44:49] ✘ 有 2 条订阅头像无法访问, 已使用默认头像:
[2025-04-23 01:44:49] - http://feeds.feedburner.com/ruanyifeng
[2025-04-23 01:44:49] - https://www.loyhome.com/feed
[2025-04-23 03:05:26] 本次订阅抓取结果统计:
[2025-04-23 03:05:26] 共 28 条RSS, 成功抓取 27 条.
[2025-04-23 03:05:26] ✘ 有 1 条订阅解析失败:
[2025-04-23 03:05:26] - https://tcxx.info/feed
[2025-04-23 03:05:26] ✘ 有 2 条订阅头像无法访问, 已使用默认头像:
[2025-04-23 03:05:26] - http://feeds.feedburner.com/ruanyifeng
[2025-04-23 03:05:26] - https://www.loyhome.com/feed
[2025-04-23 04:26:06] 本次订阅抓取结果统计:
[2025-04-23 04:26:06] 共 28 条RSS, 成功抓取 27 条.
[2025-04-23 04:26:06] ✘ 有 1 条订阅解析失败:
[2025-04-23 04:26:06] - https://tcxx.info/feed
[2025-04-23 04:26:06] ✘ 有 2 条订阅头像无法访问, 已使用默认头像:
[2025-04-23 04:26:06] - http://feeds.feedburner.com/ruanyifeng
[2025-04-23 04:26:06] - https://www.loyhome.com/feed
[2025-04-23 05:21:36] 本次订阅抓取结果统计:
[2025-04-23 05:21:36] 共 28 条RSS, 成功抓取 27 条.
[2025-04-23 05:21:36] ✘ 有 1 条订阅解析失败:
[2025-04-23 05:21:36] - https://tcxx.info/feed
[2025-04-23 05:21:36] ✘ 有 3 条订阅头像无法访问, 已使用默认头像:
[2025-04-23 05:21:36] - http://feeds.feedburner.com/ruanyifeng
[2025-04-23 05:21:36] - https://www.loyhome.com/feed
[2025-04-23 05:21:36] - https://yihui.org/index.xml
[2025-04-23 06:30:31] 本次订阅抓取结果统计:
[2025-04-23 06:30:31] 共 28 条RSS, 成功抓取 27 条.
[2025-04-23 06:30:31] ✘ 有 1 条订阅解析失败:
[2025-04-23 06:30:31] - https://tcxx.info/feed
[2025-04-23 06:30:31] ✘ 有 2 条订阅头像无法访问, 已使用默认头像:
[2025-04-23 06:30:31] - http://feeds.feedburner.com/ruanyifeng
[2025-04-23 06:30:31] - https://www.loyhome.com/feed
[2025-04-23 07:25:30] 本次订阅抓取结果统计:
[2025-04-23 07:25:30] 共 28 条RSS, 成功抓取 27 条.
[2025-04-23 07:25:30] ✘ 有 1 条订阅解析失败:
[2025-04-23 07:25:30] - https://tcxx.info/feed
[2025-04-23 07:25:30] ✘ 有 2 条订阅头像无法访问, 已使用默认头像:
[2025-04-23 07:25:30] - http://feeds.feedburner.com/ruanyifeng
[2025-04-23 07:25:30] - https://www.loyhome.com/feed
[2025-04-23 08:29:09] 本次订阅抓取结果统计:
[2025-04-23 08:29:09] 共 28 条RSS, 成功抓取 27 条.
[2025-04-23 08:29:09] ✘ 有 1 条订阅解析失败:
[2025-04-23 08:29:09] - https://tcxx.info/feed
[2025-04-23 08:29:09] ✘ 有 2 条订阅头像无法访问, 已使用默认头像:
[2025-04-23 08:29:09] - http://feeds.feedburner.com/ruanyifeng
[2025-04-23 08:29:09] - https://www.loyhome.com/feed
[2025-04-23 09:24:10] 本次订阅抓取结果统计:
[2025-04-23 09:24:10] 共 28 条RSS, 成功抓取 27 条.
[2025-04-23 09:24:10] ✘ 有 1 条订阅解析失败:
[2025-04-23 09:24:10] - https://tcxx.info/feed
[2025-04-23 09:24:10] ✘ 有 2 条订阅头像无法访问, 已使用默认头像:
[2025-04-23 09:24:10] - http://feeds.feedburner.com/ruanyifeng
[2025-04-23 09:24:10] - https://www.loyhome.com/feed
[2025-04-23 10:25:16] 本次订阅抓取结果统计:
[2025-04-23 10:25:16] 共 28 条RSS, 成功抓取 27 条.
[2025-04-23 10:25:16] ✘ 有 1 条订阅解析失败:
[2025-04-23 10:25:16] - https://tcxx.info/feed
[2025-04-23 10:25:16] ✘ 有 2 条订阅头像无法访问, 已使用默认头像:
[2025-04-23 10:25:16] - http://feeds.feedburner.com/ruanyifeng
[2025-04-23 10:25:16] - https://www.loyhome.com/feed
[2025-04-23 11:19:02] 本次订阅抓取结果统计:
[2025-04-23 11:19:02] 共 28 条RSS, 成功抓取 27 条.
[2025-04-23 11:19:02] ✘ 有 1 条订阅解析失败:
[2025-04-23 11:19:02] - https://tcxx.info/feed
[2025-04-23 11:19:02] ✘ 有 2 条订阅头像无法访问, 已使用默认头像:
[2025-04-23 11:19:02] - http://feeds.feedburner.com/ruanyifeng
[2025-04-23 11:19:02] - https://www.loyhome.com/feed
[2025-04-23 12:43:52] 本次订阅抓取结果统计:
[2025-04-23 12:43:52] 共 28 条RSS, 成功抓取 27 条.
[2025-04-23 12:43:52] ✘ 有 1 条订阅解析失败:
[2025-04-23 12:43:52] - https://tcxx.info/feed
[2025-04-23 12:43:52] ✘ 有 3 条订阅头像无法访问, 已使用默认头像:
[2025-04-23 12:43:52] - http://feeds.feedburner.com/ruanyifeng
[2025-04-23 12:43:52] - https://www.loyhome.com/feed
[2025-04-23 12:43:52] - https://1900.live/rss.xml
[2025-04-23 13:31:28] 本次订阅抓取结果统计:
[2025-04-23 13:31:28] 共 28 条RSS, 成功抓取 27 条.
[2025-04-23 13:31:28] ✘ 有 1 条订阅解析失败:
[2025-04-23 13:31:28] - https://tcxx.info/feed
[2025-04-23 13:31:28] ✘ 有 2 条订阅头像无法访问, 已使用默认头像:
[2025-04-23 13:31:28] - http://feeds.feedburner.com/ruanyifeng
[2025-04-23 13:31:28] - https://www.loyhome.com/feed
[2025-04-23 14:22:16] 本次订阅抓取结果统计:
[2025-04-23 14:22:16] 共 28 条RSS, 成功抓取 27 条.
[2025-04-23 14:22:16] ✘ 有 1 条订阅解析失败:
[2025-04-23 14:22:16] - https://tcxx.info/feed
[2025-04-23 14:22:16] ✘ 有 2 条订阅头像无法访问, 已使用默认头像:
[2025-04-23 14:22:16] - https://www.loyhome.com/feed
[2025-04-23 14:22:16] - http://feeds.feedburner.com/ruanyifeng
[2025-04-23 15:24:06] 本次订阅抓取结果统计:
[2025-04-23 15:24:06] 共 28 条RSS, 成功抓取 27 条.
[2025-04-23 15:24:06] ✘ 有 1 条订阅解析失败:
[2025-04-23 15:24:06] - https://tcxx.info/feed
[2025-04-23 15:24:06] ✘ 有 2 条订阅头像无法访问, 已使用默认头像:
[2025-04-23 15:24:06] - http://feeds.feedburner.com/ruanyifeng
[2025-04-23 15:24:06] - https://www.loyhome.com/feed
[2025-04-23 16:27:44] 本次订阅抓取结果统计:
[2025-04-23 16:27:44] 共 28 条RSS, 成功抓取 27 条.
[2025-04-23 16:27:44] ✘ 有 1 条订阅解析失败:
[2025-04-23 16:27:44] - https://tcxx.info/feed
[2025-04-23 16:27:44] ✘ 有 2 条订阅头像无法访问, 已使用默认头像:
[2025-04-23 16:27:44] - https://www.loyhome.com/feed
[2025-04-23 16:27:44] - http://feeds.feedburner.com/ruanyifeng
[2025-04-23 17:19:17] 本次订阅抓取结果统计:
[2025-04-23 17:19:17] 共 28 条RSS, 成功抓取 27 条.
[2025-04-23 17:19:17] ✘ 有 1 条订阅解析失败:
[2025-04-23 17:19:17] - https://tcxx.info/feed
[2025-04-23 17:19:17] ✘ 有 3 条订阅头像无法访问, 已使用默认头像:
[2025-04-23 17:19:17] - https://www.loyhome.com/feed
[2025-04-23 17:19:17] - http://feeds.feedburner.com/ruanyifeng
[2025-04-23 17:19:17] - https://xyzbz.cn/feed
[2025-04-23 18:31:18] 本次订阅抓取结果统计:
[2025-04-23 18:31:18] 共 28 条RSS, 成功抓取 27 条.
[2025-04-23 18:31:18] ✘ 有 1 条订阅解析失败:
[2025-04-23 18:31:18] - https://tcxx.info/feed
[2025-04-23 18:31:18] ✘ 有 2 条订阅头像无法访问, 已使用默认头像:
[2025-04-23 18:31:18] - http://feeds.feedburner.com/ruanyifeng
[2025-04-23 18:31:18] - https://www.loyhome.com/feed
[2025-04-23 19:18:38] 本次订阅抓取结果统计:
[2025-04-23 19:18:38] 共 28 条RSS, 成功抓取 27 条.
[2025-04-23 19:18:38] ✘ 有 1 条订阅解析失败:
[2025-04-23 19:18:38] - https://tcxx.info/feed
[2025-04-23 19:18:38] ✘ 有 2 条订阅头像无法访问, 已使用默认头像:
[2025-04-23 19:18:38] - https://www.loyhome.com/feed
[2025-04-23 19:18:38] - http://feeds.feedburner.com/ruanyifeng
[2025-04-23 20:23:49] 本次订阅抓取结果统计:
[2025-04-23 20:23:49] 共 28 条RSS, 成功抓取 27 条.
[2025-04-23 20:23:49] ✘ 有 1 条订阅解析失败:
[2025-04-23 20:23:49] - https://tcxx.info/feed
[2025-04-23 20:23:49] ✘ 有 2 条订阅头像无法访问, 已使用默认头像:
[2025-04-23 20:23:49] - http://feeds.feedburner.com/ruanyifeng
[2025-04-23 20:23:49] - https://www.loyhome.com/feed
