[2025-04-20 01:49:38] 本次订阅抓取结果统计:
[2025-04-20 01:49:38] 共 28 条RSS, 成功抓取 27 条.
[2025-04-20 01:49:38] ✘ 有 1 条订阅解析失败:
[2025-04-20 01:49:38] - https://tcxx.info/feed
[2025-04-20 01:49:38] ✘ 有 3 条订阅头像无法访问, 已使用默认头像:
[2025-04-20 01:49:38] - http://feeds.feedburner.com/ruanyifeng
[2025-04-20 01:49:38] - https://www.loyhome.com/feed
[2025-04-20 01:49:38] - https://xyzbz.cn/feed
[2025-04-20 03:09:40] 本次订阅抓取结果统计:
[2025-04-20 03:09:40] 共 28 条RSS, 成功抓取 27 条.
[2025-04-20 03:09:40] ✘ 有 1 条订阅解析失败:
[2025-04-20 03:09:40] - https://tcxx.info/feed
[2025-04-20 03:09:40] ✘ 有 2 条订阅头像无法访问, 已使用默认头像:
[2025-04-20 03:09:40] - http://feeds.feedburner.com/ruanyifeng
[2025-04-20 03:09:40] - https://www.loyhome.com/feed
[2025-04-20 04:24:11] 本次订阅抓取结果统计:
[2025-04-20 04:24:11] 共 28 条RSS, 成功抓取 27 条.
[2025-04-20 04:24:11] ✘ 有 1 条订阅解析失败:
[2025-04-20 04:24:11] - https://tcxx.info/feed
[2025-04-20 04:24:11] ✘ 有 2 条订阅头像无法访问, 已使用默认头像:
[2025-04-20 04:24:11] - http://feeds.feedburner.com/ruanyifeng
[2025-04-20 04:24:11] - https://www.loyhome.com/feed
