[2025-07-09 01:55:18] 本次订阅抓取结果统计:
[2025-07-09 01:55:18] 共 28 条RSS, 成功抓取 27 条.
[2025-07-09 01:55:18] ✘ 有 1 条订阅解析失败:
[2025-07-09 01:55:18] - https://tcxx.info/feed
[2025-07-09 01:55:18] ✘ 有 2 条订阅头像无法访问, 已使用默认头像:
[2025-07-09 01:55:18] - http://feeds.feedburner.com/ruanyifeng
[2025-07-09 01:55:18] - https://www.loyhome.com/feed
[2025-07-09 03:24:19] 本次订阅抓取结果统计:
[2025-07-09 03:24:19] 共 28 条RSS, 成功抓取 27 条.
[2025-07-09 03:24:19] ✘ 有 1 条订阅解析失败:
[2025-07-09 03:24:19] - https://tcxx.info/feed
[2025-07-09 03:24:19] ✘ 有 2 条订阅头像无法访问, 已使用默认头像:
[2025-07-09 03:24:19] - http://feeds.feedburner.com/ruanyifeng
[2025-07-09 03:24:19] - https://www.loyhome.com/feed
[2025-07-09 04:36:15] 本次订阅抓取结果统计:
[2025-07-09 04:36:15] 共 28 条RSS, 成功抓取 26 条.
[2025-07-09 04:36:15] ✘ 有 2 条订阅解析失败:
[2025-07-09 04:36:15] - https://blog.fooleap.org/atom.xml
[2025-07-09 04:36:15] - https://tcxx.info/feed
[2025-07-09 04:36:15] ✘ 有 3 条订阅头像无法访问, 已使用默认头像:
[2025-07-09 04:36:15] - https://www.shephe.com/feed
[2025-07-09 04:36:15] - http://feeds.feedburner.com/ruanyifeng
[2025-07-09 04:36:15] - https://www.loyhome.com/feed
[2025-07-09 05:27:07] 本次订阅抓取结果统计:
[2025-07-09 05:27:07] 共 28 条RSS, 成功抓取 26 条.
[2025-07-09 05:27:07] ✘ 有 2 条订阅解析失败:
[2025-07-09 05:27:07] - https://blog.fooleap.org/atom.xml
[2025-07-09 05:27:07] - https://tcxx.info/feed
[2025-07-09 05:27:07] ✘ 有 3 条订阅头像无法访问, 已使用默认头像:
[2025-07-09 05:27:07] - https://www.shephe.com/feed
[2025-07-09 05:27:07] - http://feeds.feedburner.com/ruanyifeng
[2025-07-09 05:27:07] - https://www.loyhome.com/feed
[2025-07-09 06:34:21] 本次订阅抓取结果统计:
[2025-07-09 06:34:21] 共 28 条RSS, 成功抓取 26 条.
[2025-07-09 06:34:21] ✘ 有 2 条订阅解析失败:
[2025-07-09 06:34:21] - https://blog.fooleap.org/atom.xml
[2025-07-09 06:34:21] - https://tcxx.info/feed
[2025-07-09 06:34:21] ✘ 有 3 条订阅头像无法访问, 已使用默认头像:
[2025-07-09 06:34:21] - https://www.shephe.com/feed
[2025-07-09 06:34:21] - http://feeds.feedburner.com/ruanyifeng
[2025-07-09 06:34:21] - https://www.loyhome.com/feed
[2025-07-09 07:23:16] 本次订阅抓取结果统计:
[2025-07-09 07:23:16] 共 28 条RSS, 成功抓取 26 条.
[2025-07-09 07:23:16] ✘ 有 2 条订阅解析失败:
[2025-07-09 07:23:16] - https://blog.fooleap.org/atom.xml
[2025-07-09 07:23:16] - https://tcxx.info/feed
[2025-07-09 07:23:16] ✘ 有 3 条订阅头像无法访问, 已使用默认头像:
[2025-07-09 07:23:16] - https://www.shephe.com/feed
[2025-07-09 07:23:16] - http://feeds.feedburner.com/ruanyifeng
[2025-07-09 07:23:16] - https://www.loyhome.com/feed
[2025-07-09 08:31:09] 本次订阅抓取结果统计:
[2025-07-09 08:31:09] 共 28 条RSS, 成功抓取 26 条.
[2025-07-09 08:31:09] ✘ 有 2 条订阅解析失败:
[2025-07-09 08:31:09] - https://blog.fooleap.org/atom.xml
[2025-07-09 08:31:09] - https://tcxx.info/feed
[2025-07-09 08:31:09] ✘ 有 4 条订阅头像无法访问, 已使用默认头像:
[2025-07-09 08:31:09] - https://www.shephe.com/feed
[2025-07-09 08:31:09] - http://feeds.feedburner.com/ruanyifeng
[2025-07-09 08:31:09] - https://www.loyhome.com/feed
[2025-07-09 08:31:09] - https://blog.yanqingshan.com/feed
