[2025-12-24 01:54:30] 本次订阅抓取结果统计:
[2025-12-24 01:54:30] 共 28 条RSS, 成功抓取 25 条.
[2025-12-24 01:54:30] ✘ 有 3 条订阅解析失败:
[2025-12-24 01:54:30] - https://tumutanzi.com/feed
[2025-12-24 01:54:30] - https://tcxx.info/feed
[2025-12-24 01:54:30] - https://geekinney.com/index.xml
[2025-12-24 01:54:30] ✘ 有 2 条订阅头像无法访问, 已使用默认头像:
[2025-12-24 01:54:30] - https://oba.by/feed
[2025-12-24 01:54:30] - http://feeds.feedburner.com/ruanyifeng
[2025-12-24 03:26:53] 本次订阅抓取结果统计:
[2025-12-24 03:26:53] 共 28 条RSS, 成功抓取 25 条.
[2025-12-24 03:26:53] ✘ 有 3 条订阅解析失败:
[2025-12-24 03:26:53] - https://tumutanzi.com/feed
[2025-12-24 03:26:53] - https://tcxx.info/feed
[2025-12-24 03:26:53] - https://geekinney.com/index.xml
[2025-12-24 03:26:53] ✘ 有 2 条订阅头像无法访问, 已使用默认头像:
[2025-12-24 03:26:53] - https://oba.by/feed
[2025-12-24 03:26:53] - http://feeds.feedburner.com/ruanyifeng
[2025-12-24 04:38:19] 本次订阅抓取结果统计:
[2025-12-24 04:38:19] 共 28 条RSS, 成功抓取 25 条.
[2025-12-24 04:38:19] ✘ 有 3 条订阅解析失败:
[2025-12-24 04:38:19] - https://tcxx.info/feed
[2025-12-24 04:38:19] - https://tumutanzi.com/feed
[2025-12-24 04:38:19] - https://geekinney.com/index.xml
[2025-12-24 04:38:19] ✘ 有 2 条订阅头像无法访问, 已使用默认头像:
[2025-12-24 04:38:19] - https://oba.by/feed
[2025-12-24 04:38:19] - http://feeds.feedburner.com/ruanyifeng
[2025-12-24 05:27:15] 本次订阅抓取结果统计:
[2025-12-24 05:27:15] 共 28 条RSS, 成功抓取 25 条.
[2025-12-24 05:27:15] ✘ 有 3 条订阅解析失败:
[2025-12-24 05:27:15] - https://tcxx.info/feed
[2025-12-24 05:27:15] - https://tumutanzi.com/feed
[2025-12-24 05:27:15] - https://geekinney.com/index.xml
[2025-12-24 05:27:15] ✘ 有 3 条订阅头像无法访问, 已使用默认头像:
[2025-12-24 05:27:15] - https://oba.by/feed
[2025-12-24 05:27:15] - http://feeds.feedburner.com/ruanyifeng
[2025-12-24 05:27:15] - https://www.loyhome.com/feed
[2025-12-24 06:38:40] 本次订阅抓取结果统计:
[2025-12-24 06:38:40] 共 28 条RSS, 成功抓取 25 条.
[2025-12-24 06:38:40] ✘ 有 3 条订阅解析失败:
[2025-12-24 06:38:40] - https://tcxx.info/feed
[2025-12-24 06:38:40] - https://tumutanzi.com/feed
[2025-12-24 06:38:40] - https://geekinney.com/index.xml
[2025-12-24 06:38:40] ✘ 有 3 条订阅头像无法访问, 已使用默认头像:
[2025-12-24 06:38:40] - https://oba.by/feed
[2025-12-24 06:38:40] - http://feeds.feedburner.com/ruanyifeng
[2025-12-24 06:38:40] - https://www.loyhome.com/feed
[2025-12-24 07:27:07] 本次订阅抓取结果统计:
[2025-12-24 07:27:07] 共 28 条RSS, 成功抓取 25 条.
[2025-12-24 07:27:07] ✘ 有 3 条订阅解析失败:
[2025-12-24 07:27:07] - https://tumutanzi.com/feed
[2025-12-24 07:27:07] - https://tcxx.info/feed
[2025-12-24 07:27:07] - https://geekinney.com/index.xml
[2025-12-24 07:27:07] ✘ 有 3 条订阅头像无法访问, 已使用默认头像:
[2025-12-24 07:27:07] - https://oba.by/feed
[2025-12-24 07:27:07] - http://feeds.feedburner.com/ruanyifeng
[2025-12-24 07:27:07] - https://www.loyhome.com/feed
[2025-12-24 08:34:09] 本次订阅抓取结果统计:
[2025-12-24 08:34:09] 共 28 条RSS, 成功抓取 24 条.
[2025-12-24 08:34:09] ✘ 有 4 条订阅解析失败:
[2025-12-24 08:34:09] - https://limboy.me/index.xml
[2025-12-24 08:34:09] - https://tcxx.info/feed
[2025-12-24 08:34:09] - https://tumutanzi.com/feed
[2025-12-24 08:34:09] - https://geekinney.com/index.xml
[2025-12-24 08:34:09] ✘ 有 2 条订阅头像无法访问, 已使用默认头像:
[2025-12-24 08:34:09] - https://oba.by/feed
[2025-12-24 08:34:09] - http://feeds.feedburner.com/ruanyifeng
[2025-12-24 09:29:08] 本次订阅抓取结果统计:
[2025-12-24 09:29:08] 共 28 条RSS, 成功抓取 25 条.
[2025-12-24 09:29:08] ✘ 有 3 条订阅解析失败:
[2025-12-24 09:29:08] - https://tcxx.info/feed
[2025-12-24 09:29:08] - https://tumutanzi.com/feed
[2025-12-24 09:29:08] - https://geekinney.com/index.xml
[2025-12-24 09:29:08] ✘ 有 4 条订阅头像无法访问, 已使用默认头像:
[2025-12-24 09:29:08] - https://oba.by/feed
[2025-12-24 09:29:08] - http://feeds.feedburner.com/ruanyifeng
[2025-12-24 09:29:08] - https://xyzbz.cn/feed
[2025-12-24 09:29:08] - https://www.shephe.com/feed
[2025-12-24 10:26:16] 本次订阅抓取结果统计:
[2025-12-24 10:26:16] 共 28 条RSS, 成功抓取 25 条.
[2025-12-24 10:26:16] ✘ 有 3 条订阅解析失败:
[2025-12-24 10:26:16] - https://tcxx.info/feed
[2025-12-24 10:26:16] - https://tumutanzi.com/feed
[2025-12-24 10:26:16] - https://geekinney.com/index.xml
[2025-12-24 10:26:16] ✘ 有 4 条订阅头像无法访问, 已使用默认头像:
[2025-12-24 10:26:16] - https://oba.by/feed
[2025-12-24 10:26:16] - http://feeds.feedburner.com/ruanyifeng
[2025-12-24 10:26:16] - https://www.loyhome.com/feed
[2025-12-24 10:26:16] - https://xyzbz.cn/feed
[2025-12-24 11:22:02] 本次订阅抓取结果统计:
[2025-12-24 11:22:02] 共 28 条RSS, 成功抓取 25 条.
[2025-12-24 11:22:02] ✘ 有 3 条订阅解析失败:
[2025-12-24 11:22:02] - https://tumutanzi.com/feed
[2025-12-24 11:22:02] - https://tcxx.info/feed
[2025-12-24 11:22:02] - https://geekinney.com/index.xml
[2025-12-24 11:22:02] ✘ 有 2 条订阅头像无法访问, 已使用默认头像:
[2025-12-24 11:22:02] - https://oba.by/feed
[2025-12-24 11:22:02] - http://feeds.feedburner.com/ruanyifeng
[2025-12-24 12:50:21] 本次订阅抓取结果统计:
[2025-12-24 12:50:21] 共 28 条RSS, 成功抓取 25 条.
[2025-12-24 12:50:21] ✘ 有 3 条订阅解析失败:
[2025-12-24 12:50:21] - https://tcxx.info/feed
[2025-12-24 12:50:21] - https://tumutanzi.com/feed
[2025-12-24 12:50:21] - https://geekinney.com/index.xml
[2025-12-24 12:50:21] ✘ 有 3 条订阅头像无法访问, 已使用默认头像:
[2025-12-24 12:50:21] - https://oba.by/feed
[2025-12-24 12:50:21] - https://www.loyhome.com/feed
[2025-12-24 12:50:21] - http://feeds.feedburner.com/ruanyifeng
[2025-12-24 13:34:22] 本次订阅抓取结果统计:
[2025-12-24 13:34:22] 共 28 条RSS, 成功抓取 25 条.
[2025-12-24 13:34:22] ✘ 有 3 条订阅解析失败:
[2025-12-24 13:34:22] - https://tcxx.info/feed
[2025-12-24 13:34:22] - https://tumutanzi.com/feed
[2025-12-24 13:34:22] - https://geekinney.com/index.xml
[2025-12-24 13:34:22] ✘ 有 3 条订阅头像无法访问, 已使用默认头像:
[2025-12-24 13:34:22] - https://oba.by/feed
[2025-12-24 13:34:22] - http://feeds.feedburner.com/ruanyifeng
[2025-12-24 13:34:22] - https://xyzbz.cn/feed
[2025-12-24 14:23:13] 本次订阅抓取结果统计:
[2025-12-24 14:23:13] 共 28 条RSS, 成功抓取 25 条.
[2025-12-24 14:23:13] ✘ 有 3 条订阅解析失败:
[2025-12-24 14:23:13] - https://tcxx.info/feed
[2025-12-24 14:23:13] - https://tumutanzi.com/feed
[2025-12-24 14:23:13] - https://geekinney.com/index.xml
[2025-12-24 14:23:13] ✘ 有 2 条订阅头像无法访问, 已使用默认头像:
[2025-12-24 14:23:13] - https://oba.by/feed
[2025-12-24 14:23:13] - http://feeds.feedburner.com/ruanyifeng
