[2025-06-29 02:03:17] 本次订阅抓取结果统计:
[2025-06-29 02:03:17] 共 28 条RSS, 成功抓取 27 条.
[2025-06-29 02:03:17] ✘ 有 1 条订阅解析失败:
[2025-06-29 02:03:17] - https://tcxx.info/feed
[2025-06-29 02:03:17] ✘ 有 2 条订阅头像无法访问, 已使用默认头像:
[2025-06-29 02:03:17] - http://feeds.feedburner.com/ruanyifeng
[2025-06-29 02:03:17] - https://www.loyhome.com/feed
[2025-06-29 03:57:12] 本次订阅抓取结果统计:
[2025-06-29 03:57:12] 共 28 条RSS, 成功抓取 27 条.
[2025-06-29 03:57:12] ✘ 有 1 条订阅解析失败:
[2025-06-29 03:57:12] - https://tcxx.info/feed
[2025-06-29 03:57:12] ✘ 有 2 条订阅头像无法访问, 已使用默认头像:
[2025-06-29 03:57:12] - http://feeds.feedburner.com/ruanyifeng
[2025-06-29 03:57:12] - https://www.loyhome.com/feed
[2025-06-29 04:40:46] 本次订阅抓取结果统计:
[2025-06-29 04:40:46] 共 28 条RSS, 成功抓取 27 条.
[2025-06-29 04:40:46] ✘ 有 1 条订阅解析失败:
[2025-06-29 04:40:46] - https://tcxx.info/feed
[2025-06-29 04:40:46] ✘ 有 2 条订阅头像无法访问, 已使用默认头像:
[2025-06-29 04:40:46] - http://feeds.feedburner.com/ruanyifeng
[2025-06-29 04:40:46] - https://www.loyhome.com/feed
[2025-06-29 05:24:19] 本次订阅抓取结果统计:
[2025-06-29 05:24:19] 共 28 条RSS, 成功抓取 27 条.
[2025-06-29 05:24:19] ✘ 有 1 条订阅解析失败:
[2025-06-29 05:24:19] - https://tcxx.info/feed
[2025-06-29 05:24:19] ✘ 有 3 条订阅头像无法访问, 已使用默认头像:
[2025-06-29 05:24:19] - http://feeds.feedburner.com/ruanyifeng
[2025-06-29 05:24:19] - https://www.loyhome.com/feed
[2025-06-29 05:24:19] - https://xyzbz.cn/feed
[2025-06-29 06:31:52] 本次订阅抓取结果统计:
[2025-06-29 06:31:52] 共 28 条RSS, 成功抓取 27 条.
[2025-06-29 06:31:52] ✘ 有 1 条订阅解析失败:
[2025-06-29 06:31:52] - https://tcxx.info/feed
[2025-06-29 06:31:52] ✘ 有 2 条订阅头像无法访问, 已使用默认头像:
[2025-06-29 06:31:52] - http://feeds.feedburner.com/ruanyifeng
[2025-06-29 06:31:52] - https://www.loyhome.com/feed
[2025-06-29 07:20:47] 本次订阅抓取结果统计:
[2025-06-29 07:20:47] 共 28 条RSS, 成功抓取 27 条.
[2025-06-29 07:20:47] ✘ 有 1 条订阅解析失败:
[2025-06-29 07:20:47] - https://tcxx.info/feed
[2025-06-29 07:20:47] ✘ 有 2 条订阅头像无法访问, 已使用默认头像:
[2025-06-29 07:20:47] - http://feeds.feedburner.com/ruanyifeng
[2025-06-29 07:20:47] - https://www.loyhome.com/feed
[2025-06-29 08:27:36] 本次订阅抓取结果统计:
[2025-06-29 08:27:36] 共 28 条RSS, 成功抓取 27 条.
[2025-06-29 08:27:36] ✘ 有 1 条订阅解析失败:
[2025-06-29 08:27:36] - https://tcxx.info/feed
[2025-06-29 08:27:36] ✘ 有 2 条订阅头像无法访问, 已使用默认头像:
[2025-06-29 08:27:36] - http://feeds.feedburner.com/ruanyifeng
[2025-06-29 08:27:36] - https://www.loyhome.com/feed
[2025-06-29 09:21:53] 本次订阅抓取结果统计:
[2025-06-29 09:21:53] 共 28 条RSS, 成功抓取 27 条.
[2025-06-29 09:21:53] ✘ 有 1 条订阅解析失败:
[2025-06-29 09:21:53] - https://tcxx.info/feed
[2025-06-29 09:21:53] ✘ 有 2 条订阅头像无法访问, 已使用默认头像:
[2025-06-29 09:21:53] - http://feeds.feedburner.com/ruanyifeng
[2025-06-29 09:21:53] - https://www.loyhome.com/feed
[2025-06-29 10:24:37] 本次订阅抓取结果统计:
[2025-06-29 10:24:37] 共 28 条RSS, 成功抓取 27 条.
[2025-06-29 10:24:37] ✘ 有 1 条订阅解析失败:
[2025-06-29 10:24:37] - https://tcxx.info/feed
[2025-06-29 10:24:37] ✘ 有 2 条订阅头像无法访问, 已使用默认头像:
[2025-06-29 10:24:37] - http://feeds.feedburner.com/ruanyifeng
[2025-06-29 10:24:37] - https://www.loyhome.com/feed
[2025-06-29 11:17:54] 本次订阅抓取结果统计:
[2025-06-29 11:17:54] 共 28 条RSS, 成功抓取 27 条.
[2025-06-29 11:17:54] ✘ 有 1 条订阅解析失败:
[2025-06-29 11:17:54] - https://tcxx.info/feed
[2025-06-29 11:17:54] ✘ 有 2 条订阅头像无法访问, 已使用默认头像:
[2025-06-29 11:17:54] - http://feeds.feedburner.com/ruanyifeng
[2025-06-29 11:17:54] - https://www.loyhome.com/feed
[2025-06-29 12:42:11] 本次订阅抓取结果统计:
[2025-06-29 12:42:11] 共 28 条RSS, 成功抓取 27 条.
[2025-06-29 12:42:11] ✘ 有 1 条订阅解析失败:
[2025-06-29 12:42:11] - https://tcxx.info/feed
[2025-06-29 12:42:11] ✘ 有 2 条订阅头像无法访问, 已使用默认头像:
[2025-06-29 12:42:11] - http://feeds.feedburner.com/ruanyifeng
[2025-06-29 12:42:11] - https://www.loyhome.com/feed
[2025-06-29 13:29:53] 本次订阅抓取结果统计:
[2025-06-29 13:29:53] 共 28 条RSS, 成功抓取 27 条.
[2025-06-29 13:29:53] ✘ 有 1 条订阅解析失败:
[2025-06-29 13:29:53] - https://tcxx.info/feed
[2025-06-29 13:29:53] ✘ 有 2 条订阅头像无法访问, 已使用默认头像:
[2025-06-29 13:29:53] - http://feeds.feedburner.com/ruanyifeng
[2025-06-29 13:29:53] - https://www.loyhome.com/feed
[2025-06-29 14:19:16] 本次订阅抓取结果统计:
[2025-06-29 14:19:16] 共 28 条RSS, 成功抓取 27 条.
[2025-06-29 14:19:16] ✘ 有 1 条订阅解析失败:
[2025-06-29 14:19:16] - https://tcxx.info/feed
[2025-06-29 14:19:16] ✘ 有 2 条订阅头像无法访问, 已使用默认头像:
[2025-06-29 14:19:16] - http://feeds.feedburner.com/ruanyifeng
[2025-06-29 14:19:16] - https://www.loyhome.com/feed
[2025-06-29 15:22:47] 本次订阅抓取结果统计:
[2025-06-29 15:22:47] 共 28 条RSS, 成功抓取 25 条.
[2025-06-29 15:22:47] ✘ 有 3 条订阅解析失败:
[2025-06-29 15:22:47] - https://tcxx.info/feed
[2025-06-29 15:22:47] - https://stephenleng.com/cn/rss
[2025-06-29 15:22:47] - https://blog.pursuitus.com/feed
[2025-06-29 15:22:47] ✘ 有 2 条订阅头像无法访问, 已使用默认头像:
[2025-06-29 15:22:47] - https://www.loyhome.com/feed
[2025-06-29 15:22:47] - http://feeds.feedburner.com/ruanyifeng
[2025-06-29 16:27:57] 本次订阅抓取结果统计:
[2025-06-29 16:27:57] 共 28 条RSS, 成功抓取 25 条.
[2025-06-29 16:27:57] ✘ 有 3 条订阅解析失败:
[2025-06-29 16:27:57] - https://tcxx.info/feed
[2025-06-29 16:27:57] - https://blog.pursuitus.com/feed
[2025-06-29 16:27:57] - https://stephenleng.com/cn/rss
[2025-06-29 16:27:57] ✘ 有 2 条订阅头像无法访问, 已使用默认头像:
[2025-06-29 16:27:57] - http://feeds.feedburner.com/ruanyifeng
[2025-06-29 16:27:57] - https://www.loyhome.com/feed
[2025-06-29 17:19:42] 本次订阅抓取结果统计:
[2025-06-29 17:19:42] 共 28 条RSS, 成功抓取 25 条.
[2025-06-29 17:19:42] ✘ 有 3 条订阅解析失败:
[2025-06-29 17:19:42] - https://tcxx.info/feed
[2025-06-29 17:19:42] - https://stephenleng.com/cn/rss
[2025-06-29 17:19:42] - https://blog.pursuitus.com/feed
[2025-06-29 17:19:42] ✘ 有 3 条订阅头像无法访问, 已使用默认头像:
[2025-06-29 17:19:42] - http://feeds.feedburner.com/ruanyifeng
[2025-06-29 17:19:42] - https://www.loyhome.com/feed
[2025-06-29 17:19:42] - https://xyzbz.cn/feed
[2025-06-29 18:30:58] 本次订阅抓取结果统计:
[2025-06-29 18:30:58] 共 28 条RSS, 成功抓取 25 条.
[2025-06-29 18:30:58] ✘ 有 3 条订阅解析失败:
[2025-06-29 18:30:58] - https://tcxx.info/feed
[2025-06-29 18:30:58] - https://blog.pursuitus.com/feed
[2025-06-29 18:30:58] - https://stephenleng.com/cn/rss
[2025-06-29 18:30:58] ✘ 有 3 条订阅头像无法访问, 已使用默认头像:
[2025-06-29 18:30:58] - https://www.loyhome.com/feed
[2025-06-29 18:30:58] - http://feeds.feedburner.com/ruanyifeng
[2025-06-29 18:30:58] - https://www.shephe.com/feed
[2025-06-29 19:18:24] 本次订阅抓取结果统计:
[2025-06-29 19:18:24] 共 28 条RSS, 成功抓取 25 条.
[2025-06-29 19:18:24] ✘ 有 3 条订阅解析失败:
[2025-06-29 19:18:24] - https://tcxx.info/feed
[2025-06-29 19:18:24] - https://stephenleng.com/cn/rss
[2025-06-29 19:18:24] - https://blog.pursuitus.com/feed
[2025-06-29 19:18:24] ✘ 有 2 条订阅头像无法访问, 已使用默认头像:
[2025-06-29 19:18:24] - http://feeds.feedburner.com/ruanyifeng
[2025-06-29 19:18:24] - https://www.loyhome.com/feed
[2025-06-29 20:24:58] 本次订阅抓取结果统计:
[2025-06-29 20:24:58] 共 28 条RSS, 成功抓取 26 条.
[2025-06-29 20:24:58] ✘ 有 2 条订阅解析失败:
[2025-06-29 20:24:58] - https://tcxx.info/feed
[2025-06-29 20:24:58] - https://blog.pursuitus.com/feed
[2025-06-29 20:24:58] ✘ 有 2 条订阅头像无法访问, 已使用默认头像:
[2025-06-29 20:24:58] - http://feeds.feedburner.com/ruanyifeng
[2025-06-29 20:24:58] - https://www.loyhome.com/feed
[2025-06-29 21:20:12] 本次订阅抓取结果统计:
[2025-06-29 21:20:12] 共 28 条RSS, 成功抓取 27 条.
[2025-06-29 21:20:12] ✘ 有 1 条订阅解析失败:
[2025-06-29 21:20:12] - https://tcxx.info/feed
[2025-06-29 21:20:12] ✘ 有 2 条订阅头像无法访问, 已使用默认头像:
[2025-06-29 21:20:12] - http://feeds.feedburner.com/ruanyifeng
[2025-06-29 21:20:12] - https://www.loyhome.com/feed
[2025-06-29 22:20:24] 本次订阅抓取结果统计:
[2025-06-29 22:20:24] 共 28 条RSS, 成功抓取 27 条.
[2025-06-29 22:20:24] ✘ 有 1 条订阅解析失败:
[2025-06-29 22:20:24] - https://tcxx.info/feed
[2025-06-29 22:20:24] ✘ 有 2 条订阅头像无法访问, 已使用默认头像:
[2025-06-29 22:20:24] - http://feeds.feedburner.com/ruanyifeng
[2025-06-29 22:20:24] - https://www.loyhome.com/feed
