[2025-09-13 01:26:19] 本次订阅抓取结果统计:
[2025-09-13 01:26:19] 共 28 条RSS, 成功抓取 25 条.
[2025-09-13 01:26:19] ✘ 有 3 条订阅解析失败:
[2025-09-13 01:26:19] - https://tcxx.info/feed
[2025-09-13 01:26:19] - https://tumutanzi.com/feed
[2025-09-13 01:26:19] - https://geekinney.com/index.xml
[2025-09-13 01:26:19] ✘ 有 3 条订阅头像无法访问, 已使用默认头像:
[2025-09-13 01:26:19] - https://hwv430.blogspot.com/feeds/posts/default
[2025-09-13 01:26:19] - http://feeds.feedburner.com/ruanyifeng
[2025-09-13 01:26:19] - https://www.loyhome.com/feed
[2025-09-13 02:49:39] 本次订阅抓取结果统计:
[2025-09-13 02:49:39] 共 28 条RSS, 成功抓取 25 条.
[2025-09-13 02:49:39] ✘ 有 3 条订阅解析失败:
[2025-09-13 02:49:39] - https://tumutanzi.com/feed
[2025-09-13 02:49:39] - https://tcxx.info/feed
[2025-09-13 02:49:39] - https://geekinney.com/index.xml
[2025-09-13 02:49:39] ✘ 有 2 条订阅头像无法访问, 已使用默认头像:
[2025-09-13 02:49:39] - http://feeds.feedburner.com/ruanyifeng
[2025-09-13 02:49:39] - https://www.loyhome.com/feed
[2025-09-13 03:23:15] 本次订阅抓取结果统计:
[2025-09-13 03:23:15] 共 28 条RSS, 成功抓取 25 条.
[2025-09-13 03:23:15] ✘ 有 3 条订阅解析失败:
[2025-09-13 03:23:15] - https://tcxx.info/feed
[2025-09-13 03:23:15] - https://tumutanzi.com/feed
[2025-09-13 03:23:15] - https://geekinney.com/index.xml
[2025-09-13 03:23:15] ✘ 有 3 条订阅头像无法访问, 已使用默认头像:
[2025-09-13 03:23:15] - https://hwv430.blogspot.com/feeds/posts/default
[2025-09-13 03:23:15] - http://feeds.feedburner.com/ruanyifeng
[2025-09-13 03:23:15] - https://www.loyhome.com/feed
