[2025-07-07 01:58:52] 本次订阅抓取结果统计:
[2025-07-07 01:58:52] 共 28 条RSS, 成功抓取 27 条.
[2025-07-07 01:58:52] ✘ 有 1 条订阅解析失败:
[2025-07-07 01:58:52] - https://tcxx.info/feed
[2025-07-07 01:58:52] ✘ 有 2 条订阅头像无法访问, 已使用默认头像:
[2025-07-07 01:58:52] - http://feeds.feedburner.com/ruanyifeng
[2025-07-07 01:58:52] - https://www.loyhome.com/feed
[2025-07-07 03:36:53] 本次订阅抓取结果统计:
[2025-07-07 03:36:53] 共 28 条RSS, 成功抓取 27 条.
[2025-07-07 03:36:53] ✘ 有 1 条订阅解析失败:
[2025-07-07 03:36:53] - https://tcxx.info/feed
[2025-07-07 03:36:53] ✘ 有 2 条订阅头像无法访问, 已使用默认头像:
[2025-07-07 03:36:53] - http://feeds.feedburner.com/ruanyifeng
[2025-07-07 03:36:53] - https://www.loyhome.com/feed
[2025-07-07 04:36:29] 本次订阅抓取结果统计:
[2025-07-07 04:36:29] 共 28 条RSS, 成功抓取 27 条.
[2025-07-07 04:36:29] ✘ 有 1 条订阅解析失败:
[2025-07-07 04:36:29] - https://tcxx.info/feed
[2025-07-07 04:36:29] ✘ 有 2 条订阅头像无法访问, 已使用默认头像:
[2025-07-07 04:36:29] - http://feeds.feedburner.com/ruanyifeng
[2025-07-07 04:36:29] - https://www.loyhome.com/feed
[2025-07-07 05:26:26] 本次订阅抓取结果统计:
[2025-07-07 05:26:26] 共 28 条RSS, 成功抓取 27 条.
[2025-07-07 05:26:26] ✘ 有 1 条订阅解析失败:
[2025-07-07 05:26:26] - https://tcxx.info/feed
[2025-07-07 05:26:26] ✘ 有 2 条订阅头像无法访问, 已使用默认头像:
[2025-07-07 05:26:26] - http://feeds.feedburner.com/ruanyifeng
[2025-07-07 05:26:26] - https://www.loyhome.com/feed
[2025-07-07 06:35:35] 本次订阅抓取结果统计:
[2025-07-07 06:35:35] 共 28 条RSS, 成功抓取 27 条.
[2025-07-07 06:35:35] ✘ 有 1 条订阅解析失败:
[2025-07-07 06:35:35] - https://tcxx.info/feed
[2025-07-07 06:35:35] ✘ 有 2 条订阅头像无法访问, 已使用默认头像:
[2025-07-07 06:35:35] - http://feeds.feedburner.com/ruanyifeng
[2025-07-07 06:35:35] - https://www.loyhome.com/feed
[2025-07-07 07:23:50] 本次订阅抓取结果统计:
[2025-07-07 07:23:50] 共 28 条RSS, 成功抓取 27 条.
[2025-07-07 07:23:50] ✘ 有 1 条订阅解析失败:
[2025-07-07 07:23:50] - https://tcxx.info/feed
[2025-07-07 07:23:50] ✘ 有 2 条订阅头像无法访问, 已使用默认头像:
[2025-07-07 07:23:50] - http://feeds.feedburner.com/ruanyifeng
[2025-07-07 07:23:50] - https://www.loyhome.com/feed
[2025-07-07 08:32:40] 本次订阅抓取结果统计:
[2025-07-07 08:32:40] 共 28 条RSS, 成功抓取 27 条.
[2025-07-07 08:32:40] ✘ 有 1 条订阅解析失败:
[2025-07-07 08:32:40] - https://tcxx.info/feed
[2025-07-07 08:32:40] ✘ 有 2 条订阅头像无法访问, 已使用默认头像:
[2025-07-07 08:32:40] - http://feeds.feedburner.com/ruanyifeng
[2025-07-07 08:32:40] - https://www.loyhome.com/feed
[2025-07-07 09:27:21] 本次订阅抓取结果统计:
[2025-07-07 09:27:21] 共 28 条RSS, 成功抓取 27 条.
[2025-07-07 09:27:21] ✘ 有 1 条订阅解析失败:
[2025-07-07 09:27:21] - https://tcxx.info/feed
[2025-07-07 09:27:21] ✘ 有 2 条订阅头像无法访问, 已使用默认头像:
[2025-07-07 09:27:21] - http://feeds.feedburner.com/ruanyifeng
[2025-07-07 09:27:21] - https://www.loyhome.com/feed
[2025-07-07 10:26:02] 本次订阅抓取结果统计:
[2025-07-07 10:26:02] 共 28 条RSS, 成功抓取 27 条.
[2025-07-07 10:26:02] ✘ 有 1 条订阅解析失败:
[2025-07-07 10:26:02] - https://tcxx.info/feed
[2025-07-07 10:26:02] ✘ 有 2 条订阅头像无法访问, 已使用默认头像:
[2025-07-07 10:26:02] - http://feeds.feedburner.com/ruanyifeng
[2025-07-07 10:26:02] - https://www.loyhome.com/feed
[2025-07-07 11:20:07] 本次订阅抓取结果统计:
[2025-07-07 11:20:07] 共 28 条RSS, 成功抓取 27 条.
[2025-07-07 11:20:07] ✘ 有 1 条订阅解析失败:
[2025-07-07 11:20:07] - https://tcxx.info/feed
[2025-07-07 11:20:07] ✘ 有 2 条订阅头像无法访问, 已使用默认头像:
[2025-07-07 11:20:07] - http://feeds.feedburner.com/ruanyifeng
[2025-07-07 11:20:07] - https://www.loyhome.com/feed
[2025-07-07 12:47:56] 本次订阅抓取结果统计:
[2025-07-07 12:47:56] 共 28 条RSS, 成功抓取 27 条.
[2025-07-07 12:47:56] ✘ 有 1 条订阅解析失败:
[2025-07-07 12:47:56] - https://tcxx.info/feed
[2025-07-07 12:47:56] ✘ 有 3 条订阅头像无法访问, 已使用默认头像:
[2025-07-07 12:47:56] - http://feeds.feedburner.com/ruanyifeng
[2025-07-07 12:47:56] - https://www.loyhome.com/feed
[2025-07-07 12:47:56] - https://www.shephe.com/feed
[2025-07-07 13:35:22] 本次订阅抓取结果统计:
[2025-07-07 13:35:22] 共 28 条RSS, 成功抓取 27 条.
[2025-07-07 13:35:22] ✘ 有 1 条订阅解析失败:
[2025-07-07 13:35:22] - https://tcxx.info/feed
[2025-07-07 13:35:22] ✘ 有 2 条订阅头像无法访问, 已使用默认头像:
[2025-07-07 13:35:22] - http://feeds.feedburner.com/ruanyifeng
[2025-07-07 13:35:22] - https://www.loyhome.com/feed
[2025-07-07 14:23:05] 本次订阅抓取结果统计:
[2025-07-07 14:23:05] 共 28 条RSS, 成功抓取 27 条.
[2025-07-07 14:23:05] ✘ 有 1 条订阅解析失败:
[2025-07-07 14:23:05] - https://tcxx.info/feed
[2025-07-07 14:23:05] ✘ 有 2 条订阅头像无法访问, 已使用默认头像:
[2025-07-07 14:23:05] - https://www.loyhome.com/feed
[2025-07-07 14:23:05] - http://feeds.feedburner.com/ruanyifeng
[2025-07-07 15:23:54] 本次订阅抓取结果统计:
[2025-07-07 15:23:54] 共 28 条RSS, 成功抓取 26 条.
[2025-07-07 15:23:54] ✘ 有 2 条订阅解析失败:
[2025-07-07 15:23:54] - https://blog.zhheo.com/rss.xml
[2025-07-07 15:23:54] - https://tcxx.info/feed
[2025-07-07 15:23:54] ✘ 有 2 条订阅头像无法访问, 已使用默认头像:
[2025-07-07 15:23:54] - http://feeds.feedburner.com/ruanyifeng
[2025-07-07 15:23:54] - https://www.loyhome.com/feed
[2025-07-07 16:29:57] 本次订阅抓取结果统计:
[2025-07-07 16:29:57] 共 28 条RSS, 成功抓取 27 条.
[2025-07-07 16:29:57] ✘ 有 1 条订阅解析失败:
[2025-07-07 16:29:57] - https://tcxx.info/feed
[2025-07-07 16:29:57] ✘ 有 3 条订阅头像无法访问, 已使用默认头像:
[2025-07-07 16:29:57] - http://feeds.feedburner.com/ruanyifeng
[2025-07-07 16:29:57] - https://www.loyhome.com/feed
[2025-07-07 16:29:57] - https://xyzbz.cn/feed
[2025-07-07 17:20:31] 本次订阅抓取结果统计:
[2025-07-07 17:20:31] 共 28 条RSS, 成功抓取 27 条.
[2025-07-07 17:20:31] ✘ 有 1 条订阅解析失败:
[2025-07-07 17:20:31] - https://tcxx.info/feed
[2025-07-07 17:20:31] ✘ 有 2 条订阅头像无法访问, 已使用默认头像:
[2025-07-07 17:20:31] - http://feeds.feedburner.com/ruanyifeng
[2025-07-07 17:20:31] - https://www.loyhome.com/feed
[2025-07-07 18:32:17] 本次订阅抓取结果统计:
[2025-07-07 18:32:17] 共 28 条RSS, 成功抓取 27 条.
[2025-07-07 18:32:17] ✘ 有 1 条订阅解析失败:
[2025-07-07 18:32:17] - https://tcxx.info/feed
[2025-07-07 18:32:17] ✘ 有 2 条订阅头像无法访问, 已使用默认头像:
[2025-07-07 18:32:17] - http://feeds.feedburner.com/ruanyifeng
[2025-07-07 18:32:17] - https://www.loyhome.com/feed
[2025-07-07 19:19:06] 本次订阅抓取结果统计:
[2025-07-07 19:19:06] 共 28 条RSS, 成功抓取 27 条.
[2025-07-07 19:19:06] ✘ 有 1 条订阅解析失败:
[2025-07-07 19:19:06] - https://tcxx.info/feed
[2025-07-07 19:19:06] ✘ 有 2 条订阅头像无法访问, 已使用默认头像:
[2025-07-07 19:19:06] - http://feeds.feedburner.com/ruanyifeng
[2025-07-07 19:19:06] - https://www.loyhome.com/feed
[2025-07-07 20:26:37] 本次订阅抓取结果统计:
[2025-07-07 20:26:37] 共 28 条RSS, 成功抓取 27 条.
[2025-07-07 20:26:37] ✘ 有 1 条订阅解析失败:
[2025-07-07 20:26:37] - https://tcxx.info/feed
[2025-07-07 20:26:37] ✘ 有 2 条订阅头像无法访问, 已使用默认头像:
[2025-07-07 20:26:37] - http://feeds.feedburner.com/ruanyifeng
[2025-07-07 20:26:37] - https://www.loyhome.com/feed
