[2025-07-11 01:57:29] 本次订阅抓取结果统计:
[2025-07-11 01:57:29] 共 28 条RSS, 成功抓取 27 条.
[2025-07-11 01:57:29] ✘ 有 1 条订阅解析失败:
[2025-07-11 01:57:29] - https://tcxx.info/feed
[2025-07-11 01:57:29] ✘ 有 2 条订阅头像无法访问, 已使用默认头像:
[2025-07-11 01:57:29] - http://feeds.feedburner.com/ruanyifeng
[2025-07-11 01:57:29] - https://www.loyhome.com/feed
[2025-07-11 03:40:30] 本次订阅抓取结果统计:
[2025-07-11 03:40:30] 共 28 条RSS, 成功抓取 27 条.
[2025-07-11 03:40:30] ✘ 有 1 条订阅解析失败:
[2025-07-11 03:40:30] - https://tcxx.info/feed
[2025-07-11 03:40:30] ✘ 有 2 条订阅头像无法访问, 已使用默认头像:
[2025-07-11 03:40:30] - http://feeds.feedburner.com/ruanyifeng
[2025-07-11 03:40:30] - https://www.loyhome.com/feed
[2025-07-11 04:39:18] 本次订阅抓取结果统计:
[2025-07-11 04:39:18] 共 28 条RSS, 成功抓取 27 条.
[2025-07-11 04:39:18] ✘ 有 1 条订阅解析失败:
[2025-07-11 04:39:18] - https://tcxx.info/feed
[2025-07-11 04:39:18] ✘ 有 2 条订阅头像无法访问, 已使用默认头像:
[2025-07-11 04:39:18] - http://feeds.feedburner.com/ruanyifeng
[2025-07-11 04:39:18] - https://www.loyhome.com/feed
