[2025-07-10 01:55:21] 本次订阅抓取结果统计:
[2025-07-10 01:55:21] 共 28 条RSS, 成功抓取 26 条.
[2025-07-10 01:55:21] ✘ 有 2 条订阅解析失败:
[2025-07-10 01:55:21] - https://blog.fooleap.org/atom.xml
[2025-07-10 01:55:21] - https://tcxx.info/feed
[2025-07-10 01:55:21] ✘ 有 3 条订阅头像无法访问, 已使用默认头像:
[2025-07-10 01:55:21] - https://www.shephe.com/feed
[2025-07-10 01:55:21] - http://feeds.feedburner.com/ruanyifeng
[2025-07-10 01:55:21] - https://www.loyhome.com/feed
[2025-07-10 03:23:56] 本次订阅抓取结果统计:
[2025-07-10 03:23:56] 共 28 条RSS, 成功抓取 26 条.
[2025-07-10 03:23:56] ✘ 有 2 条订阅解析失败:
[2025-07-10 03:23:56] - https://blog.fooleap.org/atom.xml
[2025-07-10 03:23:56] - https://tcxx.info/feed
[2025-07-10 03:23:56] ✘ 有 3 条订阅头像无法访问, 已使用默认头像:
[2025-07-10 03:23:56] - https://www.shephe.com/feed
[2025-07-10 03:23:56] - http://feeds.feedburner.com/ruanyifeng
[2025-07-10 03:23:56] - https://www.loyhome.com/feed
[2025-07-10 04:35:26] 本次订阅抓取结果统计:
[2025-07-10 04:35:26] 共 28 条RSS, 成功抓取 25 条.
[2025-07-10 04:35:26] ✘ 有 3 条订阅解析失败:
[2025-07-10 04:35:26] - https://blog.fooleap.org/atom.xml
[2025-07-10 04:35:26] - https://tcxx.info/feed
[2025-07-10 04:35:26] - https://www.loyhome.com/feed
[2025-07-10 04:35:26] ✘ 有 2 条订阅头像无法访问, 已使用默认头像:
[2025-07-10 04:35:26] - https://www.shephe.com/feed
[2025-07-10 04:35:26] - http://feeds.feedburner.com/ruanyifeng
