[2025-06-01 02:07:14] 本次订阅抓取结果统计:
[2025-06-01 02:07:14] 共 28 条RSS, 成功抓取 27 条.
[2025-06-01 02:07:14] ✘ 有 1 条订阅解析失败:
[2025-06-01 02:07:14] - https://tcxx.info/feed
[2025-06-01 02:07:14] ✘ 有 3 条订阅头像无法访问, 已使用默认头像:
[2025-06-01 02:07:14] - http://feeds.feedburner.com/ruanyifeng
[2025-06-01 02:07:14] - https://www.loyhome.com/feed
[2025-06-01 02:07:14] - https://geekinney.com/index.xml
[2025-06-01 03:59:47] 本次订阅抓取结果统计:
[2025-06-01 03:59:47] 共 28 条RSS, 成功抓取 27 条.
[2025-06-01 03:59:47] ✘ 有 1 条订阅解析失败:
[2025-06-01 03:59:47] - https://tcxx.info/feed
[2025-06-01 03:59:47] ✘ 有 2 条订阅头像无法访问, 已使用默认头像:
[2025-06-01 03:59:47] - http://feeds.feedburner.com/ruanyifeng
[2025-06-01 03:59:47] - https://www.loyhome.com/feed
[2025-06-01 04:41:33] 本次订阅抓取结果统计:
[2025-06-01 04:41:33] 共 28 条RSS, 成功抓取 27 条.
[2025-06-01 04:41:33] ✘ 有 1 条订阅解析失败:
[2025-06-01 04:41:33] - https://tcxx.info/feed
[2025-06-01 04:41:33] ✘ 有 2 条订阅头像无法访问, 已使用默认头像:
[2025-06-01 04:41:33] - http://feeds.feedburner.com/ruanyifeng
[2025-06-01 04:41:33] - https://www.loyhome.com/feed
