[2025-08-19 01:48:15] 本次订阅抓取结果统计:
[2025-08-19 01:48:15] 共 28 条RSS, 成功抓取 26 条.
[2025-08-19 01:48:15] ✘ 有 2 条订阅解析失败:
[2025-08-19 01:48:15] - https://tumutanzi.com/feed
[2025-08-19 01:48:15] - https://tcxx.info/feed
[2025-08-19 01:48:15] ✘ 有 2 条订阅头像无法访问, 已使用默认头像:
[2025-08-19 01:48:15] - http://feeds.feedburner.com/ruanyifeng
[2025-08-19 01:48:15] - https://www.loyhome.com/feed
[2025-08-19 03:12:18] 本次订阅抓取结果统计:
[2025-08-19 03:12:18] 共 28 条RSS, 成功抓取 26 条.
[2025-08-19 03:12:18] ✘ 有 2 条订阅解析失败:
[2025-08-19 03:12:18] - https://tumutanzi.com/feed
[2025-08-19 03:12:18] - https://tcxx.info/feed
[2025-08-19 03:12:18] ✘ 有 2 条订阅头像无法访问, 已使用默认头像:
[2025-08-19 03:12:18] - http://feeds.feedburner.com/ruanyifeng
[2025-08-19 03:12:18] - https://www.loyhome.com/feed
[2025-08-19 04:26:41] 本次订阅抓取结果统计:
[2025-08-19 04:26:41] 共 28 条RSS, 成功抓取 26 条.
[2025-08-19 04:26:41] ✘ 有 2 条订阅解析失败:
[2025-08-19 04:26:41] - https://tcxx.info/feed
[2025-08-19 04:26:41] - https://tumutanzi.com/feed
[2025-08-19 04:26:41] ✘ 有 2 条订阅头像无法访问, 已使用默认头像:
[2025-08-19 04:26:41] - http://feeds.feedburner.com/ruanyifeng
[2025-08-19 04:26:41] - https://www.loyhome.com/feed
[2025-08-19 05:22:06] 本次订阅抓取结果统计:
[2025-08-19 05:22:06] 共 28 条RSS, 成功抓取 26 条.
[2025-08-19 05:22:06] ✘ 有 2 条订阅解析失败:
[2025-08-19 05:22:06] - https://tcxx.info/feed
[2025-08-19 05:22:06] - https://tumutanzi.com/feed
[2025-08-19 05:22:06] ✘ 有 2 条订阅头像无法访问, 已使用默认头像:
[2025-08-19 05:22:06] - http://feeds.feedburner.com/ruanyifeng
[2025-08-19 05:22:06] - https://www.loyhome.com/feed
[2025-08-19 06:34:12] 本次订阅抓取结果统计:
[2025-08-19 06:34:12] 共 28 条RSS, 成功抓取 26 条.
[2025-08-19 06:34:12] ✘ 有 2 条订阅解析失败:
[2025-08-19 06:34:12] - https://tcxx.info/feed
[2025-08-19 06:34:12] - https://tumutanzi.com/feed
[2025-08-19 06:34:12] ✘ 有 2 条订阅头像无法访问, 已使用默认头像:
[2025-08-19 06:34:12] - https://www.loyhome.com/feed
[2025-08-19 06:34:12] - http://feeds.feedburner.com/ruanyifeng
[2025-08-19 07:21:21] 本次订阅抓取结果统计:
[2025-08-19 07:21:21] 共 28 条RSS, 成功抓取 26 条.
[2025-08-19 07:21:21] ✘ 有 2 条订阅解析失败:
[2025-08-19 07:21:21] - https://tcxx.info/feed
[2025-08-19 07:21:21] - https://tumutanzi.com/feed
[2025-08-19 07:21:21] ✘ 有 2 条订阅头像无法访问, 已使用默认头像:
[2025-08-19 07:21:21] - http://feeds.feedburner.com/ruanyifeng
[2025-08-19 07:21:21] - https://www.loyhome.com/feed
