[2025-10-15 01:44:22] 本次订阅抓取结果统计:
[2025-10-15 01:44:22] 共 28 条RSS, 成功抓取 25 条.
[2025-10-15 01:44:22] ✘ 有 3 条订阅解析失败:
[2025-10-15 01:44:22] - https://tumutanzi.com/feed
[2025-10-15 01:44:22] - https://tcxx.info/feed
[2025-10-15 01:44:22] - https://geekinney.com/index.xml
[2025-10-15 01:44:22] ✘ 有 2 条订阅头像无法访问, 已使用默认头像:
[2025-10-15 01:44:22] - http://feeds.feedburner.com/ruanyifeng
[2025-10-15 01:44:22] - https://www.loyhome.com/feed
[2025-10-15 03:06:18] 本次订阅抓取结果统计:
[2025-10-15 03:06:18] 共 28 条RSS, 成功抓取 25 条.
[2025-10-15 03:06:18] ✘ 有 3 条订阅解析失败:
[2025-10-15 03:06:18] - https://tcxx.info/feed
[2025-10-15 03:06:18] - https://tumutanzi.com/feed
[2025-10-15 03:06:18] - https://geekinney.com/index.xml
[2025-10-15 03:06:18] ✘ 有 2 条订阅头像无法访问, 已使用默认头像:
[2025-10-15 03:06:18] - https://www.loyhome.com/feed
[2025-10-15 03:06:18] - http://feeds.feedburner.com/ruanyifeng
[2025-10-15 04:25:59] 本次订阅抓取结果统计:
[2025-10-15 04:25:59] 共 28 条RSS, 成功抓取 25 条.
[2025-10-15 04:25:59] ✘ 有 3 条订阅解析失败:
[2025-10-15 04:25:59] - https://tcxx.info/feed
[2025-10-15 04:25:59] - https://tumutanzi.com/feed
[2025-10-15 04:25:59] - https://geekinney.com/index.xml
[2025-10-15 04:25:59] ✘ 有 2 条订阅头像无法访问, 已使用默认头像:
[2025-10-15 04:25:59] - http://feeds.feedburner.com/ruanyifeng
[2025-10-15 04:25:59] - https://www.loyhome.com/feed
[2025-10-15 05:21:01] 本次订阅抓取结果统计:
[2025-10-15 05:21:01] 共 28 条RSS, 成功抓取 25 条.
[2025-10-15 05:21:01] ✘ 有 3 条订阅解析失败:
[2025-10-15 05:21:01] - https://tumutanzi.com/feed
[2025-10-15 05:21:01] - https://tcxx.info/feed
[2025-10-15 05:21:01] - https://geekinney.com/index.xml
[2025-10-15 05:21:01] ✘ 有 2 条订阅头像无法访问, 已使用默认头像:
[2025-10-15 05:21:01] - https://www.loyhome.com/feed
[2025-10-15 05:21:01] - http://feeds.feedburner.com/ruanyifeng
[2025-10-15 06:32:47] 本次订阅抓取结果统计:
[2025-10-15 06:32:47] 共 28 条RSS, 成功抓取 25 条.
[2025-10-15 06:32:47] ✘ 有 3 条订阅解析失败:
[2025-10-15 06:32:47] - https://tumutanzi.com/feed
[2025-10-15 06:32:47] - https://tcxx.info/feed
[2025-10-15 06:32:47] - https://geekinney.com/index.xml
[2025-10-15 06:32:47] ✘ 有 2 条订阅头像无法访问, 已使用默认头像:
[2025-10-15 06:32:47] - http://feeds.feedburner.com/ruanyifeng
[2025-10-15 06:32:47] - https://www.loyhome.com/feed
[2025-10-15 07:22:29] 本次订阅抓取结果统计:
[2025-10-15 07:22:29] 共 28 条RSS, 成功抓取 25 条.
[2025-10-15 07:22:29] ✘ 有 3 条订阅解析失败:
[2025-10-15 07:22:29] - https://tumutanzi.com/feed
[2025-10-15 07:22:29] - https://tcxx.info/feed
[2025-10-15 07:22:29] - https://geekinney.com/index.xml
[2025-10-15 07:22:29] ✘ 有 2 条订阅头像无法访问, 已使用默认头像:
[2025-10-15 07:22:29] - http://feeds.feedburner.com/ruanyifeng
[2025-10-15 07:22:29] - https://www.loyhome.com/feed
