[2025-08-28 01:43:04] 本次订阅抓取结果统计:
[2025-08-28 01:43:04] 共 28 条RSS, 成功抓取 25 条.
[2025-08-28 01:43:04] ✘ 有 3 条订阅解析失败:
[2025-08-28 01:43:04] - https://tumutanzi.com/feed
[2025-08-28 01:43:04] - https://tcxx.info/feed
[2025-08-28 01:43:04] - https://geekinney.com/index.xml
[2025-08-28 01:43:04] ✘ 有 2 条订阅头像无法访问, 已使用默认头像:
[2025-08-28 01:43:04] - http://feeds.feedburner.com/ruanyifeng
[2025-08-28 01:43:04] - https://www.loyhome.com/feed
[2025-08-28 03:03:56] 本次订阅抓取结果统计:
[2025-08-28 03:03:56] 共 28 条RSS, 成功抓取 25 条.
[2025-08-28 03:03:56] ✘ 有 3 条订阅解析失败:
[2025-08-28 03:03:56] - https://tcxx.info/feed
[2025-08-28 03:03:56] - https://geekinney.com/index.xml
[2025-08-28 03:03:56] - https://tumutanzi.com/feed
[2025-08-28 03:03:56] ✘ 有 3 条订阅头像无法访问, 已使用默认头像:
[2025-08-28 03:03:56] - https://hwv430.blogspot.com/feeds/posts/default
[2025-08-28 03:03:56] - http://feeds.feedburner.com/ruanyifeng
[2025-08-28 03:03:56] - https://www.loyhome.com/feed
[2025-08-28 04:26:26] 本次订阅抓取结果统计:
[2025-08-28 04:26:26] 共 28 条RSS, 成功抓取 24 条.
[2025-08-28 04:26:26] ✘ 有 4 条订阅解析失败:
[2025-08-28 04:26:26] - https://tcxx.info/feed
[2025-08-28 04:26:26] - https://tumutanzi.com/feed
[2025-08-28 04:26:26] - https://geekinney.com/index.xml
[2025-08-28 04:26:26] - https://blog.codingnow.com/atom.xml
[2025-08-28 04:26:26] ✘ 有 3 条订阅头像无法访问, 已使用默认头像:
[2025-08-28 04:26:26] - https://hwv430.blogspot.com/feeds/posts/default
[2025-08-28 04:26:26] - http://feeds.feedburner.com/ruanyifeng
[2025-08-28 04:26:26] - https://www.loyhome.com/feed
[2025-08-28 05:21:08] 本次订阅抓取结果统计:
[2025-08-28 05:21:08] 共 28 条RSS, 成功抓取 25 条.
[2025-08-28 05:21:08] ✘ 有 3 条订阅解析失败:
[2025-08-28 05:21:08] - https://tcxx.info/feed
[2025-08-28 05:21:08] - https://tumutanzi.com/feed
[2025-08-28 05:21:08] - https://geekinney.com/index.xml
[2025-08-28 05:21:08] ✘ 有 3 条订阅头像无法访问, 已使用默认头像:
[2025-08-28 05:21:08] - https://hwv430.blogspot.com/feeds/posts/default
[2025-08-28 05:21:08] - https://www.loyhome.com/feed
[2025-08-28 05:21:08] - http://feeds.feedburner.com/ruanyifeng
[2025-08-28 06:32:51] 本次订阅抓取结果统计:
[2025-08-28 06:32:51] 共 28 条RSS, 成功抓取 25 条.
[2025-08-28 06:32:51] ✘ 有 3 条订阅解析失败:
[2025-08-28 06:32:51] - https://tcxx.info/feed
[2025-08-28 06:32:51] - https://tumutanzi.com/feed
[2025-08-28 06:32:51] - https://geekinney.com/index.xml
[2025-08-28 06:32:51] ✘ 有 3 条订阅头像无法访问, 已使用默认头像:
[2025-08-28 06:32:51] - https://hwv430.blogspot.com/feeds/posts/default
[2025-08-28 06:32:51] - http://feeds.feedburner.com/ruanyifeng
[2025-08-28 06:32:51] - https://www.loyhome.com/feed
[2025-08-28 07:21:30] 本次订阅抓取结果统计:
[2025-08-28 07:21:30] 共 28 条RSS, 成功抓取 25 条.
[2025-08-28 07:21:30] ✘ 有 3 条订阅解析失败:
[2025-08-28 07:21:30] - https://tcxx.info/feed
[2025-08-28 07:21:30] - https://tumutanzi.com/feed
[2025-08-28 07:21:30] - https://geekinney.com/index.xml
[2025-08-28 07:21:30] ✘ 有 3 条订阅头像无法访问, 已使用默认头像:
[2025-08-28 07:21:30] - https://hwv430.blogspot.com/feeds/posts/default
[2025-08-28 07:21:30] - http://feeds.feedburner.com/ruanyifeng
[2025-08-28 07:21:30] - https://www.loyhome.com/feed
