[2025-08-15 01:54:55] 本次订阅抓取结果统计:
[2025-08-15 01:54:55] 共 28 条RSS, 成功抓取 26 条.
[2025-08-15 01:54:55] ✘ 有 2 条订阅解析失败:
[2025-08-15 01:54:55] - https://tcxx.info/feed
[2025-08-15 01:54:55] - https://tumutanzi.com/feed
[2025-08-15 01:54:55] ✘ 有 2 条订阅头像无法访问, 已使用默认头像:
[2025-08-15 01:54:55] - http://feeds.feedburner.com/ruanyifeng
[2025-08-15 01:54:55] - https://www.loyhome.com/feed
[2025-08-15 03:23:34] 本次订阅抓取结果统计:
[2025-08-15 03:23:34] 共 28 条RSS, 成功抓取 26 条.
[2025-08-15 03:23:34] ✘ 有 2 条订阅解析失败:
[2025-08-15 03:23:34] - https://tumutanzi.com/feed
[2025-08-15 03:23:34] - https://tcxx.info/feed
[2025-08-15 03:23:34] ✘ 有 2 条订阅头像无法访问, 已使用默认头像:
[2025-08-15 03:23:34] - http://feeds.feedburner.com/ruanyifeng
[2025-08-15 03:23:34] - https://www.loyhome.com/feed
[2025-08-15 04:33:13] 本次订阅抓取结果统计:
[2025-08-15 04:33:13] 共 28 条RSS, 成功抓取 26 条.
[2025-08-15 04:33:13] ✘ 有 2 条订阅解析失败:
[2025-08-15 04:33:13] - https://tumutanzi.com/feed
[2025-08-15 04:33:13] - https://tcxx.info/feed
[2025-08-15 04:33:13] ✘ 有 2 条订阅头像无法访问, 已使用默认头像:
[2025-08-15 04:33:13] - http://feeds.feedburner.com/ruanyifeng
[2025-08-15 04:33:13] - https://www.loyhome.com/feed
[2025-08-15 05:24:02] 本次订阅抓取结果统计:
[2025-08-15 05:24:02] 共 28 条RSS, 成功抓取 26 条.
[2025-08-15 05:24:02] ✘ 有 2 条订阅解析失败:
[2025-08-15 05:24:02] - https://tumutanzi.com/feed
[2025-08-15 05:24:02] - https://tcxx.info/feed
[2025-08-15 05:24:02] ✘ 有 2 条订阅头像无法访问, 已使用默认头像:
[2025-08-15 05:24:02] - http://feeds.feedburner.com/ruanyifeng
[2025-08-15 05:24:02] - https://www.loyhome.com/feed
[2025-08-15 06:34:49] 本次订阅抓取结果统计:
[2025-08-15 06:34:49] 共 28 条RSS, 成功抓取 26 条.
[2025-08-15 06:34:49] ✘ 有 2 条订阅解析失败:
[2025-08-15 06:34:49] - https://tcxx.info/feed
[2025-08-15 06:34:49] - https://tumutanzi.com/feed
[2025-08-15 06:34:49] ✘ 有 2 条订阅头像无法访问, 已使用默认头像:
[2025-08-15 06:34:49] - http://feeds.feedburner.com/ruanyifeng
[2025-08-15 06:34:49] - https://www.loyhome.com/feed
[2025-08-15 07:22:22] 本次订阅抓取结果统计:
[2025-08-15 07:22:22] 共 28 条RSS, 成功抓取 26 条.
[2025-08-15 07:22:22] ✘ 有 2 条订阅解析失败:
[2025-08-15 07:22:22] - https://tcxx.info/feed
[2025-08-15 07:22:22] - https://tumutanzi.com/feed
[2025-08-15 07:22:22] ✘ 有 2 条订阅头像无法访问, 已使用默认头像:
[2025-08-15 07:22:22] - http://feeds.feedburner.com/ruanyifeng
[2025-08-15 07:22:22] - https://www.loyhome.com/feed
[2025-08-15 08:30:50] 本次订阅抓取结果统计:
[2025-08-15 08:30:50] 共 28 条RSS, 成功抓取 26 条.
[2025-08-15 08:30:50] ✘ 有 2 条订阅解析失败:
[2025-08-15 08:30:50] - https://tcxx.info/feed
[2025-08-15 08:30:50] - https://tumutanzi.com/feed
[2025-08-15 08:30:50] ✘ 有 2 条订阅头像无法访问, 已使用默认头像:
[2025-08-15 08:30:50] - http://feeds.feedburner.com/ruanyifeng
[2025-08-15 08:30:50] - https://www.loyhome.com/feed
[2025-08-15 09:24:53] 本次订阅抓取结果统计:
[2025-08-15 09:24:53] 共 28 条RSS, 成功抓取 26 条.
[2025-08-15 09:24:53] ✘ 有 2 条订阅解析失败:
[2025-08-15 09:24:53] - https://tcxx.info/feed
[2025-08-15 09:24:53] - https://tumutanzi.com/feed
[2025-08-15 09:24:53] ✘ 有 2 条订阅头像无法访问, 已使用默认头像:
[2025-08-15 09:24:53] - http://feeds.feedburner.com/ruanyifeng
[2025-08-15 09:24:53] - https://www.loyhome.com/feed
[2025-08-15 10:24:26] 本次订阅抓取结果统计:
[2025-08-15 10:24:26] 共 28 条RSS, 成功抓取 26 条.
[2025-08-15 10:24:26] ✘ 有 2 条订阅解析失败:
[2025-08-15 10:24:26] - https://tumutanzi.com/feed
[2025-08-15 10:24:26] - https://tcxx.info/feed
[2025-08-15 10:24:26] ✘ 有 2 条订阅头像无法访问, 已使用默认头像:
[2025-08-15 10:24:26] - http://feeds.feedburner.com/ruanyifeng
[2025-08-15 10:24:26] - https://www.loyhome.com/feed
[2025-08-15 11:19:15] 本次订阅抓取结果统计:
[2025-08-15 11:19:15] 共 28 条RSS, 成功抓取 26 条.
[2025-08-15 11:19:15] ✘ 有 2 条订阅解析失败:
[2025-08-15 11:19:15] - https://tcxx.info/feed
[2025-08-15 11:19:15] - https://tumutanzi.com/feed
[2025-08-15 11:19:15] ✘ 有 2 条订阅头像无法访问, 已使用默认头像:
[2025-08-15 11:19:15] - http://feeds.feedburner.com/ruanyifeng
[2025-08-15 11:19:15] - https://www.loyhome.com/feed
[2025-08-15 12:45:40] 本次订阅抓取结果统计:
[2025-08-15 12:45:40] 共 28 条RSS, 成功抓取 26 条.
[2025-08-15 12:45:40] ✘ 有 2 条订阅解析失败:
[2025-08-15 12:45:40] - https://tumutanzi.com/feed
[2025-08-15 12:45:40] - https://tcxx.info/feed
[2025-08-15 12:45:40] ✘ 有 2 条订阅头像无法访问, 已使用默认头像:
[2025-08-15 12:45:40] - http://feeds.feedburner.com/ruanyifeng
[2025-08-15 12:45:40] - https://www.loyhome.com/feed
[2025-08-15 13:32:55] 本次订阅抓取结果统计:
[2025-08-15 13:32:55] 共 28 条RSS, 成功抓取 26 条.
[2025-08-15 13:32:55] ✘ 有 2 条订阅解析失败:
[2025-08-15 13:32:55] - https://tcxx.info/feed
[2025-08-15 13:32:55] - https://tumutanzi.com/feed
[2025-08-15 13:32:55] ✘ 有 2 条订阅头像无法访问, 已使用默认头像:
[2025-08-15 13:32:55] - http://feeds.feedburner.com/ruanyifeng
[2025-08-15 13:32:55] - https://www.loyhome.com/feed
[2025-08-15 14:22:20] 本次订阅抓取结果统计:
[2025-08-15 14:22:20] 共 28 条RSS, 成功抓取 26 条.
[2025-08-15 14:22:20] ✘ 有 2 条订阅解析失败:
[2025-08-15 14:22:20] - https://tcxx.info/feed
[2025-08-15 14:22:20] - https://tumutanzi.com/feed
[2025-08-15 14:22:20] ✘ 有 2 条订阅头像无法访问, 已使用默认头像:
[2025-08-15 14:22:20] - http://feeds.feedburner.com/ruanyifeng
[2025-08-15 14:22:20] - https://www.loyhome.com/feed
[2025-08-15 15:23:51] 本次订阅抓取结果统计:
[2025-08-15 15:23:51] 共 28 条RSS, 成功抓取 26 条.
[2025-08-15 15:23:51] ✘ 有 2 条订阅解析失败:
[2025-08-15 15:23:51] - https://tumutanzi.com/feed
[2025-08-15 15:23:51] - https://tcxx.info/feed
[2025-08-15 15:23:51] ✘ 有 2 条订阅头像无法访问, 已使用默认头像:
[2025-08-15 15:23:51] - http://feeds.feedburner.com/ruanyifeng
[2025-08-15 15:23:51] - https://www.loyhome.com/feed
[2025-08-15 16:28:45] 本次订阅抓取结果统计:
[2025-08-15 16:28:45] 共 28 条RSS, 成功抓取 26 条.
[2025-08-15 16:28:45] ✘ 有 2 条订阅解析失败:
[2025-08-15 16:28:45] - https://tcxx.info/feed
[2025-08-15 16:28:45] - https://tumutanzi.com/feed
[2025-08-15 16:28:45] ✘ 有 2 条订阅头像无法访问, 已使用默认头像:
[2025-08-15 16:28:45] - http://feeds.feedburner.com/ruanyifeng
[2025-08-15 16:28:45] - https://www.loyhome.com/feed
[2025-08-15 17:20:17] 本次订阅抓取结果统计:
[2025-08-15 17:20:17] 共 28 条RSS, 成功抓取 26 条.
[2025-08-15 17:20:17] ✘ 有 2 条订阅解析失败:
[2025-08-15 17:20:17] - https://tcxx.info/feed
[2025-08-15 17:20:17] - https://tumutanzi.com/feed
[2025-08-15 17:20:17] ✘ 有 3 条订阅头像无法访问, 已使用默认头像:
[2025-08-15 17:20:17] - http://feeds.feedburner.com/ruanyifeng
[2025-08-15 17:20:17] - https://www.loyhome.com/feed
[2025-08-15 17:20:17] - https://xyzbz.cn/feed
[2025-08-15 18:33:22] 本次订阅抓取结果统计:
[2025-08-15 18:33:22] 共 28 条RSS, 成功抓取 26 条.
[2025-08-15 18:33:22] ✘ 有 2 条订阅解析失败:
[2025-08-15 18:33:22] - https://tcxx.info/feed
[2025-08-15 18:33:22] - https://tumutanzi.com/feed
[2025-08-15 18:33:22] ✘ 有 2 条订阅头像无法访问, 已使用默认头像:
[2025-08-15 18:33:22] - http://feeds.feedburner.com/ruanyifeng
[2025-08-15 18:33:22] - https://www.loyhome.com/feed
[2025-08-15 19:17:52] 本次订阅抓取结果统计:
[2025-08-15 19:17:52] 共 28 条RSS, 成功抓取 25 条.
[2025-08-15 19:17:52] ✘ 有 3 条订阅解析失败:
[2025-08-15 19:17:52] - https://tcxx.info/feed
[2025-08-15 19:17:52] - https://tumutanzi.com/feed
[2025-08-15 19:17:52] - https://www.shephe.com/feed
[2025-08-15 19:17:52] ✘ 有 2 条订阅头像无法访问, 已使用默认头像:
[2025-08-15 19:17:52] - http://feeds.feedburner.com/ruanyifeng
[2025-08-15 19:17:52] - https://www.loyhome.com/feed
[2025-08-15 20:25:06] 本次订阅抓取结果统计:
[2025-08-15 20:25:06] 共 28 条RSS, 成功抓取 25 条.
[2025-08-15 20:25:06] ✘ 有 3 条订阅解析失败:
[2025-08-15 20:25:06] - https://tcxx.info/feed
[2025-08-15 20:25:06] - https://tumutanzi.com/feed
[2025-08-15 20:25:06] - https://www.shephe.com/feed
[2025-08-15 20:25:06] ✘ 有 2 条订阅头像无法访问, 已使用默认头像:
[2025-08-15 20:25:06] - https://www.loyhome.com/feed
[2025-08-15 20:25:06] - http://feeds.feedburner.com/ruanyifeng
[2025-08-15 21:19:15] 本次订阅抓取结果统计:
[2025-08-15 21:19:15] 共 28 条RSS, 成功抓取 26 条.
[2025-08-15 21:19:15] ✘ 有 2 条订阅解析失败:
[2025-08-15 21:19:15] - https://tumutanzi.com/feed
[2025-08-15 21:19:15] - https://tcxx.info/feed
[2025-08-15 21:19:15] ✘ 有 2 条订阅头像无法访问, 已使用默认头像:
[2025-08-15 21:19:15] - http://feeds.feedburner.com/ruanyifeng
[2025-08-15 21:19:15] - https://www.loyhome.com/feed
[2025-08-15 22:21:55] 本次订阅抓取结果统计:
[2025-08-15 22:21:55] 共 28 条RSS, 成功抓取 26 条.
[2025-08-15 22:21:55] ✘ 有 2 条订阅解析失败:
[2025-08-15 22:21:55] - https://tcxx.info/feed
[2025-08-15 22:21:55] - https://tumutanzi.com/feed
[2025-08-15 22:21:55] ✘ 有 2 条订阅头像无法访问, 已使用默认头像:
[2025-08-15 22:21:55] - http://feeds.feedburner.com/ruanyifeng
[2025-08-15 22:21:55] - https://www.loyhome.com/feed
