[2025-12-25 01:57:17] 本次订阅抓取结果统计:
[2025-12-25 01:57:17] 共 28 条RSS, 成功抓取 24 条.
[2025-12-25 01:57:17] ✘ 有 4 条订阅解析失败:
[2025-12-25 01:57:17] - https://tcxx.info/feed
[2025-12-25 01:57:17] - https://tumutanzi.com/feed
[2025-12-25 01:57:17] - https://geekinney.com/index.xml
[2025-12-25 01:57:17] - https://1900.live/rss.xml
[2025-12-25 01:57:17] ✘ 有 3 条订阅头像无法访问, 已使用默认头像:
[2025-12-25 01:57:17] - https://oba.by/feed
[2025-12-25 01:57:17] - http://feeds.feedburner.com/ruanyifeng
[2025-12-25 01:57:17] - https://www.loyhome.com/feed
[2025-12-25 03:40:27] 本次订阅抓取结果统计:
[2025-12-25 03:40:27] 共 28 条RSS, 成功抓取 24 条.
[2025-12-25 03:40:27] ✘ 有 4 条订阅解析失败:
[2025-12-25 03:40:27] - https://tumutanzi.com/feed
[2025-12-25 03:40:27] - https://tcxx.info/feed
[2025-12-25 03:40:27] - https://geekinney.com/index.xml
[2025-12-25 03:40:27] - https://1900.live/rss.xml
[2025-12-25 03:40:27] ✘ 有 3 条订阅头像无法访问, 已使用默认头像:
[2025-12-25 03:40:27] - https://oba.by/feed
[2025-12-25 03:40:27] - http://feeds.feedburner.com/ruanyifeng
[2025-12-25 03:40:27] - https://xyzbz.cn/feed
