[2025-08-21 01:45:42] 本次订阅抓取结果统计:
[2025-08-21 01:45:42] 共 28 条RSS, 成功抓取 26 条.
[2025-08-21 01:45:42] ✘ 有 2 条订阅解析失败:
[2025-08-21 01:45:42] - https://tcxx.info/feed
[2025-08-21 01:45:42] - https://tumutanzi.com/feed
[2025-08-21 01:45:42] ✘ 有 2 条订阅头像无法访问, 已使用默认头像:
[2025-08-21 01:45:42] - http://feeds.feedburner.com/ruanyifeng
[2025-08-21 01:45:42] - https://www.loyhome.com/feed
[2025-08-21 03:09:10] 本次订阅抓取结果统计:
[2025-08-21 03:09:10] 共 28 条RSS, 成功抓取 26 条.
[2025-08-21 03:09:10] ✘ 有 2 条订阅解析失败:
[2025-08-21 03:09:10] - https://tcxx.info/feed
[2025-08-21 03:09:10] - https://tumutanzi.com/feed
[2025-08-21 03:09:10] ✘ 有 2 条订阅头像无法访问, 已使用默认头像:
[2025-08-21 03:09:10] - http://feeds.feedburner.com/ruanyifeng
[2025-08-21 03:09:10] - https://www.loyhome.com/feed
[2025-08-21 04:26:26] 本次订阅抓取结果统计:
[2025-08-21 04:26:26] 共 28 条RSS, 成功抓取 26 条.
[2025-08-21 04:26:26] ✘ 有 2 条订阅解析失败:
[2025-08-21 04:26:26] - https://tcxx.info/feed
[2025-08-21 04:26:26] - https://tumutanzi.com/feed
[2025-08-21 04:26:26] ✘ 有 2 条订阅头像无法访问, 已使用默认头像:
[2025-08-21 04:26:26] - http://feeds.feedburner.com/ruanyifeng
[2025-08-21 04:26:26] - https://www.loyhome.com/feed
[2025-08-21 05:22:07] 本次订阅抓取结果统计:
[2025-08-21 05:22:07] 共 28 条RSS, 成功抓取 26 条.
[2025-08-21 05:22:07] ✘ 有 2 条订阅解析失败:
[2025-08-21 05:22:07] - https://tcxx.info/feed
[2025-08-21 05:22:07] - https://tumutanzi.com/feed
[2025-08-21 05:22:07] ✘ 有 2 条订阅头像无法访问, 已使用默认头像:
[2025-08-21 05:22:07] - http://feeds.feedburner.com/ruanyifeng
[2025-08-21 05:22:07] - https://www.loyhome.com/feed
[2025-08-21 06:42:03] 本次订阅抓取结果统计:
[2025-08-21 06:42:03] 共 28 条RSS, 成功抓取 26 条.
[2025-08-21 06:42:03] ✘ 有 2 条订阅解析失败:
[2025-08-21 06:42:03] - https://tumutanzi.com/feed
[2025-08-21 06:42:03] - https://tcxx.info/feed
[2025-08-21 06:42:03] ✘ 有 2 条订阅头像无法访问, 已使用默认头像:
[2025-08-21 06:42:03] - http://feeds.feedburner.com/ruanyifeng
[2025-08-21 06:42:03] - https://www.loyhome.com/feed
[2025-08-21 07:23:33] 本次订阅抓取结果统计:
[2025-08-21 07:23:33] 共 28 条RSS, 成功抓取 26 条.
[2025-08-21 07:23:33] ✘ 有 2 条订阅解析失败:
[2025-08-21 07:23:33] - https://tcxx.info/feed
[2025-08-21 07:23:33] - https://tumutanzi.com/feed
[2025-08-21 07:23:33] ✘ 有 2 条订阅头像无法访问, 已使用默认头像:
[2025-08-21 07:23:33] - http://feeds.feedburner.com/ruanyifeng
[2025-08-21 07:23:33] - https://www.loyhome.com/feed
[2025-08-21 08:29:24] 本次订阅抓取结果统计:
[2025-08-21 08:29:24] 共 28 条RSS, 成功抓取 26 条.
[2025-08-21 08:29:24] ✘ 有 2 条订阅解析失败:
[2025-08-21 08:29:24] - https://tumutanzi.com/feed
[2025-08-21 08:29:24] - https://tcxx.info/feed
[2025-08-21 08:29:24] ✘ 有 2 条订阅头像无法访问, 已使用默认头像:
[2025-08-21 08:29:24] - http://feeds.feedburner.com/ruanyifeng
[2025-08-21 08:29:24] - https://www.loyhome.com/feed
[2025-08-21 09:24:12] 本次订阅抓取结果统计:
[2025-08-21 09:24:12] 共 28 条RSS, 成功抓取 26 条.
[2025-08-21 09:24:12] ✘ 有 2 条订阅解析失败:
[2025-08-21 09:24:12] - https://tcxx.info/feed
[2025-08-21 09:24:12] - https://tumutanzi.com/feed
[2025-08-21 09:24:12] ✘ 有 2 条订阅头像无法访问, 已使用默认头像:
[2025-08-21 09:24:12] - http://feeds.feedburner.com/ruanyifeng
[2025-08-21 09:24:12] - https://www.loyhome.com/feed
[2025-08-21 10:23:39] 本次订阅抓取结果统计:
[2025-08-21 10:23:39] 共 28 条RSS, 成功抓取 26 条.
[2025-08-21 10:23:39] ✘ 有 2 条订阅解析失败:
[2025-08-21 10:23:39] - https://tumutanzi.com/feed
[2025-08-21 10:23:39] - https://tcxx.info/feed
[2025-08-21 10:23:39] ✘ 有 2 条订阅头像无法访问, 已使用默认头像:
[2025-08-21 10:23:39] - http://feeds.feedburner.com/ruanyifeng
[2025-08-21 10:23:39] - https://www.loyhome.com/feed
[2025-08-21 11:18:57] 本次订阅抓取结果统计:
[2025-08-21 11:18:57] 共 28 条RSS, 成功抓取 26 条.
[2025-08-21 11:18:57] ✘ 有 2 条订阅解析失败:
[2025-08-21 11:18:57] - https://tcxx.info/feed
[2025-08-21 11:18:57] - https://tumutanzi.com/feed
[2025-08-21 11:18:57] ✘ 有 2 条订阅头像无法访问, 已使用默认头像:
[2025-08-21 11:18:57] - http://feeds.feedburner.com/ruanyifeng
[2025-08-21 11:18:57] - https://www.loyhome.com/feed
[2025-08-21 12:45:15] 本次订阅抓取结果统计:
[2025-08-21 12:45:15] 共 28 条RSS, 成功抓取 26 条.
[2025-08-21 12:45:15] ✘ 有 2 条订阅解析失败:
[2025-08-21 12:45:15] - https://tcxx.info/feed
[2025-08-21 12:45:15] - https://tumutanzi.com/feed
[2025-08-21 12:45:15] ✘ 有 2 条订阅头像无法访问, 已使用默认头像:
[2025-08-21 12:45:15] - http://feeds.feedburner.com/ruanyifeng
[2025-08-21 12:45:15] - https://www.loyhome.com/feed
