[2025-04-15 01:45:33] 本次订阅抓取结果统计:
[2025-04-15 01:45:33] 共 28 条RSS, 成功抓取 27 条.
[2025-04-15 01:45:33] ✘ 有 1 条订阅解析失败:
[2025-04-15 01:45:33] - https://tcxx.info/feed
[2025-04-15 01:45:33] ✘ 有 2 条订阅头像无法访问, 已使用默认头像:
[2025-04-15 01:45:33] - http://feeds.feedburner.com/ruanyifeng
[2025-04-15 01:45:33] - https://www.loyhome.com/feed
[2025-04-15 03:06:14] 本次订阅抓取结果统计:
[2025-04-15 03:06:14] 共 28 条RSS, 成功抓取 27 条.
[2025-04-15 03:06:14] ✘ 有 1 条订阅解析失败:
[2025-04-15 03:06:14] - https://tcxx.info/feed
[2025-04-15 03:06:14] ✘ 有 2 条订阅头像无法访问, 已使用默认头像:
[2025-04-15 03:06:14] - http://feeds.feedburner.com/ruanyifeng
[2025-04-15 03:06:14] - https://www.loyhome.com/feed
[2025-04-15 04:25:46] 本次订阅抓取结果统计:
[2025-04-15 04:25:46] 共 28 条RSS, 成功抓取 27 条.
[2025-04-15 04:25:46] ✘ 有 1 条订阅解析失败:
[2025-04-15 04:25:46] - https://tcxx.info/feed
[2025-04-15 04:25:46] ✘ 有 2 条订阅头像无法访问, 已使用默认头像:
[2025-04-15 04:25:46] - http://feeds.feedburner.com/ruanyifeng
[2025-04-15 04:25:46] - https://www.loyhome.com/feed
[2025-04-15 05:21:18] 本次订阅抓取结果统计:
[2025-04-15 05:21:18] 共 28 条RSS, 成功抓取 27 条.
[2025-04-15 05:21:18] ✘ 有 1 条订阅解析失败:
[2025-04-15 05:21:18] - https://tcxx.info/feed
[2025-04-15 05:21:18] ✘ 有 2 条订阅头像无法访问, 已使用默认头像:
[2025-04-15 05:21:18] - http://feeds.feedburner.com/ruanyifeng
[2025-04-15 05:21:18] - https://www.loyhome.com/feed
[2025-04-15 06:30:32] 本次订阅抓取结果统计:
[2025-04-15 06:30:32] 共 28 条RSS, 成功抓取 27 条.
[2025-04-15 06:30:32] ✘ 有 1 条订阅解析失败:
[2025-04-15 06:30:32] - https://tcxx.info/feed
[2025-04-15 06:30:32] ✘ 有 2 条订阅头像无法访问, 已使用默认头像:
[2025-04-15 06:30:32] - https://www.loyhome.com/feed
[2025-04-15 06:30:32] - http://feeds.feedburner.com/ruanyifeng
[2025-04-15 07:23:12] 本次订阅抓取结果统计:
[2025-04-15 07:23:12] 共 28 条RSS, 成功抓取 27 条.
[2025-04-15 07:23:12] ✘ 有 1 条订阅解析失败:
[2025-04-15 07:23:12] - https://tcxx.info/feed
[2025-04-15 07:23:12] ✘ 有 2 条订阅头像无法访问, 已使用默认头像:
[2025-04-15 07:23:12] - http://feeds.feedburner.com/ruanyifeng
[2025-04-15 07:23:12] - https://www.loyhome.com/feed
[2025-04-15 08:29:22] 本次订阅抓取结果统计:
[2025-04-15 08:29:22] 共 28 条RSS, 成功抓取 27 条.
[2025-04-15 08:29:22] ✘ 有 1 条订阅解析失败:
[2025-04-15 08:29:22] - https://tcxx.info/feed
[2025-04-15 08:29:22] ✘ 有 2 条订阅头像无法访问, 已使用默认头像:
[2025-04-15 08:29:22] - http://feeds.feedburner.com/ruanyifeng
[2025-04-15 08:29:22] - https://www.loyhome.com/feed
[2025-04-15 09:24:40] 本次订阅抓取结果统计:
[2025-04-15 09:24:40] 共 28 条RSS, 成功抓取 27 条.
[2025-04-15 09:24:40] ✘ 有 1 条订阅解析失败:
[2025-04-15 09:24:40] - https://tcxx.info/feed
[2025-04-15 09:24:40] ✘ 有 2 条订阅头像无法访问, 已使用默认头像:
[2025-04-15 09:24:40] - http://feeds.feedburner.com/ruanyifeng
[2025-04-15 09:24:40] - https://www.loyhome.com/feed
[2025-04-15 10:23:29] 本次订阅抓取结果统计:
[2025-04-15 10:23:29] 共 28 条RSS, 成功抓取 27 条.
[2025-04-15 10:23:29] ✘ 有 1 条订阅解析失败:
[2025-04-15 10:23:29] - https://tcxx.info/feed
[2025-04-15 10:23:29] ✘ 有 2 条订阅头像无法访问, 已使用默认头像:
[2025-04-15 10:23:29] - http://feeds.feedburner.com/ruanyifeng
[2025-04-15 10:23:29] - https://www.loyhome.com/feed
[2025-04-15 11:17:49] 本次订阅抓取结果统计:
[2025-04-15 11:17:49] 共 28 条RSS, 成功抓取 27 条.
[2025-04-15 11:17:49] ✘ 有 1 条订阅解析失败:
[2025-04-15 11:17:49] - https://tcxx.info/feed
[2025-04-15 11:17:49] ✘ 有 2 条订阅头像无法访问, 已使用默认头像:
[2025-04-15 11:17:49] - http://feeds.feedburner.com/ruanyifeng
[2025-04-15 11:17:49] - https://www.loyhome.com/feed
[2025-04-15 12:42:14] 本次订阅抓取结果统计:
[2025-04-15 12:42:14] 共 28 条RSS, 成功抓取 27 条.
[2025-04-15 12:42:14] ✘ 有 1 条订阅解析失败:
[2025-04-15 12:42:14] - https://tcxx.info/feed
[2025-04-15 12:42:14] ✘ 有 2 条订阅头像无法访问, 已使用默认头像:
[2025-04-15 12:42:14] - https://www.loyhome.com/feed
[2025-04-15 12:42:14] - http://feeds.feedburner.com/ruanyifeng
[2025-04-15 13:31:41] 本次订阅抓取结果统计:
[2025-04-15 13:31:41] 共 28 条RSS, 成功抓取 27 条.
[2025-04-15 13:31:41] ✘ 有 1 条订阅解析失败:
[2025-04-15 13:31:41] - https://tcxx.info/feed
[2025-04-15 13:31:41] ✘ 有 2 条订阅头像无法访问, 已使用默认头像:
[2025-04-15 13:31:41] - http://feeds.feedburner.com/ruanyifeng
[2025-04-15 13:31:41] - https://www.loyhome.com/feed
[2025-04-15 14:21:53] 本次订阅抓取结果统计:
[2025-04-15 14:21:53] 共 28 条RSS, 成功抓取 27 条.
[2025-04-15 14:21:53] ✘ 有 1 条订阅解析失败:
[2025-04-15 14:21:53] - https://tcxx.info/feed
[2025-04-15 14:21:53] ✘ 有 2 条订阅头像无法访问, 已使用默认头像:
[2025-04-15 14:21:53] - http://feeds.feedburner.com/ruanyifeng
[2025-04-15 14:21:53] - https://www.loyhome.com/feed
[2025-04-15 15:23:17] 本次订阅抓取结果统计:
[2025-04-15 15:23:17] 共 28 条RSS, 成功抓取 27 条.
[2025-04-15 15:23:17] ✘ 有 1 条订阅解析失败:
[2025-04-15 15:23:17] - https://tcxx.info/feed
[2025-04-15 15:23:17] ✘ 有 2 条订阅头像无法访问, 已使用默认头像:
[2025-04-15 15:23:17] - https://www.loyhome.com/feed
[2025-04-15 15:23:17] - http://feeds.feedburner.com/ruanyifeng
[2025-04-15 16:29:57] 本次订阅抓取结果统计:
[2025-04-15 16:29:57] 共 28 条RSS, 成功抓取 27 条.
[2025-04-15 16:29:57] ✘ 有 1 条订阅解析失败:
[2025-04-15 16:29:57] - https://tcxx.info/feed
[2025-04-15 16:29:57] ✘ 有 2 条订阅头像无法访问, 已使用默认头像:
[2025-04-15 16:29:57] - http://feeds.feedburner.com/ruanyifeng
[2025-04-15 16:29:57] - https://www.loyhome.com/feed
[2025-04-15 17:19:15] 本次订阅抓取结果统计:
[2025-04-15 17:19:15] 共 28 条RSS, 成功抓取 27 条.
[2025-04-15 17:19:15] ✘ 有 1 条订阅解析失败:
[2025-04-15 17:19:15] - https://tcxx.info/feed
[2025-04-15 17:19:15] ✘ 有 2 条订阅头像无法访问, 已使用默认头像:
[2025-04-15 17:19:15] - http://feeds.feedburner.com/ruanyifeng
[2025-04-15 17:19:15] - https://www.loyhome.com/feed
[2025-04-15 18:28:22] 本次订阅抓取结果统计:
[2025-04-15 18:28:22] 共 28 条RSS, 成功抓取 27 条.
[2025-04-15 18:28:22] ✘ 有 1 条订阅解析失败:
[2025-04-15 18:28:22] - https://tcxx.info/feed
[2025-04-15 18:28:22] ✘ 有 2 条订阅头像无法访问, 已使用默认头像:
[2025-04-15 18:28:22] - https://www.loyhome.com/feed
[2025-04-15 18:28:22] - http://feeds.feedburner.com/ruanyifeng
[2025-04-15 19:17:11] 本次订阅抓取结果统计:
[2025-04-15 19:17:11] 共 28 条RSS, 成功抓取 27 条.
[2025-04-15 19:17:11] ✘ 有 1 条订阅解析失败:
[2025-04-15 19:17:11] - https://tcxx.info/feed
[2025-04-15 19:17:11] ✘ 有 2 条订阅头像无法访问, 已使用默认头像:
[2025-04-15 19:17:11] - http://feeds.feedburner.com/ruanyifeng
[2025-04-15 19:17:11] - https://www.loyhome.com/feed
[2025-04-15 20:23:41] 本次订阅抓取结果统计:
[2025-04-15 20:23:41] 共 28 条RSS, 成功抓取 27 条.
[2025-04-15 20:23:41] ✘ 有 1 条订阅解析失败:
[2025-04-15 20:23:41] - https://tcxx.info/feed
[2025-04-15 20:23:41] ✘ 有 2 条订阅头像无法访问, 已使用默认头像:
[2025-04-15 20:23:41] - https://www.loyhome.com/feed
[2025-04-15 20:23:41] - http://feeds.feedburner.com/ruanyifeng
[2025-04-15 21:19:58] 本次订阅抓取结果统计:
[2025-04-15 21:19:58] 共 28 条RSS, 成功抓取 27 条.
[2025-04-15 21:19:58] ✘ 有 1 条订阅解析失败:
[2025-04-15 21:19:58] - https://tcxx.info/feed
[2025-04-15 21:19:58] ✘ 有 2 条订阅头像无法访问, 已使用默认头像:
[2025-04-15 21:19:58] - http://feeds.feedburner.com/ruanyifeng
[2025-04-15 21:19:58] - https://www.loyhome.com/feed
