[2025-11-04 01:47:25] 本次订阅抓取结果统计:
[2025-11-04 01:47:25] 共 28 条RSS, 成功抓取 25 条.
[2025-11-04 01:47:25] ✘ 有 3 条订阅解析失败:
[2025-11-04 01:47:25] - https://tumutanzi.com/feed
[2025-11-04 01:47:25] - https://tcxx.info/feed
[2025-11-04 01:47:25] - https://geekinney.com/index.xml
[2025-11-04 01:47:25] ✘ 有 2 条订阅头像无法访问, 已使用默认头像:
[2025-11-04 01:47:25] - http://feeds.feedburner.com/ruanyifeng
[2025-11-04 01:47:25] - https://www.loyhome.com/feed
[2025-11-04 03:12:31] 本次订阅抓取结果统计:
[2025-11-04 03:12:31] 共 28 条RSS, 成功抓取 25 条.
[2025-11-04 03:12:31] ✘ 有 3 条订阅解析失败:
[2025-11-04 03:12:31] - https://tcxx.info/feed
[2025-11-04 03:12:31] - https://tumutanzi.com/feed
[2025-11-04 03:12:31] - https://geekinney.com/index.xml
[2025-11-04 03:12:31] ✘ 有 2 条订阅头像无法访问, 已使用默认头像:
[2025-11-04 03:12:31] - http://feeds.feedburner.com/ruanyifeng
[2025-11-04 03:12:31] - https://www.loyhome.com/feed
[2025-11-04 04:26:25] 本次订阅抓取结果统计:
[2025-11-04 04:26:25] 共 28 条RSS, 成功抓取 25 条.
[2025-11-04 04:26:25] ✘ 有 3 条订阅解析失败:
[2025-11-04 04:26:25] - https://tcxx.info/feed
[2025-11-04 04:26:25] - https://tumutanzi.com/feed
[2025-11-04 04:26:25] - https://geekinney.com/index.xml
[2025-11-04 04:26:25] ✘ 有 2 条订阅头像无法访问, 已使用默认头像:
[2025-11-04 04:26:25] - http://feeds.feedburner.com/ruanyifeng
[2025-11-04 04:26:25] - https://www.loyhome.com/feed
