[2025-06-03 01:51:43] 本次订阅抓取结果统计:
[2025-06-03 01:51:43] 共 28 条RSS, 成功抓取 26 条.
[2025-06-03 01:51:43] ✘ 有 2 条订阅解析失败:
[2025-06-03 01:51:43] - https://www.shephe.com/feed
[2025-06-03 01:51:43] - https://tcxx.info/feed
[2025-06-03 01:51:43] ✘ 有 2 条订阅头像无法访问, 已使用默认头像:
[2025-06-03 01:51:43] - https://www.loyhome.com/feed
[2025-06-03 01:51:43] - http://feeds.feedburner.com/ruanyifeng
[2025-06-03 03:17:41] 本次订阅抓取结果统计:
[2025-06-03 03:17:41] 共 28 条RSS, 成功抓取 26 条.
[2025-06-03 03:17:41] ✘ 有 2 条订阅解析失败:
[2025-06-03 03:17:41] - https://www.shephe.com/feed
[2025-06-03 03:17:41] - https://tcxx.info/feed
[2025-06-03 03:17:41] ✘ 有 3 条订阅头像无法访问, 已使用默认头像:
[2025-06-03 03:17:41] - https://www.loyhome.com/feed
[2025-06-03 03:17:41] - http://feeds.feedburner.com/ruanyifeng
[2025-06-03 03:17:41] - https://oba.by/feed
[2025-06-03 04:30:02] 本次订阅抓取结果统计:
[2025-06-03 04:30:02] 共 28 条RSS, 成功抓取 26 条.
[2025-06-03 04:30:02] ✘ 有 2 条订阅解析失败:
[2025-06-03 04:30:02] - https://tcxx.info/feed
[2025-06-03 04:30:02] - https://www.shephe.com/feed
[2025-06-03 04:30:02] ✘ 有 3 条订阅头像无法访问, 已使用默认头像:
[2025-06-03 04:30:02] - http://feeds.feedburner.com/ruanyifeng
[2025-06-03 04:30:02] - https://www.loyhome.com/feed
[2025-06-03 04:30:02] - https://oba.by/feed
[2025-06-03 05:23:45] 本次订阅抓取结果统计:
[2025-06-03 05:23:45] 共 28 条RSS, 成功抓取 26 条.
[2025-06-03 05:23:45] ✘ 有 2 条订阅解析失败:
[2025-06-03 05:23:45] - https://tcxx.info/feed
[2025-06-03 05:23:45] - https://www.shephe.com/feed
[2025-06-03 05:23:45] ✘ 有 3 条订阅头像无法访问, 已使用默认头像:
[2025-06-03 05:23:45] - http://feeds.feedburner.com/ruanyifeng
[2025-06-03 05:23:45] - https://www.loyhome.com/feed
[2025-06-03 05:23:45] - https://oba.by/feed
[2025-06-03 06:35:03] 本次订阅抓取结果统计:
[2025-06-03 06:35:03] 共 28 条RSS, 成功抓取 26 条.
[2025-06-03 06:35:03] ✘ 有 2 条订阅解析失败:
[2025-06-03 06:35:03] - https://tcxx.info/feed
[2025-06-03 06:35:03] - https://www.shephe.com/feed
[2025-06-03 06:35:03] ✘ 有 3 条订阅头像无法访问, 已使用默认头像:
[2025-06-03 06:35:03] - http://feeds.feedburner.com/ruanyifeng
[2025-06-03 06:35:03] - https://www.loyhome.com/feed
[2025-06-03 06:35:03] - https://oba.by/feed
[2025-06-03 07:24:15] 本次订阅抓取结果统计:
[2025-06-03 07:24:15] 共 28 条RSS, 成功抓取 25 条.
[2025-06-03 07:24:15] ✘ 有 3 条订阅解析失败:
[2025-06-03 07:24:15] - https://tcxx.info/feed
[2025-06-03 07:24:15] - https://limboy.me/index.xml
[2025-06-03 07:24:15] - https://www.shephe.com/feed
[2025-06-03 07:24:15] ✘ 有 3 条订阅头像无法访问, 已使用默认头像:
[2025-06-03 07:24:15] - https://www.loyhome.com/feed
[2025-06-03 07:24:15] - http://feeds.feedburner.com/ruanyifeng
[2025-06-03 07:24:15] - https://oba.by/feed
[2025-06-03 08:32:48] 本次订阅抓取结果统计:
[2025-06-03 08:32:48] 共 28 条RSS, 成功抓取 26 条.
[2025-06-03 08:32:48] ✘ 有 2 条订阅解析失败:
[2025-06-03 08:32:48] - https://tcxx.info/feed
[2025-06-03 08:32:48] - https://www.shephe.com/feed
[2025-06-03 08:32:48] ✘ 有 3 条订阅头像无法访问, 已使用默认头像:
[2025-06-03 08:32:48] - http://feeds.feedburner.com/ruanyifeng
[2025-06-03 08:32:48] - https://www.loyhome.com/feed
[2025-06-03 08:32:48] - https://oba.by/feed
[2025-06-03 09:25:54] 本次订阅抓取结果统计:
[2025-06-03 09:25:54] 共 28 条RSS, 成功抓取 26 条.
[2025-06-03 09:25:54] ✘ 有 2 条订阅解析失败:
[2025-06-03 09:25:54] - https://tcxx.info/feed
[2025-06-03 09:25:54] - https://www.shephe.com/feed
[2025-06-03 09:25:54] ✘ 有 2 条订阅头像无法访问, 已使用默认头像:
[2025-06-03 09:25:54] - http://feeds.feedburner.com/ruanyifeng
[2025-06-03 09:25:54] - https://www.loyhome.com/feed
[2025-06-03 10:26:12] 本次订阅抓取结果统计:
[2025-06-03 10:26:12] 共 28 条RSS, 成功抓取 26 条.
[2025-06-03 10:26:12] ✘ 有 2 条订阅解析失败:
[2025-06-03 10:26:12] - https://tcxx.info/feed
[2025-06-03 10:26:12] - https://www.shephe.com/feed
[2025-06-03 10:26:12] ✘ 有 2 条订阅头像无法访问, 已使用默认头像:
[2025-06-03 10:26:12] - http://feeds.feedburner.com/ruanyifeng
[2025-06-03 10:26:12] - https://www.loyhome.com/feed
[2025-06-03 11:20:16] 本次订阅抓取结果统计:
[2025-06-03 11:20:16] 共 28 条RSS, 成功抓取 26 条.
[2025-06-03 11:20:16] ✘ 有 2 条订阅解析失败:
[2025-06-03 11:20:16] - https://tcxx.info/feed
[2025-06-03 11:20:16] - https://www.shephe.com/feed
[2025-06-03 11:20:16] ✘ 有 2 条订阅头像无法访问, 已使用默认头像:
[2025-06-03 11:20:16] - http://feeds.feedburner.com/ruanyifeng
[2025-06-03 11:20:16] - https://www.loyhome.com/feed
[2025-06-03 12:47:57] 本次订阅抓取结果统计:
[2025-06-03 12:47:57] 共 28 条RSS, 成功抓取 26 条.
[2025-06-03 12:47:57] ✘ 有 2 条订阅解析失败:
[2025-06-03 12:47:57] - https://tcxx.info/feed
[2025-06-03 12:47:57] - https://www.shephe.com/feed
[2025-06-03 12:47:57] ✘ 有 2 条订阅头像无法访问, 已使用默认头像:
[2025-06-03 12:47:57] - http://feeds.feedburner.com/ruanyifeng
[2025-06-03 12:47:57] - https://www.loyhome.com/feed
