[2025-04-29 01:46:31] 本次订阅抓取结果统计:
[2025-04-29 01:46:31] 共 28 条RSS, 成功抓取 27 条.
[2025-04-29 01:46:31] ✘ 有 1 条订阅解析失败:
[2025-04-29 01:46:31] - https://tcxx.info/feed
[2025-04-29 01:46:31] ✘ 有 2 条订阅头像无法访问, 已使用默认头像:
[2025-04-29 01:46:31] - http://feeds.feedburner.com/ruanyifeng
[2025-04-29 01:46:31] - https://www.loyhome.com/feed
[2025-04-29 03:07:33] 本次订阅抓取结果统计:
[2025-04-29 03:07:33] 共 28 条RSS, 成功抓取 27 条.
[2025-04-29 03:07:33] ✘ 有 1 条订阅解析失败:
[2025-04-29 03:07:33] - https://tcxx.info/feed
[2025-04-29 03:07:33] ✘ 有 2 条订阅头像无法访问, 已使用默认头像:
[2025-04-29 03:07:33] - http://feeds.feedburner.com/ruanyifeng
[2025-04-29 03:07:33] - https://www.loyhome.com/feed
[2025-04-29 04:25:12] 本次订阅抓取结果统计:
[2025-04-29 04:25:12] 共 28 条RSS, 成功抓取 27 条.
[2025-04-29 04:25:12] ✘ 有 1 条订阅解析失败:
[2025-04-29 04:25:12] - https://tcxx.info/feed
[2025-04-29 04:25:12] ✘ 有 2 条订阅头像无法访问, 已使用默认头像:
[2025-04-29 04:25:12] - http://feeds.feedburner.com/ruanyifeng
[2025-04-29 04:25:12] - https://www.loyhome.com/feed
[2025-04-29 05:21:24] 本次订阅抓取结果统计:
[2025-04-29 05:21:24] 共 28 条RSS, 成功抓取 27 条.
[2025-04-29 05:21:24] ✘ 有 1 条订阅解析失败:
[2025-04-29 05:21:24] - https://tcxx.info/feed
[2025-04-29 05:21:24] ✘ 有 2 条订阅头像无法访问, 已使用默认头像:
[2025-04-29 05:21:24] - http://feeds.feedburner.com/ruanyifeng
[2025-04-29 05:21:24] - https://www.loyhome.com/feed
