[2025-03-25 03:08:08] 本次订阅抓取结果统计:
[2025-03-25 03:08:08] 共 28 条RSS, 成功抓取 26 条.
[2025-03-25 03:08:08] ✘ 有 2 条订阅解析失败:
[2025-03-25 03:08:08] - https://geekinney.com/index.xml
[2025-03-25 03:08:08] - https://tcxx.info/feed
[2025-03-25 03:08:08] ✘ 有 2 条订阅头像无法访问, 已使用默认头像:
[2025-03-25 03:08:08] - http://feeds.feedburner.com/ruanyifeng
[2025-03-25 03:08:08] - https://www.loyhome.com/feed
[2025-03-25 04:43:09] 本次订阅抓取结果统计:
[2025-03-25 04:43:09] 共 28 条RSS, 成功抓取 26 条.
[2025-03-25 04:43:09] ✘ 有 2 条订阅解析失败:
[2025-03-25 04:43:09] - https://tcxx.info/feed
[2025-03-25 04:43:09] - https://geekinney.com/index.xml
[2025-03-25 04:43:09] ✘ 有 2 条订阅头像无法访问, 已使用默认头像:
[2025-03-25 04:43:09] - http://feeds.feedburner.com/ruanyifeng
[2025-03-25 04:43:09] - https://www.loyhome.com/feed
[2025-03-25 05:37:56] 本次订阅抓取结果统计:
[2025-03-25 05:37:56] 共 28 条RSS, 成功抓取 26 条.
[2025-03-25 05:37:56] ✘ 有 2 条订阅解析失败:
[2025-03-25 05:37:56] - https://tcxx.info/feed
[2025-03-25 05:37:56] - https://geekinney.com/index.xml
[2025-03-25 05:37:56] ✘ 有 2 条订阅头像无法访问, 已使用默认头像:
[2025-03-25 05:37:56] - http://feeds.feedburner.com/ruanyifeng
[2025-03-25 05:37:56] - https://www.loyhome.com/feed
[2025-03-25 06:48:45] 本次订阅抓取结果统计:
[2025-03-25 06:48:45] 共 28 条RSS, 成功抓取 26 条.
[2025-03-25 06:48:45] ✘ 有 2 条订阅解析失败:
[2025-03-25 06:48:45] - https://tcxx.info/feed
[2025-03-25 06:48:45] - https://geekinney.com/index.xml
[2025-03-25 06:48:45] ✘ 有 2 条订阅头像无法访问, 已使用默认头像:
[2025-03-25 06:48:45] - http://feeds.feedburner.com/ruanyifeng
[2025-03-25 06:48:45] - https://www.loyhome.com/feed
[2025-03-25 07:32:20] 本次订阅抓取结果统计:
[2025-03-25 07:32:20] 共 28 条RSS, 成功抓取 26 条.
[2025-03-25 07:32:20] ✘ 有 2 条订阅解析失败:
[2025-03-25 07:32:20] - https://tcxx.info/feed
[2025-03-25 07:32:20] - https://geekinney.com/index.xml
[2025-03-25 07:32:20] ✘ 有 2 条订阅头像无法访问, 已使用默认头像:
[2025-03-25 07:32:20] - http://feeds.feedburner.com/ruanyifeng
[2025-03-25 07:32:20] - https://www.loyhome.com/feed
[2025-03-25 08:44:18] 本次订阅抓取结果统计:
[2025-03-25 08:44:18] 共 28 条RSS, 成功抓取 26 条.
[2025-03-25 08:44:18] ✘ 有 2 条订阅解析失败:
[2025-03-25 08:44:18] - https://tcxx.info/feed
[2025-03-25 08:44:18] - https://geekinney.com/index.xml
[2025-03-25 08:44:18] ✘ 有 2 条订阅头像无法访问, 已使用默认头像:
[2025-03-25 08:44:18] - https://www.loyhome.com/feed
[2025-03-25 08:44:18] - http://feeds.feedburner.com/ruanyifeng
[2025-03-25 09:35:17] 本次订阅抓取结果统计:
[2025-03-25 09:35:17] 共 28 条RSS, 成功抓取 26 条.
[2025-03-25 09:35:17] ✘ 有 2 条订阅解析失败:
[2025-03-25 09:35:17] - https://tcxx.info/feed
[2025-03-25 09:35:17] - https://geekinney.com/index.xml
[2025-03-25 09:35:17] ✘ 有 2 条订阅头像无法访问, 已使用默认头像:
[2025-03-25 09:35:17] - http://feeds.feedburner.com/ruanyifeng
[2025-03-25 09:35:17] - https://www.loyhome.com/feed
[2025-03-25 10:43:10] 本次订阅抓取结果统计:
[2025-03-25 10:43:10] 共 28 条RSS, 成功抓取 26 条.
[2025-03-25 10:43:10] ✘ 有 2 条订阅解析失败:
[2025-03-25 10:43:10] - https://tcxx.info/feed
[2025-03-25 10:43:10] - https://geekinney.com/index.xml
[2025-03-25 10:43:10] ✘ 有 2 条订阅头像无法访问, 已使用默认头像:
[2025-03-25 10:43:10] - http://feeds.feedburner.com/ruanyifeng
[2025-03-25 10:43:10] - https://www.loyhome.com/feed
