[2025-10-18 01:37:28] 本次订阅抓取结果统计:
[2025-10-18 01:37:28] 共 28 条RSS, 成功抓取 25 条.
[2025-10-18 01:37:28] ✘ 有 3 条订阅解析失败:
[2025-10-18 01:37:28] - https://tumutanzi.com/feed
[2025-10-18 01:37:28] - https://tcxx.info/feed
[2025-10-18 01:37:28] - https://geekinney.com/index.xml
[2025-10-18 01:37:28] ✘ 有 2 条订阅头像无法访问, 已使用默认头像:
[2025-10-18 01:37:28] - http://feeds.feedburner.com/ruanyifeng
[2025-10-18 01:37:28] - https://www.loyhome.com/feed
[2025-10-18 02:56:36] 本次订阅抓取结果统计:
[2025-10-18 02:56:36] 共 28 条RSS, 成功抓取 25 条.
[2025-10-18 02:56:36] ✘ 有 3 条订阅解析失败:
[2025-10-18 02:56:36] - https://tcxx.info/feed
[2025-10-18 02:56:36] - https://tumutanzi.com/feed
[2025-10-18 02:56:36] - https://geekinney.com/index.xml
[2025-10-18 02:56:36] ✘ 有 2 条订阅头像无法访问, 已使用默认头像:
[2025-10-18 02:56:36] - https://www.loyhome.com/feed
[2025-10-18 02:56:36] - http://feeds.feedburner.com/ruanyifeng
[2025-10-18 03:32:39] 本次订阅抓取结果统计:
[2025-10-18 03:32:39] 共 28 条RSS, 成功抓取 25 条.
[2025-10-18 03:32:39] ✘ 有 3 条订阅解析失败:
[2025-10-18 03:32:39] - https://tcxx.info/feed
[2025-10-18 03:32:39] - https://tumutanzi.com/feed
[2025-10-18 03:32:39] - https://geekinney.com/index.xml
[2025-10-18 03:32:39] ✘ 有 3 条订阅头像无法访问, 已使用默认头像:
[2025-10-18 03:32:39] - http://feeds.feedburner.com/ruanyifeng
[2025-10-18 03:32:39] - https://www.loyhome.com/feed
[2025-10-18 03:32:39] - https://blog.pursuitus.com/feed
[2025-10-18 04:24:24] 本次订阅抓取结果统计:
[2025-10-18 04:24:24] 共 28 条RSS, 成功抓取 25 条.
[2025-10-18 04:24:24] ✘ 有 3 条订阅解析失败:
[2025-10-18 04:24:24] - https://tcxx.info/feed
[2025-10-18 04:24:24] - https://tumutanzi.com/feed
[2025-10-18 04:24:24] - https://geekinney.com/index.xml
[2025-10-18 04:24:24] ✘ 有 2 条订阅头像无法访问, 已使用默认头像:
[2025-10-18 04:24:24] - http://feeds.feedburner.com/ruanyifeng
[2025-10-18 04:24:24] - https://www.loyhome.com/feed
[2025-10-18 05:19:36] 本次订阅抓取结果统计:
[2025-10-18 05:19:36] 共 28 条RSS, 成功抓取 24 条.
[2025-10-18 05:19:36] ✘ 有 4 条订阅解析失败:
[2025-10-18 05:19:36] - https://tumutanzi.com/feed
[2025-10-18 05:19:36] - https://www.loyhome.com/feed
[2025-10-18 05:19:36] - https://tcxx.info/feed
[2025-10-18 05:19:36] - https://geekinney.com/index.xml
[2025-10-18 05:19:36] ✘ 有 2 条订阅头像无法访问, 已使用默认头像:
[2025-10-18 05:19:36] - http://feeds.feedburner.com/ruanyifeng
[2025-10-18 05:19:36] - https://xyzbz.cn/feed
[2025-10-18 06:29:34] 本次订阅抓取结果统计:
[2025-10-18 06:29:34] 共 28 条RSS, 成功抓取 25 条.
[2025-10-18 06:29:34] ✘ 有 3 条订阅解析失败:
[2025-10-18 06:29:34] - https://tcxx.info/feed
[2025-10-18 06:29:34] - https://tumutanzi.com/feed
[2025-10-18 06:29:34] - https://geekinney.com/index.xml
[2025-10-18 06:29:34] ✘ 有 2 条订阅头像无法访问, 已使用默认头像:
[2025-10-18 06:29:34] - http://feeds.feedburner.com/ruanyifeng
[2025-10-18 06:29:34] - https://www.loyhome.com/feed
[2025-10-18 07:18:20] 本次订阅抓取结果统计:
[2025-10-18 07:18:20] 共 28 条RSS, 成功抓取 25 条.
[2025-10-18 07:18:20] ✘ 有 3 条订阅解析失败:
[2025-10-18 07:18:20] - https://tcxx.info/feed
[2025-10-18 07:18:20] - https://tumutanzi.com/feed
[2025-10-18 07:18:20] - https://geekinney.com/index.xml
[2025-10-18 07:18:20] ✘ 有 2 条订阅头像无法访问, 已使用默认头像:
[2025-10-18 07:18:20] - http://feeds.feedburner.com/ruanyifeng
[2025-10-18 07:18:20] - https://www.loyhome.com/feed
