[2025-03-30 03:14:58] 本次订阅抓取结果统计:
[2025-03-30 03:14:58] 共 28 条RSS, 成功抓取 26 条.
[2025-03-30 03:14:58] ✘ 有 2 条订阅解析失败:
[2025-03-30 03:14:58] - https://tcxx.info/feed
[2025-03-30 03:14:58] - https://geekinney.com/index.xml
[2025-03-30 03:14:58] ✘ 有 3 条订阅头像无法访问, 已使用默认头像:
[2025-03-30 03:14:58] - http://feeds.feedburner.com/ruanyifeng
[2025-03-30 03:14:58] - https://www.loyhome.com/feed
[2025-03-30 03:14:58] - https://xyzbz.cn/feed
[2025-03-30 04:42:16] 本次订阅抓取结果统计:
[2025-03-30 04:42:16] 共 28 条RSS, 成功抓取 27 条.
[2025-03-30 04:42:16] ✘ 有 1 条订阅解析失败:
[2025-03-30 04:42:16] - https://geekinney.com/index.xml
[2025-03-30 04:42:16] ✘ 有 2 条订阅头像无法访问, 已使用默认头像:
[2025-03-30 04:42:16] - http://feeds.feedburner.com/ruanyifeng
[2025-03-30 04:42:16] - https://www.loyhome.com/feed
[2025-03-30 05:33:04] 本次订阅抓取结果统计:
[2025-03-30 05:33:04] 共 28 条RSS, 成功抓取 26 条.
[2025-03-30 05:33:04] ✘ 有 2 条订阅解析失败:
[2025-03-30 05:33:04] - https://tcxx.info/feed
[2025-03-30 05:33:04] - https://geekinney.com/index.xml
[2025-03-30 05:33:04] ✘ 有 3 条订阅头像无法访问, 已使用默认头像:
[2025-03-30 05:33:04] - http://feeds.feedburner.com/ruanyifeng
[2025-03-30 05:33:04] - https://www.loyhome.com/feed
[2025-03-30 05:33:04] - https://blog.zhheo.com/rss.xml
[2025-03-30 06:45:05] 本次订阅抓取结果统计:
[2025-03-30 06:45:05] 共 28 条RSS, 成功抓取 26 条.
[2025-03-30 06:45:05] ✘ 有 2 条订阅解析失败:
[2025-03-30 06:45:05] - https://tcxx.info/feed
[2025-03-30 06:45:05] - https://geekinney.com/index.xml
[2025-03-30 06:45:05] ✘ 有 2 条订阅头像无法访问, 已使用默认头像:
[2025-03-30 06:45:05] - http://feeds.feedburner.com/ruanyifeng
[2025-03-30 06:45:05] - https://www.loyhome.com/feed
[2025-03-30 07:29:18] 本次订阅抓取结果统计:
[2025-03-30 07:29:18] 共 28 条RSS, 成功抓取 26 条.
[2025-03-30 07:29:18] ✘ 有 2 条订阅解析失败:
[2025-03-30 07:29:18] - https://tcxx.info/feed
[2025-03-30 07:29:18] - https://geekinney.com/index.xml
[2025-03-30 07:29:18] ✘ 有 2 条订阅头像无法访问, 已使用默认头像:
[2025-03-30 07:29:18] - http://feeds.feedburner.com/ruanyifeng
[2025-03-30 07:29:18] - https://www.loyhome.com/feed
[2025-03-30 08:38:03] 本次订阅抓取结果统计:
[2025-03-30 08:38:03] 共 28 条RSS, 成功抓取 27 条.
[2025-03-30 08:38:03] ✘ 有 1 条订阅解析失败:
[2025-03-30 08:38:03] - https://geekinney.com/index.xml
[2025-03-30 08:38:03] ✘ 有 2 条订阅头像无法访问, 已使用默认头像:
[2025-03-30 08:38:03] - http://feeds.feedburner.com/ruanyifeng
[2025-03-30 08:38:03] - https://www.loyhome.com/feed
[2025-03-30 09:29:32] 本次订阅抓取结果统计:
[2025-03-30 09:29:32] 共 28 条RSS, 成功抓取 25 条.
[2025-03-30 09:29:32] ✘ 有 3 条订阅解析失败:
[2025-03-30 09:29:32] - https://tcxx.info/feed
[2025-03-30 09:29:32] - https://limboy.me/index.xml
[2025-03-30 09:29:32] - https://geekinney.com/index.xml
[2025-03-30 09:29:32] ✘ 有 2 条订阅头像无法访问, 已使用默认头像:
[2025-03-30 09:29:32] - http://feeds.feedburner.com/ruanyifeng
[2025-03-30 09:29:32] - https://www.loyhome.com/feed
