[2025-07-03 01:53:22] 本次订阅抓取结果统计:
[2025-07-03 01:53:22] 共 28 条RSS, 成功抓取 27 条.
[2025-07-03 01:53:22] ✘ 有 1 条订阅解析失败:
[2025-07-03 01:53:22] - https://tcxx.info/feed
[2025-07-03 01:53:22] ✘ 有 2 条订阅头像无法访问, 已使用默认头像:
[2025-07-03 01:53:22] - http://feeds.feedburner.com/ruanyifeng
[2025-07-03 01:53:22] - https://www.loyhome.com/feed
[2025-07-03 03:21:58] 本次订阅抓取结果统计:
[2025-07-03 03:21:58] 共 28 条RSS, 成功抓取 27 条.
[2025-07-03 03:21:58] ✘ 有 1 条订阅解析失败:
[2025-07-03 03:21:58] - https://tcxx.info/feed
[2025-07-03 03:21:58] ✘ 有 2 条订阅头像无法访问, 已使用默认头像:
[2025-07-03 03:21:58] - http://feeds.feedburner.com/ruanyifeng
[2025-07-03 03:21:58] - https://www.loyhome.com/feed
[2025-07-03 04:34:38] 本次订阅抓取结果统计:
[2025-07-03 04:34:38] 共 28 条RSS, 成功抓取 27 条.
[2025-07-03 04:34:38] ✘ 有 1 条订阅解析失败:
[2025-07-03 04:34:38] - https://tcxx.info/feed
[2025-07-03 04:34:38] ✘ 有 2 条订阅头像无法访问, 已使用默认头像:
[2025-07-03 04:34:38] - http://feeds.feedburner.com/ruanyifeng
[2025-07-03 04:34:38] - https://www.loyhome.com/feed
[2025-07-03 05:25:57] 本次订阅抓取结果统计:
[2025-07-03 05:25:57] 共 28 条RSS, 成功抓取 27 条.
[2025-07-03 05:25:57] ✘ 有 1 条订阅解析失败:
[2025-07-03 05:25:57] - https://tcxx.info/feed
[2025-07-03 05:25:57] ✘ 有 2 条订阅头像无法访问, 已使用默认头像:
[2025-07-03 05:25:57] - http://feeds.feedburner.com/ruanyifeng
[2025-07-03 05:25:57] - https://www.loyhome.com/feed
[2025-07-03 06:34:48] 本次订阅抓取结果统计:
[2025-07-03 06:34:48] 共 28 条RSS, 成功抓取 27 条.
[2025-07-03 06:34:48] ✘ 有 1 条订阅解析失败:
[2025-07-03 06:34:48] - https://tcxx.info/feed
[2025-07-03 06:34:48] ✘ 有 2 条订阅头像无法访问, 已使用默认头像:
[2025-07-03 06:34:48] - http://feeds.feedburner.com/ruanyifeng
[2025-07-03 06:34:48] - https://www.loyhome.com/feed
[2025-07-03 07:22:17] 本次订阅抓取结果统计:
[2025-07-03 07:22:17] 共 28 条RSS, 成功抓取 27 条.
[2025-07-03 07:22:17] ✘ 有 1 条订阅解析失败:
[2025-07-03 07:22:17] - https://tcxx.info/feed
[2025-07-03 07:22:17] ✘ 有 2 条订阅头像无法访问, 已使用默认头像:
[2025-07-03 07:22:17] - http://feeds.feedburner.com/ruanyifeng
[2025-07-03 07:22:17] - https://www.loyhome.com/feed
[2025-07-03 08:30:27] 本次订阅抓取结果统计:
[2025-07-03 08:30:27] 共 28 条RSS, 成功抓取 27 条.
[2025-07-03 08:30:27] ✘ 有 1 条订阅解析失败:
[2025-07-03 08:30:27] - https://tcxx.info/feed
[2025-07-03 08:30:27] ✘ 有 2 条订阅头像无法访问, 已使用默认头像:
[2025-07-03 08:30:27] - http://feeds.feedburner.com/ruanyifeng
[2025-07-03 08:30:27] - https://www.loyhome.com/feed
[2025-07-03 09:25:14] 本次订阅抓取结果统计:
[2025-07-03 09:25:14] 共 28 条RSS, 成功抓取 27 条.
[2025-07-03 09:25:14] ✘ 有 1 条订阅解析失败:
[2025-07-03 09:25:14] - https://tcxx.info/feed
[2025-07-03 09:25:14] ✘ 有 2 条订阅头像无法访问, 已使用默认头像:
[2025-07-03 09:25:14] - http://feeds.feedburner.com/ruanyifeng
[2025-07-03 09:25:14] - https://www.loyhome.com/feed
[2025-07-03 10:25:18] 本次订阅抓取结果统计:
[2025-07-03 10:25:18] 共 28 条RSS, 成功抓取 27 条.
[2025-07-03 10:25:18] ✘ 有 1 条订阅解析失败:
[2025-07-03 10:25:18] - https://tcxx.info/feed
[2025-07-03 10:25:18] ✘ 有 3 条订阅头像无法访问, 已使用默认头像:
[2025-07-03 10:25:18] - http://feeds.feedburner.com/ruanyifeng
[2025-07-03 10:25:18] - https://www.loyhome.com/feed
[2025-07-03 10:25:18] - https://xyzbz.cn/feed
[2025-07-03 11:19:40] 本次订阅抓取结果统计:
[2025-07-03 11:19:40] 共 28 条RSS, 成功抓取 27 条.
[2025-07-03 11:19:40] ✘ 有 1 条订阅解析失败:
[2025-07-03 11:19:40] - https://tcxx.info/feed
[2025-07-03 11:19:40] ✘ 有 2 条订阅头像无法访问, 已使用默认头像:
[2025-07-03 11:19:40] - http://feeds.feedburner.com/ruanyifeng
[2025-07-03 11:19:40] - https://www.loyhome.com/feed
[2025-07-03 12:45:12] 本次订阅抓取结果统计:
[2025-07-03 12:45:12] 共 28 条RSS, 成功抓取 27 条.
[2025-07-03 12:45:12] ✘ 有 1 条订阅解析失败:
[2025-07-03 12:45:12] - https://tcxx.info/feed
[2025-07-03 12:45:12] ✘ 有 2 条订阅头像无法访问, 已使用默认头像:
[2025-07-03 12:45:12] - https://www.loyhome.com/feed
[2025-07-03 12:45:12] - http://feeds.feedburner.com/ruanyifeng
[2025-07-03 13:33:55] 本次订阅抓取结果统计:
[2025-07-03 13:33:55] 共 28 条RSS, 成功抓取 27 条.
[2025-07-03 13:33:55] ✘ 有 1 条订阅解析失败:
[2025-07-03 13:33:55] - https://tcxx.info/feed
[2025-07-03 13:33:55] ✘ 有 2 条订阅头像无法访问, 已使用默认头像:
[2025-07-03 13:33:55] - http://feeds.feedburner.com/ruanyifeng
[2025-07-03 13:33:55] - https://www.loyhome.com/feed
[2025-07-03 14:22:12] 本次订阅抓取结果统计:
[2025-07-03 14:22:12] 共 28 条RSS, 成功抓取 27 条.
[2025-07-03 14:22:12] ✘ 有 1 条订阅解析失败:
[2025-07-03 14:22:12] - https://tcxx.info/feed
[2025-07-03 14:22:12] ✘ 有 2 条订阅头像无法访问, 已使用默认头像:
[2025-07-03 14:22:12] - http://feeds.feedburner.com/ruanyifeng
[2025-07-03 14:22:12] - https://www.loyhome.com/feed
[2025-07-03 15:24:41] 本次订阅抓取结果统计:
[2025-07-03 15:24:41] 共 28 条RSS, 成功抓取 27 条.
[2025-07-03 15:24:41] ✘ 有 1 条订阅解析失败:
[2025-07-03 15:24:41] - https://tcxx.info/feed
[2025-07-03 15:24:41] ✘ 有 2 条订阅头像无法访问, 已使用默认头像:
[2025-07-03 15:24:41] - http://feeds.feedburner.com/ruanyifeng
[2025-07-03 15:24:41] - https://www.loyhome.com/feed
[2025-07-03 16:28:48] 本次订阅抓取结果统计:
[2025-07-03 16:28:48] 共 28 条RSS, 成功抓取 27 条.
[2025-07-03 16:28:48] ✘ 有 1 条订阅解析失败:
[2025-07-03 16:28:48] - https://tcxx.info/feed
[2025-07-03 16:28:48] ✘ 有 3 条订阅头像无法访问, 已使用默认头像:
[2025-07-03 16:28:48] - http://feeds.feedburner.com/ruanyifeng
[2025-07-03 16:28:48] - https://www.loyhome.com/feed
[2025-07-03 16:28:48] - https://www.shephe.com/feed
