[2025-09-03 01:37:44] 本次订阅抓取结果统计:
[2025-09-03 01:37:44] 共 28 条RSS, 成功抓取 25 条.
[2025-09-03 01:37:44] ✘ 有 3 条订阅解析失败:
[2025-09-03 01:37:44] - https://tumutanzi.com/feed
[2025-09-03 01:37:44] - https://tcxx.info/feed
[2025-09-03 01:37:44] - https://geekinney.com/index.xml
[2025-09-03 01:37:44] ✘ 有 3 条订阅头像无法访问, 已使用默认头像:
[2025-09-03 01:37:44] - https://hwv430.blogspot.com/feeds/posts/default
[2025-09-03 01:37:44] - http://feeds.feedburner.com/ruanyifeng
[2025-09-03 01:37:44] - https://www.loyhome.com/feed
[2025-09-03 02:56:21] 本次订阅抓取结果统计:
[2025-09-03 02:56:21] 共 28 条RSS, 成功抓取 25 条.
[2025-09-03 02:56:21] ✘ 有 3 条订阅解析失败:
[2025-09-03 02:56:21] - https://tcxx.info/feed
[2025-09-03 02:56:21] - https://tumutanzi.com/feed
[2025-09-03 02:56:21] - https://geekinney.com/index.xml
[2025-09-03 02:56:21] ✘ 有 2 条订阅头像无法访问, 已使用默认头像:
[2025-09-03 02:56:21] - http://feeds.feedburner.com/ruanyifeng
[2025-09-03 02:56:21] - https://www.loyhome.com/feed
[2025-09-03 03:29:41] 本次订阅抓取结果统计:
[2025-09-03 03:29:41] 共 28 条RSS, 成功抓取 25 条.
[2025-09-03 03:29:41] ✘ 有 3 条订阅解析失败:
[2025-09-03 03:29:41] - https://tumutanzi.com/feed
[2025-09-03 03:29:41] - https://tcxx.info/feed
[2025-09-03 03:29:41] - https://geekinney.com/index.xml
[2025-09-03 03:29:41] ✘ 有 2 条订阅头像无法访问, 已使用默认头像:
[2025-09-03 03:29:41] - http://feeds.feedburner.com/ruanyifeng
[2025-09-03 03:29:41] - https://www.loyhome.com/feed
[2025-09-03 04:25:23] 本次订阅抓取结果统计:
[2025-09-03 04:25:23] 共 28 条RSS, 成功抓取 25 条.
[2025-09-03 04:25:23] ✘ 有 3 条订阅解析失败:
[2025-09-03 04:25:23] - https://tcxx.info/feed
[2025-09-03 04:25:23] - https://tumutanzi.com/feed
[2025-09-03 04:25:23] - https://geekinney.com/index.xml
[2025-09-03 04:25:23] ✘ 有 3 条订阅头像无法访问, 已使用默认头像:
[2025-09-03 04:25:23] - http://feeds.feedburner.com/ruanyifeng
[2025-09-03 04:25:23] - https://www.loyhome.com/feed
[2025-09-03 04:25:23] - https://xyzbz.cn/feed
[2025-09-03 05:19:36] 本次订阅抓取结果统计:
[2025-09-03 05:19:36] 共 28 条RSS, 成功抓取 25 条.
[2025-09-03 05:19:36] ✘ 有 3 条订阅解析失败:
[2025-09-03 05:19:36] - https://tcxx.info/feed
[2025-09-03 05:19:36] - https://tumutanzi.com/feed
[2025-09-03 05:19:36] - https://geekinney.com/index.xml
[2025-09-03 05:19:36] ✘ 有 3 条订阅头像无法访问, 已使用默认头像:
[2025-09-03 05:19:36] - https://hwv430.blogspot.com/feeds/posts/default
[2025-09-03 05:19:36] - http://feeds.feedburner.com/ruanyifeng
[2025-09-03 05:19:36] - https://www.loyhome.com/feed
[2025-09-03 06:30:32] 本次订阅抓取结果统计:
[2025-09-03 06:30:32] 共 28 条RSS, 成功抓取 25 条.
[2025-09-03 06:30:32] ✘ 有 3 条订阅解析失败:
[2025-09-03 06:30:32] - https://tumutanzi.com/feed
[2025-09-03 06:30:32] - https://tcxx.info/feed
[2025-09-03 06:30:32] - https://geekinney.com/index.xml
[2025-09-03 06:30:32] ✘ 有 3 条订阅头像无法访问, 已使用默认头像:
[2025-09-03 06:30:32] - https://hwv430.blogspot.com/feeds/posts/default
[2025-09-03 06:30:32] - http://feeds.feedburner.com/ruanyifeng
[2025-09-03 06:30:32] - https://www.loyhome.com/feed
[2025-09-03 07:19:51] 本次订阅抓取结果统计:
[2025-09-03 07:19:51] 共 28 条RSS, 成功抓取 25 条.
[2025-09-03 07:19:51] ✘ 有 3 条订阅解析失败:
[2025-09-03 07:19:51] - https://tcxx.info/feed
[2025-09-03 07:19:51] - https://tumutanzi.com/feed
[2025-09-03 07:19:51] - https://geekinney.com/index.xml
[2025-09-03 07:19:51] ✘ 有 2 条订阅头像无法访问, 已使用默认头像:
[2025-09-03 07:19:51] - http://feeds.feedburner.com/ruanyifeng
[2025-09-03 07:19:51] - https://www.loyhome.com/feed
[2025-09-03 08:28:00] 本次订阅抓取结果统计:
[2025-09-03 08:28:00] 共 28 条RSS, 成功抓取 25 条.
[2025-09-03 08:28:00] ✘ 有 3 条订阅解析失败:
[2025-09-03 08:28:00] - https://tumutanzi.com/feed
[2025-09-03 08:28:00] - https://tcxx.info/feed
[2025-09-03 08:28:00] - https://geekinney.com/index.xml
[2025-09-03 08:28:00] ✘ 有 3 条订阅头像无法访问, 已使用默认头像:
[2025-09-03 08:28:00] - https://hwv430.blogspot.com/feeds/posts/default
[2025-09-03 08:28:00] - http://feeds.feedburner.com/ruanyifeng
[2025-09-03 08:28:00] - https://www.loyhome.com/feed
