[2025-04-02 03:09:14] 本次订阅抓取结果统计:
[2025-04-02 03:09:14] 共 28 条RSS, 成功抓取 26 条.
[2025-04-02 03:09:14] ✘ 有 2 条订阅解析失败:
[2025-04-02 03:09:14] - https://limboy.me/index.xml
[2025-04-02 03:09:14] - https://geekinney.com/index.xml
[2025-04-02 03:09:14] ✘ 有 3 条订阅头像无法访问, 已使用默认头像:
[2025-04-02 03:09:14] - https://www.loyhome.com/feed
[2025-04-02 03:09:14] - http://feeds.feedburner.com/ruanyifeng
[2025-04-02 03:09:14] - https://xyzbz.cn/feed
[2025-04-02 04:43:02] 本次订阅抓取结果统计:
[2025-04-02 04:43:02] 共 28 条RSS, 成功抓取 26 条.
[2025-04-02 04:43:02] ✘ 有 2 条订阅解析失败:
[2025-04-02 04:43:02] - https://geekinney.com/index.xml
[2025-04-02 04:43:02] - https://limboy.me/index.xml
[2025-04-02 04:43:02] ✘ 有 2 条订阅头像无法访问, 已使用默认头像:
[2025-04-02 04:43:02] - http://feeds.feedburner.com/ruanyifeng
[2025-04-02 04:43:02] - https://www.loyhome.com/feed
[2025-04-02 05:40:01] 本次订阅抓取结果统计:
[2025-04-02 05:40:01] 共 28 条RSS, 成功抓取 26 条.
[2025-04-02 05:40:01] ✘ 有 2 条订阅解析失败:
[2025-04-02 05:40:01] - https://geekinney.com/index.xml
[2025-04-02 05:40:01] - https://limboy.me/index.xml
[2025-04-02 05:40:01] ✘ 有 2 条订阅头像无法访问, 已使用默认头像:
[2025-04-02 05:40:01] - http://feeds.feedburner.com/ruanyifeng
[2025-04-02 05:40:01] - https://www.loyhome.com/feed
[2025-04-02 06:48:45] 本次订阅抓取结果统计:
[2025-04-02 06:48:45] 共 28 条RSS, 成功抓取 26 条.
[2025-04-02 06:48:45] ✘ 有 2 条订阅解析失败:
[2025-04-02 06:48:45] - https://geekinney.com/index.xml
[2025-04-02 06:48:45] - https://limboy.me/index.xml
[2025-04-02 06:48:45] ✘ 有 2 条订阅头像无法访问, 已使用默认头像:
[2025-04-02 06:48:45] - http://feeds.feedburner.com/ruanyifeng
[2025-04-02 06:48:45] - https://www.loyhome.com/feed
[2025-04-02 07:31:15] 本次订阅抓取结果统计:
[2025-04-02 07:31:15] 共 28 条RSS, 成功抓取 26 条.
[2025-04-02 07:31:15] ✘ 有 2 条订阅解析失败:
[2025-04-02 07:31:15] - https://geekinney.com/index.xml
[2025-04-02 07:31:15] - https://limboy.me/index.xml
[2025-04-02 07:31:15] ✘ 有 2 条订阅头像无法访问, 已使用默认头像:
[2025-04-02 07:31:15] - http://feeds.feedburner.com/ruanyifeng
[2025-04-02 07:31:15] - https://www.loyhome.com/feed
[2025-04-02 08:49:26] 本次订阅抓取结果统计:
[2025-04-02 08:49:26] 共 28 条RSS, 成功抓取 25 条.
[2025-04-02 08:49:26] ✘ 有 3 条订阅解析失败:
[2025-04-02 08:49:26] - https://geekinney.com/index.xml
[2025-04-02 08:49:26] - https://limboy.me/index.xml
[2025-04-02 08:49:26] - https://1900.live/rss.xml
[2025-04-02 08:49:26] ✘ 有 2 条订阅头像无法访问, 已使用默认头像:
[2025-04-02 08:49:26] - http://feeds.feedburner.com/ruanyifeng
[2025-04-02 08:49:26] - https://www.loyhome.com/feed
[2025-04-02 09:38:49] 本次订阅抓取结果统计:
[2025-04-02 09:38:49] 共 28 条RSS, 成功抓取 26 条.
[2025-04-02 09:38:49] ✘ 有 2 条订阅解析失败:
[2025-04-02 09:38:49] - https://geekinney.com/index.xml
[2025-04-02 09:38:49] - https://limboy.me/index.xml
[2025-04-02 09:38:49] ✘ 有 2 条订阅头像无法访问, 已使用默认头像:
[2025-04-02 09:38:49] - http://feeds.feedburner.com/ruanyifeng
[2025-04-02 09:38:49] - https://www.loyhome.com/feed
[2025-04-02 10:42:20] 本次订阅抓取结果统计:
[2025-04-02 10:42:20] 共 28 条RSS, 成功抓取 26 条.
[2025-04-02 10:42:20] ✘ 有 2 条订阅解析失败:
[2025-04-02 10:42:20] - https://geekinney.com/index.xml
[2025-04-02 10:42:20] - https://limboy.me/index.xml
[2025-04-02 10:42:20] ✘ 有 2 条订阅头像无法访问, 已使用默认头像:
[2025-04-02 10:42:20] - http://feeds.feedburner.com/ruanyifeng
[2025-04-02 10:42:20] - https://www.loyhome.com/feed
[2025-04-02 11:26:58] 本次订阅抓取结果统计:
[2025-04-02 11:26:58] 共 28 条RSS, 成功抓取 25 条.
[2025-04-02 11:26:58] ✘ 有 3 条订阅解析失败:
[2025-04-02 11:26:58] - https://wangpei.net/feed
[2025-04-02 11:26:58] - https://limboy.me/index.xml
[2025-04-02 11:26:58] - https://geekinney.com/index.xml
[2025-04-02 11:26:58] ✘ 有 3 条订阅头像无法访问, 已使用默认头像:
[2025-04-02 11:26:58] - http://feeds.feedburner.com/ruanyifeng
[2025-04-02 11:26:58] - https://www.loyhome.com/feed
[2025-04-02 11:26:58] - https://tcxx.info/feed
[2025-04-02 13:35:52] 本次订阅抓取结果统计:
[2025-04-02 13:35:52] 共 28 条RSS, 成功抓取 25 条.
[2025-04-02 13:35:52] ✘ 有 3 条订阅解析失败:
[2025-04-02 13:35:52] - https://limboy.me/index.xml
[2025-04-02 13:35:52] - https://geekinney.com/index.xml
[2025-04-02 13:35:52] - https://blog.yanqingshan.com/feed
[2025-04-02 13:35:52] ✘ 有 3 条订阅头像无法访问, 已使用默认头像:
[2025-04-02 13:35:52] - http://feeds.feedburner.com/ruanyifeng
[2025-04-02 13:35:52] - https://www.loyhome.com/feed
[2025-04-02 13:35:52] - https://xyzbz.cn/feed
[2025-04-02 14:40:30] 本次订阅抓取结果统计:
[2025-04-02 14:40:30] 共 28 条RSS, 成功抓取 25 条.
[2025-04-02 14:40:30] ✘ 有 3 条订阅解析失败:
[2025-04-02 14:40:30] - https://tcxx.info/feed
[2025-04-02 14:40:30] - https://geekinney.com/index.xml
[2025-04-02 14:40:30] - https://limboy.me/index.xml
[2025-04-02 14:40:30] ✘ 有 3 条订阅头像无法访问, 已使用默认头像:
[2025-04-02 14:40:30] - http://feeds.feedburner.com/ruanyifeng
[2025-04-02 14:40:30] - https://www.loyhome.com/feed
[2025-04-02 14:40:30] - https://xyzbz.cn/feed
[2025-04-02 15:39:03] 本次订阅抓取结果统计:
[2025-04-02 15:39:03] 共 28 条RSS, 成功抓取 26 条.
[2025-04-02 15:39:03] ✘ 有 2 条订阅解析失败:
[2025-04-02 15:39:03] - https://geekinney.com/index.xml
[2025-04-02 15:39:03] - https://limboy.me/index.xml
[2025-04-02 15:39:03] ✘ 有 2 条订阅头像无法访问, 已使用默认头像:
[2025-04-02 15:39:03] - http://feeds.feedburner.com/ruanyifeng
[2025-04-02 15:39:03] - https://www.loyhome.com/feed
[2025-04-02 16:50:26] 本次订阅抓取结果统计:
[2025-04-02 16:50:26] 共 28 条RSS, 成功抓取 26 条.
[2025-04-02 16:50:26] ✘ 有 2 条订阅解析失败:
[2025-04-02 16:50:26] - https://geekinney.com/index.xml
[2025-04-02 16:50:26] - https://limboy.me/index.xml
[2025-04-02 16:50:26] ✘ 有 2 条订阅头像无法访问, 已使用默认头像:
[2025-04-02 16:50:26] - https://www.loyhome.com/feed
[2025-04-02 16:50:26] - http://feeds.feedburner.com/ruanyifeng
[2025-04-02 17:34:05] 本次订阅抓取结果统计:
[2025-04-02 17:34:05] 共 28 条RSS, 成功抓取 26 条.
[2025-04-02 17:34:05] ✘ 有 2 条订阅解析失败:
[2025-04-02 17:34:05] - https://geekinney.com/index.xml
[2025-04-02 17:34:05] - https://limboy.me/index.xml
[2025-04-02 17:34:05] ✘ 有 4 条订阅头像无法访问, 已使用默认头像:
[2025-04-02 17:34:05] - https://www.loyhome.com/feed
[2025-04-02 17:34:05] - http://feeds.feedburner.com/ruanyifeng
[2025-04-02 17:34:05] - https://tcxx.info/feed
[2025-04-02 17:34:05] - https://xyzbz.cn/feed
[2025-04-02 18:48:39] 本次订阅抓取结果统计:
[2025-04-02 18:48:39] 共 28 条RSS, 成功抓取 26 条.
[2025-04-02 18:48:39] ✘ 有 2 条订阅解析失败:
[2025-04-02 18:48:39] - https://geekinney.com/index.xml
[2025-04-02 18:48:39] - https://limboy.me/index.xml
[2025-04-02 18:48:39] ✘ 有 3 条订阅头像无法访问, 已使用默认头像:
[2025-04-02 18:48:39] - https://tcxx.info/feed
[2025-04-02 18:48:39] - http://feeds.feedburner.com/ruanyifeng
[2025-04-02 18:48:39] - https://www.loyhome.com/feed
