[2025-07-08 01:54:05] 本次订阅抓取结果统计:
[2025-07-08 01:54:05] 共 28 条RSS, 成功抓取 27 条.
[2025-07-08 01:54:05] ✘ 有 1 条订阅解析失败:
[2025-07-08 01:54:05] - https://tcxx.info/feed
[2025-07-08 01:54:05] ✘ 有 2 条订阅头像无法访问, 已使用默认头像:
[2025-07-08 01:54:05] - http://feeds.feedburner.com/ruanyifeng
[2025-07-08 01:54:05] - https://www.loyhome.com/feed
[2025-07-08 03:21:37] 本次订阅抓取结果统计:
[2025-07-08 03:21:37] 共 28 条RSS, 成功抓取 27 条.
[2025-07-08 03:21:37] ✘ 有 1 条订阅解析失败:
[2025-07-08 03:21:37] - https://tcxx.info/feed
[2025-07-08 03:21:37] ✘ 有 2 条订阅头像无法访问, 已使用默认头像:
[2025-07-08 03:21:37] - http://feeds.feedburner.com/ruanyifeng
[2025-07-08 03:21:37] - https://www.loyhome.com/feed
[2025-07-08 04:32:30] 本次订阅抓取结果统计:
[2025-07-08 04:32:30] 共 28 条RSS, 成功抓取 27 条.
[2025-07-08 04:32:30] ✘ 有 1 条订阅解析失败:
[2025-07-08 04:32:30] - https://tcxx.info/feed
[2025-07-08 04:32:30] ✘ 有 2 条订阅头像无法访问, 已使用默认头像:
[2025-07-08 04:32:30] - http://feeds.feedburner.com/ruanyifeng
[2025-07-08 04:32:30] - https://www.loyhome.com/feed
[2025-07-08 05:24:04] 本次订阅抓取结果统计:
[2025-07-08 05:24:04] 共 28 条RSS, 成功抓取 26 条.
[2025-07-08 05:24:04] ✘ 有 2 条订阅解析失败:
[2025-07-08 05:24:04] - https://tcxx.info/feed
[2025-07-08 05:24:04] - https://www.shephe.com/feed
[2025-07-08 05:24:04] ✘ 有 2 条订阅头像无法访问, 已使用默认头像:
[2025-07-08 05:24:04] - http://feeds.feedburner.com/ruanyifeng
[2025-07-08 05:24:04] - https://www.loyhome.com/feed
[2025-07-08 06:51:36] 本次订阅抓取结果统计:
[2025-07-08 06:51:36] 共 28 条RSS, 成功抓取 26 条.
[2025-07-08 06:51:36] ✘ 有 2 条订阅解析失败:
[2025-07-08 06:51:36] - https://tcxx.info/feed
[2025-07-08 06:51:36] - https://www.shephe.com/feed
[2025-07-08 06:51:36] ✘ 有 2 条订阅头像无法访问, 已使用默认头像:
[2025-07-08 06:51:36] - http://feeds.feedburner.com/ruanyifeng
[2025-07-08 06:51:36] - https://www.loyhome.com/feed
[2025-07-08 07:23:12] 本次订阅抓取结果统计:
[2025-07-08 07:23:12] 共 28 条RSS, 成功抓取 27 条.
[2025-07-08 07:23:12] ✘ 有 1 条订阅解析失败:
[2025-07-08 07:23:12] - https://tcxx.info/feed
[2025-07-08 07:23:12] ✘ 有 2 条订阅头像无法访问, 已使用默认头像:
[2025-07-08 07:23:12] - http://feeds.feedburner.com/ruanyifeng
[2025-07-08 07:23:12] - https://www.loyhome.com/feed
[2025-07-08 08:31:20] 本次订阅抓取结果统计:
[2025-07-08 08:31:20] 共 28 条RSS, 成功抓取 27 条.
[2025-07-08 08:31:20] ✘ 有 1 条订阅解析失败:
[2025-07-08 08:31:20] - https://tcxx.info/feed
[2025-07-08 08:31:20] ✘ 有 2 条订阅头像无法访问, 已使用默认头像:
[2025-07-08 08:31:20] - http://feeds.feedburner.com/ruanyifeng
[2025-07-08 08:31:20] - https://www.loyhome.com/feed
[2025-07-08 09:26:28] 本次订阅抓取结果统计:
[2025-07-08 09:26:28] 共 28 条RSS, 成功抓取 27 条.
[2025-07-08 09:26:28] ✘ 有 1 条订阅解析失败:
[2025-07-08 09:26:28] - https://tcxx.info/feed
[2025-07-08 09:26:28] ✘ 有 3 条订阅头像无法访问, 已使用默认头像:
[2025-07-08 09:26:28] - http://feeds.feedburner.com/ruanyifeng
[2025-07-08 09:26:28] - https://www.loyhome.com/feed
[2025-07-08 09:26:28] - https://xyzbz.cn/feed
[2025-07-08 10:24:59] 本次订阅抓取结果统计:
[2025-07-08 10:24:59] 共 28 条RSS, 成功抓取 27 条.
[2025-07-08 10:24:59] ✘ 有 1 条订阅解析失败:
[2025-07-08 10:24:59] - https://tcxx.info/feed
[2025-07-08 10:24:59] ✘ 有 2 条订阅头像无法访问, 已使用默认头像:
[2025-07-08 10:24:59] - http://feeds.feedburner.com/ruanyifeng
[2025-07-08 10:24:59] - https://www.loyhome.com/feed
[2025-07-08 11:19:59] 本次订阅抓取结果统计:
[2025-07-08 11:19:59] 共 28 条RSS, 成功抓取 27 条.
[2025-07-08 11:19:59] ✘ 有 1 条订阅解析失败:
[2025-07-08 11:19:59] - https://tcxx.info/feed
[2025-07-08 11:19:59] ✘ 有 2 条订阅头像无法访问, 已使用默认头像:
[2025-07-08 11:19:59] - https://www.loyhome.com/feed
[2025-07-08 11:19:59] - http://feeds.feedburner.com/ruanyifeng
[2025-07-08 12:48:23] 本次订阅抓取结果统计:
[2025-07-08 12:48:23] 共 28 条RSS, 成功抓取 27 条.
[2025-07-08 12:48:23] ✘ 有 1 条订阅解析失败:
[2025-07-08 12:48:23] - https://tcxx.info/feed
[2025-07-08 12:48:23] ✘ 有 2 条订阅头像无法访问, 已使用默认头像:
[2025-07-08 12:48:23] - http://feeds.feedburner.com/ruanyifeng
[2025-07-08 12:48:23] - https://www.loyhome.com/feed
[2025-07-08 13:37:36] 本次订阅抓取结果统计:
[2025-07-08 13:37:36] 共 28 条RSS, 成功抓取 27 条.
[2025-07-08 13:37:36] ✘ 有 1 条订阅解析失败:
[2025-07-08 13:37:36] - https://tcxx.info/feed
[2025-07-08 13:37:36] ✘ 有 2 条订阅头像无法访问, 已使用默认头像:
[2025-07-08 13:37:36] - http://feeds.feedburner.com/ruanyifeng
[2025-07-08 13:37:36] - https://www.loyhome.com/feed
[2025-07-08 14:22:03] 本次订阅抓取结果统计:
[2025-07-08 14:22:03] 共 28 条RSS, 成功抓取 27 条.
[2025-07-08 14:22:03] ✘ 有 1 条订阅解析失败:
[2025-07-08 14:22:03] - https://tcxx.info/feed
[2025-07-08 14:22:03] ✘ 有 2 条订阅头像无法访问, 已使用默认头像:
[2025-07-08 14:22:03] - http://feeds.feedburner.com/ruanyifeng
[2025-07-08 14:22:03] - https://www.loyhome.com/feed
[2025-07-08 15:25:13] 本次订阅抓取结果统计:
[2025-07-08 15:25:13] 共 28 条RSS, 成功抓取 27 条.
[2025-07-08 15:25:13] ✘ 有 1 条订阅解析失败:
[2025-07-08 15:25:13] - https://tcxx.info/feed
[2025-07-08 15:25:13] ✘ 有 2 条订阅头像无法访问, 已使用默认头像:
[2025-07-08 15:25:13] - http://feeds.feedburner.com/ruanyifeng
[2025-07-08 15:25:13] - https://www.loyhome.com/feed
[2025-07-08 16:30:16] 本次订阅抓取结果统计:
[2025-07-08 16:30:16] 共 28 条RSS, 成功抓取 27 条.
[2025-07-08 16:30:16] ✘ 有 1 条订阅解析失败:
[2025-07-08 16:30:16] - https://tcxx.info/feed
[2025-07-08 16:30:16] ✘ 有 2 条订阅头像无法访问, 已使用默认头像:
[2025-07-08 16:30:16] - http://feeds.feedburner.com/ruanyifeng
[2025-07-08 16:30:16] - https://www.loyhome.com/feed
[2025-07-08 17:20:20] 本次订阅抓取结果统计:
[2025-07-08 17:20:20] 共 28 条RSS, 成功抓取 27 条.
[2025-07-08 17:20:20] ✘ 有 1 条订阅解析失败:
[2025-07-08 17:20:20] - https://tcxx.info/feed
[2025-07-08 17:20:20] ✘ 有 2 条订阅头像无法访问, 已使用默认头像:
[2025-07-08 17:20:20] - http://feeds.feedburner.com/ruanyifeng
[2025-07-08 17:20:20] - https://www.loyhome.com/feed
[2025-07-08 18:32:46] 本次订阅抓取结果统计:
[2025-07-08 18:32:46] 共 28 条RSS, 成功抓取 27 条.
[2025-07-08 18:32:46] ✘ 有 1 条订阅解析失败:
[2025-07-08 18:32:46] - https://tcxx.info/feed
[2025-07-08 18:32:46] ✘ 有 2 条订阅头像无法访问, 已使用默认头像:
[2025-07-08 18:32:46] - http://feeds.feedburner.com/ruanyifeng
[2025-07-08 18:32:46] - https://www.loyhome.com/feed
[2025-07-08 19:18:30] 本次订阅抓取结果统计:
[2025-07-08 19:18:30] 共 28 条RSS, 成功抓取 27 条.
[2025-07-08 19:18:30] ✘ 有 1 条订阅解析失败:
[2025-07-08 19:18:30] - https://tcxx.info/feed
[2025-07-08 19:18:30] ✘ 有 2 条订阅头像无法访问, 已使用默认头像:
[2025-07-08 19:18:30] - http://feeds.feedburner.com/ruanyifeng
[2025-07-08 19:18:30] - https://www.loyhome.com/feed
[2025-07-08 20:25:47] 本次订阅抓取结果统计:
[2025-07-08 20:25:47] 共 28 条RSS, 成功抓取 27 条.
[2025-07-08 20:25:47] ✘ 有 1 条订阅解析失败:
[2025-07-08 20:25:47] - https://tcxx.info/feed
[2025-07-08 20:25:47] ✘ 有 2 条订阅头像无法访问, 已使用默认头像:
[2025-07-08 20:25:47] - http://feeds.feedburner.com/ruanyifeng
[2025-07-08 20:25:47] - https://www.loyhome.com/feed
[2025-07-08 21:21:49] 本次订阅抓取结果统计:
[2025-07-08 21:21:49] 共 28 条RSS, 成功抓取 27 条.
[2025-07-08 21:21:49] ✘ 有 1 条订阅解析失败:
[2025-07-08 21:21:49] - https://tcxx.info/feed
[2025-07-08 21:21:49] ✘ 有 2 条订阅头像无法访问, 已使用默认头像:
[2025-07-08 21:21:49] - http://feeds.feedburner.com/ruanyifeng
[2025-07-08 21:21:49] - https://www.loyhome.com/feed
