[2025-12-23 01:56:18] 本次订阅抓取结果统计:
[2025-12-23 01:56:18] 共 28 条RSS, 成功抓取 25 条.
[2025-12-23 01:56:18] ✘ 有 3 条订阅解析失败:
[2025-12-23 01:56:18] - https://tcxx.info/feed
[2025-12-23 01:56:18] - https://tumutanzi.com/feed
[2025-12-23 01:56:18] - https://geekinney.com/index.xml
[2025-12-23 01:56:18] ✘ 有 2 条订阅头像无法访问, 已使用默认头像:
[2025-12-23 01:56:18] - https://oba.by/feed
[2025-12-23 01:56:18] - http://feeds.feedburner.com/ruanyifeng
[2025-12-23 03:39:32] 本次订阅抓取结果统计:
[2025-12-23 03:39:32] 共 28 条RSS, 成功抓取 25 条.
[2025-12-23 03:39:32] ✘ 有 3 条订阅解析失败:
[2025-12-23 03:39:32] - https://tcxx.info/feed
[2025-12-23 03:39:32] - https://tumutanzi.com/feed
[2025-12-23 03:39:32] - https://geekinney.com/index.xml
[2025-12-23 03:39:32] ✘ 有 4 条订阅头像无法访问, 已使用默认头像:
[2025-12-23 03:39:32] - https://oba.by/feed
[2025-12-23 03:39:32] - http://feeds.feedburner.com/ruanyifeng
[2025-12-23 03:39:32] - https://www.loyhome.com/feed
[2025-12-23 03:39:32] - https://xyzbz.cn/feed
[2025-12-23 04:40:23] 本次订阅抓取结果统计:
[2025-12-23 04:40:23] 共 28 条RSS, 成功抓取 25 条.
[2025-12-23 04:40:23] ✘ 有 3 条订阅解析失败:
[2025-12-23 04:40:23] - https://tcxx.info/feed
[2025-12-23 04:40:23] - https://tumutanzi.com/feed
[2025-12-23 04:40:23] - https://geekinney.com/index.xml
[2025-12-23 04:40:23] ✘ 有 2 条订阅头像无法访问, 已使用默认头像:
[2025-12-23 04:40:23] - https://oba.by/feed
[2025-12-23 04:40:23] - http://feeds.feedburner.com/ruanyifeng
[2025-12-23 05:27:06] 本次订阅抓取结果统计:
[2025-12-23 05:27:06] 共 28 条RSS, 成功抓取 25 条.
[2025-12-23 05:27:06] ✘ 有 3 条订阅解析失败:
[2025-12-23 05:27:06] - https://tumutanzi.com/feed
[2025-12-23 05:27:06] - https://tcxx.info/feed
[2025-12-23 05:27:06] - https://geekinney.com/index.xml
[2025-12-23 05:27:06] ✘ 有 2 条订阅头像无法访问, 已使用默认头像:
[2025-12-23 05:27:06] - https://oba.by/feed
[2025-12-23 05:27:06] - http://feeds.feedburner.com/ruanyifeng
[2025-12-23 06:38:45] 本次订阅抓取结果统计:
[2025-12-23 06:38:45] 共 28 条RSS, 成功抓取 25 条.
[2025-12-23 06:38:45] ✘ 有 3 条订阅解析失败:
[2025-12-23 06:38:45] - https://tcxx.info/feed
[2025-12-23 06:38:45] - https://tumutanzi.com/feed
[2025-12-23 06:38:45] - https://geekinney.com/index.xml
[2025-12-23 06:38:45] ✘ 有 3 条订阅头像无法访问, 已使用默认头像:
[2025-12-23 06:38:45] - https://oba.by/feed
[2025-12-23 06:38:45] - http://feeds.feedburner.com/ruanyifeng
[2025-12-23 06:38:45] - https://www.loyhome.com/feed
[2025-12-23 07:27:36] 本次订阅抓取结果统计:
[2025-12-23 07:27:36] 共 28 条RSS, 成功抓取 25 条.
[2025-12-23 07:27:36] ✘ 有 3 条订阅解析失败:
[2025-12-23 07:27:36] - https://tcxx.info/feed
[2025-12-23 07:27:36] - https://tumutanzi.com/feed
[2025-12-23 07:27:36] - https://geekinney.com/index.xml
[2025-12-23 07:27:36] ✘ 有 2 条订阅头像无法访问, 已使用默认头像:
[2025-12-23 07:27:36] - https://oba.by/feed
[2025-12-23 07:27:36] - http://feeds.feedburner.com/ruanyifeng
[2025-12-23 08:35:05] 本次订阅抓取结果统计:
[2025-12-23 08:35:05] 共 28 条RSS, 成功抓取 24 条.
[2025-12-23 08:35:05] ✘ 有 4 条订阅解析失败:
[2025-12-23 08:35:05] - https://tcxx.info/feed
[2025-12-23 08:35:05] - https://tumutanzi.com/feed
[2025-12-23 08:35:05] - https://geekinney.com/index.xml
[2025-12-23 08:35:05] - https://blog.fooleap.org/atom.xml
[2025-12-23 08:35:05] ✘ 有 3 条订阅头像无法访问, 已使用默认头像:
[2025-12-23 08:35:05] - https://oba.by/feed
[2025-12-23 08:35:05] - http://feeds.feedburner.com/ruanyifeng
[2025-12-23 08:35:05] - https://www.shephe.com/feed
