[2025-11-25 01:49:44] 本次订阅抓取结果统计:
[2025-11-25 01:49:44] 共 28 条RSS, 成功抓取 25 条.
[2025-11-25 01:49:44] ✘ 有 3 条订阅解析失败:
[2025-11-25 01:49:44] - https://tcxx.info/feed
[2025-11-25 01:49:44] - https://tumutanzi.com/feed
[2025-11-25 01:49:44] - https://geekinney.com/index.xml
[2025-11-25 01:49:44] ✘ 有 2 条订阅头像无法访问, 已使用默认头像:
[2025-11-25 01:49:44] - http://feeds.feedburner.com/ruanyifeng
[2025-11-25 01:49:44] - https://www.loyhome.com/feed
[2025-11-25 03:17:17] 本次订阅抓取结果统计:
[2025-11-25 03:17:17] 共 28 条RSS, 成功抓取 25 条.
[2025-11-25 03:17:17] ✘ 有 3 条订阅解析失败:
[2025-11-25 03:17:17] - https://tumutanzi.com/feed
[2025-11-25 03:17:17] - https://tcxx.info/feed
[2025-11-25 03:17:17] - https://geekinney.com/index.xml
[2025-11-25 03:17:17] ✘ 有 2 条订阅头像无法访问, 已使用默认头像:
[2025-11-25 03:17:17] - https://www.loyhome.com/feed
[2025-11-25 03:17:17] - http://feeds.feedburner.com/ruanyifeng
[2025-11-25 04:29:07] 本次订阅抓取结果统计:
[2025-11-25 04:29:07] 共 28 条RSS, 成功抓取 25 条.
[2025-11-25 04:29:07] ✘ 有 3 条订阅解析失败:
[2025-11-25 04:29:07] - https://tumutanzi.com/feed
[2025-11-25 04:29:07] - https://tcxx.info/feed
[2025-11-25 04:29:07] - https://geekinney.com/index.xml
[2025-11-25 04:29:07] ✘ 有 2 条订阅头像无法访问, 已使用默认头像:
[2025-11-25 04:29:07] - http://feeds.feedburner.com/ruanyifeng
[2025-11-25 04:29:07] - https://www.loyhome.com/feed
[2025-11-25 05:23:59] 本次订阅抓取结果统计:
[2025-11-25 05:23:59] 共 28 条RSS, 成功抓取 25 条.
[2025-11-25 05:23:59] ✘ 有 3 条订阅解析失败:
[2025-11-25 05:23:59] - https://tcxx.info/feed
[2025-11-25 05:23:59] - https://tumutanzi.com/feed
[2025-11-25 05:23:59] - https://geekinney.com/index.xml
[2025-11-25 05:23:59] ✘ 有 2 条订阅头像无法访问, 已使用默认头像:
[2025-11-25 05:23:59] - http://feeds.feedburner.com/ruanyifeng
[2025-11-25 05:23:59] - https://www.loyhome.com/feed
[2025-11-25 06:35:58] 本次订阅抓取结果统计:
[2025-11-25 06:35:58] 共 28 条RSS, 成功抓取 25 条.
[2025-11-25 06:35:58] ✘ 有 3 条订阅解析失败:
[2025-11-25 06:35:58] - https://tcxx.info/feed
[2025-11-25 06:35:58] - https://tumutanzi.com/feed
[2025-11-25 06:35:58] - https://geekinney.com/index.xml
[2025-11-25 06:35:58] ✘ 有 3 条订阅头像无法访问, 已使用默认头像:
[2025-11-25 06:35:58] - http://feeds.feedburner.com/ruanyifeng
[2025-11-25 06:35:58] - https://www.loyhome.com/feed
[2025-11-25 06:35:58] - https://xyzbz.cn/feed
[2025-11-25 07:23:42] 本次订阅抓取结果统计:
[2025-11-25 07:23:42] 共 28 条RSS, 成功抓取 25 条.
[2025-11-25 07:23:42] ✘ 有 3 条订阅解析失败:
[2025-11-25 07:23:42] - https://tumutanzi.com/feed
[2025-11-25 07:23:42] - https://tcxx.info/feed
[2025-11-25 07:23:42] - https://geekinney.com/index.xml
[2025-11-25 07:23:42] ✘ 有 3 条订阅头像无法访问, 已使用默认头像:
[2025-11-25 07:23:42] - http://feeds.feedburner.com/ruanyifeng
[2025-11-25 07:23:42] - https://www.loyhome.com/feed
[2025-11-25 07:23:42] - https://blog.zhheo.com/rss.xml
[2025-11-25 08:32:19] 本次订阅抓取结果统计:
[2025-11-25 08:32:19] 共 28 条RSS, 成功抓取 25 条.
[2025-11-25 08:32:19] ✘ 有 3 条订阅解析失败:
[2025-11-25 08:32:19] - https://tcxx.info/feed
[2025-11-25 08:32:19] - https://tumutanzi.com/feed
[2025-11-25 08:32:19] - https://geekinney.com/index.xml
[2025-11-25 08:32:19] ✘ 有 2 条订阅头像无法访问, 已使用默认头像:
[2025-11-25 08:32:19] - http://feeds.feedburner.com/ruanyifeng
[2025-11-25 08:32:19] - https://www.loyhome.com/feed
[2025-11-25 09:27:26] 本次订阅抓取结果统计:
[2025-11-25 09:27:26] 共 28 条RSS, 成功抓取 25 条.
[2025-11-25 09:27:26] ✘ 有 3 条订阅解析失败:
[2025-11-25 09:27:26] - https://tcxx.info/feed
[2025-11-25 09:27:26] - https://tumutanzi.com/feed
[2025-11-25 09:27:26] - https://geekinney.com/index.xml
[2025-11-25 09:27:26] ✘ 有 2 条订阅头像无法访问, 已使用默认头像:
[2025-11-25 09:27:26] - http://feeds.feedburner.com/ruanyifeng
[2025-11-25 09:27:26] - https://www.loyhome.com/feed
[2025-11-25 10:27:45] 本次订阅抓取结果统计:
[2025-11-25 10:27:45] 共 28 条RSS, 成功抓取 25 条.
[2025-11-25 10:27:45] ✘ 有 3 条订阅解析失败:
[2025-11-25 10:27:45] - https://tumutanzi.com/feed
[2025-11-25 10:27:45] - https://tcxx.info/feed
[2025-11-25 10:27:45] - https://geekinney.com/index.xml
[2025-11-25 10:27:45] ✘ 有 2 条订阅头像无法访问, 已使用默认头像:
[2025-11-25 10:27:45] - http://feeds.feedburner.com/ruanyifeng
[2025-11-25 10:27:45] - https://www.loyhome.com/feed
[2025-11-25 11:20:40] 本次订阅抓取结果统计:
[2025-11-25 11:20:40] 共 28 条RSS, 成功抓取 24 条.
[2025-11-25 11:20:40] ✘ 有 4 条订阅解析失败:
[2025-11-25 11:20:40] - https://stephenleng.com/cn/rss
[2025-11-25 11:20:40] - https://tumutanzi.com/feed
[2025-11-25 11:20:40] - https://tcxx.info/feed
[2025-11-25 11:20:40] - https://geekinney.com/index.xml
[2025-11-25 11:20:40] ✘ 有 3 条订阅头像无法访问, 已使用默认头像:
[2025-11-25 11:20:40] - http://feeds.feedburner.com/ruanyifeng
[2025-11-25 11:20:40] - https://www.loyhome.com/feed
[2025-11-25 11:20:40] - https://xyzbz.cn/feed
[2025-11-25 12:49:32] 本次订阅抓取结果统计:
[2025-11-25 12:49:32] 共 28 条RSS, 成功抓取 25 条.
[2025-11-25 12:49:32] ✘ 有 3 条订阅解析失败:
[2025-11-25 12:49:32] - https://tcxx.info/feed
[2025-11-25 12:49:32] - https://tumutanzi.com/feed
[2025-11-25 12:49:32] - https://geekinney.com/index.xml
[2025-11-25 12:49:32] ✘ 有 2 条订阅头像无法访问, 已使用默认头像:
[2025-11-25 12:49:32] - http://feeds.feedburner.com/ruanyifeng
[2025-11-25 12:49:32] - https://www.loyhome.com/feed
[2025-11-25 13:35:54] 本次订阅抓取结果统计:
[2025-11-25 13:35:54] 共 28 条RSS, 成功抓取 25 条.
[2025-11-25 13:35:54] ✘ 有 3 条订阅解析失败:
[2025-11-25 13:35:54] - https://tcxx.info/feed
[2025-11-25 13:35:54] - https://tumutanzi.com/feed
[2025-11-25 13:35:54] - https://geekinney.com/index.xml
[2025-11-25 13:35:54] ✘ 有 2 条订阅头像无法访问, 已使用默认头像:
[2025-11-25 13:35:54] - https://www.loyhome.com/feed
[2025-11-25 13:35:54] - http://feeds.feedburner.com/ruanyifeng
[2025-11-25 14:24:21] 本次订阅抓取结果统计:
[2025-11-25 14:24:21] 共 28 条RSS, 成功抓取 25 条.
[2025-11-25 14:24:21] ✘ 有 3 条订阅解析失败:
[2025-11-25 14:24:21] - https://tumutanzi.com/feed
[2025-11-25 14:24:21] - https://tcxx.info/feed
[2025-11-25 14:24:21] - https://geekinney.com/index.xml
[2025-11-25 14:24:21] ✘ 有 2 条订阅头像无法访问, 已使用默认头像:
[2025-11-25 14:24:21] - http://feeds.feedburner.com/ruanyifeng
[2025-11-25 14:24:21] - https://www.loyhome.com/feed
[2025-11-25 15:26:26] 本次订阅抓取结果统计:
[2025-11-25 15:26:26] 共 28 条RSS, 成功抓取 25 条.
[2025-11-25 15:26:26] ✘ 有 3 条订阅解析失败:
[2025-11-25 15:26:26] - https://tumutanzi.com/feed
[2025-11-25 15:26:26] - https://tcxx.info/feed
[2025-11-25 15:26:26] - https://geekinney.com/index.xml
[2025-11-25 15:26:26] ✘ 有 2 条订阅头像无法访问, 已使用默认头像:
[2025-11-25 15:26:26] - http://feeds.feedburner.com/ruanyifeng
[2025-11-25 15:26:26] - https://www.loyhome.com/feed
[2025-11-25 16:32:00] 本次订阅抓取结果统计:
[2025-11-25 16:32:00] 共 28 条RSS, 成功抓取 25 条.
[2025-11-25 16:32:00] ✘ 有 3 条订阅解析失败:
[2025-11-25 16:32:00] - https://tumutanzi.com/feed
[2025-11-25 16:32:00] - https://tcxx.info/feed
[2025-11-25 16:32:00] - https://geekinney.com/index.xml
[2025-11-25 16:32:00] ✘ 有 2 条订阅头像无法访问, 已使用默认头像:
[2025-11-25 16:32:00] - http://feeds.feedburner.com/ruanyifeng
[2025-11-25 16:32:00] - https://www.loyhome.com/feed
[2025-11-25 17:22:36] 本次订阅抓取结果统计:
[2025-11-25 17:22:36] 共 28 条RSS, 成功抓取 25 条.
[2025-11-25 17:22:36] ✘ 有 3 条订阅解析失败:
[2025-11-25 17:22:36] - https://tcxx.info/feed
[2025-11-25 17:22:36] - https://tumutanzi.com/feed
[2025-11-25 17:22:36] - https://geekinney.com/index.xml
[2025-11-25 17:22:36] ✘ 有 2 条订阅头像无法访问, 已使用默认头像:
[2025-11-25 17:22:36] - https://www.loyhome.com/feed
[2025-11-25 17:22:36] - http://feeds.feedburner.com/ruanyifeng
[2025-11-25 18:35:17] 本次订阅抓取结果统计:
[2025-11-25 18:35:17] 共 28 条RSS, 成功抓取 25 条.
[2025-11-25 18:35:17] ✘ 有 3 条订阅解析失败:
[2025-11-25 18:35:17] - https://tcxx.info/feed
[2025-11-25 18:35:17] - https://tumutanzi.com/feed
[2025-11-25 18:35:17] - https://geekinney.com/index.xml
[2025-11-25 18:35:17] ✘ 有 2 条订阅头像无法访问, 已使用默认头像:
[2025-11-25 18:35:17] - http://feeds.feedburner.com/ruanyifeng
[2025-11-25 18:35:17] - https://www.loyhome.com/feed
[2025-11-25 19:19:46] 本次订阅抓取结果统计:
[2025-11-25 19:19:46] 共 28 条RSS, 成功抓取 25 条.
[2025-11-25 19:19:46] ✘ 有 3 条订阅解析失败:
[2025-11-25 19:19:46] - https://tumutanzi.com/feed
[2025-11-25 19:19:46] - https://tcxx.info/feed
[2025-11-25 19:19:46] - https://geekinney.com/index.xml
[2025-11-25 19:19:46] ✘ 有 2 条订阅头像无法访问, 已使用默认头像:
[2025-11-25 19:19:46] - http://feeds.feedburner.com/ruanyifeng
[2025-11-25 19:19:46] - https://www.loyhome.com/feed
[2025-11-25 20:27:01] 本次订阅抓取结果统计:
[2025-11-25 20:27:01] 共 28 条RSS, 成功抓取 25 条.
[2025-11-25 20:27:01] ✘ 有 3 条订阅解析失败:
[2025-11-25 20:27:01] - https://tcxx.info/feed
[2025-11-25 20:27:01] - https://tumutanzi.com/feed
[2025-11-25 20:27:01] - https://geekinney.com/index.xml
[2025-11-25 20:27:01] ✘ 有 2 条订阅头像无法访问, 已使用默认头像:
[2025-11-25 20:27:01] - https://www.loyhome.com/feed
[2025-11-25 20:27:01] - http://feeds.feedburner.com/ruanyifeng
[2025-11-25 21:21:11] 本次订阅抓取结果统计:
[2025-11-25 21:21:11] 共 28 条RSS, 成功抓取 25 条.
[2025-11-25 21:21:11] ✘ 有 3 条订阅解析失败:
[2025-11-25 21:21:11] - https://tcxx.info/feed
[2025-11-25 21:21:11] - https://tumutanzi.com/feed
[2025-11-25 21:21:11] - https://geekinney.com/index.xml
[2025-11-25 21:21:11] ✘ 有 2 条订阅头像无法访问, 已使用默认头像:
[2025-11-25 21:21:11] - http://feeds.feedburner.com/ruanyifeng
[2025-11-25 21:21:11] - https://www.loyhome.com/feed
