[2025-06-25 01:53:40] 本次订阅抓取结果统计:
[2025-06-25 01:53:40] 共 28 条RSS, 成功抓取 27 条.
[2025-06-25 01:53:40] ✘ 有 1 条订阅解析失败:
[2025-06-25 01:53:40] - https://tcxx.info/feed
[2025-06-25 01:53:40] ✘ 有 2 条订阅头像无法访问, 已使用默认头像:
[2025-06-25 01:53:40] - http://feeds.feedburner.com/ruanyifeng
[2025-06-25 01:53:40] - https://www.loyhome.com/feed
[2025-06-25 03:21:31] 本次订阅抓取结果统计:
[2025-06-25 03:21:31] 共 28 条RSS, 成功抓取 27 条.
[2025-06-25 03:21:31] ✘ 有 1 条订阅解析失败:
[2025-06-25 03:21:31] - https://tcxx.info/feed
[2025-06-25 03:21:31] ✘ 有 2 条订阅头像无法访问, 已使用默认头像:
[2025-06-25 03:21:31] - http://feeds.feedburner.com/ruanyifeng
[2025-06-25 03:21:31] - https://www.loyhome.com/feed
[2025-06-25 04:32:24] 本次订阅抓取结果统计:
[2025-06-25 04:32:24] 共 28 条RSS, 成功抓取 27 条.
[2025-06-25 04:32:24] ✘ 有 1 条订阅解析失败:
[2025-06-25 04:32:24] - https://tcxx.info/feed
[2025-06-25 04:32:24] ✘ 有 2 条订阅头像无法访问, 已使用默认头像:
[2025-06-25 04:32:24] - http://feeds.feedburner.com/ruanyifeng
[2025-06-25 04:32:24] - https://www.loyhome.com/feed
[2025-06-25 05:23:28] 本次订阅抓取结果统计:
[2025-06-25 05:23:28] 共 28 条RSS, 成功抓取 27 条.
[2025-06-25 05:23:28] ✘ 有 1 条订阅解析失败:
[2025-06-25 05:23:28] - https://tcxx.info/feed
[2025-06-25 05:23:28] ✘ 有 2 条订阅头像无法访问, 已使用默认头像:
[2025-06-25 05:23:28] - http://feeds.feedburner.com/ruanyifeng
[2025-06-25 05:23:28] - https://www.loyhome.com/feed
[2025-06-25 06:34:23] 本次订阅抓取结果统计:
[2025-06-25 06:34:23] 共 28 条RSS, 成功抓取 27 条.
[2025-06-25 06:34:23] ✘ 有 1 条订阅解析失败:
[2025-06-25 06:34:23] - https://tcxx.info/feed
[2025-06-25 06:34:23] ✘ 有 3 条订阅头像无法访问, 已使用默认头像:
[2025-06-25 06:34:23] - http://feeds.feedburner.com/ruanyifeng
[2025-06-25 06:34:23] - https://www.loyhome.com/feed
[2025-06-25 06:34:23] - https://xyzbz.cn/feed
[2025-06-25 07:23:34] 本次订阅抓取结果统计:
[2025-06-25 07:23:34] 共 28 条RSS, 成功抓取 26 条.
[2025-06-25 07:23:34] ✘ 有 2 条订阅解析失败:
[2025-06-25 07:23:34] - https://tcxx.info/feed
[2025-06-25 07:23:34] - https://wangpei.net/feed
[2025-06-25 07:23:34] ✘ 有 2 条订阅头像无法访问, 已使用默认头像:
[2025-06-25 07:23:34] - http://feeds.feedburner.com/ruanyifeng
[2025-06-25 07:23:34] - https://www.loyhome.com/feed
[2025-06-25 08:31:55] 本次订阅抓取结果统计:
[2025-06-25 08:31:55] 共 28 条RSS, 成功抓取 27 条.
[2025-06-25 08:31:55] ✘ 有 1 条订阅解析失败:
[2025-06-25 08:31:55] - https://tcxx.info/feed
[2025-06-25 08:31:55] ✘ 有 2 条订阅头像无法访问, 已使用默认头像:
[2025-06-25 08:31:55] - http://feeds.feedburner.com/ruanyifeng
[2025-06-25 08:31:55] - https://www.loyhome.com/feed
[2025-06-25 09:27:15] 本次订阅抓取结果统计:
[2025-06-25 09:27:15] 共 28 条RSS, 成功抓取 27 条.
[2025-06-25 09:27:15] ✘ 有 1 条订阅解析失败:
[2025-06-25 09:27:15] - https://tcxx.info/feed
[2025-06-25 09:27:15] ✘ 有 2 条订阅头像无法访问, 已使用默认头像:
[2025-06-25 09:27:15] - http://feeds.feedburner.com/ruanyifeng
[2025-06-25 09:27:15] - https://www.loyhome.com/feed
[2025-06-25 10:25:24] 本次订阅抓取结果统计:
[2025-06-25 10:25:24] 共 28 条RSS, 成功抓取 27 条.
[2025-06-25 10:25:24] ✘ 有 1 条订阅解析失败:
[2025-06-25 10:25:24] - https://tcxx.info/feed
[2025-06-25 10:25:24] ✘ 有 2 条订阅头像无法访问, 已使用默认头像:
[2025-06-25 10:25:24] - http://feeds.feedburner.com/ruanyifeng
[2025-06-25 10:25:24] - https://www.loyhome.com/feed
[2025-06-25 11:20:05] 本次订阅抓取结果统计:
[2025-06-25 11:20:05] 共 28 条RSS, 成功抓取 27 条.
[2025-06-25 11:20:05] ✘ 有 1 条订阅解析失败:
[2025-06-25 11:20:05] - https://tcxx.info/feed
[2025-06-25 11:20:05] ✘ 有 2 条订阅头像无法访问, 已使用默认头像:
[2025-06-25 11:20:05] - https://www.loyhome.com/feed
[2025-06-25 11:20:05] - http://feeds.feedburner.com/ruanyifeng
[2025-06-25 12:48:59] 本次订阅抓取结果统计:
[2025-06-25 12:48:59] 共 28 条RSS, 成功抓取 27 条.
[2025-06-25 12:48:59] ✘ 有 1 条订阅解析失败:
[2025-06-25 12:48:59] - https://tcxx.info/feed
[2025-06-25 12:48:59] ✘ 有 2 条订阅头像无法访问, 已使用默认头像:
[2025-06-25 12:48:59] - http://feeds.feedburner.com/ruanyifeng
[2025-06-25 12:48:59] - https://www.loyhome.com/feed
[2025-06-25 13:36:29] 本次订阅抓取结果统计:
[2025-06-25 13:36:29] 共 28 条RSS, 成功抓取 27 条.
[2025-06-25 13:36:29] ✘ 有 1 条订阅解析失败:
[2025-06-25 13:36:29] - https://tcxx.info/feed
[2025-06-25 13:36:29] ✘ 有 3 条订阅头像无法访问, 已使用默认头像:
[2025-06-25 13:36:29] - http://feeds.feedburner.com/ruanyifeng
[2025-06-25 13:36:29] - https://www.loyhome.com/feed
[2025-06-25 13:36:29] - https://xyzbz.cn/feed
