[2025-10-24 01:40:07] 本次订阅抓取结果统计:
[2025-10-24 01:40:07] 共 28 条RSS, 成功抓取 25 条.
[2025-10-24 01:40:07] ✘ 有 3 条订阅解析失败:
[2025-10-24 01:40:07] - https://tcxx.info/feed
[2025-10-24 01:40:07] - https://tumutanzi.com/feed
[2025-10-24 01:40:07] - https://geekinney.com/index.xml
[2025-10-24 01:40:07] ✘ 有 2 条订阅头像无法访问, 已使用默认头像:
[2025-10-24 01:40:07] - http://feeds.feedburner.com/ruanyifeng
[2025-10-24 01:40:07] - https://www.loyhome.com/feed
[2025-10-24 03:02:09] 本次订阅抓取结果统计:
[2025-10-24 03:02:09] 共 28 条RSS, 成功抓取 25 条.
[2025-10-24 03:02:09] ✘ 有 3 条订阅解析失败:
[2025-10-24 03:02:09] - https://tumutanzi.com/feed
[2025-10-24 03:02:09] - https://tcxx.info/feed
[2025-10-24 03:02:09] - https://geekinney.com/index.xml
[2025-10-24 03:02:09] ✘ 有 2 条订阅头像无法访问, 已使用默认头像:
[2025-10-24 03:02:09] - http://feeds.feedburner.com/ruanyifeng
[2025-10-24 03:02:09] - https://www.loyhome.com/feed
[2025-10-24 04:26:52] 本次订阅抓取结果统计:
[2025-10-24 04:26:52] 共 28 条RSS, 成功抓取 24 条.
[2025-10-24 04:26:52] ✘ 有 4 条订阅解析失败:
[2025-10-24 04:26:52] - https://tcxx.info/feed
[2025-10-24 04:26:52] - https://tumutanzi.com/feed
[2025-10-24 04:26:52] - https://geekinney.com/index.xml
[2025-10-24 04:26:52] - https://wangpei.net/feed
[2025-10-24 04:26:52] ✘ 有 2 条订阅头像无法访问, 已使用默认头像:
[2025-10-24 04:26:52] - http://feeds.feedburner.com/ruanyifeng
[2025-10-24 04:26:52] - https://www.loyhome.com/feed
