[2025-04-13 03:09:14] 本次订阅抓取结果统计:
[2025-04-13 03:09:14] 共 28 条RSS, 成功抓取 27 条.
[2025-04-13 03:09:14] ✘ 有 1 条订阅解析失败:
[2025-04-13 03:09:14] - https://tcxx.info/feed
[2025-04-13 03:09:14] ✘ 有 2 条订阅头像无法访问, 已使用默认头像:
[2025-04-13 03:09:14] - https://www.loyhome.com/feed
[2025-04-13 03:09:14] - http://feeds.feedburner.com/ruanyifeng
[2025-04-13 04:49:40] 本次订阅抓取结果统计:
[2025-04-13 04:49:40] 共 28 条RSS, 成功抓取 27 条.
[2025-04-13 04:49:40] ✘ 有 1 条订阅解析失败:
[2025-04-13 04:49:40] - https://tcxx.info/feed
[2025-04-13 04:49:40] ✘ 有 2 条订阅头像无法访问, 已使用默认头像:
[2025-04-13 04:49:40] - http://feeds.feedburner.com/ruanyifeng
[2025-04-13 04:49:40] - https://www.loyhome.com/feed
[2025-04-13 05:25:00] 本次订阅抓取结果统计:
[2025-04-13 05:25:00] 共 28 条RSS, 成功抓取 27 条.
[2025-04-13 05:25:00] ✘ 有 1 条订阅解析失败:
[2025-04-13 05:25:00] - https://tcxx.info/feed
[2025-04-13 05:25:00] ✘ 有 2 条订阅头像无法访问, 已使用默认头像:
[2025-04-13 05:25:00] - http://feeds.feedburner.com/ruanyifeng
[2025-04-13 05:25:00] - https://www.loyhome.com/feed
[2025-04-13 06:28:19] 本次订阅抓取结果统计:
[2025-04-13 06:28:19] 共 28 条RSS, 成功抓取 27 条.
[2025-04-13 06:28:19] ✘ 有 1 条订阅解析失败:
[2025-04-13 06:28:19] - https://tcxx.info/feed
[2025-04-13 06:28:19] ✘ 有 2 条订阅头像无法访问, 已使用默认头像:
[2025-04-13 06:28:19] - http://feeds.feedburner.com/ruanyifeng
[2025-04-13 06:28:19] - https://www.loyhome.com/feed
