[2025-12-19 01:55:07] 本次订阅抓取结果统计:
[2025-12-19 01:55:07] 共 28 条RSS, 成功抓取 25 条.
[2025-12-19 01:55:07] ✘ 有 3 条订阅解析失败:
[2025-12-19 01:55:07] - https://tcxx.info/feed
[2025-12-19 01:55:07] - https://tumutanzi.com/feed
[2025-12-19 01:55:07] - https://geekinney.com/index.xml
[2025-12-19 01:55:07] ✘ 有 3 条订阅头像无法访问, 已使用默认头像:
[2025-12-19 01:55:07] - https://oba.by/feed
[2025-12-19 01:55:07] - http://feeds.feedburner.com/ruanyifeng
[2025-12-19 01:55:07] - https://www.loyhome.com/feed
[2025-12-19 03:27:37] 本次订阅抓取结果统计:
[2025-12-19 03:27:37] 共 28 条RSS, 成功抓取 24 条.
[2025-12-19 03:27:37] ✘ 有 4 条订阅解析失败:
[2025-12-19 03:27:37] - https://tcxx.info/feed
[2025-12-19 03:27:37] - https://tumutanzi.com/feed
[2025-12-19 03:27:37] - https://geekinney.com/index.xml
[2025-12-19 03:27:37] - https://www.loyhome.com/feed
[2025-12-19 03:27:37] ✘ 有 2 条订阅头像无法访问, 已使用默认头像:
[2025-12-19 03:27:37] - https://oba.by/feed
[2025-12-19 03:27:37] - http://feeds.feedburner.com/ruanyifeng
