[2026-05-19 00:10:58] 本次订阅抓取结果统计:
[2026-05-19 00:10:58] 共 28 条RSS, 成功抓取 23 条.
[2026-05-19 00:10:58] ✘ 有 5 条订阅解析失败:
[2026-05-19 00:10:58] - https://blog.pursuitus.com/feed
[2026-05-19 00:10:58] - https://geekinney.com/index.xml
[2026-05-19 00:10:58] - https://tcxx.info/feed
[2026-05-19 00:10:58] - https://tumutanzi.com/feed
[2026-05-19 00:10:58] - https://www.shephe.com/feed
[2026-05-19 00:10:58] ✘ 有 3 条订阅头像无法访问, 已使用默认头像:
[2026-05-19 00:10:58] - https://www.loyhome.com/feed
[2026-05-19 00:10:58] - http://feeds.feedburner.com/ruanyifeng
[2026-05-19 00:10:58] - https://xyzbz.cn/feed
[2026-05-19 05:04:00] 本次订阅抓取结果统计:
[2026-05-19 05:04:00] 共 28 条RSS, 成功抓取 23 条.
[2026-05-19 05:04:00] ✘ 有 5 条订阅解析失败:
[2026-05-19 05:04:00] - https://blog.pursuitus.com/feed
[2026-05-19 05:04:00] - https://geekinney.com/index.xml
[2026-05-19 05:04:00] - https://tcxx.info/feed
[2026-05-19 05:04:00] - https://tumutanzi.com/feed
[2026-05-19 05:04:00] - https://www.shephe.com/feed
[2026-05-19 05:04:00] ✘ 有 3 条订阅头像无法访问, 已使用默认头像:
[2026-05-19 05:04:00] - https://www.loyhome.com/feed
[2026-05-19 05:04:00] - http://feeds.feedburner.com/ruanyifeng
[2026-05-19 05:04:00] - https://xyzbz.cn/feed
