[2026-06-24 00:01:06] 本次订阅抓取结果统计:
[2026-06-24 00:01:06] 共 28 条RSS, 成功抓取 24 条.
[2026-06-24 00:01:06] ✘ 有 4 条订阅解析失败:
[2026-06-24 00:01:06] - https://blog.pursuitus.com/feed
[2026-06-24 00:01:06] - https://geekinney.com/index.xml
[2026-06-24 00:01:06] - https://tcxx.info/feed
[2026-06-24 00:01:06] - https://www.shephe.com/feed
[2026-06-24 00:01:06] ✘ 有 3 条订阅头像无法访问, 已使用默认头像:
[2026-06-24 00:01:06] - https://www.loyhome.com/feed
[2026-06-24 00:01:06] - http://feeds.feedburner.com/ruanyifeng
[2026-06-24 00:01:06] - https://xyzbz.cn/feed
[2026-06-24 05:03:40] 本次订阅抓取结果统计:
[2026-06-24 05:03:40] 共 28 条RSS, 成功抓取 24 条.
[2026-06-24 05:03:40] ✘ 有 4 条订阅解析失败:
[2026-06-24 05:03:40] - https://blog.pursuitus.com/feed
[2026-06-24 05:03:40] - https://tcxx.info/feed
[2026-06-24 05:03:40] - https://geekinney.com/index.xml
[2026-06-24 05:03:40] - https://www.shephe.com/feed
[2026-06-24 05:03:40] ✘ 有 3 条订阅头像无法访问, 已使用默认头像:
[2026-06-24 05:03:40] - https://www.loyhome.com/feed
[2026-06-24 05:03:40] - http://feeds.feedburner.com/ruanyifeng
[2026-06-24 05:03:40] - https://xyzbz.cn/feed
