[2026-01-06 01:58:52] 本次订阅抓取结果统计:
[2026-01-06 01:58:52] 共 28 条RSS, 成功抓取 25 条.
[2026-01-06 01:58:52] ✘ 有 3 条订阅解析失败:
[2026-01-06 01:58:52] - https://tumutanzi.com/feed
[2026-01-06 01:58:52] - https://tcxx.info/feed
[2026-01-06 01:58:52] - https://geekinney.com/index.xml
[2026-01-06 01:58:52] ✘ 有 2 条订阅头像无法访问, 已使用默认头像:
[2026-01-06 01:58:52] - https://oba.by/feed
[2026-01-06 01:58:52] - http://feeds.feedburner.com/ruanyifeng
[2026-01-06 03:44:21] 本次订阅抓取结果统计:
[2026-01-06 03:44:21] 共 28 条RSS, 成功抓取 25 条.
[2026-01-06 03:44:21] ✘ 有 3 条订阅解析失败:
[2026-01-06 03:44:21] - https://tcxx.info/feed
[2026-01-06 03:44:21] - https://tumutanzi.com/feed
[2026-01-06 03:44:21] - https://geekinney.com/index.xml
[2026-01-06 03:44:21] ✘ 有 3 条订阅头像无法访问, 已使用默认头像:
[2026-01-06 03:44:21] - https://oba.by/feed
[2026-01-06 03:44:21] - http://feeds.feedburner.com/ruanyifeng
[2026-01-06 03:44:21] - https://www.loyhome.com/feed
[2026-01-06 04:42:36] 本次订阅抓取结果统计:
[2026-01-06 04:42:36] 共 28 条RSS, 成功抓取 25 条.
[2026-01-06 04:42:36] ✘ 有 3 条订阅解析失败:
[2026-01-06 04:42:36] - https://tcxx.info/feed
[2026-01-06 04:42:36] - https://tumutanzi.com/feed
[2026-01-06 04:42:36] - https://geekinney.com/index.xml
[2026-01-06 04:42:36] ✘ 有 2 条订阅头像无法访问, 已使用默认头像:
[2026-01-06 04:42:36] - http://feeds.feedburner.com/ruanyifeng
[2026-01-06 04:42:36] - https://oba.by/feed
[2026-01-06 05:28:53] 本次订阅抓取结果统计:
[2026-01-06 05:28:53] 共 28 条RSS, 成功抓取 25 条.
[2026-01-06 05:28:53] ✘ 有 3 条订阅解析失败:
[2026-01-06 05:28:53] - https://tcxx.info/feed
[2026-01-06 05:28:53] - https://tumutanzi.com/feed
[2026-01-06 05:28:53] - https://geekinney.com/index.xml
[2026-01-06 05:28:53] ✘ 有 3 条订阅头像无法访问, 已使用默认头像:
[2026-01-06 05:28:53] - https://oba.by/feed
[2026-01-06 05:28:53] - http://feeds.feedburner.com/ruanyifeng
[2026-01-06 05:28:53] - https://www.loyhome.com/feed
[2026-01-06 06:39:49] 本次订阅抓取结果统计:
[2026-01-06 06:39:49] 共 28 条RSS, 成功抓取 25 条.
[2026-01-06 06:39:49] ✘ 有 3 条订阅解析失败:
[2026-01-06 06:39:49] - https://tumutanzi.com/feed
[2026-01-06 06:39:49] - https://tcxx.info/feed
[2026-01-06 06:39:49] - https://geekinney.com/index.xml
[2026-01-06 06:39:49] ✘ 有 2 条订阅头像无法访问, 已使用默认头像:
[2026-01-06 06:39:49] - https://oba.by/feed
[2026-01-06 06:39:49] - http://feeds.feedburner.com/ruanyifeng
[2026-01-06 07:28:59] 本次订阅抓取结果统计:
[2026-01-06 07:28:59] 共 28 条RSS, 成功抓取 24 条.
[2026-01-06 07:28:59] ✘ 有 4 条订阅解析失败:
[2026-01-06 07:28:59] - https://tcxx.info/feed
[2026-01-06 07:28:59] - https://tumutanzi.com/feed
[2026-01-06 07:28:59] - https://geekinney.com/index.xml
[2026-01-06 07:28:59] - https://oba.by/feed
[2026-01-06 07:28:59] ✘ 有 2 条订阅头像无法访问, 已使用默认头像:
[2026-01-06 07:28:59] - http://feeds.feedburner.com/ruanyifeng
[2026-01-06 07:28:59] - https://xyzbz.cn/feed
[2026-01-06 08:36:20] 本次订阅抓取结果统计:
[2026-01-06 08:36:20] 共 28 条RSS, 成功抓取 25 条.
[2026-01-06 08:36:20] ✘ 有 3 条订阅解析失败:
[2026-01-06 08:36:20] - https://tumutanzi.com/feed
[2026-01-06 08:36:20] - https://tcxx.info/feed
[2026-01-06 08:36:20] - https://geekinney.com/index.xml
[2026-01-06 08:36:20] ✘ 有 3 条订阅头像无法访问, 已使用默认头像:
[2026-01-06 08:36:20] - https://oba.by/feed
[2026-01-06 08:36:20] - http://feeds.feedburner.com/ruanyifeng
[2026-01-06 08:36:20] - https://www.loyhome.com/feed
[2026-01-06 09:30:18] 本次订阅抓取结果统计:
[2026-01-06 09:30:18] 共 28 条RSS, 成功抓取 25 条.
[2026-01-06 09:30:18] ✘ 有 3 条订阅解析失败:
[2026-01-06 09:30:18] - https://tumutanzi.com/feed
[2026-01-06 09:30:18] - https://tcxx.info/feed
[2026-01-06 09:30:18] - https://geekinney.com/index.xml
[2026-01-06 09:30:18] ✘ 有 3 条订阅头像无法访问, 已使用默认头像:
[2026-01-06 09:30:18] - http://feeds.feedburner.com/ruanyifeng
[2026-01-06 09:30:18] - https://oba.by/feed
[2026-01-06 09:30:18] - https://www.loyhome.com/feed
[2026-01-06 10:28:05] 本次订阅抓取结果统计:
[2026-01-06 10:28:05] 共 28 条RSS, 成功抓取 25 条.
[2026-01-06 10:28:05] ✘ 有 3 条订阅解析失败:
[2026-01-06 10:28:05] - https://tcxx.info/feed
[2026-01-06 10:28:05] - https://tumutanzi.com/feed
[2026-01-06 10:28:05] - https://geekinney.com/index.xml
[2026-01-06 10:28:05] ✘ 有 2 条订阅头像无法访问, 已使用默认头像:
[2026-01-06 10:28:05] - https://oba.by/feed
[2026-01-06 10:28:05] - http://feeds.feedburner.com/ruanyifeng
[2026-01-06 11:22:26] 本次订阅抓取结果统计:
[2026-01-06 11:22:26] 共 28 条RSS, 成功抓取 25 条.
[2026-01-06 11:22:26] ✘ 有 3 条订阅解析失败:
[2026-01-06 11:22:26] - https://tcxx.info/feed
[2026-01-06 11:22:26] - https://tumutanzi.com/feed
[2026-01-06 11:22:26] - https://geekinney.com/index.xml
[2026-01-06 11:22:26] ✘ 有 2 条订阅头像无法访问, 已使用默认头像:
[2026-01-06 11:22:26] - http://feeds.feedburner.com/ruanyifeng
[2026-01-06 11:22:26] - https://oba.by/feed
[2026-01-06 12:52:18] 本次订阅抓取结果统计:
[2026-01-06 12:52:18] 共 28 条RSS, 成功抓取 25 条.
[2026-01-06 12:52:18] ✘ 有 3 条订阅解析失败:
[2026-01-06 12:52:18] - https://tcxx.info/feed
[2026-01-06 12:52:18] - https://tumutanzi.com/feed
[2026-01-06 12:52:18] - https://geekinney.com/index.xml
[2026-01-06 12:52:18] ✘ 有 2 条订阅头像无法访问, 已使用默认头像:
[2026-01-06 12:52:18] - https://oba.by/feed
[2026-01-06 12:52:18] - http://feeds.feedburner.com/ruanyifeng
[2026-01-06 13:40:00] 本次订阅抓取结果统计:
[2026-01-06 13:40:00] 共 28 条RSS, 成功抓取 25 条.
[2026-01-06 13:40:00] ✘ 有 3 条订阅解析失败:
[2026-01-06 13:40:00] - https://tumutanzi.com/feed
[2026-01-06 13:40:00] - https://tcxx.info/feed
[2026-01-06 13:40:00] - https://geekinney.com/index.xml
[2026-01-06 13:40:00] ✘ 有 2 条订阅头像无法访问, 已使用默认头像:
[2026-01-06 13:40:00] - https://oba.by/feed
[2026-01-06 13:40:00] - http://feeds.feedburner.com/ruanyifeng
[2026-01-06 14:26:54] 本次订阅抓取结果统计:
[2026-01-06 14:26:54] 共 28 条RSS, 成功抓取 25 条.
[2026-01-06 14:26:54] ✘ 有 3 条订阅解析失败:
[2026-01-06 14:26:54] - https://tcxx.info/feed
[2026-01-06 14:26:54] - https://tumutanzi.com/feed
[2026-01-06 14:26:54] - https://geekinney.com/index.xml
[2026-01-06 14:26:54] ✘ 有 2 条订阅头像无法访问, 已使用默认头像:
[2026-01-06 14:26:54] - https://oba.by/feed
[2026-01-06 14:26:54] - http://feeds.feedburner.com/ruanyifeng
[2026-01-06 15:27:28] 本次订阅抓取结果统计:
[2026-01-06 15:27:28] 共 28 条RSS, 成功抓取 25 条.
[2026-01-06 15:27:28] ✘ 有 3 条订阅解析失败:
[2026-01-06 15:27:28] - https://tcxx.info/feed
[2026-01-06 15:27:28] - https://tumutanzi.com/feed
[2026-01-06 15:27:28] - https://geekinney.com/index.xml
[2026-01-06 15:27:28] ✘ 有 3 条订阅头像无法访问, 已使用默认头像:
[2026-01-06 15:27:28] - https://oba.by/feed
[2026-01-06 15:27:28] - http://feeds.feedburner.com/ruanyifeng
[2026-01-06 15:27:28] - https://xyzbz.cn/feed
[2026-01-06 16:34:02] 本次订阅抓取结果统计:
[2026-01-06 16:34:02] 共 28 条RSS, 成功抓取 25 条.
[2026-01-06 16:34:02] ✘ 有 3 条订阅解析失败:
[2026-01-06 16:34:02] - https://tcxx.info/feed
[2026-01-06 16:34:02] - https://tumutanzi.com/feed
[2026-01-06 16:34:02] - https://geekinney.com/index.xml
[2026-01-06 16:34:02] ✘ 有 2 条订阅头像无法访问, 已使用默认头像:
[2026-01-06 16:34:02] - https://oba.by/feed
[2026-01-06 16:34:02] - http://feeds.feedburner.com/ruanyifeng
[2026-01-06 17:26:14] 本次订阅抓取结果统计:
[2026-01-06 17:26:14] 共 28 条RSS, 成功抓取 25 条.
[2026-01-06 17:26:14] ✘ 有 3 条订阅解析失败:
[2026-01-06 17:26:14] - https://tcxx.info/feed
[2026-01-06 17:26:14] - https://tumutanzi.com/feed
[2026-01-06 17:26:14] - https://geekinney.com/index.xml
[2026-01-06 17:26:14] ✘ 有 2 条订阅头像无法访问, 已使用默认头像:
[2026-01-06 17:26:14] - https://oba.by/feed
[2026-01-06 17:26:14] - http://feeds.feedburner.com/ruanyifeng
[2026-01-06 18:36:42] 本次订阅抓取结果统计:
[2026-01-06 18:36:42] 共 28 条RSS, 成功抓取 25 条.
[2026-01-06 18:36:42] ✘ 有 3 条订阅解析失败:
[2026-01-06 18:36:42] - https://tcxx.info/feed
[2026-01-06 18:36:42] - https://tumutanzi.com/feed
[2026-01-06 18:36:42] - https://geekinney.com/index.xml
[2026-01-06 18:36:42] ✘ 有 2 条订阅头像无法访问, 已使用默认头像:
[2026-01-06 18:36:42] - https://oba.by/feed
[2026-01-06 18:36:42] - http://feeds.feedburner.com/ruanyifeng
[2026-01-06 19:19:24] 本次订阅抓取结果统计:
[2026-01-06 19:19:24] 共 28 条RSS, 成功抓取 25 条.
[2026-01-06 19:19:24] ✘ 有 3 条订阅解析失败:
[2026-01-06 19:19:24] - https://tumutanzi.com/feed
[2026-01-06 19:19:24] - https://tcxx.info/feed
[2026-01-06 19:19:24] - https://geekinney.com/index.xml
[2026-01-06 19:19:24] ✘ 有 2 条订阅头像无法访问, 已使用默认头像:
[2026-01-06 19:19:24] - https://oba.by/feed
[2026-01-06 19:19:24] - http://feeds.feedburner.com/ruanyifeng
