[2026-04-22 02:52:28] 本次订阅抓取结果统计:
[2026-04-22 02:52:28] 共 28 条RSS, 成功抓取 23 条.
[2026-04-22 02:52:28] ✘ 有 5 条订阅解析失败:
[2026-04-22 02:52:28] - https://blog.pursuitus.com/feed
[2026-04-22 02:52:28] - https://geekinney.com/index.xml
[2026-04-22 02:52:28] - https://tcxx.info/feed
[2026-04-22 02:52:28] - https://tumutanzi.com/feed
[2026-04-22 02:52:28] - https://www.shephe.com/feed
[2026-04-22 02:52:28] ✘ 有 2 条订阅头像无法访问, 已使用默认头像:
[2026-04-22 02:52:28] - https://www.loyhome.com/feed
[2026-04-22 02:52:28] - http://feeds.feedburner.com/ruanyifeng
[2026-04-22 05:29:15] 本次订阅抓取结果统计:
[2026-04-22 05:29:15] 共 28 条RSS, 成功抓取 23 条.
[2026-04-22 05:29:15] ✘ 有 5 条订阅解析失败:
[2026-04-22 05:29:15] - https://blog.pursuitus.com/feed
[2026-04-22 05:29:15] - https://geekinney.com/index.xml
[2026-04-22 05:29:15] - https://tcxx.info/feed
[2026-04-22 05:29:15] - https://tumutanzi.com/feed
[2026-04-22 05:29:15] - https://www.shephe.com/feed
[2026-04-22 05:29:15] ✘ 有 2 条订阅头像无法访问, 已使用默认头像:
[2026-04-22 05:29:15] - https://www.loyhome.com/feed
[2026-04-22 05:29:15] - http://feeds.feedburner.com/ruanyifeng
[2026-04-22 07:55:03] 本次订阅抓取结果统计:
[2026-04-22 07:55:03] 共 28 条RSS, 成功抓取 23 条.
[2026-04-22 07:55:03] ✘ 有 5 条订阅解析失败:
[2026-04-22 07:55:03] - https://blog.pursuitus.com/feed
[2026-04-22 07:55:03] - https://geekinney.com/index.xml
[2026-04-22 07:55:03] - https://tumutanzi.com/feed
[2026-04-22 07:55:03] - https://tcxx.info/feed
[2026-04-22 07:55:03] - https://www.shephe.com/feed
[2026-04-22 07:55:03] ✘ 有 2 条订阅头像无法访问, 已使用默认头像:
[2026-04-22 07:55:03] - https://www.loyhome.com/feed
[2026-04-22 07:55:03] - http://feeds.feedburner.com/ruanyifeng
[2026-04-22 09:24:42] 本次订阅抓取结果统计:
[2026-04-22 09:24:42] 共 28 条RSS, 成功抓取 23 条.
[2026-04-22 09:24:42] ✘ 有 5 条订阅解析失败:
[2026-04-22 09:24:42] - https://blog.pursuitus.com/feed
[2026-04-22 09:24:42] - https://geekinney.com/index.xml
[2026-04-22 09:24:42] - https://tcxx.info/feed
[2026-04-22 09:24:42] - https://www.shephe.com/feed
[2026-04-22 09:24:42] - https://tumutanzi.com/feed
[2026-04-22 09:24:42] ✘ 有 2 条订阅头像无法访问, 已使用默认头像:
[2026-04-22 09:24:42] - https://www.loyhome.com/feed
[2026-04-22 09:24:42] - http://feeds.feedburner.com/ruanyifeng
[2026-04-22 11:10:30] 本次订阅抓取结果统计:
[2026-04-22 11:10:30] 共 28 条RSS, 成功抓取 20 条.
[2026-04-22 11:10:30] ✘ 有 8 条订阅解析失败:
[2026-04-22 11:10:30] - https://blog.pursuitus.com/feed
[2026-04-22 11:10:30] - https://geekinney.com/index.xml
[2026-04-22 11:10:30] - https://tcxx.info/feed
[2026-04-22 11:10:30] - https://www.shephe.com/feed
[2026-04-22 11:10:30] - https://tumutanzi.com/feed
[2026-04-22 11:10:30] - https://oba.by/feed
[2026-04-22 11:10:30] - https://xyzbz.cn/feed
[2026-04-22 11:10:30] - https://blog.zhheo.com/rss.xml
[2026-04-22 11:10:30] ✘ 有 3 条订阅头像无法访问, 已使用默认头像:
[2026-04-22 11:10:30] - https://www.loyhome.com/feed
[2026-04-22 11:10:30] - http://feeds.feedburner.com/ruanyifeng
[2026-04-22 11:10:30] - https://blog.ursb.me/feed.xml
