[2026-05-01 03:42:10] 本次订阅抓取结果统计:
[2026-05-01 03:42:10] 共 28 条RSS, 成功抓取 23 条.
[2026-05-01 03:42:10] ✘ 有 5 条订阅解析失败:
[2026-05-01 03:42:10] - https://blog.pursuitus.com/feed
[2026-05-01 03:42:10] - https://geekinney.com/index.xml
[2026-05-01 03:42:10] - https://tcxx.info/feed
[2026-05-01 03:42:10] - https://tumutanzi.com/feed
[2026-05-01 03:42:10] - https://www.shephe.com/feed
[2026-05-01 03:42:10] ✘ 有 2 条订阅头像无法访问, 已使用默认头像:
[2026-05-01 03:42:10] - https://www.loyhome.com/feed
[2026-05-01 03:42:10] - http://feeds.feedburner.com/ruanyifeng
[2026-05-01 06:39:36] 本次订阅抓取结果统计:
[2026-05-01 06:39:36] 共 28 条RSS, 成功抓取 23 条.
[2026-05-01 06:39:36] ✘ 有 5 条订阅解析失败:
[2026-05-01 06:39:36] - https://blog.pursuitus.com/feed
[2026-05-01 06:39:36] - https://geekinney.com/index.xml
[2026-05-01 06:39:36] - https://tumutanzi.com/feed
[2026-05-01 06:39:36] - https://tcxx.info/feed
[2026-05-01 06:39:36] - https://www.shephe.com/feed
[2026-05-01 06:39:36] ✘ 有 2 条订阅头像无法访问, 已使用默认头像:
[2026-05-01 06:39:36] - https://www.loyhome.com/feed
[2026-05-01 06:39:36] - http://feeds.feedburner.com/ruanyifeng
[2026-05-01 09:03:06] 本次订阅抓取结果统计:
[2026-05-01 09:03:06] 共 28 条RSS, 成功抓取 23 条.
[2026-05-01 09:03:06] ✘ 有 5 条订阅解析失败:
[2026-05-01 09:03:06] - https://blog.pursuitus.com/feed
[2026-05-01 09:03:06] - https://tcxx.info/feed
[2026-05-01 09:03:06] - https://geekinney.com/index.xml
[2026-05-01 09:03:06] - https://tumutanzi.com/feed
[2026-05-01 09:03:06] - https://www.shephe.com/feed
[2026-05-01 09:03:06] ✘ 有 2 条订阅头像无法访问, 已使用默认头像:
[2026-05-01 09:03:06] - https://www.loyhome.com/feed
[2026-05-01 09:03:06] - http://feeds.feedburner.com/ruanyifeng
[2026-05-01 11:09:37] 本次订阅抓取结果统计:
[2026-05-01 11:09:37] 共 28 条RSS, 成功抓取 23 条.
[2026-05-01 11:09:37] ✘ 有 5 条订阅解析失败:
[2026-05-01 11:09:37] - https://blog.pursuitus.com/feed
[2026-05-01 11:09:37] - https://geekinney.com/index.xml
[2026-05-01 11:09:37] - https://tcxx.info/feed
[2026-05-01 11:09:37] - https://tumutanzi.com/feed
[2026-05-01 11:09:37] - https://www.shephe.com/feed
[2026-05-01 11:09:37] ✘ 有 2 条订阅头像无法访问, 已使用默认头像:
[2026-05-01 11:09:37] - https://www.loyhome.com/feed
[2026-05-01 11:09:37] - http://feeds.feedburner.com/ruanyifeng
[2026-05-01 13:25:36] 本次订阅抓取结果统计:
[2026-05-01 13:25:36] 共 28 条RSS, 成功抓取 23 条.
[2026-05-01 13:25:36] ✘ 有 5 条订阅解析失败:
[2026-05-01 13:25:36] - https://blog.pursuitus.com/feed
[2026-05-01 13:25:36] - https://geekinney.com/index.xml
[2026-05-01 13:25:36] - https://www.shephe.com/feed
[2026-05-01 13:25:36] - https://tcxx.info/feed
[2026-05-01 13:25:36] - https://tumutanzi.com/feed
[2026-05-01 13:25:36] ✘ 有 3 条订阅头像无法访问, 已使用默认头像:
[2026-05-01 13:25:36] - http://feeds.feedburner.com/ruanyifeng
[2026-05-01 13:25:36] - https://www.loyhome.com/feed
[2026-05-01 13:25:36] - https://xyzbz.cn/feed
[2026-05-01 14:58:58] 本次订阅抓取结果统计:
[2026-05-01 14:58:58] 共 28 条RSS, 成功抓取 23 条.
[2026-05-01 14:58:58] ✘ 有 5 条订阅解析失败:
[2026-05-01 14:58:58] - https://blog.pursuitus.com/feed
[2026-05-01 14:58:58] - https://geekinney.com/index.xml
[2026-05-01 14:58:58] - https://tcxx.info/feed
[2026-05-01 14:58:58] - https://tumutanzi.com/feed
[2026-05-01 14:58:58] - https://www.shephe.com/feed
[2026-05-01 14:58:58] ✘ 有 2 条订阅头像无法访问, 已使用默认头像:
[2026-05-01 14:58:58] - https://www.loyhome.com/feed
[2026-05-01 14:58:58] - http://feeds.feedburner.com/ruanyifeng
[2026-05-01 16:02:58] 本次订阅抓取结果统计:
[2026-05-01 16:02:58] 共 28 条RSS, 成功抓取 23 条.
[2026-05-01 16:02:58] ✘ 有 5 条订阅解析失败:
[2026-05-01 16:02:58] - https://blog.pursuitus.com/feed
[2026-05-01 16:02:58] - https://tcxx.info/feed
[2026-05-01 16:02:58] - https://geekinney.com/index.xml
[2026-05-01 16:02:58] - https://tumutanzi.com/feed
[2026-05-01 16:02:58] - https://www.shephe.com/feed
[2026-05-01 16:02:58] ✘ 有 2 条订阅头像无法访问, 已使用默认头像:
[2026-05-01 16:02:58] - https://www.loyhome.com/feed
[2026-05-01 16:02:58] - http://feeds.feedburner.com/ruanyifeng
[2026-05-01 18:00:40] 本次订阅抓取结果统计:
[2026-05-01 18:00:40] 共 28 条RSS, 成功抓取 23 条.
[2026-05-01 18:00:40] ✘ 有 5 条订阅解析失败:
[2026-05-01 18:00:40] - https://blog.pursuitus.com/feed
[2026-05-01 18:00:40] - https://geekinney.com/index.xml
[2026-05-01 18:00:40] - https://tcxx.info/feed
[2026-05-01 18:00:40] - https://tumutanzi.com/feed
[2026-05-01 18:00:40] - https://www.shephe.com/feed
[2026-05-01 18:00:40] ✘ 有 3 条订阅头像无法访问, 已使用默认头像:
[2026-05-01 18:00:40] - https://www.loyhome.com/feed
[2026-05-01 18:00:40] - https://xyzbz.cn/feed
[2026-05-01 18:00:40] - http://feeds.feedburner.com/ruanyifeng
[2026-05-01 19:25:08] 本次订阅抓取结果统计:
[2026-05-01 19:25:08] 共 28 条RSS, 成功抓取 23 条.
[2026-05-01 19:25:08] ✘ 有 5 条订阅解析失败:
[2026-05-01 19:25:08] - https://blog.pursuitus.com/feed
[2026-05-01 19:25:08] - https://geekinney.com/index.xml
[2026-05-01 19:25:08] - https://www.shephe.com/feed
[2026-05-01 19:25:08] - https://tcxx.info/feed
[2026-05-01 19:25:08] - https://tumutanzi.com/feed
[2026-05-01 19:25:08] ✘ 有 4 条订阅头像无法访问, 已使用默认头像:
[2026-05-01 19:25:08] - https://www.loyhome.com/feed
[2026-05-01 19:25:08] - https://blog.zhheo.com/rss.xml
[2026-05-01 19:25:08] - http://feeds.feedburner.com/ruanyifeng
[2026-05-01 19:25:08] - https://xyzbz.cn/feed
[2026-05-01 20:56:54] 本次订阅抓取结果统计:
[2026-05-01 20:56:54] 共 28 条RSS, 成功抓取 23 条.
[2026-05-01 20:56:54] ✘ 有 5 条订阅解析失败:
[2026-05-01 20:56:54] - https://blog.pursuitus.com/feed
[2026-05-01 20:56:54] - https://geekinney.com/index.xml
[2026-05-01 20:56:54] - https://tcxx.info/feed
[2026-05-01 20:56:54] - https://tumutanzi.com/feed
[2026-05-01 20:56:54] - https://www.shephe.com/feed
[2026-05-01 20:56:54] ✘ 有 3 条订阅头像无法访问, 已使用默认头像:
[2026-05-01 20:56:54] - https://www.loyhome.com/feed
[2026-05-01 20:56:54] - https://xyzbz.cn/feed
[2026-05-01 20:56:54] - http://feeds.feedburner.com/ruanyifeng
[2026-05-01 21:57:45] 本次订阅抓取结果统计:
[2026-05-01 21:57:45] 共 28 条RSS, 成功抓取 22 条.
[2026-05-01 21:57:45] ✘ 有 6 条订阅解析失败:
[2026-05-01 21:57:45] - https://blog.pursuitus.com/feed
[2026-05-01 21:57:45] - https://blog.yanqingshan.com/feed
[2026-05-01 21:57:45] - https://geekinney.com/index.xml
[2026-05-01 21:57:45] - https://tcxx.info/feed
[2026-05-01 21:57:45] - https://tumutanzi.com/feed
[2026-05-01 21:57:45] - https://www.shephe.com/feed
[2026-05-01 21:57:45] ✘ 有 4 条订阅头像无法访问, 已使用默认头像:
[2026-05-01 21:57:45] - https://blog.zhheo.com/rss.xml
[2026-05-01 21:57:45] - https://www.loyhome.com/feed
[2026-05-01 21:57:45] - https://xyzbz.cn/feed
[2026-05-01 21:57:45] - http://feeds.feedburner.com/ruanyifeng
[2026-05-01 22:57:40] 本次订阅抓取结果统计:
[2026-05-01 22:57:40] 共 28 条RSS, 成功抓取 23 条.
[2026-05-01 22:57:40] ✘ 有 5 条订阅解析失败:
[2026-05-01 22:57:40] - https://blog.pursuitus.com/feed
[2026-05-01 22:57:40] - https://geekinney.com/index.xml
[2026-05-01 22:57:40] - https://tcxx.info/feed
[2026-05-01 22:57:40] - https://tumutanzi.com/feed
[2026-05-01 22:57:40] - https://www.shephe.com/feed
[2026-05-01 22:57:40] ✘ 有 3 条订阅头像无法访问, 已使用默认头像:
[2026-05-01 22:57:40] - https://www.loyhome.com/feed
[2026-05-01 22:57:40] - http://feeds.feedburner.com/ruanyifeng
[2026-05-01 22:57:40] - https://xyzbz.cn/feed
