[2026-01-28 02:02:38] 本次订阅抓取结果统计:
[2026-01-28 02:02:38] 共 28 条RSS, 成功抓取 24 条.
[2026-01-28 02:02:38] ✘ 有 4 条订阅解析失败:
[2026-01-28 02:02:38] - https://blog.pursuitus.com/feed
[2026-01-28 02:02:38] - https://tcxx.info/feed
[2026-01-28 02:02:38] - https://tumutanzi.com/feed
[2026-01-28 02:02:38] - https://geekinney.com/index.xml
[2026-01-28 02:02:38] ✘ 有 3 条订阅头像无法访问, 已使用默认头像:
[2026-01-28 02:02:38] - https://oba.by/feed
[2026-01-28 02:02:38] - http://feeds.feedburner.com/ruanyifeng
[2026-01-28 02:02:38] - https://www.laruence.com/feed
[2026-01-28 04:07:52] 本次订阅抓取结果统计:
[2026-01-28 04:07:52] 共 28 条RSS, 成功抓取 24 条.
[2026-01-28 04:07:52] ✘ 有 4 条订阅解析失败:
[2026-01-28 04:07:52] - https://blog.pursuitus.com/feed
[2026-01-28 04:07:52] - https://tcxx.info/feed
[2026-01-28 04:07:52] - https://tumutanzi.com/feed
[2026-01-28 04:07:52] - https://geekinney.com/index.xml
[2026-01-28 04:07:52] ✘ 有 3 条订阅头像无法访问, 已使用默认头像:
[2026-01-28 04:07:52] - http://feeds.feedburner.com/ruanyifeng
[2026-01-28 04:07:52] - https://www.laruence.com/feed
[2026-01-28 04:07:52] - https://oba.by/feed
[2026-01-28 05:31:43] 本次订阅抓取结果统计:
[2026-01-28 05:31:43] 共 28 条RSS, 成功抓取 24 条.
[2026-01-28 05:31:43] ✘ 有 4 条订阅解析失败:
[2026-01-28 05:31:43] - https://blog.pursuitus.com/feed
[2026-01-28 05:31:43] - https://tcxx.info/feed
[2026-01-28 05:31:43] - https://tumutanzi.com/feed
[2026-01-28 05:31:43] - https://geekinney.com/index.xml
[2026-01-28 05:31:43] ✘ 有 3 条订阅头像无法访问, 已使用默认头像:
[2026-01-28 05:31:43] - https://oba.by/feed
[2026-01-28 05:31:43] - http://feeds.feedburner.com/ruanyifeng
[2026-01-28 05:31:43] - https://www.laruence.com/feed
