[2026-03-31 02:42:17] 本次订阅抓取结果统计:
[2026-03-31 02:42:17] 共 28 条RSS, 成功抓取 24 条.
[2026-03-31 02:42:17] ✘ 有 4 条订阅解析失败:
[2026-03-31 02:42:17] - https://blog.pursuitus.com/feed
[2026-03-31 02:42:17] - https://geekinney.com/index.xml
[2026-03-31 02:42:17] - https://tumutanzi.com/feed
[2026-03-31 02:42:17] - https://tcxx.info/feed
[2026-03-31 02:42:17] ✘ 有 1 条订阅头像无法访问, 已使用默认头像:
[2026-03-31 02:42:17] - http://feeds.feedburner.com/ruanyifeng
[2026-03-31 05:12:21] 本次订阅抓取结果统计:
[2026-03-31 05:12:21] 共 28 条RSS, 成功抓取 24 条.
[2026-03-31 05:12:21] ✘ 有 4 条订阅解析失败:
[2026-03-31 05:12:21] - https://blog.pursuitus.com/feed
[2026-03-31 05:12:21] - https://geekinney.com/index.xml
[2026-03-31 05:12:21] - https://tcxx.info/feed
[2026-03-31 05:12:21] - https://tumutanzi.com/feed
[2026-03-31 05:12:21] ✘ 有 1 条订阅头像无法访问, 已使用默认头像:
[2026-03-31 05:12:21] - http://feeds.feedburner.com/ruanyifeng
[2026-03-31 07:21:17] 本次订阅抓取结果统计:
[2026-03-31 07:21:17] 共 28 条RSS, 成功抓取 24 条.
[2026-03-31 07:21:17] ✘ 有 4 条订阅解析失败:
[2026-03-31 07:21:17] - https://blog.pursuitus.com/feed
[2026-03-31 07:21:17] - https://geekinney.com/index.xml
[2026-03-31 07:21:17] - https://tcxx.info/feed
[2026-03-31 07:21:17] - https://tumutanzi.com/feed
[2026-03-31 07:21:17] ✘ 有 1 条订阅头像无法访问, 已使用默认头像:
[2026-03-31 07:21:17] - http://feeds.feedburner.com/ruanyifeng
