[2026-02-28 02:08:57] 本次订阅抓取结果统计:
[2026-02-28 02:08:57] 共 28 条RSS, 成功抓取 24 条.
[2026-02-28 02:08:57] ✘ 有 4 条订阅解析失败:
[2026-02-28 02:08:57] - https://blog.pursuitus.com/feed
[2026-02-28 02:08:57] - https://tcxx.info/feed
[2026-02-28 02:08:57] - https://tumutanzi.com/feed
[2026-02-28 02:08:57] - https://geekinney.com/index.xml
[2026-02-28 02:08:57] ✘ 有 1 条订阅头像无法访问, 已使用默认头像:
[2026-02-28 02:08:57] - http://feeds.feedburner.com/ruanyifeng
[2026-02-28 04:17:30] 本次订阅抓取结果统计:
[2026-02-28 04:17:30] 共 28 条RSS, 成功抓取 24 条.
[2026-02-28 04:17:30] ✘ 有 4 条订阅解析失败:
[2026-02-28 04:17:30] - https://blog.pursuitus.com/feed
[2026-02-28 04:17:30] - https://tcxx.info/feed
[2026-02-28 04:17:30] - https://tumutanzi.com/feed
[2026-02-28 04:17:30] - https://geekinney.com/index.xml
[2026-02-28 04:17:30] ✘ 有 1 条订阅头像无法访问, 已使用默认头像:
[2026-02-28 04:17:30] - http://feeds.feedburner.com/ruanyifeng
[2026-02-28 05:35:35] 本次订阅抓取结果统计:
[2026-02-28 05:35:35] 共 28 条RSS, 成功抓取 24 条.
[2026-02-28 05:35:35] ✘ 有 4 条订阅解析失败:
[2026-02-28 05:35:35] - https://blog.pursuitus.com/feed
[2026-02-28 05:35:35] - https://tcxx.info/feed
[2026-02-28 05:35:35] - https://tumutanzi.com/feed
[2026-02-28 05:35:35] - https://geekinney.com/index.xml
[2026-02-28 05:35:35] ✘ 有 2 条订阅头像无法访问, 已使用默认头像:
[2026-02-28 05:35:35] - http://feeds.feedburner.com/ruanyifeng
[2026-02-28 05:35:35] - https://xyzbz.cn/feed
[2026-02-28 06:43:57] 本次订阅抓取结果统计:
[2026-02-28 06:43:57] 共 28 条RSS, 成功抓取 24 条.
[2026-02-28 06:43:57] ✘ 有 4 条订阅解析失败:
[2026-02-28 06:43:57] - https://blog.pursuitus.com/feed
[2026-02-28 06:43:57] - https://tcxx.info/feed
[2026-02-28 06:43:57] - https://tumutanzi.com/feed
[2026-02-28 06:43:57] - https://geekinney.com/index.xml
[2026-02-28 06:43:57] ✘ 有 1 条订阅头像无法访问, 已使用默认头像:
[2026-02-28 06:43:57] - http://feeds.feedburner.com/ruanyifeng
