[2026-01-25 02:10:45] 本次订阅抓取结果统计:
[2026-01-25 02:10:45] 共 28 条RSS, 成功抓取 24 条.
[2026-01-25 02:10:45] ✘ 有 4 条订阅解析失败:
[2026-01-25 02:10:45] - https://blog.pursuitus.com/feed
[2026-01-25 02:10:45] - https://tcxx.info/feed
[2026-01-25 02:10:45] - https://tumutanzi.com/feed
[2026-01-25 02:10:45] - https://geekinney.com/index.xml
[2026-01-25 02:10:45] ✘ 有 3 条订阅头像无法访问, 已使用默认头像:
[2026-01-25 02:10:45] - https://oba.by/feed
[2026-01-25 02:10:45] - http://feeds.feedburner.com/ruanyifeng
[2026-01-25 02:10:45] - https://www.laruence.com/feed
[2026-01-25 04:15:26] 本次订阅抓取结果统计:
[2026-01-25 04:15:26] 共 28 条RSS, 成功抓取 24 条.
[2026-01-25 04:15:26] ✘ 有 4 条订阅解析失败:
[2026-01-25 04:15:26] - https://blog.pursuitus.com/feed
[2026-01-25 04:15:26] - https://tcxx.info/feed
[2026-01-25 04:15:26] - https://tumutanzi.com/feed
[2026-01-25 04:15:26] - https://geekinney.com/index.xml
[2026-01-25 04:15:26] ✘ 有 3 条订阅头像无法访问, 已使用默认头像:
[2026-01-25 04:15:26] - https://oba.by/feed
[2026-01-25 04:15:26] - https://www.laruence.com/feed
[2026-01-25 04:15:26] - http://feeds.feedburner.com/ruanyifeng
[2026-01-25 05:30:54] 本次订阅抓取结果统计:
[2026-01-25 05:30:54] 共 28 条RSS, 成功抓取 24 条.
[2026-01-25 05:30:54] ✘ 有 4 条订阅解析失败:
[2026-01-25 05:30:54] - https://blog.pursuitus.com/feed
[2026-01-25 05:30:54] - https://tcxx.info/feed
[2026-01-25 05:30:54] - https://tumutanzi.com/feed
[2026-01-25 05:30:54] - https://geekinney.com/index.xml
[2026-01-25 05:30:54] ✘ 有 4 条订阅头像无法访问, 已使用默认头像:
[2026-01-25 05:30:54] - https://oba.by/feed
[2026-01-25 05:30:54] - https://www.laruence.com/feed
[2026-01-25 05:30:54] - http://feeds.feedburner.com/ruanyifeng
[2026-01-25 05:30:54] - https://xyzbz.cn/feed
[2026-01-25 06:37:24] 本次订阅抓取结果统计:
[2026-01-25 06:37:24] 共 28 条RSS, 成功抓取 24 条.
[2026-01-25 06:37:24] ✘ 有 4 条订阅解析失败:
[2026-01-25 06:37:24] - https://blog.pursuitus.com/feed
[2026-01-25 06:37:24] - https://tcxx.info/feed
[2026-01-25 06:37:24] - https://tumutanzi.com/feed
[2026-01-25 06:37:24] - https://geekinney.com/index.xml
[2026-01-25 06:37:24] ✘ 有 3 条订阅头像无法访问, 已使用默认头像:
[2026-01-25 06:37:24] - https://oba.by/feed
[2026-01-25 06:37:24] - http://feeds.feedburner.com/ruanyifeng
[2026-01-25 06:37:24] - https://www.laruence.com/feed
[2026-01-25 07:24:41] 本次订阅抓取结果统计:
[2026-01-25 07:24:41] 共 28 条RSS, 成功抓取 24 条.
[2026-01-25 07:24:41] ✘ 有 4 条订阅解析失败:
[2026-01-25 07:24:41] - https://blog.pursuitus.com/feed
[2026-01-25 07:24:41] - https://tcxx.info/feed
[2026-01-25 07:24:41] - https://tumutanzi.com/feed
[2026-01-25 07:24:41] - https://geekinney.com/index.xml
[2026-01-25 07:24:41] ✘ 有 4 条订阅头像无法访问, 已使用默认头像:
[2026-01-25 07:24:41] - https://oba.by/feed
[2026-01-25 07:24:41] - http://feeds.feedburner.com/ruanyifeng
[2026-01-25 07:24:41] - https://www.laruence.com/feed
[2026-01-25 07:24:41] - https://xyzbz.cn/feed
[2026-01-25 08:32:09] 本次订阅抓取结果统计:
[2026-01-25 08:32:09] 共 28 条RSS, 成功抓取 24 条.
[2026-01-25 08:32:09] ✘ 有 4 条订阅解析失败:
[2026-01-25 08:32:09] - https://blog.pursuitus.com/feed
[2026-01-25 08:32:09] - https://tcxx.info/feed
[2026-01-25 08:32:09] - https://tumutanzi.com/feed
[2026-01-25 08:32:09] - https://geekinney.com/index.xml
[2026-01-25 08:32:09] ✘ 有 3 条订阅头像无法访问, 已使用默认头像:
[2026-01-25 08:32:09] - https://oba.by/feed
[2026-01-25 08:32:09] - http://feeds.feedburner.com/ruanyifeng
[2026-01-25 08:32:09] - https://www.laruence.com/feed
[2026-01-25 09:26:12] 本次订阅抓取结果统计:
[2026-01-25 09:26:12] 共 28 条RSS, 成功抓取 24 条.
[2026-01-25 09:26:12] ✘ 有 4 条订阅解析失败:
[2026-01-25 09:26:12] - https://blog.pursuitus.com/feed
[2026-01-25 09:26:12] - https://tcxx.info/feed
[2026-01-25 09:26:12] - https://tumutanzi.com/feed
[2026-01-25 09:26:12] - https://geekinney.com/index.xml
[2026-01-25 09:26:12] ✘ 有 3 条订阅头像无法访问, 已使用默认头像:
[2026-01-25 09:26:12] - https://oba.by/feed
[2026-01-25 09:26:12] - https://www.laruence.com/feed
[2026-01-25 09:26:12] - http://feeds.feedburner.com/ruanyifeng
[2026-01-25 10:26:07] 本次订阅抓取结果统计:
[2026-01-25 10:26:07] 共 28 条RSS, 成功抓取 24 条.
[2026-01-25 10:26:07] ✘ 有 4 条订阅解析失败:
[2026-01-25 10:26:07] - https://blog.pursuitus.com/feed
[2026-01-25 10:26:07] - https://tcxx.info/feed
[2026-01-25 10:26:07] - https://tumutanzi.com/feed
[2026-01-25 10:26:07] - https://geekinney.com/index.xml
[2026-01-25 10:26:07] ✘ 有 3 条订阅头像无法访问, 已使用默认头像:
[2026-01-25 10:26:07] - https://oba.by/feed
[2026-01-25 10:26:07] - http://feeds.feedburner.com/ruanyifeng
[2026-01-25 10:26:07] - https://www.laruence.com/feed
[2026-01-25 11:20:54] 本次订阅抓取结果统计:
[2026-01-25 11:20:54] 共 28 条RSS, 成功抓取 24 条.
[2026-01-25 11:20:54] ✘ 有 4 条订阅解析失败:
[2026-01-25 11:20:54] - https://blog.pursuitus.com/feed
[2026-01-25 11:20:54] - https://tcxx.info/feed
[2026-01-25 11:20:54] - https://tumutanzi.com/feed
[2026-01-25 11:20:54] - https://geekinney.com/index.xml
[2026-01-25 11:20:54] ✘ 有 3 条订阅头像无法访问, 已使用默认头像:
[2026-01-25 11:20:54] - https://oba.by/feed
[2026-01-25 11:20:54] - http://feeds.feedburner.com/ruanyifeng
[2026-01-25 11:20:54] - https://www.laruence.com/feed
[2026-01-25 12:50:21] 本次订阅抓取结果统计:
[2026-01-25 12:50:21] 共 28 条RSS, 成功抓取 24 条.
[2026-01-25 12:50:21] ✘ 有 4 条订阅解析失败:
[2026-01-25 12:50:21] - https://blog.pursuitus.com/feed
[2026-01-25 12:50:21] - https://tcxx.info/feed
[2026-01-25 12:50:21] - https://tumutanzi.com/feed
[2026-01-25 12:50:21] - https://geekinney.com/index.xml
[2026-01-25 12:50:21] ✘ 有 3 条订阅头像无法访问, 已使用默认头像:
[2026-01-25 12:50:21] - https://oba.by/feed
[2026-01-25 12:50:21] - https://www.laruence.com/feed
[2026-01-25 12:50:21] - http://feeds.feedburner.com/ruanyifeng
