[2026-03-15 02:44:28] 本次订阅抓取结果统计:
[2026-03-15 02:44:28] 共 28 条RSS, 成功抓取 23 条.
[2026-03-15 02:44:28] ✘ 有 5 条订阅解析失败:
[2026-03-15 02:44:28] - https://blog.pursuitus.com/feed
[2026-03-15 02:44:28] - https://geekinney.com/index.xml
[2026-03-15 02:44:28] - https://tcxx.info/feed
[2026-03-15 02:44:28] - https://tumutanzi.com/feed
[2026-03-15 02:44:28] - https://wangpei.net/feed
[2026-03-15 02:44:28] ✘ 有 1 条订阅头像无法访问, 已使用默认头像:
[2026-03-15 02:44:28] - http://feeds.feedburner.com/ruanyifeng
[2026-03-15 05:08:14] 本次订阅抓取结果统计:
[2026-03-15 05:08:14] 共 28 条RSS, 成功抓取 23 条.
[2026-03-15 05:08:14] ✘ 有 5 条订阅解析失败:
[2026-03-15 05:08:14] - https://blog.pursuitus.com/feed
[2026-03-15 05:08:14] - https://geekinney.com/index.xml
[2026-03-15 05:08:14] - https://tcxx.info/feed
[2026-03-15 05:08:14] - https://tumutanzi.com/feed
[2026-03-15 05:08:14] - https://www.loyhome.com/feed
[2026-03-15 05:08:14] ✘ 有 1 条订阅头像无法访问, 已使用默认头像:
[2026-03-15 05:08:14] - http://feeds.feedburner.com/ruanyifeng
