[2026-07-21 03:33:54] 本次订阅抓取结果统计:
[2026-07-21 03:33:54] 共 28 条RSS, 成功抓取 25 条.
[2026-07-21 03:33:54] ✘ 有 3 条订阅解析失败:
[2026-07-21 03:33:54] - https://geekinney.com/index.xml
[2026-07-21 03:33:54] - https://tcxx.info/feed
[2026-07-21 03:33:54] - https://www.shephe.com/feed
[2026-07-21 03:33:54] ✘ 有 2 条订阅头像无法访问, 已使用默认头像:
[2026-07-21 03:33:54] - https://www.loyhome.com/feed
[2026-07-21 03:33:54] - http://feeds.feedburner.com/ruanyifeng
[2026-07-21 06:33:20] 本次订阅抓取结果统计:
[2026-07-21 06:33:20] 共 28 条RSS, 成功抓取 22 条.
[2026-07-21 06:33:20] ✘ 有 6 条订阅解析失败:
[2026-07-21 06:33:20] - https://geekinney.com/index.xml
[2026-07-21 06:33:20] - https://tcxx.info/feed
[2026-07-21 06:33:20] - https://ihaihe.cn/feed
[2026-07-21 06:33:20] - https://www.laruence.com/feed
[2026-07-21 06:33:20] - https://blog.fooleap.org/atom.xml
[2026-07-21 06:33:20] - https://www.shephe.com/feed
[2026-07-21 06:33:20] ✘ 有 3 条订阅头像无法访问, 已使用默认头像:
[2026-07-21 06:33:20] - https://www.loyhome.com/feed
[2026-07-21 06:33:20] - http://feeds.feedburner.com/ruanyifeng
[2026-07-21 06:33:20] - https://blog.yanqingshan.com/feed
[2026-07-21 09:28:44] 本次订阅抓取结果统计:
[2026-07-21 09:28:44] 共 28 条RSS, 成功抓取 25 条.
[2026-07-21 09:28:44] ✘ 有 3 条订阅解析失败:
[2026-07-21 09:28:44] - https://geekinney.com/index.xml
[2026-07-21 09:28:44] - https://tcxx.info/feed
[2026-07-21 09:28:44] - https://www.shephe.com/feed
[2026-07-21 09:28:44] ✘ 有 2 条订阅头像无法访问, 已使用默认头像:
[2026-07-21 09:28:44] - https://www.loyhome.com/feed
[2026-07-21 09:28:44] - http://feeds.feedburner.com/ruanyifeng
