[2026-03-06 02:25:27] 本次订阅抓取结果统计:
[2026-03-06 02:25:27] 共 28 条RSS, 成功抓取 24 条.
[2026-03-06 02:25:27] ✘ 有 4 条订阅解析失败:
[2026-03-06 02:25:27] - https://blog.pursuitus.com/feed
[2026-03-06 02:25:27] - https://tcxx.info/feed
[2026-03-06 02:25:27] - https://tumutanzi.com/feed
[2026-03-06 02:25:27] - https://geekinney.com/index.xml
[2026-03-06 02:25:27] ✘ 有 1 条订阅头像无法访问, 已使用默认头像:
[2026-03-06 02:25:27] - http://feeds.feedburner.com/ruanyifeng
[2026-03-06 04:44:50] 本次订阅抓取结果统计:
[2026-03-06 04:44:50] 共 28 条RSS, 成功抓取 24 条.
[2026-03-06 04:44:50] ✘ 有 4 条订阅解析失败:
[2026-03-06 04:44:50] - https://blog.pursuitus.com/feed
[2026-03-06 04:44:50] - https://tcxx.info/feed
[2026-03-06 04:44:50] - https://tumutanzi.com/feed
[2026-03-06 04:44:50] - https://geekinney.com/index.xml
[2026-03-06 04:44:50] ✘ 有 1 条订阅头像无法访问, 已使用默认头像:
[2026-03-06 04:44:50] - http://feeds.feedburner.com/ruanyifeng
[2026-03-06 05:48:48] 本次订阅抓取结果统计:
[2026-03-06 05:48:48] 共 28 条RSS, 成功抓取 24 条.
[2026-03-06 05:48:48] ✘ 有 4 条订阅解析失败:
[2026-03-06 05:48:48] - https://blog.pursuitus.com/feed
[2026-03-06 05:48:48] - https://tcxx.info/feed
[2026-03-06 05:48:48] - https://tumutanzi.com/feed
[2026-03-06 05:48:48] - https://geekinney.com/index.xml
[2026-03-06 05:48:48] ✘ 有 1 条订阅头像无法访问, 已使用默认头像:
[2026-03-06 05:48:48] - http://feeds.feedburner.com/ruanyifeng
[2026-03-06 06:56:19] 本次订阅抓取结果统计:
[2026-03-06 06:56:19] 共 28 条RSS, 成功抓取 23 条.
[2026-03-06 06:56:19] ✘ 有 5 条订阅解析失败:
[2026-03-06 06:56:19] - https://blog.pursuitus.com/feed
[2026-03-06 06:56:19] - https://tcxx.info/feed
[2026-03-06 06:56:19] - https://tumutanzi.com/feed
[2026-03-06 06:56:19] - https://geekinney.com/index.xml
[2026-03-06 06:56:19] - https://wangpei.net/feed
[2026-03-06 06:56:19] ✘ 有 1 条订阅头像无法访问, 已使用默认头像:
[2026-03-06 06:56:19] - http://feeds.feedburner.com/ruanyifeng
[2026-03-06 07:41:49] 本次订阅抓取结果统计:
[2026-03-06 07:41:49] 共 28 条RSS, 成功抓取 21 条.
[2026-03-06 07:41:49] ✘ 有 7 条订阅解析失败:
[2026-03-06 07:41:49] - https://blog.pursuitus.com/feed
[2026-03-06 07:41:49] - https://tcxx.info/feed
[2026-03-06 07:41:49] - https://tumutanzi.com/feed
[2026-03-06 07:41:49] - https://geekinney.com/index.xml
[2026-03-06 07:41:49] - https://xyzbz.cn/feed
[2026-03-06 07:41:49] - https://oba.by/feed
[2026-03-06 07:41:49] - https://blog.zhheo.com/rss.xml
[2026-03-06 07:41:49] ✘ 有 1 条订阅头像无法访问, 已使用默认头像:
[2026-03-06 07:41:49] - http://feeds.feedburner.com/ruanyifeng
[2026-03-06 08:42:31] 本次订阅抓取结果统计:
[2026-03-06 08:42:31] 共 28 条RSS, 成功抓取 24 条.
[2026-03-06 08:42:31] ✘ 有 4 条订阅解析失败:
[2026-03-06 08:42:31] - https://blog.pursuitus.com/feed
[2026-03-06 08:42:31] - https://tumutanzi.com/feed
[2026-03-06 08:42:31] - https://tcxx.info/feed
[2026-03-06 08:42:31] - https://geekinney.com/index.xml
[2026-03-06 08:42:31] ✘ 有 1 条订阅头像无法访问, 已使用默认头像:
[2026-03-06 08:42:31] - http://feeds.feedburner.com/ruanyifeng
