[2026-04-26 03:22:51] 本次订阅抓取结果统计:
[2026-04-26 03:22:51] 共 28 条RSS, 成功抓取 23 条.
[2026-04-26 03:22:51] ✘ 有 5 条订阅解析失败:
[2026-04-26 03:22:51] - https://blog.pursuitus.com/feed
[2026-04-26 03:22:51] - https://geekinney.com/index.xml
[2026-04-26 03:22:51] - https://tcxx.info/feed
[2026-04-26 03:22:51] - https://tumutanzi.com/feed
[2026-04-26 03:22:51] - https://www.shephe.com/feed
[2026-04-26 03:22:51] ✘ 有 2 条订阅头像无法访问, 已使用默认头像:
[2026-04-26 03:22:51] - https://www.loyhome.com/feed
[2026-04-26 03:22:51] - http://feeds.feedburner.com/ruanyifeng
[2026-04-26 06:09:00] 本次订阅抓取结果统计:
[2026-04-26 06:09:00] 共 28 条RSS, 成功抓取 23 条.
[2026-04-26 06:09:00] ✘ 有 5 条订阅解析失败:
[2026-04-26 06:09:00] - https://blog.pursuitus.com/feed
[2026-04-26 06:09:00] - https://geekinney.com/index.xml
[2026-04-26 06:09:00] - https://www.shephe.com/feed
[2026-04-26 06:09:00] - https://tcxx.info/feed
[2026-04-26 06:09:00] - https://tumutanzi.com/feed
[2026-04-26 06:09:00] ✘ 有 2 条订阅头像无法访问, 已使用默认头像:
[2026-04-26 06:09:00] - https://www.loyhome.com/feed
[2026-04-26 06:09:00] - http://feeds.feedburner.com/ruanyifeng
[2026-04-26 08:16:29] 本次订阅抓取结果统计:
[2026-04-26 08:16:29] 共 28 条RSS, 成功抓取 23 条.
[2026-04-26 08:16:29] ✘ 有 5 条订阅解析失败:
[2026-04-26 08:16:29] - https://blog.pursuitus.com/feed
[2026-04-26 08:16:29] - https://geekinney.com/index.xml
[2026-04-26 08:16:29] - https://tumutanzi.com/feed
[2026-04-26 08:16:29] - https://tcxx.info/feed
[2026-04-26 08:16:29] - https://www.shephe.com/feed
[2026-04-26 08:16:29] ✘ 有 2 条订阅头像无法访问, 已使用默认头像:
[2026-04-26 08:16:29] - https://www.loyhome.com/feed
[2026-04-26 08:16:29] - http://feeds.feedburner.com/ruanyifeng
[2026-04-26 09:56:08] 本次订阅抓取结果统计:
[2026-04-26 09:56:08] 共 28 条RSS, 成功抓取 23 条.
[2026-04-26 09:56:08] ✘ 有 5 条订阅解析失败:
[2026-04-26 09:56:08] - https://blog.pursuitus.com/feed
[2026-04-26 09:56:08] - https://geekinney.com/index.xml
[2026-04-26 09:56:08] - https://tcxx.info/feed
[2026-04-26 09:56:08] - https://tumutanzi.com/feed
[2026-04-26 09:56:08] - https://www.shephe.com/feed
[2026-04-26 09:56:08] ✘ 有 2 条订阅头像无法访问, 已使用默认头像:
[2026-04-26 09:56:08] - https://www.loyhome.com/feed
[2026-04-26 09:56:08] - http://feeds.feedburner.com/ruanyifeng
