[2026-06-10 04:01:56] 本次订阅抓取结果统计:
[2026-06-10 04:01:56] 共 28 条RSS, 成功抓取 23 条.
[2026-06-10 04:01:56] ✘ 有 5 条订阅解析失败:
[2026-06-10 04:01:56] - https://blog.pursuitus.com/feed
[2026-06-10 04:01:56] - https://tcxx.info/feed
[2026-06-10 04:01:56] - https://geekinney.com/index.xml
[2026-06-10 04:01:56] - https://tumutanzi.com/feed
[2026-06-10 04:01:56] - https://www.shephe.com/feed
[2026-06-10 04:01:56] ✘ 有 3 条订阅头像无法访问, 已使用默认头像:
[2026-06-10 04:01:56] - https://www.loyhome.com/feed
[2026-06-10 04:01:56] - https://oba.by/feed
[2026-06-10 04:01:56] - http://feeds.feedburner.com/ruanyifeng
[2026-06-10 08:50:43] 本次订阅抓取结果统计:
[2026-06-10 08:50:43] 共 28 条RSS, 成功抓取 23 条.
[2026-06-10 08:50:43] ✘ 有 5 条订阅解析失败:
[2026-06-10 08:50:43] - https://blog.pursuitus.com/feed
[2026-06-10 08:50:43] - https://tumutanzi.com/feed
[2026-06-10 08:50:43] - https://tcxx.info/feed
[2026-06-10 08:50:43] - https://www.shephe.com/feed
[2026-06-10 08:50:43] - https://geekinney.com/index.xml
[2026-06-10 08:50:43] ✘ 有 2 条订阅头像无法访问, 已使用默认头像:
[2026-06-10 08:50:43] - https://www.loyhome.com/feed
[2026-06-10 08:50:43] - http://feeds.feedburner.com/ruanyifeng
