[2026-07-15 02:46:48] 本次订阅抓取结果统计:
[2026-07-15 02:46:48] 共 28 条RSS, 成功抓取 24 条.
[2026-07-15 02:46:48] ✘ 有 4 条订阅解析失败:
[2026-07-15 02:46:48] - https://blog.pursuitus.com/feed
[2026-07-15 02:46:48] - https://geekinney.com/index.xml
[2026-07-15 02:46:48] - https://tcxx.info/feed
[2026-07-15 02:46:48] - https://www.shephe.com/feed
[2026-07-15 02:46:48] ✘ 有 3 条订阅头像无法访问, 已使用默认头像:
[2026-07-15 02:46:48] - https://www.loyhome.com/feed
[2026-07-15 02:46:48] - http://feeds.feedburner.com/ruanyifeng
[2026-07-15 02:46:48] - https://xyzbz.cn/feed
[2026-07-15 05:37:00] 本次订阅抓取结果统计:
[2026-07-15 05:37:00] 共 28 条RSS, 成功抓取 24 条.
[2026-07-15 05:37:00] ✘ 有 4 条订阅解析失败:
[2026-07-15 05:37:00] - https://blog.pursuitus.com/feed
[2026-07-15 05:37:00] - https://geekinney.com/index.xml
[2026-07-15 05:37:00] - https://tcxx.info/feed
[2026-07-15 05:37:00] - https://www.shephe.com/feed
[2026-07-15 05:37:00] ✘ 有 2 条订阅头像无法访问, 已使用默认头像:
[2026-07-15 05:37:00] - https://www.loyhome.com/feed
[2026-07-15 05:37:00] - http://feeds.feedburner.com/ruanyifeng
[2026-07-15 08:20:02] 本次订阅抓取结果统计:
[2026-07-15 08:20:02] 共 28 条RSS, 成功抓取 24 条.
[2026-07-15 08:20:02] ✘ 有 4 条订阅解析失败:
[2026-07-15 08:20:02] - https://blog.pursuitus.com/feed
[2026-07-15 08:20:02] - https://geekinney.com/index.xml
[2026-07-15 08:20:02] - https://tcxx.info/feed
[2026-07-15 08:20:02] - https://www.shephe.com/feed
[2026-07-15 08:20:02] ✘ 有 2 条订阅头像无法访问, 已使用默认头像:
[2026-07-15 08:20:02] - https://www.loyhome.com/feed
[2026-07-15 08:20:02] - http://feeds.feedburner.com/ruanyifeng
[2026-07-15 10:54:12] 本次订阅抓取结果统计:
[2026-07-15 10:54:12] 共 28 条RSS, 成功抓取 24 条.
[2026-07-15 10:54:12] ✘ 有 4 条订阅解析失败:
[2026-07-15 10:54:12] - https://blog.pursuitus.com/feed
[2026-07-15 10:54:12] - https://geekinney.com/index.xml
[2026-07-15 10:54:12] - https://tcxx.info/feed
[2026-07-15 10:54:12] - https://www.shephe.com/feed
[2026-07-15 10:54:12] ✘ 有 3 条订阅头像无法访问, 已使用默认头像:
[2026-07-15 10:54:12] - https://www.loyhome.com/feed
[2026-07-15 10:54:12] - https://blog.zhheo.com/rss.xml
[2026-07-15 10:54:12] - http://feeds.feedburner.com/ruanyifeng
[2026-07-15 12:18:51] 本次订阅抓取结果统计:
[2026-07-15 12:18:51] 共 28 条RSS, 成功抓取 23 条.
[2026-07-15 12:18:51] ✘ 有 5 条订阅解析失败:
[2026-07-15 12:18:51] - https://blog.pursuitus.com/feed
[2026-07-15 12:18:51] - https://tcxx.info/feed
[2026-07-15 12:18:51] - https://geekinney.com/index.xml
[2026-07-15 12:18:51] - https://blog.yanqingshan.com/feed
[2026-07-15 12:18:51] - https://www.shephe.com/feed
[2026-07-15 12:18:51] ✘ 有 3 条订阅头像无法访问, 已使用默认头像:
[2026-07-15 12:18:51] - https://blog.zhheo.com/rss.xml
[2026-07-15 12:18:51] - https://www.loyhome.com/feed
[2026-07-15 12:18:51] - http://feeds.feedburner.com/ruanyifeng
[2026-07-15 14:54:44] 本次订阅抓取结果统计:
[2026-07-15 14:54:44] 共 28 条RSS, 成功抓取 24 条.
[2026-07-15 14:54:44] ✘ 有 4 条订阅解析失败:
[2026-07-15 14:54:44] - https://blog.pursuitus.com/feed
[2026-07-15 14:54:44] - https://geekinney.com/index.xml
[2026-07-15 14:54:44] - https://tcxx.info/feed
[2026-07-15 14:54:44] - https://www.shephe.com/feed
[2026-07-15 14:54:44] ✘ 有 2 条订阅头像无法访问, 已使用默认头像:
[2026-07-15 14:54:44] - https://www.loyhome.com/feed
[2026-07-15 14:54:44] - http://feeds.feedburner.com/ruanyifeng
[2026-07-15 16:26:04] 本次订阅抓取结果统计:
[2026-07-15 16:26:04] 共 28 条RSS, 成功抓取 24 条.
[2026-07-15 16:26:04] ✘ 有 4 条订阅解析失败:
[2026-07-15 16:26:04] - https://blog.pursuitus.com/feed
[2026-07-15 16:26:04] - https://geekinney.com/index.xml
[2026-07-15 16:26:04] - https://tcxx.info/feed
[2026-07-15 16:26:04] - https://www.shephe.com/feed
[2026-07-15 16:26:04] ✘ 有 3 条订阅头像无法访问, 已使用默认头像:
[2026-07-15 16:26:04] - https://www.loyhome.com/feed
[2026-07-15 16:26:04] - http://feeds.feedburner.com/ruanyifeng
[2026-07-15 16:26:04] - https://blog.zhheo.com/rss.xml
[2026-07-15 18:10:50] 本次订阅抓取结果统计:
[2026-07-15 18:10:50] 共 28 条RSS, 成功抓取 24 条.
[2026-07-15 18:10:50] ✘ 有 4 条订阅解析失败:
[2026-07-15 18:10:50] - https://blog.pursuitus.com/feed
[2026-07-15 18:10:50] - https://tcxx.info/feed
[2026-07-15 18:10:50] - https://geekinney.com/index.xml
[2026-07-15 18:10:50] - https://www.shephe.com/feed
[2026-07-15 18:10:50] ✘ 有 2 条订阅头像无法访问, 已使用默认头像:
[2026-07-15 18:10:50] - https://www.loyhome.com/feed
[2026-07-15 18:10:50] - http://feeds.feedburner.com/ruanyifeng
