[2026-02-20 02:27:40] 本次订阅抓取结果统计:
[2026-02-20 02:27:40] 共 28 条RSS, 成功抓取 24 条.
[2026-02-20 02:27:40] ✘ 有 4 条订阅解析失败:
[2026-02-20 02:27:40] - https://blog.pursuitus.com/feed
[2026-02-20 02:27:40] - https://tcxx.info/feed
[2026-02-20 02:27:40] - https://tumutanzi.com/feed
[2026-02-20 02:27:40] - https://geekinney.com/index.xml
[2026-02-20 02:27:40] ✘ 有 2 条订阅头像无法访问, 已使用默认头像:
[2026-02-20 02:27:40] - http://feeds.feedburner.com/ruanyifeng
[2026-02-20 02:27:40] - https://xyzbz.cn/feed
[2026-02-20 04:49:20] 本次订阅抓取结果统计:
[2026-02-20 04:49:20] 共 28 条RSS, 成功抓取 24 条.
[2026-02-20 04:49:20] ✘ 有 4 条订阅解析失败:
[2026-02-20 04:49:20] - https://blog.pursuitus.com/feed
[2026-02-20 04:49:20] - https://tumutanzi.com/feed
[2026-02-20 04:49:20] - https://tcxx.info/feed
[2026-02-20 04:49:20] - https://geekinney.com/index.xml
[2026-02-20 04:49:20] ✘ 有 1 条订阅头像无法访问, 已使用默认头像:
[2026-02-20 04:49:20] - http://feeds.feedburner.com/ruanyifeng
[2026-02-20 05:56:11] 本次订阅抓取结果统计:
[2026-02-20 05:56:11] 共 28 条RSS, 成功抓取 24 条.
[2026-02-20 05:56:11] ✘ 有 4 条订阅解析失败:
[2026-02-20 05:56:11] - https://blog.pursuitus.com/feed
[2026-02-20 05:56:11] - https://tcxx.info/feed
[2026-02-20 05:56:11] - https://tumutanzi.com/feed
[2026-02-20 05:56:11] - https://geekinney.com/index.xml
[2026-02-20 05:56:11] ✘ 有 1 条订阅头像无法访问, 已使用默认头像:
[2026-02-20 05:56:11] - http://feeds.feedburner.com/ruanyifeng
[2026-02-20 07:03:14] 本次订阅抓取结果统计:
[2026-02-20 07:03:14] 共 28 条RSS, 成功抓取 24 条.
[2026-02-20 07:03:14] ✘ 有 4 条订阅解析失败:
[2026-02-20 07:03:14] - https://blog.pursuitus.com/feed
[2026-02-20 07:03:14] - https://tumutanzi.com/feed
[2026-02-20 07:03:14] - https://tcxx.info/feed
[2026-02-20 07:03:14] - https://geekinney.com/index.xml
[2026-02-20 07:03:14] ✘ 有 2 条订阅头像无法访问, 已使用默认头像:
[2026-02-20 07:03:14] - http://feeds.feedburner.com/ruanyifeng
[2026-02-20 07:03:14] - https://xyzbz.cn/feed
[2026-02-20 08:47:17] 本次订阅抓取结果统计:
[2026-02-20 08:47:17] 共 28 条RSS, 成功抓取 24 条.
[2026-02-20 08:47:17] ✘ 有 4 条订阅解析失败:
[2026-02-20 08:47:17] - https://blog.pursuitus.com/feed
[2026-02-20 08:47:17] - https://tcxx.info/feed
[2026-02-20 08:47:17] - https://tumutanzi.com/feed
[2026-02-20 08:47:17] - https://geekinney.com/index.xml
[2026-02-20 08:47:17] ✘ 有 1 条订阅头像无法访问, 已使用默认头像:
[2026-02-20 08:47:17] - http://feeds.feedburner.com/ruanyifeng
[2026-02-20 09:45:41] 本次订阅抓取结果统计:
[2026-02-20 09:45:41] 共 28 条RSS, 成功抓取 23 条.
[2026-02-20 09:45:41] ✘ 有 5 条订阅解析失败:
[2026-02-20 09:45:41] - https://blog.pursuitus.com/feed
[2026-02-20 09:45:41] - https://tcxx.info/feed
[2026-02-20 09:45:41] - https://tumutanzi.com/feed
[2026-02-20 09:45:41] - https://geekinney.com/index.xml
[2026-02-20 09:45:41] - https://wangpei.net/feed
[2026-02-20 09:45:41] ✘ 有 2 条订阅头像无法访问, 已使用默认头像:
[2026-02-20 09:45:41] - http://feeds.feedburner.com/ruanyifeng
[2026-02-20 09:45:41] - https://xyzbz.cn/feed
[2026-02-20 10:41:00] 本次订阅抓取结果统计:
[2026-02-20 10:41:00] 共 28 条RSS, 成功抓取 24 条.
[2026-02-20 10:41:00] ✘ 有 4 条订阅解析失败:
[2026-02-20 10:41:00] - https://blog.pursuitus.com/feed
[2026-02-20 10:41:00] - https://tumutanzi.com/feed
[2026-02-20 10:41:00] - https://tcxx.info/feed
[2026-02-20 10:41:00] - https://geekinney.com/index.xml
[2026-02-20 10:41:00] ✘ 有 2 条订阅头像无法访问, 已使用默认头像:
[2026-02-20 10:41:00] - http://feeds.feedburner.com/ruanyifeng
[2026-02-20 10:41:00] - https://xyzbz.cn/feed
[2026-02-20 11:35:22] 本次订阅抓取结果统计:
[2026-02-20 11:35:22] 共 28 条RSS, 成功抓取 24 条.
[2026-02-20 11:35:22] ✘ 有 4 条订阅解析失败:
[2026-02-20 11:35:22] - https://blog.pursuitus.com/feed
[2026-02-20 11:35:22] - https://tcxx.info/feed
[2026-02-20 11:35:22] - https://tumutanzi.com/feed
[2026-02-20 11:35:22] - https://geekinney.com/index.xml
[2026-02-20 11:35:22] ✘ 有 1 条订阅头像无法访问, 已使用默认头像:
[2026-02-20 11:35:22] - http://feeds.feedburner.com/ruanyifeng
[2026-02-20 13:06:11] 本次订阅抓取结果统计:
[2026-02-20 13:06:11] 共 28 条RSS, 成功抓取 24 条.
[2026-02-20 13:06:11] ✘ 有 4 条订阅解析失败:
[2026-02-20 13:06:11] - https://blog.pursuitus.com/feed
[2026-02-20 13:06:11] - https://tcxx.info/feed
[2026-02-20 13:06:11] - https://tumutanzi.com/feed
[2026-02-20 13:06:11] - https://geekinney.com/index.xml
[2026-02-20 13:06:11] ✘ 有 1 条订阅头像无法访问, 已使用默认头像:
[2026-02-20 13:06:11] - http://feeds.feedburner.com/ruanyifeng
[2026-02-20 14:41:25] 本次订阅抓取结果统计:
[2026-02-20 14:41:25] 共 28 条RSS, 成功抓取 24 条.
[2026-02-20 14:41:25] ✘ 有 4 条订阅解析失败:
[2026-02-20 14:41:25] - https://blog.pursuitus.com/feed
[2026-02-20 14:41:25] - https://tcxx.info/feed
[2026-02-20 14:41:25] - https://tumutanzi.com/feed
[2026-02-20 14:41:25] - https://geekinney.com/index.xml
[2026-02-20 14:41:25] ✘ 有 1 条订阅头像无法访问, 已使用默认头像:
[2026-02-20 14:41:25] - http://feeds.feedburner.com/ruanyifeng
[2026-02-20 15:39:53] 本次订阅抓取结果统计:
[2026-02-20 15:39:53] 共 28 条RSS, 成功抓取 24 条.
[2026-02-20 15:39:53] ✘ 有 4 条订阅解析失败:
[2026-02-20 15:39:53] - https://blog.pursuitus.com/feed
[2026-02-20 15:39:53] - https://tumutanzi.com/feed
[2026-02-20 15:39:53] - https://tcxx.info/feed
[2026-02-20 15:39:53] - https://geekinney.com/index.xml
[2026-02-20 15:39:53] ✘ 有 1 条订阅头像无法访问, 已使用默认头像:
[2026-02-20 15:39:53] - http://feeds.feedburner.com/ruanyifeng
[2026-02-20 16:44:35] 本次订阅抓取结果统计:
[2026-02-20 16:44:35] 共 28 条RSS, 成功抓取 24 条.
[2026-02-20 16:44:35] ✘ 有 4 条订阅解析失败:
[2026-02-20 16:44:35] - https://blog.pursuitus.com/feed
[2026-02-20 16:44:35] - https://tcxx.info/feed
[2026-02-20 16:44:35] - https://tumutanzi.com/feed
[2026-02-20 16:44:35] - https://geekinney.com/index.xml
[2026-02-20 16:44:35] ✘ 有 2 条订阅头像无法访问, 已使用默认头像:
[2026-02-20 16:44:35] - http://feeds.feedburner.com/ruanyifeng
[2026-02-20 16:44:35] - https://www.loyhome.com/feed
[2026-02-20 17:40:12] 本次订阅抓取结果统计:
[2026-02-20 17:40:12] 共 28 条RSS, 成功抓取 24 条.
[2026-02-20 17:40:12] ✘ 有 4 条订阅解析失败:
[2026-02-20 17:40:12] - https://blog.pursuitus.com/feed
[2026-02-20 17:40:12] - https://tcxx.info/feed
[2026-02-20 17:40:12] - https://tumutanzi.com/feed
[2026-02-20 17:40:12] - https://geekinney.com/index.xml
[2026-02-20 17:40:12] ✘ 有 2 条订阅头像无法访问, 已使用默认头像:
[2026-02-20 17:40:12] - http://feeds.feedburner.com/ruanyifeng
[2026-02-20 17:40:12] - https://www.loyhome.com/feed
