[2026-02-10 02:43:05] 本次订阅抓取结果统计:
[2026-02-10 02:43:05] 共 28 条RSS, 成功抓取 24 条.
[2026-02-10 02:43:05] ✘ 有 4 条订阅解析失败:
[2026-02-10 02:43:05] - https://blog.pursuitus.com/feed
[2026-02-10 02:43:05] - https://tcxx.info/feed
[2026-02-10 02:43:05] - https://tumutanzi.com/feed
[2026-02-10 02:43:05] - https://geekinney.com/index.xml
[2026-02-10 02:43:05] ✘ 有 1 条订阅头像无法访问, 已使用默认头像:
[2026-02-10 02:43:05] - http://feeds.feedburner.com/ruanyifeng
[2026-02-10 05:06:56] 本次订阅抓取结果统计:
[2026-02-10 05:06:56] 共 28 条RSS, 成功抓取 24 条.
[2026-02-10 05:06:56] ✘ 有 4 条订阅解析失败:
[2026-02-10 05:06:56] - https://blog.pursuitus.com/feed
[2026-02-10 05:06:56] - https://tcxx.info/feed
[2026-02-10 05:06:56] - https://tumutanzi.com/feed
[2026-02-10 05:06:56] - https://geekinney.com/index.xml
[2026-02-10 05:06:56] ✘ 有 1 条订阅头像无法访问, 已使用默认头像:
[2026-02-10 05:06:56] - http://feeds.feedburner.com/ruanyifeng
[2026-02-10 07:09:41] 本次订阅抓取结果统计:
[2026-02-10 07:09:41] 共 28 条RSS, 成功抓取 24 条.
[2026-02-10 07:09:41] ✘ 有 4 条订阅解析失败:
[2026-02-10 07:09:41] - https://blog.pursuitus.com/feed
[2026-02-10 07:09:41] - https://tcxx.info/feed
[2026-02-10 07:09:41] - https://tumutanzi.com/feed
[2026-02-10 07:09:41] - https://geekinney.com/index.xml
[2026-02-10 07:09:41] ✘ 有 1 条订阅头像无法访问, 已使用默认头像:
[2026-02-10 07:09:41] - http://feeds.feedburner.com/ruanyifeng
