[2026-06-02 04:17:08] 本次订阅抓取结果统计:
[2026-06-02 04:17:08] 共 28 条RSS, 成功抓取 23 条.
[2026-06-02 04:17:08] ✘ 有 5 条订阅解析失败:
[2026-06-02 04:17:08] - https://blog.pursuitus.com/feed
[2026-06-02 04:17:08] - https://geekinney.com/index.xml
[2026-06-02 04:17:08] - https://tcxx.info/feed
[2026-06-02 04:17:08] - https://tumutanzi.com/feed
[2026-06-02 04:17:08] - https://www.shephe.com/feed
[2026-06-02 04:17:08] ✘ 有 2 条订阅头像无法访问, 已使用默认头像:
[2026-06-02 04:17:08] - https://www.loyhome.com/feed
[2026-06-02 04:17:08] - http://feeds.feedburner.com/ruanyifeng
[2026-06-02 09:09:18] 本次订阅抓取结果统计:
[2026-06-02 09:09:18] 共 28 条RSS, 成功抓取 23 条.
[2026-06-02 09:09:18] ✘ 有 5 条订阅解析失败:
[2026-06-02 09:09:18] - https://blog.pursuitus.com/feed
[2026-06-02 09:09:18] - https://geekinney.com/index.xml
[2026-06-02 09:09:18] - https://tumutanzi.com/feed
[2026-06-02 09:09:18] - https://tcxx.info/feed
[2026-06-02 09:09:18] - https://www.shephe.com/feed
[2026-06-02 09:09:18] ✘ 有 2 条订阅头像无法访问, 已使用默认头像:
[2026-06-02 09:09:18] - http://feeds.feedburner.com/ruanyifeng
[2026-06-02 09:09:18] - https://www.loyhome.com/feed
[2026-06-02 14:05:46] 本次订阅抓取结果统计:
[2026-06-02 14:05:46] 共 28 条RSS, 成功抓取 23 条.
[2026-06-02 14:05:46] ✘ 有 5 条订阅解析失败:
[2026-06-02 14:05:46] - https://blog.pursuitus.com/feed
[2026-06-02 14:05:46] - https://geekinney.com/index.xml
[2026-06-02 14:05:46] - https://tcxx.info/feed
[2026-06-02 14:05:46] - https://tumutanzi.com/feed
[2026-06-02 14:05:46] - https://www.shephe.com/feed
[2026-06-02 14:05:46] ✘ 有 2 条订阅头像无法访问, 已使用默认头像:
[2026-06-02 14:05:46] - https://www.loyhome.com/feed
[2026-06-02 14:05:46] - http://feeds.feedburner.com/ruanyifeng
[2026-06-02 18:41:44] 本次订阅抓取结果统计:
[2026-06-02 18:41:44] 共 28 条RSS, 成功抓取 23 条.
[2026-06-02 18:41:44] ✘ 有 5 条订阅解析失败:
[2026-06-02 18:41:44] - https://blog.pursuitus.com/feed
[2026-06-02 18:41:44] - https://geekinney.com/index.xml
[2026-06-02 18:41:44] - https://tumutanzi.com/feed
[2026-06-02 18:41:44] - https://tcxx.info/feed
[2026-06-02 18:41:44] - https://www.shephe.com/feed
[2026-06-02 18:41:44] ✘ 有 2 条订阅头像无法访问, 已使用默认头像:
[2026-06-02 18:41:44] - https://www.loyhome.com/feed
[2026-06-02 18:41:44] - http://feeds.feedburner.com/ruanyifeng
[2026-06-02 21:50:16] 本次订阅抓取结果统计:
[2026-06-02 21:50:16] 共 28 条RSS, 成功抓取 23 条.
[2026-06-02 21:50:16] ✘ 有 5 条订阅解析失败:
[2026-06-02 21:50:16] - https://blog.pursuitus.com/feed
[2026-06-02 21:50:16] - https://geekinney.com/index.xml
[2026-06-02 21:50:16] - https://tumutanzi.com/feed
[2026-06-02 21:50:16] - https://tcxx.info/feed
[2026-06-02 21:50:16] - https://www.shephe.com/feed
[2026-06-02 21:50:16] ✘ 有 2 条订阅头像无法访问, 已使用默认头像:
[2026-06-02 21:50:16] - https://www.loyhome.com/feed
[2026-06-02 21:50:16] - http://feeds.feedburner.com/ruanyifeng
