[2026-04-10 02:51:15] 本次订阅抓取结果统计:
[2026-04-10 02:51:15] 共 28 条RSS, 成功抓取 24 条.
[2026-04-10 02:51:15] ✘ 有 4 条订阅解析失败:
[2026-04-10 02:51:15] - https://blog.pursuitus.com/feed
[2026-04-10 02:51:15] - https://geekinney.com/index.xml
[2026-04-10 02:51:15] - https://tcxx.info/feed
[2026-04-10 02:51:15] - https://tumutanzi.com/feed
[2026-04-10 02:51:15] ✘ 有 2 条订阅头像无法访问, 已使用默认头像:
[2026-04-10 02:51:15] - https://www.loyhome.com/feed
[2026-04-10 02:51:15] - http://feeds.feedburner.com/ruanyifeng
[2026-04-10 05:28:33] 本次订阅抓取结果统计:
[2026-04-10 05:28:33] 共 28 条RSS, 成功抓取 23 条.
[2026-04-10 05:28:33] ✘ 有 5 条订阅解析失败:
[2026-04-10 05:28:33] - https://blog.yanqingshan.com/feed
[2026-04-10 05:28:33] - https://blog.pursuitus.com/feed
[2026-04-10 05:28:33] - https://geekinney.com/index.xml
[2026-04-10 05:28:33] - https://tcxx.info/feed
[2026-04-10 05:28:33] - https://tumutanzi.com/feed
[2026-04-10 05:28:33] ✘ 有 2 条订阅头像无法访问, 已使用默认头像:
[2026-04-10 05:28:33] - https://www.loyhome.com/feed
[2026-04-10 05:28:33] - http://feeds.feedburner.com/ruanyifeng
[2026-04-10 07:47:38] 本次订阅抓取结果统计:
[2026-04-10 07:47:38] 共 28 条RSS, 成功抓取 24 条.
[2026-04-10 07:47:38] ✘ 有 4 条订阅解析失败:
[2026-04-10 07:47:38] - https://blog.pursuitus.com/feed
[2026-04-10 07:47:38] - https://geekinney.com/index.xml
[2026-04-10 07:47:38] - https://tcxx.info/feed
[2026-04-10 07:47:38] - https://tumutanzi.com/feed
[2026-04-10 07:47:38] ✘ 有 2 条订阅头像无法访问, 已使用默认头像:
[2026-04-10 07:47:38] - http://feeds.feedburner.com/ruanyifeng
[2026-04-10 07:47:38] - https://www.loyhome.com/feed
[2026-04-10 09:14:27] 本次订阅抓取结果统计:
[2026-04-10 09:14:27] 共 28 条RSS, 成功抓取 24 条.
[2026-04-10 09:14:27] ✘ 有 4 条订阅解析失败:
[2026-04-10 09:14:27] - https://blog.pursuitus.com/feed
[2026-04-10 09:14:27] - https://geekinney.com/index.xml
[2026-04-10 09:14:27] - https://tcxx.info/feed
[2026-04-10 09:14:27] - https://tumutanzi.com/feed
[2026-04-10 09:14:27] ✘ 有 1 条订阅头像无法访问, 已使用默认头像:
[2026-04-10 09:14:27] - http://feeds.feedburner.com/ruanyifeng
[2026-04-10 10:58:57] 本次订阅抓取结果统计:
[2026-04-10 10:58:57] 共 28 条RSS, 成功抓取 24 条.
[2026-04-10 10:58:57] ✘ 有 4 条订阅解析失败:
[2026-04-10 10:58:57] - https://blog.pursuitus.com/feed
[2026-04-10 10:58:57] - https://geekinney.com/index.xml
[2026-04-10 10:58:57] - https://tcxx.info/feed
[2026-04-10 10:58:57] - https://tumutanzi.com/feed
[2026-04-10 10:58:57] ✘ 有 2 条订阅头像无法访问, 已使用默认头像:
[2026-04-10 10:58:57] - https://www.loyhome.com/feed
[2026-04-10 10:58:57] - http://feeds.feedburner.com/ruanyifeng
[2026-04-10 11:56:14] 本次订阅抓取结果统计:
[2026-04-10 11:56:14] 共 28 条RSS, 成功抓取 23 条.
[2026-04-10 11:56:14] ✘ 有 5 条订阅解析失败:
[2026-04-10 11:56:14] - https://blog.pursuitus.com/feed
[2026-04-10 11:56:14] - https://tcxx.info/feed
[2026-04-10 11:56:14] - https://geekinney.com/index.xml
[2026-04-10 11:56:14] - https://tumutanzi.com/feed
[2026-04-10 11:56:14] - https://wangpei.net/feed
[2026-04-10 11:56:14] ✘ 有 2 条订阅头像无法访问, 已使用默认头像:
[2026-04-10 11:56:14] - https://www.loyhome.com/feed
[2026-04-10 11:56:14] - http://feeds.feedburner.com/ruanyifeng
[2026-04-10 13:20:10] 本次订阅抓取结果统计:
[2026-04-10 13:20:10] 共 28 条RSS, 成功抓取 24 条.
[2026-04-10 13:20:10] ✘ 有 4 条订阅解析失败:
[2026-04-10 13:20:10] - https://blog.pursuitus.com/feed
[2026-04-10 13:20:10] - https://geekinney.com/index.xml
[2026-04-10 13:20:10] - https://tumutanzi.com/feed
[2026-04-10 13:20:10] - https://tcxx.info/feed
[2026-04-10 13:20:10] ✘ 有 2 条订阅头像无法访问, 已使用默认头像:
[2026-04-10 13:20:10] - https://www.loyhome.com/feed
[2026-04-10 13:20:10] - http://feeds.feedburner.com/ruanyifeng
[2026-04-10 14:52:00] 本次订阅抓取结果统计:
[2026-04-10 14:52:00] 共 28 条RSS, 成功抓取 24 条.
[2026-04-10 14:52:00] ✘ 有 4 条订阅解析失败:
[2026-04-10 14:52:00] - https://blog.pursuitus.com/feed
[2026-04-10 14:52:00] - https://geekinney.com/index.xml
[2026-04-10 14:52:00] - https://tcxx.info/feed
[2026-04-10 14:52:00] - https://tumutanzi.com/feed
[2026-04-10 14:52:00] ✘ 有 2 条订阅头像无法访问, 已使用默认头像:
[2026-04-10 14:52:00] - https://www.loyhome.com/feed
[2026-04-10 14:52:00] - http://feeds.feedburner.com/ruanyifeng
[2026-04-10 15:57:28] 本次订阅抓取结果统计:
[2026-04-10 15:57:28] 共 28 条RSS, 成功抓取 24 条.
[2026-04-10 15:57:28] ✘ 有 4 条订阅解析失败:
[2026-04-10 15:57:28] - https://blog.pursuitus.com/feed
[2026-04-10 15:57:28] - https://geekinney.com/index.xml
[2026-04-10 15:57:28] - https://tcxx.info/feed
[2026-04-10 15:57:28] - https://tumutanzi.com/feed
[2026-04-10 15:57:28] ✘ 有 2 条订阅头像无法访问, 已使用默认头像:
[2026-04-10 15:57:28] - https://www.loyhome.com/feed
[2026-04-10 15:57:28] - http://feeds.feedburner.com/ruanyifeng
