[2026-06-08 04:20:10] 本次订阅抓取结果统计:
[2026-06-08 04:20:10] 共 28 条RSS, 成功抓取 23 条.
[2026-06-08 04:20:10] ✘ 有 5 条订阅解析失败:
[2026-06-08 04:20:10] - https://blog.pursuitus.com/feed
[2026-06-08 04:20:10] - https://geekinney.com/index.xml
[2026-06-08 04:20:10] - https://tcxx.info/feed
[2026-06-08 04:20:10] - https://www.shephe.com/feed
[2026-06-08 04:20:10] - https://tumutanzi.com/feed
[2026-06-08 04:20:10] ✘ 有 2 条订阅头像无法访问, 已使用默认头像:
[2026-06-08 04:20:10] - https://www.loyhome.com/feed
[2026-06-08 04:20:10] - http://feeds.feedburner.com/ruanyifeng
[2026-06-08 09:25:20] 本次订阅抓取结果统计:
[2026-06-08 09:25:20] 共 28 条RSS, 成功抓取 23 条.
[2026-06-08 09:25:20] ✘ 有 5 条订阅解析失败:
[2026-06-08 09:25:20] - https://blog.pursuitus.com/feed
[2026-06-08 09:25:20] - https://geekinney.com/index.xml
[2026-06-08 09:25:20] - https://www.shephe.com/feed
[2026-06-08 09:25:20] - https://tcxx.info/feed
[2026-06-08 09:25:20] - https://tumutanzi.com/feed
[2026-06-08 09:25:20] ✘ 有 2 条订阅头像无法访问, 已使用默认头像:
[2026-06-08 09:25:20] - https://www.loyhome.com/feed
[2026-06-08 09:25:20] - http://feeds.feedburner.com/ruanyifeng
[2026-06-08 14:11:45] 本次订阅抓取结果统计:
[2026-06-08 14:11:45] 共 28 条RSS, 成功抓取 23 条.
[2026-06-08 14:11:45] ✘ 有 5 条订阅解析失败:
[2026-06-08 14:11:45] - https://blog.pursuitus.com/feed
[2026-06-08 14:11:45] - https://geekinney.com/index.xml
[2026-06-08 14:11:45] - https://tumutanzi.com/feed
[2026-06-08 14:11:45] - https://tcxx.info/feed
[2026-06-08 14:11:45] - https://www.shephe.com/feed
[2026-06-08 14:11:45] ✘ 有 3 条订阅头像无法访问, 已使用默认头像:
[2026-06-08 14:11:45] - https://www.loyhome.com/feed
[2026-06-08 14:11:45] - http://feeds.feedburner.com/ruanyifeng
[2026-06-08 14:11:45] - https://xyzbz.cn/feed
[2026-06-08 17:57:34] 本次订阅抓取结果统计:
[2026-06-08 17:57:34] 共 28 条RSS, 成功抓取 23 条.
[2026-06-08 17:57:34] ✘ 有 5 条订阅解析失败:
[2026-06-08 17:57:34] - https://blog.pursuitus.com/feed
[2026-06-08 17:57:34] - https://geekinney.com/index.xml
[2026-06-08 17:57:34] - https://tcxx.info/feed
[2026-06-08 17:57:34] - https://tumutanzi.com/feed
[2026-06-08 17:57:34] - https://www.shephe.com/feed
[2026-06-08 17:57:34] ✘ 有 2 条订阅头像无法访问, 已使用默认头像:
[2026-06-08 17:57:34] - https://www.loyhome.com/feed
[2026-06-08 17:57:34] - http://feeds.feedburner.com/ruanyifeng
[2026-06-08 20:26:59] 本次订阅抓取结果统计:
[2026-06-08 20:26:59] 共 28 条RSS, 成功抓取 23 条.
[2026-06-08 20:26:59] ✘ 有 5 条订阅解析失败:
[2026-06-08 20:26:59] - https://blog.pursuitus.com/feed
[2026-06-08 20:26:59] - https://geekinney.com/index.xml
[2026-06-08 20:26:59] - https://tcxx.info/feed
[2026-06-08 20:26:59] - https://tumutanzi.com/feed
[2026-06-08 20:26:59] - https://www.shephe.com/feed
[2026-06-08 20:26:59] ✘ 有 2 条订阅头像无法访问, 已使用默认头像:
[2026-06-08 20:26:59] - https://www.loyhome.com/feed
[2026-06-08 20:26:59] - http://feeds.feedburner.com/ruanyifeng
