[2026-03-08 02:30:10] 本次订阅抓取结果统计:
[2026-03-08 02:30:10] 共 28 条RSS, 成功抓取 24 条.
[2026-03-08 02:30:10] ✘ 有 4 条订阅解析失败:
[2026-03-08 02:30:10] - https://blog.pursuitus.com/feed
[2026-03-08 02:30:10] - https://tumutanzi.com/feed
[2026-03-08 02:30:10] - https://tcxx.info/feed
[2026-03-08 02:30:10] - https://geekinney.com/index.xml
[2026-03-08 02:30:10] ✘ 有 2 条订阅头像无法访问, 已使用默认头像:
[2026-03-08 02:30:10] - https://hwv430.blogspot.com/feeds/posts/default
[2026-03-08 02:30:10] - http://feeds.feedburner.com/ruanyifeng
[2026-03-08 04:45:40] 本次订阅抓取结果统计:
[2026-03-08 04:45:40] 共 28 条RSS, 成功抓取 24 条.
[2026-03-08 04:45:40] ✘ 有 4 条订阅解析失败:
[2026-03-08 04:45:40] - https://blog.pursuitus.com/feed
[2026-03-08 04:45:40] - https://tcxx.info/feed
[2026-03-08 04:45:40] - https://tumutanzi.com/feed
[2026-03-08 04:45:40] - https://geekinney.com/index.xml
[2026-03-08 04:45:40] ✘ 有 1 条订阅头像无法访问, 已使用默认头像:
[2026-03-08 04:45:40] - http://feeds.feedburner.com/ruanyifeng
[2026-03-08 05:46:24] 本次订阅抓取结果统计:
[2026-03-08 05:46:24] 共 28 条RSS, 成功抓取 24 条.
[2026-03-08 05:46:24] ✘ 有 4 条订阅解析失败:
[2026-03-08 05:46:24] - https://blog.pursuitus.com/feed
[2026-03-08 05:46:24] - https://tcxx.info/feed
[2026-03-08 05:46:24] - https://tumutanzi.com/feed
[2026-03-08 05:46:24] - https://geekinney.com/index.xml
[2026-03-08 05:46:24] ✘ 有 1 条订阅头像无法访问, 已使用默认头像:
[2026-03-08 05:46:24] - http://feeds.feedburner.com/ruanyifeng
[2026-03-08 06:50:00] 本次订阅抓取结果统计:
[2026-03-08 06:50:00] 共 28 条RSS, 成功抓取 24 条.
[2026-03-08 06:50:00] ✘ 有 4 条订阅解析失败:
[2026-03-08 06:50:00] - https://blog.pursuitus.com/feed
[2026-03-08 06:50:00] - https://tcxx.info/feed
[2026-03-08 06:50:00] - https://tumutanzi.com/feed
[2026-03-08 06:50:00] - https://geekinney.com/index.xml
[2026-03-08 06:50:00] ✘ 有 2 条订阅头像无法访问, 已使用默认头像:
[2026-03-08 06:50:00] - http://feeds.feedburner.com/ruanyifeng
[2026-03-08 06:50:00] - https://xyzbz.cn/feed
[2026-03-08 07:33:16] 本次订阅抓取结果统计:
[2026-03-08 07:33:16] 共 28 条RSS, 成功抓取 24 条.
[2026-03-08 07:33:16] ✘ 有 4 条订阅解析失败:
[2026-03-08 07:33:16] - https://blog.pursuitus.com/feed
[2026-03-08 07:33:16] - https://tcxx.info/feed
[2026-03-08 07:33:16] - https://tumutanzi.com/feed
[2026-03-08 07:33:16] - https://geekinney.com/index.xml
[2026-03-08 07:33:16] ✘ 有 1 条订阅头像无法访问, 已使用默认头像:
[2026-03-08 07:33:16] - http://feeds.feedburner.com/ruanyifeng
[2026-03-08 08:36:15] 本次订阅抓取结果统计:
[2026-03-08 08:36:15] 共 28 条RSS, 成功抓取 24 条.
[2026-03-08 08:36:15] ✘ 有 4 条订阅解析失败:
[2026-03-08 08:36:15] - https://blog.pursuitus.com/feed
[2026-03-08 08:36:15] - https://tcxx.info/feed
[2026-03-08 08:36:15] - https://tumutanzi.com/feed
[2026-03-08 08:36:15] - https://geekinney.com/index.xml
[2026-03-08 08:36:15] ✘ 有 2 条订阅头像无法访问, 已使用默认头像:
[2026-03-08 08:36:15] - http://feeds.feedburner.com/ruanyifeng
[2026-03-08 08:36:15] - https://xyzbz.cn/feed
[2026-03-08 09:33:40] 本次订阅抓取结果统计:
[2026-03-08 09:33:40] 共 28 条RSS, 成功抓取 24 条.
[2026-03-08 09:33:40] ✘ 有 4 条订阅解析失败:
[2026-03-08 09:33:40] - https://blog.pursuitus.com/feed
[2026-03-08 09:33:40] - https://tcxx.info/feed
[2026-03-08 09:33:40] - https://tumutanzi.com/feed
[2026-03-08 09:33:40] - https://geekinney.com/index.xml
[2026-03-08 09:33:40] ✘ 有 1 条订阅头像无法访问, 已使用默认头像:
[2026-03-08 09:33:40] - http://feeds.feedburner.com/ruanyifeng
[2026-03-08 10:29:10] 本次订阅抓取结果统计:
[2026-03-08 10:29:10] 共 28 条RSS, 成功抓取 24 条.
[2026-03-08 10:29:10] ✘ 有 4 条订阅解析失败:
[2026-03-08 10:29:10] - https://blog.pursuitus.com/feed
[2026-03-08 10:29:10] - https://tcxx.info/feed
[2026-03-08 10:29:10] - https://tumutanzi.com/feed
[2026-03-08 10:29:10] - https://geekinney.com/index.xml
[2026-03-08 10:29:10] ✘ 有 1 条订阅头像无法访问, 已使用默认头像:
[2026-03-08 10:29:10] - http://feeds.feedburner.com/ruanyifeng
[2026-03-08 11:24:36] 本次订阅抓取结果统计:
[2026-03-08 11:24:36] 共 28 条RSS, 成功抓取 24 条.
[2026-03-08 11:24:36] ✘ 有 4 条订阅解析失败:
[2026-03-08 11:24:36] - https://blog.pursuitus.com/feed
[2026-03-08 11:24:36] - https://tcxx.info/feed
[2026-03-08 11:24:36] - https://tumutanzi.com/feed
[2026-03-08 11:24:36] - https://geekinney.com/index.xml
[2026-03-08 11:24:36] ✘ 有 1 条订阅头像无法访问, 已使用默认头像:
[2026-03-08 11:24:36] - http://feeds.feedburner.com/ruanyifeng
[2026-03-08 12:56:27] 本次订阅抓取结果统计:
[2026-03-08 12:56:27] 共 28 条RSS, 成功抓取 24 条.
[2026-03-08 12:56:27] ✘ 有 4 条订阅解析失败:
[2026-03-08 12:56:27] - https://blog.pursuitus.com/feed
[2026-03-08 12:56:27] - https://tcxx.info/feed
[2026-03-08 12:56:27] - https://tumutanzi.com/feed
[2026-03-08 12:56:27] - https://geekinney.com/index.xml
[2026-03-08 12:56:27] ✘ 有 1 条订阅头像无法访问, 已使用默认头像:
[2026-03-08 12:56:27] - http://feeds.feedburner.com/ruanyifeng
[2026-03-08 13:42:56] 本次订阅抓取结果统计:
[2026-03-08 13:42:56] 共 28 条RSS, 成功抓取 24 条.
[2026-03-08 13:42:56] ✘ 有 4 条订阅解析失败:
[2026-03-08 13:42:56] - https://blog.pursuitus.com/feed
[2026-03-08 13:42:56] - https://tcxx.info/feed
[2026-03-08 13:42:56] - https://tumutanzi.com/feed
[2026-03-08 13:42:56] - https://geekinney.com/index.xml
[2026-03-08 13:42:56] ✘ 有 1 条订阅头像无法访问, 已使用默认头像:
[2026-03-08 13:42:56] - http://feeds.feedburner.com/ruanyifeng
[2026-03-08 14:28:56] 本次订阅抓取结果统计:
[2026-03-08 14:28:56] 共 28 条RSS, 成功抓取 24 条.
[2026-03-08 14:28:56] ✘ 有 4 条订阅解析失败:
[2026-03-08 14:28:56] - https://blog.pursuitus.com/feed
[2026-03-08 14:28:56] - https://tcxx.info/feed
[2026-03-08 14:28:56] - https://tumutanzi.com/feed
[2026-03-08 14:28:56] - https://geekinney.com/index.xml
[2026-03-08 14:28:56] ✘ 有 2 条订阅头像无法访问, 已使用默认头像:
[2026-03-08 14:28:56] - http://feeds.feedburner.com/ruanyifeng
[2026-03-08 14:28:56] - https://xyzbz.cn/feed
[2026-03-08 15:28:05] 本次订阅抓取结果统计:
[2026-03-08 15:28:05] 共 28 条RSS, 成功抓取 24 条.
[2026-03-08 15:28:05] ✘ 有 4 条订阅解析失败:
[2026-03-08 15:28:05] - https://blog.pursuitus.com/feed
[2026-03-08 15:28:05] - https://tumutanzi.com/feed
[2026-03-08 15:28:05] - https://tcxx.info/feed
[2026-03-08 15:28:05] - https://geekinney.com/index.xml
[2026-03-08 15:28:05] ✘ 有 1 条订阅头像无法访问, 已使用默认头像:
[2026-03-08 15:28:05] - http://feeds.feedburner.com/ruanyifeng
[2026-03-08 16:33:44] 本次订阅抓取结果统计:
[2026-03-08 16:33:44] 共 28 条RSS, 成功抓取 24 条.
[2026-03-08 16:33:44] ✘ 有 4 条订阅解析失败:
[2026-03-08 16:33:44] - https://blog.pursuitus.com/feed
[2026-03-08 16:33:44] - https://tcxx.info/feed
[2026-03-08 16:33:44] - https://tumutanzi.com/feed
[2026-03-08 16:33:44] - https://geekinney.com/index.xml
[2026-03-08 16:33:44] ✘ 有 1 条订阅头像无法访问, 已使用默认头像:
[2026-03-08 16:33:44] - http://feeds.feedburner.com/ruanyifeng
[2026-03-08 17:26:40] 本次订阅抓取结果统计:
[2026-03-08 17:26:40] 共 28 条RSS, 成功抓取 24 条.
[2026-03-08 17:26:40] ✘ 有 4 条订阅解析失败:
[2026-03-08 17:26:40] - https://blog.pursuitus.com/feed
[2026-03-08 17:26:40] - https://tcxx.info/feed
[2026-03-08 17:26:40] - https://tumutanzi.com/feed
[2026-03-08 17:26:40] - https://geekinney.com/index.xml
[2026-03-08 17:26:40] ✘ 有 1 条订阅头像无法访问, 已使用默认头像:
[2026-03-08 17:26:40] - http://feeds.feedburner.com/ruanyifeng
[2026-03-08 18:39:34] 本次订阅抓取结果统计:
[2026-03-08 18:39:34] 共 28 条RSS, 成功抓取 24 条.
[2026-03-08 18:39:34] ✘ 有 4 条订阅解析失败:
[2026-03-08 18:39:34] - https://blog.pursuitus.com/feed
[2026-03-08 18:39:34] - https://tcxx.info/feed
[2026-03-08 18:39:34] - https://tumutanzi.com/feed
[2026-03-08 18:39:34] - https://geekinney.com/index.xml
[2026-03-08 18:39:34] ✘ 有 1 条订阅头像无法访问, 已使用默认头像:
[2026-03-08 18:39:34] - http://feeds.feedburner.com/ruanyifeng
[2026-03-08 19:26:52] 本次订阅抓取结果统计:
[2026-03-08 19:26:52] 共 28 条RSS, 成功抓取 24 条.
[2026-03-08 19:26:52] ✘ 有 4 条订阅解析失败:
[2026-03-08 19:26:52] - https://blog.pursuitus.com/feed
[2026-03-08 19:26:52] - https://tcxx.info/feed
[2026-03-08 19:26:52] - https://tumutanzi.com/feed
[2026-03-08 19:26:52] - https://geekinney.com/index.xml
[2026-03-08 19:26:52] ✘ 有 1 条订阅头像无法访问, 已使用默认头像:
[2026-03-08 19:26:52] - http://feeds.feedburner.com/ruanyifeng
[2026-03-08 20:31:22] 本次订阅抓取结果统计:
[2026-03-08 20:31:22] 共 28 条RSS, 成功抓取 24 条.
[2026-03-08 20:31:22] ✘ 有 4 条订阅解析失败:
[2026-03-08 20:31:22] - https://blog.pursuitus.com/feed
[2026-03-08 20:31:22] - https://tcxx.info/feed
[2026-03-08 20:31:22] - https://tumutanzi.com/feed
[2026-03-08 20:31:22] - https://geekinney.com/index.xml
[2026-03-08 20:31:22] ✘ 有 1 条订阅头像无法访问, 已使用默认头像:
[2026-03-08 20:31:22] - http://feeds.feedburner.com/ruanyifeng
[2026-03-08 21:28:06] 本次订阅抓取结果统计:
[2026-03-08 21:28:06] 共 28 条RSS, 成功抓取 24 条.
[2026-03-08 21:28:06] ✘ 有 4 条订阅解析失败:
[2026-03-08 21:28:06] - https://blog.pursuitus.com/feed
[2026-03-08 21:28:06] - https://tcxx.info/feed
[2026-03-08 21:28:06] - https://tumutanzi.com/feed
[2026-03-08 21:28:06] - https://geekinney.com/index.xml
[2026-03-08 21:28:06] ✘ 有 1 条订阅头像无法访问, 已使用默认头像:
[2026-03-08 21:28:06] - http://feeds.feedburner.com/ruanyifeng
[2026-03-08 22:28:35] 本次订阅抓取结果统计:
[2026-03-08 22:28:35] 共 28 条RSS, 成功抓取 24 条.
[2026-03-08 22:28:35] ✘ 有 4 条订阅解析失败:
[2026-03-08 22:28:35] - https://blog.pursuitus.com/feed
[2026-03-08 22:28:35] - https://tumutanzi.com/feed
[2026-03-08 22:28:35] - https://tcxx.info/feed
[2026-03-08 22:28:35] - https://geekinney.com/index.xml
[2026-03-08 22:28:35] ✘ 有 1 条订阅头像无法访问, 已使用默认头像:
[2026-03-08 22:28:35] - http://feeds.feedburner.com/ruanyifeng
[2026-03-08 23:28:28] 本次订阅抓取结果统计:
[2026-03-08 23:28:28] 共 28 条RSS, 成功抓取 24 条.
[2026-03-08 23:28:28] ✘ 有 4 条订阅解析失败:
[2026-03-08 23:28:28] - https://blog.pursuitus.com/feed
[2026-03-08 23:28:28] - https://tcxx.info/feed
[2026-03-08 23:28:28] - https://tumutanzi.com/feed
[2026-03-08 23:28:28] - https://geekinney.com/index.xml
[2026-03-08 23:28:28] ✘ 有 1 条订阅头像无法访问, 已使用默认头像:
[2026-03-08 23:28:28] - http://feeds.feedburner.com/ruanyifeng
