[2026-03-28 02:32:15] 本次订阅抓取结果统计:
[2026-03-28 02:32:15] 共 28 条RSS, 成功抓取 24 条.
[2026-03-28 02:32:15] ✘ 有 4 条订阅解析失败:
[2026-03-28 02:32:15] - https://blog.pursuitus.com/feed
[2026-03-28 02:32:15] - https://geekinney.com/index.xml
[2026-03-28 02:32:15] - https://tumutanzi.com/feed
[2026-03-28 02:32:15] - https://tcxx.info/feed
[2026-03-28 02:32:15] ✘ 有 1 条订阅头像无法访问, 已使用默认头像:
[2026-03-28 02:32:15] - http://feeds.feedburner.com/ruanyifeng
[2026-03-28 04:56:13] 本次订阅抓取结果统计:
[2026-03-28 04:56:13] 共 28 条RSS, 成功抓取 24 条.
[2026-03-28 04:56:13] ✘ 有 4 条订阅解析失败:
[2026-03-28 04:56:13] - https://blog.pursuitus.com/feed
[2026-03-28 04:56:13] - https://geekinney.com/index.xml
[2026-03-28 04:56:13] - https://tumutanzi.com/feed
[2026-03-28 04:56:13] - https://tcxx.info/feed
[2026-03-28 04:56:13] ✘ 有 2 条订阅头像无法访问, 已使用默认头像:
[2026-03-28 04:56:13] - http://feeds.feedburner.com/ruanyifeng
[2026-03-28 04:56:13] - https://xyzbz.cn/feed
[2026-03-28 06:00:24] 本次订阅抓取结果统计:
[2026-03-28 06:00:24] 共 28 条RSS, 成功抓取 24 条.
[2026-03-28 06:00:24] ✘ 有 4 条订阅解析失败:
[2026-03-28 06:00:24] - https://blog.pursuitus.com/feed
[2026-03-28 06:00:24] - https://geekinney.com/index.xml
[2026-03-28 06:00:24] - https://tcxx.info/feed
[2026-03-28 06:00:24] - https://tumutanzi.com/feed
[2026-03-28 06:00:24] ✘ 有 1 条订阅头像无法访问, 已使用默认头像:
[2026-03-28 06:00:24] - http://feeds.feedburner.com/ruanyifeng
[2026-03-28 07:11:22] 本次订阅抓取结果统计:
[2026-03-28 07:11:22] 共 28 条RSS, 成功抓取 24 条.
[2026-03-28 07:11:22] ✘ 有 4 条订阅解析失败:
[2026-03-28 07:11:22] - https://blog.pursuitus.com/feed
[2026-03-28 07:11:22] - https://geekinney.com/index.xml
[2026-03-28 07:11:22] - https://tcxx.info/feed
[2026-03-28 07:11:22] - https://tumutanzi.com/feed
[2026-03-28 07:11:22] ✘ 有 1 条订阅头像无法访问, 已使用默认头像:
[2026-03-28 07:11:22] - http://feeds.feedburner.com/ruanyifeng
[2026-03-28 08:44:16] 本次订阅抓取结果统计:
[2026-03-28 08:44:16] 共 28 条RSS, 成功抓取 24 条.
[2026-03-28 08:44:16] ✘ 有 4 条订阅解析失败:
[2026-03-28 08:44:16] - https://blog.pursuitus.com/feed
[2026-03-28 08:44:16] - https://geekinney.com/index.xml
[2026-03-28 08:44:16] - https://tcxx.info/feed
[2026-03-28 08:44:16] - https://tumutanzi.com/feed
[2026-03-28 08:44:16] ✘ 有 1 条订阅头像无法访问, 已使用默认头像:
[2026-03-28 08:44:16] - http://feeds.feedburner.com/ruanyifeng
[2026-03-28 09:41:25] 本次订阅抓取结果统计:
[2026-03-28 09:41:25] 共 28 条RSS, 成功抓取 24 条.
[2026-03-28 09:41:25] ✘ 有 4 条订阅解析失败:
[2026-03-28 09:41:25] - https://blog.pursuitus.com/feed
[2026-03-28 09:41:25] - https://geekinney.com/index.xml
[2026-03-28 09:41:25] - https://tumutanzi.com/feed
[2026-03-28 09:41:25] - https://tcxx.info/feed
[2026-03-28 09:41:25] ✘ 有 2 条订阅头像无法访问, 已使用默认头像:
[2026-03-28 09:41:25] - http://feeds.feedburner.com/ruanyifeng
[2026-03-28 09:41:25] - https://xyzbz.cn/feed
[2026-03-28 10:36:04] 本次订阅抓取结果统计:
[2026-03-28 10:36:04] 共 28 条RSS, 成功抓取 24 条.
[2026-03-28 10:36:04] ✘ 有 4 条订阅解析失败:
[2026-03-28 10:36:04] - https://blog.pursuitus.com/feed
[2026-03-28 10:36:04] - https://geekinney.com/index.xml
[2026-03-28 10:36:04] - https://tcxx.info/feed
[2026-03-28 10:36:04] - https://tumutanzi.com/feed
[2026-03-28 10:36:04] ✘ 有 1 条订阅头像无法访问, 已使用默认头像:
[2026-03-28 10:36:04] - http://feeds.feedburner.com/ruanyifeng
[2026-03-28 11:31:38] 本次订阅抓取结果统计:
[2026-03-28 11:31:38] 共 28 条RSS, 成功抓取 24 条.
[2026-03-28 11:31:38] ✘ 有 4 条订阅解析失败:
[2026-03-28 11:31:38] - https://blog.pursuitus.com/feed
[2026-03-28 11:31:38] - https://geekinney.com/index.xml
[2026-03-28 11:31:38] - https://tcxx.info/feed
[2026-03-28 11:31:38] - https://tumutanzi.com/feed
[2026-03-28 11:31:38] ✘ 有 1 条订阅头像无法访问, 已使用默认头像:
[2026-03-28 11:31:38] - http://feeds.feedburner.com/ruanyifeng
[2026-03-28 13:02:59] 本次订阅抓取结果统计:
[2026-03-28 13:02:59] 共 28 条RSS, 成功抓取 23 条.
[2026-03-28 13:02:59] ✘ 有 5 条订阅解析失败:
[2026-03-28 13:02:59] - https://blog.pursuitus.com/feed
[2026-03-28 13:02:59] - https://geekinney.com/index.xml
[2026-03-28 13:02:59] - https://tcxx.info/feed
[2026-03-28 13:02:59] - https://tumutanzi.com/feed
[2026-03-28 13:02:59] - https://wangpei.net/feed
[2026-03-28 13:02:59] ✘ 有 1 条订阅头像无法访问, 已使用默认头像:
[2026-03-28 13:02:59] - http://feeds.feedburner.com/ruanyifeng
[2026-03-28 14:35:49] 本次订阅抓取结果统计:
[2026-03-28 14:35:49] 共 28 条RSS, 成功抓取 21 条.
[2026-03-28 14:35:49] ✘ 有 7 条订阅解析失败:
[2026-03-28 14:35:49] - https://blog.pursuitus.com/feed
[2026-03-28 14:35:49] - https://geekinney.com/index.xml
[2026-03-28 14:35:49] - https://tcxx.info/feed
[2026-03-28 14:35:49] - https://tumutanzi.com/feed
[2026-03-28 14:35:49] - https://oba.by/feed
[2026-03-28 14:35:49] - https://blog.zhheo.com/rss.xml
[2026-03-28 14:35:49] - https://xyzbz.cn/feed
[2026-03-28 14:35:49] ✘ 有 1 条订阅头像无法访问, 已使用默认头像:
[2026-03-28 14:35:49] - http://feeds.feedburner.com/ruanyifeng
[2026-03-28 15:35:07] 本次订阅抓取结果统计:
[2026-03-28 15:35:07] 共 28 条RSS, 成功抓取 24 条.
[2026-03-28 15:35:07] ✘ 有 4 条订阅解析失败:
[2026-03-28 15:35:07] - https://blog.pursuitus.com/feed
[2026-03-28 15:35:07] - https://geekinney.com/index.xml
[2026-03-28 15:35:07] - https://tcxx.info/feed
[2026-03-28 15:35:07] - https://tumutanzi.com/feed
[2026-03-28 15:35:07] ✘ 有 1 条订阅头像无法访问, 已使用默认头像:
[2026-03-28 15:35:07] - http://feeds.feedburner.com/ruanyifeng
[2026-03-28 16:38:58] 本次订阅抓取结果统计:
[2026-03-28 16:38:58] 共 28 条RSS, 成功抓取 24 条.
[2026-03-28 16:38:58] ✘ 有 4 条订阅解析失败:
[2026-03-28 16:38:58] - https://blog.pursuitus.com/feed
[2026-03-28 16:38:58] - https://geekinney.com/index.xml
[2026-03-28 16:38:58] - https://tcxx.info/feed
[2026-03-28 16:38:58] - https://tumutanzi.com/feed
[2026-03-28 16:38:58] ✘ 有 2 条订阅头像无法访问, 已使用默认头像:
[2026-03-28 16:38:58] - http://feeds.feedburner.com/ruanyifeng
[2026-03-28 16:38:58] - https://blog.yanqingshan.com/feed
