[2026-04-09 02:39:23] 本次订阅抓取结果统计:
[2026-04-09 02:39:23] 共 28 条RSS, 成功抓取 24 条.
[2026-04-09 02:39:23] ✘ 有 4 条订阅解析失败:
[2026-04-09 02:39:23] - https://blog.pursuitus.com/feed
[2026-04-09 02:39:23] - https://tumutanzi.com/feed
[2026-04-09 02:39:23] - https://geekinney.com/index.xml
[2026-04-09 02:39:23] - https://tcxx.info/feed
[2026-04-09 02:39:23] ✘ 有 2 条订阅头像无法访问, 已使用默认头像:
[2026-04-09 02:39:23] - https://www.loyhome.com/feed
[2026-04-09 02:39:23] - http://feeds.feedburner.com/ruanyifeng
[2026-04-09 05:12:52] 本次订阅抓取结果统计:
[2026-04-09 05:12:52] 共 28 条RSS, 成功抓取 24 条.
[2026-04-09 05:12:52] ✘ 有 4 条订阅解析失败:
[2026-04-09 05:12:52] - https://blog.pursuitus.com/feed
[2026-04-09 05:12:52] - https://geekinney.com/index.xml
[2026-04-09 05:12:52] - https://tcxx.info/feed
[2026-04-09 05:12:52] - https://tumutanzi.com/feed
[2026-04-09 05:12:52] ✘ 有 2 条订阅头像无法访问, 已使用默认头像:
[2026-04-09 05:12:52] - https://www.loyhome.com/feed
[2026-04-09 05:12:52] - http://feeds.feedburner.com/ruanyifeng
[2026-04-09 07:42:38] 本次订阅抓取结果统计:
[2026-04-09 07:42:38] 共 28 条RSS, 成功抓取 23 条.
[2026-04-09 07:42:38] ✘ 有 5 条订阅解析失败:
[2026-04-09 07:42:38] - https://blog.pursuitus.com/feed
[2026-04-09 07:42:38] - https://geekinney.com/index.xml
[2026-04-09 07:42:38] - https://tcxx.info/feed
[2026-04-09 07:42:38] - https://tumutanzi.com/feed
[2026-04-09 07:42:38] - https://wangpei.net/feed
[2026-04-09 07:42:38] ✘ 有 2 条订阅头像无法访问, 已使用默认头像:
[2026-04-09 07:42:38] - https://www.loyhome.com/feed
[2026-04-09 07:42:38] - http://feeds.feedburner.com/ruanyifeng
