[2026-03-03 02:31:27] 本次订阅抓取结果统计:
[2026-03-03 02:31:27] 共 28 条RSS, 成功抓取 24 条.
[2026-03-03 02:31:27] ✘ 有 4 条订阅解析失败:
[2026-03-03 02:31:27] - https://blog.pursuitus.com/feed
[2026-03-03 02:31:27] - https://tcxx.info/feed
[2026-03-03 02:31:27] - https://tumutanzi.com/feed
[2026-03-03 02:31:27] - https://geekinney.com/index.xml
[2026-03-03 02:31:27] ✘ 有 2 条订阅头像无法访问, 已使用默认头像:
[2026-03-03 02:31:27] - https://www.loyhome.com/feed
[2026-03-03 02:31:27] - http://feeds.feedburner.com/ruanyifeng
[2026-03-03 04:48:55] 本次订阅抓取结果统计:
[2026-03-03 04:48:55] 共 28 条RSS, 成功抓取 24 条.
[2026-03-03 04:48:55] ✘ 有 4 条订阅解析失败:
[2026-03-03 04:48:55] - https://blog.pursuitus.com/feed
[2026-03-03 04:48:55] - https://tumutanzi.com/feed
[2026-03-03 04:48:55] - https://tcxx.info/feed
[2026-03-03 04:48:55] - https://geekinney.com/index.xml
[2026-03-03 04:48:55] ✘ 有 1 条订阅头像无法访问, 已使用默认头像:
[2026-03-03 04:48:55] - http://feeds.feedburner.com/ruanyifeng
[2026-03-03 05:52:27] 本次订阅抓取结果统计:
[2026-03-03 05:52:27] 共 28 条RSS, 成功抓取 24 条.
[2026-03-03 05:52:27] ✘ 有 4 条订阅解析失败:
[2026-03-03 05:52:27] - https://blog.pursuitus.com/feed
[2026-03-03 05:52:27] - https://tcxx.info/feed
[2026-03-03 05:52:27] - https://tumutanzi.com/feed
[2026-03-03 05:52:27] - https://geekinney.com/index.xml
[2026-03-03 05:52:27] ✘ 有 1 条订阅头像无法访问, 已使用默认头像:
[2026-03-03 05:52:27] - http://feeds.feedburner.com/ruanyifeng
[2026-03-03 06:58:00] 本次订阅抓取结果统计:
[2026-03-03 06:58:00] 共 28 条RSS, 成功抓取 24 条.
[2026-03-03 06:58:00] ✘ 有 4 条订阅解析失败:
[2026-03-03 06:58:00] - https://blog.pursuitus.com/feed
[2026-03-03 06:58:00] - https://tumutanzi.com/feed
[2026-03-03 06:58:00] - https://tcxx.info/feed
[2026-03-03 06:58:00] - https://geekinney.com/index.xml
[2026-03-03 06:58:00] ✘ 有 1 条订阅头像无法访问, 已使用默认头像:
[2026-03-03 06:58:00] - http://feeds.feedburner.com/ruanyifeng
[2026-03-03 07:48:34] 本次订阅抓取结果统计:
[2026-03-03 07:48:34] 共 28 条RSS, 成功抓取 24 条.
[2026-03-03 07:48:34] ✘ 有 4 条订阅解析失败:
[2026-03-03 07:48:34] - https://blog.pursuitus.com/feed
[2026-03-03 07:48:34] - https://tcxx.info/feed
[2026-03-03 07:48:34] - https://tumutanzi.com/feed
[2026-03-03 07:48:34] - https://geekinney.com/index.xml
[2026-03-03 07:48:34] ✘ 有 1 条订阅头像无法访问, 已使用默认头像:
[2026-03-03 07:48:34] - http://feeds.feedburner.com/ruanyifeng
[2026-03-03 08:49:08] 本次订阅抓取结果统计:
[2026-03-03 08:49:08] 共 28 条RSS, 成功抓取 24 条.
[2026-03-03 08:49:08] ✘ 有 4 条订阅解析失败:
[2026-03-03 08:49:08] - https://blog.pursuitus.com/feed
[2026-03-03 08:49:08] - https://tumutanzi.com/feed
[2026-03-03 08:49:08] - https://tcxx.info/feed
[2026-03-03 08:49:08] - https://geekinney.com/index.xml
[2026-03-03 08:49:08] ✘ 有 2 条订阅头像无法访问, 已使用默认头像:
[2026-03-03 08:49:08] - http://feeds.feedburner.com/ruanyifeng
[2026-03-03 08:49:08] - https://xyzbz.cn/feed
[2026-03-03 09:48:46] 本次订阅抓取结果统计:
[2026-03-03 09:48:46] 共 28 条RSS, 成功抓取 24 条.
[2026-03-03 09:48:46] ✘ 有 4 条订阅解析失败:
[2026-03-03 09:48:46] - https://blog.pursuitus.com/feed
[2026-03-03 09:48:46] - https://tcxx.info/feed
[2026-03-03 09:48:46] - https://tumutanzi.com/feed
[2026-03-03 09:48:46] - https://geekinney.com/index.xml
[2026-03-03 09:48:46] ✘ 有 1 条订阅头像无法访问, 已使用默认头像:
[2026-03-03 09:48:46] - http://feeds.feedburner.com/ruanyifeng
[2026-03-03 10:43:25] 本次订阅抓取结果统计:
[2026-03-03 10:43:25] 共 28 条RSS, 成功抓取 24 条.
[2026-03-03 10:43:25] ✘ 有 4 条订阅解析失败:
[2026-03-03 10:43:25] - https://blog.pursuitus.com/feed
[2026-03-03 10:43:25] - https://tumutanzi.com/feed
[2026-03-03 10:43:25] - https://tcxx.info/feed
[2026-03-03 10:43:25] - https://geekinney.com/index.xml
[2026-03-03 10:43:25] ✘ 有 1 条订阅头像无法访问, 已使用默认头像:
[2026-03-03 10:43:25] - http://feeds.feedburner.com/ruanyifeng
[2026-03-03 11:35:42] 本次订阅抓取结果统计:
[2026-03-03 11:35:42] 共 28 条RSS, 成功抓取 24 条.
[2026-03-03 11:35:42] ✘ 有 4 条订阅解析失败:
[2026-03-03 11:35:42] - https://blog.pursuitus.com/feed
[2026-03-03 11:35:42] - https://tcxx.info/feed
[2026-03-03 11:35:42] - https://tumutanzi.com/feed
[2026-03-03 11:35:42] - https://geekinney.com/index.xml
[2026-03-03 11:35:42] ✘ 有 1 条订阅头像无法访问, 已使用默认头像:
[2026-03-03 11:35:42] - http://feeds.feedburner.com/ruanyifeng
[2026-03-03 13:05:23] 本次订阅抓取结果统计:
[2026-03-03 13:05:23] 共 28 条RSS, 成功抓取 24 条.
[2026-03-03 13:05:23] ✘ 有 4 条订阅解析失败:
[2026-03-03 13:05:23] - https://blog.pursuitus.com/feed
[2026-03-03 13:05:23] - https://tcxx.info/feed
[2026-03-03 13:05:23] - https://tumutanzi.com/feed
[2026-03-03 13:05:23] - https://geekinney.com/index.xml
[2026-03-03 13:05:23] ✘ 有 1 条订阅头像无法访问, 已使用默认头像:
[2026-03-03 13:05:23] - http://feeds.feedburner.com/ruanyifeng
[2026-03-03 14:48:17] 本次订阅抓取结果统计:
[2026-03-03 14:48:17] 共 28 条RSS, 成功抓取 24 条.
[2026-03-03 14:48:17] ✘ 有 4 条订阅解析失败:
[2026-03-03 14:48:17] - https://blog.pursuitus.com/feed
[2026-03-03 14:48:17] - https://tcxx.info/feed
[2026-03-03 14:48:17] - https://tumutanzi.com/feed
[2026-03-03 14:48:17] - https://geekinney.com/index.xml
[2026-03-03 14:48:17] ✘ 有 1 条订阅头像无法访问, 已使用默认头像:
[2026-03-03 14:48:17] - http://feeds.feedburner.com/ruanyifeng
[2026-03-03 15:50:43] 本次订阅抓取结果统计:
[2026-03-03 15:50:43] 共 28 条RSS, 成功抓取 24 条.
[2026-03-03 15:50:43] ✘ 有 4 条订阅解析失败:
[2026-03-03 15:50:43] - https://blog.pursuitus.com/feed
[2026-03-03 15:50:43] - https://tumutanzi.com/feed
[2026-03-03 15:50:43] - https://tcxx.info/feed
[2026-03-03 15:50:43] - https://geekinney.com/index.xml
[2026-03-03 15:50:43] ✘ 有 1 条订阅头像无法访问, 已使用默认头像:
[2026-03-03 15:50:43] - http://feeds.feedburner.com/ruanyifeng
[2026-03-03 16:54:15] 本次订阅抓取结果统计:
[2026-03-03 16:54:15] 共 28 条RSS, 成功抓取 24 条.
[2026-03-03 16:54:15] ✘ 有 4 条订阅解析失败:
[2026-03-03 16:54:15] - https://blog.pursuitus.com/feed
[2026-03-03 16:54:15] - https://tcxx.info/feed
[2026-03-03 16:54:15] - https://tumutanzi.com/feed
[2026-03-03 16:54:15] - https://geekinney.com/index.xml
[2026-03-03 16:54:15] ✘ 有 3 条订阅头像无法访问, 已使用默认头像:
[2026-03-03 16:54:15] - https://hwv430.blogspot.com/feeds/posts/default
[2026-03-03 16:54:15] - http://feeds.feedburner.com/ruanyifeng
[2026-03-03 16:54:15] - https://xyzbz.cn/feed
[2026-03-03 17:47:41] 本次订阅抓取结果统计:
[2026-03-03 17:47:41] 共 28 条RSS, 成功抓取 24 条.
[2026-03-03 17:47:41] ✘ 有 4 条订阅解析失败:
[2026-03-03 17:47:41] - https://blog.pursuitus.com/feed
[2026-03-03 17:47:41] - https://tcxx.info/feed
[2026-03-03 17:47:41] - https://tumutanzi.com/feed
[2026-03-03 17:47:41] - https://geekinney.com/index.xml
[2026-03-03 17:47:41] ✘ 有 1 条订阅头像无法访问, 已使用默认头像:
[2026-03-03 17:47:41] - http://feeds.feedburner.com/ruanyifeng
[2026-03-03 19:41:55] 本次订阅抓取结果统计:
[2026-03-03 19:41:55] 共 28 条RSS, 成功抓取 24 条.
[2026-03-03 19:41:55] ✘ 有 4 条订阅解析失败:
[2026-03-03 19:41:55] - https://blog.pursuitus.com/feed
[2026-03-03 19:41:55] - https://tcxx.info/feed
[2026-03-03 19:41:55] - https://tumutanzi.com/feed
[2026-03-03 19:41:55] - https://geekinney.com/index.xml
[2026-03-03 19:41:55] ✘ 有 2 条订阅头像无法访问, 已使用默认头像:
[2026-03-03 19:41:55] - http://feeds.feedburner.com/ruanyifeng
[2026-03-03 19:41:55] - https://xyzbz.cn/feed
[2026-03-03 20:36:31] 本次订阅抓取结果统计:
[2026-03-03 20:36:31] 共 28 条RSS, 成功抓取 24 条.
[2026-03-03 20:36:31] ✘ 有 4 条订阅解析失败:
[2026-03-03 20:36:31] - https://blog.pursuitus.com/feed
[2026-03-03 20:36:31] - https://tcxx.info/feed
[2026-03-03 20:36:31] - https://tumutanzi.com/feed
[2026-03-03 20:36:31] - https://geekinney.com/index.xml
[2026-03-03 20:36:31] ✘ 有 1 条订阅头像无法访问, 已使用默认头像:
[2026-03-03 20:36:31] - http://feeds.feedburner.com/ruanyifeng
[2026-03-03 21:37:23] 本次订阅抓取结果统计:
[2026-03-03 21:37:23] 共 28 条RSS, 成功抓取 24 条.
[2026-03-03 21:37:23] ✘ 有 4 条订阅解析失败:
[2026-03-03 21:37:23] - https://blog.pursuitus.com/feed
[2026-03-03 21:37:23] - https://tcxx.info/feed
[2026-03-03 21:37:23] - https://tumutanzi.com/feed
[2026-03-03 21:37:23] - https://geekinney.com/index.xml
[2026-03-03 21:37:23] ✘ 有 1 条订阅头像无法访问, 已使用默认头像:
[2026-03-03 21:37:23] - http://feeds.feedburner.com/ruanyifeng
[2026-03-03 22:33:01] 本次订阅抓取结果统计:
[2026-03-03 22:33:01] 共 28 条RSS, 成功抓取 24 条.
[2026-03-03 22:33:01] ✘ 有 4 条订阅解析失败:
[2026-03-03 22:33:01] - https://blog.pursuitus.com/feed
[2026-03-03 22:33:01] - https://tumutanzi.com/feed
[2026-03-03 22:33:01] - https://tcxx.info/feed
[2026-03-03 22:33:01] - https://geekinney.com/index.xml
[2026-03-03 22:33:01] ✘ 有 1 条订阅头像无法访问, 已使用默认头像:
[2026-03-03 22:33:01] - http://feeds.feedburner.com/ruanyifeng
[2026-03-03 23:31:15] 本次订阅抓取结果统计:
[2026-03-03 23:31:15] 共 28 条RSS, 成功抓取 24 条.
[2026-03-03 23:31:15] ✘ 有 4 条订阅解析失败:
[2026-03-03 23:31:15] - https://blog.pursuitus.com/feed
[2026-03-03 23:31:15] - https://tumutanzi.com/feed
[2026-03-03 23:31:15] - https://tcxx.info/feed
[2026-03-03 23:31:15] - https://geekinney.com/index.xml
[2026-03-03 23:31:15] ✘ 有 1 条订阅头像无法访问, 已使用默认头像:
[2026-03-03 23:31:15] - http://feeds.feedburner.com/ruanyifeng
