[2026-05-30 03:42:43] 本次订阅抓取结果统计:
[2026-05-30 03:42:43] 共 28 条RSS, 成功抓取 23 条.
[2026-05-30 03:42:43] ✘ 有 5 条订阅解析失败:
[2026-05-30 03:42:43] - https://blog.pursuitus.com/feed
[2026-05-30 03:42:43] - https://geekinney.com/index.xml
[2026-05-30 03:42:43] - https://tcxx.info/feed
[2026-05-30 03:42:43] - https://tumutanzi.com/feed
[2026-05-30 03:42:43] - https://www.shephe.com/feed
[2026-05-30 03:42:43] ✘ 有 3 条订阅头像无法访问, 已使用默认头像:
[2026-05-30 03:42:43] - https://www.loyhome.com/feed
[2026-05-30 03:42:43] - https://xyzbz.cn/feed
[2026-05-30 03:42:43] - http://feeds.feedburner.com/ruanyifeng
[2026-05-30 06:48:50] 本次订阅抓取结果统计:
[2026-05-30 06:48:50] 共 28 条RSS, 成功抓取 23 条.
[2026-05-30 06:48:50] ✘ 有 5 条订阅解析失败:
[2026-05-30 06:48:50] - https://blog.pursuitus.com/feed
[2026-05-30 06:48:50] - https://geekinney.com/index.xml
[2026-05-30 06:48:50] - https://tumutanzi.com/feed
[2026-05-30 06:48:50] - https://tcxx.info/feed
[2026-05-30 06:48:50] - https://www.shephe.com/feed
[2026-05-30 06:48:50] ✘ 有 3 条订阅头像无法访问, 已使用默认头像:
[2026-05-30 06:48:50] - https://www.loyhome.com/feed
[2026-05-30 06:48:50] - http://feeds.feedburner.com/ruanyifeng
[2026-05-30 06:48:50] - https://xyzbz.cn/feed
[2026-05-30 09:21:19] 本次订阅抓取结果统计:
[2026-05-30 09:21:19] 共 28 条RSS, 成功抓取 22 条.
[2026-05-30 09:21:19] ✘ 有 6 条订阅解析失败:
[2026-05-30 09:21:19] - https://blog.pursuitus.com/feed
[2026-05-30 09:21:19] - https://geekinney.com/index.xml
[2026-05-30 09:21:19] - https://tcxx.info/feed
[2026-05-30 09:21:19] - https://www.shephe.com/feed
[2026-05-30 09:21:19] - https://tumutanzi.com/feed
[2026-05-30 09:21:19] - https://wangpei.net/feed
[2026-05-30 09:21:19] ✘ 有 3 条订阅头像无法访问, 已使用默认头像:
[2026-05-30 09:21:19] - https://www.loyhome.com/feed
[2026-05-30 09:21:19] - https://xyzbz.cn/feed
[2026-05-30 09:21:19] - http://feeds.feedburner.com/ruanyifeng
[2026-05-30 11:23:24] 本次订阅抓取结果统计:
[2026-05-30 11:23:24] 共 28 条RSS, 成功抓取 23 条.
[2026-05-30 11:23:24] ✘ 有 5 条订阅解析失败:
[2026-05-30 11:23:24] - https://blog.pursuitus.com/feed
[2026-05-30 11:23:24] - https://geekinney.com/index.xml
[2026-05-30 11:23:24] - https://tumutanzi.com/feed
[2026-05-30 11:23:24] - https://tcxx.info/feed
[2026-05-30 11:23:24] - https://www.shephe.com/feed
[2026-05-30 11:23:24] ✘ 有 3 条订阅头像无法访问, 已使用默认头像:
[2026-05-30 11:23:24] - https://www.loyhome.com/feed
[2026-05-30 11:23:24] - https://xyzbz.cn/feed
[2026-05-30 11:23:24] - http://feeds.feedburner.com/ruanyifeng
[2026-05-30 13:46:00] 本次订阅抓取结果统计:
[2026-05-30 13:46:00] 共 28 条RSS, 成功抓取 23 条.
[2026-05-30 13:46:00] ✘ 有 5 条订阅解析失败:
[2026-05-30 13:46:00] - https://blog.pursuitus.com/feed
[2026-05-30 13:46:00] - https://geekinney.com/index.xml
[2026-05-30 13:46:00] - https://tcxx.info/feed
[2026-05-30 13:46:00] - https://tumutanzi.com/feed
[2026-05-30 13:46:00] - https://www.shephe.com/feed
[2026-05-30 13:46:00] ✘ 有 3 条订阅头像无法访问, 已使用默认头像:
[2026-05-30 13:46:00] - https://www.loyhome.com/feed
[2026-05-30 13:46:00] - https://xyzbz.cn/feed
[2026-05-30 13:46:00] - http://feeds.feedburner.com/ruanyifeng
[2026-05-30 15:11:38] 本次订阅抓取结果统计:
[2026-05-30 15:11:38] 共 28 条RSS, 成功抓取 23 条.
[2026-05-30 15:11:38] ✘ 有 5 条订阅解析失败:
[2026-05-30 15:11:38] - https://blog.pursuitus.com/feed
[2026-05-30 15:11:38] - https://geekinney.com/index.xml
[2026-05-30 15:11:38] - https://tcxx.info/feed
[2026-05-30 15:11:38] - https://tumutanzi.com/feed
[2026-05-30 15:11:38] - https://www.shephe.com/feed
[2026-05-30 15:11:38] ✘ 有 4 条订阅头像无法访问, 已使用默认头像:
[2026-05-30 15:11:38] - https://xyzbz.cn/feed
[2026-05-30 15:11:38] - https://www.loyhome.com/feed
[2026-05-30 15:11:38] - http://feeds.feedburner.com/ruanyifeng
[2026-05-30 15:11:38] - https://blog.fooleap.org/atom.xml
[2026-05-30 17:11:41] 本次订阅抓取结果统计:
[2026-05-30 17:11:41] 共 28 条RSS, 成功抓取 23 条.
[2026-05-30 17:11:41] ✘ 有 5 条订阅解析失败:
[2026-05-30 17:11:41] - https://blog.pursuitus.com/feed
[2026-05-30 17:11:41] - https://geekinney.com/index.xml
[2026-05-30 17:11:41] - https://tcxx.info/feed
[2026-05-30 17:11:41] - https://tumutanzi.com/feed
[2026-05-30 17:11:41] - https://www.shephe.com/feed
[2026-05-30 17:11:41] ✘ 有 3 条订阅头像无法访问, 已使用默认头像:
[2026-05-30 17:11:41] - https://www.loyhome.com/feed
[2026-05-30 17:11:41] - https://xyzbz.cn/feed
[2026-05-30 17:11:41] - http://feeds.feedburner.com/ruanyifeng
