[2026-03-20 02:27:48] 本次订阅抓取结果统计:
[2026-03-20 02:27:48] 共 28 条RSS, 成功抓取 23 条.
[2026-03-20 02:27:48] ✘ 有 5 条订阅解析失败:
[2026-03-20 02:27:48] - https://blog.pursuitus.com/feed
[2026-03-20 02:27:48] - https://geekinney.com/index.xml
[2026-03-20 02:27:48] - https://tumutanzi.com/feed
[2026-03-20 02:27:48] - https://tcxx.info/feed
[2026-03-20 02:27:48] - https://wangpei.net/feed
[2026-03-20 02:27:48] ✘ 有 1 条订阅头像无法访问, 已使用默认头像:
[2026-03-20 02:27:48] - http://feeds.feedburner.com/ruanyifeng
[2026-03-20 04:50:13] 本次订阅抓取结果统计:
[2026-03-20 04:50:13] 共 28 条RSS, 成功抓取 23 条.
[2026-03-20 04:50:13] ✘ 有 5 条订阅解析失败:
[2026-03-20 04:50:13] - https://blog.pursuitus.com/feed
[2026-03-20 04:50:13] - https://geekinney.com/index.xml
[2026-03-20 04:50:13] - https://tcxx.info/feed
[2026-03-20 04:50:13] - https://tumutanzi.com/feed
[2026-03-20 04:50:13] - https://wangpei.net/feed
[2026-03-20 04:50:13] ✘ 有 2 条订阅头像无法访问, 已使用默认头像:
[2026-03-20 04:50:13] - http://feeds.feedburner.com/ruanyifeng
[2026-03-20 04:50:13] - https://www.loyhome.com/feed
[2026-03-20 05:55:03] 本次订阅抓取结果统计:
[2026-03-20 05:55:03] 共 28 条RSS, 成功抓取 23 条.
[2026-03-20 05:55:03] ✘ 有 5 条订阅解析失败:
[2026-03-20 05:55:03] - https://blog.pursuitus.com/feed
[2026-03-20 05:55:03] - https://geekinney.com/index.xml
[2026-03-20 05:55:03] - https://tcxx.info/feed
[2026-03-20 05:55:03] - https://tumutanzi.com/feed
[2026-03-20 05:55:03] - https://wangpei.net/feed
[2026-03-20 05:55:03] ✘ 有 1 条订阅头像无法访问, 已使用默认头像:
[2026-03-20 05:55:03] - http://feeds.feedburner.com/ruanyifeng
[2026-03-20 07:01:09] 本次订阅抓取结果统计:
[2026-03-20 07:01:09] 共 28 条RSS, 成功抓取 23 条.
[2026-03-20 07:01:09] ✘ 有 5 条订阅解析失败:
[2026-03-20 07:01:09] - https://blog.pursuitus.com/feed
[2026-03-20 07:01:09] - https://geekinney.com/index.xml
[2026-03-20 07:01:09] - https://tumutanzi.com/feed
[2026-03-20 07:01:09] - https://tcxx.info/feed
[2026-03-20 07:01:09] - https://wangpei.net/feed
[2026-03-20 07:01:09] ✘ 有 1 条订阅头像无法访问, 已使用默认头像:
[2026-03-20 07:01:09] - http://feeds.feedburner.com/ruanyifeng
[2026-03-20 08:49:01] 本次订阅抓取结果统计:
[2026-03-20 08:49:01] 共 28 条RSS, 成功抓取 24 条.
[2026-03-20 08:49:01] ✘ 有 4 条订阅解析失败:
[2026-03-20 08:49:01] - https://blog.pursuitus.com/feed
[2026-03-20 08:49:01] - https://geekinney.com/index.xml
[2026-03-20 08:49:01] - https://tumutanzi.com/feed
[2026-03-20 08:49:01] - https://tcxx.info/feed
[2026-03-20 08:49:01] ✘ 有 2 条订阅头像无法访问, 已使用默认头像:
[2026-03-20 08:49:01] - http://feeds.feedburner.com/ruanyifeng
[2026-03-20 08:49:01] - https://xyzbz.cn/feed
[2026-03-20 09:48:08] 本次订阅抓取结果统计:
[2026-03-20 09:48:08] 共 28 条RSS, 成功抓取 23 条.
[2026-03-20 09:48:08] ✘ 有 5 条订阅解析失败:
[2026-03-20 09:48:08] - https://blog.pursuitus.com/feed
[2026-03-20 09:48:08] - https://wangpei.net/feed
[2026-03-20 09:48:08] - https://geekinney.com/index.xml
[2026-03-20 09:48:08] - https://tcxx.info/feed
[2026-03-20 09:48:08] - https://tumutanzi.com/feed
[2026-03-20 09:48:08] ✘ 有 2 条订阅头像无法访问, 已使用默认头像:
[2026-03-20 09:48:08] - http://feeds.feedburner.com/ruanyifeng
[2026-03-20 09:48:08] - https://www.loyhome.com/feed
[2026-03-20 10:42:25] 本次订阅抓取结果统计:
[2026-03-20 10:42:25] 共 28 条RSS, 成功抓取 23 条.
[2026-03-20 10:42:25] ✘ 有 5 条订阅解析失败:
[2026-03-20 10:42:25] - https://blog.pursuitus.com/feed
[2026-03-20 10:42:25] - https://geekinney.com/index.xml
[2026-03-20 10:42:25] - https://tumutanzi.com/feed
[2026-03-20 10:42:25] - https://tcxx.info/feed
[2026-03-20 10:42:25] - https://wangpei.net/feed
[2026-03-20 10:42:25] ✘ 有 1 条订阅头像无法访问, 已使用默认头像:
[2026-03-20 10:42:25] - http://feeds.feedburner.com/ruanyifeng
[2026-03-20 11:35:14] 本次订阅抓取结果统计:
[2026-03-20 11:35:14] 共 28 条RSS, 成功抓取 24 条.
[2026-03-20 11:35:14] ✘ 有 4 条订阅解析失败:
[2026-03-20 11:35:14] - https://blog.pursuitus.com/feed
[2026-03-20 11:35:14] - https://geekinney.com/index.xml
[2026-03-20 11:35:14] - https://tcxx.info/feed
[2026-03-20 11:35:14] - https://tumutanzi.com/feed
[2026-03-20 11:35:14] ✘ 有 1 条订阅头像无法访问, 已使用默认头像:
[2026-03-20 11:35:14] - http://feeds.feedburner.com/ruanyifeng
[2026-03-20 13:07:34] 本次订阅抓取结果统计:
[2026-03-20 13:07:34] 共 28 条RSS, 成功抓取 23 条.
[2026-03-20 13:07:34] ✘ 有 5 条订阅解析失败:
[2026-03-20 13:07:34] - https://blog.pursuitus.com/feed
[2026-03-20 13:07:34] - https://geekinney.com/index.xml
[2026-03-20 13:07:34] - https://tcxx.info/feed
[2026-03-20 13:07:34] - https://tumutanzi.com/feed
[2026-03-20 13:07:34] - https://wangpei.net/feed
[2026-03-20 13:07:34] ✘ 有 3 条订阅头像无法访问, 已使用默认头像:
[2026-03-20 13:07:34] - https://blog.zhheo.com/rss.xml
[2026-03-20 13:07:34] - https://www.loyhome.com/feed
[2026-03-20 13:07:34] - http://feeds.feedburner.com/ruanyifeng
[2026-03-20 14:46:15] 本次订阅抓取结果统计:
[2026-03-20 14:46:15] 共 28 条RSS, 成功抓取 23 条.
[2026-03-20 14:46:15] ✘ 有 5 条订阅解析失败:
[2026-03-20 14:46:15] - https://blog.pursuitus.com/feed
[2026-03-20 14:46:15] - https://geekinney.com/index.xml
[2026-03-20 14:46:15] - https://tcxx.info/feed
[2026-03-20 14:46:15] - https://tumutanzi.com/feed
[2026-03-20 14:46:15] - https://wangpei.net/feed
[2026-03-20 14:46:15] ✘ 有 1 条订阅头像无法访问, 已使用默认头像:
[2026-03-20 14:46:15] - http://feeds.feedburner.com/ruanyifeng
