[2026-06-28 04:08:04] 本次订阅抓取结果统计:
[2026-06-28 04:08:04] 共 28 条RSS, 成功抓取 24 条.
[2026-06-28 04:08:04] ✘ 有 4 条订阅解析失败:
[2026-06-28 04:08:04] - https://blog.pursuitus.com/feed
[2026-06-28 04:08:04] - https://geekinney.com/index.xml
[2026-06-28 04:08:04] - https://tcxx.info/feed
[2026-06-28 04:08:04] - https://www.shephe.com/feed
[2026-06-28 04:08:04] ✘ 有 3 条订阅头像无法访问, 已使用默认头像:
[2026-06-28 04:08:04] - https://www.loyhome.com/feed
[2026-06-28 04:08:04] - http://feeds.feedburner.com/ruanyifeng
[2026-06-28 04:08:04] - https://xyzbz.cn/feed
[2026-06-28 08:23:17] 本次订阅抓取结果统计:
[2026-06-28 08:23:17] 共 28 条RSS, 成功抓取 23 条.
[2026-06-28 08:23:17] ✘ 有 5 条订阅解析失败:
[2026-06-28 08:23:17] - https://blog.pursuitus.com/feed
[2026-06-28 08:23:17] - https://geekinney.com/index.xml
[2026-06-28 08:23:17] - https://tcxx.info/feed
[2026-06-28 08:23:17] - https://tumutanzi.com/feed
[2026-06-28 08:23:17] - https://www.shephe.com/feed
[2026-06-28 08:23:17] ✘ 有 4 条订阅头像无法访问, 已使用默认头像:
[2026-06-28 08:23:17] - https://blog.zhheo.com/rss.xml
[2026-06-28 08:23:17] - https://www.loyhome.com/feed
[2026-06-28 08:23:17] - http://feeds.feedburner.com/ruanyifeng
[2026-06-28 08:23:17] - https://xyzbz.cn/feed
[2026-06-28 11:10:00] 本次订阅抓取结果统计:
[2026-06-28 11:10:00] 共 28 条RSS, 成功抓取 24 条.
[2026-06-28 11:10:00] ✘ 有 4 条订阅解析失败:
[2026-06-28 11:10:00] - https://blog.pursuitus.com/feed
[2026-06-28 11:10:00] - https://geekinney.com/index.xml
[2026-06-28 11:10:00] - https://tcxx.info/feed
[2026-06-28 11:10:00] - https://www.shephe.com/feed
[2026-06-28 11:10:00] ✘ 有 3 条订阅头像无法访问, 已使用默认头像:
[2026-06-28 11:10:00] - https://www.loyhome.com/feed
[2026-06-28 11:10:00] - https://xyzbz.cn/feed
[2026-06-28 11:10:00] - http://feeds.feedburner.com/ruanyifeng
[2026-06-28 13:53:43] 本次订阅抓取结果统计:
[2026-06-28 13:53:43] 共 28 条RSS, 成功抓取 24 条.
[2026-06-28 13:53:43] ✘ 有 4 条订阅解析失败:
[2026-06-28 13:53:43] - https://blog.pursuitus.com/feed
[2026-06-28 13:53:43] - https://www.shephe.com/feed
[2026-06-28 13:53:43] - https://geekinney.com/index.xml
[2026-06-28 13:53:43] - https://tcxx.info/feed
[2026-06-28 13:53:43] ✘ 有 3 条订阅头像无法访问, 已使用默认头像:
[2026-06-28 13:53:43] - https://xyzbz.cn/feed
[2026-06-28 13:53:43] - https://www.loyhome.com/feed
[2026-06-28 13:53:43] - http://feeds.feedburner.com/ruanyifeng
[2026-06-28 15:20:14] 本次订阅抓取结果统计:
[2026-06-28 15:20:14] 共 28 条RSS, 成功抓取 24 条.
[2026-06-28 15:20:14] ✘ 有 4 条订阅解析失败:
[2026-06-28 15:20:14] - https://blog.pursuitus.com/feed
[2026-06-28 15:20:14] - https://geekinney.com/index.xml
[2026-06-28 15:20:14] - https://www.shephe.com/feed
[2026-06-28 15:20:14] - https://tcxx.info/feed
[2026-06-28 15:20:14] ✘ 有 3 条订阅头像无法访问, 已使用默认头像:
[2026-06-28 15:20:14] - https://www.loyhome.com/feed
[2026-06-28 15:20:14] - https://xyzbz.cn/feed
[2026-06-28 15:20:14] - http://feeds.feedburner.com/ruanyifeng
[2026-06-28 17:16:32] 本次订阅抓取结果统计:
[2026-06-28 17:16:32] 共 28 条RSS, 成功抓取 24 条.
[2026-06-28 17:16:32] ✘ 有 4 条订阅解析失败:
[2026-06-28 17:16:32] - https://blog.pursuitus.com/feed
[2026-06-28 17:16:32] - https://geekinney.com/index.xml
[2026-06-28 17:16:32] - https://tcxx.info/feed
[2026-06-28 17:16:32] - https://www.shephe.com/feed
[2026-06-28 17:16:32] ✘ 有 3 条订阅头像无法访问, 已使用默认头像:
[2026-06-28 17:16:32] - https://www.loyhome.com/feed
[2026-06-28 17:16:32] - https://xyzbz.cn/feed
[2026-06-28 17:16:32] - http://feeds.feedburner.com/ruanyifeng
