[2026-02-03 02:31:19] 本次订阅抓取结果统计:
[2026-02-03 02:31:19] 共 28 条RSS, 成功抓取 24 条.
[2026-02-03 02:31:19] ✘ 有 4 条订阅解析失败:
[2026-02-03 02:31:19] - https://blog.pursuitus.com/feed
[2026-02-03 02:31:19] - https://tcxx.info/feed
[2026-02-03 02:31:19] - https://tumutanzi.com/feed
[2026-02-03 02:31:19] - https://geekinney.com/index.xml
[2026-02-03 02:31:19] ✘ 有 3 条订阅头像无法访问, 已使用默认头像:
[2026-02-03 02:31:19] - https://www.loyhome.com/feed
[2026-02-03 02:31:19] - http://feeds.feedburner.com/ruanyifeng
[2026-02-03 02:31:19] - https://oba.by/feed
[2026-02-03 04:49:23] 本次订阅抓取结果统计:
[2026-02-03 04:49:23] 共 28 条RSS, 成功抓取 24 条.
[2026-02-03 04:49:23] ✘ 有 4 条订阅解析失败:
[2026-02-03 04:49:23] - https://blog.pursuitus.com/feed
[2026-02-03 04:49:23] - https://tcxx.info/feed
[2026-02-03 04:49:23] - https://tumutanzi.com/feed
[2026-02-03 04:49:23] - https://geekinney.com/index.xml
[2026-02-03 04:49:23] ✘ 有 2 条订阅头像无法访问, 已使用默认头像:
[2026-02-03 04:49:23] - http://feeds.feedburner.com/ruanyifeng
[2026-02-03 04:49:23] - https://oba.by/feed
[2026-02-03 05:53:27] 本次订阅抓取结果统计:
[2026-02-03 05:53:27] 共 28 条RSS, 成功抓取 24 条.
[2026-02-03 05:53:27] ✘ 有 4 条订阅解析失败:
[2026-02-03 05:53:27] - https://blog.pursuitus.com/feed
[2026-02-03 05:53:27] - https://tumutanzi.com/feed
[2026-02-03 05:53:27] - https://tcxx.info/feed
[2026-02-03 05:53:27] - https://geekinney.com/index.xml
[2026-02-03 05:53:27] ✘ 有 2 条订阅头像无法访问, 已使用默认头像:
[2026-02-03 05:53:27] - https://oba.by/feed
[2026-02-03 05:53:27] - http://feeds.feedburner.com/ruanyifeng
[2026-02-03 06:57:07] 本次订阅抓取结果统计:
[2026-02-03 06:57:07] 共 28 条RSS, 成功抓取 24 条.
[2026-02-03 06:57:07] ✘ 有 4 条订阅解析失败:
[2026-02-03 06:57:07] - https://blog.pursuitus.com/feed
[2026-02-03 06:57:07] - https://tcxx.info/feed
[2026-02-03 06:57:07] - https://tumutanzi.com/feed
[2026-02-03 06:57:07] - https://geekinney.com/index.xml
[2026-02-03 06:57:07] ✘ 有 2 条订阅头像无法访问, 已使用默认头像:
[2026-02-03 06:57:07] - https://oba.by/feed
[2026-02-03 06:57:07] - http://feeds.feedburner.com/ruanyifeng
[2026-02-03 07:47:52] 本次订阅抓取结果统计:
[2026-02-03 07:47:52] 共 28 条RSS, 成功抓取 24 条.
[2026-02-03 07:47:52] ✘ 有 4 条订阅解析失败:
[2026-02-03 07:47:52] - https://blog.pursuitus.com/feed
[2026-02-03 07:47:52] - https://tcxx.info/feed
[2026-02-03 07:47:52] - https://tumutanzi.com/feed
[2026-02-03 07:47:52] - https://geekinney.com/index.xml
[2026-02-03 07:47:52] ✘ 有 3 条订阅头像无法访问, 已使用默认头像:
[2026-02-03 07:47:52] - http://feeds.feedburner.com/ruanyifeng
[2026-02-03 07:47:52] - https://oba.by/feed
[2026-02-03 07:47:52] - https://xyzbz.cn/feed
[2026-02-03 08:42:08] 本次订阅抓取结果统计:
[2026-02-03 08:42:08] 共 28 条RSS, 成功抓取 24 条.
[2026-02-03 08:42:08] ✘ 有 4 条订阅解析失败:
[2026-02-03 08:42:08] - https://blog.pursuitus.com/feed
[2026-02-03 08:42:08] - https://tcxx.info/feed
[2026-02-03 08:42:08] - https://tumutanzi.com/feed
[2026-02-03 08:42:08] - https://geekinney.com/index.xml
[2026-02-03 08:42:08] ✘ 有 2 条订阅头像无法访问, 已使用默认头像:
[2026-02-03 08:42:08] - http://feeds.feedburner.com/ruanyifeng
[2026-02-03 08:42:08] - https://oba.by/feed
[2026-02-03 09:48:06] 本次订阅抓取结果统计:
[2026-02-03 09:48:06] 共 28 条RSS, 成功抓取 24 条.
[2026-02-03 09:48:06] ✘ 有 4 条订阅解析失败:
[2026-02-03 09:48:06] - https://blog.pursuitus.com/feed
[2026-02-03 09:48:06] - https://tumutanzi.com/feed
[2026-02-03 09:48:06] - https://tcxx.info/feed
[2026-02-03 09:48:06] - https://geekinney.com/index.xml
[2026-02-03 09:48:06] ✘ 有 2 条订阅头像无法访问, 已使用默认头像:
[2026-02-03 09:48:06] - http://feeds.feedburner.com/ruanyifeng
[2026-02-03 09:48:06] - https://oba.by/feed
[2026-02-03 10:44:27] 本次订阅抓取结果统计:
[2026-02-03 10:44:27] 共 28 条RSS, 成功抓取 24 条.
[2026-02-03 10:44:27] ✘ 有 4 条订阅解析失败:
[2026-02-03 10:44:27] - https://blog.pursuitus.com/feed
[2026-02-03 10:44:27] - https://tcxx.info/feed
[2026-02-03 10:44:27] - https://tumutanzi.com/feed
[2026-02-03 10:44:27] - https://geekinney.com/index.xml
[2026-02-03 10:44:27] ✘ 有 2 条订阅头像无法访问, 已使用默认头像:
[2026-02-03 10:44:27] - http://feeds.feedburner.com/ruanyifeng
[2026-02-03 10:44:27] - https://oba.by/feed
[2026-02-03 11:37:01] 本次订阅抓取结果统计:
[2026-02-03 11:37:01] 共 28 条RSS, 成功抓取 24 条.
[2026-02-03 11:37:01] ✘ 有 4 条订阅解析失败:
[2026-02-03 11:37:01] - https://blog.pursuitus.com/feed
[2026-02-03 11:37:01] - https://tumutanzi.com/feed
[2026-02-03 11:37:01] - https://tcxx.info/feed
[2026-02-03 11:37:01] - https://geekinney.com/index.xml
[2026-02-03 11:37:01] ✘ 有 2 条订阅头像无法访问, 已使用默认头像:
[2026-02-03 11:37:01] - https://oba.by/feed
[2026-02-03 11:37:01] - http://feeds.feedburner.com/ruanyifeng
[2026-02-03 13:08:49] 本次订阅抓取结果统计:
[2026-02-03 13:08:49] 共 28 条RSS, 成功抓取 24 条.
[2026-02-03 13:08:49] ✘ 有 4 条订阅解析失败:
[2026-02-03 13:08:49] - https://blog.pursuitus.com/feed
[2026-02-03 13:08:49] - https://tumutanzi.com/feed
[2026-02-03 13:08:49] - https://tcxx.info/feed
[2026-02-03 13:08:49] - https://geekinney.com/index.xml
[2026-02-03 13:08:49] ✘ 有 2 条订阅头像无法访问, 已使用默认头像:
[2026-02-03 13:08:49] - http://feeds.feedburner.com/ruanyifeng
[2026-02-03 13:08:49] - https://oba.by/feed
[2026-02-03 14:48:36] 本次订阅抓取结果统计:
[2026-02-03 14:48:36] 共 28 条RSS, 成功抓取 24 条.
[2026-02-03 14:48:36] ✘ 有 4 条订阅解析失败:
[2026-02-03 14:48:36] - https://blog.pursuitus.com/feed
[2026-02-03 14:48:36] - https://tcxx.info/feed
[2026-02-03 14:48:36] - https://tumutanzi.com/feed
[2026-02-03 14:48:36] - https://geekinney.com/index.xml
[2026-02-03 14:48:36] ✘ 有 3 条订阅头像无法访问, 已使用默认头像:
[2026-02-03 14:48:36] - https://oba.by/feed
[2026-02-03 14:48:36] - https://blog.zhheo.com/rss.xml
[2026-02-03 14:48:36] - http://feeds.feedburner.com/ruanyifeng
[2026-02-03 15:53:23] 本次订阅抓取结果统计:
[2026-02-03 15:53:23] 共 28 条RSS, 成功抓取 24 条.
[2026-02-03 15:53:23] ✘ 有 4 条订阅解析失败:
[2026-02-03 15:53:23] - https://blog.pursuitus.com/feed
[2026-02-03 15:53:23] - https://tcxx.info/feed
[2026-02-03 15:53:23] - https://tumutanzi.com/feed
[2026-02-03 15:53:23] - https://geekinney.com/index.xml
[2026-02-03 15:53:23] ✘ 有 2 条订阅头像无法访问, 已使用默认头像:
[2026-02-03 15:53:23] - https://oba.by/feed
[2026-02-03 15:53:23] - http://feeds.feedburner.com/ruanyifeng
[2026-02-03 16:57:51] 本次订阅抓取结果统计:
[2026-02-03 16:57:51] 共 28 条RSS, 成功抓取 24 条.
[2026-02-03 16:57:51] ✘ 有 4 条订阅解析失败:
[2026-02-03 16:57:51] - https://blog.pursuitus.com/feed
[2026-02-03 16:57:51] - https://tumutanzi.com/feed
[2026-02-03 16:57:51] - https://tcxx.info/feed
[2026-02-03 16:57:51] - https://geekinney.com/index.xml
[2026-02-03 16:57:51] ✘ 有 2 条订阅头像无法访问, 已使用默认头像:
[2026-02-03 16:57:51] - https://oba.by/feed
[2026-02-03 16:57:51] - http://feeds.feedburner.com/ruanyifeng
[2026-02-03 17:57:20] 本次订阅抓取结果统计:
[2026-02-03 17:57:20] 共 28 条RSS, 成功抓取 24 条.
[2026-02-03 17:57:20] ✘ 有 4 条订阅解析失败:
[2026-02-03 17:57:20] - https://blog.pursuitus.com/feed
[2026-02-03 17:57:20] - https://tumutanzi.com/feed
[2026-02-03 17:57:20] - https://tcxx.info/feed
[2026-02-03 17:57:20] - https://geekinney.com/index.xml
[2026-02-03 17:57:20] ✘ 有 2 条订阅头像无法访问, 已使用默认头像:
[2026-02-03 17:57:20] - https://oba.by/feed
[2026-02-03 17:57:20] - http://feeds.feedburner.com/ruanyifeng
[2026-02-03 19:07:04] 本次订阅抓取结果统计:
[2026-02-03 19:07:04] 共 28 条RSS, 成功抓取 23 条.
[2026-02-03 19:07:04] ✘ 有 5 条订阅解析失败:
[2026-02-03 19:07:04] - https://geekinney.com/index.xml
[2026-02-03 19:07:04] - https://blog.pursuitus.com/feed
[2026-02-03 19:07:04] - https://tcxx.info/feed
[2026-02-03 19:07:04] - https://tumutanzi.com/feed
[2026-02-03 19:07:04] - https://wangpei.net/feed
[2026-02-03 19:07:04] ✘ 有 2 条订阅头像无法访问, 已使用默认头像:
[2026-02-03 19:07:04] - https://oba.by/feed
[2026-02-03 19:07:04] - http://feeds.feedburner.com/ruanyifeng
[2026-02-03 20:41:10] 本次订阅抓取结果统计:
[2026-02-03 20:41:10] 共 28 条RSS, 成功抓取 24 条.
[2026-02-03 20:41:10] ✘ 有 4 条订阅解析失败:
[2026-02-03 20:41:10] - https://blog.pursuitus.com/feed
[2026-02-03 20:41:10] - https://tumutanzi.com/feed
[2026-02-03 20:41:10] - https://tcxx.info/feed
[2026-02-03 20:41:10] - https://geekinney.com/index.xml
[2026-02-03 20:41:10] ✘ 有 2 条订阅头像无法访问, 已使用默认头像:
[2026-02-03 20:41:10] - https://oba.by/feed
[2026-02-03 20:41:10] - http://feeds.feedburner.com/ruanyifeng
[2026-02-03 21:38:28] 本次订阅抓取结果统计:
[2026-02-03 21:38:28] 共 28 条RSS, 成功抓取 24 条.
[2026-02-03 21:38:28] ✘ 有 4 条订阅解析失败:
[2026-02-03 21:38:28] - https://blog.pursuitus.com/feed
[2026-02-03 21:38:28] - https://tcxx.info/feed
[2026-02-03 21:38:28] - https://tumutanzi.com/feed
[2026-02-03 21:38:28] - https://geekinney.com/index.xml
[2026-02-03 21:38:28] ✘ 有 2 条订阅头像无法访问, 已使用默认头像:
[2026-02-03 21:38:28] - http://feeds.feedburner.com/ruanyifeng
[2026-02-03 21:38:28] - https://oba.by/feed
