[2026-02-15 02:36:58] 本次订阅抓取结果统计:
[2026-02-15 02:36:58] 共 28 条RSS, 成功抓取 24 条.
[2026-02-15 02:36:58] ✘ 有 4 条订阅解析失败:
[2026-02-15 02:36:58] - https://blog.pursuitus.com/feed
[2026-02-15 02:36:58] - https://tcxx.info/feed
[2026-02-15 02:36:58] - https://tumutanzi.com/feed
[2026-02-15 02:36:58] - https://geekinney.com/index.xml
[2026-02-15 02:36:58] ✘ 有 1 条订阅头像无法访问, 已使用默认头像:
[2026-02-15 02:36:58] - http://feeds.feedburner.com/ruanyifeng
[2026-02-15 04:57:06] 本次订阅抓取结果统计:
[2026-02-15 04:57:06] 共 28 条RSS, 成功抓取 24 条.
[2026-02-15 04:57:06] ✘ 有 4 条订阅解析失败:
[2026-02-15 04:57:06] - https://blog.pursuitus.com/feed
[2026-02-15 04:57:06] - https://tcxx.info/feed
[2026-02-15 04:57:06] - https://tumutanzi.com/feed
[2026-02-15 04:57:06] - https://geekinney.com/index.xml
[2026-02-15 04:57:06] ✘ 有 2 条订阅头像无法访问, 已使用默认头像:
[2026-02-15 04:57:06] - http://feeds.feedburner.com/ruanyifeng
[2026-02-15 04:57:06] - https://www.loyhome.com/feed
[2026-02-15 06:00:21] 本次订阅抓取结果统计:
[2026-02-15 06:00:21] 共 28 条RSS, 成功抓取 24 条.
[2026-02-15 06:00:21] ✘ 有 4 条订阅解析失败:
[2026-02-15 06:00:21] - https://blog.pursuitus.com/feed
[2026-02-15 06:00:21] - https://tcxx.info/feed
[2026-02-15 06:00:21] - https://tumutanzi.com/feed
[2026-02-15 06:00:21] - https://geekinney.com/index.xml
[2026-02-15 06:00:21] ✘ 有 1 条订阅头像无法访问, 已使用默认头像:
[2026-02-15 06:00:21] - http://feeds.feedburner.com/ruanyifeng
[2026-02-15 07:02:42] 本次订阅抓取结果统计:
[2026-02-15 07:02:42] 共 28 条RSS, 成功抓取 24 条.
[2026-02-15 07:02:42] ✘ 有 4 条订阅解析失败:
[2026-02-15 07:02:42] - https://blog.pursuitus.com/feed
[2026-02-15 07:02:42] - https://tumutanzi.com/feed
[2026-02-15 07:02:42] - https://tcxx.info/feed
[2026-02-15 07:02:42] - https://geekinney.com/index.xml
[2026-02-15 07:02:42] ✘ 有 1 条订阅头像无法访问, 已使用默认头像:
[2026-02-15 07:02:42] - http://feeds.feedburner.com/ruanyifeng
[2026-02-15 08:38:16] 本次订阅抓取结果统计:
[2026-02-15 08:38:16] 共 28 条RSS, 成功抓取 24 条.
[2026-02-15 08:38:16] ✘ 有 4 条订阅解析失败:
[2026-02-15 08:38:16] - https://blog.pursuitus.com/feed
[2026-02-15 08:38:16] - https://tcxx.info/feed
[2026-02-15 08:38:16] - https://tumutanzi.com/feed
[2026-02-15 08:38:16] - https://geekinney.com/index.xml
[2026-02-15 08:38:16] ✘ 有 3 条订阅头像无法访问, 已使用默认头像:
[2026-02-15 08:38:16] - http://feeds.feedburner.com/ruanyifeng
[2026-02-15 08:38:16] - https://www.loyhome.com/feed
[2026-02-15 08:38:16] - https://xyzbz.cn/feed
[2026-02-15 09:35:59] 本次订阅抓取结果统计:
[2026-02-15 09:35:59] 共 28 条RSS, 成功抓取 24 条.
[2026-02-15 09:35:59] ✘ 有 4 条订阅解析失败:
[2026-02-15 09:35:59] - https://blog.pursuitus.com/feed
[2026-02-15 09:35:59] - https://tcxx.info/feed
[2026-02-15 09:35:59] - https://tumutanzi.com/feed
[2026-02-15 09:35:59] - https://geekinney.com/index.xml
[2026-02-15 09:35:59] ✘ 有 1 条订阅头像无法访问, 已使用默认头像:
[2026-02-15 09:35:59] - http://feeds.feedburner.com/ruanyifeng
[2026-02-15 10:31:23] 本次订阅抓取结果统计:
[2026-02-15 10:31:23] 共 28 条RSS, 成功抓取 24 条.
[2026-02-15 10:31:23] ✘ 有 4 条订阅解析失败:
[2026-02-15 10:31:23] - https://blog.pursuitus.com/feed
[2026-02-15 10:31:23] - https://tcxx.info/feed
[2026-02-15 10:31:23] - https://tumutanzi.com/feed
[2026-02-15 10:31:23] - https://geekinney.com/index.xml
[2026-02-15 10:31:23] ✘ 有 1 条订阅头像无法访问, 已使用默认头像:
[2026-02-15 10:31:23] - http://feeds.feedburner.com/ruanyifeng
