[2026-03-13 02:26:51] 本次订阅抓取结果统计:
[2026-03-13 02:26:51] 共 28 条RSS, 成功抓取 24 条.
[2026-03-13 02:26:51] ✘ 有 4 条订阅解析失败:
[2026-03-13 02:26:51] - https://blog.pursuitus.com/feed
[2026-03-13 02:26:51] - https://tumutanzi.com/feed
[2026-03-13 02:26:51] - https://tcxx.info/feed
[2026-03-13 02:26:51] - https://geekinney.com/index.xml
[2026-03-13 02:26:51] ✘ 有 1 条订阅头像无法访问, 已使用默认头像:
[2026-03-13 02:26:51] - http://feeds.feedburner.com/ruanyifeng
[2026-03-13 04:47:10] 本次订阅抓取结果统计:
[2026-03-13 04:47:10] 共 28 条RSS, 成功抓取 24 条.
[2026-03-13 04:47:10] ✘ 有 4 条订阅解析失败:
[2026-03-13 04:47:10] - https://blog.pursuitus.com/feed
[2026-03-13 04:47:10] - https://geekinney.com/index.xml
[2026-03-13 04:47:10] - https://tumutanzi.com/feed
[2026-03-13 04:47:10] - https://tcxx.info/feed
[2026-03-13 04:47:10] ✘ 有 1 条订阅头像无法访问, 已使用默认头像:
[2026-03-13 04:47:10] - http://feeds.feedburner.com/ruanyifeng
[2026-03-13 05:52:22] 本次订阅抓取结果统计:
[2026-03-13 05:52:22] 共 28 条RSS, 成功抓取 24 条.
[2026-03-13 05:52:22] ✘ 有 4 条订阅解析失败:
[2026-03-13 05:52:22] - https://blog.pursuitus.com/feed
[2026-03-13 05:52:22] - https://geekinney.com/index.xml
[2026-03-13 05:52:22] - https://tcxx.info/feed
[2026-03-13 05:52:22] - https://tumutanzi.com/feed
[2026-03-13 05:52:22] ✘ 有 1 条订阅头像无法访问, 已使用默认头像:
[2026-03-13 05:52:22] - http://feeds.feedburner.com/ruanyifeng
[2026-03-13 06:59:35] 本次订阅抓取结果统计:
[2026-03-13 06:59:35] 共 28 条RSS, 成功抓取 24 条.
[2026-03-13 06:59:35] ✘ 有 4 条订阅解析失败:
[2026-03-13 06:59:35] - https://blog.pursuitus.com/feed
[2026-03-13 06:59:35] - https://geekinney.com/index.xml
[2026-03-13 06:59:35] - https://tcxx.info/feed
[2026-03-13 06:59:35] - https://tumutanzi.com/feed
[2026-03-13 06:59:35] ✘ 有 1 条订阅头像无法访问, 已使用默认头像:
[2026-03-13 06:59:35] - http://feeds.feedburner.com/ruanyifeng
[2026-03-13 07:51:02] 本次订阅抓取结果统计:
[2026-03-13 07:51:02] 共 28 条RSS, 成功抓取 24 条.
[2026-03-13 07:51:02] ✘ 有 4 条订阅解析失败:
[2026-03-13 07:51:02] - https://blog.pursuitus.com/feed
[2026-03-13 07:51:02] - https://geekinney.com/index.xml
[2026-03-13 07:51:02] - https://tcxx.info/feed
[2026-03-13 07:51:02] - https://tumutanzi.com/feed
[2026-03-13 07:51:02] ✘ 有 1 条订阅头像无法访问, 已使用默认头像:
[2026-03-13 07:51:02] - http://feeds.feedburner.com/ruanyifeng
[2026-03-13 08:47:04] 本次订阅抓取结果统计:
[2026-03-13 08:47:04] 共 28 条RSS, 成功抓取 24 条.
[2026-03-13 08:47:04] ✘ 有 4 条订阅解析失败:
[2026-03-13 08:47:04] - https://blog.pursuitus.com/feed
[2026-03-13 08:47:04] - https://geekinney.com/index.xml
[2026-03-13 08:47:04] - https://tcxx.info/feed
[2026-03-13 08:47:04] - https://tumutanzi.com/feed
[2026-03-13 08:47:04] ✘ 有 1 条订阅头像无法访问, 已使用默认头像:
[2026-03-13 08:47:04] - http://feeds.feedburner.com/ruanyifeng
[2026-03-13 09:43:02] 本次订阅抓取结果统计:
[2026-03-13 09:43:02] 共 28 条RSS, 成功抓取 24 条.
[2026-03-13 09:43:02] ✘ 有 4 条订阅解析失败:
[2026-03-13 09:43:02] - https://blog.pursuitus.com/feed
[2026-03-13 09:43:02] - https://geekinney.com/index.xml
[2026-03-13 09:43:02] - https://tcxx.info/feed
[2026-03-13 09:43:02] - https://tumutanzi.com/feed
[2026-03-13 09:43:02] ✘ 有 1 条订阅头像无法访问, 已使用默认头像:
[2026-03-13 09:43:02] - http://feeds.feedburner.com/ruanyifeng
[2026-03-13 10:41:04] 本次订阅抓取结果统计:
[2026-03-13 10:41:04] 共 28 条RSS, 成功抓取 24 条.
[2026-03-13 10:41:04] ✘ 有 4 条订阅解析失败:
[2026-03-13 10:41:04] - https://blog.pursuitus.com/feed
[2026-03-13 10:41:04] - https://geekinney.com/index.xml
[2026-03-13 10:41:04] - https://tcxx.info/feed
[2026-03-13 10:41:04] - https://tumutanzi.com/feed
[2026-03-13 10:41:04] ✘ 有 2 条订阅头像无法访问, 已使用默认头像:
[2026-03-13 10:41:04] - http://feeds.feedburner.com/ruanyifeng
[2026-03-13 10:41:04] - https://xyzbz.cn/feed
[2026-03-13 11:35:05] 本次订阅抓取结果统计:
[2026-03-13 11:35:05] 共 28 条RSS, 成功抓取 24 条.
[2026-03-13 11:35:05] ✘ 有 4 条订阅解析失败:
[2026-03-13 11:35:05] - https://blog.pursuitus.com/feed
[2026-03-13 11:35:05] - https://geekinney.com/index.xml
[2026-03-13 11:35:05] - https://tcxx.info/feed
[2026-03-13 11:35:05] - https://tumutanzi.com/feed
[2026-03-13 11:35:05] ✘ 有 1 条订阅头像无法访问, 已使用默认头像:
[2026-03-13 11:35:05] - http://feeds.feedburner.com/ruanyifeng
[2026-03-13 13:06:46] 本次订阅抓取结果统计:
[2026-03-13 13:06:46] 共 28 条RSS, 成功抓取 24 条.
[2026-03-13 13:06:46] ✘ 有 4 条订阅解析失败:
[2026-03-13 13:06:46] - https://blog.pursuitus.com/feed
[2026-03-13 13:06:46] - https://geekinney.com/index.xml
[2026-03-13 13:06:46] - https://tumutanzi.com/feed
[2026-03-13 13:06:46] - https://tcxx.info/feed
[2026-03-13 13:06:46] ✘ 有 1 条订阅头像无法访问, 已使用默认头像:
[2026-03-13 13:06:46] - http://feeds.feedburner.com/ruanyifeng
[2026-03-13 14:45:05] 本次订阅抓取结果统计:
[2026-03-13 14:45:05] 共 28 条RSS, 成功抓取 24 条.
[2026-03-13 14:45:05] ✘ 有 4 条订阅解析失败:
[2026-03-13 14:45:05] - https://blog.pursuitus.com/feed
[2026-03-13 14:45:05] - https://geekinney.com/index.xml
[2026-03-13 14:45:05] - https://tcxx.info/feed
[2026-03-13 14:45:05] - https://tumutanzi.com/feed
[2026-03-13 14:45:05] ✘ 有 1 条订阅头像无法访问, 已使用默认头像:
[2026-03-13 14:45:05] - http://feeds.feedburner.com/ruanyifeng
[2026-03-13 15:47:28] 本次订阅抓取结果统计:
[2026-03-13 15:47:28] 共 28 条RSS, 成功抓取 24 条.
[2026-03-13 15:47:28] ✘ 有 4 条订阅解析失败:
[2026-03-13 15:47:28] - https://blog.pursuitus.com/feed
[2026-03-13 15:47:28] - https://geekinney.com/index.xml
[2026-03-13 15:47:28] - https://tcxx.info/feed
[2026-03-13 15:47:28] - https://tumutanzi.com/feed
[2026-03-13 15:47:28] ✘ 有 2 条订阅头像无法访问, 已使用默认头像:
[2026-03-13 15:47:28] - http://feeds.feedburner.com/ruanyifeng
[2026-03-13 15:47:28] - https://xyzbz.cn/feed
[2026-03-13 16:45:47] 本次订阅抓取结果统计:
[2026-03-13 16:45:47] 共 28 条RSS, 成功抓取 24 条.
[2026-03-13 16:45:47] ✘ 有 4 条订阅解析失败:
[2026-03-13 16:45:47] - https://blog.pursuitus.com/feed
[2026-03-13 16:45:47] - https://geekinney.com/index.xml
[2026-03-13 16:45:47] - https://tcxx.info/feed
[2026-03-13 16:45:47] - https://tumutanzi.com/feed
[2026-03-13 16:45:47] ✘ 有 1 条订阅头像无法访问, 已使用默认头像:
[2026-03-13 16:45:47] - http://feeds.feedburner.com/ruanyifeng
[2026-03-13 17:38:27] 本次订阅抓取结果统计:
[2026-03-13 17:38:27] 共 28 条RSS, 成功抓取 20 条.
[2026-03-13 17:38:27] ✘ 有 8 条订阅解析失败:
[2026-03-13 17:38:27] - https://blog.pursuitus.com/feed
[2026-03-13 17:38:27] - https://tumutanzi.com/feed
[2026-03-13 17:38:27] - https://tcxx.info/feed
[2026-03-13 17:38:27] - https://wangpei.net/feed
[2026-03-13 17:38:27] - https://xyzbz.cn/feed
[2026-03-13 17:38:27] - https://blog.zhheo.com/rss.xml
[2026-03-13 17:38:27] - https://oba.by/feed
[2026-03-13 17:38:27] - https://geekinney.com/index.xml
[2026-03-13 17:38:27] ✘ 有 1 条订阅头像无法访问, 已使用默认头像:
[2026-03-13 17:38:27] - http://feeds.feedburner.com/ruanyifeng
[2026-03-13 18:49:47] 本次订阅抓取结果统计:
[2026-03-13 18:49:47] 共 28 条RSS, 成功抓取 24 条.
[2026-03-13 18:49:47] ✘ 有 4 条订阅解析失败:
[2026-03-13 18:49:47] - https://blog.pursuitus.com/feed
[2026-03-13 18:49:47] - https://geekinney.com/index.xml
[2026-03-13 18:49:47] - https://tcxx.info/feed
[2026-03-13 18:49:47] - https://tumutanzi.com/feed
[2026-03-13 18:49:47] ✘ 有 1 条订阅头像无法访问, 已使用默认头像:
[2026-03-13 18:49:47] - http://feeds.feedburner.com/ruanyifeng
[2026-03-13 19:32:56] 本次订阅抓取结果统计:
[2026-03-13 19:32:56] 共 28 条RSS, 成功抓取 24 条.
[2026-03-13 19:32:56] ✘ 有 4 条订阅解析失败:
[2026-03-13 19:32:56] - https://blog.pursuitus.com/feed
[2026-03-13 19:32:56] - https://geekinney.com/index.xml
[2026-03-13 19:32:56] - https://tumutanzi.com/feed
[2026-03-13 19:32:56] - https://tcxx.info/feed
[2026-03-13 19:32:56] ✘ 有 2 条订阅头像无法访问, 已使用默认头像:
[2026-03-13 19:32:56] - http://feeds.feedburner.com/ruanyifeng
[2026-03-13 19:32:56] - https://xyzbz.cn/feed
[2026-03-13 20:39:27] 本次订阅抓取结果统计:
[2026-03-13 20:39:27] 共 28 条RSS, 成功抓取 24 条.
[2026-03-13 20:39:27] ✘ 有 4 条订阅解析失败:
[2026-03-13 20:39:27] - https://blog.pursuitus.com/feed
[2026-03-13 20:39:27] - https://geekinney.com/index.xml
[2026-03-13 20:39:27] - https://tcxx.info/feed
[2026-03-13 20:39:27] - https://tumutanzi.com/feed
[2026-03-13 20:39:27] ✘ 有 1 条订阅头像无法访问, 已使用默认头像:
[2026-03-13 20:39:27] - http://feeds.feedburner.com/ruanyifeng
[2026-03-13 21:36:30] 本次订阅抓取结果统计:
[2026-03-13 21:36:30] 共 28 条RSS, 成功抓取 24 条.
[2026-03-13 21:36:30] ✘ 有 4 条订阅解析失败:
[2026-03-13 21:36:30] - https://blog.pursuitus.com/feed
[2026-03-13 21:36:30] - https://geekinney.com/index.xml
[2026-03-13 21:36:30] - https://tumutanzi.com/feed
[2026-03-13 21:36:30] - https://tcxx.info/feed
[2026-03-13 21:36:30] ✘ 有 1 条订阅头像无法访问, 已使用默认头像:
[2026-03-13 21:36:30] - http://feeds.feedburner.com/ruanyifeng
[2026-03-13 22:32:21] 本次订阅抓取结果统计:
[2026-03-13 22:32:21] 共 28 条RSS, 成功抓取 24 条.
[2026-03-13 22:32:21] ✘ 有 4 条订阅解析失败:
[2026-03-13 22:32:21] - https://blog.pursuitus.com/feed
[2026-03-13 22:32:21] - https://geekinney.com/index.xml
[2026-03-13 22:32:21] - https://tumutanzi.com/feed
[2026-03-13 22:32:21] - https://tcxx.info/feed
[2026-03-13 22:32:21] ✘ 有 1 条订阅头像无法访问, 已使用默认头像:
[2026-03-13 22:32:21] - http://feeds.feedburner.com/ruanyifeng
