[2026-07-18 02:44:47] 本次订阅抓取结果统计:
[2026-07-18 02:44:47] 共 28 条RSS, 成功抓取 24 条.
[2026-07-18 02:44:47] ✘ 有 4 条订阅解析失败:
[2026-07-18 02:44:47] - https://geekinney.com/index.xml
[2026-07-18 02:44:47] - https://tcxx.info/feed
[2026-07-18 02:44:47] - https://tumutanzi.com/feed
[2026-07-18 02:44:47] - https://www.shephe.com/feed
[2026-07-18 02:44:47] ✘ 有 2 条订阅头像无法访问, 已使用默认头像:
[2026-07-18 02:44:47] - https://www.loyhome.com/feed
[2026-07-18 02:44:47] - http://feeds.feedburner.com/ruanyifeng
[2026-07-18 05:30:29] 本次订阅抓取结果统计:
[2026-07-18 05:30:29] 共 28 条RSS, 成功抓取 25 条.
[2026-07-18 05:30:29] ✘ 有 3 条订阅解析失败:
[2026-07-18 05:30:29] - https://geekinney.com/index.xml
[2026-07-18 05:30:29] - https://tcxx.info/feed
[2026-07-18 05:30:29] - https://www.shephe.com/feed
[2026-07-18 05:30:29] ✘ 有 2 条订阅头像无法访问, 已使用默认头像:
[2026-07-18 05:30:29] - https://www.loyhome.com/feed
[2026-07-18 05:30:29] - http://feeds.feedburner.com/ruanyifeng
[2026-07-18 07:57:35] 本次订阅抓取结果统计:
[2026-07-18 07:57:35] 共 28 条RSS, 成功抓取 25 条.
[2026-07-18 07:57:35] ✘ 有 3 条订阅解析失败:
[2026-07-18 07:57:35] - https://geekinney.com/index.xml
[2026-07-18 07:57:35] - https://tcxx.info/feed
[2026-07-18 07:57:35] - https://www.shephe.com/feed
[2026-07-18 07:57:35] ✘ 有 2 条订阅头像无法访问, 已使用默认头像:
[2026-07-18 07:57:35] - https://www.loyhome.com/feed
[2026-07-18 07:57:35] - http://feeds.feedburner.com/ruanyifeng
[2026-07-18 09:38:55] 本次订阅抓取结果统计:
[2026-07-18 09:38:55] 共 28 条RSS, 成功抓取 24 条.
[2026-07-18 09:38:55] ✘ 有 4 条订阅解析失败:
[2026-07-18 09:38:55] - https://geekinney.com/index.xml
[2026-07-18 09:38:55] - https://tcxx.info/feed
[2026-07-18 09:38:55] - https://tumutanzi.com/feed
[2026-07-18 09:38:55] - https://www.shephe.com/feed
[2026-07-18 09:38:55] ✘ 有 2 条订阅头像无法访问, 已使用默认头像:
[2026-07-18 09:38:55] - https://www.loyhome.com/feed
[2026-07-18 09:38:55] - http://feeds.feedburner.com/ruanyifeng
[2026-07-18 11:07:00] 本次订阅抓取结果统计:
[2026-07-18 11:07:00] 共 28 条RSS, 成功抓取 25 条.
[2026-07-18 11:07:00] ✘ 有 3 条订阅解析失败:
[2026-07-18 11:07:00] - https://geekinney.com/index.xml
[2026-07-18 11:07:00] - https://tcxx.info/feed
[2026-07-18 11:07:00] - https://www.shephe.com/feed
[2026-07-18 11:07:00] ✘ 有 3 条订阅头像无法访问, 已使用默认头像:
[2026-07-18 11:07:00] - https://www.loyhome.com/feed
[2026-07-18 11:07:00] - http://feeds.feedburner.com/ruanyifeng
[2026-07-18 11:07:00] - https://blog.yanqingshan.com/feed
[2026-07-18 13:22:42] 本次订阅抓取结果统计:
[2026-07-18 13:22:42] 共 28 条RSS, 成功抓取 25 条.
[2026-07-18 13:22:42] ✘ 有 3 条订阅解析失败:
[2026-07-18 13:22:42] - https://geekinney.com/index.xml
[2026-07-18 13:22:42] - https://tcxx.info/feed
[2026-07-18 13:22:42] - https://www.shephe.com/feed
[2026-07-18 13:22:42] ✘ 有 2 条订阅头像无法访问, 已使用默认头像:
[2026-07-18 13:22:42] - https://www.loyhome.com/feed
[2026-07-18 13:22:42] - http://feeds.feedburner.com/ruanyifeng
[2026-07-18 15:06:59] 本次订阅抓取结果统计:
[2026-07-18 15:06:59] 共 28 条RSS, 成功抓取 25 条.
[2026-07-18 15:06:59] ✘ 有 3 条订阅解析失败:
[2026-07-18 15:06:59] - https://geekinney.com/index.xml
[2026-07-18 15:06:59] - https://tcxx.info/feed
[2026-07-18 15:06:59] - https://www.shephe.com/feed
[2026-07-18 15:06:59] ✘ 有 3 条订阅头像无法访问, 已使用默认头像:
[2026-07-18 15:06:59] - https://www.loyhome.com/feed
[2026-07-18 15:06:59] - http://feeds.feedburner.com/ruanyifeng
[2026-07-18 15:06:59] - https://lingxiankong.github.io/pages/rss.xml
[2026-07-18 16:03:07] 本次订阅抓取结果统计:
[2026-07-18 16:03:07] 共 28 条RSS, 成功抓取 25 条.
[2026-07-18 16:03:07] ✘ 有 3 条订阅解析失败:
[2026-07-18 16:03:07] - https://geekinney.com/index.xml
[2026-07-18 16:03:07] - https://tcxx.info/feed
[2026-07-18 16:03:07] - https://www.shephe.com/feed
[2026-07-18 16:03:07] ✘ 有 2 条订阅头像无法访问, 已使用默认头像:
[2026-07-18 16:03:07] - https://www.loyhome.com/feed
[2026-07-18 16:03:07] - http://feeds.feedburner.com/ruanyifeng
[2026-07-18 17:57:45] 本次订阅抓取结果统计:
[2026-07-18 17:57:45] 共 28 条RSS, 成功抓取 25 条.
[2026-07-18 17:57:45] ✘ 有 3 条订阅解析失败:
[2026-07-18 17:57:45] - https://geekinney.com/index.xml
[2026-07-18 17:57:45] - https://tcxx.info/feed
[2026-07-18 17:57:45] - https://www.shephe.com/feed
[2026-07-18 17:57:45] ✘ 有 2 条订阅头像无法访问, 已使用默认头像:
[2026-07-18 17:57:45] - https://www.loyhome.com/feed
[2026-07-18 17:57:45] - http://feeds.feedburner.com/ruanyifeng
