[2026-03-19 02:35:13] 本次订阅抓取结果统计:
[2026-03-19 02:35:13] 共 28 条RSS, 成功抓取 24 条.
[2026-03-19 02:35:13] ✘ 有 4 条订阅解析失败:
[2026-03-19 02:35:13] - https://blog.pursuitus.com/feed
[2026-03-19 02:35:13] - https://geekinney.com/index.xml
[2026-03-19 02:35:13] - https://tcxx.info/feed
[2026-03-19 02:35:13] - https://tumutanzi.com/feed
[2026-03-19 02:35:13] ✘ 有 1 条订阅头像无法访问, 已使用默认头像:
[2026-03-19 02:35:13] - http://feeds.feedburner.com/ruanyifeng
[2026-03-19 04:57:40] 本次订阅抓取结果统计:
[2026-03-19 04:57:40] 共 28 条RSS, 成功抓取 24 条.
[2026-03-19 04:57:40] ✘ 有 4 条订阅解析失败:
[2026-03-19 04:57:40] - https://blog.pursuitus.com/feed
[2026-03-19 04:57:40] - https://geekinney.com/index.xml
[2026-03-19 04:57:40] - https://tcxx.info/feed
[2026-03-19 04:57:40] - https://tumutanzi.com/feed
[2026-03-19 04:57:40] ✘ 有 1 条订阅头像无法访问, 已使用默认头像:
[2026-03-19 04:57:40] - http://feeds.feedburner.com/ruanyifeng
[2026-03-19 06:03:22] 本次订阅抓取结果统计:
[2026-03-19 06:03:22] 共 28 条RSS, 成功抓取 23 条.
[2026-03-19 06:03:22] ✘ 有 5 条订阅解析失败:
[2026-03-19 06:03:22] - https://blog.pursuitus.com/feed
[2026-03-19 06:03:22] - https://geekinney.com/index.xml
[2026-03-19 06:03:22] - https://tumutanzi.com/feed
[2026-03-19 06:03:22] - https://tcxx.info/feed
[2026-03-19 06:03:22] - https://wangpei.net/feed
[2026-03-19 06:03:22] ✘ 有 2 条订阅头像无法访问, 已使用默认头像:
[2026-03-19 06:03:22] - http://feeds.feedburner.com/ruanyifeng
[2026-03-19 06:03:22] - https://www.loyhome.com/feed
[2026-03-19 07:49:55] 本次订阅抓取结果统计:
[2026-03-19 07:49:55] 共 28 条RSS, 成功抓取 23 条.
[2026-03-19 07:49:55] ✘ 有 5 条订阅解析失败:
[2026-03-19 07:49:55] - https://blog.pursuitus.com/feed
[2026-03-19 07:49:55] - https://geekinney.com/index.xml
[2026-03-19 07:49:55] - https://tcxx.info/feed
[2026-03-19 07:49:55] - https://tumutanzi.com/feed
[2026-03-19 07:49:55] - https://wangpei.net/feed
[2026-03-19 07:49:55] ✘ 有 1 条订阅头像无法访问, 已使用默认头像:
[2026-03-19 07:49:55] - http://feeds.feedburner.com/ruanyifeng
[2026-03-19 08:49:59] 本次订阅抓取结果统计:
[2026-03-19 08:49:59] 共 28 条RSS, 成功抓取 23 条.
[2026-03-19 08:49:59] ✘ 有 5 条订阅解析失败:
[2026-03-19 08:49:59] - https://blog.pursuitus.com/feed
[2026-03-19 08:49:59] - https://geekinney.com/index.xml
[2026-03-19 08:49:59] - https://tcxx.info/feed
[2026-03-19 08:49:59] - https://tumutanzi.com/feed
[2026-03-19 08:49:59] - https://wangpei.net/feed
[2026-03-19 08:49:59] ✘ 有 1 条订阅头像无法访问, 已使用默认头像:
[2026-03-19 08:49:59] - http://feeds.feedburner.com/ruanyifeng
[2026-03-19 09:50:53] 本次订阅抓取结果统计:
[2026-03-19 09:50:53] 共 28 条RSS, 成功抓取 24 条.
[2026-03-19 09:50:53] ✘ 有 4 条订阅解析失败:
[2026-03-19 09:50:53] - https://blog.pursuitus.com/feed
[2026-03-19 09:50:53] - https://geekinney.com/index.xml
[2026-03-19 09:50:53] - https://tcxx.info/feed
[2026-03-19 09:50:53] - https://tumutanzi.com/feed
[2026-03-19 09:50:53] ✘ 有 2 条订阅头像无法访问, 已使用默认头像:
[2026-03-19 09:50:53] - https://blog.zhheo.com/rss.xml
[2026-03-19 09:50:53] - http://feeds.feedburner.com/ruanyifeng
[2026-03-19 10:45:22] 本次订阅抓取结果统计:
[2026-03-19 10:45:22] 共 28 条RSS, 成功抓取 23 条.
[2026-03-19 10:45:22] ✘ 有 5 条订阅解析失败:
[2026-03-19 10:45:22] - https://blog.pursuitus.com/feed
[2026-03-19 10:45:22] - https://geekinney.com/index.xml
[2026-03-19 10:45:22] - https://tcxx.info/feed
[2026-03-19 10:45:22] - https://tumutanzi.com/feed
[2026-03-19 10:45:22] - https://wangpei.net/feed
[2026-03-19 10:45:22] ✘ 有 2 条订阅头像无法访问, 已使用默认头像:
[2026-03-19 10:45:22] - https://blog.zhheo.com/rss.xml
[2026-03-19 10:45:22] - http://feeds.feedburner.com/ruanyifeng
[2026-03-19 11:39:30] 本次订阅抓取结果统计:
[2026-03-19 11:39:30] 共 28 条RSS, 成功抓取 23 条.
[2026-03-19 11:39:30] ✘ 有 5 条订阅解析失败:
[2026-03-19 11:39:30] - https://blog.pursuitus.com/feed
[2026-03-19 11:39:30] - https://geekinney.com/index.xml
[2026-03-19 11:39:30] - https://tcxx.info/feed
[2026-03-19 11:39:30] - https://tumutanzi.com/feed
[2026-03-19 11:39:30] - https://wangpei.net/feed
[2026-03-19 11:39:30] ✘ 有 2 条订阅头像无法访问, 已使用默认头像:
[2026-03-19 11:39:30] - http://feeds.feedburner.com/ruanyifeng
[2026-03-19 11:39:30] - https://www.loyhome.com/feed
[2026-03-19 13:13:15] 本次订阅抓取结果统计:
[2026-03-19 13:13:15] 共 28 条RSS, 成功抓取 24 条.
[2026-03-19 13:13:15] ✘ 有 4 条订阅解析失败:
[2026-03-19 13:13:15] - https://blog.pursuitus.com/feed
[2026-03-19 13:13:15] - https://geekinney.com/index.xml
[2026-03-19 13:13:15] - https://tumutanzi.com/feed
[2026-03-19 13:13:15] - https://tcxx.info/feed
[2026-03-19 13:13:15] ✘ 有 1 条订阅头像无法访问, 已使用默认头像:
[2026-03-19 13:13:15] - http://feeds.feedburner.com/ruanyifeng
[2026-03-19 14:52:11] 本次订阅抓取结果统计:
[2026-03-19 14:52:11] 共 28 条RSS, 成功抓取 24 条.
[2026-03-19 14:52:11] ✘ 有 4 条订阅解析失败:
[2026-03-19 14:52:11] - https://blog.pursuitus.com/feed
[2026-03-19 14:52:11] - https://tcxx.info/feed
[2026-03-19 14:52:11] - https://geekinney.com/index.xml
[2026-03-19 14:52:11] - https://tumutanzi.com/feed
[2026-03-19 14:52:11] ✘ 有 1 条订阅头像无法访问, 已使用默认头像:
[2026-03-19 14:52:11] - http://feeds.feedburner.com/ruanyifeng
[2026-03-19 17:05:50] 本次订阅抓取结果统计:
[2026-03-19 17:05:50] 共 28 条RSS, 成功抓取 23 条.
[2026-03-19 17:05:50] ✘ 有 5 条订阅解析失败:
[2026-03-19 17:05:50] - https://blog.pursuitus.com/feed
[2026-03-19 17:05:50] - https://tcxx.info/feed
[2026-03-19 17:05:50] - https://geekinney.com/index.xml
[2026-03-19 17:05:50] - https://tumutanzi.com/feed
[2026-03-19 17:05:50] - https://wangpei.net/feed
[2026-03-19 17:05:50] ✘ 有 1 条订阅头像无法访问, 已使用默认头像:
[2026-03-19 17:05:50] - http://feeds.feedburner.com/ruanyifeng
[2026-03-19 19:03:49] 本次订阅抓取结果统计:
[2026-03-19 19:03:49] 共 28 条RSS, 成功抓取 24 条.
[2026-03-19 19:03:49] ✘ 有 4 条订阅解析失败:
[2026-03-19 19:03:49] - https://blog.pursuitus.com/feed
[2026-03-19 19:03:49] - https://geekinney.com/index.xml
[2026-03-19 19:03:49] - https://tcxx.info/feed
[2026-03-19 19:03:49] - https://tumutanzi.com/feed
[2026-03-19 19:03:49] ✘ 有 1 条订阅头像无法访问, 已使用默认头像:
[2026-03-19 19:03:49] - http://feeds.feedburner.com/ruanyifeng
