[2026-02-25 02:31:20] 本次订阅抓取结果统计:
[2026-02-25 02:31:20] 共 28 条RSS, 成功抓取 23 条.
[2026-02-25 02:31:20] ✘ 有 5 条订阅解析失败:
[2026-02-25 02:31:20] - https://blog.pursuitus.com/feed
[2026-02-25 02:31:20] - https://tumutanzi.com/feed
[2026-02-25 02:31:20] - https://tcxx.info/feed
[2026-02-25 02:31:20] - https://geekinney.com/index.xml
[2026-02-25 02:31:20] - https://wangpei.net/feed
[2026-02-25 02:31:20] ✘ 有 1 条订阅头像无法访问, 已使用默认头像:
[2026-02-25 02:31:20] - http://feeds.feedburner.com/ruanyifeng
[2026-02-25 04:56:10] 本次订阅抓取结果统计:
[2026-02-25 04:56:10] 共 28 条RSS, 成功抓取 24 条.
[2026-02-25 04:56:10] ✘ 有 4 条订阅解析失败:
[2026-02-25 04:56:10] - https://blog.pursuitus.com/feed
[2026-02-25 04:56:10] - https://tcxx.info/feed
[2026-02-25 04:56:10] - https://tumutanzi.com/feed
[2026-02-25 04:56:10] - https://geekinney.com/index.xml
[2026-02-25 04:56:10] ✘ 有 1 条订阅头像无法访问, 已使用默认头像:
[2026-02-25 04:56:10] - http://feeds.feedburner.com/ruanyifeng
[2026-02-25 06:04:30] 本次订阅抓取结果统计:
[2026-02-25 06:04:30] 共 28 条RSS, 成功抓取 24 条.
[2026-02-25 06:04:30] ✘ 有 4 条订阅解析失败:
[2026-02-25 06:04:30] - https://blog.pursuitus.com/feed
[2026-02-25 06:04:30] - https://tcxx.info/feed
[2026-02-25 06:04:30] - https://tumutanzi.com/feed
[2026-02-25 06:04:30] - https://geekinney.com/index.xml
[2026-02-25 06:04:30] ✘ 有 1 条订阅头像无法访问, 已使用默认头像:
[2026-02-25 06:04:30] - http://feeds.feedburner.com/ruanyifeng
[2026-02-25 07:54:09] 本次订阅抓取结果统计:
[2026-02-25 07:54:09] 共 28 条RSS, 成功抓取 24 条.
[2026-02-25 07:54:09] ✘ 有 4 条订阅解析失败:
[2026-02-25 07:54:09] - https://blog.pursuitus.com/feed
[2026-02-25 07:54:09] - https://tumutanzi.com/feed
[2026-02-25 07:54:09] - https://tcxx.info/feed
[2026-02-25 07:54:09] - https://geekinney.com/index.xml
[2026-02-25 07:54:09] ✘ 有 1 条订阅头像无法访问, 已使用默认头像:
[2026-02-25 07:54:09] - http://feeds.feedburner.com/ruanyifeng
[2026-02-25 08:55:05] 本次订阅抓取结果统计:
[2026-02-25 08:55:05] 共 28 条RSS, 成功抓取 24 条.
[2026-02-25 08:55:05] ✘ 有 4 条订阅解析失败:
[2026-02-25 08:55:05] - https://blog.pursuitus.com/feed
[2026-02-25 08:55:05] - https://tcxx.info/feed
[2026-02-25 08:55:05] - https://tumutanzi.com/feed
[2026-02-25 08:55:05] - https://geekinney.com/index.xml
[2026-02-25 08:55:05] ✘ 有 1 条订阅头像无法访问, 已使用默认头像:
[2026-02-25 08:55:05] - http://feeds.feedburner.com/ruanyifeng
[2026-02-25 09:58:19] 本次订阅抓取结果统计:
[2026-02-25 09:58:19] 共 28 条RSS, 成功抓取 24 条.
[2026-02-25 09:58:19] ✘ 有 4 条订阅解析失败:
[2026-02-25 09:58:19] - https://blog.pursuitus.com/feed
[2026-02-25 09:58:19] - https://tcxx.info/feed
[2026-02-25 09:58:19] - https://tumutanzi.com/feed
[2026-02-25 09:58:19] - https://geekinney.com/index.xml
[2026-02-25 09:58:19] ✘ 有 1 条订阅头像无法访问, 已使用默认头像:
[2026-02-25 09:58:19] - http://feeds.feedburner.com/ruanyifeng
