[2026-05-02 03:39:38] 本次订阅抓取结果统计:
[2026-05-02 03:39:38] 共 28 条RSS, 成功抓取 22 条.
[2026-05-02 03:39:38] ✘ 有 6 条订阅解析失败:
[2026-05-02 03:39:38] - https://blog.pursuitus.com/feed
[2026-05-02 03:39:38] - https://geekinney.com/index.xml
[2026-05-02 03:39:38] - https://tcxx.info/feed
[2026-05-02 03:39:38] - https://tumutanzi.com/feed
[2026-05-02 03:39:38] - https://www.shephe.com/feed
[2026-05-02 03:39:38] - https://blog.fooleap.org/atom.xml
[2026-05-02 03:39:38] ✘ 有 3 条订阅头像无法访问, 已使用默认头像:
[2026-05-02 03:39:38] - https://www.loyhome.com/feed
[2026-05-02 03:39:38] - http://feeds.feedburner.com/ruanyifeng
[2026-05-02 03:39:38] - https://xyzbz.cn/feed
[2026-05-02 06:08:54] 本次订阅抓取结果统计:
[2026-05-02 06:08:54] 共 28 条RSS, 成功抓取 24 条.
[2026-05-02 06:08:54] ✘ 有 4 条订阅解析失败:
[2026-05-02 06:08:54] - https://blog.pursuitus.com/feed
[2026-05-02 06:08:54] - https://geekinney.com/index.xml
[2026-05-02 06:08:54] - https://tumutanzi.com/feed
[2026-05-02 06:08:54] - https://tcxx.info/feed
[2026-05-02 06:08:54] ✘ 有 3 条订阅头像无法访问, 已使用默认头像:
[2026-05-02 06:08:54] - https://xyzbz.cn/feed
[2026-05-02 06:08:54] - https://www.loyhome.com/feed
[2026-05-02 06:08:54] - http://feeds.feedburner.com/ruanyifeng
[2026-05-02 08:21:31] 本次订阅抓取结果统计:
[2026-05-02 08:21:31] 共 28 条RSS, 成功抓取 23 条.
[2026-05-02 08:21:31] ✘ 有 5 条订阅解析失败:
[2026-05-02 08:21:31] - https://blog.pursuitus.com/feed
[2026-05-02 08:21:31] - https://geekinney.com/index.xml
[2026-05-02 08:21:31] - https://tcxx.info/feed
[2026-05-02 08:21:31] - https://tumutanzi.com/feed
[2026-05-02 08:21:31] - https://blog.yanqingshan.com/feed
[2026-05-02 08:21:31] ✘ 有 4 条订阅头像无法访问, 已使用默认头像:
[2026-05-02 08:21:31] - https://blog.zhheo.com/rss.xml
[2026-05-02 08:21:31] - https://www.loyhome.com/feed
[2026-05-02 08:21:31] - https://xyzbz.cn/feed
[2026-05-02 08:21:31] - http://feeds.feedburner.com/ruanyifeng
[2026-05-02 09:59:58] 本次订阅抓取结果统计:
[2026-05-02 09:59:58] 共 28 条RSS, 成功抓取 23 条.
[2026-05-02 09:59:58] ✘ 有 5 条订阅解析失败:
[2026-05-02 09:59:58] - https://blog.pursuitus.com/feed
[2026-05-02 09:59:58] - https://geekinney.com/index.xml
[2026-05-02 09:59:58] - https://tumutanzi.com/feed
[2026-05-02 09:59:58] - https://tcxx.info/feed
[2026-05-02 09:59:58] - https://blog.yanqingshan.com/feed
[2026-05-02 09:59:58] ✘ 有 4 条订阅头像无法访问, 已使用默认头像:
[2026-05-02 09:59:58] - https://blog.zhheo.com/rss.xml
[2026-05-02 09:59:58] - https://www.loyhome.com/feed
[2026-05-02 09:59:58] - https://xyzbz.cn/feed
[2026-05-02 09:59:58] - http://feeds.feedburner.com/ruanyifeng
[2026-05-02 11:01:00] 本次订阅抓取结果统计:
[2026-05-02 11:01:00] 共 28 条RSS, 成功抓取 24 条.
[2026-05-02 11:01:00] ✘ 有 4 条订阅解析失败:
[2026-05-02 11:01:00] - https://blog.pursuitus.com/feed
[2026-05-02 11:01:00] - https://geekinney.com/index.xml
[2026-05-02 11:01:00] - https://tcxx.info/feed
[2026-05-02 11:01:00] - https://tumutanzi.com/feed
[2026-05-02 11:01:00] ✘ 有 3 条订阅头像无法访问, 已使用默认头像:
[2026-05-02 11:01:00] - https://www.loyhome.com/feed
[2026-05-02 11:01:00] - http://feeds.feedburner.com/ruanyifeng
[2026-05-02 11:01:00] - https://xyzbz.cn/feed
[2026-05-02 13:19:29] 本次订阅抓取结果统计:
[2026-05-02 13:19:29] 共 28 条RSS, 成功抓取 24 条.
[2026-05-02 13:19:29] ✘ 有 4 条订阅解析失败:
[2026-05-02 13:19:29] - https://blog.pursuitus.com/feed
[2026-05-02 13:19:29] - https://geekinney.com/index.xml
[2026-05-02 13:19:29] - https://tcxx.info/feed
[2026-05-02 13:19:29] - https://tumutanzi.com/feed
[2026-05-02 13:19:29] ✘ 有 3 条订阅头像无法访问, 已使用默认头像:
[2026-05-02 13:19:29] - https://www.loyhome.com/feed
[2026-05-02 13:19:29] - http://feeds.feedburner.com/ruanyifeng
[2026-05-02 13:19:29] - https://xyzbz.cn/feed
[2026-05-02 14:52:07] 本次订阅抓取结果统计:
[2026-05-02 14:52:07] 共 28 条RSS, 成功抓取 24 条.
[2026-05-02 14:52:07] ✘ 有 4 条订阅解析失败:
[2026-05-02 14:52:07] - https://blog.pursuitus.com/feed
[2026-05-02 14:52:07] - https://geekinney.com/index.xml
[2026-05-02 14:52:07] - https://tcxx.info/feed
[2026-05-02 14:52:07] - https://tumutanzi.com/feed
[2026-05-02 14:52:07] ✘ 有 3 条订阅头像无法访问, 已使用默认头像:
[2026-05-02 14:52:07] - https://xyzbz.cn/feed
[2026-05-02 14:52:07] - http://feeds.feedburner.com/ruanyifeng
[2026-05-02 14:52:07] - https://www.loyhome.com/feed
[2026-05-02 15:51:33] 本次订阅抓取结果统计:
[2026-05-02 15:51:33] 共 28 条RSS, 成功抓取 24 条.
[2026-05-02 15:51:33] ✘ 有 4 条订阅解析失败:
[2026-05-02 15:51:33] - https://blog.pursuitus.com/feed
[2026-05-02 15:51:33] - https://geekinney.com/index.xml
[2026-05-02 15:51:33] - https://tcxx.info/feed
[2026-05-02 15:51:33] - https://tumutanzi.com/feed
[2026-05-02 15:51:33] ✘ 有 3 条订阅头像无法访问, 已使用默认头像:
[2026-05-02 15:51:33] - https://xyzbz.cn/feed
[2026-05-02 15:51:33] - https://www.loyhome.com/feed
[2026-05-02 15:51:33] - http://feeds.feedburner.com/ruanyifeng
[2026-05-02 16:53:53] 本次订阅抓取结果统计:
[2026-05-02 16:53:53] 共 28 条RSS, 成功抓取 24 条.
[2026-05-02 16:53:53] ✘ 有 4 条订阅解析失败:
[2026-05-02 16:53:53] - https://blog.pursuitus.com/feed
[2026-05-02 16:53:53] - https://geekinney.com/index.xml
[2026-05-02 16:53:53] - https://tcxx.info/feed
[2026-05-02 16:53:53] - https://tumutanzi.com/feed
[2026-05-02 16:53:53] ✘ 有 3 条订阅头像无法访问, 已使用默认头像:
[2026-05-02 16:53:53] - https://www.loyhome.com/feed
[2026-05-02 16:53:53] - http://feeds.feedburner.com/ruanyifeng
[2026-05-02 16:53:53] - https://xyzbz.cn/feed
[2026-05-02 17:48:38] 本次订阅抓取结果统计:
[2026-05-02 17:48:38] 共 28 条RSS, 成功抓取 24 条.
[2026-05-02 17:48:38] ✘ 有 4 条订阅解析失败:
[2026-05-02 17:48:38] - https://blog.pursuitus.com/feed
[2026-05-02 17:48:38] - https://geekinney.com/index.xml
[2026-05-02 17:48:38] - https://tcxx.info/feed
[2026-05-02 17:48:38] - https://tumutanzi.com/feed
[2026-05-02 17:48:38] ✘ 有 3 条订阅头像无法访问, 已使用默认头像:
[2026-05-02 17:48:38] - https://www.loyhome.com/feed
[2026-05-02 17:48:38] - https://xyzbz.cn/feed
[2026-05-02 17:48:38] - http://feeds.feedburner.com/ruanyifeng
[2026-05-02 19:04:42] 本次订阅抓取结果统计:
[2026-05-02 19:04:42] 共 28 条RSS, 成功抓取 24 条.
[2026-05-02 19:04:42] ✘ 有 4 条订阅解析失败:
[2026-05-02 19:04:42] - https://blog.pursuitus.com/feed
[2026-05-02 19:04:42] - https://geekinney.com/index.xml
[2026-05-02 19:04:42] - https://tcxx.info/feed
[2026-05-02 19:04:42] - https://tumutanzi.com/feed
[2026-05-02 19:04:42] ✘ 有 3 条订阅头像无法访问, 已使用默认头像:
[2026-05-02 19:04:42] - https://www.loyhome.com/feed
[2026-05-02 19:04:42] - http://feeds.feedburner.com/ruanyifeng
[2026-05-02 19:04:42] - https://xyzbz.cn/feed
[2026-05-02 20:48:18] 本次订阅抓取结果统计:
[2026-05-02 20:48:18] 共 28 条RSS, 成功抓取 24 条.
[2026-05-02 20:48:18] ✘ 有 4 条订阅解析失败:
[2026-05-02 20:48:18] - https://blog.pursuitus.com/feed
[2026-05-02 20:48:18] - https://geekinney.com/index.xml
[2026-05-02 20:48:18] - https://tumutanzi.com/feed
[2026-05-02 20:48:18] - https://tcxx.info/feed
[2026-05-02 20:48:18] ✘ 有 3 条订阅头像无法访问, 已使用默认头像:
[2026-05-02 20:48:18] - https://www.loyhome.com/feed
[2026-05-02 20:48:18] - http://feeds.feedburner.com/ruanyifeng
[2026-05-02 20:48:18] - https://xyzbz.cn/feed
[2026-05-02 21:45:31] 本次订阅抓取结果统计:
[2026-05-02 21:45:31] 共 28 条RSS, 成功抓取 24 条.
[2026-05-02 21:45:31] ✘ 有 4 条订阅解析失败:
[2026-05-02 21:45:31] - https://blog.pursuitus.com/feed
[2026-05-02 21:45:31] - https://geekinney.com/index.xml
[2026-05-02 21:45:31] - https://tcxx.info/feed
[2026-05-02 21:45:31] - https://tumutanzi.com/feed
[2026-05-02 21:45:31] ✘ 有 3 条订阅头像无法访问, 已使用默认头像:
[2026-05-02 21:45:31] - https://www.loyhome.com/feed
[2026-05-02 21:45:31] - http://feeds.feedburner.com/ruanyifeng
[2026-05-02 21:45:31] - https://xyzbz.cn/feed
