[2026-03-04 02:24:35] 本次订阅抓取结果统计:
[2026-03-04 02:24:35] 共 28 条RSS, 成功抓取 24 条.
[2026-03-04 02:24:35] ✘ 有 4 条订阅解析失败:
[2026-03-04 02:24:35] - https://blog.pursuitus.com/feed
[2026-03-04 02:24:35] - https://tumutanzi.com/feed
[2026-03-04 02:24:35] - https://tcxx.info/feed
[2026-03-04 02:24:35] - https://geekinney.com/index.xml
[2026-03-04 02:24:35] ✘ 有 1 条订阅头像无法访问, 已使用默认头像:
[2026-03-04 02:24:35] - http://feeds.feedburner.com/ruanyifeng
[2026-03-04 04:43:00] 本次订阅抓取结果统计:
[2026-03-04 04:43:00] 共 28 条RSS, 成功抓取 24 条.
[2026-03-04 04:43:00] ✘ 有 4 条订阅解析失败:
[2026-03-04 04:43:00] - https://blog.pursuitus.com/feed
[2026-03-04 04:43:00] - https://tcxx.info/feed
[2026-03-04 04:43:00] - https://tumutanzi.com/feed
[2026-03-04 04:43:00] - https://geekinney.com/index.xml
[2026-03-04 04:43:00] ✘ 有 1 条订阅头像无法访问, 已使用默认头像:
[2026-03-04 04:43:00] - http://feeds.feedburner.com/ruanyifeng
[2026-03-04 05:47:15] 本次订阅抓取结果统计:
[2026-03-04 05:47:15] 共 28 条RSS, 成功抓取 24 条.
[2026-03-04 05:47:15] ✘ 有 4 条订阅解析失败:
[2026-03-04 05:47:15] - https://blog.pursuitus.com/feed
[2026-03-04 05:47:15] - https://tcxx.info/feed
[2026-03-04 05:47:15] - https://tumutanzi.com/feed
[2026-03-04 05:47:15] - https://geekinney.com/index.xml
[2026-03-04 05:47:15] ✘ 有 1 条订阅头像无法访问, 已使用默认头像:
[2026-03-04 05:47:15] - http://feeds.feedburner.com/ruanyifeng
[2026-03-04 06:53:57] 本次订阅抓取结果统计:
[2026-03-04 06:53:57] 共 28 条RSS, 成功抓取 24 条.
[2026-03-04 06:53:57] ✘ 有 4 条订阅解析失败:
[2026-03-04 06:53:57] - https://blog.pursuitus.com/feed
[2026-03-04 06:53:57] - https://tcxx.info/feed
[2026-03-04 06:53:57] - https://tumutanzi.com/feed
[2026-03-04 06:53:57] - https://geekinney.com/index.xml
[2026-03-04 06:53:57] ✘ 有 2 条订阅头像无法访问, 已使用默认头像:
[2026-03-04 06:53:57] - http://feeds.feedburner.com/ruanyifeng
[2026-03-04 06:53:57] - https://xyzbz.cn/feed
