[2026-05-17 03:56:14] 本次订阅抓取结果统计:
[2026-05-17 03:56:14] 共 28 条RSS, 成功抓取 23 条.
[2026-05-17 03:56:14] ✘ 有 5 条订阅解析失败:
[2026-05-17 03:56:14] - https://blog.pursuitus.com/feed
[2026-05-17 03:56:14] - https://geekinney.com/index.xml
[2026-05-17 03:56:14] - https://tcxx.info/feed
[2026-05-17 03:56:14] - https://tumutanzi.com/feed
[2026-05-17 03:56:14] - https://www.shephe.com/feed
[2026-05-17 03:56:14] ✘ 有 3 条订阅头像无法访问, 已使用默认头像:
[2026-05-17 03:56:14] - https://www.loyhome.com/feed
[2026-05-17 03:56:14] - http://feeds.feedburner.com/ruanyifeng
[2026-05-17 03:56:14] - https://xyzbz.cn/feed
[2026-05-17 06:48:46] 本次订阅抓取结果统计:
[2026-05-17 06:48:46] 共 28 条RSS, 成功抓取 23 条.
[2026-05-17 06:48:46] ✘ 有 5 条订阅解析失败:
[2026-05-17 06:48:46] - https://blog.pursuitus.com/feed
[2026-05-17 06:48:46] - https://geekinney.com/index.xml
[2026-05-17 06:48:46] - https://tumutanzi.com/feed
[2026-05-17 06:48:46] - https://tcxx.info/feed
[2026-05-17 06:48:46] - https://www.shephe.com/feed
[2026-05-17 06:48:46] ✘ 有 3 条订阅头像无法访问, 已使用默认头像:
[2026-05-17 06:48:46] - https://www.loyhome.com/feed
[2026-05-17 06:48:46] - https://xyzbz.cn/feed
[2026-05-17 06:48:46] - http://feeds.feedburner.com/ruanyifeng
[2026-05-17 09:07:50] 本次订阅抓取结果统计:
[2026-05-17 09:07:50] 共 28 条RSS, 成功抓取 23 条.
[2026-05-17 09:07:50] ✘ 有 5 条订阅解析失败:
[2026-05-17 09:07:50] - https://blog.pursuitus.com/feed
[2026-05-17 09:07:50] - https://geekinney.com/index.xml
[2026-05-17 09:07:50] - https://tcxx.info/feed
[2026-05-17 09:07:50] - https://tumutanzi.com/feed
[2026-05-17 09:07:50] - https://www.shephe.com/feed
[2026-05-17 09:07:50] ✘ 有 3 条订阅头像无法访问, 已使用默认头像:
[2026-05-17 09:07:50] - https://www.loyhome.com/feed
[2026-05-17 09:07:50] - https://xyzbz.cn/feed
[2026-05-17 09:07:50] - http://feeds.feedburner.com/ruanyifeng
[2026-05-17 11:10:27] 本次订阅抓取结果统计:
[2026-05-17 11:10:27] 共 28 条RSS, 成功抓取 23 条.
[2026-05-17 11:10:27] ✘ 有 5 条订阅解析失败:
[2026-05-17 11:10:27] - https://blog.pursuitus.com/feed
[2026-05-17 11:10:27] - https://geekinney.com/index.xml
[2026-05-17 11:10:27] - https://tcxx.info/feed
[2026-05-17 11:10:27] - https://tumutanzi.com/feed
[2026-05-17 11:10:27] - https://www.shephe.com/feed
[2026-05-17 11:10:27] ✘ 有 3 条订阅头像无法访问, 已使用默认头像:
[2026-05-17 11:10:27] - https://www.loyhome.com/feed
[2026-05-17 11:10:27] - https://xyzbz.cn/feed
[2026-05-17 11:10:27] - http://feeds.feedburner.com/ruanyifeng
[2026-05-17 13:27:25] 本次订阅抓取结果统计:
[2026-05-17 13:27:25] 共 28 条RSS, 成功抓取 23 条.
[2026-05-17 13:27:25] ✘ 有 5 条订阅解析失败:
[2026-05-17 13:27:25] - https://blog.pursuitus.com/feed
[2026-05-17 13:27:25] - https://geekinney.com/index.xml
[2026-05-17 13:27:25] - https://tcxx.info/feed
[2026-05-17 13:27:25] - https://tumutanzi.com/feed
[2026-05-17 13:27:25] - https://www.shephe.com/feed
[2026-05-17 13:27:25] ✘ 有 3 条订阅头像无法访问, 已使用默认头像:
[2026-05-17 13:27:25] - https://www.loyhome.com/feed
[2026-05-17 13:27:25] - https://xyzbz.cn/feed
[2026-05-17 13:27:25] - http://feeds.feedburner.com/ruanyifeng
[2026-05-17 14:59:19] 本次订阅抓取结果统计:
[2026-05-17 14:59:19] 共 28 条RSS, 成功抓取 23 条.
[2026-05-17 14:59:19] ✘ 有 5 条订阅解析失败:
[2026-05-17 14:59:19] - https://blog.pursuitus.com/feed
[2026-05-17 14:59:19] - https://geekinney.com/index.xml
[2026-05-17 14:59:19] - https://tcxx.info/feed
[2026-05-17 14:59:19] - https://tumutanzi.com/feed
[2026-05-17 14:59:19] - https://www.shephe.com/feed
[2026-05-17 14:59:19] ✘ 有 3 条订阅头像无法访问, 已使用默认头像:
[2026-05-17 14:59:19] - https://xyzbz.cn/feed
[2026-05-17 14:59:19] - https://www.loyhome.com/feed
[2026-05-17 14:59:19] - http://feeds.feedburner.com/ruanyifeng
[2026-05-17 16:05:01] 本次订阅抓取结果统计:
[2026-05-17 16:05:01] 共 28 条RSS, 成功抓取 23 条.
[2026-05-17 16:05:01] ✘ 有 5 条订阅解析失败:
[2026-05-17 16:05:01] - https://blog.pursuitus.com/feed
[2026-05-17 16:05:01] - https://geekinney.com/index.xml
[2026-05-17 16:05:01] - https://tcxx.info/feed
[2026-05-17 16:05:01] - https://tumutanzi.com/feed
[2026-05-17 16:05:01] - https://www.shephe.com/feed
[2026-05-17 16:05:01] ✘ 有 3 条订阅头像无法访问, 已使用默认头像:
[2026-05-17 16:05:01] - https://www.loyhome.com/feed
[2026-05-17 16:05:01] - https://xyzbz.cn/feed
[2026-05-17 16:05:01] - http://feeds.feedburner.com/ruanyifeng
