[2026-07-07 00:15:29] 本次订阅抓取结果统计:
[2026-07-07 00:15:29] 共 28 条RSS, 成功抓取 24 条.
[2026-07-07 00:15:29] ✘ 有 4 条订阅解析失败:
[2026-07-07 00:15:29] - https://blog.pursuitus.com/feed
[2026-07-07 00:15:29] - https://tcxx.info/feed
[2026-07-07 00:15:29] - https://geekinney.com/index.xml
[2026-07-07 00:15:29] - https://www.shephe.com/feed
[2026-07-07 00:15:29] ✘ 有 2 条订阅头像无法访问, 已使用默认头像:
[2026-07-07 00:15:29] - https://www.loyhome.com/feed
[2026-07-07 00:15:29] - http://feeds.feedburner.com/ruanyifeng
[2026-07-07 04:54:41] 本次订阅抓取结果统计:
[2026-07-07 04:54:41] 共 28 条RSS, 成功抓取 24 条.
[2026-07-07 04:54:41] ✘ 有 4 条订阅解析失败:
[2026-07-07 04:54:41] - https://blog.pursuitus.com/feed
[2026-07-07 04:54:41] - https://tcxx.info/feed
[2026-07-07 04:54:41] - https://geekinney.com/index.xml
[2026-07-07 04:54:41] - https://www.shephe.com/feed
[2026-07-07 04:54:41] ✘ 有 2 条订阅头像无法访问, 已使用默认头像:
[2026-07-07 04:54:41] - https://www.loyhome.com/feed
[2026-07-07 04:54:41] - http://feeds.feedburner.com/ruanyifeng
[2026-07-07 08:25:12] 本次订阅抓取结果统计:
[2026-07-07 08:25:12] 共 28 条RSS, 成功抓取 24 条.
[2026-07-07 08:25:12] ✘ 有 4 条订阅解析失败:
[2026-07-07 08:25:12] - https://blog.pursuitus.com/feed
[2026-07-07 08:25:12] - https://geekinney.com/index.xml
[2026-07-07 08:25:12] - https://tcxx.info/feed
[2026-07-07 08:25:12] - https://www.shephe.com/feed
[2026-07-07 08:25:12] ✘ 有 2 条订阅头像无法访问, 已使用默认头像:
[2026-07-07 08:25:12] - https://www.loyhome.com/feed
[2026-07-07 08:25:12] - http://feeds.feedburner.com/ruanyifeng
[2026-07-07 11:53:37] 本次订阅抓取结果统计:
[2026-07-07 11:53:37] 共 28 条RSS, 成功抓取 24 条.
[2026-07-07 11:53:37] ✘ 有 4 条订阅解析失败:
[2026-07-07 11:53:37] - https://blog.pursuitus.com/feed
[2026-07-07 11:53:37] - https://geekinney.com/index.xml
[2026-07-07 11:53:37] - https://tcxx.info/feed
[2026-07-07 11:53:37] - https://www.shephe.com/feed
[2026-07-07 11:53:37] ✘ 有 2 条订阅头像无法访问, 已使用默认头像:
[2026-07-07 11:53:37] - https://www.loyhome.com/feed
[2026-07-07 11:53:37] - http://feeds.feedburner.com/ruanyifeng
[2026-07-07 14:42:39] 本次订阅抓取结果统计:
[2026-07-07 14:42:39] 共 28 条RSS, 成功抓取 24 条.
[2026-07-07 14:42:39] ✘ 有 4 条订阅解析失败:
[2026-07-07 14:42:39] - https://blog.pursuitus.com/feed
[2026-07-07 14:42:39] - https://geekinney.com/index.xml
[2026-07-07 14:42:39] - https://tcxx.info/feed
[2026-07-07 14:42:39] - https://www.shephe.com/feed
[2026-07-07 14:42:39] ✘ 有 2 条订阅头像无法访问, 已使用默认头像:
[2026-07-07 14:42:39] - https://www.loyhome.com/feed
[2026-07-07 14:42:39] - http://feeds.feedburner.com/ruanyifeng
[2026-07-07 17:18:59] 本次订阅抓取结果统计:
[2026-07-07 17:18:59] 共 28 条RSS, 成功抓取 24 条.
[2026-07-07 17:18:59] ✘ 有 4 条订阅解析失败:
[2026-07-07 17:18:59] - https://blog.pursuitus.com/feed
[2026-07-07 17:18:59] - https://geekinney.com/index.xml
[2026-07-07 17:18:59] - https://tcxx.info/feed
[2026-07-07 17:18:59] - https://www.shephe.com/feed
[2026-07-07 17:18:59] ✘ 有 2 条订阅头像无法访问, 已使用默认头像:
[2026-07-07 17:18:59] - https://www.loyhome.com/feed
[2026-07-07 17:18:59] - http://feeds.feedburner.com/ruanyifeng
[2026-07-07 19:59:40] 本次订阅抓取结果统计:
[2026-07-07 19:59:40] 共 28 条RSS, 成功抓取 24 条.
[2026-07-07 19:59:40] ✘ 有 4 条订阅解析失败:
[2026-07-07 19:59:40] - https://blog.pursuitus.com/feed
[2026-07-07 19:59:40] - https://geekinney.com/index.xml
[2026-07-07 19:59:40] - https://tcxx.info/feed
[2026-07-07 19:59:40] - https://www.shephe.com/feed
[2026-07-07 19:59:40] ✘ 有 2 条订阅头像无法访问, 已使用默认头像:
[2026-07-07 19:59:40] - https://www.loyhome.com/feed
[2026-07-07 19:59:40] - http://feeds.feedburner.com/ruanyifeng
[2026-07-07 21:36:56] 本次订阅抓取结果统计:
[2026-07-07 21:36:56] 共 28 条RSS, 成功抓取 24 条.
[2026-07-07 21:36:56] ✘ 有 4 条订阅解析失败:
[2026-07-07 21:36:56] - https://blog.pursuitus.com/feed
[2026-07-07 21:36:56] - https://geekinney.com/index.xml
[2026-07-07 21:36:56] - https://tcxx.info/feed
[2026-07-07 21:36:56] - https://www.shephe.com/feed
[2026-07-07 21:36:56] ✘ 有 2 条订阅头像无法访问, 已使用默认头像:
[2026-07-07 21:36:56] - https://www.loyhome.com/feed
[2026-07-07 21:36:56] - http://feeds.feedburner.com/ruanyifeng
