[2026-02-08 02:49:57] 本次订阅抓取结果统计:
[2026-02-08 02:49:57] 共 28 条RSS, 成功抓取 24 条.
[2026-02-08 02:49:57] ✘ 有 4 条订阅解析失败:
[2026-02-08 02:49:57] - https://blog.pursuitus.com/feed
[2026-02-08 02:49:57] - https://tcxx.info/feed
[2026-02-08 02:49:57] - https://tumutanzi.com/feed
[2026-02-08 02:49:57] - https://geekinney.com/index.xml
[2026-02-08 02:49:57] ✘ 有 1 条订阅头像无法访问, 已使用默认头像:
[2026-02-08 02:49:57] - http://feeds.feedburner.com/ruanyifeng
[2026-02-08 05:06:34] 本次订阅抓取结果统计:
[2026-02-08 05:06:34] 共 28 条RSS, 成功抓取 23 条.
[2026-02-08 05:06:34] ✘ 有 5 条订阅解析失败:
[2026-02-08 05:06:34] - https://blog.pursuitus.com/feed
[2026-02-08 05:06:34] - https://tumutanzi.com/feed
[2026-02-08 05:06:34] - https://tcxx.info/feed
[2026-02-08 05:06:34] - https://geekinney.com/index.xml
[2026-02-08 05:06:34] - https://blog.codingnow.com/atom.xml
[2026-02-08 05:06:34] ✘ 有 1 条订阅头像无法访问, 已使用默认头像:
[2026-02-08 05:06:34] - http://feeds.feedburner.com/ruanyifeng
[2026-02-08 06:55:50] 本次订阅抓取结果统计:
[2026-02-08 06:55:50] 共 28 条RSS, 成功抓取 24 条.
[2026-02-08 06:55:50] ✘ 有 4 条订阅解析失败:
[2026-02-08 06:55:50] - https://blog.pursuitus.com/feed
[2026-02-08 06:55:50] - https://tcxx.info/feed
[2026-02-08 06:55:50] - https://tumutanzi.com/feed
[2026-02-08 06:55:50] - https://geekinney.com/index.xml
[2026-02-08 06:55:50] ✘ 有 1 条订阅头像无法访问, 已使用默认头像:
[2026-02-08 06:55:50] - http://feeds.feedburner.com/ruanyifeng
[2026-02-08 07:40:42] 本次订阅抓取结果统计:
[2026-02-08 07:40:42] 共 28 条RSS, 成功抓取 24 条.
[2026-02-08 07:40:42] ✘ 有 4 条订阅解析失败:
[2026-02-08 07:40:42] - https://blog.pursuitus.com/feed
[2026-02-08 07:40:42] - https://tcxx.info/feed
[2026-02-08 07:40:42] - https://tumutanzi.com/feed
[2026-02-08 07:40:42] - https://geekinney.com/index.xml
[2026-02-08 07:40:42] ✘ 有 2 条订阅头像无法访问, 已使用默认头像:
[2026-02-08 07:40:42] - http://feeds.feedburner.com/ruanyifeng
[2026-02-08 07:40:42] - https://www.loyhome.com/feed
