[2026-03-22 02:35:43] 本次订阅抓取结果统计:
[2026-03-22 02:35:43] 共 28 条RSS, 成功抓取 24 条.
[2026-03-22 02:35:43] ✘ 有 4 条订阅解析失败:
[2026-03-22 02:35:43] - https://blog.pursuitus.com/feed
[2026-03-22 02:35:43] - https://tcxx.info/feed
[2026-03-22 02:35:43] - https://geekinney.com/index.xml
[2026-03-22 02:35:43] - https://tumutanzi.com/feed
[2026-03-22 02:35:43] ✘ 有 1 条订阅头像无法访问, 已使用默认头像:
[2026-03-22 02:35:43] - http://feeds.feedburner.com/ruanyifeng
[2026-03-22 04:55:29] 本次订阅抓取结果统计:
[2026-03-22 04:55:29] 共 28 条RSS, 成功抓取 24 条.
[2026-03-22 04:55:29] ✘ 有 4 条订阅解析失败:
[2026-03-22 04:55:29] - https://blog.pursuitus.com/feed
[2026-03-22 04:55:29] - https://geekinney.com/index.xml
[2026-03-22 04:55:29] - https://tcxx.info/feed
[2026-03-22 04:55:29] - https://tumutanzi.com/feed
[2026-03-22 04:55:29] ✘ 有 1 条订阅头像无法访问, 已使用默认头像:
[2026-03-22 04:55:29] - http://feeds.feedburner.com/ruanyifeng
[2026-03-22 05:56:26] 本次订阅抓取结果统计:
[2026-03-22 05:56:26] 共 28 条RSS, 成功抓取 24 条.
[2026-03-22 05:56:26] ✘ 有 4 条订阅解析失败:
[2026-03-22 05:56:26] - https://blog.pursuitus.com/feed
[2026-03-22 05:56:26] - https://geekinney.com/index.xml
[2026-03-22 05:56:26] - https://tcxx.info/feed
[2026-03-22 05:56:26] - https://tumutanzi.com/feed
[2026-03-22 05:56:26] ✘ 有 1 条订阅头像无法访问, 已使用默认头像:
[2026-03-22 05:56:26] - http://feeds.feedburner.com/ruanyifeng
[2026-03-22 06:58:30] 本次订阅抓取结果统计:
[2026-03-22 06:58:30] 共 28 条RSS, 成功抓取 24 条.
[2026-03-22 06:58:30] ✘ 有 4 条订阅解析失败:
[2026-03-22 06:58:30] - https://blog.pursuitus.com/feed
[2026-03-22 06:58:30] - https://geekinney.com/index.xml
[2026-03-22 06:58:30] - https://tcxx.info/feed
[2026-03-22 06:58:30] - https://tumutanzi.com/feed
[2026-03-22 06:58:30] ✘ 有 1 条订阅头像无法访问, 已使用默认头像:
[2026-03-22 06:58:30] - http://feeds.feedburner.com/ruanyifeng
[2026-03-22 07:44:05] 本次订阅抓取结果统计:
[2026-03-22 07:44:05] 共 28 条RSS, 成功抓取 20 条.
[2026-03-22 07:44:05] ✘ 有 8 条订阅解析失败:
[2026-03-22 07:44:05] - https://blog.pursuitus.com/feed
[2026-03-22 07:44:05] - https://geekinney.com/index.xml
[2026-03-22 07:44:05] - https://tcxx.info/feed
[2026-03-22 07:44:05] - https://tumutanzi.com/feed
[2026-03-22 07:44:05] - https://wangpei.net/feed
[2026-03-22 07:44:05] - https://blog.zhheo.com/rss.xml
[2026-03-22 07:44:05] - https://oba.by/feed
[2026-03-22 07:44:05] - https://xyzbz.cn/feed
[2026-03-22 07:44:05] ✘ 有 1 条订阅头像无法访问, 已使用默认头像:
[2026-03-22 07:44:05] - http://feeds.feedburner.com/ruanyifeng
[2026-03-22 08:39:16] 本次订阅抓取结果统计:
[2026-03-22 08:39:16] 共 28 条RSS, 成功抓取 24 条.
[2026-03-22 08:39:16] ✘ 有 4 条订阅解析失败:
[2026-03-22 08:39:16] - https://blog.pursuitus.com/feed
[2026-03-22 08:39:16] - https://geekinney.com/index.xml
[2026-03-22 08:39:16] - https://tcxx.info/feed
[2026-03-22 08:39:16] - https://tumutanzi.com/feed
[2026-03-22 08:39:16] ✘ 有 1 条订阅头像无法访问, 已使用默认头像:
[2026-03-22 08:39:16] - http://feeds.feedburner.com/ruanyifeng
[2026-03-22 09:36:59] 本次订阅抓取结果统计:
[2026-03-22 09:36:59] 共 28 条RSS, 成功抓取 24 条.
[2026-03-22 09:36:59] ✘ 有 4 条订阅解析失败:
[2026-03-22 09:36:59] - https://blog.pursuitus.com/feed
[2026-03-22 09:36:59] - https://geekinney.com/index.xml
[2026-03-22 09:36:59] - https://tcxx.info/feed
[2026-03-22 09:36:59] - https://tumutanzi.com/feed
[2026-03-22 09:36:59] ✘ 有 1 条订阅头像无法访问, 已使用默认头像:
[2026-03-22 09:36:59] - http://feeds.feedburner.com/ruanyifeng
[2026-03-22 10:31:50] 本次订阅抓取结果统计:
[2026-03-22 10:31:50] 共 28 条RSS, 成功抓取 24 条.
[2026-03-22 10:31:50] ✘ 有 4 条订阅解析失败:
[2026-03-22 10:31:50] - https://blog.pursuitus.com/feed
[2026-03-22 10:31:50] - https://geekinney.com/index.xml
[2026-03-22 10:31:50] - https://tcxx.info/feed
[2026-03-22 10:31:50] - https://tumutanzi.com/feed
[2026-03-22 10:31:50] ✘ 有 1 条订阅头像无法访问, 已使用默认头像:
[2026-03-22 10:31:50] - http://feeds.feedburner.com/ruanyifeng
[2026-03-22 11:27:14] 本次订阅抓取结果统计:
[2026-03-22 11:27:14] 共 28 条RSS, 成功抓取 24 条.
[2026-03-22 11:27:14] ✘ 有 4 条订阅解析失败:
[2026-03-22 11:27:14] - https://blog.pursuitus.com/feed
[2026-03-22 11:27:14] - https://geekinney.com/index.xml
[2026-03-22 11:27:14] - https://tumutanzi.com/feed
[2026-03-22 11:27:14] - https://tcxx.info/feed
[2026-03-22 11:27:14] ✘ 有 1 条订阅头像无法访问, 已使用默认头像:
[2026-03-22 11:27:14] - http://feeds.feedburner.com/ruanyifeng
