[2026-02-12 02:35:01] 本次订阅抓取结果统计:
[2026-02-12 02:35:01] 共 28 条RSS, 成功抓取 24 条.
[2026-02-12 02:35:01] ✘ 有 4 条订阅解析失败:
[2026-02-12 02:35:01] - https://blog.pursuitus.com/feed
[2026-02-12 02:35:01] - https://tcxx.info/feed
[2026-02-12 02:35:01] - https://tumutanzi.com/feed
[2026-02-12 02:35:01] - https://geekinney.com/index.xml
[2026-02-12 02:35:01] ✘ 有 1 条订阅头像无法访问, 已使用默认头像:
[2026-02-12 02:35:01] - http://feeds.feedburner.com/ruanyifeng
[2026-02-12 05:01:13] 本次订阅抓取结果统计:
[2026-02-12 05:01:13] 共 28 条RSS, 成功抓取 24 条.
[2026-02-12 05:01:13] ✘ 有 4 条订阅解析失败:
[2026-02-12 05:01:13] - https://blog.pursuitus.com/feed
[2026-02-12 05:01:13] - https://tcxx.info/feed
[2026-02-12 05:01:13] - https://tumutanzi.com/feed
[2026-02-12 05:01:13] - https://geekinney.com/index.xml
[2026-02-12 05:01:13] ✘ 有 1 条订阅头像无法访问, 已使用默认头像:
[2026-02-12 05:01:13] - http://feeds.feedburner.com/ruanyifeng
[2026-02-12 07:05:25] 本次订阅抓取结果统计:
[2026-02-12 07:05:25] 共 28 条RSS, 成功抓取 24 条.
[2026-02-12 07:05:25] ✘ 有 4 条订阅解析失败:
[2026-02-12 07:05:25] - https://blog.pursuitus.com/feed
[2026-02-12 07:05:25] - https://tcxx.info/feed
[2026-02-12 07:05:25] - https://tumutanzi.com/feed
[2026-02-12 07:05:25] - https://geekinney.com/index.xml
[2026-02-12 07:05:25] ✘ 有 1 条订阅头像无法访问, 已使用默认头像:
[2026-02-12 07:05:25] - http://feeds.feedburner.com/ruanyifeng
[2026-02-12 08:52:57] 本次订阅抓取结果统计:
[2026-02-12 08:52:57] 共 28 条RSS, 成功抓取 24 条.
[2026-02-12 08:52:57] ✘ 有 4 条订阅解析失败:
[2026-02-12 08:52:57] - https://blog.pursuitus.com/feed
[2026-02-12 08:52:57] - https://tcxx.info/feed
[2026-02-12 08:52:57] - https://tumutanzi.com/feed
[2026-02-12 08:52:57] - https://geekinney.com/index.xml
[2026-02-12 08:52:57] ✘ 有 1 条订阅头像无法访问, 已使用默认头像:
[2026-02-12 08:52:57] - http://feeds.feedburner.com/ruanyifeng
[2026-02-12 09:55:20] 本次订阅抓取结果统计:
[2026-02-12 09:55:20] 共 28 条RSS, 成功抓取 24 条.
[2026-02-12 09:55:20] ✘ 有 4 条订阅解析失败:
[2026-02-12 09:55:20] - https://blog.pursuitus.com/feed
[2026-02-12 09:55:20] - https://tcxx.info/feed
[2026-02-12 09:55:20] - https://tumutanzi.com/feed
[2026-02-12 09:55:20] - https://geekinney.com/index.xml
[2026-02-12 09:55:20] ✘ 有 1 条订阅头像无法访问, 已使用默认头像:
[2026-02-12 09:55:20] - http://feeds.feedburner.com/ruanyifeng
[2026-02-12 10:52:39] 本次订阅抓取结果统计:
[2026-02-12 10:52:39] 共 28 条RSS, 成功抓取 24 条.
[2026-02-12 10:52:39] ✘ 有 4 条订阅解析失败:
[2026-02-12 10:52:39] - https://blog.pursuitus.com/feed
[2026-02-12 10:52:39] - https://tcxx.info/feed
[2026-02-12 10:52:39] - https://tumutanzi.com/feed
[2026-02-12 10:52:39] - https://geekinney.com/index.xml
[2026-02-12 10:52:39] ✘ 有 2 条订阅头像无法访问, 已使用默认头像:
[2026-02-12 10:52:39] - http://feeds.feedburner.com/ruanyifeng
[2026-02-12 10:52:39] - https://www.loyhome.com/feed
[2026-02-12 11:42:33] 本次订阅抓取结果统计:
[2026-02-12 11:42:33] 共 28 条RSS, 成功抓取 24 条.
[2026-02-12 11:42:33] ✘ 有 4 条订阅解析失败:
[2026-02-12 11:42:33] - https://blog.pursuitus.com/feed
[2026-02-12 11:42:33] - https://tumutanzi.com/feed
[2026-02-12 11:42:33] - https://tcxx.info/feed
[2026-02-12 11:42:33] - https://geekinney.com/index.xml
[2026-02-12 11:42:33] ✘ 有 1 条订阅头像无法访问, 已使用默认头像:
[2026-02-12 11:42:33] - http://feeds.feedburner.com/ruanyifeng
