[2026-07-19 03:27:04] 本次订阅抓取结果统计:
[2026-07-19 03:27:04] 共 28 条RSS, 成功抓取 25 条.
[2026-07-19 03:27:04] ✘ 有 3 条订阅解析失败:
[2026-07-19 03:27:04] - https://geekinney.com/index.xml
[2026-07-19 03:27:04] - https://tcxx.info/feed
[2026-07-19 03:27:04] - https://www.shephe.com/feed
[2026-07-19 03:27:04] ✘ 有 2 条订阅头像无法访问, 已使用默认头像:
[2026-07-19 03:27:04] - https://www.loyhome.com/feed
[2026-07-19 03:27:04] - http://feeds.feedburner.com/ruanyifeng
[2026-07-19 06:32:29] 本次订阅抓取结果统计:
[2026-07-19 06:32:29] 共 28 条RSS, 成功抓取 25 条.
[2026-07-19 06:32:29] ✘ 有 3 条订阅解析失败:
[2026-07-19 06:32:29] - https://geekinney.com/index.xml
[2026-07-19 06:32:29] - https://tcxx.info/feed
[2026-07-19 06:32:29] - https://www.shephe.com/feed
[2026-07-19 06:32:29] ✘ 有 2 条订阅头像无法访问, 已使用默认头像:
[2026-07-19 06:32:29] - https://www.loyhome.com/feed
[2026-07-19 06:32:29] - http://feeds.feedburner.com/ruanyifeng
[2026-07-19 09:05:55] 本次订阅抓取结果统计:
[2026-07-19 09:05:55] 共 28 条RSS, 成功抓取 25 条.
[2026-07-19 09:05:55] ✘ 有 3 条订阅解析失败:
[2026-07-19 09:05:55] - https://geekinney.com/index.xml
[2026-07-19 09:05:55] - https://tcxx.info/feed
[2026-07-19 09:05:55] - https://www.shephe.com/feed
[2026-07-19 09:05:55] ✘ 有 2 条订阅头像无法访问, 已使用默认头像:
[2026-07-19 09:05:55] - https://www.loyhome.com/feed
[2026-07-19 09:05:55] - http://feeds.feedburner.com/ruanyifeng
[2026-07-19 11:10:07] 本次订阅抓取结果统计:
[2026-07-19 11:10:07] 共 28 条RSS, 成功抓取 24 条.
[2026-07-19 11:10:07] ✘ 有 4 条订阅解析失败:
[2026-07-19 11:10:07] - https://geekinney.com/index.xml
[2026-07-19 11:10:07] - https://tcxx.info/feed
[2026-07-19 11:10:07] - https://tumutanzi.com/feed
[2026-07-19 11:10:07] - https://www.shephe.com/feed
[2026-07-19 11:10:07] ✘ 有 2 条订阅头像无法访问, 已使用默认头像:
[2026-07-19 11:10:07] - https://www.loyhome.com/feed
[2026-07-19 11:10:07] - http://feeds.feedburner.com/ruanyifeng
