[2026-04-29 03:52:07] 本次订阅抓取结果统计:
[2026-04-29 03:52:07] 共 28 条RSS, 成功抓取 23 条.
[2026-04-29 03:52:07] ✘ 有 5 条订阅解析失败:
[2026-04-29 03:52:07] - https://blog.pursuitus.com/feed
[2026-04-29 03:52:07] - https://geekinney.com/index.xml
[2026-04-29 03:52:07] - https://www.shephe.com/feed
[2026-04-29 03:52:07] - https://tcxx.info/feed
[2026-04-29 03:52:07] - https://tumutanzi.com/feed
[2026-04-29 03:52:07] ✘ 有 2 条订阅头像无法访问, 已使用默认头像:
[2026-04-29 03:52:07] - https://www.loyhome.com/feed
[2026-04-29 03:52:07] - http://feeds.feedburner.com/ruanyifeng
[2026-04-29 06:26:32] 本次订阅抓取结果统计:
[2026-04-29 06:26:32] 共 28 条RSS, 成功抓取 23 条.
[2026-04-29 06:26:32] ✘ 有 5 条订阅解析失败:
[2026-04-29 06:26:32] - https://blog.pursuitus.com/feed
[2026-04-29 06:26:32] - https://geekinney.com/index.xml
[2026-04-29 06:26:32] - https://tcxx.info/feed
[2026-04-29 06:26:32] - https://tumutanzi.com/feed
[2026-04-29 06:26:32] - https://www.shephe.com/feed
[2026-04-29 06:26:32] ✘ 有 2 条订阅头像无法访问, 已使用默认头像:
[2026-04-29 06:26:32] - https://www.loyhome.com/feed
[2026-04-29 06:26:32] - http://feeds.feedburner.com/ruanyifeng
[2026-04-29 09:11:20] 本次订阅抓取结果统计:
[2026-04-29 09:11:20] 共 28 条RSS, 成功抓取 22 条.
[2026-04-29 09:11:20] ✘ 有 6 条订阅解析失败:
[2026-04-29 09:11:20] - https://blog.pursuitus.com/feed
[2026-04-29 09:11:20] - https://blog.yanqingshan.com/feed
[2026-04-29 09:11:20] - https://geekinney.com/index.xml
[2026-04-29 09:11:20] - https://tumutanzi.com/feed
[2026-04-29 09:11:20] - https://tcxx.info/feed
[2026-04-29 09:11:20] - https://www.shephe.com/feed
[2026-04-29 09:11:20] ✘ 有 3 条订阅头像无法访问, 已使用默认头像:
[2026-04-29 09:11:20] - https://blog.zhheo.com/rss.xml
[2026-04-29 09:11:20] - https://www.loyhome.com/feed
[2026-04-29 09:11:20] - http://feeds.feedburner.com/ruanyifeng
[2026-04-29 11:40:26] 本次订阅抓取结果统计:
[2026-04-29 11:40:26] 共 28 条RSS, 成功抓取 23 条.
[2026-04-29 11:40:26] ✘ 有 5 条订阅解析失败:
[2026-04-29 11:40:26] - https://blog.pursuitus.com/feed
[2026-04-29 11:40:26] - https://geekinney.com/index.xml
[2026-04-29 11:40:26] - https://tcxx.info/feed
[2026-04-29 11:40:26] - https://tumutanzi.com/feed
[2026-04-29 11:40:26] - https://www.shephe.com/feed
[2026-04-29 11:40:26] ✘ 有 2 条订阅头像无法访问, 已使用默认头像:
[2026-04-29 11:40:26] - https://www.loyhome.com/feed
[2026-04-29 11:40:26] - http://feeds.feedburner.com/ruanyifeng
[2026-04-29 14:06:10] 本次订阅抓取结果统计:
[2026-04-29 14:06:10] 共 28 条RSS, 成功抓取 23 条.
[2026-04-29 14:06:10] ✘ 有 5 条订阅解析失败:
[2026-04-29 14:06:10] - https://blog.pursuitus.com/feed
[2026-04-29 14:06:10] - https://geekinney.com/index.xml
[2026-04-29 14:06:10] - https://tcxx.info/feed
[2026-04-29 14:06:10] - https://tumutanzi.com/feed
[2026-04-29 14:06:10] - https://www.shephe.com/feed
[2026-04-29 14:06:10] ✘ 有 2 条订阅头像无法访问, 已使用默认头像:
[2026-04-29 14:06:10] - https://www.loyhome.com/feed
[2026-04-29 14:06:10] - http://feeds.feedburner.com/ruanyifeng
[2026-04-29 16:43:57] 本次订阅抓取结果统计:
[2026-04-29 16:43:57] 共 28 条RSS, 成功抓取 22 条.
[2026-04-29 16:43:57] ✘ 有 6 条订阅解析失败:
[2026-04-29 16:43:57] - https://blog.pursuitus.com/feed
[2026-04-29 16:43:57] - https://geekinney.com/index.xml
[2026-04-29 16:43:57] - https://tcxx.info/feed
[2026-04-29 16:43:57] - https://tumutanzi.com/feed
[2026-04-29 16:43:57] - https://www.shephe.com/feed
[2026-04-29 16:43:57] - https://blog.yanqingshan.com/feed
[2026-04-29 16:43:57] ✘ 有 3 条订阅头像无法访问, 已使用默认头像:
[2026-04-29 16:43:57] - https://blog.zhheo.com/rss.xml
[2026-04-29 16:43:57] - https://www.loyhome.com/feed
[2026-04-29 16:43:57] - http://feeds.feedburner.com/ruanyifeng
[2026-04-29 18:13:52] 本次订阅抓取结果统计:
[2026-04-29 18:13:52] 共 28 条RSS, 成功抓取 23 条.
[2026-04-29 18:13:52] ✘ 有 5 条订阅解析失败:
[2026-04-29 18:13:52] - https://blog.pursuitus.com/feed
[2026-04-29 18:13:52] - https://geekinney.com/index.xml
[2026-04-29 18:13:52] - https://tcxx.info/feed
[2026-04-29 18:13:52] - https://tumutanzi.com/feed
[2026-04-29 18:13:52] - https://www.shephe.com/feed
[2026-04-29 18:13:52] ✘ 有 2 条订阅头像无法访问, 已使用默认头像:
[2026-04-29 18:13:52] - https://www.loyhome.com/feed
[2026-04-29 18:13:52] - http://feeds.feedburner.com/ruanyifeng
[2026-04-29 20:12:14] 本次订阅抓取结果统计:
[2026-04-29 20:12:14] 共 28 条RSS, 成功抓取 22 条.
[2026-04-29 20:12:14] ✘ 有 6 条订阅解析失败:
[2026-04-29 20:12:14] - https://blog.pursuitus.com/feed
[2026-04-29 20:12:14] - https://geekinney.com/index.xml
[2026-04-29 20:12:14] - https://tcxx.info/feed
[2026-04-29 20:12:14] - https://tumutanzi.com/feed
[2026-04-29 20:12:14] - https://www.shephe.com/feed
[2026-04-29 20:12:14] - https://blog.yanqingshan.com/feed
[2026-04-29 20:12:14] ✘ 有 3 条订阅头像无法访问, 已使用默认头像:
[2026-04-29 20:12:14] - https://blog.zhheo.com/rss.xml
[2026-04-29 20:12:14] - https://www.loyhome.com/feed
[2026-04-29 20:12:14] - http://feeds.feedburner.com/ruanyifeng
[2026-04-29 22:01:58] 本次订阅抓取结果统计:
[2026-04-29 22:01:58] 共 28 条RSS, 成功抓取 23 条.
[2026-04-29 22:01:58] ✘ 有 5 条订阅解析失败:
[2026-04-29 22:01:58] - https://blog.pursuitus.com/feed
[2026-04-29 22:01:58] - https://geekinney.com/index.xml
[2026-04-29 22:01:58] - https://tcxx.info/feed
[2026-04-29 22:01:58] - https://tumutanzi.com/feed
[2026-04-29 22:01:58] - https://www.shephe.com/feed
[2026-04-29 22:01:58] ✘ 有 2 条订阅头像无法访问, 已使用默认头像:
[2026-04-29 22:01:58] - https://www.loyhome.com/feed
[2026-04-29 22:01:58] - http://feeds.feedburner.com/ruanyifeng
[2026-04-29 23:57:33] 本次订阅抓取结果统计:
[2026-04-29 23:57:33] 共 28 条RSS, 成功抓取 23 条.
[2026-04-29 23:57:33] ✘ 有 5 条订阅解析失败:
[2026-04-29 23:57:33] - https://tcxx.info/feed
[2026-04-29 23:57:33] - https://tumutanzi.com/feed
[2026-04-29 23:57:33] - https://www.shephe.com/feed
[2026-04-29 23:57:33] - https://blog.pursuitus.com/feed
[2026-04-29 23:57:33] - https://geekinney.com/index.xml
[2026-04-29 23:57:33] ✘ 有 2 条订阅头像无法访问, 已使用默认头像:
[2026-04-29 23:57:33] - https://www.loyhome.com/feed
[2026-04-29 23:57:33] - http://feeds.feedburner.com/ruanyifeng
