[2026-03-14 02:24:48] 本次订阅抓取结果统计:
[2026-03-14 02:24:48] 共 28 条RSS, 成功抓取 24 条.
[2026-03-14 02:24:48] ✘ 有 4 条订阅解析失败:
[2026-03-14 02:24:48] - https://blog.pursuitus.com/feed
[2026-03-14 02:24:48] - https://geekinney.com/index.xml
[2026-03-14 02:24:48] - https://tcxx.info/feed
[2026-03-14 02:24:48] - https://tumutanzi.com/feed
[2026-03-14 02:24:48] ✘ 有 1 条订阅头像无法访问, 已使用默认头像:
[2026-03-14 02:24:48] - http://feeds.feedburner.com/ruanyifeng
[2026-03-14 04:45:37] 本次订阅抓取结果统计:
[2026-03-14 04:45:37] 共 28 条RSS, 成功抓取 23 条.
[2026-03-14 04:45:37] ✘ 有 5 条订阅解析失败:
[2026-03-14 04:45:37] - https://blog.pursuitus.com/feed
[2026-03-14 04:45:37] - https://geekinney.com/index.xml
[2026-03-14 04:45:37] - https://tcxx.info/feed
[2026-03-14 04:45:37] - https://tumutanzi.com/feed
[2026-03-14 04:45:37] - https://wangpei.net/feed
[2026-03-14 04:45:37] ✘ 有 1 条订阅头像无法访问, 已使用默认头像:
[2026-03-14 04:45:37] - http://feeds.feedburner.com/ruanyifeng
[2026-03-14 05:49:31] 本次订阅抓取结果统计:
[2026-03-14 05:49:31] 共 28 条RSS, 成功抓取 24 条.
[2026-03-14 05:49:31] ✘ 有 4 条订阅解析失败:
[2026-03-14 05:49:31] - https://blog.pursuitus.com/feed
[2026-03-14 05:49:31] - https://geekinney.com/index.xml
[2026-03-14 05:49:31] - https://tcxx.info/feed
[2026-03-14 05:49:31] - https://tumutanzi.com/feed
[2026-03-14 05:49:31] ✘ 有 1 条订阅头像无法访问, 已使用默认头像:
[2026-03-14 05:49:31] - http://feeds.feedburner.com/ruanyifeng
[2026-03-14 06:53:46] 本次订阅抓取结果统计:
[2026-03-14 06:53:46] 共 28 条RSS, 成功抓取 24 条.
[2026-03-14 06:53:46] ✘ 有 4 条订阅解析失败:
[2026-03-14 06:53:46] - https://blog.pursuitus.com/feed
[2026-03-14 06:53:46] - https://geekinney.com/index.xml
[2026-03-14 06:53:46] - https://tumutanzi.com/feed
[2026-03-14 06:53:46] - https://tcxx.info/feed
[2026-03-14 06:53:46] ✘ 有 1 条订阅头像无法访问, 已使用默认头像:
[2026-03-14 06:53:46] - http://feeds.feedburner.com/ruanyifeng
[2026-03-14 07:37:31] 本次订阅抓取结果统计:
[2026-03-14 07:37:31] 共 28 条RSS, 成功抓取 24 条.
[2026-03-14 07:37:31] ✘ 有 4 条订阅解析失败:
[2026-03-14 07:37:31] - https://blog.pursuitus.com/feed
[2026-03-14 07:37:31] - https://geekinney.com/index.xml
[2026-03-14 07:37:31] - https://tumutanzi.com/feed
[2026-03-14 07:37:31] - https://tcxx.info/feed
[2026-03-14 07:37:31] ✘ 有 1 条订阅头像无法访问, 已使用默认头像:
[2026-03-14 07:37:31] - http://feeds.feedburner.com/ruanyifeng
[2026-03-14 08:40:14] 本次订阅抓取结果统计:
[2026-03-14 08:40:14] 共 28 条RSS, 成功抓取 24 条.
[2026-03-14 08:40:14] ✘ 有 4 条订阅解析失败:
[2026-03-14 08:40:14] - https://blog.pursuitus.com/feed
[2026-03-14 08:40:14] - https://geekinney.com/index.xml
[2026-03-14 08:40:14] - https://tcxx.info/feed
[2026-03-14 08:40:14] - https://tumutanzi.com/feed
[2026-03-14 08:40:14] ✘ 有 2 条订阅头像无法访问, 已使用默认头像:
[2026-03-14 08:40:14] - http://feeds.feedburner.com/ruanyifeng
[2026-03-14 08:40:14] - https://xyzbz.cn/feed
[2026-03-14 09:37:32] 本次订阅抓取结果统计:
[2026-03-14 09:37:32] 共 28 条RSS, 成功抓取 24 条.
[2026-03-14 09:37:32] ✘ 有 4 条订阅解析失败:
[2026-03-14 09:37:32] - https://blog.pursuitus.com/feed
[2026-03-14 09:37:32] - https://geekinney.com/index.xml
[2026-03-14 09:37:32] - https://tcxx.info/feed
[2026-03-14 09:37:32] - https://tumutanzi.com/feed
[2026-03-14 09:37:32] ✘ 有 1 条订阅头像无法访问, 已使用默认头像:
[2026-03-14 09:37:32] - http://feeds.feedburner.com/ruanyifeng
[2026-03-14 10:32:32] 本次订阅抓取结果统计:
[2026-03-14 10:32:32] 共 28 条RSS, 成功抓取 24 条.
[2026-03-14 10:32:32] ✘ 有 4 条订阅解析失败:
[2026-03-14 10:32:32] - https://blog.pursuitus.com/feed
[2026-03-14 10:32:32] - https://geekinney.com/index.xml
[2026-03-14 10:32:32] - https://tcxx.info/feed
[2026-03-14 10:32:32] - https://tumutanzi.com/feed
[2026-03-14 10:32:32] ✘ 有 1 条订阅头像无法访问, 已使用默认头像:
[2026-03-14 10:32:32] - http://feeds.feedburner.com/ruanyifeng
[2026-03-14 11:28:07] 本次订阅抓取结果统计:
[2026-03-14 11:28:07] 共 28 条RSS, 成功抓取 24 条.
[2026-03-14 11:28:07] ✘ 有 4 条订阅解析失败:
[2026-03-14 11:28:07] - https://blog.pursuitus.com/feed
[2026-03-14 11:28:07] - https://geekinney.com/index.xml
[2026-03-14 11:28:07] - https://tcxx.info/feed
[2026-03-14 11:28:07] - https://tumutanzi.com/feed
[2026-03-14 11:28:07] ✘ 有 2 条订阅头像无法访问, 已使用默认头像:
[2026-03-14 11:28:07] - http://feeds.feedburner.com/ruanyifeng
[2026-03-14 11:28:07] - https://blog.zhheo.com/rss.xml
