[2026-01-23 02:00:09] 本次订阅抓取结果统计:
[2026-01-23 02:00:09] 共 28 条RSS, 成功抓取 24 条.
[2026-01-23 02:00:09] ✘ 有 4 条订阅解析失败:
[2026-01-23 02:00:09] - https://blog.pursuitus.com/feed
[2026-01-23 02:00:09] - https://tumutanzi.com/feed
[2026-01-23 02:00:09] - https://tcxx.info/feed
[2026-01-23 02:00:09] - https://geekinney.com/index.xml
[2026-01-23 02:00:09] ✘ 有 3 条订阅头像无法访问, 已使用默认头像:
[2026-01-23 02:00:09] - https://oba.by/feed
[2026-01-23 02:00:09] - https://www.laruence.com/feed
[2026-01-23 02:00:09] - http://feeds.feedburner.com/ruanyifeng
[2026-01-23 03:48:45] 本次订阅抓取结果统计:
[2026-01-23 03:48:45] 共 28 条RSS, 成功抓取 23 条.
[2026-01-23 03:48:45] ✘ 有 5 条订阅解析失败:
[2026-01-23 03:48:45] - https://oba.by/feed
[2026-01-23 03:48:45] - https://blog.pursuitus.com/feed
[2026-01-23 03:48:45] - https://tcxx.info/feed
[2026-01-23 03:48:45] - https://tumutanzi.com/feed
[2026-01-23 03:48:45] - https://geekinney.com/index.xml
[2026-01-23 03:48:45] ✘ 有 2 条订阅头像无法访问, 已使用默认头像:
[2026-01-23 03:48:45] - https://www.laruence.com/feed
[2026-01-23 03:48:45] - http://feeds.feedburner.com/ruanyifeng
[2026-01-23 04:47:16] 本次订阅抓取结果统计:
[2026-01-23 04:47:16] 共 28 条RSS, 成功抓取 24 条.
[2026-01-23 04:47:16] ✘ 有 4 条订阅解析失败:
[2026-01-23 04:47:16] - https://blog.pursuitus.com/feed
[2026-01-23 04:47:16] - https://tcxx.info/feed
[2026-01-23 04:47:16] - https://tumutanzi.com/feed
[2026-01-23 04:47:16] - https://geekinney.com/index.xml
[2026-01-23 04:47:16] ✘ 有 4 条订阅头像无法访问, 已使用默认头像:
[2026-01-23 04:47:16] - https://www.laruence.com/feed
[2026-01-23 04:47:16] - http://feeds.feedburner.com/ruanyifeng
[2026-01-23 04:47:16] - https://www.loyhome.com/feed
[2026-01-23 04:47:16] - https://oba.by/feed
[2026-01-23 05:31:07] 本次订阅抓取结果统计:
[2026-01-23 05:31:07] 共 28 条RSS, 成功抓取 24 条.
[2026-01-23 05:31:07] ✘ 有 4 条订阅解析失败:
[2026-01-23 05:31:07] - https://blog.pursuitus.com/feed
[2026-01-23 05:31:07] - https://tcxx.info/feed
[2026-01-23 05:31:07] - https://tumutanzi.com/feed
[2026-01-23 05:31:07] - https://geekinney.com/index.xml
[2026-01-23 05:31:07] ✘ 有 3 条订阅头像无法访问, 已使用默认头像:
[2026-01-23 05:31:07] - https://oba.by/feed
[2026-01-23 05:31:07] - https://www.laruence.com/feed
[2026-01-23 05:31:07] - http://feeds.feedburner.com/ruanyifeng
[2026-01-23 06:39:59] 本次订阅抓取结果统计:
[2026-01-23 06:39:59] 共 28 条RSS, 成功抓取 24 条.
[2026-01-23 06:39:59] ✘ 有 4 条订阅解析失败:
[2026-01-23 06:39:59] - https://blog.pursuitus.com/feed
[2026-01-23 06:39:59] - https://tcxx.info/feed
[2026-01-23 06:39:59] - https://tumutanzi.com/feed
[2026-01-23 06:39:59] - https://geekinney.com/index.xml
[2026-01-23 06:39:59] ✘ 有 3 条订阅头像无法访问, 已使用默认头像:
[2026-01-23 06:39:59] - https://oba.by/feed
[2026-01-23 06:39:59] - https://www.laruence.com/feed
[2026-01-23 06:39:59] - http://feeds.feedburner.com/ruanyifeng
[2026-01-23 07:28:54] 本次订阅抓取结果统计:
[2026-01-23 07:28:54] 共 28 条RSS, 成功抓取 24 条.
[2026-01-23 07:28:54] ✘ 有 4 条订阅解析失败:
[2026-01-23 07:28:54] - https://blog.pursuitus.com/feed
[2026-01-23 07:28:54] - https://tcxx.info/feed
[2026-01-23 07:28:54] - https://tumutanzi.com/feed
[2026-01-23 07:28:54] - https://geekinney.com/index.xml
[2026-01-23 07:28:54] ✘ 有 3 条订阅头像无法访问, 已使用默认头像:
[2026-01-23 07:28:54] - https://oba.by/feed
[2026-01-23 07:28:54] - http://feeds.feedburner.com/ruanyifeng
[2026-01-23 07:28:54] - https://www.laruence.com/feed
[2026-01-23 08:35:35] 本次订阅抓取结果统计:
[2026-01-23 08:35:35] 共 28 条RSS, 成功抓取 24 条.
[2026-01-23 08:35:35] ✘ 有 4 条订阅解析失败:
[2026-01-23 08:35:35] - https://blog.pursuitus.com/feed
[2026-01-23 08:35:35] - https://tcxx.info/feed
[2026-01-23 08:35:35] - https://tumutanzi.com/feed
[2026-01-23 08:35:35] - https://geekinney.com/index.xml
[2026-01-23 08:35:35] ✘ 有 3 条订阅头像无法访问, 已使用默认头像:
[2026-01-23 08:35:35] - https://oba.by/feed
[2026-01-23 08:35:35] - http://feeds.feedburner.com/ruanyifeng
[2026-01-23 08:35:35] - https://www.laruence.com/feed
[2026-01-23 09:34:33] 本次订阅抓取结果统计:
[2026-01-23 09:34:33] 共 28 条RSS, 成功抓取 24 条.
[2026-01-23 09:34:33] ✘ 有 4 条订阅解析失败:
[2026-01-23 09:34:33] - https://blog.pursuitus.com/feed
[2026-01-23 09:34:33] - https://tcxx.info/feed
[2026-01-23 09:34:33] - https://tumutanzi.com/feed
[2026-01-23 09:34:33] - https://geekinney.com/index.xml
[2026-01-23 09:34:33] ✘ 有 4 条订阅头像无法访问, 已使用默认头像:
[2026-01-23 09:34:33] - https://oba.by/feed
[2026-01-23 09:34:33] - http://feeds.feedburner.com/ruanyifeng
[2026-01-23 09:34:33] - https://www.laruence.com/feed
[2026-01-23 09:34:33] - https://xyzbz.cn/feed
[2026-01-23 10:29:25] 本次订阅抓取结果统计:
[2026-01-23 10:29:25] 共 28 条RSS, 成功抓取 24 条.
[2026-01-23 10:29:25] ✘ 有 4 条订阅解析失败:
[2026-01-23 10:29:25] - https://blog.pursuitus.com/feed
[2026-01-23 10:29:25] - https://tcxx.info/feed
[2026-01-23 10:29:25] - https://tumutanzi.com/feed
[2026-01-23 10:29:25] - https://geekinney.com/index.xml
[2026-01-23 10:29:25] ✘ 有 3 条订阅头像无法访问, 已使用默认头像:
[2026-01-23 10:29:25] - https://oba.by/feed
[2026-01-23 10:29:25] - http://feeds.feedburner.com/ruanyifeng
[2026-01-23 10:29:25] - https://www.laruence.com/feed
