[2026-06-30 00:09:23] 本次订阅抓取结果统计:
[2026-06-30 00:09:23] 共 28 条RSS, 成功抓取 24 条.
[2026-06-30 00:09:23] ✘ 有 4 条订阅解析失败:
[2026-06-30 00:09:23] - https://blog.pursuitus.com/feed
[2026-06-30 00:09:23] - https://www.shephe.com/feed
[2026-06-30 00:09:23] - https://geekinney.com/index.xml
[2026-06-30 00:09:23] - https://tcxx.info/feed
[2026-06-30 00:09:23] ✘ 有 3 条订阅头像无法访问, 已使用默认头像:
[2026-06-30 00:09:23] - https://www.loyhome.com/feed
[2026-06-30 00:09:23] - https://xyzbz.cn/feed
[2026-06-30 00:09:23] - http://feeds.feedburner.com/ruanyifeng
[2026-06-30 05:06:37] 本次订阅抓取结果统计:
[2026-06-30 05:06:37] 共 28 条RSS, 成功抓取 24 条.
[2026-06-30 05:06:37] ✘ 有 4 条订阅解析失败:
[2026-06-30 05:06:37] - https://blog.pursuitus.com/feed
[2026-06-30 05:06:37] - https://geekinney.com/index.xml
[2026-06-30 05:06:37] - https://tcxx.info/feed
[2026-06-30 05:06:37] - https://www.shephe.com/feed
[2026-06-30 05:06:37] ✘ 有 3 条订阅头像无法访问, 已使用默认头像:
[2026-06-30 05:06:37] - https://www.loyhome.com/feed
[2026-06-30 05:06:37] - http://feeds.feedburner.com/ruanyifeng
[2026-06-30 05:06:37] - https://xyzbz.cn/feed
[2026-06-30 09:42:17] 本次订阅抓取结果统计:
[2026-06-30 09:42:17] 共 28 条RSS, 成功抓取 24 条.
[2026-06-30 09:42:17] ✘ 有 4 条订阅解析失败:
[2026-06-30 09:42:17] - https://blog.pursuitus.com/feed
[2026-06-30 09:42:17] - https://geekinney.com/index.xml
[2026-06-30 09:42:17] - https://tcxx.info/feed
[2026-06-30 09:42:17] - https://www.shephe.com/feed
[2026-06-30 09:42:17] ✘ 有 3 条订阅头像无法访问, 已使用默认头像:
[2026-06-30 09:42:17] - https://www.loyhome.com/feed
[2026-06-30 09:42:17] - http://feeds.feedburner.com/ruanyifeng
[2026-06-30 09:42:17] - https://xyzbz.cn/feed
[2026-06-30 12:11:44] 本次订阅抓取结果统计:
[2026-06-30 12:11:44] 共 28 条RSS, 成功抓取 24 条.
[2026-06-30 12:11:44] ✘ 有 4 条订阅解析失败:
[2026-06-30 12:11:44] - https://blog.pursuitus.com/feed
[2026-06-30 12:11:44] - https://geekinney.com/index.xml
[2026-06-30 12:11:44] - https://tcxx.info/feed
[2026-06-30 12:11:44] - https://www.shephe.com/feed
[2026-06-30 12:11:44] ✘ 有 3 条订阅头像无法访问, 已使用默认头像:
[2026-06-30 12:11:44] - https://www.loyhome.com/feed
[2026-06-30 12:11:44] - http://feeds.feedburner.com/ruanyifeng
[2026-06-30 12:11:44] - https://xyzbz.cn/feed
[2026-06-30 15:31:08] 本次订阅抓取结果统计:
[2026-06-30 15:31:08] 共 28 条RSS, 成功抓取 24 条.
[2026-06-30 15:31:08] ✘ 有 4 条订阅解析失败:
[2026-06-30 15:31:08] - https://blog.pursuitus.com/feed
[2026-06-30 15:31:08] - https://geekinney.com/index.xml
[2026-06-30 15:31:08] - https://tcxx.info/feed
[2026-06-30 15:31:08] - https://www.shephe.com/feed
[2026-06-30 15:31:08] ✘ 有 3 条订阅头像无法访问, 已使用默认头像:
[2026-06-30 15:31:08] - https://www.loyhome.com/feed
[2026-06-30 15:31:08] - http://feeds.feedburner.com/ruanyifeng
[2026-06-30 15:31:08] - https://xyzbz.cn/feed
[2026-06-30 17:58:34] 本次订阅抓取结果统计:
[2026-06-30 17:58:34] 共 28 条RSS, 成功抓取 23 条.
[2026-06-30 17:58:34] ✘ 有 5 条订阅解析失败:
[2026-06-30 17:58:34] - https://blog.pursuitus.com/feed
[2026-06-30 17:58:34] - https://geekinney.com/index.xml
[2026-06-30 17:58:34] - https://blog.yanqingshan.com/feed
[2026-06-30 17:58:34] - https://www.shephe.com/feed
[2026-06-30 17:58:34] - https://tcxx.info/feed
[2026-06-30 17:58:34] ✘ 有 5 条订阅头像无法访问, 已使用默认头像:
[2026-06-30 17:58:34] - https://blog.zhheo.com/rss.xml
[2026-06-30 17:58:34] - https://hwv430.blogspot.com/feeds/posts/default
[2026-06-30 17:58:34] - https://www.loyhome.com/feed
[2026-06-30 17:58:34] - https://xyzbz.cn/feed
[2026-06-30 17:58:34] - http://feeds.feedburner.com/ruanyifeng
[2026-06-30 20:10:04] 本次订阅抓取结果统计:
[2026-06-30 20:10:04] 共 28 条RSS, 成功抓取 23 条.
[2026-06-30 20:10:04] ✘ 有 5 条订阅解析失败:
[2026-06-30 20:10:04] - https://blog.pursuitus.com/feed
[2026-06-30 20:10:04] - https://www.shephe.com/feed
[2026-06-30 20:10:04] - https://geekinney.com/index.xml
[2026-06-30 20:10:04] - https://tcxx.info/feed
[2026-06-30 20:10:04] - https://tumutanzi.com/feed
[2026-06-30 20:10:04] ✘ 有 3 条订阅头像无法访问, 已使用默认头像:
[2026-06-30 20:10:04] - https://www.loyhome.com/feed
[2026-06-30 20:10:04] - https://xyzbz.cn/feed
[2026-06-30 20:10:04] - http://feeds.feedburner.com/ruanyifeng
[2026-06-30 22:16:59] 本次订阅抓取结果统计:
[2026-06-30 22:16:59] 共 28 条RSS, 成功抓取 24 条.
[2026-06-30 22:16:59] ✘ 有 4 条订阅解析失败:
[2026-06-30 22:16:59] - https://blog.pursuitus.com/feed
[2026-06-30 22:16:59] - https://geekinney.com/index.xml
[2026-06-30 22:16:59] - https://www.shephe.com/feed
[2026-06-30 22:16:59] - https://tcxx.info/feed
[2026-06-30 22:16:59] ✘ 有 4 条订阅头像无法访问, 已使用默认头像:
[2026-06-30 22:16:59] - https://xyzbz.cn/feed
[2026-06-30 22:16:59] - http://feeds.feedburner.com/ruanyifeng
[2026-06-30 22:16:59] - https://www.loyhome.com/feed
[2026-06-30 22:16:59] - https://blog.yanqingshan.com/feed
