[2026-02-16 02:32:53] 本次订阅抓取结果统计:
[2026-02-16 02:32:53] 共 28 条RSS, 成功抓取 24 条.
[2026-02-16 02:32:53] ✘ 有 4 条订阅解析失败:
[2026-02-16 02:32:53] - https://blog.pursuitus.com/feed
[2026-02-16 02:32:53] - https://tumutanzi.com/feed
[2026-02-16 02:32:53] - https://tcxx.info/feed
[2026-02-16 02:32:53] - https://geekinney.com/index.xml
[2026-02-16 02:32:53] ✘ 有 1 条订阅头像无法访问, 已使用默认头像:
[2026-02-16 02:32:53] - http://feeds.feedburner.com/ruanyifeng
[2026-02-16 05:02:00] 本次订阅抓取结果统计:
[2026-02-16 05:02:00] 共 28 条RSS, 成功抓取 24 条.
[2026-02-16 05:02:00] ✘ 有 4 条订阅解析失败:
[2026-02-16 05:02:00] - https://blog.pursuitus.com/feed
[2026-02-16 05:02:00] - https://tcxx.info/feed
[2026-02-16 05:02:00] - https://tumutanzi.com/feed
[2026-02-16 05:02:00] - https://geekinney.com/index.xml
[2026-02-16 05:02:00] ✘ 有 1 条订阅头像无法访问, 已使用默认头像:
[2026-02-16 05:02:00] - http://feeds.feedburner.com/ruanyifeng
[2026-02-16 07:08:20] 本次订阅抓取结果统计:
[2026-02-16 07:08:20] 共 28 条RSS, 成功抓取 24 条.
[2026-02-16 07:08:20] ✘ 有 4 条订阅解析失败:
[2026-02-16 07:08:20] - https://blog.pursuitus.com/feed
[2026-02-16 07:08:20] - https://tcxx.info/feed
[2026-02-16 07:08:20] - https://tumutanzi.com/feed
[2026-02-16 07:08:20] - https://geekinney.com/index.xml
[2026-02-16 07:08:20] ✘ 有 2 条订阅头像无法访问, 已使用默认头像:
[2026-02-16 07:08:20] - http://feeds.feedburner.com/ruanyifeng
[2026-02-16 07:08:20] - https://xyzbz.cn/feed
[2026-02-16 08:54:18] 本次订阅抓取结果统计:
[2026-02-16 08:54:18] 共 28 条RSS, 成功抓取 24 条.
[2026-02-16 08:54:18] ✘ 有 4 条订阅解析失败:
[2026-02-16 08:54:18] - https://blog.pursuitus.com/feed
[2026-02-16 08:54:18] - https://tcxx.info/feed
[2026-02-16 08:54:18] - https://tumutanzi.com/feed
[2026-02-16 08:54:18] - https://geekinney.com/index.xml
[2026-02-16 08:54:18] ✘ 有 1 条订阅头像无法访问, 已使用默认头像:
[2026-02-16 08:54:18] - http://feeds.feedburner.com/ruanyifeng
[2026-02-16 09:58:30] 本次订阅抓取结果统计:
[2026-02-16 09:58:30] 共 28 条RSS, 成功抓取 24 条.
[2026-02-16 09:58:30] ✘ 有 4 条订阅解析失败:
[2026-02-16 09:58:30] - https://blog.pursuitus.com/feed
[2026-02-16 09:58:30] - https://tcxx.info/feed
[2026-02-16 09:58:30] - https://tumutanzi.com/feed
[2026-02-16 09:58:30] - https://geekinney.com/index.xml
[2026-02-16 09:58:30] ✘ 有 1 条订阅头像无法访问, 已使用默认头像:
[2026-02-16 09:58:30] - http://feeds.feedburner.com/ruanyifeng
[2026-02-16 10:58:30] 本次订阅抓取结果统计:
[2026-02-16 10:58:30] 共 28 条RSS, 成功抓取 24 条.
[2026-02-16 10:58:30] ✘ 有 4 条订阅解析失败:
[2026-02-16 10:58:30] - https://blog.pursuitus.com/feed
[2026-02-16 10:58:30] - https://tcxx.info/feed
[2026-02-16 10:58:30] - https://tumutanzi.com/feed
[2026-02-16 10:58:30] - https://geekinney.com/index.xml
[2026-02-16 10:58:30] ✘ 有 2 条订阅头像无法访问, 已使用默认头像:
[2026-02-16 10:58:30] - http://feeds.feedburner.com/ruanyifeng
[2026-02-16 10:58:30] - https://xyzbz.cn/feed
[2026-02-16 11:47:52] 本次订阅抓取结果统计:
[2026-02-16 11:47:52] 共 28 条RSS, 成功抓取 24 条.
[2026-02-16 11:47:52] ✘ 有 4 条订阅解析失败:
[2026-02-16 11:47:52] - https://blog.pursuitus.com/feed
[2026-02-16 11:47:52] - https://tumutanzi.com/feed
[2026-02-16 11:47:52] - https://tcxx.info/feed
[2026-02-16 11:47:52] - https://geekinney.com/index.xml
[2026-02-16 11:47:52] ✘ 有 1 条订阅头像无法访问, 已使用默认头像:
[2026-02-16 11:47:52] - http://feeds.feedburner.com/ruanyifeng
[2026-02-16 13:12:11] 本次订阅抓取结果统计:
[2026-02-16 13:12:11] 共 28 条RSS, 成功抓取 23 条.
[2026-02-16 13:12:11] ✘ 有 5 条订阅解析失败:
[2026-02-16 13:12:11] - https://blog.pursuitus.com/feed
[2026-02-16 13:12:11] - https://tcxx.info/feed
[2026-02-16 13:12:11] - https://tumutanzi.com/feed
[2026-02-16 13:12:11] - https://geekinney.com/index.xml
[2026-02-16 13:12:11] - https://wangpei.net/feed
[2026-02-16 13:12:11] ✘ 有 1 条订阅头像无法访问, 已使用默认头像:
[2026-02-16 13:12:11] - http://feeds.feedburner.com/ruanyifeng
[2026-02-16 14:44:42] 本次订阅抓取结果统计:
[2026-02-16 14:44:42] 共 28 条RSS, 成功抓取 24 条.
[2026-02-16 14:44:42] ✘ 有 4 条订阅解析失败:
[2026-02-16 14:44:42] - https://blog.pursuitus.com/feed
[2026-02-16 14:44:42] - https://tcxx.info/feed
[2026-02-16 14:44:42] - https://tumutanzi.com/feed
[2026-02-16 14:44:42] - https://geekinney.com/index.xml
[2026-02-16 14:44:42] ✘ 有 1 条订阅头像无法访问, 已使用默认头像:
[2026-02-16 14:44:42] - http://feeds.feedburner.com/ruanyifeng
[2026-02-16 15:44:08] 本次订阅抓取结果统计:
[2026-02-16 15:44:08] 共 28 条RSS, 成功抓取 24 条.
[2026-02-16 15:44:08] ✘ 有 4 条订阅解析失败:
[2026-02-16 15:44:08] - https://blog.pursuitus.com/feed
[2026-02-16 15:44:08] - https://tcxx.info/feed
[2026-02-16 15:44:08] - https://tumutanzi.com/feed
[2026-02-16 15:44:08] - https://geekinney.com/index.xml
[2026-02-16 15:44:08] ✘ 有 1 条订阅头像无法访问, 已使用默认头像:
[2026-02-16 15:44:08] - http://feeds.feedburner.com/ruanyifeng
[2026-02-16 16:51:28] 本次订阅抓取结果统计:
[2026-02-16 16:51:28] 共 28 条RSS, 成功抓取 24 条.
[2026-02-16 16:51:28] ✘ 有 4 条订阅解析失败:
[2026-02-16 16:51:28] - https://blog.pursuitus.com/feed
[2026-02-16 16:51:28] - https://tcxx.info/feed
[2026-02-16 16:51:28] - https://tumutanzi.com/feed
[2026-02-16 16:51:28] - https://geekinney.com/index.xml
[2026-02-16 16:51:28] ✘ 有 2 条订阅头像无法访问, 已使用默认头像:
[2026-02-16 16:51:28] - http://feeds.feedburner.com/ruanyifeng
[2026-02-16 16:51:28] - https://xyzbz.cn/feed
[2026-02-16 17:40:29] 本次订阅抓取结果统计:
[2026-02-16 17:40:29] 共 28 条RSS, 成功抓取 23 条.
[2026-02-16 17:40:29] ✘ 有 5 条订阅解析失败:
[2026-02-16 17:40:29] - https://blog.pursuitus.com/feed
[2026-02-16 17:40:29] - https://tcxx.info/feed
[2026-02-16 17:40:29] - https://tumutanzi.com/feed
[2026-02-16 17:40:29] - https://geekinney.com/index.xml
[2026-02-16 17:40:29] - https://wangpei.net/feed
[2026-02-16 17:40:29] ✘ 有 1 条订阅头像无法访问, 已使用默认头像:
[2026-02-16 17:40:29] - http://feeds.feedburner.com/ruanyifeng
[2026-02-16 18:50:23] 本次订阅抓取结果统计:
[2026-02-16 18:50:23] 共 28 条RSS, 成功抓取 24 条.
[2026-02-16 18:50:23] ✘ 有 4 条订阅解析失败:
[2026-02-16 18:50:23] - https://blog.pursuitus.com/feed
[2026-02-16 18:50:23] - https://tumutanzi.com/feed
[2026-02-16 18:50:23] - https://tcxx.info/feed
[2026-02-16 18:50:23] - https://geekinney.com/index.xml
[2026-02-16 18:50:23] ✘ 有 1 条订阅头像无法访问, 已使用默认头像:
[2026-02-16 18:50:23] - http://feeds.feedburner.com/ruanyifeng
[2026-02-16 19:34:16] 本次订阅抓取结果统计:
[2026-02-16 19:34:16] 共 28 条RSS, 成功抓取 24 条.
[2026-02-16 19:34:16] ✘ 有 4 条订阅解析失败:
[2026-02-16 19:34:16] - https://blog.pursuitus.com/feed
[2026-02-16 19:34:16] - https://tcxx.info/feed
[2026-02-16 19:34:16] - https://tumutanzi.com/feed
[2026-02-16 19:34:16] - https://geekinney.com/index.xml
[2026-02-16 19:34:16] ✘ 有 1 条订阅头像无法访问, 已使用默认头像:
[2026-02-16 19:34:16] - http://feeds.feedburner.com/ruanyifeng
[2026-02-16 20:37:03] 本次订阅抓取结果统计:
[2026-02-16 20:37:03] 共 28 条RSS, 成功抓取 23 条.
[2026-02-16 20:37:03] ✘ 有 5 条订阅解析失败:
[2026-02-16 20:37:03] - https://blog.pursuitus.com/feed
[2026-02-16 20:37:03] - https://geekinney.com/index.xml
[2026-02-16 20:37:03] - https://tumutanzi.com/feed
[2026-02-16 20:37:03] - https://tcxx.info/feed
[2026-02-16 20:37:03] - https://www.loyhome.com/feed
[2026-02-16 20:37:03] ✘ 有 2 条订阅头像无法访问, 已使用默认头像:
[2026-02-16 20:37:03] - https://yihui.org/index.xml
[2026-02-16 20:37:03] - http://feeds.feedburner.com/ruanyifeng
[2026-02-16 21:32:27] 本次订阅抓取结果统计:
[2026-02-16 21:32:27] 共 28 条RSS, 成功抓取 24 条.
[2026-02-16 21:32:27] ✘ 有 4 条订阅解析失败:
[2026-02-16 21:32:27] - https://blog.pursuitus.com/feed
[2026-02-16 21:32:27] - https://tcxx.info/feed
[2026-02-16 21:32:27] - https://geekinney.com/index.xml
[2026-02-16 21:32:27] - https://tumutanzi.com/feed
[2026-02-16 21:32:27] ✘ 有 1 条订阅头像无法访问, 已使用默认头像:
[2026-02-16 21:32:27] - http://feeds.feedburner.com/ruanyifeng
[2026-02-16 22:32:55] 本次订阅抓取结果统计:
[2026-02-16 22:32:55] 共 28 条RSS, 成功抓取 24 条.
[2026-02-16 22:32:55] ✘ 有 4 条订阅解析失败:
[2026-02-16 22:32:55] - https://blog.pursuitus.com/feed
[2026-02-16 22:32:55] - https://tumutanzi.com/feed
[2026-02-16 22:32:55] - https://tcxx.info/feed
[2026-02-16 22:32:55] - https://geekinney.com/index.xml
[2026-02-16 22:32:55] ✘ 有 1 条订阅头像无法访问, 已使用默认头像:
[2026-02-16 22:32:55] - http://feeds.feedburner.com/ruanyifeng
[2026-02-16 23:33:06] 本次订阅抓取结果统计:
[2026-02-16 23:33:06] 共 28 条RSS, 成功抓取 24 条.
[2026-02-16 23:33:06] ✘ 有 4 条订阅解析失败:
[2026-02-16 23:33:06] - https://blog.pursuitus.com/feed
[2026-02-16 23:33:06] - https://tcxx.info/feed
[2026-02-16 23:33:06] - https://tumutanzi.com/feed
[2026-02-16 23:33:06] - https://geekinney.com/index.xml
[2026-02-16 23:33:06] ✘ 有 1 条订阅头像无法访问, 已使用默认头像:
[2026-02-16 23:33:06] - http://feeds.feedburner.com/ruanyifeng
