[2026-04-15 02:49:57] 本次订阅抓取结果统计:
[2026-04-15 02:49:57] 共 28 条RSS, 成功抓取 23 条.
[2026-04-15 02:49:57] ✘ 有 5 条订阅解析失败:
[2026-04-15 02:49:57] - https://blog.pursuitus.com/feed
[2026-04-15 02:49:57] - https://geekinney.com/index.xml
[2026-04-15 02:49:57] - https://tcxx.info/feed
[2026-04-15 02:49:57] - https://tumutanzi.com/feed
[2026-04-15 02:49:57] - https://www.shephe.com/feed
[2026-04-15 02:49:57] ✘ 有 2 条订阅头像无法访问, 已使用默认头像:
[2026-04-15 02:49:57] - https://www.loyhome.com/feed
[2026-04-15 02:49:57] - http://feeds.feedburner.com/ruanyifeng
[2026-04-15 05:27:58] 本次订阅抓取结果统计:
[2026-04-15 05:27:58] 共 28 条RSS, 成功抓取 23 条.
[2026-04-15 05:27:58] ✘ 有 5 条订阅解析失败:
[2026-04-15 05:27:58] - https://blog.pursuitus.com/feed
[2026-04-15 05:27:58] - https://geekinney.com/index.xml
[2026-04-15 05:27:58] - https://tcxx.info/feed
[2026-04-15 05:27:58] - https://tumutanzi.com/feed
[2026-04-15 05:27:58] - https://www.shephe.com/feed
[2026-04-15 05:27:58] ✘ 有 3 条订阅头像无法访问, 已使用默认头像:
[2026-04-15 05:27:58] - https://www.loyhome.com/feed
[2026-04-15 05:27:58] - http://feeds.feedburner.com/ruanyifeng
[2026-04-15 05:27:58] - https://xyzbz.cn/feed
