[2026-07-23 03:13:18] 本次订阅抓取结果统计:
[2026-07-23 03:13:18] 共 28 条RSS, 成功抓取 25 条.
[2026-07-23 03:13:18] ✘ 有 3 条订阅解析失败:
[2026-07-23 03:13:18] - https://geekinney.com/index.xml
[2026-07-23 03:13:18] - https://tcxx.info/feed
[2026-07-23 03:13:18] - https://www.shephe.com/feed
[2026-07-23 03:13:18] ✘ 有 2 条订阅头像无法访问, 已使用默认头像:
[2026-07-23 03:13:18] - https://www.loyhome.com/feed
[2026-07-23 03:13:18] - http://feeds.feedburner.com/ruanyifeng
[2026-07-23 06:32:25] 本次订阅抓取结果统计:
[2026-07-23 06:32:25] 共 28 条RSS, 成功抓取 24 条.
[2026-07-23 06:32:25] ✘ 有 4 条订阅解析失败:
[2026-07-23 06:32:25] - https://tcxx.info/feed
[2026-07-23 06:32:25] - https://geekinney.com/index.xml
[2026-07-23 06:32:25] - https://tumutanzi.com/feed
[2026-07-23 06:32:25] - https://www.shephe.com/feed
[2026-07-23 06:32:25] ✘ 有 2 条订阅头像无法访问, 已使用默认头像:
[2026-07-23 06:32:25] - https://www.loyhome.com/feed
[2026-07-23 06:32:25] - http://feeds.feedburner.com/ruanyifeng
[2026-07-23 09:25:42] 本次订阅抓取结果统计:
[2026-07-23 09:25:42] 共 28 条RSS, 成功抓取 25 条.
[2026-07-23 09:25:42] ✘ 有 3 条订阅解析失败:
[2026-07-23 09:25:42] - https://geekinney.com/index.xml
[2026-07-23 09:25:42] - https://tcxx.info/feed
[2026-07-23 09:25:42] - https://www.shephe.com/feed
[2026-07-23 09:25:42] ✘ 有 2 条订阅头像无法访问, 已使用默认头像:
[2026-07-23 09:25:42] - https://www.loyhome.com/feed
[2026-07-23 09:25:42] - http://feeds.feedburner.com/ruanyifeng
[2026-07-23 11:51:46] 本次订阅抓取结果统计:
[2026-07-23 11:51:46] 共 28 条RSS, 成功抓取 25 条.
[2026-07-23 11:51:46] ✘ 有 3 条订阅解析失败:
[2026-07-23 11:51:46] - https://geekinney.com/index.xml
[2026-07-23 11:51:46] - https://tcxx.info/feed
[2026-07-23 11:51:46] - https://www.shephe.com/feed
[2026-07-23 11:51:46] ✘ 有 2 条订阅头像无法访问, 已使用默认头像:
[2026-07-23 11:51:46] - https://www.loyhome.com/feed
[2026-07-23 11:51:46] - http://feeds.feedburner.com/ruanyifeng
[2026-07-23 14:07:32] 本次订阅抓取结果统计:
[2026-07-23 14:07:32] 共 28 条RSS, 成功抓取 25 条.
[2026-07-23 14:07:32] ✘ 有 3 条订阅解析失败:
[2026-07-23 14:07:32] - https://geekinney.com/index.xml
[2026-07-23 14:07:32] - https://tcxx.info/feed
[2026-07-23 14:07:32] - https://www.shephe.com/feed
[2026-07-23 14:07:32] ✘ 有 2 条订阅头像无法访问, 已使用默认头像:
[2026-07-23 14:07:32] - https://www.loyhome.com/feed
[2026-07-23 14:07:32] - http://feeds.feedburner.com/ruanyifeng
[2026-07-23 16:38:00] 本次订阅抓取结果统计:
[2026-07-23 16:38:00] 共 28 条RSS, 成功抓取 25 条.
[2026-07-23 16:38:00] ✘ 有 3 条订阅解析失败:
[2026-07-23 16:38:00] - https://geekinney.com/index.xml
[2026-07-23 16:38:00] - https://tcxx.info/feed
[2026-07-23 16:38:00] - https://www.shephe.com/feed
[2026-07-23 16:38:00] ✘ 有 2 条订阅头像无法访问, 已使用默认头像:
[2026-07-23 16:38:00] - https://www.loyhome.com/feed
[2026-07-23 16:38:00] - http://feeds.feedburner.com/ruanyifeng
[2026-07-23 18:14:50] 本次订阅抓取结果统计:
[2026-07-23 18:14:50] 共 28 条RSS, 成功抓取 25 条.
[2026-07-23 18:14:50] ✘ 有 3 条订阅解析失败:
[2026-07-23 18:14:50] - https://geekinney.com/index.xml
[2026-07-23 18:14:50] - https://tcxx.info/feed
[2026-07-23 18:14:50] - https://www.shephe.com/feed
[2026-07-23 18:14:50] ✘ 有 2 条订阅头像无法访问, 已使用默认头像:
[2026-07-23 18:14:50] - https://www.loyhome.com/feed
[2026-07-23 18:14:50] - http://feeds.feedburner.com/ruanyifeng
[2026-07-23 20:15:22] 本次订阅抓取结果统计:
[2026-07-23 20:15:22] 共 28 条RSS, 成功抓取 25 条.
[2026-07-23 20:15:22] ✘ 有 3 条订阅解析失败:
[2026-07-23 20:15:22] - https://geekinney.com/index.xml
[2026-07-23 20:15:22] - https://tcxx.info/feed
[2026-07-23 20:15:22] - https://www.shephe.com/feed
[2026-07-23 20:15:22] ✘ 有 2 条订阅头像无法访问, 已使用默认头像:
[2026-07-23 20:15:22] - https://www.loyhome.com/feed
[2026-07-23 20:15:22] - http://feeds.feedburner.com/ruanyifeng
