[2026-03-29 02:46:30] 本次订阅抓取结果统计:
[2026-03-29 02:46:30] 共 28 条RSS, 成功抓取 24 条.
[2026-03-29 02:46:30] ✘ 有 4 条订阅解析失败:
[2026-03-29 02:46:30] - https://blog.pursuitus.com/feed
[2026-03-29 02:46:30] - https://geekinney.com/index.xml
[2026-03-29 02:46:30] - https://tcxx.info/feed
[2026-03-29 02:46:30] - https://tumutanzi.com/feed
[2026-03-29 02:46:30] ✘ 有 1 条订阅头像无法访问, 已使用默认头像:
[2026-03-29 02:46:30] - http://feeds.feedburner.com/ruanyifeng
[2026-03-29 05:13:52] 本次订阅抓取结果统计:
[2026-03-29 05:13:52] 共 28 条RSS, 成功抓取 24 条.
[2026-03-29 05:13:52] ✘ 有 4 条订阅解析失败:
[2026-03-29 05:13:52] - https://blog.pursuitus.com/feed
[2026-03-29 05:13:52] - https://geekinney.com/index.xml
[2026-03-29 05:13:52] - https://tcxx.info/feed
[2026-03-29 05:13:52] - https://tumutanzi.com/feed
[2026-03-29 05:13:52] ✘ 有 1 条订阅头像无法访问, 已使用默认头像:
[2026-03-29 05:13:52] - http://feeds.feedburner.com/ruanyifeng
[2026-03-29 07:10:08] 本次订阅抓取结果统计:
[2026-03-29 07:10:08] 共 28 条RSS, 成功抓取 24 条.
[2026-03-29 07:10:08] ✘ 有 4 条订阅解析失败:
[2026-03-29 07:10:08] - https://blog.pursuitus.com/feed
[2026-03-29 07:10:08] - https://geekinney.com/index.xml
[2026-03-29 07:10:08] - https://tumutanzi.com/feed
[2026-03-29 07:10:08] - https://tcxx.info/feed
[2026-03-29 07:10:08] ✘ 有 2 条订阅头像无法访问, 已使用默认头像:
[2026-03-29 07:10:08] - https://www.loyhome.com/feed
[2026-03-29 07:10:08] - http://feeds.feedburner.com/ruanyifeng
[2026-03-29 08:45:31] 本次订阅抓取结果统计:
[2026-03-29 08:45:31] 共 28 条RSS, 成功抓取 23 条.
[2026-03-29 08:45:31] ✘ 有 5 条订阅解析失败:
[2026-03-29 08:45:31] - https://blog.pursuitus.com/feed
[2026-03-29 08:45:31] - https://geekinney.com/index.xml
[2026-03-29 08:45:31] - https://tcxx.info/feed
[2026-03-29 08:45:31] - https://tumutanzi.com/feed
[2026-03-29 08:45:31] - https://ihaihe.cn/feed
[2026-03-29 08:45:31] ✘ 有 2 条订阅头像无法访问, 已使用默认头像:
[2026-03-29 08:45:31] - http://feeds.feedburner.com/ruanyifeng
[2026-03-29 08:45:31] - https://www.loyhome.com/feed
[2026-03-29 09:41:15] 本次订阅抓取结果统计:
[2026-03-29 09:41:15] 共 28 条RSS, 成功抓取 23 条.
[2026-03-29 09:41:15] ✘ 有 5 条订阅解析失败:
[2026-03-29 09:41:15] - https://blog.pursuitus.com/feed
[2026-03-29 09:41:15] - https://geekinney.com/index.xml
[2026-03-29 09:41:15] - https://tcxx.info/feed
[2026-03-29 09:41:15] - https://tumutanzi.com/feed
[2026-03-29 09:41:15] - https://ihaihe.cn/feed
[2026-03-29 09:41:15] ✘ 有 1 条订阅头像无法访问, 已使用默认头像:
[2026-03-29 09:41:15] - http://feeds.feedburner.com/ruanyifeng
[2026-03-29 10:38:44] 本次订阅抓取结果统计:
[2026-03-29 10:38:44] 共 28 条RSS, 成功抓取 23 条.
[2026-03-29 10:38:44] ✘ 有 5 条订阅解析失败:
[2026-03-29 10:38:44] - https://blog.pursuitus.com/feed
[2026-03-29 10:38:44] - https://geekinney.com/index.xml
[2026-03-29 10:38:44] - https://ihaihe.cn/feed
[2026-03-29 10:38:44] - https://tcxx.info/feed
[2026-03-29 10:38:44] - https://tumutanzi.com/feed
[2026-03-29 10:38:44] ✘ 有 2 条订阅头像无法访问, 已使用默认头像:
[2026-03-29 10:38:44] - https://www.loyhome.com/feed
[2026-03-29 10:38:44] - http://feeds.feedburner.com/ruanyifeng
[2026-03-29 11:33:07] 本次订阅抓取结果统计:
[2026-03-29 11:33:07] 共 28 条RSS, 成功抓取 23 条.
[2026-03-29 11:33:07] ✘ 有 5 条订阅解析失败:
[2026-03-29 11:33:07] - https://blog.pursuitus.com/feed
[2026-03-29 11:33:07] - https://geekinney.com/index.xml
[2026-03-29 11:33:07] - https://tcxx.info/feed
[2026-03-29 11:33:07] - https://tumutanzi.com/feed
[2026-03-29 11:33:07] - https://ihaihe.cn/feed
[2026-03-29 11:33:07] ✘ 有 1 条订阅头像无法访问, 已使用默认头像:
[2026-03-29 11:33:07] - http://feeds.feedburner.com/ruanyifeng
[2026-03-29 13:03:30] 本次订阅抓取结果统计:
[2026-03-29 13:03:30] 共 28 条RSS, 成功抓取 24 条.
[2026-03-29 13:03:30] ✘ 有 4 条订阅解析失败:
[2026-03-29 13:03:30] - https://blog.pursuitus.com/feed
[2026-03-29 13:03:30] - https://geekinney.com/index.xml
[2026-03-29 13:03:30] - https://tcxx.info/feed
[2026-03-29 13:03:30] - https://tumutanzi.com/feed
[2026-03-29 13:03:30] ✘ 有 2 条订阅头像无法访问, 已使用默认头像:
[2026-03-29 13:03:30] - http://feeds.feedburner.com/ruanyifeng
[2026-03-29 13:03:30] - https://xyzbz.cn/feed
[2026-03-29 14:36:36] 本次订阅抓取结果统计:
[2026-03-29 14:36:36] 共 28 条RSS, 成功抓取 23 条.
[2026-03-29 14:36:36] ✘ 有 5 条订阅解析失败:
[2026-03-29 14:36:36] - https://blog.pursuitus.com/feed
[2026-03-29 14:36:36] - https://geekinney.com/index.xml
[2026-03-29 14:36:36] - https://tcxx.info/feed
[2026-03-29 14:36:36] - https://blog.ursb.me/feed.xml
[2026-03-29 14:36:36] - https://tumutanzi.com/feed
[2026-03-29 14:36:36] ✘ 有 1 条订阅头像无法访问, 已使用默认头像:
[2026-03-29 14:36:36] - http://feeds.feedburner.com/ruanyifeng
[2026-03-29 15:36:14] 本次订阅抓取结果统计:
[2026-03-29 15:36:14] 共 28 条RSS, 成功抓取 24 条.
[2026-03-29 15:36:14] ✘ 有 4 条订阅解析失败:
[2026-03-29 15:36:14] - https://blog.pursuitus.com/feed
[2026-03-29 15:36:14] - https://tcxx.info/feed
[2026-03-29 15:36:14] - https://tumutanzi.com/feed
[2026-03-29 15:36:14] - https://geekinney.com/index.xml
[2026-03-29 15:36:14] ✘ 有 1 条订阅头像无法访问, 已使用默认头像:
[2026-03-29 15:36:14] - http://feeds.feedburner.com/ruanyifeng
[2026-03-29 16:39:33] 本次订阅抓取结果统计:
[2026-03-29 16:39:33] 共 28 条RSS, 成功抓取 23 条.
[2026-03-29 16:39:33] ✘ 有 5 条订阅解析失败:
[2026-03-29 16:39:33] - https://blog.pursuitus.com/feed
[2026-03-29 16:39:33] - https://geekinney.com/index.xml
[2026-03-29 16:39:33] - https://tcxx.info/feed
[2026-03-29 16:39:33] - https://tumutanzi.com/feed
[2026-03-29 16:39:33] - https://blog.ursb.me/feed.xml
[2026-03-29 16:39:33] ✘ 有 1 条订阅头像无法访问, 已使用默认头像:
[2026-03-29 16:39:33] - http://feeds.feedburner.com/ruanyifeng
[2026-03-29 17:35:21] 本次订阅抓取结果统计:
[2026-03-29 17:35:21] 共 28 条RSS, 成功抓取 24 条.
[2026-03-29 17:35:21] ✘ 有 4 条订阅解析失败:
[2026-03-29 17:35:21] - https://blog.pursuitus.com/feed
[2026-03-29 17:35:21] - https://geekinney.com/index.xml
[2026-03-29 17:35:21] - https://tcxx.info/feed
[2026-03-29 17:35:21] - https://tumutanzi.com/feed
[2026-03-29 17:35:21] ✘ 有 1 条订阅头像无法访问, 已使用默认头像:
[2026-03-29 17:35:21] - http://feeds.feedburner.com/ruanyifeng
[2026-03-29 18:49:50] 本次订阅抓取结果统计:
[2026-03-29 18:49:50] 共 28 条RSS, 成功抓取 24 条.
[2026-03-29 18:49:50] ✘ 有 4 条订阅解析失败:
[2026-03-29 18:49:50] - https://blog.pursuitus.com/feed
[2026-03-29 18:49:50] - https://geekinney.com/index.xml
[2026-03-29 18:49:50] - https://tcxx.info/feed
[2026-03-29 18:49:50] - https://tumutanzi.com/feed
[2026-03-29 18:49:50] ✘ 有 1 条订阅头像无法访问, 已使用默认头像:
[2026-03-29 18:49:50] - http://feeds.feedburner.com/ruanyifeng
[2026-03-29 19:35:04] 本次订阅抓取结果统计:
[2026-03-29 19:35:04] 共 28 条RSS, 成功抓取 24 条.
[2026-03-29 19:35:04] ✘ 有 4 条订阅解析失败:
[2026-03-29 19:35:04] - https://blog.pursuitus.com/feed
[2026-03-29 19:35:04] - https://geekinney.com/index.xml
[2026-03-29 19:35:04] - https://tcxx.info/feed
[2026-03-29 19:35:04] - https://tumutanzi.com/feed
[2026-03-29 19:35:04] ✘ 有 2 条订阅头像无法访问, 已使用默认头像:
[2026-03-29 19:35:04] - https://www.loyhome.com/feed
[2026-03-29 19:35:04] - http://feeds.feedburner.com/ruanyifeng
