[2026-04-13 03:19:35] 本次订阅抓取结果统计:
[2026-04-13 03:19:35] 共 28 条RSS, 成功抓取 22 条.
[2026-04-13 03:19:35] ✘ 有 6 条订阅解析失败:
[2026-04-13 03:19:35] - https://blog.pursuitus.com/feed
[2026-04-13 03:19:35] - https://geekinney.com/index.xml
[2026-04-13 03:19:35] - https://tumutanzi.com/feed
[2026-04-13 03:19:35] - https://tcxx.info/feed
[2026-04-13 03:19:35] - https://www.shephe.com/feed
[2026-04-13 03:19:35] - https://blog.yanqingshan.com/feed
[2026-04-13 03:19:35] ✘ 有 2 条订阅头像无法访问, 已使用默认头像:
[2026-04-13 03:19:35] - https://www.loyhome.com/feed
[2026-04-13 03:19:35] - http://feeds.feedburner.com/ruanyifeng
[2026-04-13 06:17:26] 本次订阅抓取结果统计:
[2026-04-13 06:17:26] 共 28 条RSS, 成功抓取 23 条.
[2026-04-13 06:17:26] ✘ 有 5 条订阅解析失败:
[2026-04-13 06:17:26] - https://blog.pursuitus.com/feed
[2026-04-13 06:17:26] - https://geekinney.com/index.xml
[2026-04-13 06:17:26] - https://tcxx.info/feed
[2026-04-13 06:17:26] - https://tumutanzi.com/feed
[2026-04-13 06:17:26] - https://www.shephe.com/feed
[2026-04-13 06:17:26] ✘ 有 2 条订阅头像无法访问, 已使用默认头像:
[2026-04-13 06:17:26] - https://www.loyhome.com/feed
[2026-04-13 06:17:26] - http://feeds.feedburner.com/ruanyifeng
[2026-04-13 09:01:59] 本次订阅抓取结果统计:
[2026-04-13 09:01:59] 共 28 条RSS, 成功抓取 23 条.
[2026-04-13 09:01:59] ✘ 有 5 条订阅解析失败:
[2026-04-13 09:01:59] - https://blog.pursuitus.com/feed
[2026-04-13 09:01:59] - https://geekinney.com/index.xml
[2026-04-13 09:01:59] - https://tcxx.info/feed
[2026-04-13 09:01:59] - https://tumutanzi.com/feed
[2026-04-13 09:01:59] - https://www.shephe.com/feed
[2026-04-13 09:01:59] ✘ 有 2 条订阅头像无法访问, 已使用默认头像:
[2026-04-13 09:01:59] - https://www.loyhome.com/feed
[2026-04-13 09:01:59] - http://feeds.feedburner.com/ruanyifeng
[2026-04-13 11:18:53] 本次订阅抓取结果统计:
[2026-04-13 11:18:53] 共 28 条RSS, 成功抓取 23 条.
[2026-04-13 11:18:53] ✘ 有 5 条订阅解析失败:
[2026-04-13 11:18:53] - https://blog.pursuitus.com/feed
[2026-04-13 11:18:53] - https://geekinney.com/index.xml
[2026-04-13 11:18:53] - https://tcxx.info/feed
[2026-04-13 11:18:53] - https://tumutanzi.com/feed
[2026-04-13 11:18:53] - https://www.shephe.com/feed
[2026-04-13 11:18:53] ✘ 有 2 条订阅头像无法访问, 已使用默认头像:
[2026-04-13 11:18:53] - https://www.loyhome.com/feed
[2026-04-13 11:18:53] - http://feeds.feedburner.com/ruanyifeng
[2026-04-13 13:46:21] 本次订阅抓取结果统计:
[2026-04-13 13:46:21] 共 28 条RSS, 成功抓取 23 条.
[2026-04-13 13:46:21] ✘ 有 5 条订阅解析失败:
[2026-04-13 13:46:21] - https://blog.pursuitus.com/feed
[2026-04-13 13:46:21] - https://geekinney.com/index.xml
[2026-04-13 13:46:21] - https://tcxx.info/feed
[2026-04-13 13:46:21] - https://tumutanzi.com/feed
[2026-04-13 13:46:21] - https://www.shephe.com/feed
[2026-04-13 13:46:21] ✘ 有 2 条订阅头像无法访问, 已使用默认头像:
[2026-04-13 13:46:21] - https://www.loyhome.com/feed
[2026-04-13 13:46:21] - http://feeds.feedburner.com/ruanyifeng
