[2026-01-26 02:09:59] 本次订阅抓取结果统计:
[2026-01-26 02:09:59] 共 28 条RSS, 成功抓取 24 条.
[2026-01-26 02:09:59] ✘ 有 4 条订阅解析失败:
[2026-01-26 02:09:59] - https://blog.pursuitus.com/feed
[2026-01-26 02:09:59] - https://tcxx.info/feed
[2026-01-26 02:09:59] - https://tumutanzi.com/feed
[2026-01-26 02:09:59] - https://geekinney.com/index.xml
[2026-01-26 02:09:59] ✘ 有 3 条订阅头像无法访问, 已使用默认头像:
[2026-01-26 02:09:59] - https://oba.by/feed
[2026-01-26 02:09:59] - http://feeds.feedburner.com/ruanyifeng
[2026-01-26 02:09:59] - https://www.laruence.com/feed
[2026-01-26 04:17:47] 本次订阅抓取结果统计:
[2026-01-26 04:17:47] 共 28 条RSS, 成功抓取 24 条.
[2026-01-26 04:17:47] ✘ 有 4 条订阅解析失败:
[2026-01-26 04:17:47] - https://blog.pursuitus.com/feed
[2026-01-26 04:17:47] - https://tumutanzi.com/feed
[2026-01-26 04:17:47] - https://tcxx.info/feed
[2026-01-26 04:17:47] - https://geekinney.com/index.xml
[2026-01-26 04:17:47] ✘ 有 3 条订阅头像无法访问, 已使用默认头像:
[2026-01-26 04:17:47] - https://oba.by/feed
[2026-01-26 04:17:47] - http://feeds.feedburner.com/ruanyifeng
[2026-01-26 04:17:47] - https://www.laruence.com/feed
[2026-01-26 05:34:53] 本次订阅抓取结果统计:
[2026-01-26 05:34:53] 共 28 条RSS, 成功抓取 24 条.
[2026-01-26 05:34:53] ✘ 有 4 条订阅解析失败:
[2026-01-26 05:34:53] - https://blog.pursuitus.com/feed
[2026-01-26 05:34:53] - https://tcxx.info/feed
[2026-01-26 05:34:53] - https://tumutanzi.com/feed
[2026-01-26 05:34:53] - https://geekinney.com/index.xml
[2026-01-26 05:34:53] ✘ 有 4 条订阅头像无法访问, 已使用默认头像:
[2026-01-26 05:34:53] - https://oba.by/feed
[2026-01-26 05:34:53] - https://www.laruence.com/feed
[2026-01-26 05:34:53] - http://feeds.feedburner.com/ruanyifeng
[2026-01-26 05:34:53] - https://xyzbz.cn/feed
[2026-01-26 06:42:29] 本次订阅抓取结果统计:
[2026-01-26 06:42:29] 共 28 条RSS, 成功抓取 24 条.
[2026-01-26 06:42:29] ✘ 有 4 条订阅解析失败:
[2026-01-26 06:42:29] - https://blog.pursuitus.com/feed
[2026-01-26 06:42:29] - https://tcxx.info/feed
[2026-01-26 06:42:29] - https://tumutanzi.com/feed
[2026-01-26 06:42:29] - https://geekinney.com/index.xml
[2026-01-26 06:42:29] ✘ 有 3 条订阅头像无法访问, 已使用默认头像:
[2026-01-26 06:42:29] - https://oba.by/feed
[2026-01-26 06:42:29] - https://www.laruence.com/feed
[2026-01-26 06:42:29] - http://feeds.feedburner.com/ruanyifeng
[2026-01-26 07:31:12] 本次订阅抓取结果统计:
[2026-01-26 07:31:12] 共 28 条RSS, 成功抓取 24 条.
[2026-01-26 07:31:12] ✘ 有 4 条订阅解析失败:
[2026-01-26 07:31:12] - https://blog.pursuitus.com/feed
[2026-01-26 07:31:12] - https://tcxx.info/feed
[2026-01-26 07:31:12] - https://tumutanzi.com/feed
[2026-01-26 07:31:12] - https://geekinney.com/index.xml
[2026-01-26 07:31:12] ✘ 有 3 条订阅头像无法访问, 已使用默认头像:
[2026-01-26 07:31:12] - https://oba.by/feed
[2026-01-26 07:31:12] - http://feeds.feedburner.com/ruanyifeng
[2026-01-26 07:31:12] - https://www.laruence.com/feed
[2026-01-26 08:37:52] 本次订阅抓取结果统计:
[2026-01-26 08:37:52] 共 28 条RSS, 成功抓取 24 条.
[2026-01-26 08:37:52] ✘ 有 4 条订阅解析失败:
[2026-01-26 08:37:52] - https://blog.pursuitus.com/feed
[2026-01-26 08:37:52] - https://tumutanzi.com/feed
[2026-01-26 08:37:52] - https://tcxx.info/feed
[2026-01-26 08:37:52] - https://geekinney.com/index.xml
[2026-01-26 08:37:52] ✘ 有 3 条订阅头像无法访问, 已使用默认头像:
[2026-01-26 08:37:52] - https://oba.by/feed
[2026-01-26 08:37:52] - http://feeds.feedburner.com/ruanyifeng
[2026-01-26 08:37:52] - https://www.laruence.com/feed
