[2026-04-16 02:56:40] 本次订阅抓取结果统计:
[2026-04-16 02:56:40] 共 28 条RSS, 成功抓取 23 条.
[2026-04-16 02:56:40] ✘ 有 5 条订阅解析失败:
[2026-04-16 02:56:40] - https://blog.pursuitus.com/feed
[2026-04-16 02:56:40] - https://geekinney.com/index.xml
[2026-04-16 02:56:40] - https://tcxx.info/feed
[2026-04-16 02:56:40] - https://tumutanzi.com/feed
[2026-04-16 02:56:40] - https://www.shephe.com/feed
[2026-04-16 02:56:40] ✘ 有 2 条订阅头像无法访问, 已使用默认头像:
[2026-04-16 02:56:40] - https://www.loyhome.com/feed
[2026-04-16 02:56:40] - http://feeds.feedburner.com/ruanyifeng
[2026-04-16 05:35:01] 本次订阅抓取结果统计:
[2026-04-16 05:35:01] 共 28 条RSS, 成功抓取 23 条.
[2026-04-16 05:35:01] ✘ 有 5 条订阅解析失败:
[2026-04-16 05:35:01] - https://blog.pursuitus.com/feed
[2026-04-16 05:35:01] - https://tcxx.info/feed
[2026-04-16 05:35:01] - https://geekinney.com/index.xml
[2026-04-16 05:35:01] - https://tumutanzi.com/feed
[2026-04-16 05:35:01] - https://www.shephe.com/feed
[2026-04-16 05:35:01] ✘ 有 2 条订阅头像无法访问, 已使用默认头像:
[2026-04-16 05:35:01] - https://www.loyhome.com/feed
[2026-04-16 05:35:01] - http://feeds.feedburner.com/ruanyifeng
[2026-04-16 07:53:26] 本次订阅抓取结果统计:
[2026-04-16 07:53:26] 共 28 条RSS, 成功抓取 23 条.
[2026-04-16 07:53:26] ✘ 有 5 条订阅解析失败:
[2026-04-16 07:53:26] - https://blog.pursuitus.com/feed
[2026-04-16 07:53:26] - https://geekinney.com/index.xml
[2026-04-16 07:53:26] - https://tcxx.info/feed
[2026-04-16 07:53:26] - https://tumutanzi.com/feed
[2026-04-16 07:53:26] - https://www.shephe.com/feed
[2026-04-16 07:53:26] ✘ 有 2 条订阅头像无法访问, 已使用默认头像:
[2026-04-16 07:53:26] - https://www.loyhome.com/feed
[2026-04-16 07:53:26] - http://feeds.feedburner.com/ruanyifeng
[2026-04-16 09:23:44] 本次订阅抓取结果统计:
[2026-04-16 09:23:44] 共 28 条RSS, 成功抓取 23 条.
[2026-04-16 09:23:44] ✘ 有 5 条订阅解析失败:
[2026-04-16 09:23:44] - https://blog.pursuitus.com/feed
[2026-04-16 09:23:44] - https://geekinney.com/index.xml
[2026-04-16 09:23:44] - https://tcxx.info/feed
[2026-04-16 09:23:44] - https://tumutanzi.com/feed
[2026-04-16 09:23:44] - https://www.shephe.com/feed
[2026-04-16 09:23:44] ✘ 有 2 条订阅头像无法访问, 已使用默认头像:
[2026-04-16 09:23:44] - https://www.loyhome.com/feed
[2026-04-16 09:23:44] - http://feeds.feedburner.com/ruanyifeng
[2026-04-16 11:07:22] 本次订阅抓取结果统计:
[2026-04-16 11:07:22] 共 28 条RSS, 成功抓取 23 条.
[2026-04-16 11:07:22] ✘ 有 5 条订阅解析失败:
[2026-04-16 11:07:22] - https://blog.pursuitus.com/feed
[2026-04-16 11:07:22] - https://geekinney.com/index.xml
[2026-04-16 11:07:22] - https://tcxx.info/feed
[2026-04-16 11:07:22] - https://tumutanzi.com/feed
[2026-04-16 11:07:22] - https://www.shephe.com/feed
[2026-04-16 11:07:22] ✘ 有 2 条订阅头像无法访问, 已使用默认头像:
[2026-04-16 11:07:22] - https://www.loyhome.com/feed
[2026-04-16 11:07:22] - http://feeds.feedburner.com/ruanyifeng
[2026-04-16 13:54:59] 本次订阅抓取结果统计:
[2026-04-16 13:54:59] 共 28 条RSS, 成功抓取 23 条.
[2026-04-16 13:54:59] ✘ 有 5 条订阅解析失败:
[2026-04-16 13:54:59] - https://blog.pursuitus.com/feed
[2026-04-16 13:54:59] - https://geekinney.com/index.xml
[2026-04-16 13:54:59] - https://tcxx.info/feed
[2026-04-16 13:54:59] - https://tumutanzi.com/feed
[2026-04-16 13:54:59] - https://www.shephe.com/feed
[2026-04-16 13:54:59] ✘ 有 3 条订阅头像无法访问, 已使用默认头像:
[2026-04-16 13:54:59] - https://hwv430.blogspot.com/feeds/posts/default
[2026-04-16 13:54:59] - https://www.loyhome.com/feed
[2026-04-16 13:54:59] - http://feeds.feedburner.com/ruanyifeng
[2026-04-16 15:42:38] 本次订阅抓取结果统计:
[2026-04-16 15:42:38] 共 28 条RSS, 成功抓取 23 条.
[2026-04-16 15:42:38] ✘ 有 5 条订阅解析失败:
[2026-04-16 15:42:38] - https://blog.pursuitus.com/feed
[2026-04-16 15:42:38] - https://tcxx.info/feed
[2026-04-16 15:42:38] - https://geekinney.com/index.xml
[2026-04-16 15:42:38] - https://tumutanzi.com/feed
[2026-04-16 15:42:38] - https://www.shephe.com/feed
[2026-04-16 15:42:38] ✘ 有 2 条订阅头像无法访问, 已使用默认头像:
[2026-04-16 15:42:38] - https://www.loyhome.com/feed
[2026-04-16 15:42:38] - http://feeds.feedburner.com/ruanyifeng
[2026-04-16 17:19:09] 本次订阅抓取结果统计:
[2026-04-16 17:19:09] 共 28 条RSS, 成功抓取 23 条.
[2026-04-16 17:19:09] ✘ 有 5 条订阅解析失败:
[2026-04-16 17:19:09] - https://blog.pursuitus.com/feed
[2026-04-16 17:19:09] - https://geekinney.com/index.xml
[2026-04-16 17:19:09] - https://tcxx.info/feed
[2026-04-16 17:19:09] - https://tumutanzi.com/feed
[2026-04-16 17:19:09] - https://www.shephe.com/feed
[2026-04-16 17:19:09] ✘ 有 2 条订阅头像无法访问, 已使用默认头像:
[2026-04-16 17:19:09] - https://www.loyhome.com/feed
[2026-04-16 17:19:09] - http://feeds.feedburner.com/ruanyifeng
[2026-04-16 19:21:14] 本次订阅抓取结果统计:
[2026-04-16 19:21:14] 共 28 条RSS, 成功抓取 23 条.
[2026-04-16 19:21:14] ✘ 有 5 条订阅解析失败:
[2026-04-16 19:21:14] - https://blog.pursuitus.com/feed
[2026-04-16 19:21:14] - https://geekinney.com/index.xml
[2026-04-16 19:21:14] - https://tcxx.info/feed
[2026-04-16 19:21:14] - https://tumutanzi.com/feed
[2026-04-16 19:21:14] - https://www.shephe.com/feed
[2026-04-16 19:21:14] ✘ 有 2 条订阅头像无法访问, 已使用默认头像:
[2026-04-16 19:21:14] - https://www.loyhome.com/feed
[2026-04-16 19:21:14] - http://feeds.feedburner.com/ruanyifeng
[2026-04-16 20:53:46] 本次订阅抓取结果统计:
[2026-04-16 20:53:46] 共 28 条RSS, 成功抓取 23 条.
[2026-04-16 20:53:46] ✘ 有 5 条订阅解析失败:
[2026-04-16 20:53:46] - https://blog.pursuitus.com/feed
[2026-04-16 20:53:46] - https://geekinney.com/index.xml
[2026-04-16 20:53:46] - https://www.shephe.com/feed
[2026-04-16 20:53:46] - https://tcxx.info/feed
[2026-04-16 20:53:46] - https://tumutanzi.com/feed
[2026-04-16 20:53:46] ✘ 有 3 条订阅头像无法访问, 已使用默认头像:
[2026-04-16 20:53:46] - https://www.loyhome.com/feed
[2026-04-16 20:53:46] - http://feeds.feedburner.com/ruanyifeng
[2026-04-16 20:53:46] - https://xyzbz.cn/feed
[2026-04-16 21:48:20] 本次订阅抓取结果统计:
[2026-04-16 21:48:20] 共 28 条RSS, 成功抓取 23 条.
[2026-04-16 21:48:20] ✘ 有 5 条订阅解析失败:
[2026-04-16 21:48:20] - https://blog.pursuitus.com/feed
[2026-04-16 21:48:20] - https://tcxx.info/feed
[2026-04-16 21:48:20] - https://tumutanzi.com/feed
[2026-04-16 21:48:20] - https://geekinney.com/index.xml
[2026-04-16 21:48:20] - https://www.shephe.com/feed
[2026-04-16 21:48:20] ✘ 有 3 条订阅头像无法访问, 已使用默认头像:
[2026-04-16 21:48:20] - https://www.loyhome.com/feed
[2026-04-16 21:48:20] - http://feeds.feedburner.com/ruanyifeng
[2026-04-16 21:48:20] - https://xyzbz.cn/feed
