[2026-01-04 02:08:45] 本次订阅抓取结果统计:
[2026-01-04 02:08:45] 共 28 条RSS, 成功抓取 25 条.
[2026-01-04 02:08:45] ✘ 有 3 条订阅解析失败:
[2026-01-04 02:08:45] - https://tcxx.info/feed
[2026-01-04 02:08:45] - https://tumutanzi.com/feed
[2026-01-04 02:08:45] - https://geekinney.com/index.xml
[2026-01-04 02:08:45] ✘ 有 2 条订阅头像无法访问, 已使用默认头像:
[2026-01-04 02:08:45] - https://oba.by/feed
[2026-01-04 02:08:45] - http://feeds.feedburner.com/ruanyifeng
[2026-01-04 04:12:59] 本次订阅抓取结果统计:
[2026-01-04 04:12:59] 共 28 条RSS, 成功抓取 24 条.
[2026-01-04 04:12:59] ✘ 有 4 条订阅解析失败:
[2026-01-04 04:12:59] - https://tcxx.info/feed
[2026-01-04 04:12:59] - https://tumutanzi.com/feed
[2026-01-04 04:12:59] - https://geekinney.com/index.xml
[2026-01-04 04:12:59] - https://www.shephe.com/feed
[2026-01-04 04:12:59] ✘ 有 2 条订阅头像无法访问, 已使用默认头像:
[2026-01-04 04:12:59] - https://oba.by/feed
[2026-01-04 04:12:59] - http://feeds.feedburner.com/ruanyifeng
[2026-01-04 05:28:46] 本次订阅抓取结果统计:
[2026-01-04 05:28:46] 共 28 条RSS, 成功抓取 25 条.
[2026-01-04 05:28:46] ✘ 有 3 条订阅解析失败:
[2026-01-04 05:28:46] - https://tcxx.info/feed
[2026-01-04 05:28:46] - https://tumutanzi.com/feed
[2026-01-04 05:28:46] - https://geekinney.com/index.xml
[2026-01-04 05:28:46] ✘ 有 2 条订阅头像无法访问, 已使用默认头像:
[2026-01-04 05:28:46] - https://oba.by/feed
[2026-01-04 05:28:46] - http://feeds.feedburner.com/ruanyifeng
[2026-01-04 06:36:40] 本次订阅抓取结果统计:
[2026-01-04 06:36:40] 共 28 条RSS, 成功抓取 25 条.
[2026-01-04 06:36:40] ✘ 有 3 条订阅解析失败:
[2026-01-04 06:36:40] - https://tcxx.info/feed
[2026-01-04 06:36:40] - https://tumutanzi.com/feed
[2026-01-04 06:36:40] - https://geekinney.com/index.xml
[2026-01-04 06:36:40] ✘ 有 2 条订阅头像无法访问, 已使用默认头像:
[2026-01-04 06:36:40] - https://oba.by/feed
[2026-01-04 06:36:40] - http://feeds.feedburner.com/ruanyifeng
[2026-01-04 07:24:14] 本次订阅抓取结果统计:
[2026-01-04 07:24:14] 共 28 条RSS, 成功抓取 25 条.
[2026-01-04 07:24:14] ✘ 有 3 条订阅解析失败:
[2026-01-04 07:24:14] - https://tumutanzi.com/feed
[2026-01-04 07:24:14] - https://tcxx.info/feed
[2026-01-04 07:24:14] - https://geekinney.com/index.xml
[2026-01-04 07:24:14] ✘ 有 2 条订阅头像无法访问, 已使用默认头像:
[2026-01-04 07:24:14] - https://oba.by/feed
[2026-01-04 07:24:14] - http://feeds.feedburner.com/ruanyifeng
[2026-01-04 08:31:59] 本次订阅抓取结果统计:
[2026-01-04 08:31:59] 共 28 条RSS, 成功抓取 24 条.
[2026-01-04 08:31:59] ✘ 有 4 条订阅解析失败:
[2026-01-04 08:31:59] - https://tcxx.info/feed
[2026-01-04 08:31:59] - https://tumutanzi.com/feed
[2026-01-04 08:31:59] - https://www.shephe.com/feed
[2026-01-04 08:31:59] - https://geekinney.com/index.xml
[2026-01-04 08:31:59] ✘ 有 2 条订阅头像无法访问, 已使用默认头像:
[2026-01-04 08:31:59] - https://oba.by/feed
[2026-01-04 08:31:59] - http://feeds.feedburner.com/ruanyifeng
[2026-01-04 09:23:09] 本次订阅抓取结果统计:
[2026-01-04 09:23:09] 共 28 条RSS, 成功抓取 25 条.
[2026-01-04 09:23:09] ✘ 有 3 条订阅解析失败:
[2026-01-04 09:23:09] - https://tcxx.info/feed
[2026-01-04 09:23:09] - https://tumutanzi.com/feed
[2026-01-04 09:23:09] - https://geekinney.com/index.xml
[2026-01-04 09:23:09] ✘ 有 2 条订阅头像无法访问, 已使用默认头像:
[2026-01-04 09:23:09] - https://oba.by/feed
[2026-01-04 09:23:09] - http://feeds.feedburner.com/ruanyifeng
