[2026-04-04 02:31:30] 本次订阅抓取结果统计:
[2026-04-04 02:31:30] 共 28 条RSS, 成功抓取 24 条.
[2026-04-04 02:31:30] ✘ 有 4 条订阅解析失败:
[2026-04-04 02:31:30] - https://blog.pursuitus.com/feed
[2026-04-04 02:31:30] - https://geekinney.com/index.xml
[2026-04-04 02:31:30] - https://tcxx.info/feed
[2026-04-04 02:31:30] - https://tumutanzi.com/feed
[2026-04-04 02:31:30] ✘ 有 2 条订阅头像无法访问, 已使用默认头像:
[2026-04-04 02:31:30] - http://feeds.feedburner.com/ruanyifeng
[2026-04-04 02:31:30] - https://blog.yanqingshan.com/feed
[2026-04-04 04:53:37] 本次订阅抓取结果统计:
[2026-04-04 04:53:37] 共 28 条RSS, 成功抓取 24 条.
[2026-04-04 04:53:37] ✘ 有 4 条订阅解析失败:
[2026-04-04 04:53:37] - https://blog.pursuitus.com/feed
[2026-04-04 04:53:37] - https://geekinney.com/index.xml
[2026-04-04 04:53:37] - https://tcxx.info/feed
[2026-04-04 04:53:37] - https://tumutanzi.com/feed
[2026-04-04 04:53:37] ✘ 有 1 条订阅头像无法访问, 已使用默认头像:
[2026-04-04 04:53:37] - http://feeds.feedburner.com/ruanyifeng
[2026-04-04 05:59:38] 本次订阅抓取结果统计:
[2026-04-04 05:59:38] 共 28 条RSS, 成功抓取 24 条.
[2026-04-04 05:59:38] ✘ 有 4 条订阅解析失败:
[2026-04-04 05:59:38] - https://blog.pursuitus.com/feed
[2026-04-04 05:59:38] - https://geekinney.com/index.xml
[2026-04-04 05:59:38] - https://tumutanzi.com/feed
[2026-04-04 05:59:38] - https://tcxx.info/feed
[2026-04-04 05:59:38] ✘ 有 1 条订阅头像无法访问, 已使用默认头像:
[2026-04-04 05:59:38] - http://feeds.feedburner.com/ruanyifeng
[2026-04-04 07:13:10] 本次订阅抓取结果统计:
[2026-04-04 07:13:10] 共 28 条RSS, 成功抓取 24 条.
[2026-04-04 07:13:10] ✘ 有 4 条订阅解析失败:
[2026-04-04 07:13:10] - https://blog.pursuitus.com/feed
[2026-04-04 07:13:10] - https://geekinney.com/index.xml
[2026-04-04 07:13:10] - https://tcxx.info/feed
[2026-04-04 07:13:10] - https://tumutanzi.com/feed
[2026-04-04 07:13:10] ✘ 有 1 条订阅头像无法访问, 已使用默认头像:
[2026-04-04 07:13:10] - http://feeds.feedburner.com/ruanyifeng
[2026-04-04 08:46:34] 本次订阅抓取结果统计:
[2026-04-04 08:46:34] 共 28 条RSS, 成功抓取 24 条.
[2026-04-04 08:46:34] ✘ 有 4 条订阅解析失败:
[2026-04-04 08:46:34] - https://blog.pursuitus.com/feed
[2026-04-04 08:46:34] - https://geekinney.com/index.xml
[2026-04-04 08:46:34] - https://tumutanzi.com/feed
[2026-04-04 08:46:34] - https://tcxx.info/feed
[2026-04-04 08:46:34] ✘ 有 1 条订阅头像无法访问, 已使用默认头像:
[2026-04-04 08:46:34] - http://feeds.feedburner.com/ruanyifeng
[2026-04-04 09:41:54] 本次订阅抓取结果统计:
[2026-04-04 09:41:54] 共 28 条RSS, 成功抓取 24 条.
[2026-04-04 09:41:54] ✘ 有 4 条订阅解析失败:
[2026-04-04 09:41:54] - https://blog.pursuitus.com/feed
[2026-04-04 09:41:54] - https://geekinney.com/index.xml
[2026-04-04 09:41:54] - https://tcxx.info/feed
[2026-04-04 09:41:54] - https://tumutanzi.com/feed
[2026-04-04 09:41:54] ✘ 有 1 条订阅头像无法访问, 已使用默认头像:
[2026-04-04 09:41:54] - http://feeds.feedburner.com/ruanyifeng
[2026-04-04 10:37:29] 本次订阅抓取结果统计:
[2026-04-04 10:37:29] 共 28 条RSS, 成功抓取 24 条.
[2026-04-04 10:37:29] ✘ 有 4 条订阅解析失败:
[2026-04-04 10:37:29] - https://blog.pursuitus.com/feed
[2026-04-04 10:37:29] - https://geekinney.com/index.xml
[2026-04-04 10:37:29] - https://tcxx.info/feed
[2026-04-04 10:37:29] - https://tumutanzi.com/feed
[2026-04-04 10:37:29] ✘ 有 1 条订阅头像无法访问, 已使用默认头像:
[2026-04-04 10:37:29] - http://feeds.feedburner.com/ruanyifeng
[2026-04-04 11:32:27] 本次订阅抓取结果统计:
[2026-04-04 11:32:27] 共 28 条RSS, 成功抓取 24 条.
[2026-04-04 11:32:27] ✘ 有 4 条订阅解析失败:
[2026-04-04 11:32:27] - https://blog.pursuitus.com/feed
[2026-04-04 11:32:27] - https://geekinney.com/index.xml
[2026-04-04 11:32:27] - https://tcxx.info/feed
[2026-04-04 11:32:27] - https://tumutanzi.com/feed
[2026-04-04 11:32:27] ✘ 有 1 条订阅头像无法访问, 已使用默认头像:
[2026-04-04 11:32:27] - http://feeds.feedburner.com/ruanyifeng
[2026-04-04 13:03:27] 本次订阅抓取结果统计:
[2026-04-04 13:03:27] 共 28 条RSS, 成功抓取 24 条.
[2026-04-04 13:03:27] ✘ 有 4 条订阅解析失败:
[2026-04-04 13:03:27] - https://blog.pursuitus.com/feed
[2026-04-04 13:03:27] - https://geekinney.com/index.xml
[2026-04-04 13:03:27] - https://tcxx.info/feed
[2026-04-04 13:03:27] - https://tumutanzi.com/feed
[2026-04-04 13:03:27] ✘ 有 1 条订阅头像无法访问, 已使用默认头像:
[2026-04-04 13:03:27] - http://feeds.feedburner.com/ruanyifeng
[2026-04-04 14:36:26] 本次订阅抓取结果统计:
[2026-04-04 14:36:26] 共 28 条RSS, 成功抓取 24 条.
[2026-04-04 14:36:26] ✘ 有 4 条订阅解析失败:
[2026-04-04 14:36:26] - https://blog.pursuitus.com/feed
[2026-04-04 14:36:26] - https://geekinney.com/index.xml
[2026-04-04 14:36:26] - https://tcxx.info/feed
[2026-04-04 14:36:26] - https://tumutanzi.com/feed
[2026-04-04 14:36:26] ✘ 有 2 条订阅头像无法访问, 已使用默认头像:
[2026-04-04 14:36:26] - http://feeds.feedburner.com/ruanyifeng
[2026-04-04 14:36:26] - https://blog.yanqingshan.com/feed
[2026-04-04 15:36:12] 本次订阅抓取结果统计:
[2026-04-04 15:36:12] 共 28 条RSS, 成功抓取 24 条.
[2026-04-04 15:36:12] ✘ 有 4 条订阅解析失败:
[2026-04-04 15:36:12] - https://blog.pursuitus.com/feed
[2026-04-04 15:36:12] - https://geekinney.com/index.xml
[2026-04-04 15:36:12] - https://tcxx.info/feed
[2026-04-04 15:36:12] - https://tumutanzi.com/feed
[2026-04-04 15:36:12] ✘ 有 1 条订阅头像无法访问, 已使用默认头像:
[2026-04-04 15:36:12] - http://feeds.feedburner.com/ruanyifeng
