[2026-06-16 04:44:04] 本次订阅抓取结果统计:
[2026-06-16 04:44:04] 共 28 条RSS, 成功抓取 22 条.
[2026-06-16 04:44:04] ✘ 有 6 条订阅解析失败:
[2026-06-16 04:44:04] - https://blog.pursuitus.com/feed
[2026-06-16 04:44:04] - https://blog.yanqingshan.com/feed
[2026-06-16 04:44:04] - https://geekinney.com/index.xml
[2026-06-16 04:44:04] - https://tcxx.info/feed
[2026-06-16 04:44:04] - https://tumutanzi.com/feed
[2026-06-16 04:44:04] - https://www.shephe.com/feed
[2026-06-16 04:44:04] ✘ 有 3 条订阅头像无法访问, 已使用默认头像:
[2026-06-16 04:44:04] - https://blog.zhheo.com/rss.xml
[2026-06-16 04:44:04] - https://www.loyhome.com/feed
[2026-06-16 04:44:04] - http://feeds.feedburner.com/ruanyifeng
[2026-06-16 10:11:15] 本次订阅抓取结果统计:
[2026-06-16 10:11:15] 共 28 条RSS, 成功抓取 23 条.
[2026-06-16 10:11:15] ✘ 有 5 条订阅解析失败:
[2026-06-16 10:11:15] - https://blog.pursuitus.com/feed
[2026-06-16 10:11:15] - https://geekinney.com/index.xml
[2026-06-16 10:11:15] - https://tcxx.info/feed
[2026-06-16 10:11:15] - https://www.shephe.com/feed
[2026-06-16 10:11:15] - https://oba.by/feed
[2026-06-16 10:11:15] ✘ 有 3 条订阅头像无法访问, 已使用默认头像:
[2026-06-16 10:11:15] - https://www.loyhome.com/feed
[2026-06-16 10:11:15] - http://feeds.feedburner.com/ruanyifeng
[2026-06-16 10:11:15] - http://weiwuhui.com/feed
[2026-06-16 15:57:38] 本次订阅抓取结果统计:
[2026-06-16 15:57:38] 共 28 条RSS, 成功抓取 24 条.
[2026-06-16 15:57:38] ✘ 有 4 条订阅解析失败:
[2026-06-16 15:57:38] - https://blog.pursuitus.com/feed
[2026-06-16 15:57:38] - https://geekinney.com/index.xml
[2026-06-16 15:57:38] - https://tcxx.info/feed
[2026-06-16 15:57:38] - https://www.shephe.com/feed
[2026-06-16 15:57:38] ✘ 有 2 条订阅头像无法访问, 已使用默认头像:
[2026-06-16 15:57:38] - https://www.loyhome.com/feed
[2026-06-16 15:57:38] - http://feeds.feedburner.com/ruanyifeng
[2026-06-16 19:43:40] 本次订阅抓取结果统计:
[2026-06-16 19:43:40] 共 28 条RSS, 成功抓取 22 条.
[2026-06-16 19:43:40] ✘ 有 6 条订阅解析失败:
[2026-06-16 19:43:40] - https://blog.pursuitus.com/feed
[2026-06-16 19:43:40] - https://blog.yanqingshan.com/feed
[2026-06-16 19:43:40] - https://tcxx.info/feed
[2026-06-16 19:43:40] - https://geekinney.com/index.xml
[2026-06-16 19:43:40] - https://tumutanzi.com/feed
[2026-06-16 19:43:40] - https://www.shephe.com/feed
[2026-06-16 19:43:40] ✘ 有 3 条订阅头像无法访问, 已使用默认头像:
[2026-06-16 19:43:40] - https://blog.zhheo.com/rss.xml
[2026-06-16 19:43:40] - https://www.loyhome.com/feed
[2026-06-16 19:43:40] - http://feeds.feedburner.com/ruanyifeng
