[2026-02-14 02:24:35] 本次订阅抓取结果统计:
[2026-02-14 02:24:35] 共 28 条RSS, 成功抓取 24 条.
[2026-02-14 02:24:35] ✘ 有 4 条订阅解析失败:
[2026-02-14 02:24:35] - https://blog.pursuitus.com/feed
[2026-02-14 02:24:35] - https://tcxx.info/feed
[2026-02-14 02:24:35] - https://tumutanzi.com/feed
[2026-02-14 02:24:35] - https://geekinney.com/index.xml
[2026-02-14 02:24:35] ✘ 有 1 条订阅头像无法访问, 已使用默认头像:
[2026-02-14 02:24:35] - http://feeds.feedburner.com/ruanyifeng
[2026-02-14 04:44:03] 本次订阅抓取结果统计:
[2026-02-14 04:44:03] 共 28 条RSS, 成功抓取 24 条.
[2026-02-14 04:44:03] ✘ 有 4 条订阅解析失败:
[2026-02-14 04:44:03] - https://blog.pursuitus.com/feed
[2026-02-14 04:44:03] - https://tcxx.info/feed
[2026-02-14 04:44:03] - https://tumutanzi.com/feed
[2026-02-14 04:44:03] - https://geekinney.com/index.xml
[2026-02-14 04:44:03] ✘ 有 2 条订阅头像无法访问, 已使用默认头像:
[2026-02-14 04:44:03] - http://feeds.feedburner.com/ruanyifeng
[2026-02-14 04:44:03] - https://www.loyhome.com/feed
[2026-02-14 05:48:14] 本次订阅抓取结果统计:
[2026-02-14 05:48:14] 共 28 条RSS, 成功抓取 24 条.
[2026-02-14 05:48:14] ✘ 有 4 条订阅解析失败:
[2026-02-14 05:48:14] - https://blog.pursuitus.com/feed
[2026-02-14 05:48:14] - https://tcxx.info/feed
[2026-02-14 05:48:14] - https://tumutanzi.com/feed
[2026-02-14 05:48:14] - https://geekinney.com/index.xml
[2026-02-14 05:48:14] ✘ 有 1 条订阅头像无法访问, 已使用默认头像:
[2026-02-14 05:48:14] - http://feeds.feedburner.com/ruanyifeng
[2026-02-14 06:51:35] 本次订阅抓取结果统计:
[2026-02-14 06:51:35] 共 28 条RSS, 成功抓取 24 条.
[2026-02-14 06:51:35] ✘ 有 4 条订阅解析失败:
[2026-02-14 06:51:35] - https://blog.pursuitus.com/feed
[2026-02-14 06:51:35] - https://tumutanzi.com/feed
[2026-02-14 06:51:35] - https://tcxx.info/feed
[2026-02-14 06:51:35] - https://geekinney.com/index.xml
[2026-02-14 06:51:35] ✘ 有 1 条订阅头像无法访问, 已使用默认头像:
[2026-02-14 06:51:35] - http://feeds.feedburner.com/ruanyifeng
[2026-02-14 07:36:08] 本次订阅抓取结果统计:
[2026-02-14 07:36:08] 共 28 条RSS, 成功抓取 24 条.
[2026-02-14 07:36:08] ✘ 有 4 条订阅解析失败:
[2026-02-14 07:36:08] - https://blog.pursuitus.com/feed
[2026-02-14 07:36:08] - https://tumutanzi.com/feed
[2026-02-14 07:36:08] - https://tcxx.info/feed
[2026-02-14 07:36:08] - https://geekinney.com/index.xml
[2026-02-14 07:36:08] ✘ 有 3 条订阅头像无法访问, 已使用默认头像:
[2026-02-14 07:36:08] - http://feeds.feedburner.com/ruanyifeng
[2026-02-14 07:36:08] - https://blog.yanqingshan.com/feed
[2026-02-14 07:36:08] - https://xyzbz.cn/feed
[2026-02-14 08:37:40] 本次订阅抓取结果统计:
[2026-02-14 08:37:40] 共 28 条RSS, 成功抓取 24 条.
[2026-02-14 08:37:40] ✘ 有 4 条订阅解析失败:
[2026-02-14 08:37:40] - https://blog.pursuitus.com/feed
[2026-02-14 08:37:40] - https://tcxx.info/feed
[2026-02-14 08:37:40] - https://tumutanzi.com/feed
[2026-02-14 08:37:40] - https://geekinney.com/index.xml
[2026-02-14 08:37:40] ✘ 有 1 条订阅头像无法访问, 已使用默认头像:
[2026-02-14 08:37:40] - http://feeds.feedburner.com/ruanyifeng
[2026-02-14 09:34:55] 本次订阅抓取结果统计:
[2026-02-14 09:34:55] 共 28 条RSS, 成功抓取 24 条.
[2026-02-14 09:34:55] ✘ 有 4 条订阅解析失败:
[2026-02-14 09:34:55] - https://blog.pursuitus.com/feed
[2026-02-14 09:34:55] - https://tcxx.info/feed
[2026-02-14 09:34:55] - https://tumutanzi.com/feed
[2026-02-14 09:34:55] - https://geekinney.com/index.xml
[2026-02-14 09:34:55] ✘ 有 1 条订阅头像无法访问, 已使用默认头像:
[2026-02-14 09:34:55] - http://feeds.feedburner.com/ruanyifeng
[2026-02-14 10:31:15] 本次订阅抓取结果统计:
[2026-02-14 10:31:15] 共 28 条RSS, 成功抓取 24 条.
[2026-02-14 10:31:15] ✘ 有 4 条订阅解析失败:
[2026-02-14 10:31:15] - https://blog.pursuitus.com/feed
[2026-02-14 10:31:15] - https://tumutanzi.com/feed
[2026-02-14 10:31:15] - https://tcxx.info/feed
[2026-02-14 10:31:15] - https://geekinney.com/index.xml
[2026-02-14 10:31:15] ✘ 有 1 条订阅头像无法访问, 已使用默认头像:
[2026-02-14 10:31:15] - http://feeds.feedburner.com/ruanyifeng
