[2026-04-27 03:27:16] 本次订阅抓取结果统计:
[2026-04-27 03:27:16] 共 28 条RSS, 成功抓取 23 条.
[2026-04-27 03:27:16] ✘ 有 5 条订阅解析失败:
[2026-04-27 03:27:16] - https://blog.pursuitus.com/feed
[2026-04-27 03:27:16] - https://geekinney.com/index.xml
[2026-04-27 03:27:16] - https://tcxx.info/feed
[2026-04-27 03:27:16] - https://tumutanzi.com/feed
[2026-04-27 03:27:16] - https://www.shephe.com/feed
[2026-04-27 03:27:16] ✘ 有 2 条订阅头像无法访问, 已使用默认头像:
[2026-04-27 03:27:16] - https://www.loyhome.com/feed
[2026-04-27 03:27:16] - http://feeds.feedburner.com/ruanyifeng
[2026-04-27 06:30:06] 本次订阅抓取结果统计:
[2026-04-27 06:30:06] 共 28 条RSS, 成功抓取 22 条.
[2026-04-27 06:30:06] ✘ 有 6 条订阅解析失败:
[2026-04-27 06:30:06] - https://blog.pursuitus.com/feed
[2026-04-27 06:30:06] - https://geekinney.com/index.xml
[2026-04-27 06:30:06] - https://tcxx.info/feed
[2026-04-27 06:30:06] - https://tumutanzi.com/feed
[2026-04-27 06:30:06] - https://www.shephe.com/feed
[2026-04-27 06:30:06] - https://blog.yanqingshan.com/feed
[2026-04-27 06:30:06] ✘ 有 2 条订阅头像无法访问, 已使用默认头像:
[2026-04-27 06:30:06] - https://www.loyhome.com/feed
[2026-04-27 06:30:06] - http://feeds.feedburner.com/ruanyifeng
[2026-04-27 09:21:26] 本次订阅抓取结果统计:
[2026-04-27 09:21:26] 共 28 条RSS, 成功抓取 23 条.
[2026-04-27 09:21:26] ✘ 有 5 条订阅解析失败:
[2026-04-27 09:21:26] - https://blog.pursuitus.com/feed
[2026-04-27 09:21:26] - https://geekinney.com/index.xml
[2026-04-27 09:21:26] - https://tcxx.info/feed
[2026-04-27 09:21:26] - https://tumutanzi.com/feed
[2026-04-27 09:21:26] - https://www.shephe.com/feed
[2026-04-27 09:21:26] ✘ 有 2 条订阅头像无法访问, 已使用默认头像:
[2026-04-27 09:21:26] - https://www.loyhome.com/feed
[2026-04-27 09:21:26] - http://feeds.feedburner.com/ruanyifeng
[2026-04-27 11:46:31] 本次订阅抓取结果统计:
[2026-04-27 11:46:31] 共 28 条RSS, 成功抓取 22 条.
[2026-04-27 11:46:31] ✘ 有 6 条订阅解析失败:
[2026-04-27 11:46:31] - https://blog.yanqingshan.com/feed
[2026-04-27 11:46:31] - https://blog.pursuitus.com/feed
[2026-04-27 11:46:31] - https://geekinney.com/index.xml
[2026-04-27 11:46:31] - https://tcxx.info/feed
[2026-04-27 11:46:31] - https://tumutanzi.com/feed
[2026-04-27 11:46:31] - https://www.shephe.com/feed
[2026-04-27 11:46:31] ✘ 有 2 条订阅头像无法访问, 已使用默认头像:
[2026-04-27 11:46:31] - https://www.loyhome.com/feed
[2026-04-27 11:46:31] - http://feeds.feedburner.com/ruanyifeng
