[2026-02-06 02:27:14] 本次订阅抓取结果统计:
[2026-02-06 02:27:14] 共 28 条RSS, 成功抓取 24 条.
[2026-02-06 02:27:14] ✘ 有 4 条订阅解析失败:
[2026-02-06 02:27:14] - https://blog.pursuitus.com/feed
[2026-02-06 02:27:14] - https://tcxx.info/feed
[2026-02-06 02:27:14] - https://tumutanzi.com/feed
[2026-02-06 02:27:14] - https://geekinney.com/index.xml
[2026-02-06 02:27:14] ✘ 有 2 条订阅头像无法访问, 已使用默认头像:
[2026-02-06 02:27:14] - http://feeds.feedburner.com/ruanyifeng
[2026-02-06 02:27:14] - https://oba.by/feed
[2026-02-06 04:49:20] 本次订阅抓取结果统计:
[2026-02-06 04:49:20] 共 28 条RSS, 成功抓取 24 条.
[2026-02-06 04:49:20] ✘ 有 4 条订阅解析失败:
[2026-02-06 04:49:20] - https://blog.pursuitus.com/feed
[2026-02-06 04:49:20] - https://tcxx.info/feed
[2026-02-06 04:49:20] - https://tumutanzi.com/feed
[2026-02-06 04:49:20] - https://geekinney.com/index.xml
[2026-02-06 04:49:20] ✘ 有 2 条订阅头像无法访问, 已使用默认头像:
[2026-02-06 04:49:20] - http://feeds.feedburner.com/ruanyifeng
[2026-02-06 04:49:20] - https://oba.by/feed
[2026-02-06 05:55:54] 本次订阅抓取结果统计:
[2026-02-06 05:55:54] 共 28 条RSS, 成功抓取 24 条.
[2026-02-06 05:55:54] ✘ 有 4 条订阅解析失败:
[2026-02-06 05:55:54] - https://blog.pursuitus.com/feed
[2026-02-06 05:55:54] - https://tcxx.info/feed
[2026-02-06 05:55:54] - https://tumutanzi.com/feed
[2026-02-06 05:55:54] - https://geekinney.com/index.xml
[2026-02-06 05:55:54] ✘ 有 3 条订阅头像无法访问, 已使用默认头像:
[2026-02-06 05:55:54] - https://oba.by/feed
[2026-02-06 05:55:54] - http://feeds.feedburner.com/ruanyifeng
[2026-02-06 05:55:54] - https://xyzbz.cn/feed
[2026-02-06 07:01:07] 本次订阅抓取结果统计:
[2026-02-06 07:01:07] 共 28 条RSS, 成功抓取 22 条.
[2026-02-06 07:01:07] ✘ 有 6 条订阅解析失败:
[2026-02-06 07:01:07] - https://blog.pursuitus.com/feed
[2026-02-06 07:01:07] - https://tcxx.info/feed
[2026-02-06 07:01:07] - https://tumutanzi.com/feed
[2026-02-06 07:01:07] - https://geekinney.com/index.xml
[2026-02-06 07:01:07] - https://wangpei.net/feed
[2026-02-06 07:01:07] - https://www.loyhome.com/feed
[2026-02-06 07:01:07] ✘ 有 2 条订阅头像无法访问, 已使用默认头像:
[2026-02-06 07:01:07] - https://oba.by/feed
[2026-02-06 07:01:07] - http://feeds.feedburner.com/ruanyifeng
