[2026-06-15 00:14:55] 本次订阅抓取结果统计:
[2026-06-15 00:14:55] 共 28 条RSS, 成功抓取 22 条.
[2026-06-15 00:14:55] ✘ 有 6 条订阅解析失败:
[2026-06-15 00:14:55] - https://blog.pursuitus.com/feed
[2026-06-15 00:14:55] - https://blog.yanqingshan.com/feed
[2026-06-15 00:14:55] - https://geekinney.com/index.xml
[2026-06-15 00:14:55] - https://tcxx.info/feed
[2026-06-15 00:14:55] - https://www.shephe.com/feed
[2026-06-15 00:14:55] - https://tumutanzi.com/feed
[2026-06-15 00:14:55] ✘ 有 3 条订阅头像无法访问, 已使用默认头像:
[2026-06-15 00:14:55] - https://blog.zhheo.com/rss.xml
[2026-06-15 00:14:55] - https://www.loyhome.com/feed
[2026-06-15 00:14:55] - http://feeds.feedburner.com/ruanyifeng
[2026-06-15 06:28:11] 本次订阅抓取结果统计:
[2026-06-15 06:28:11] 共 28 条RSS, 成功抓取 23 条.
[2026-06-15 06:28:11] ✘ 有 5 条订阅解析失败:
[2026-06-15 06:28:11] - https://blog.pursuitus.com/feed
[2026-06-15 06:28:11] - https://geekinney.com/index.xml
[2026-06-15 06:28:11] - https://tcxx.info/feed
[2026-06-15 06:28:11] - https://tumutanzi.com/feed
[2026-06-15 06:28:11] - https://www.shephe.com/feed
[2026-06-15 06:28:11] ✘ 有 2 条订阅头像无法访问, 已使用默认头像:
[2026-06-15 06:28:11] - https://www.loyhome.com/feed
[2026-06-15 06:28:11] - http://feeds.feedburner.com/ruanyifeng
[2026-06-15 13:18:23] 本次订阅抓取结果统计:
[2026-06-15 13:18:23] 共 28 条RSS, 成功抓取 22 条.
[2026-06-15 13:18:23] ✘ 有 6 条订阅解析失败:
[2026-06-15 13:18:23] - https://blog.pursuitus.com/feed
[2026-06-15 13:18:23] - https://geekinney.com/index.xml
[2026-06-15 13:18:23] - https://tcxx.info/feed
[2026-06-15 13:18:23] - https://tumutanzi.com/feed
[2026-06-15 13:18:23] - https://www.shephe.com/feed
[2026-06-15 13:18:23] - https://blog.yanqingshan.com/feed
[2026-06-15 13:18:23] ✘ 有 3 条订阅头像无法访问, 已使用默认头像:
[2026-06-15 13:18:23] - https://blog.zhheo.com/rss.xml
[2026-06-15 13:18:23] - https://www.loyhome.com/feed
[2026-06-15 13:18:23] - http://feeds.feedburner.com/ruanyifeng
[2026-06-15 18:40:31] 本次订阅抓取结果统计:
[2026-06-15 18:40:31] 共 28 条RSS, 成功抓取 22 条.
[2026-06-15 18:40:31] ✘ 有 6 条订阅解析失败:
[2026-06-15 18:40:31] - https://blog.yanqingshan.com/feed
[2026-06-15 18:40:31] - https://blog.pursuitus.com/feed
[2026-06-15 18:40:31] - https://geekinney.com/index.xml
[2026-06-15 18:40:31] - https://www.shephe.com/feed
[2026-06-15 18:40:31] - https://tumutanzi.com/feed
[2026-06-15 18:40:31] - https://tcxx.info/feed
[2026-06-15 18:40:31] ✘ 有 3 条订阅头像无法访问, 已使用默认头像:
[2026-06-15 18:40:31] - https://blog.zhheo.com/rss.xml
[2026-06-15 18:40:31] - https://www.loyhome.com/feed
[2026-06-15 18:40:31] - http://feeds.feedburner.com/ruanyifeng
