[2026-01-27 02:06:56] 本次订阅抓取结果统计:
[2026-01-27 02:06:56] 共 28 条RSS, 成功抓取 24 条.
[2026-01-27 02:06:56] ✘ 有 4 条订阅解析失败:
[2026-01-27 02:06:56] - https://blog.pursuitus.com/feed
[2026-01-27 02:06:56] - https://tcxx.info/feed
[2026-01-27 02:06:56] - https://tumutanzi.com/feed
[2026-01-27 02:06:56] - https://geekinney.com/index.xml
[2026-01-27 02:06:56] ✘ 有 3 条订阅头像无法访问, 已使用默认头像:
[2026-01-27 02:06:56] - https://oba.by/feed
[2026-01-27 02:06:56] - http://feeds.feedburner.com/ruanyifeng
[2026-01-27 02:06:56] - https://www.laruence.com/feed
[2026-01-27 04:09:32] 本次订阅抓取结果统计:
[2026-01-27 04:09:32] 共 28 条RSS, 成功抓取 24 条.
[2026-01-27 04:09:32] ✘ 有 4 条订阅解析失败:
[2026-01-27 04:09:32] - https://blog.pursuitus.com/feed
[2026-01-27 04:09:32] - https://tcxx.info/feed
[2026-01-27 04:09:32] - https://tumutanzi.com/feed
[2026-01-27 04:09:32] - https://geekinney.com/index.xml
[2026-01-27 04:09:32] ✘ 有 3 条订阅头像无法访问, 已使用默认头像:
[2026-01-27 04:09:32] - https://oba.by/feed
[2026-01-27 04:09:32] - http://feeds.feedburner.com/ruanyifeng
[2026-01-27 04:09:32] - https://www.laruence.com/feed
[2026-01-27 05:30:32] 本次订阅抓取结果统计:
[2026-01-27 05:30:32] 共 28 条RSS, 成功抓取 24 条.
[2026-01-27 05:30:32] ✘ 有 4 条订阅解析失败:
[2026-01-27 05:30:32] - https://blog.pursuitus.com/feed
[2026-01-27 05:30:32] - https://tcxx.info/feed
[2026-01-27 05:30:32] - https://tumutanzi.com/feed
[2026-01-27 05:30:32] - https://geekinney.com/index.xml
[2026-01-27 05:30:32] ✘ 有 3 条订阅头像无法访问, 已使用默认头像:
[2026-01-27 05:30:32] - https://oba.by/feed
[2026-01-27 05:30:32] - http://feeds.feedburner.com/ruanyifeng
[2026-01-27 05:30:32] - https://www.laruence.com/feed
[2026-01-27 06:40:58] 本次订阅抓取结果统计:
[2026-01-27 06:40:58] 共 28 条RSS, 成功抓取 24 条.
[2026-01-27 06:40:58] ✘ 有 4 条订阅解析失败:
[2026-01-27 06:40:58] - https://blog.pursuitus.com/feed
[2026-01-27 06:40:58] - https://tcxx.info/feed
[2026-01-27 06:40:58] - https://tumutanzi.com/feed
[2026-01-27 06:40:58] - https://geekinney.com/index.xml
[2026-01-27 06:40:58] ✘ 有 3 条订阅头像无法访问, 已使用默认头像:
[2026-01-27 06:40:58] - https://oba.by/feed
[2026-01-27 06:40:58] - http://feeds.feedburner.com/ruanyifeng
[2026-01-27 06:40:58] - https://www.laruence.com/feed
