[2026-02-18 02:32:46] 本次订阅抓取结果统计:
[2026-02-18 02:32:46] 共 28 条RSS, 成功抓取 24 条.
[2026-02-18 02:32:46] ✘ 有 4 条订阅解析失败:
[2026-02-18 02:32:46] - https://blog.pursuitus.com/feed
[2026-02-18 02:32:46] - https://tcxx.info/feed
[2026-02-18 02:32:46] - https://tumutanzi.com/feed
[2026-02-18 02:32:46] - https://geekinney.com/index.xml
[2026-02-18 02:32:46] ✘ 有 1 条订阅头像无法访问, 已使用默认头像:
[2026-02-18 02:32:46] - http://feeds.feedburner.com/ruanyifeng
[2026-02-18 04:56:54] 本次订阅抓取结果统计:
[2026-02-18 04:56:54] 共 28 条RSS, 成功抓取 24 条.
[2026-02-18 04:56:54] ✘ 有 4 条订阅解析失败:
[2026-02-18 04:56:54] - https://blog.pursuitus.com/feed
[2026-02-18 04:56:54] - https://tumutanzi.com/feed
[2026-02-18 04:56:54] - https://tcxx.info/feed
[2026-02-18 04:56:54] - https://geekinney.com/index.xml
[2026-02-18 04:56:54] ✘ 有 1 条订阅头像无法访问, 已使用默认头像:
[2026-02-18 04:56:54] - http://feeds.feedburner.com/ruanyifeng
[2026-02-18 06:04:19] 本次订阅抓取结果统计:
[2026-02-18 06:04:19] 共 28 条RSS, 成功抓取 24 条.
[2026-02-18 06:04:19] ✘ 有 4 条订阅解析失败:
[2026-02-18 06:04:19] - https://blog.pursuitus.com/feed
[2026-02-18 06:04:19] - https://tcxx.info/feed
[2026-02-18 06:04:19] - https://tumutanzi.com/feed
[2026-02-18 06:04:19] - https://geekinney.com/index.xml
[2026-02-18 06:04:19] ✘ 有 1 条订阅头像无法访问, 已使用默认头像:
[2026-02-18 06:04:19] - http://feeds.feedburner.com/ruanyifeng
[2026-02-18 07:52:27] 本次订阅抓取结果统计:
[2026-02-18 07:52:27] 共 28 条RSS, 成功抓取 24 条.
[2026-02-18 07:52:27] ✘ 有 4 条订阅解析失败:
[2026-02-18 07:52:27] - https://blog.pursuitus.com/feed
[2026-02-18 07:52:27] - https://tumutanzi.com/feed
[2026-02-18 07:52:27] - https://tcxx.info/feed
[2026-02-18 07:52:27] - https://geekinney.com/index.xml
[2026-02-18 07:52:27] ✘ 有 1 条订阅头像无法访问, 已使用默认头像:
[2026-02-18 07:52:27] - http://feeds.feedburner.com/ruanyifeng
[2026-02-18 08:51:58] 本次订阅抓取结果统计:
[2026-02-18 08:51:58] 共 28 条RSS, 成功抓取 24 条.
[2026-02-18 08:51:58] ✘ 有 4 条订阅解析失败:
[2026-02-18 08:51:58] - https://blog.pursuitus.com/feed
[2026-02-18 08:51:58] - https://tumutanzi.com/feed
[2026-02-18 08:51:58] - https://tcxx.info/feed
[2026-02-18 08:51:58] - https://geekinney.com/index.xml
[2026-02-18 08:51:58] ✘ 有 1 条订阅头像无法访问, 已使用默认头像:
[2026-02-18 08:51:58] - http://feeds.feedburner.com/ruanyifeng
[2026-02-18 09:54:00] 本次订阅抓取结果统计:
[2026-02-18 09:54:00] 共 28 条RSS, 成功抓取 24 条.
[2026-02-18 09:54:00] ✘ 有 4 条订阅解析失败:
[2026-02-18 09:54:00] - https://blog.pursuitus.com/feed
[2026-02-18 09:54:00] - https://tcxx.info/feed
[2026-02-18 09:54:00] - https://tumutanzi.com/feed
[2026-02-18 09:54:00] - https://geekinney.com/index.xml
[2026-02-18 09:54:00] ✘ 有 1 条订阅头像无法访问, 已使用默认头像:
[2026-02-18 09:54:00] - http://feeds.feedburner.com/ruanyifeng
[2026-02-18 10:51:02] 本次订阅抓取结果统计:
[2026-02-18 10:51:02] 共 28 条RSS, 成功抓取 24 条.
[2026-02-18 10:51:02] ✘ 有 4 条订阅解析失败:
[2026-02-18 10:51:02] - https://blog.pursuitus.com/feed
[2026-02-18 10:51:02] - https://tumutanzi.com/feed
[2026-02-18 10:51:02] - https://tcxx.info/feed
[2026-02-18 10:51:02] - https://geekinney.com/index.xml
[2026-02-18 10:51:02] ✘ 有 1 条订阅头像无法访问, 已使用默认头像:
[2026-02-18 10:51:02] - http://feeds.feedburner.com/ruanyifeng
[2026-02-18 11:40:51] 本次订阅抓取结果统计:
[2026-02-18 11:40:51] 共 28 条RSS, 成功抓取 24 条.
[2026-02-18 11:40:51] ✘ 有 4 条订阅解析失败:
[2026-02-18 11:40:51] - https://blog.pursuitus.com/feed
[2026-02-18 11:40:51] - https://tumutanzi.com/feed
[2026-02-18 11:40:51] - https://tcxx.info/feed
[2026-02-18 11:40:51] - https://geekinney.com/index.xml
[2026-02-18 11:40:51] ✘ 有 2 条订阅头像无法访问, 已使用默认头像:
[2026-02-18 11:40:51] - http://feeds.feedburner.com/ruanyifeng
[2026-02-18 11:40:51] - https://xyzbz.cn/feed
[2026-02-18 13:12:59] 本次订阅抓取结果统计:
[2026-02-18 13:12:59] 共 28 条RSS, 成功抓取 24 条.
[2026-02-18 13:12:59] ✘ 有 4 条订阅解析失败:
[2026-02-18 13:12:59] - https://blog.pursuitus.com/feed
[2026-02-18 13:12:59] - https://tcxx.info/feed
[2026-02-18 13:12:59] - https://tumutanzi.com/feed
[2026-02-18 13:12:59] - https://geekinney.com/index.xml
[2026-02-18 13:12:59] ✘ 有 1 条订阅头像无法访问, 已使用默认头像:
[2026-02-18 13:12:59] - http://feeds.feedburner.com/ruanyifeng
[2026-02-18 14:50:18] 本次订阅抓取结果统计:
[2026-02-18 14:50:18] 共 28 条RSS, 成功抓取 23 条.
[2026-02-18 14:50:18] ✘ 有 5 条订阅解析失败:
[2026-02-18 14:50:18] - https://blog.pursuitus.com/feed
[2026-02-18 14:50:18] - https://tcxx.info/feed
[2026-02-18 14:50:18] - https://tumutanzi.com/feed
[2026-02-18 14:50:18] - https://geekinney.com/index.xml
[2026-02-18 14:50:18] - https://wangpei.net/feed
[2026-02-18 14:50:18] ✘ 有 1 条订阅头像无法访问, 已使用默认头像:
[2026-02-18 14:50:18] - http://feeds.feedburner.com/ruanyifeng
[2026-02-18 15:55:53] 本次订阅抓取结果统计:
[2026-02-18 15:55:53] 共 28 条RSS, 成功抓取 24 条.
[2026-02-18 15:55:53] ✘ 有 4 条订阅解析失败:
[2026-02-18 15:55:53] - https://blog.pursuitus.com/feed
[2026-02-18 15:55:53] - https://tcxx.info/feed
[2026-02-18 15:55:53] - https://tumutanzi.com/feed
[2026-02-18 15:55:53] - https://geekinney.com/index.xml
[2026-02-18 15:55:53] ✘ 有 2 条订阅头像无法访问, 已使用默认头像:
[2026-02-18 15:55:53] - http://feeds.feedburner.com/ruanyifeng
[2026-02-18 15:55:53] - https://blog.yanqingshan.com/feed
[2026-02-18 17:09:25] 本次订阅抓取结果统计:
[2026-02-18 17:09:25] 共 28 条RSS, 成功抓取 24 条.
[2026-02-18 17:09:25] ✘ 有 4 条订阅解析失败:
[2026-02-18 17:09:25] - https://blog.pursuitus.com/feed
[2026-02-18 17:09:25] - https://tcxx.info/feed
[2026-02-18 17:09:25] - https://tumutanzi.com/feed
[2026-02-18 17:09:25] - https://geekinney.com/index.xml
[2026-02-18 17:09:25] ✘ 有 1 条订阅头像无法访问, 已使用默认头像:
[2026-02-18 17:09:25] - http://feeds.feedburner.com/ruanyifeng
[2026-02-18 19:00:17] 本次订阅抓取结果统计:
[2026-02-18 19:00:17] 共 28 条RSS, 成功抓取 24 条.
[2026-02-18 19:00:17] ✘ 有 4 条订阅解析失败:
[2026-02-18 19:00:17] - https://blog.pursuitus.com/feed
[2026-02-18 19:00:17] - https://tcxx.info/feed
[2026-02-18 19:00:17] - https://tumutanzi.com/feed
[2026-02-18 19:00:17] - https://geekinney.com/index.xml
[2026-02-18 19:00:17] ✘ 有 1 条订阅头像无法访问, 已使用默认头像:
[2026-02-18 19:00:17] - http://feeds.feedburner.com/ruanyifeng
[2026-02-18 19:52:23] 本次订阅抓取结果统计:
[2026-02-18 19:52:23] 共 28 条RSS, 成功抓取 24 条.
[2026-02-18 19:52:23] ✘ 有 4 条订阅解析失败:
[2026-02-18 19:52:23] - https://blog.pursuitus.com/feed
[2026-02-18 19:52:23] - https://tcxx.info/feed
[2026-02-18 19:52:23] - https://tumutanzi.com/feed
[2026-02-18 19:52:23] - https://geekinney.com/index.xml
[2026-02-18 19:52:23] ✘ 有 1 条订阅头像无法访问, 已使用默认头像:
[2026-02-18 19:52:23] - http://feeds.feedburner.com/ruanyifeng
