[2026-02-05 02:27:06] 本次订阅抓取结果统计:
[2026-02-05 02:27:06] 共 28 条RSS, 成功抓取 24 条.
[2026-02-05 02:27:06] ✘ 有 4 条订阅解析失败:
[2026-02-05 02:27:06] - https://blog.pursuitus.com/feed
[2026-02-05 02:27:06] - https://tumutanzi.com/feed
[2026-02-05 02:27:06] - https://tcxx.info/feed
[2026-02-05 02:27:06] - https://geekinney.com/index.xml
[2026-02-05 02:27:06] ✘ 有 2 条订阅头像无法访问, 已使用默认头像:
[2026-02-05 02:27:06] - https://oba.by/feed
[2026-02-05 02:27:06] - http://feeds.feedburner.com/ruanyifeng
[2026-02-05 04:50:33] 本次订阅抓取结果统计:
[2026-02-05 04:50:33] 共 28 条RSS, 成功抓取 24 条.
[2026-02-05 04:50:33] ✘ 有 4 条订阅解析失败:
[2026-02-05 04:50:33] - https://blog.pursuitus.com/feed
[2026-02-05 04:50:33] - https://tcxx.info/feed
[2026-02-05 04:50:33] - https://tumutanzi.com/feed
[2026-02-05 04:50:33] - https://geekinney.com/index.xml
[2026-02-05 04:50:33] ✘ 有 2 条订阅头像无法访问, 已使用默认头像:
[2026-02-05 04:50:33] - http://feeds.feedburner.com/ruanyifeng
[2026-02-05 04:50:33] - https://oba.by/feed
[2026-02-05 05:57:54] 本次订阅抓取结果统计:
[2026-02-05 05:57:54] 共 28 条RSS, 成功抓取 24 条.
[2026-02-05 05:57:54] ✘ 有 4 条订阅解析失败:
[2026-02-05 05:57:54] - https://blog.pursuitus.com/feed
[2026-02-05 05:57:54] - https://tcxx.info/feed
[2026-02-05 05:57:54] - https://tumutanzi.com/feed
[2026-02-05 05:57:54] - https://geekinney.com/index.xml
[2026-02-05 05:57:54] ✘ 有 2 条订阅头像无法访问, 已使用默认头像:
[2026-02-05 05:57:54] - http://feeds.feedburner.com/ruanyifeng
[2026-02-05 05:57:54] - https://oba.by/feed
[2026-02-05 07:10:51] 本次订阅抓取结果统计:
[2026-02-05 07:10:51] 共 28 条RSS, 成功抓取 24 条.
[2026-02-05 07:10:51] ✘ 有 4 条订阅解析失败:
[2026-02-05 07:10:51] - https://blog.pursuitus.com/feed
[2026-02-05 07:10:51] - https://tcxx.info/feed
[2026-02-05 07:10:51] - https://tumutanzi.com/feed
[2026-02-05 07:10:51] - https://geekinney.com/index.xml
[2026-02-05 07:10:51] ✘ 有 2 条订阅头像无法访问, 已使用默认头像:
[2026-02-05 07:10:51] - http://feeds.feedburner.com/ruanyifeng
[2026-02-05 07:10:51] - https://oba.by/feed
[2026-02-05 08:49:50] 本次订阅抓取结果统计:
[2026-02-05 08:49:50] 共 28 条RSS, 成功抓取 24 条.
[2026-02-05 08:49:50] ✘ 有 4 条订阅解析失败:
[2026-02-05 08:49:50] - https://blog.pursuitus.com/feed
[2026-02-05 08:49:50] - https://tcxx.info/feed
[2026-02-05 08:49:50] - https://tumutanzi.com/feed
[2026-02-05 08:49:50] - https://geekinney.com/index.xml
[2026-02-05 08:49:50] ✘ 有 2 条订阅头像无法访问, 已使用默认头像:
[2026-02-05 08:49:50] - https://oba.by/feed
[2026-02-05 08:49:50] - http://feeds.feedburner.com/ruanyifeng
[2026-02-05 09:51:15] 本次订阅抓取结果统计:
[2026-02-05 09:51:15] 共 28 条RSS, 成功抓取 24 条.
[2026-02-05 09:51:15] ✘ 有 4 条订阅解析失败:
[2026-02-05 09:51:15] - https://blog.pursuitus.com/feed
[2026-02-05 09:51:15] - https://tcxx.info/feed
[2026-02-05 09:51:15] - https://tumutanzi.com/feed
[2026-02-05 09:51:15] - https://geekinney.com/index.xml
[2026-02-05 09:51:15] ✘ 有 2 条订阅头像无法访问, 已使用默认头像:
[2026-02-05 09:51:15] - https://oba.by/feed
[2026-02-05 09:51:15] - http://feeds.feedburner.com/ruanyifeng
[2026-02-05 10:45:01] 本次订阅抓取结果统计:
[2026-02-05 10:45:01] 共 28 条RSS, 成功抓取 24 条.
[2026-02-05 10:45:01] ✘ 有 4 条订阅解析失败:
[2026-02-05 10:45:01] - https://blog.pursuitus.com/feed
[2026-02-05 10:45:01] - https://tcxx.info/feed
[2026-02-05 10:45:01] - https://tumutanzi.com/feed
[2026-02-05 10:45:01] - https://geekinney.com/index.xml
[2026-02-05 10:45:01] ✘ 有 2 条订阅头像无法访问, 已使用默认头像:
[2026-02-05 10:45:01] - https://oba.by/feed
[2026-02-05 10:45:01] - http://feeds.feedburner.com/ruanyifeng
[2026-02-05 11:37:48] 本次订阅抓取结果统计:
[2026-02-05 11:37:48] 共 28 条RSS, 成功抓取 24 条.
[2026-02-05 11:37:48] ✘ 有 4 条订阅解析失败:
[2026-02-05 11:37:48] - https://blog.pursuitus.com/feed
[2026-02-05 11:37:48] - https://tcxx.info/feed
[2026-02-05 11:37:48] - https://tumutanzi.com/feed
[2026-02-05 11:37:48] - https://geekinney.com/index.xml
[2026-02-05 11:37:48] ✘ 有 2 条订阅头像无法访问, 已使用默认头像:
[2026-02-05 11:37:48] - https://oba.by/feed
[2026-02-05 11:37:48] - http://feeds.feedburner.com/ruanyifeng
[2026-02-05 13:10:07] 本次订阅抓取结果统计:
[2026-02-05 13:10:07] 共 28 条RSS, 成功抓取 24 条.
[2026-02-05 13:10:07] ✘ 有 4 条订阅解析失败:
[2026-02-05 13:10:07] - https://blog.pursuitus.com/feed
[2026-02-05 13:10:07] - https://tcxx.info/feed
[2026-02-05 13:10:07] - https://tumutanzi.com/feed
[2026-02-05 13:10:07] - https://geekinney.com/index.xml
[2026-02-05 13:10:07] ✘ 有 2 条订阅头像无法访问, 已使用默认头像:
[2026-02-05 13:10:07] - https://oba.by/feed
[2026-02-05 13:10:07] - http://feeds.feedburner.com/ruanyifeng
[2026-02-05 14:47:43] 本次订阅抓取结果统计:
[2026-02-05 14:47:43] 共 28 条RSS, 成功抓取 24 条.
[2026-02-05 14:47:43] ✘ 有 4 条订阅解析失败:
[2026-02-05 14:47:43] - https://blog.pursuitus.com/feed
[2026-02-05 14:47:43] - https://tcxx.info/feed
[2026-02-05 14:47:43] - https://tumutanzi.com/feed
[2026-02-05 14:47:43] - https://geekinney.com/index.xml
[2026-02-05 14:47:43] ✘ 有 2 条订阅头像无法访问, 已使用默认头像:
[2026-02-05 14:47:43] - http://feeds.feedburner.com/ruanyifeng
[2026-02-05 14:47:43] - https://oba.by/feed
[2026-02-05 15:44:10] 本次订阅抓取结果统计:
[2026-02-05 15:44:10] 共 28 条RSS, 成功抓取 24 条.
[2026-02-05 15:44:10] ✘ 有 4 条订阅解析失败:
[2026-02-05 15:44:10] - https://blog.pursuitus.com/feed
[2026-02-05 15:44:10] - https://tumutanzi.com/feed
[2026-02-05 15:44:10] - https://tcxx.info/feed
[2026-02-05 15:44:10] - https://geekinney.com/index.xml
[2026-02-05 15:44:10] ✘ 有 2 条订阅头像无法访问, 已使用默认头像:
[2026-02-05 15:44:10] - https://oba.by/feed
[2026-02-05 15:44:10] - http://feeds.feedburner.com/ruanyifeng
[2026-02-05 16:54:45] 本次订阅抓取结果统计:
[2026-02-05 16:54:45] 共 28 条RSS, 成功抓取 24 条.
[2026-02-05 16:54:45] ✘ 有 4 条订阅解析失败:
[2026-02-05 16:54:45] - https://blog.pursuitus.com/feed
[2026-02-05 16:54:45] - https://tcxx.info/feed
[2026-02-05 16:54:45] - https://tumutanzi.com/feed
[2026-02-05 16:54:45] - https://geekinney.com/index.xml
[2026-02-05 16:54:45] ✘ 有 2 条订阅头像无法访问, 已使用默认头像:
[2026-02-05 16:54:45] - http://feeds.feedburner.com/ruanyifeng
[2026-02-05 16:54:45] - https://oba.by/feed
[2026-02-05 17:52:07] 本次订阅抓取结果统计:
[2026-02-05 17:52:07] 共 28 条RSS, 成功抓取 24 条.
[2026-02-05 17:52:07] ✘ 有 4 条订阅解析失败:
[2026-02-05 17:52:07] - https://blog.pursuitus.com/feed
[2026-02-05 17:52:07] - https://tcxx.info/feed
[2026-02-05 17:52:07] - https://tumutanzi.com/feed
[2026-02-05 17:52:07] - https://geekinney.com/index.xml
[2026-02-05 17:52:07] ✘ 有 2 条订阅头像无法访问, 已使用默认头像:
[2026-02-05 17:52:07] - https://oba.by/feed
[2026-02-05 17:52:07] - http://feeds.feedburner.com/ruanyifeng
