[2026-03-17 02:28:58] 本次订阅抓取结果统计:
[2026-03-17 02:28:58] 共 28 条RSS, 成功抓取 24 条.
[2026-03-17 02:28:58] ✘ 有 4 条订阅解析失败:
[2026-03-17 02:28:58] - https://blog.pursuitus.com/feed
[2026-03-17 02:28:58] - https://tumutanzi.com/feed
[2026-03-17 02:28:58] - https://tcxx.info/feed
[2026-03-17 02:28:58] - https://geekinney.com/index.xml
[2026-03-17 02:28:58] ✘ 有 1 条订阅头像无法访问, 已使用默认头像:
[2026-03-17 02:28:58] - http://feeds.feedburner.com/ruanyifeng
[2026-03-17 04:55:36] 本次订阅抓取结果统计:
[2026-03-17 04:55:36] 共 28 条RSS, 成功抓取 23 条.
[2026-03-17 04:55:36] ✘ 有 5 条订阅解析失败:
[2026-03-17 04:55:36] - https://blog.pursuitus.com/feed
[2026-03-17 04:55:36] - https://geekinney.com/index.xml
[2026-03-17 04:55:36] - https://tcxx.info/feed
[2026-03-17 04:55:36] - https://tumutanzi.com/feed
[2026-03-17 04:55:36] - https://wangpei.net/feed
[2026-03-17 04:55:36] ✘ 有 3 条订阅头像无法访问, 已使用默认头像:
[2026-03-17 04:55:36] - https://blog.zhheo.com/rss.xml
[2026-03-17 04:55:36] - http://feeds.feedburner.com/ruanyifeng
[2026-03-17 04:55:36] - https://www.loyhome.com/feed
[2026-03-17 06:01:40] 本次订阅抓取结果统计:
[2026-03-17 06:01:40] 共 28 条RSS, 成功抓取 23 条.
[2026-03-17 06:01:40] ✘ 有 5 条订阅解析失败:
[2026-03-17 06:01:40] - https://blog.pursuitus.com/feed
[2026-03-17 06:01:40] - https://geekinney.com/index.xml
[2026-03-17 06:01:40] - https://tcxx.info/feed
[2026-03-17 06:01:40] - https://tumutanzi.com/feed
[2026-03-17 06:01:40] - https://wangpei.net/feed
[2026-03-17 06:01:40] ✘ 有 1 条订阅头像无法访问, 已使用默认头像:
[2026-03-17 06:01:40] - http://feeds.feedburner.com/ruanyifeng
[2026-03-17 07:55:18] 本次订阅抓取结果统计:
[2026-03-17 07:55:18] 共 28 条RSS, 成功抓取 23 条.
[2026-03-17 07:55:18] ✘ 有 5 条订阅解析失败:
[2026-03-17 07:55:18] - https://blog.pursuitus.com/feed
[2026-03-17 07:55:18] - https://geekinney.com/index.xml
[2026-03-17 07:55:18] - https://tcxx.info/feed
[2026-03-17 07:55:18] - https://tumutanzi.com/feed
[2026-03-17 07:55:18] - https://wangpei.net/feed
[2026-03-17 07:55:18] ✘ 有 1 条订阅头像无法访问, 已使用默认头像:
[2026-03-17 07:55:18] - http://feeds.feedburner.com/ruanyifeng
[2026-03-17 08:57:56] 本次订阅抓取结果统计:
[2026-03-17 08:57:56] 共 28 条RSS, 成功抓取 23 条.
[2026-03-17 08:57:56] ✘ 有 5 条订阅解析失败:
[2026-03-17 08:57:56] - https://blog.pursuitus.com/feed
[2026-03-17 08:57:56] - https://geekinney.com/index.xml
[2026-03-17 08:57:56] - https://tcxx.info/feed
[2026-03-17 08:57:56] - https://tumutanzi.com/feed
[2026-03-17 08:57:56] - https://wangpei.net/feed
[2026-03-17 08:57:56] ✘ 有 1 条订阅头像无法访问, 已使用默认头像:
[2026-03-17 08:57:56] - http://feeds.feedburner.com/ruanyifeng
[2026-03-17 10:01:21] 本次订阅抓取结果统计:
[2026-03-17 10:01:21] 共 28 条RSS, 成功抓取 23 条.
[2026-03-17 10:01:21] ✘ 有 5 条订阅解析失败:
[2026-03-17 10:01:21] - https://blog.pursuitus.com/feed
[2026-03-17 10:01:21] - https://tcxx.info/feed
[2026-03-17 10:01:21] - https://geekinney.com/index.xml
[2026-03-17 10:01:21] - https://tumutanzi.com/feed
[2026-03-17 10:01:21] - https://wangpei.net/feed
[2026-03-17 10:01:21] ✘ 有 2 条订阅头像无法访问, 已使用默认头像:
[2026-03-17 10:01:21] - http://feeds.feedburner.com/ruanyifeng
[2026-03-17 10:01:21] - https://xyzbz.cn/feed
[2026-03-17 11:44:37] 本次订阅抓取结果统计:
[2026-03-17 11:44:37] 共 28 条RSS, 成功抓取 23 条.
[2026-03-17 11:44:37] ✘ 有 5 条订阅解析失败:
[2026-03-17 11:44:37] - https://blog.pursuitus.com/feed
[2026-03-17 11:44:37] - https://geekinney.com/index.xml
[2026-03-17 11:44:37] - https://tcxx.info/feed
[2026-03-17 11:44:37] - https://tumutanzi.com/feed
[2026-03-17 11:44:37] - https://wangpei.net/feed
[2026-03-17 11:44:37] ✘ 有 1 条订阅头像无法访问, 已使用默认头像:
[2026-03-17 11:44:37] - http://feeds.feedburner.com/ruanyifeng
[2026-03-17 13:20:24] 本次订阅抓取结果统计:
[2026-03-17 13:20:24] 共 28 条RSS, 成功抓取 23 条.
[2026-03-17 13:20:24] ✘ 有 5 条订阅解析失败:
[2026-03-17 13:20:24] - https://blog.pursuitus.com/feed
[2026-03-17 13:20:24] - https://geekinney.com/index.xml
[2026-03-17 13:20:24] - https://tcxx.info/feed
[2026-03-17 13:20:24] - https://tumutanzi.com/feed
[2026-03-17 13:20:24] - https://wangpei.net/feed
[2026-03-17 13:20:24] ✘ 有 1 条订阅头像无法访问, 已使用默认头像:
[2026-03-17 13:20:24] - http://feeds.feedburner.com/ruanyifeng
[2026-03-17 15:00:52] 本次订阅抓取结果统计:
[2026-03-17 15:00:52] 共 28 条RSS, 成功抓取 23 条.
[2026-03-17 15:00:52] ✘ 有 5 条订阅解析失败:
[2026-03-17 15:00:52] - https://blog.pursuitus.com/feed
[2026-03-17 15:00:52] - https://geekinney.com/index.xml
[2026-03-17 15:00:52] - https://tcxx.info/feed
[2026-03-17 15:00:52] - https://tumutanzi.com/feed
[2026-03-17 15:00:52] - https://wangpei.net/feed
[2026-03-17 15:00:52] ✘ 有 2 条订阅头像无法访问, 已使用默认头像:
[2026-03-17 15:00:52] - http://feeds.feedburner.com/ruanyifeng
[2026-03-17 15:00:52] - https://www.loyhome.com/feed
[2026-03-17 16:15:05] 本次订阅抓取结果统计:
[2026-03-17 16:15:05] 共 28 条RSS, 成功抓取 23 条.
[2026-03-17 16:15:05] ✘ 有 5 条订阅解析失败:
[2026-03-17 16:15:05] - https://blog.pursuitus.com/feed
[2026-03-17 16:15:05] - https://tcxx.info/feed
[2026-03-17 16:15:05] - https://geekinney.com/index.xml
[2026-03-17 16:15:05] - https://tumutanzi.com/feed
[2026-03-17 16:15:05] - https://wangpei.net/feed
[2026-03-17 16:15:05] ✘ 有 1 条订阅头像无法访问, 已使用默认头像:
[2026-03-17 16:15:05] - http://feeds.feedburner.com/ruanyifeng
[2026-03-17 18:02:35] 本次订阅抓取结果统计:
[2026-03-17 18:02:35] 共 28 条RSS, 成功抓取 22 条.
[2026-03-17 18:02:35] ✘ 有 6 条订阅解析失败:
[2026-03-17 18:02:35] - https://blog.pursuitus.com/feed
[2026-03-17 18:02:35] - https://tcxx.info/feed
[2026-03-17 18:02:35] - https://geekinney.com/index.xml
[2026-03-17 18:02:35] - https://tumutanzi.com/feed
[2026-03-17 18:02:35] - https://www.loyhome.com/feed
[2026-03-17 18:02:35] - https://wangpei.net/feed
[2026-03-17 18:02:35] ✘ 有 1 条订阅头像无法访问, 已使用默认头像:
[2026-03-17 18:02:35] - http://feeds.feedburner.com/ruanyifeng
[2026-03-17 19:54:55] 本次订阅抓取结果统计:
[2026-03-17 19:54:55] 共 28 条RSS, 成功抓取 23 条.
[2026-03-17 19:54:55] ✘ 有 5 条订阅解析失败:
[2026-03-17 19:54:55] - https://blog.pursuitus.com/feed
[2026-03-17 19:54:55] - https://geekinney.com/index.xml
[2026-03-17 19:54:55] - https://tcxx.info/feed
[2026-03-17 19:54:55] - https://tumutanzi.com/feed
[2026-03-17 19:54:55] - https://wangpei.net/feed
[2026-03-17 19:54:55] ✘ 有 1 条订阅头像无法访问, 已使用默认头像:
[2026-03-17 19:54:55] - http://feeds.feedburner.com/ruanyifeng
[2026-03-17 20:42:51] 本次订阅抓取结果统计:
[2026-03-17 20:42:51] 共 28 条RSS, 成功抓取 23 条.
[2026-03-17 20:42:51] ✘ 有 5 条订阅解析失败:
[2026-03-17 20:42:51] - https://blog.pursuitus.com/feed
[2026-03-17 20:42:51] - https://geekinney.com/index.xml
[2026-03-17 20:42:51] - https://tcxx.info/feed
[2026-03-17 20:42:51] - https://tumutanzi.com/feed
[2026-03-17 20:42:51] - https://wangpei.net/feed
[2026-03-17 20:42:51] ✘ 有 2 条订阅头像无法访问, 已使用默认头像:
[2026-03-17 20:42:51] - http://feeds.feedburner.com/ruanyifeng
[2026-03-17 20:42:51] - https://www.loyhome.com/feed
[2026-03-17 21:41:37] 本次订阅抓取结果统计:
[2026-03-17 21:41:37] 共 28 条RSS, 成功抓取 23 条.
[2026-03-17 21:41:37] ✘ 有 5 条订阅解析失败:
[2026-03-17 21:41:37] - https://blog.pursuitus.com/feed
[2026-03-17 21:41:37] - https://geekinney.com/index.xml
[2026-03-17 21:41:37] - https://tcxx.info/feed
[2026-03-17 21:41:37] - https://tumutanzi.com/feed
[2026-03-17 21:41:37] - https://wangpei.net/feed
[2026-03-17 21:41:37] ✘ 有 2 条订阅头像无法访问, 已使用默认头像:
[2026-03-17 21:41:37] - http://feeds.feedburner.com/ruanyifeng
[2026-03-17 21:41:37] - https://xyzbz.cn/feed
