[2026-01-29 02:24:44] 本次订阅抓取结果统计:
[2026-01-29 02:24:44] 共 28 条RSS, 成功抓取 23 条.
[2026-01-29 02:24:44] ✘ 有 5 条订阅解析失败:
[2026-01-29 02:24:44] - https://blog.pursuitus.com/feed
[2026-01-29 02:24:44] - https://tcxx.info/feed
[2026-01-29 02:24:44] - https://tumutanzi.com/feed
[2026-01-29 02:24:44] - https://geekinney.com/index.xml
[2026-01-29 02:24:44] - https://oba.by/feed
[2026-01-29 02:24:44] ✘ 有 3 条订阅头像无法访问, 已使用默认头像:
[2026-01-29 02:24:44] - http://feeds.feedburner.com/ruanyifeng
[2026-01-29 02:24:44] - https://www.laruence.com/feed
[2026-01-29 02:24:44] - https://www.loyhome.com/feed
[2026-01-29 04:41:42] 本次订阅抓取结果统计:
[2026-01-29 04:41:42] 共 28 条RSS, 成功抓取 23 条.
[2026-01-29 04:41:42] ✘ 有 5 条订阅解析失败:
[2026-01-29 04:41:42] - https://blog.pursuitus.com/feed
[2026-01-29 04:41:42] - https://tcxx.info/feed
[2026-01-29 04:41:42] - https://tumutanzi.com/feed
[2026-01-29 04:41:42] - https://geekinney.com/index.xml
[2026-01-29 04:41:42] - https://oba.by/feed
[2026-01-29 04:41:42] ✘ 有 2 条订阅头像无法访问, 已使用默认头像:
[2026-01-29 04:41:42] - http://feeds.feedburner.com/ruanyifeng
[2026-01-29 04:41:42] - https://www.loyhome.com/feed
[2026-01-29 05:48:09] 本次订阅抓取结果统计:
[2026-01-29 05:48:09] 共 28 条RSS, 成功抓取 23 条.
[2026-01-29 05:48:09] ✘ 有 5 条订阅解析失败:
[2026-01-29 05:48:09] - https://blog.pursuitus.com/feed
[2026-01-29 05:48:09] - https://tcxx.info/feed
[2026-01-29 05:48:09] - https://tumutanzi.com/feed
[2026-01-29 05:48:09] - https://geekinney.com/index.xml
[2026-01-29 05:48:09] - https://oba.by/feed
[2026-01-29 05:48:09] ✘ 有 1 条订阅头像无法访问, 已使用默认头像:
[2026-01-29 05:48:09] - http://feeds.feedburner.com/ruanyifeng
