[2026-05-23 03:35:09] 本次订阅抓取结果统计:
[2026-05-23 03:35:09] 共 28 条RSS, 成功抓取 23 条.
[2026-05-23 03:35:09] ✘ 有 5 条订阅解析失败:
[2026-05-23 03:35:09] - https://blog.pursuitus.com/feed
[2026-05-23 03:35:09] - https://geekinney.com/index.xml
[2026-05-23 03:35:09] - https://tumutanzi.com/feed
[2026-05-23 03:35:09] - https://tcxx.info/feed
[2026-05-23 03:35:09] - https://www.shephe.com/feed
[2026-05-23 03:35:09] ✘ 有 3 条订阅头像无法访问, 已使用默认头像:
[2026-05-23 03:35:09] - https://www.loyhome.com/feed
[2026-05-23 03:35:09] - http://feeds.feedburner.com/ruanyifeng
[2026-05-23 03:35:09] - https://xyzbz.cn/feed
[2026-05-23 06:36:02] 本次订阅抓取结果统计:
[2026-05-23 06:36:02] 共 28 条RSS, 成功抓取 23 条.
[2026-05-23 06:36:02] ✘ 有 5 条订阅解析失败:
[2026-05-23 06:36:02] - https://blog.pursuitus.com/feed
[2026-05-23 06:36:02] - https://geekinney.com/index.xml
[2026-05-23 06:36:02] - https://tcxx.info/feed
[2026-05-23 06:36:02] - https://tumutanzi.com/feed
[2026-05-23 06:36:02] - https://www.shephe.com/feed
[2026-05-23 06:36:02] ✘ 有 4 条订阅头像无法访问, 已使用默认头像:
[2026-05-23 06:36:02] - https://oba.by/feed
[2026-05-23 06:36:02] - https://www.loyhome.com/feed
[2026-05-23 06:36:02] - https://xyzbz.cn/feed
[2026-05-23 06:36:02] - http://feeds.feedburner.com/ruanyifeng
[2026-05-23 09:03:37] 本次订阅抓取结果统计:
[2026-05-23 09:03:37] 共 28 条RSS, 成功抓取 23 条.
[2026-05-23 09:03:37] ✘ 有 5 条订阅解析失败:
[2026-05-23 09:03:37] - https://blog.pursuitus.com/feed
[2026-05-23 09:03:37] - https://geekinney.com/index.xml
[2026-05-23 09:03:37] - https://tcxx.info/feed
[2026-05-23 09:03:37] - https://tumutanzi.com/feed
[2026-05-23 09:03:37] - https://www.shephe.com/feed
[2026-05-23 09:03:37] ✘ 有 3 条订阅头像无法访问, 已使用默认头像:
[2026-05-23 09:03:37] - https://www.loyhome.com/feed
[2026-05-23 09:03:37] - https://xyzbz.cn/feed
[2026-05-23 09:03:37] - http://feeds.feedburner.com/ruanyifeng
