[2026-03-07 02:12:05] 本次订阅抓取结果统计:
[2026-03-07 02:12:05] 共 28 条RSS, 成功抓取 24 条.
[2026-03-07 02:12:05] ✘ 有 4 条订阅解析失败:
[2026-03-07 02:12:05] - https://blog.pursuitus.com/feed
[2026-03-07 02:12:05] - https://tumutanzi.com/feed
[2026-03-07 02:12:05] - https://tcxx.info/feed
[2026-03-07 02:12:05] - https://geekinney.com/index.xml
[2026-03-07 02:12:05] ✘ 有 1 条订阅头像无法访问, 已使用默认头像:
[2026-03-07 02:12:05] - http://feeds.feedburner.com/ruanyifeng
[2026-03-07 04:23:30] 本次订阅抓取结果统计:
[2026-03-07 04:23:30] 共 28 条RSS, 成功抓取 24 条.
[2026-03-07 04:23:30] ✘ 有 4 条订阅解析失败:
[2026-03-07 04:23:30] - https://blog.pursuitus.com/feed
[2026-03-07 04:23:30] - https://tumutanzi.com/feed
[2026-03-07 04:23:30] - https://tcxx.info/feed
[2026-03-07 04:23:30] - https://geekinney.com/index.xml
[2026-03-07 04:23:30] ✘ 有 1 条订阅头像无法访问, 已使用默认头像:
[2026-03-07 04:23:30] - http://feeds.feedburner.com/ruanyifeng
[2026-03-07 05:39:39] 本次订阅抓取结果统计:
[2026-03-07 05:39:39] 共 28 条RSS, 成功抓取 23 条.
[2026-03-07 05:39:39] ✘ 有 5 条订阅解析失败:
[2026-03-07 05:39:39] - https://blog.pursuitus.com/feed
[2026-03-07 05:39:39] - https://tumutanzi.com/feed
[2026-03-07 05:39:39] - https://tcxx.info/feed
[2026-03-07 05:39:39] - https://geekinney.com/index.xml
[2026-03-07 05:39:39] - https://wangpei.net/feed
[2026-03-07 05:39:39] ✘ 有 1 条订阅头像无法访问, 已使用默认头像:
[2026-03-07 05:39:39] - http://feeds.feedburner.com/ruanyifeng
[2026-03-07 06:47:36] 本次订阅抓取结果统计:
[2026-03-07 06:47:36] 共 28 条RSS, 成功抓取 24 条.
[2026-03-07 06:47:36] ✘ 有 4 条订阅解析失败:
[2026-03-07 06:47:36] - https://blog.pursuitus.com/feed
[2026-03-07 06:47:36] - https://tcxx.info/feed
[2026-03-07 06:47:36] - https://tumutanzi.com/feed
[2026-03-07 06:47:36] - https://geekinney.com/index.xml
[2026-03-07 06:47:36] ✘ 有 1 条订阅头像无法访问, 已使用默认头像:
[2026-03-07 06:47:36] - http://feeds.feedburner.com/ruanyifeng
[2026-03-07 07:31:57] 本次订阅抓取结果统计:
[2026-03-07 07:31:57] 共 28 条RSS, 成功抓取 24 条.
[2026-03-07 07:31:57] ✘ 有 4 条订阅解析失败:
[2026-03-07 07:31:57] - https://blog.pursuitus.com/feed
[2026-03-07 07:31:57] - https://tcxx.info/feed
[2026-03-07 07:31:57] - https://tumutanzi.com/feed
[2026-03-07 07:31:57] - https://geekinney.com/index.xml
[2026-03-07 07:31:57] ✘ 有 2 条订阅头像无法访问, 已使用默认头像:
[2026-03-07 07:31:57] - https://blog.zhheo.com/rss.xml
[2026-03-07 07:31:57] - http://feeds.feedburner.com/ruanyifeng
[2026-03-07 08:36:11] 本次订阅抓取结果统计:
[2026-03-07 08:36:11] 共 28 条RSS, 成功抓取 24 条.
[2026-03-07 08:36:11] ✘ 有 4 条订阅解析失败:
[2026-03-07 08:36:11] - https://blog.pursuitus.com/feed
[2026-03-07 08:36:11] - https://tumutanzi.com/feed
[2026-03-07 08:36:11] - https://tcxx.info/feed
[2026-03-07 08:36:11] - https://geekinney.com/index.xml
[2026-03-07 08:36:11] ✘ 有 1 条订阅头像无法访问, 已使用默认头像:
[2026-03-07 08:36:11] - http://feeds.feedburner.com/ruanyifeng
[2026-03-07 09:32:55] 本次订阅抓取结果统计:
[2026-03-07 09:32:55] 共 28 条RSS, 成功抓取 24 条.
[2026-03-07 09:32:55] ✘ 有 4 条订阅解析失败:
[2026-03-07 09:32:55] - https://blog.pursuitus.com/feed
[2026-03-07 09:32:55] - https://tcxx.info/feed
[2026-03-07 09:32:55] - https://tumutanzi.com/feed
[2026-03-07 09:32:55] - https://geekinney.com/index.xml
[2026-03-07 09:32:55] ✘ 有 1 条订阅头像无法访问, 已使用默认头像:
[2026-03-07 09:32:55] - http://feeds.feedburner.com/ruanyifeng
[2026-03-07 10:28:24] 本次订阅抓取结果统计:
[2026-03-07 10:28:24] 共 28 条RSS, 成功抓取 23 条.
[2026-03-07 10:28:24] ✘ 有 5 条订阅解析失败:
[2026-03-07 10:28:24] - https://blog.pursuitus.com/feed
[2026-03-07 10:28:24] - https://tcxx.info/feed
[2026-03-07 10:28:24] - https://tumutanzi.com/feed
[2026-03-07 10:28:24] - https://geekinney.com/index.xml
[2026-03-07 10:28:24] - https://wangpei.net/feed
[2026-03-07 10:28:24] ✘ 有 1 条订阅头像无法访问, 已使用默认头像:
[2026-03-07 10:28:24] - http://feeds.feedburner.com/ruanyifeng
[2026-03-07 11:23:38] 本次订阅抓取结果统计:
[2026-03-07 11:23:38] 共 28 条RSS, 成功抓取 24 条.
[2026-03-07 11:23:38] ✘ 有 4 条订阅解析失败:
[2026-03-07 11:23:38] - https://blog.pursuitus.com/feed
[2026-03-07 11:23:38] - https://tcxx.info/feed
[2026-03-07 11:23:38] - https://tumutanzi.com/feed
[2026-03-07 11:23:38] - https://geekinney.com/index.xml
[2026-03-07 11:23:38] ✘ 有 1 条订阅头像无法访问, 已使用默认头像:
[2026-03-07 11:23:38] - http://feeds.feedburner.com/ruanyifeng
[2026-03-07 12:55:02] 本次订阅抓取结果统计:
[2026-03-07 12:55:02] 共 28 条RSS, 成功抓取 24 条.
[2026-03-07 12:55:02] ✘ 有 4 条订阅解析失败:
[2026-03-07 12:55:02] - https://blog.pursuitus.com/feed
[2026-03-07 12:55:02] - https://tcxx.info/feed
[2026-03-07 12:55:02] - https://tumutanzi.com/feed
[2026-03-07 12:55:02] - https://geekinney.com/index.xml
[2026-03-07 12:55:02] ✘ 有 2 条订阅头像无法访问, 已使用默认头像:
[2026-03-07 12:55:02] - http://feeds.feedburner.com/ruanyifeng
[2026-03-07 12:55:02] - https://blog.yanqingshan.com/feed
[2026-03-07 13:40:57] 本次订阅抓取结果统计:
[2026-03-07 13:40:57] 共 28 条RSS, 成功抓取 24 条.
[2026-03-07 13:40:57] ✘ 有 4 条订阅解析失败:
[2026-03-07 13:40:57] - https://blog.pursuitus.com/feed
[2026-03-07 13:40:57] - https://tcxx.info/feed
[2026-03-07 13:40:57] - https://tumutanzi.com/feed
[2026-03-07 13:40:57] - https://geekinney.com/index.xml
[2026-03-07 13:40:57] ✘ 有 1 条订阅头像无法访问, 已使用默认头像:
[2026-03-07 13:40:57] - http://feeds.feedburner.com/ruanyifeng
[2026-03-07 14:27:40] 本次订阅抓取结果统计:
[2026-03-07 14:27:40] 共 28 条RSS, 成功抓取 24 条.
[2026-03-07 14:27:40] ✘ 有 4 条订阅解析失败:
[2026-03-07 14:27:40] - https://blog.pursuitus.com/feed
[2026-03-07 14:27:40] - https://tcxx.info/feed
[2026-03-07 14:27:40] - https://tumutanzi.com/feed
[2026-03-07 14:27:40] - https://geekinney.com/index.xml
[2026-03-07 14:27:40] ✘ 有 2 条订阅头像无法访问, 已使用默认头像:
[2026-03-07 14:27:40] - http://feeds.feedburner.com/ruanyifeng
[2026-03-07 14:27:40] - https://xyzbz.cn/feed
[2026-03-07 15:27:40] 本次订阅抓取结果统计:
[2026-03-07 15:27:40] 共 28 条RSS, 成功抓取 24 条.
[2026-03-07 15:27:40] ✘ 有 4 条订阅解析失败:
[2026-03-07 15:27:40] - https://blog.pursuitus.com/feed
[2026-03-07 15:27:40] - https://tcxx.info/feed
[2026-03-07 15:27:40] - https://tumutanzi.com/feed
[2026-03-07 15:27:40] - https://geekinney.com/index.xml
[2026-03-07 15:27:40] ✘ 有 1 条订阅头像无法访问, 已使用默认头像:
[2026-03-07 15:27:40] - http://feeds.feedburner.com/ruanyifeng
[2026-03-07 16:32:21] 本次订阅抓取结果统计:
[2026-03-07 16:32:21] 共 28 条RSS, 成功抓取 24 条.
[2026-03-07 16:32:21] ✘ 有 4 条订阅解析失败:
[2026-03-07 16:32:21] - https://blog.pursuitus.com/feed
[2026-03-07 16:32:21] - https://tumutanzi.com/feed
[2026-03-07 16:32:21] - https://tcxx.info/feed
[2026-03-07 16:32:21] - https://geekinney.com/index.xml
[2026-03-07 16:32:21] ✘ 有 2 条订阅头像无法访问, 已使用默认头像:
[2026-03-07 16:32:21] - http://feeds.feedburner.com/ruanyifeng
[2026-03-07 16:32:21] - https://xyzbz.cn/feed
[2026-03-07 17:25:14] 本次订阅抓取结果统计:
[2026-03-07 17:25:14] 共 28 条RSS, 成功抓取 24 条.
[2026-03-07 17:25:14] ✘ 有 4 条订阅解析失败:
[2026-03-07 17:25:14] - https://blog.pursuitus.com/feed
[2026-03-07 17:25:14] - https://tcxx.info/feed
[2026-03-07 17:25:14] - https://tumutanzi.com/feed
[2026-03-07 17:25:14] - https://geekinney.com/index.xml
[2026-03-07 17:25:14] ✘ 有 1 条订阅头像无法访问, 已使用默认头像:
[2026-03-07 17:25:14] - http://feeds.feedburner.com/ruanyifeng
[2026-03-07 18:39:02] 本次订阅抓取结果统计:
[2026-03-07 18:39:02] 共 28 条RSS, 成功抓取 24 条.
[2026-03-07 18:39:02] ✘ 有 4 条订阅解析失败:
[2026-03-07 18:39:02] - https://blog.pursuitus.com/feed
[2026-03-07 18:39:02] - https://tcxx.info/feed
[2026-03-07 18:39:02] - https://tumutanzi.com/feed
[2026-03-07 18:39:02] - https://geekinney.com/index.xml
[2026-03-07 18:39:02] ✘ 有 1 条订阅头像无法访问, 已使用默认头像:
[2026-03-07 18:39:02] - http://feeds.feedburner.com/ruanyifeng
[2026-03-07 19:25:34] 本次订阅抓取结果统计:
[2026-03-07 19:25:34] 共 28 条RSS, 成功抓取 24 条.
[2026-03-07 19:25:34] ✘ 有 4 条订阅解析失败:
[2026-03-07 19:25:34] - https://blog.pursuitus.com/feed
[2026-03-07 19:25:34] - https://tcxx.info/feed
[2026-03-07 19:25:34] - https://tumutanzi.com/feed
[2026-03-07 19:25:34] - https://geekinney.com/index.xml
[2026-03-07 19:25:34] ✘ 有 1 条订阅头像无法访问, 已使用默认头像:
[2026-03-07 19:25:34] - http://feeds.feedburner.com/ruanyifeng
[2026-03-07 20:30:07] 本次订阅抓取结果统计:
[2026-03-07 20:30:07] 共 28 条RSS, 成功抓取 24 条.
[2026-03-07 20:30:07] ✘ 有 4 条订阅解析失败:
[2026-03-07 20:30:07] - https://blog.pursuitus.com/feed
[2026-03-07 20:30:07] - https://tumutanzi.com/feed
[2026-03-07 20:30:07] - https://tcxx.info/feed
[2026-03-07 20:30:07] - https://geekinney.com/index.xml
[2026-03-07 20:30:07] ✘ 有 1 条订阅头像无法访问, 已使用默认头像:
[2026-03-07 20:30:07] - http://feeds.feedburner.com/ruanyifeng
[2026-03-07 21:25:35] 本次订阅抓取结果统计:
[2026-03-07 21:25:35] 共 28 条RSS, 成功抓取 24 条.
[2026-03-07 21:25:35] ✘ 有 4 条订阅解析失败:
[2026-03-07 21:25:35] - https://blog.pursuitus.com/feed
[2026-03-07 21:25:35] - https://tcxx.info/feed
[2026-03-07 21:25:35] - https://tumutanzi.com/feed
[2026-03-07 21:25:35] - https://geekinney.com/index.xml
[2026-03-07 21:25:35] ✘ 有 1 条订阅头像无法访问, 已使用默认头像:
[2026-03-07 21:25:35] - http://feeds.feedburner.com/ruanyifeng
[2026-03-07 22:27:58] 本次订阅抓取结果统计:
[2026-03-07 22:27:58] 共 28 条RSS, 成功抓取 23 条.
[2026-03-07 22:27:58] ✘ 有 5 条订阅解析失败:
[2026-03-07 22:27:58] - https://blog.pursuitus.com/feed
[2026-03-07 22:27:58] - https://tcxx.info/feed
[2026-03-07 22:27:58] - https://tumutanzi.com/feed
[2026-03-07 22:27:58] - https://geekinney.com/index.xml
[2026-03-07 22:27:58] - https://wangpei.net/feed
[2026-03-07 22:27:58] ✘ 有 1 条订阅头像无法访问, 已使用默认头像:
[2026-03-07 22:27:58] - http://feeds.feedburner.com/ruanyifeng
[2026-03-07 23:27:26] 本次订阅抓取结果统计:
[2026-03-07 23:27:26] 共 28 条RSS, 成功抓取 24 条.
[2026-03-07 23:27:26] ✘ 有 4 条订阅解析失败:
[2026-03-07 23:27:26] - https://blog.pursuitus.com/feed
[2026-03-07 23:27:26] - https://tumutanzi.com/feed
[2026-03-07 23:27:26] - https://tcxx.info/feed
[2026-03-07 23:27:26] - https://geekinney.com/index.xml
[2026-03-07 23:27:26] ✘ 有 1 条订阅头像无法访问, 已使用默认头像:
[2026-03-07 23:27:26] - http://feeds.feedburner.com/ruanyifeng
