[2026-01-30 02:24:22] 本次订阅抓取结果统计:
[2026-01-30 02:24:22] 共 28 条RSS, 成功抓取 24 条.
[2026-01-30 02:24:22] ✘ 有 4 条订阅解析失败:
[2026-01-30 02:24:22] - https://blog.pursuitus.com/feed
[2026-01-30 02:24:22] - https://tcxx.info/feed
[2026-01-30 02:24:22] - https://tumutanzi.com/feed
[2026-01-30 02:24:22] - https://geekinney.com/index.xml
[2026-01-30 02:24:22] ✘ 有 2 条订阅头像无法访问, 已使用默认头像:
[2026-01-30 02:24:22] - https://oba.by/feed
[2026-01-30 02:24:22] - http://feeds.feedburner.com/ruanyifeng
[2026-01-30 04:42:47] 本次订阅抓取结果统计:
[2026-01-30 04:42:47] 共 28 条RSS, 成功抓取 24 条.
[2026-01-30 04:42:47] ✘ 有 4 条订阅解析失败:
[2026-01-30 04:42:47] - https://blog.pursuitus.com/feed
[2026-01-30 04:42:47] - https://tcxx.info/feed
[2026-01-30 04:42:47] - https://tumutanzi.com/feed
[2026-01-30 04:42:47] - https://geekinney.com/index.xml
[2026-01-30 04:42:47] ✘ 有 2 条订阅头像无法访问, 已使用默认头像:
[2026-01-30 04:42:47] - https://oba.by/feed
[2026-01-30 04:42:47] - http://feeds.feedburner.com/ruanyifeng
[2026-01-30 05:51:03] 本次订阅抓取结果统计:
[2026-01-30 05:51:03] 共 28 条RSS, 成功抓取 24 条.
[2026-01-30 05:51:03] ✘ 有 4 条订阅解析失败:
[2026-01-30 05:51:03] - https://blog.pursuitus.com/feed
[2026-01-30 05:51:03] - https://tcxx.info/feed
[2026-01-30 05:51:03] - https://tumutanzi.com/feed
[2026-01-30 05:51:03] - https://geekinney.com/index.xml
[2026-01-30 05:51:03] ✘ 有 2 条订阅头像无法访问, 已使用默认头像:
[2026-01-30 05:51:03] - http://feeds.feedburner.com/ruanyifeng
[2026-01-30 05:51:03] - https://oba.by/feed
[2026-01-30 06:55:39] 本次订阅抓取结果统计:
[2026-01-30 06:55:39] 共 28 条RSS, 成功抓取 24 条.
[2026-01-30 06:55:39] ✘ 有 4 条订阅解析失败:
[2026-01-30 06:55:39] - https://blog.pursuitus.com/feed
[2026-01-30 06:55:39] - https://tcxx.info/feed
[2026-01-30 06:55:39] - https://tumutanzi.com/feed
[2026-01-30 06:55:39] - https://geekinney.com/index.xml
[2026-01-30 06:55:39] ✘ 有 2 条订阅头像无法访问, 已使用默认头像:
[2026-01-30 06:55:39] - https://oba.by/feed
[2026-01-30 06:55:39] - http://feeds.feedburner.com/ruanyifeng
[2026-01-30 07:42:34] 本次订阅抓取结果统计:
[2026-01-30 07:42:34] 共 28 条RSS, 成功抓取 24 条.
[2026-01-30 07:42:34] ✘ 有 4 条订阅解析失败:
[2026-01-30 07:42:34] - https://blog.pursuitus.com/feed
[2026-01-30 07:42:34] - https://tcxx.info/feed
[2026-01-30 07:42:34] - https://tumutanzi.com/feed
[2026-01-30 07:42:34] - https://geekinney.com/index.xml
[2026-01-30 07:42:34] ✘ 有 2 条订阅头像无法访问, 已使用默认头像:
[2026-01-30 07:42:34] - http://feeds.feedburner.com/ruanyifeng
[2026-01-30 07:42:34] - https://oba.by/feed
[2026-01-30 08:43:51] 本次订阅抓取结果统计:
[2026-01-30 08:43:51] 共 28 条RSS, 成功抓取 24 条.
[2026-01-30 08:43:51] ✘ 有 4 条订阅解析失败:
[2026-01-30 08:43:51] - https://blog.pursuitus.com/feed
[2026-01-30 08:43:51] - https://tcxx.info/feed
[2026-01-30 08:43:51] - https://tumutanzi.com/feed
[2026-01-30 08:43:51] - https://geekinney.com/index.xml
[2026-01-30 08:43:51] ✘ 有 2 条订阅头像无法访问, 已使用默认头像:
[2026-01-30 08:43:51] - http://feeds.feedburner.com/ruanyifeng
[2026-01-30 08:43:51] - https://oba.by/feed
[2026-01-30 09:42:21] 本次订阅抓取结果统计:
[2026-01-30 09:42:21] 共 28 条RSS, 成功抓取 24 条.
[2026-01-30 09:42:21] ✘ 有 4 条订阅解析失败:
[2026-01-30 09:42:21] - https://blog.pursuitus.com/feed
[2026-01-30 09:42:21] - https://tcxx.info/feed
[2026-01-30 09:42:21] - https://tumutanzi.com/feed
[2026-01-30 09:42:21] - https://geekinney.com/index.xml
[2026-01-30 09:42:21] ✘ 有 2 条订阅头像无法访问, 已使用默认头像:
[2026-01-30 09:42:21] - https://oba.by/feed
[2026-01-30 09:42:21] - http://feeds.feedburner.com/ruanyifeng
