[2026-05-04 03:33:24] 本次订阅抓取结果统计:
[2026-05-04 03:33:24] 共 28 条RSS, 成功抓取 24 条.
[2026-05-04 03:33:24] ✘ 有 4 条订阅解析失败:
[2026-05-04 03:33:24] - https://blog.pursuitus.com/feed
[2026-05-04 03:33:24] - https://geekinney.com/index.xml
[2026-05-04 03:33:24] - https://tcxx.info/feed
[2026-05-04 03:33:24] - https://tumutanzi.com/feed
[2026-05-04 03:33:24] ✘ 有 3 条订阅头像无法访问, 已使用默认头像:
[2026-05-04 03:33:24] - https://www.loyhome.com/feed
[2026-05-04 03:33:24] - http://feeds.feedburner.com/ruanyifeng
[2026-05-04 03:33:24] - https://xyzbz.cn/feed
[2026-05-04 06:41:31] 本次订阅抓取结果统计:
[2026-05-04 06:41:31] 共 28 条RSS, 成功抓取 24 条.
[2026-05-04 06:41:31] ✘ 有 4 条订阅解析失败:
[2026-05-04 06:41:31] - https://blog.pursuitus.com/feed
[2026-05-04 06:41:31] - https://geekinney.com/index.xml
[2026-05-04 06:41:31] - https://tcxx.info/feed
[2026-05-04 06:41:31] - https://tumutanzi.com/feed
[2026-05-04 06:41:31] ✘ 有 3 条订阅头像无法访问, 已使用默认头像:
[2026-05-04 06:41:31] - https://www.loyhome.com/feed
[2026-05-04 06:41:31] - http://feeds.feedburner.com/ruanyifeng
[2026-05-04 06:41:31] - https://xyzbz.cn/feed
