[2026-04-28 03:57:09] 本次订阅抓取结果统计:
[2026-04-28 03:57:09] 共 28 条RSS, 成功抓取 23 条.
[2026-04-28 03:57:09] ✘ 有 5 条订阅解析失败:
[2026-04-28 03:57:09] - https://blog.pursuitus.com/feed
[2026-04-28 03:57:09] - https://geekinney.com/index.xml
[2026-04-28 03:57:09] - https://tcxx.info/feed
[2026-04-28 03:57:09] - https://tumutanzi.com/feed
[2026-04-28 03:57:09] - https://www.shephe.com/feed
[2026-04-28 03:57:09] ✘ 有 3 条订阅头像无法访问, 已使用默认头像:
[2026-04-28 03:57:09] - https://www.loyhome.com/feed
[2026-04-28 03:57:09] - http://feeds.feedburner.com/ruanyifeng
[2026-04-28 03:57:09] - https://xyzbz.cn/feed
[2026-04-28 06:36:16] 本次订阅抓取结果统计:
[2026-04-28 06:36:16] 共 28 条RSS, 成功抓取 23 条.
[2026-04-28 06:36:16] ✘ 有 5 条订阅解析失败:
[2026-04-28 06:36:16] - https://blog.pursuitus.com/feed
[2026-04-28 06:36:16] - https://geekinney.com/index.xml
[2026-04-28 06:36:16] - https://tcxx.info/feed
[2026-04-28 06:36:16] - https://tumutanzi.com/feed
[2026-04-28 06:36:16] - https://www.shephe.com/feed
[2026-04-28 06:36:16] ✘ 有 2 条订阅头像无法访问, 已使用默认头像:
[2026-04-28 06:36:16] - https://www.loyhome.com/feed
[2026-04-28 06:36:16] - http://feeds.feedburner.com/ruanyifeng
[2026-04-28 09:25:04] 本次订阅抓取结果统计:
[2026-04-28 09:25:04] 共 28 条RSS, 成功抓取 23 条.
[2026-04-28 09:25:04] ✘ 有 5 条订阅解析失败:
[2026-04-28 09:25:04] - https://blog.pursuitus.com/feed
[2026-04-28 09:25:04] - https://geekinney.com/index.xml
[2026-04-28 09:25:04] - https://tcxx.info/feed
[2026-04-28 09:25:04] - https://tumutanzi.com/feed
[2026-04-28 09:25:04] - https://www.shephe.com/feed
[2026-04-28 09:25:04] ✘ 有 3 条订阅头像无法访问, 已使用默认头像:
[2026-04-28 09:25:04] - https://oba.by/feed
[2026-04-28 09:25:04] - https://www.loyhome.com/feed
[2026-04-28 09:25:04] - http://feeds.feedburner.com/ruanyifeng
