[2026-04-20 03:20:12] 本次订阅抓取结果统计:
[2026-04-20 03:20:12] 共 28 条RSS, 成功抓取 22 条.
[2026-04-20 03:20:12] ✘ 有 6 条订阅解析失败:
[2026-04-20 03:20:12] - https://blog.pursuitus.com/feed
[2026-04-20 03:20:12] - https://geekinney.com/index.xml
[2026-04-20 03:20:12] - https://tcxx.info/feed
[2026-04-20 03:20:12] - https://tumutanzi.com/feed
[2026-04-20 03:20:12] - https://blog.yanqingshan.com/feed
[2026-04-20 03:20:12] - https://www.shephe.com/feed
[2026-04-20 03:20:12] ✘ 有 2 条订阅头像无法访问, 已使用默认头像:
[2026-04-20 03:20:12] - https://www.loyhome.com/feed
[2026-04-20 03:20:12] - http://feeds.feedburner.com/ruanyifeng
[2026-04-20 06:18:13] 本次订阅抓取结果统计:
[2026-04-20 06:18:13] 共 28 条RSS, 成功抓取 23 条.
[2026-04-20 06:18:13] ✘ 有 5 条订阅解析失败:
[2026-04-20 06:18:13] - https://blog.pursuitus.com/feed
[2026-04-20 06:18:13] - https://geekinney.com/index.xml
[2026-04-20 06:18:13] - https://tcxx.info/feed
[2026-04-20 06:18:13] - https://tumutanzi.com/feed
[2026-04-20 06:18:13] - https://www.shephe.com/feed
[2026-04-20 06:18:13] ✘ 有 2 条订阅头像无法访问, 已使用默认头像:
[2026-04-20 06:18:13] - https://www.loyhome.com/feed
[2026-04-20 06:18:13] - http://feeds.feedburner.com/ruanyifeng
[2026-04-20 09:08:11] 本次订阅抓取结果统计:
[2026-04-20 09:08:11] 共 28 条RSS, 成功抓取 23 条.
[2026-04-20 09:08:11] ✘ 有 5 条订阅解析失败:
[2026-04-20 09:08:11] - https://blog.pursuitus.com/feed
[2026-04-20 09:08:11] - https://geekinney.com/index.xml
[2026-04-20 09:08:11] - https://tcxx.info/feed
[2026-04-20 09:08:11] - https://www.shephe.com/feed
[2026-04-20 09:08:11] - https://tumutanzi.com/feed
[2026-04-20 09:08:11] ✘ 有 2 条订阅头像无法访问, 已使用默认头像:
[2026-04-20 09:08:11] - https://www.loyhome.com/feed
[2026-04-20 09:08:11] - http://feeds.feedburner.com/ruanyifeng
[2026-04-20 11:20:37] 本次订阅抓取结果统计:
[2026-04-20 11:20:37] 共 28 条RSS, 成功抓取 22 条.
[2026-04-20 11:20:37] ✘ 有 6 条订阅解析失败:
[2026-04-20 11:20:37] - https://blog.pursuitus.com/feed
[2026-04-20 11:20:37] - https://blog.yanqingshan.com/feed
[2026-04-20 11:20:37] - https://geekinney.com/index.xml
[2026-04-20 11:20:37] - https://tcxx.info/feed
[2026-04-20 11:20:37] - https://tumutanzi.com/feed
[2026-04-20 11:20:37] - https://www.shephe.com/feed
[2026-04-20 11:20:37] ✘ 有 2 条订阅头像无法访问, 已使用默认头像:
[2026-04-20 11:20:37] - https://www.loyhome.com/feed
[2026-04-20 11:20:37] - http://feeds.feedburner.com/ruanyifeng
