[2026-05-07 03:31:05] 本次订阅抓取结果统计:
[2026-05-07 03:31:05] 共 28 条RSS, 成功抓取 23 条.
[2026-05-07 03:31:05] ✘ 有 5 条订阅解析失败:
[2026-05-07 03:31:05] - https://blog.pursuitus.com/feed
[2026-05-07 03:31:05] - https://geekinney.com/index.xml
[2026-05-07 03:31:05] - https://tcxx.info/feed
[2026-05-07 03:31:05] - https://tumutanzi.com/feed
[2026-05-07 03:31:05] - https://blog.yanqingshan.com/feed
[2026-05-07 03:31:05] ✘ 有 4 条订阅头像无法访问, 已使用默认头像:
[2026-05-07 03:31:05] - https://blog.zhheo.com/rss.xml
[2026-05-07 03:31:05] - https://www.loyhome.com/feed
[2026-05-07 03:31:05] - http://feeds.feedburner.com/ruanyifeng
[2026-05-07 03:31:05] - https://xyzbz.cn/feed
[2026-05-07 06:38:43] 本次订阅抓取结果统计:
[2026-05-07 06:38:43] 共 28 条RSS, 成功抓取 24 条.
[2026-05-07 06:38:43] ✘ 有 4 条订阅解析失败:
[2026-05-07 06:38:43] - https://blog.pursuitus.com/feed
[2026-05-07 06:38:43] - https://geekinney.com/index.xml
[2026-05-07 06:38:43] - https://tcxx.info/feed
[2026-05-07 06:38:43] - https://tumutanzi.com/feed
[2026-05-07 06:38:43] ✘ 有 3 条订阅头像无法访问, 已使用默认头像:
[2026-05-07 06:38:43] - https://www.loyhome.com/feed
[2026-05-07 06:38:43] - http://feeds.feedburner.com/ruanyifeng
[2026-05-07 06:38:43] - https://xyzbz.cn/feed
[2026-05-07 09:35:28] 本次订阅抓取结果统计:
[2026-05-07 09:35:28] 共 28 条RSS, 成功抓取 24 条.
[2026-05-07 09:35:28] ✘ 有 4 条订阅解析失败:
[2026-05-07 09:35:28] - https://blog.pursuitus.com/feed
[2026-05-07 09:35:28] - https://geekinney.com/index.xml
[2026-05-07 09:35:28] - https://tumutanzi.com/feed
[2026-05-07 09:35:28] - https://tcxx.info/feed
[2026-05-07 09:35:28] ✘ 有 3 条订阅头像无法访问, 已使用默认头像:
[2026-05-07 09:35:28] - https://www.loyhome.com/feed
[2026-05-07 09:35:28] - http://feeds.feedburner.com/ruanyifeng
[2026-05-07 09:35:28] - https://xyzbz.cn/feed
