[2026-04-03 02:40:26] 本次订阅抓取结果统计:
[2026-04-03 02:40:26] 共 28 条RSS, 成功抓取 24 条.
[2026-04-03 02:40:26] ✘ 有 4 条订阅解析失败:
[2026-04-03 02:40:26] - https://blog.pursuitus.com/feed
[2026-04-03 02:40:26] - https://geekinney.com/index.xml
[2026-04-03 02:40:26] - https://tcxx.info/feed
[2026-04-03 02:40:26] - https://tumutanzi.com/feed
[2026-04-03 02:40:26] ✘ 有 1 条订阅头像无法访问, 已使用默认头像:
[2026-04-03 02:40:26] - http://feeds.feedburner.com/ruanyifeng
[2026-04-03 05:08:22] 本次订阅抓取结果统计:
[2026-04-03 05:08:22] 共 28 条RSS, 成功抓取 24 条.
[2026-04-03 05:08:22] ✘ 有 4 条订阅解析失败:
[2026-04-03 05:08:22] - https://blog.pursuitus.com/feed
[2026-04-03 05:08:22] - https://geekinney.com/index.xml
[2026-04-03 05:08:22] - https://tcxx.info/feed
[2026-04-03 05:08:22] - https://tumutanzi.com/feed
[2026-04-03 05:08:22] ✘ 有 1 条订阅头像无法访问, 已使用默认头像:
[2026-04-03 05:08:22] - http://feeds.feedburner.com/ruanyifeng
[2026-04-03 07:14:58] 本次订阅抓取结果统计:
[2026-04-03 07:14:58] 共 28 条RSS, 成功抓取 24 条.
[2026-04-03 07:14:58] ✘ 有 4 条订阅解析失败:
[2026-04-03 07:14:58] - https://blog.pursuitus.com/feed
[2026-04-03 07:14:58] - https://geekinney.com/index.xml
[2026-04-03 07:14:58] - https://tcxx.info/feed
[2026-04-03 07:14:58] - https://tumutanzi.com/feed
[2026-04-03 07:14:58] ✘ 有 1 条订阅头像无法访问, 已使用默认头像:
[2026-04-03 07:14:58] - http://feeds.feedburner.com/ruanyifeng
[2026-04-03 08:59:35] 本次订阅抓取结果统计:
[2026-04-03 08:59:35] 共 28 条RSS, 成功抓取 24 条.
[2026-04-03 08:59:35] ✘ 有 4 条订阅解析失败:
[2026-04-03 08:59:35] - https://blog.pursuitus.com/feed
[2026-04-03 08:59:35] - https://geekinney.com/index.xml
[2026-04-03 08:59:35] - https://tcxx.info/feed
[2026-04-03 08:59:35] - https://tumutanzi.com/feed
[2026-04-03 08:59:35] ✘ 有 1 条订阅头像无法访问, 已使用默认头像:
[2026-04-03 08:59:35] - http://feeds.feedburner.com/ruanyifeng
[2026-04-03 09:58:49] 本次订阅抓取结果统计:
[2026-04-03 09:58:49] 共 28 条RSS, 成功抓取 24 条.
[2026-04-03 09:58:49] ✘ 有 4 条订阅解析失败:
[2026-04-03 09:58:49] - https://blog.pursuitus.com/feed
[2026-04-03 09:58:49] - https://geekinney.com/index.xml
[2026-04-03 09:58:49] - https://tcxx.info/feed
[2026-04-03 09:58:49] - https://tumutanzi.com/feed
[2026-04-03 09:58:49] ✘ 有 1 条订阅头像无法访问, 已使用默认头像:
[2026-04-03 09:58:49] - http://feeds.feedburner.com/ruanyifeng
[2026-04-03 10:56:01] 本次订阅抓取结果统计:
[2026-04-03 10:56:01] 共 28 条RSS, 成功抓取 24 条.
[2026-04-03 10:56:01] ✘ 有 4 条订阅解析失败:
[2026-04-03 10:56:01] - https://blog.pursuitus.com/feed
[2026-04-03 10:56:01] - https://geekinney.com/index.xml
[2026-04-03 10:56:01] - https://tcxx.info/feed
[2026-04-03 10:56:01] - https://tumutanzi.com/feed
[2026-04-03 10:56:01] ✘ 有 1 条订阅头像无法访问, 已使用默认头像:
[2026-04-03 10:56:01] - http://feeds.feedburner.com/ruanyifeng
[2026-04-03 11:39:51] 本次订阅抓取结果统计:
[2026-04-03 11:39:51] 共 28 条RSS, 成功抓取 24 条.
[2026-04-03 11:39:51] ✘ 有 4 条订阅解析失败:
[2026-04-03 11:39:51] - https://blog.pursuitus.com/feed
[2026-04-03 11:39:51] - https://geekinney.com/index.xml
[2026-04-03 11:39:51] - https://tcxx.info/feed
[2026-04-03 11:39:51] - https://tumutanzi.com/feed
[2026-04-03 11:39:51] ✘ 有 2 条订阅头像无法访问, 已使用默认头像:
[2026-04-03 11:39:51] - http://feeds.feedburner.com/ruanyifeng
[2026-04-03 11:39:51] - https://blog.zhheo.com/rss.xml
[2026-04-03 13:11:40] 本次订阅抓取结果统计:
[2026-04-03 13:11:40] 共 28 条RSS, 成功抓取 24 条.
[2026-04-03 13:11:40] ✘ 有 4 条订阅解析失败:
[2026-04-03 13:11:40] - https://blog.pursuitus.com/feed
[2026-04-03 13:11:40] - https://geekinney.com/index.xml
[2026-04-03 13:11:40] - https://tcxx.info/feed
[2026-04-03 13:11:40] - https://tumutanzi.com/feed
[2026-04-03 13:11:40] ✘ 有 2 条订阅头像无法访问, 已使用默认头像:
[2026-04-03 13:11:40] - http://feeds.feedburner.com/ruanyifeng
[2026-04-03 13:11:40] - https://blog.yanqingshan.com/feed
[2026-04-03 14:47:39] 本次订阅抓取结果统计:
[2026-04-03 14:47:39] 共 28 条RSS, 成功抓取 24 条.
[2026-04-03 14:47:39] ✘ 有 4 条订阅解析失败:
[2026-04-03 14:47:39] - https://blog.pursuitus.com/feed
[2026-04-03 14:47:39] - https://tumutanzi.com/feed
[2026-04-03 14:47:39] - https://geekinney.com/index.xml
[2026-04-03 14:47:39] - https://tcxx.info/feed
[2026-04-03 14:47:39] ✘ 有 1 条订阅头像无法访问, 已使用默认头像:
[2026-04-03 14:47:39] - http://feeds.feedburner.com/ruanyifeng
[2026-04-03 15:41:36] 本次订阅抓取结果统计:
[2026-04-03 15:41:36] 共 28 条RSS, 成功抓取 24 条.
[2026-04-03 15:41:36] ✘ 有 4 条订阅解析失败:
[2026-04-03 15:41:36] - https://blog.pursuitus.com/feed
[2026-04-03 15:41:36] - https://geekinney.com/index.xml
[2026-04-03 15:41:36] - https://tcxx.info/feed
[2026-04-03 15:41:36] - https://tumutanzi.com/feed
[2026-04-03 15:41:36] ✘ 有 1 条订阅头像无法访问, 已使用默认头像:
[2026-04-03 15:41:36] - http://feeds.feedburner.com/ruanyifeng
[2026-04-03 16:46:38] 本次订阅抓取结果统计:
[2026-04-03 16:46:38] 共 28 条RSS, 成功抓取 24 条.
[2026-04-03 16:46:38] ✘ 有 4 条订阅解析失败:
[2026-04-03 16:46:38] - https://blog.pursuitus.com/feed
[2026-04-03 16:46:38] - https://geekinney.com/index.xml
[2026-04-03 16:46:38] - https://tumutanzi.com/feed
[2026-04-03 16:46:38] - https://tcxx.info/feed
[2026-04-03 16:46:38] ✘ 有 2 条订阅头像无法访问, 已使用默认头像:
[2026-04-03 16:46:38] - http://feeds.feedburner.com/ruanyifeng
[2026-04-03 16:46:38] - https://blog.yanqingshan.com/feed
[2026-04-03 17:37:25] 本次订阅抓取结果统计:
[2026-04-03 17:37:25] 共 28 条RSS, 成功抓取 24 条.
[2026-04-03 17:37:25] ✘ 有 4 条订阅解析失败:
[2026-04-03 17:37:25] - https://blog.pursuitus.com/feed
[2026-04-03 17:37:25] - https://tcxx.info/feed
[2026-04-03 17:37:25] - https://geekinney.com/index.xml
[2026-04-03 17:37:25] - https://tumutanzi.com/feed
[2026-04-03 17:37:25] ✘ 有 1 条订阅头像无法访问, 已使用默认头像:
[2026-04-03 17:37:25] - http://feeds.feedburner.com/ruanyifeng
[2026-04-03 18:53:28] 本次订阅抓取结果统计:
[2026-04-03 18:53:28] 共 28 条RSS, 成功抓取 24 条.
[2026-04-03 18:53:28] ✘ 有 4 条订阅解析失败:
[2026-04-03 18:53:28] - https://blog.pursuitus.com/feed
[2026-04-03 18:53:28] - https://geekinney.com/index.xml
[2026-04-03 18:53:28] - https://tcxx.info/feed
[2026-04-03 18:53:28] - https://tumutanzi.com/feed
[2026-04-03 18:53:28] ✘ 有 1 条订阅头像无法访问, 已使用默认头像:
[2026-04-03 18:53:28] - http://feeds.feedburner.com/ruanyifeng
[2026-04-03 19:40:21] 本次订阅抓取结果统计:
[2026-04-03 19:40:21] 共 28 条RSS, 成功抓取 24 条.
[2026-04-03 19:40:21] ✘ 有 4 条订阅解析失败:
[2026-04-03 19:40:21] - https://blog.pursuitus.com/feed
[2026-04-03 19:40:21] - https://geekinney.com/index.xml
[2026-04-03 19:40:21] - https://tcxx.info/feed
[2026-04-03 19:40:21] - https://tumutanzi.com/feed
[2026-04-03 19:40:21] ✘ 有 1 条订阅头像无法访问, 已使用默认头像:
[2026-04-03 19:40:21] - http://feeds.feedburner.com/ruanyifeng
[2026-04-03 20:41:04] 本次订阅抓取结果统计:
[2026-04-03 20:41:04] 共 28 条RSS, 成功抓取 24 条.
[2026-04-03 20:41:04] ✘ 有 4 条订阅解析失败:
[2026-04-03 20:41:04] - https://blog.pursuitus.com/feed
[2026-04-03 20:41:04] - https://geekinney.com/index.xml
[2026-04-03 20:41:04] - https://tumutanzi.com/feed
[2026-04-03 20:41:04] - https://tcxx.info/feed
[2026-04-03 20:41:04] ✘ 有 1 条订阅头像无法访问, 已使用默认头像:
[2026-04-03 20:41:04] - http://feeds.feedburner.com/ruanyifeng
[2026-04-03 21:37:37] 本次订阅抓取结果统计:
[2026-04-03 21:37:37] 共 28 条RSS, 成功抓取 24 条.
[2026-04-03 21:37:37] ✘ 有 4 条订阅解析失败:
[2026-04-03 21:37:37] - https://blog.pursuitus.com/feed
[2026-04-03 21:37:37] - https://geekinney.com/index.xml
[2026-04-03 21:37:37] - https://tcxx.info/feed
[2026-04-03 21:37:37] - https://tumutanzi.com/feed
[2026-04-03 21:37:37] ✘ 有 1 条订阅头像无法访问, 已使用默认头像:
[2026-04-03 21:37:37] - http://feeds.feedburner.com/ruanyifeng
[2026-04-03 22:37:47] 本次订阅抓取结果统计:
[2026-04-03 22:37:47] 共 28 条RSS, 成功抓取 24 条.
[2026-04-03 22:37:47] ✘ 有 4 条订阅解析失败:
[2026-04-03 22:37:47] - https://blog.pursuitus.com/feed
[2026-04-03 22:37:47] - https://tcxx.info/feed
[2026-04-03 22:37:47] - https://geekinney.com/index.xml
[2026-04-03 22:37:47] - https://tumutanzi.com/feed
[2026-04-03 22:37:47] ✘ 有 1 条订阅头像无法访问, 已使用默认头像:
[2026-04-03 22:37:47] - http://feeds.feedburner.com/ruanyifeng
