[2026-04-12 02:54:39] 本次订阅抓取结果统计:
[2026-04-12 02:54:39] 共 28 条RSS, 成功抓取 24 条.
[2026-04-12 02:54:39] ✘ 有 4 条订阅解析失败:
[2026-04-12 02:54:39] - https://blog.pursuitus.com/feed
[2026-04-12 02:54:39] - https://geekinney.com/index.xml
[2026-04-12 02:54:39] - https://tcxx.info/feed
[2026-04-12 02:54:39] - https://tumutanzi.com/feed
[2026-04-12 02:54:39] ✘ 有 2 条订阅头像无法访问, 已使用默认头像:
[2026-04-12 02:54:39] - https://www.loyhome.com/feed
[2026-04-12 02:54:39] - http://feeds.feedburner.com/ruanyifeng
[2026-04-12 05:27:13] 本次订阅抓取结果统计:
[2026-04-12 05:27:13] 共 28 条RSS, 成功抓取 24 条.
[2026-04-12 05:27:13] ✘ 有 4 条订阅解析失败:
[2026-04-12 05:27:13] - https://blog.pursuitus.com/feed
[2026-04-12 05:27:13] - https://geekinney.com/index.xml
[2026-04-12 05:27:13] - https://tumutanzi.com/feed
[2026-04-12 05:27:13] - https://tcxx.info/feed
[2026-04-12 05:27:13] ✘ 有 3 条订阅头像无法访问, 已使用默认头像:
[2026-04-12 05:27:13] - https://www.loyhome.com/feed
[2026-04-12 05:27:13] - http://feeds.feedburner.com/ruanyifeng
[2026-04-12 05:27:13] - https://xyzbz.cn/feed
[2026-04-12 07:20:10] 本次订阅抓取结果统计:
[2026-04-12 07:20:10] 共 28 条RSS, 成功抓取 22 条.
[2026-04-12 07:20:10] ✘ 有 6 条订阅解析失败:
[2026-04-12 07:20:10] - https://blog.pursuitus.com/feed
[2026-04-12 07:20:10] - https://blog.yanqingshan.com/feed
[2026-04-12 07:20:10] - https://geekinney.com/index.xml
[2026-04-12 07:20:10] - https://tcxx.info/feed
[2026-04-12 07:20:10] - https://tumutanzi.com/feed
[2026-04-12 07:20:10] - https://www.shephe.com/feed
[2026-04-12 07:20:10] ✘ 有 2 条订阅头像无法访问, 已使用默认头像:
[2026-04-12 07:20:10] - https://www.loyhome.com/feed
[2026-04-12 07:20:10] - http://feeds.feedburner.com/ruanyifeng
[2026-04-12 08:54:46] 本次订阅抓取结果统计:
[2026-04-12 08:54:46] 共 28 条RSS, 成功抓取 23 条.
[2026-04-12 08:54:46] ✘ 有 5 条订阅解析失败:
[2026-04-12 08:54:46] - https://blog.pursuitus.com/feed
[2026-04-12 08:54:46] - https://geekinney.com/index.xml
[2026-04-12 08:54:46] - https://tumutanzi.com/feed
[2026-04-12 08:54:46] - https://tcxx.info/feed
[2026-04-12 08:54:46] - https://www.shephe.com/feed
[2026-04-12 08:54:46] ✘ 有 2 条订阅头像无法访问, 已使用默认头像:
[2026-04-12 08:54:46] - https://www.loyhome.com/feed
[2026-04-12 08:54:46] - http://feeds.feedburner.com/ruanyifeng
[2026-04-12 09:50:23] 本次订阅抓取结果统计:
[2026-04-12 09:50:23] 共 28 条RSS, 成功抓取 23 条.
[2026-04-12 09:50:23] ✘ 有 5 条订阅解析失败:
[2026-04-12 09:50:23] - https://blog.pursuitus.com/feed
[2026-04-12 09:50:23] - https://geekinney.com/index.xml
[2026-04-12 09:50:23] - https://tcxx.info/feed
[2026-04-12 09:50:23] - https://tumutanzi.com/feed
[2026-04-12 09:50:23] - https://www.shephe.com/feed
[2026-04-12 09:50:23] ✘ 有 2 条订阅头像无法访问, 已使用默认头像:
[2026-04-12 09:50:23] - https://www.loyhome.com/feed
[2026-04-12 09:50:23] - http://feeds.feedburner.com/ruanyifeng
[2026-04-12 10:42:04] 本次订阅抓取结果统计:
[2026-04-12 10:42:04] 共 28 条RSS, 成功抓取 23 条.
[2026-04-12 10:42:04] ✘ 有 5 条订阅解析失败:
[2026-04-12 10:42:04] - https://blog.pursuitus.com/feed
[2026-04-12 10:42:04] - https://geekinney.com/index.xml
[2026-04-12 10:42:04] - https://tcxx.info/feed
[2026-04-12 10:42:04] - https://tumutanzi.com/feed
[2026-04-12 10:42:04] - https://www.shephe.com/feed
[2026-04-12 10:42:04] ✘ 有 2 条订阅头像无法访问, 已使用默认头像:
[2026-04-12 10:42:04] - https://www.loyhome.com/feed
[2026-04-12 10:42:04] - http://feeds.feedburner.com/ruanyifeng
[2026-04-12 11:36:37] 本次订阅抓取结果统计:
[2026-04-12 11:36:37] 共 28 条RSS, 成功抓取 22 条.
[2026-04-12 11:36:37] ✘ 有 6 条订阅解析失败:
[2026-04-12 11:36:37] - https://blog.yanqingshan.com/feed
[2026-04-12 11:36:37] - https://blog.pursuitus.com/feed
[2026-04-12 11:36:37] - https://geekinney.com/index.xml
[2026-04-12 11:36:37] - https://www.shephe.com/feed
[2026-04-12 11:36:37] - https://tcxx.info/feed
[2026-04-12 11:36:37] - https://tumutanzi.com/feed
[2026-04-12 11:36:37] ✘ 有 2 条订阅头像无法访问, 已使用默认头像:
[2026-04-12 11:36:37] - https://www.loyhome.com/feed
[2026-04-12 11:36:37] - http://feeds.feedburner.com/ruanyifeng
[2026-04-12 13:08:37] 本次订阅抓取结果统计:
[2026-04-12 13:08:37] 共 28 条RSS, 成功抓取 23 条.
[2026-04-12 13:08:37] ✘ 有 5 条订阅解析失败:
[2026-04-12 13:08:37] - https://blog.pursuitus.com/feed
[2026-04-12 13:08:37] - https://geekinney.com/index.xml
[2026-04-12 13:08:37] - https://tcxx.info/feed
[2026-04-12 13:08:37] - https://tumutanzi.com/feed
[2026-04-12 13:08:37] - https://www.shephe.com/feed
[2026-04-12 13:08:37] ✘ 有 2 条订阅头像无法访问, 已使用默认头像:
[2026-04-12 13:08:37] - https://www.loyhome.com/feed
[2026-04-12 13:08:37] - http://feeds.feedburner.com/ruanyifeng
