[2026-04-01 02:54:10] 本次订阅抓取结果统计:
[2026-04-01 02:54:10] 共 28 条RSS, 成功抓取 24 条.
[2026-04-01 02:54:10] ✘ 有 4 条订阅解析失败:
[2026-04-01 02:54:10] - https://blog.pursuitus.com/feed
[2026-04-01 02:54:10] - https://geekinney.com/index.xml
[2026-04-01 02:54:10] - https://tcxx.info/feed
[2026-04-01 02:54:10] - https://tumutanzi.com/feed
[2026-04-01 02:54:10] ✘ 有 1 条订阅头像无法访问, 已使用默认头像:
[2026-04-01 02:54:10] - http://feeds.feedburner.com/ruanyifeng
[2026-04-01 05:28:09] 本次订阅抓取结果统计:
[2026-04-01 05:28:09] 共 28 条RSS, 成功抓取 24 条.
[2026-04-01 05:28:09] ✘ 有 4 条订阅解析失败:
[2026-04-01 05:28:09] - https://blog.pursuitus.com/feed
[2026-04-01 05:28:09] - https://geekinney.com/index.xml
[2026-04-01 05:28:09] - https://tcxx.info/feed
[2026-04-01 05:28:09] - https://tumutanzi.com/feed
[2026-04-01 05:28:09] ✘ 有 1 条订阅头像无法访问, 已使用默认头像:
[2026-04-01 05:28:09] - http://feeds.feedburner.com/ruanyifeng
[2026-04-01 07:26:37] 本次订阅抓取结果统计:
[2026-04-01 07:26:37] 共 28 条RSS, 成功抓取 24 条.
[2026-04-01 07:26:37] ✘ 有 4 条订阅解析失败:
[2026-04-01 07:26:37] - https://blog.pursuitus.com/feed
[2026-04-01 07:26:37] - https://geekinney.com/index.xml
[2026-04-01 07:26:37] - https://tcxx.info/feed
[2026-04-01 07:26:37] - https://tumutanzi.com/feed
[2026-04-01 07:26:37] ✘ 有 1 条订阅头像无法访问, 已使用默认头像:
[2026-04-01 07:26:37] - http://feeds.feedburner.com/ruanyifeng
[2026-04-01 09:10:33] 本次订阅抓取结果统计:
[2026-04-01 09:10:33] 共 28 条RSS, 成功抓取 24 条.
[2026-04-01 09:10:33] ✘ 有 4 条订阅解析失败:
[2026-04-01 09:10:33] - https://blog.pursuitus.com/feed
[2026-04-01 09:10:33] - https://geekinney.com/index.xml
[2026-04-01 09:10:33] - https://tcxx.info/feed
[2026-04-01 09:10:33] - https://tumutanzi.com/feed
[2026-04-01 09:10:33] ✘ 有 1 条订阅头像无法访问, 已使用默认头像:
[2026-04-01 09:10:33] - http://feeds.feedburner.com/ruanyifeng
[2026-04-01 11:01:11] 本次订阅抓取结果统计:
[2026-04-01 11:01:11] 共 28 条RSS, 成功抓取 24 条.
[2026-04-01 11:01:11] ✘ 有 4 条订阅解析失败:
[2026-04-01 11:01:11] - https://blog.pursuitus.com/feed
[2026-04-01 11:01:11] - https://geekinney.com/index.xml
[2026-04-01 11:01:11] - https://tcxx.info/feed
[2026-04-01 11:01:11] - https://tumutanzi.com/feed
[2026-04-01 11:01:11] ✘ 有 1 条订阅头像无法访问, 已使用默认头像:
[2026-04-01 11:01:11] - http://feeds.feedburner.com/ruanyifeng
[2026-04-01 13:41:58] 本次订阅抓取结果统计:
[2026-04-01 13:41:58] 共 28 条RSS, 成功抓取 24 条.
[2026-04-01 13:41:58] ✘ 有 4 条订阅解析失败:
[2026-04-01 13:41:58] - https://blog.pursuitus.com/feed
[2026-04-01 13:41:58] - https://geekinney.com/index.xml
[2026-04-01 13:41:58] - https://tcxx.info/feed
[2026-04-01 13:41:58] - https://tumutanzi.com/feed
[2026-04-01 13:41:58] ✘ 有 1 条订阅头像无法访问, 已使用默认头像:
[2026-04-01 13:41:58] - http://feeds.feedburner.com/ruanyifeng
