[2026-03-16 02:45:09] 本次订阅抓取结果统计:
[2026-03-16 02:45:09] 共 28 条RSS, 成功抓取 23 条.
[2026-03-16 02:45:09] ✘ 有 5 条订阅解析失败:
[2026-03-16 02:45:09] - https://blog.pursuitus.com/feed
[2026-03-16 02:45:09] - https://geekinney.com/index.xml
[2026-03-16 02:45:09] - https://tcxx.info/feed
[2026-03-16 02:45:09] - https://tumutanzi.com/feed
[2026-03-16 02:45:09] - https://wangpei.net/feed
[2026-03-16 02:45:09] ✘ 有 1 条订阅头像无法访问, 已使用默认头像:
[2026-03-16 02:45:09] - http://feeds.feedburner.com/ruanyifeng
[2026-03-16 05:19:57] 本次订阅抓取结果统计:
[2026-03-16 05:19:57] 共 28 条RSS, 成功抓取 23 条.
[2026-03-16 05:19:57] ✘ 有 5 条订阅解析失败:
[2026-03-16 05:19:57] - https://blog.pursuitus.com/feed
[2026-03-16 05:19:57] - https://geekinney.com/index.xml
[2026-03-16 05:19:57] - https://tcxx.info/feed
[2026-03-16 05:19:57] - https://tumutanzi.com/feed
[2026-03-16 05:19:57] - https://wangpei.net/feed
[2026-03-16 05:19:57] ✘ 有 1 条订阅头像无法访问, 已使用默认头像:
[2026-03-16 05:19:57] - http://feeds.feedburner.com/ruanyifeng
[2026-03-16 07:23:44] 本次订阅抓取结果统计:
[2026-03-16 07:23:44] 共 28 条RSS, 成功抓取 23 条.
[2026-03-16 07:23:44] ✘ 有 5 条订阅解析失败:
[2026-03-16 07:23:44] - https://blog.pursuitus.com/feed
[2026-03-16 07:23:44] - https://geekinney.com/index.xml
[2026-03-16 07:23:44] - https://tumutanzi.com/feed
[2026-03-16 07:23:44] - https://tcxx.info/feed
[2026-03-16 07:23:44] - https://wangpei.net/feed
[2026-03-16 07:23:44] ✘ 有 1 条订阅头像无法访问, 已使用默认头像:
[2026-03-16 07:23:44] - http://feeds.feedburner.com/ruanyifeng
[2026-03-16 09:01:35] 本次订阅抓取结果统计:
[2026-03-16 09:01:35] 共 28 条RSS, 成功抓取 23 条.
[2026-03-16 09:01:35] ✘ 有 5 条订阅解析失败:
[2026-03-16 09:01:35] - https://blog.pursuitus.com/feed
[2026-03-16 09:01:35] - https://geekinney.com/index.xml
[2026-03-16 09:01:35] - https://tumutanzi.com/feed
[2026-03-16 09:01:35] - https://tcxx.info/feed
[2026-03-16 09:01:35] - https://wangpei.net/feed
[2026-03-16 09:01:35] ✘ 有 2 条订阅头像无法访问, 已使用默认头像:
[2026-03-16 09:01:35] - http://feeds.feedburner.com/ruanyifeng
[2026-03-16 09:01:35] - https://xyzbz.cn/feed
[2026-03-16 10:56:44] 本次订阅抓取结果统计:
[2026-03-16 10:56:44] 共 28 条RSS, 成功抓取 22 条.
[2026-03-16 10:56:44] ✘ 有 6 条订阅解析失败:
[2026-03-16 10:56:44] - https://blog.pursuitus.com/feed
[2026-03-16 10:56:44] - https://geekinney.com/index.xml
[2026-03-16 10:56:44] - https://tcxx.info/feed
[2026-03-16 10:56:44] - https://tumutanzi.com/feed
[2026-03-16 10:56:44] - https://www.loyhome.com/feed
[2026-03-16 10:56:44] - https://wangpei.net/feed
[2026-03-16 10:56:44] ✘ 有 2 条订阅头像无法访问, 已使用默认头像:
[2026-03-16 10:56:44] - http://feeds.feedburner.com/ruanyifeng
[2026-03-16 10:56:44] - https://xyzbz.cn/feed
[2026-03-16 11:51:47] 本次订阅抓取结果统计:
[2026-03-16 11:51:47] 共 28 条RSS, 成功抓取 23 条.
[2026-03-16 11:51:47] ✘ 有 5 条订阅解析失败:
[2026-03-16 11:51:47] - https://blog.pursuitus.com/feed
[2026-03-16 11:51:47] - https://geekinney.com/index.xml
[2026-03-16 11:51:47] - https://tcxx.info/feed
[2026-03-16 11:51:47] - https://tumutanzi.com/feed
[2026-03-16 11:51:47] - https://wangpei.net/feed
[2026-03-16 11:51:47] ✘ 有 1 条订阅头像无法访问, 已使用默认头像:
[2026-03-16 11:51:47] - http://feeds.feedburner.com/ruanyifeng
[2026-03-16 13:21:19] 本次订阅抓取结果统计:
[2026-03-16 13:21:19] 共 28 条RSS, 成功抓取 22 条.
[2026-03-16 13:21:19] ✘ 有 6 条订阅解析失败:
[2026-03-16 13:21:19] - https://blog.pursuitus.com/feed
[2026-03-16 13:21:19] - https://geekinney.com/index.xml
[2026-03-16 13:21:19] - https://tcxx.info/feed
[2026-03-16 13:21:19] - https://www.loyhome.com/feed
[2026-03-16 13:21:19] - https://tumutanzi.com/feed
[2026-03-16 13:21:19] - https://wangpei.net/feed
[2026-03-16 13:21:19] ✘ 有 1 条订阅头像无法访问, 已使用默认头像:
[2026-03-16 13:21:19] - http://feeds.feedburner.com/ruanyifeng
