[2026-02-01 02:43:51] 本次订阅抓取结果统计:
[2026-02-01 02:43:51] 共 28 条RSS, 成功抓取 24 条.
[2026-02-01 02:43:51] ✘ 有 4 条订阅解析失败:
[2026-02-01 02:43:51] - https://blog.pursuitus.com/feed
[2026-02-01 02:43:51] - https://tcxx.info/feed
[2026-02-01 02:43:51] - https://tumutanzi.com/feed
[2026-02-01 02:43:51] - https://geekinney.com/index.xml
[2026-02-01 02:43:51] ✘ 有 2 条订阅头像无法访问, 已使用默认头像:
[2026-02-01 02:43:51] - http://feeds.feedburner.com/ruanyifeng
[2026-02-01 02:43:51] - https://oba.by/feed
[2026-02-01 05:03:41] 本次订阅抓取结果统计:
[2026-02-01 05:03:41] 共 28 条RSS, 成功抓取 24 条.
[2026-02-01 05:03:41] ✘ 有 4 条订阅解析失败:
[2026-02-01 05:03:41] - https://blog.pursuitus.com/feed
[2026-02-01 05:03:41] - https://tumutanzi.com/feed
[2026-02-01 05:03:41] - https://tcxx.info/feed
[2026-02-01 05:03:41] - https://geekinney.com/index.xml
[2026-02-01 05:03:41] ✘ 有 2 条订阅头像无法访问, 已使用默认头像:
[2026-02-01 05:03:41] - https://oba.by/feed
[2026-02-01 05:03:41] - http://feeds.feedburner.com/ruanyifeng
[2026-02-01 06:54:43] 本次订阅抓取结果统计:
[2026-02-01 06:54:43] 共 28 条RSS, 成功抓取 24 条.
[2026-02-01 06:54:43] ✘ 有 4 条订阅解析失败:
[2026-02-01 06:54:43] - https://blog.pursuitus.com/feed
[2026-02-01 06:54:43] - https://tcxx.info/feed
[2026-02-01 06:54:43] - https://tumutanzi.com/feed
[2026-02-01 06:54:43] - https://geekinney.com/index.xml
[2026-02-01 06:54:43] ✘ 有 2 条订阅头像无法访问, 已使用默认头像:
[2026-02-01 06:54:43] - https://oba.by/feed
[2026-02-01 06:54:43] - http://feeds.feedburner.com/ruanyifeng
[2026-02-01 07:39:10] 本次订阅抓取结果统计:
[2026-02-01 07:39:10] 共 28 条RSS, 成功抓取 24 条.
[2026-02-01 07:39:10] ✘ 有 4 条订阅解析失败:
[2026-02-01 07:39:10] - https://blog.pursuitus.com/feed
[2026-02-01 07:39:10] - https://tumutanzi.com/feed
[2026-02-01 07:39:10] - https://tcxx.info/feed
[2026-02-01 07:39:10] - https://geekinney.com/index.xml
[2026-02-01 07:39:10] ✘ 有 2 条订阅头像无法访问, 已使用默认头像:
[2026-02-01 07:39:10] - https://oba.by/feed
[2026-02-01 07:39:10] - http://feeds.feedburner.com/ruanyifeng
[2026-02-01 08:37:05] 本次订阅抓取结果统计:
[2026-02-01 08:37:05] 共 28 条RSS, 成功抓取 24 条.
[2026-02-01 08:37:05] ✘ 有 4 条订阅解析失败:
[2026-02-01 08:37:05] - https://blog.pursuitus.com/feed
[2026-02-01 08:37:05] - https://tumutanzi.com/feed
[2026-02-01 08:37:05] - https://tcxx.info/feed
[2026-02-01 08:37:05] - https://geekinney.com/index.xml
[2026-02-01 08:37:05] ✘ 有 2 条订阅头像无法访问, 已使用默认头像:
[2026-02-01 08:37:05] - https://oba.by/feed
[2026-02-01 08:37:05] - http://feeds.feedburner.com/ruanyifeng
[2026-02-01 09:35:01] 本次订阅抓取结果统计:
[2026-02-01 09:35:01] 共 28 条RSS, 成功抓取 24 条.
[2026-02-01 09:35:01] ✘ 有 4 条订阅解析失败:
[2026-02-01 09:35:01] - https://blog.pursuitus.com/feed
[2026-02-01 09:35:01] - https://tumutanzi.com/feed
[2026-02-01 09:35:01] - https://tcxx.info/feed
[2026-02-01 09:35:01] - https://geekinney.com/index.xml
[2026-02-01 09:35:01] ✘ 有 2 条订阅头像无法访问, 已使用默认头像:
[2026-02-01 09:35:01] - https://oba.by/feed
[2026-02-01 09:35:01] - http://feeds.feedburner.com/ruanyifeng
[2026-02-01 10:29:47] 本次订阅抓取结果统计:
[2026-02-01 10:29:47] 共 28 条RSS, 成功抓取 24 条.
[2026-02-01 10:29:47] ✘ 有 4 条订阅解析失败:
[2026-02-01 10:29:47] - https://blog.pursuitus.com/feed
[2026-02-01 10:29:47] - https://tumutanzi.com/feed
[2026-02-01 10:29:47] - https://tcxx.info/feed
[2026-02-01 10:29:47] - https://geekinney.com/index.xml
[2026-02-01 10:29:47] ✘ 有 2 条订阅头像无法访问, 已使用默认头像:
[2026-02-01 10:29:47] - https://oba.by/feed
[2026-02-01 10:29:47] - http://feeds.feedburner.com/ruanyifeng
[2026-02-01 11:25:00] 本次订阅抓取结果统计:
[2026-02-01 11:25:00] 共 28 条RSS, 成功抓取 24 条.
[2026-02-01 11:25:00] ✘ 有 4 条订阅解析失败:
[2026-02-01 11:25:00] - https://blog.pursuitus.com/feed
[2026-02-01 11:25:00] - https://tcxx.info/feed
[2026-02-01 11:25:00] - https://tumutanzi.com/feed
[2026-02-01 11:25:00] - https://geekinney.com/index.xml
[2026-02-01 11:25:00] ✘ 有 2 条订阅头像无法访问, 已使用默认头像:
[2026-02-01 11:25:00] - https://oba.by/feed
[2026-02-01 11:25:00] - http://feeds.feedburner.com/ruanyifeng
[2026-02-01 12:57:41] 本次订阅抓取结果统计:
[2026-02-01 12:57:41] 共 28 条RSS, 成功抓取 24 条.
[2026-02-01 12:57:41] ✘ 有 4 条订阅解析失败:
[2026-02-01 12:57:41] - https://blog.pursuitus.com/feed
[2026-02-01 12:57:41] - https://tcxx.info/feed
[2026-02-01 12:57:41] - https://tumutanzi.com/feed
[2026-02-01 12:57:41] - https://geekinney.com/index.xml
[2026-02-01 12:57:41] ✘ 有 3 条订阅头像无法访问, 已使用默认头像:
[2026-02-01 12:57:41] - https://oba.by/feed
[2026-02-01 12:57:41] - http://feeds.feedburner.com/ruanyifeng
[2026-02-01 12:57:41] - https://xyzbz.cn/feed
[2026-02-01 13:48:46] 本次订阅抓取结果统计:
[2026-02-01 13:48:46] 共 28 条RSS, 成功抓取 24 条.
[2026-02-01 13:48:46] ✘ 有 4 条订阅解析失败:
[2026-02-01 13:48:46] - https://blog.pursuitus.com/feed
[2026-02-01 13:48:46] - https://tcxx.info/feed
[2026-02-01 13:48:46] - https://tumutanzi.com/feed
[2026-02-01 13:48:46] - https://geekinney.com/index.xml
[2026-02-01 13:48:46] ✘ 有 2 条订阅头像无法访问, 已使用默认头像:
[2026-02-01 13:48:46] - https://oba.by/feed
[2026-02-01 13:48:46] - http://feeds.feedburner.com/ruanyifeng
