[2026-07-05 00:04:09] 本次订阅抓取结果统计:
[2026-07-05 00:04:09] 共 28 条RSS, 成功抓取 23 条.
[2026-07-05 00:04:09] ✘ 有 5 条订阅解析失败:
[2026-07-05 00:04:09] - https://blog.pursuitus.com/feed
[2026-07-05 00:04:09] - https://geekinney.com/index.xml
[2026-07-05 00:04:09] - https://tcxx.info/feed
[2026-07-05 00:04:09] - https://www.shephe.com/feed
[2026-07-05 00:04:09] - https://tumutanzi.com/feed
[2026-07-05 00:04:09] ✘ 有 3 条订阅头像无法访问, 已使用默认头像:
[2026-07-05 00:04:09] - https://www.loyhome.com/feed
[2026-07-05 00:04:09] - http://feeds.feedburner.com/ruanyifeng
[2026-07-05 00:04:09] - https://xyzbz.cn/feed
[2026-07-05 04:59:02] 本次订阅抓取结果统计:
[2026-07-05 04:59:02] 共 28 条RSS, 成功抓取 24 条.
[2026-07-05 04:59:02] ✘ 有 4 条订阅解析失败:
[2026-07-05 04:59:02] - https://blog.pursuitus.com/feed
[2026-07-05 04:59:02] - https://geekinney.com/index.xml
[2026-07-05 04:59:02] - https://tcxx.info/feed
[2026-07-05 04:59:02] - https://www.shephe.com/feed
[2026-07-05 04:59:02] ✘ 有 3 条订阅头像无法访问, 已使用默认头像:
[2026-07-05 04:59:02] - https://www.loyhome.com/feed
[2026-07-05 04:59:02] - https://xyzbz.cn/feed
[2026-07-05 04:59:02] - http://feeds.feedburner.com/ruanyifeng
[2026-07-05 08:08:46] 本次订阅抓取结果统计:
[2026-07-05 08:08:46] 共 28 条RSS, 成功抓取 23 条.
[2026-07-05 08:08:46] ✘ 有 5 条订阅解析失败:
[2026-07-05 08:08:46] - https://blog.pursuitus.com/feed
[2026-07-05 08:08:46] - https://blog.yanqingshan.com/feed
[2026-07-05 08:08:46] - https://geekinney.com/index.xml
[2026-07-05 08:08:46] - https://tcxx.info/feed
[2026-07-05 08:08:46] - https://www.shephe.com/feed
[2026-07-05 08:08:46] ✘ 有 4 条订阅头像无法访问, 已使用默认头像:
[2026-07-05 08:08:46] - https://blog.zhheo.com/rss.xml
[2026-07-05 08:08:46] - https://www.loyhome.com/feed
[2026-07-05 08:08:46] - https://xyzbz.cn/feed
[2026-07-05 08:08:46] - http://feeds.feedburner.com/ruanyifeng
[2026-07-05 11:06:22] 本次订阅抓取结果统计:
[2026-07-05 11:06:22] 共 28 条RSS, 成功抓取 24 条.
[2026-07-05 11:06:22] ✘ 有 4 条订阅解析失败:
[2026-07-05 11:06:22] - https://blog.pursuitus.com/feed
[2026-07-05 11:06:22] - https://geekinney.com/index.xml
[2026-07-05 11:06:22] - https://tcxx.info/feed
[2026-07-05 11:06:22] - https://www.shephe.com/feed
[2026-07-05 11:06:22] ✘ 有 3 条订阅头像无法访问, 已使用默认头像:
[2026-07-05 11:06:22] - https://www.loyhome.com/feed
[2026-07-05 11:06:22] - http://feeds.feedburner.com/ruanyifeng
[2026-07-05 11:06:22] - https://xyzbz.cn/feed
[2026-07-05 13:46:20] 本次订阅抓取结果统计:
[2026-07-05 13:46:20] 共 28 条RSS, 成功抓取 23 条.
[2026-07-05 13:46:20] ✘ 有 5 条订阅解析失败:
[2026-07-05 13:46:20] - https://blog.pursuitus.com/feed
[2026-07-05 13:46:20] - https://tcxx.info/feed
[2026-07-05 13:46:20] - https://geekinney.com/index.xml
[2026-07-05 13:46:20] - https://tumutanzi.com/feed
[2026-07-05 13:46:20] - https://www.shephe.com/feed
[2026-07-05 13:46:20] ✘ 有 4 条订阅头像无法访问, 已使用默认头像:
[2026-07-05 13:46:20] - https://www.loyhome.com/feed
[2026-07-05 13:46:20] - http://feeds.feedburner.com/ruanyifeng
[2026-07-05 13:46:20] - https://xyzbz.cn/feed
[2026-07-05 13:46:20] - https://blog.fooleap.org/atom.xml
[2026-07-05 15:15:12] 本次订阅抓取结果统计:
[2026-07-05 15:15:12] 共 28 条RSS, 成功抓取 24 条.
[2026-07-05 15:15:12] ✘ 有 4 条订阅解析失败:
[2026-07-05 15:15:12] - https://blog.pursuitus.com/feed
[2026-07-05 15:15:12] - https://geekinney.com/index.xml
[2026-07-05 15:15:12] - https://www.shephe.com/feed
[2026-07-05 15:15:12] - https://tcxx.info/feed
[2026-07-05 15:15:12] ✘ 有 3 条订阅头像无法访问, 已使用默认头像:
[2026-07-05 15:15:12] - https://www.loyhome.com/feed
[2026-07-05 15:15:12] - http://feeds.feedburner.com/ruanyifeng
[2026-07-05 15:15:12] - https://xyzbz.cn/feed
[2026-07-05 17:14:55] 本次订阅抓取结果统计:
[2026-07-05 17:14:55] 共 28 条RSS, 成功抓取 23 条.
[2026-07-05 17:14:55] ✘ 有 5 条订阅解析失败:
[2026-07-05 17:14:55] - https://blog.pursuitus.com/feed
[2026-07-05 17:14:55] - https://geekinney.com/index.xml
[2026-07-05 17:14:55] - https://tcxx.info/feed
[2026-07-05 17:14:55] - https://tumutanzi.com/feed
[2026-07-05 17:14:55] - https://www.shephe.com/feed
[2026-07-05 17:14:55] ✘ 有 3 条订阅头像无法访问, 已使用默认头像:
[2026-07-05 17:14:55] - https://www.loyhome.com/feed
[2026-07-05 17:14:55] - https://xyzbz.cn/feed
[2026-07-05 17:14:55] - http://feeds.feedburner.com/ruanyifeng
[2026-07-05 19:22:14] 本次订阅抓取结果统计:
[2026-07-05 19:22:14] 共 28 条RSS, 成功抓取 24 条.
[2026-07-05 19:22:14] ✘ 有 4 条订阅解析失败:
[2026-07-05 19:22:14] - https://blog.pursuitus.com/feed
[2026-07-05 19:22:14] - https://tcxx.info/feed
[2026-07-05 19:22:14] - https://geekinney.com/index.xml
[2026-07-05 19:22:14] - https://www.shephe.com/feed
[2026-07-05 19:22:14] ✘ 有 3 条订阅头像无法访问, 已使用默认头像:
[2026-07-05 19:22:14] - https://www.loyhome.com/feed
[2026-07-05 19:22:14] - http://feeds.feedburner.com/ruanyifeng
[2026-07-05 19:22:14] - https://xyzbz.cn/feed
[2026-07-05 21:04:49] 本次订阅抓取结果统计:
[2026-07-05 21:04:49] 共 28 条RSS, 成功抓取 23 条.
[2026-07-05 21:04:49] ✘ 有 5 条订阅解析失败:
[2026-07-05 21:04:49] - https://blog.pursuitus.com/feed
[2026-07-05 21:04:49] - https://geekinney.com/index.xml
[2026-07-05 21:04:49] - https://tcxx.info/feed
[2026-07-05 21:04:49] - https://www.shephe.com/feed
[2026-07-05 21:04:49] - https://tumutanzi.com/feed
[2026-07-05 21:04:49] ✘ 有 3 条订阅头像无法访问, 已使用默认头像:
[2026-07-05 21:04:49] - https://www.loyhome.com/feed
[2026-07-05 21:04:49] - https://xyzbz.cn/feed
[2026-07-05 21:04:49] - http://feeds.feedburner.com/ruanyifeng
