[2026-06-19 01:45:45] 本次订阅抓取结果统计:
[2026-06-19 01:45:45] 共 28 条RSS, 成功抓取 23 条.
[2026-06-19 01:45:45] ✘ 有 5 条订阅解析失败:
[2026-06-19 01:45:45] - https://blog.pursuitus.com/feed
[2026-06-19 01:45:45] - https://blog.yanqingshan.com/feed
[2026-06-19 01:45:45] - https://geekinney.com/index.xml
[2026-06-19 01:45:45] - https://tcxx.info/feed
[2026-06-19 01:45:45] - https://www.shephe.com/feed
[2026-06-19 01:45:45] ✘ 有 4 条订阅头像无法访问, 已使用默认头像:
[2026-06-19 01:45:45] - https://blog.zhheo.com/rss.xml
[2026-06-19 01:45:45] - https://www.loyhome.com/feed
[2026-06-19 01:45:45] - https://xyzbz.cn/feed
[2026-06-19 01:45:45] - http://feeds.feedburner.com/ruanyifeng
[2026-06-19 07:12:18] 本次订阅抓取结果统计:
[2026-06-19 07:12:18] 共 28 条RSS, 成功抓取 24 条.
[2026-06-19 07:12:18] ✘ 有 4 条订阅解析失败:
[2026-06-19 07:12:18] - https://blog.pursuitus.com/feed
[2026-06-19 07:12:18] - https://geekinney.com/index.xml
[2026-06-19 07:12:18] - https://tcxx.info/feed
[2026-06-19 07:12:18] - https://www.shephe.com/feed
[2026-06-19 07:12:18] ✘ 有 3 条订阅头像无法访问, 已使用默认头像:
[2026-06-19 07:12:18] - https://www.loyhome.com/feed
[2026-06-19 07:12:18] - https://xyzbz.cn/feed
[2026-06-19 07:12:18] - http://feeds.feedburner.com/ruanyifeng
[2026-06-19 12:10:38] 本次订阅抓取结果统计:
[2026-06-19 12:10:38] 共 28 条RSS, 成功抓取 23 条.
[2026-06-19 12:10:38] ✘ 有 5 条订阅解析失败:
[2026-06-19 12:10:38] - https://blog.pursuitus.com/feed
[2026-06-19 12:10:38] - https://blog.yanqingshan.com/feed
[2026-06-19 12:10:38] - https://geekinney.com/index.xml
[2026-06-19 12:10:38] - https://tcxx.info/feed
[2026-06-19 12:10:38] - https://www.shephe.com/feed
[2026-06-19 12:10:38] ✘ 有 4 条订阅头像无法访问, 已使用默认头像:
[2026-06-19 12:10:38] - https://blog.zhheo.com/rss.xml
[2026-06-19 12:10:38] - https://www.loyhome.com/feed
[2026-06-19 12:10:38] - http://feeds.feedburner.com/ruanyifeng
[2026-06-19 12:10:38] - https://xyzbz.cn/feed
[2026-06-19 16:09:03] 本次订阅抓取结果统计:
[2026-06-19 16:09:03] 共 28 条RSS, 成功抓取 24 条.
[2026-06-19 16:09:03] ✘ 有 4 条订阅解析失败:
[2026-06-19 16:09:03] - https://blog.pursuitus.com/feed
[2026-06-19 16:09:03] - https://geekinney.com/index.xml
[2026-06-19 16:09:03] - https://tcxx.info/feed
[2026-06-19 16:09:03] - https://www.shephe.com/feed
[2026-06-19 16:09:03] ✘ 有 3 条订阅头像无法访问, 已使用默认头像:
[2026-06-19 16:09:03] - https://www.loyhome.com/feed
[2026-06-19 16:09:03] - http://feeds.feedburner.com/ruanyifeng
[2026-06-19 16:09:03] - https://xyzbz.cn/feed
[2026-06-19 18:59:05] 本次订阅抓取结果统计:
[2026-06-19 18:59:05] 共 28 条RSS, 成功抓取 24 条.
[2026-06-19 18:59:05] ✘ 有 4 条订阅解析失败:
[2026-06-19 18:59:05] - https://blog.pursuitus.com/feed
[2026-06-19 18:59:05] - https://geekinney.com/index.xml
[2026-06-19 18:59:05] - https://tcxx.info/feed
[2026-06-19 18:59:05] - https://www.shephe.com/feed
[2026-06-19 18:59:05] ✘ 有 3 条订阅头像无法访问, 已使用默认头像:
[2026-06-19 18:59:05] - https://www.loyhome.com/feed
[2026-06-19 18:59:05] - http://feeds.feedburner.com/ruanyifeng
[2026-06-19 18:59:05] - https://xyzbz.cn/feed
[2026-06-19 20:45:27] 本次订阅抓取结果统计:
[2026-06-19 20:45:27] 共 28 条RSS, 成功抓取 24 条.
[2026-06-19 20:45:27] ✘ 有 4 条订阅解析失败:
[2026-06-19 20:45:27] - https://blog.pursuitus.com/feed
[2026-06-19 20:45:27] - https://geekinney.com/index.xml
[2026-06-19 20:45:27] - https://tcxx.info/feed
[2026-06-19 20:45:27] - https://www.shephe.com/feed
[2026-06-19 20:45:27] ✘ 有 3 条订阅头像无法访问, 已使用默认头像:
[2026-06-19 20:45:27] - https://www.loyhome.com/feed
[2026-06-19 20:45:27] - http://feeds.feedburner.com/ruanyifeng
[2026-06-19 20:45:27] - https://xyzbz.cn/feed
