[2026-04-05 02:49:17] 本次订阅抓取结果统计:
[2026-04-05 02:49:17] 共 28 条RSS, 成功抓取 24 条.
[2026-04-05 02:49:17] ✘ 有 4 条订阅解析失败:
[2026-04-05 02:49:17] - https://blog.pursuitus.com/feed
[2026-04-05 02:49:17] - https://geekinney.com/index.xml
[2026-04-05 02:49:17] - https://tcxx.info/feed
[2026-04-05 02:49:17] - https://tumutanzi.com/feed
[2026-04-05 02:49:17] ✘ 有 1 条订阅头像无法访问, 已使用默认头像:
[2026-04-05 02:49:17] - http://feeds.feedburner.com/ruanyifeng
[2026-04-05 05:16:08] 本次订阅抓取结果统计:
[2026-04-05 05:16:08] 共 28 条RSS, 成功抓取 24 条.
[2026-04-05 05:16:08] ✘ 有 4 条订阅解析失败:
[2026-04-05 05:16:08] - https://blog.pursuitus.com/feed
[2026-04-05 05:16:08] - https://geekinney.com/index.xml
[2026-04-05 05:16:08] - https://tcxx.info/feed
[2026-04-05 05:16:08] - https://tumutanzi.com/feed
[2026-04-05 05:16:08] ✘ 有 1 条订阅头像无法访问, 已使用默认头像:
[2026-04-05 05:16:08] - http://feeds.feedburner.com/ruanyifeng
[2026-04-05 07:12:38] 本次订阅抓取结果统计:
[2026-04-05 07:12:38] 共 28 条RSS, 成功抓取 24 条.
[2026-04-05 07:12:38] ✘ 有 4 条订阅解析失败:
[2026-04-05 07:12:38] - https://blog.pursuitus.com/feed
[2026-04-05 07:12:38] - https://geekinney.com/index.xml
[2026-04-05 07:12:38] - https://tcxx.info/feed
[2026-04-05 07:12:38] - https://tumutanzi.com/feed
[2026-04-05 07:12:38] ✘ 有 1 条订阅头像无法访问, 已使用默认头像:
[2026-04-05 07:12:38] - http://feeds.feedburner.com/ruanyifeng
[2026-04-05 08:49:49] 本次订阅抓取结果统计:
[2026-04-05 08:49:49] 共 28 条RSS, 成功抓取 24 条.
[2026-04-05 08:49:49] ✘ 有 4 条订阅解析失败:
[2026-04-05 08:49:49] - https://blog.pursuitus.com/feed
[2026-04-05 08:49:49] - https://geekinney.com/index.xml
[2026-04-05 08:49:49] - https://tumutanzi.com/feed
[2026-04-05 08:49:49] - https://tcxx.info/feed
[2026-04-05 08:49:49] ✘ 有 1 条订阅头像无法访问, 已使用默认头像:
[2026-04-05 08:49:49] - http://feeds.feedburner.com/ruanyifeng
[2026-04-05 09:42:09] 本次订阅抓取结果统计:
[2026-04-05 09:42:09] 共 28 条RSS, 成功抓取 24 条.
[2026-04-05 09:42:09] ✘ 有 4 条订阅解析失败:
[2026-04-05 09:42:09] - https://blog.pursuitus.com/feed
[2026-04-05 09:42:09] - https://geekinney.com/index.xml
[2026-04-05 09:42:09] - https://tcxx.info/feed
[2026-04-05 09:42:09] - https://tumutanzi.com/feed
[2026-04-05 09:42:09] ✘ 有 1 条订阅头像无法访问, 已使用默认头像:
[2026-04-05 09:42:09] - http://feeds.feedburner.com/ruanyifeng
[2026-04-05 10:39:15] 本次订阅抓取结果统计:
[2026-04-05 10:39:15] 共 28 条RSS, 成功抓取 24 条.
[2026-04-05 10:39:15] ✘ 有 4 条订阅解析失败:
[2026-04-05 10:39:15] - https://blog.pursuitus.com/feed
[2026-04-05 10:39:15] - https://geekinney.com/index.xml
[2026-04-05 10:39:15] - https://tcxx.info/feed
[2026-04-05 10:39:15] - https://tumutanzi.com/feed
[2026-04-05 10:39:15] ✘ 有 1 条订阅头像无法访问, 已使用默认头像:
[2026-04-05 10:39:15] - http://feeds.feedburner.com/ruanyifeng
[2026-04-05 11:33:37] 本次订阅抓取结果统计:
[2026-04-05 11:33:37] 共 28 条RSS, 成功抓取 24 条.
[2026-04-05 11:33:37] ✘ 有 4 条订阅解析失败:
[2026-04-05 11:33:37] - https://blog.pursuitus.com/feed
[2026-04-05 11:33:37] - https://geekinney.com/index.xml
[2026-04-05 11:33:37] - https://tcxx.info/feed
[2026-04-05 11:33:37] - https://tumutanzi.com/feed
[2026-04-05 11:33:37] ✘ 有 1 条订阅头像无法访问, 已使用默认头像:
[2026-04-05 11:33:37] - http://feeds.feedburner.com/ruanyifeng
[2026-04-05 13:05:22] 本次订阅抓取结果统计:
[2026-04-05 13:05:22] 共 28 条RSS, 成功抓取 24 条.
[2026-04-05 13:05:22] ✘ 有 4 条订阅解析失败:
[2026-04-05 13:05:22] - https://blog.pursuitus.com/feed
[2026-04-05 13:05:22] - https://tcxx.info/feed
[2026-04-05 13:05:22] - https://geekinney.com/index.xml
[2026-04-05 13:05:22] - https://tumutanzi.com/feed
[2026-04-05 13:05:22] ✘ 有 2 条订阅头像无法访问, 已使用默认头像:
[2026-04-05 13:05:22] - https://www.loyhome.com/feed
[2026-04-05 13:05:22] - http://feeds.feedburner.com/ruanyifeng
[2026-04-05 14:37:20] 本次订阅抓取结果统计:
[2026-04-05 14:37:20] 共 28 条RSS, 成功抓取 24 条.
[2026-04-05 14:37:20] ✘ 有 4 条订阅解析失败:
[2026-04-05 14:37:20] - https://blog.pursuitus.com/feed
[2026-04-05 14:37:20] - https://geekinney.com/index.xml
[2026-04-05 14:37:20] - https://tcxx.info/feed
[2026-04-05 14:37:20] - https://tumutanzi.com/feed
[2026-04-05 14:37:20] ✘ 有 3 条订阅头像无法访问, 已使用默认头像:
[2026-04-05 14:37:20] - https://www.loyhome.com/feed
[2026-04-05 14:37:20] - http://feeds.feedburner.com/ruanyifeng
[2026-04-05 14:37:20] - https://xyzbz.cn/feed
[2026-04-05 15:37:12] 本次订阅抓取结果统计:
[2026-04-05 15:37:12] 共 28 条RSS, 成功抓取 24 条.
[2026-04-05 15:37:12] ✘ 有 4 条订阅解析失败:
[2026-04-05 15:37:12] - https://blog.pursuitus.com/feed
[2026-04-05 15:37:12] - https://geekinney.com/index.xml
[2026-04-05 15:37:12] - https://tcxx.info/feed
[2026-04-05 15:37:12] - https://tumutanzi.com/feed
[2026-04-05 15:37:12] ✘ 有 1 条订阅头像无法访问, 已使用默认头像:
[2026-04-05 15:37:12] - http://feeds.feedburner.com/ruanyifeng
[2026-04-05 16:40:55] 本次订阅抓取结果统计:
[2026-04-05 16:40:55] 共 28 条RSS, 成功抓取 24 条.
[2026-04-05 16:40:55] ✘ 有 4 条订阅解析失败:
[2026-04-05 16:40:55] - https://blog.pursuitus.com/feed
[2026-04-05 16:40:55] - https://geekinney.com/index.xml
[2026-04-05 16:40:55] - https://tcxx.info/feed
[2026-04-05 16:40:55] - https://tumutanzi.com/feed
[2026-04-05 16:40:55] ✘ 有 1 条订阅头像无法访问, 已使用默认头像:
[2026-04-05 16:40:55] - http://feeds.feedburner.com/ruanyifeng
[2026-04-05 17:35:31] 本次订阅抓取结果统计:
[2026-04-05 17:35:31] 共 28 条RSS, 成功抓取 24 条.
[2026-04-05 17:35:31] ✘ 有 4 条订阅解析失败:
[2026-04-05 17:35:31] - https://blog.pursuitus.com/feed
[2026-04-05 17:35:31] - https://geekinney.com/index.xml
[2026-04-05 17:35:31] - https://tcxx.info/feed
[2026-04-05 17:35:31] - https://tumutanzi.com/feed
[2026-04-05 17:35:31] ✘ 有 2 条订阅头像无法访问, 已使用默认头像:
[2026-04-05 17:35:31] - http://feeds.feedburner.com/ruanyifeng
[2026-04-05 17:35:31] - https://www.loyhome.com/feed
[2026-04-05 18:51:09] 本次订阅抓取结果统计:
[2026-04-05 18:51:09] 共 28 条RSS, 成功抓取 23 条.
[2026-04-05 18:51:09] ✘ 有 5 条订阅解析失败:
[2026-04-05 18:51:09] - https://blog.pursuitus.com/feed
[2026-04-05 18:51:09] - https://www.loyhome.com/feed
[2026-04-05 18:51:09] - https://geekinney.com/index.xml
[2026-04-05 18:51:09] - https://tcxx.info/feed
[2026-04-05 18:51:09] - https://tumutanzi.com/feed
[2026-04-05 18:51:09] ✘ 有 1 条订阅头像无法访问, 已使用默认头像:
[2026-04-05 18:51:09] - http://feeds.feedburner.com/ruanyifeng
