[2026-05-26 03:53:52] 本次订阅抓取结果统计:
[2026-05-26 03:53:52] 共 28 条RSS, 成功抓取 23 条.
[2026-05-26 03:53:52] ✘ 有 5 条订阅解析失败:
[2026-05-26 03:53:52] - https://blog.pursuitus.com/feed
[2026-05-26 03:53:52] - https://geekinney.com/index.xml
[2026-05-26 03:53:52] - https://tcxx.info/feed
[2026-05-26 03:53:52] - https://tumutanzi.com/feed
[2026-05-26 03:53:52] - https://www.shephe.com/feed
[2026-05-26 03:53:52] ✘ 有 3 条订阅头像无法访问, 已使用默认头像:
[2026-05-26 03:53:52] - https://www.loyhome.com/feed
[2026-05-26 03:53:52] - http://feeds.feedburner.com/ruanyifeng
[2026-05-26 03:53:52] - https://xyzbz.cn/feed
[2026-05-26 07:53:44] 本次订阅抓取结果统计:
[2026-05-26 07:53:44] 共 28 条RSS, 成功抓取 23 条.
[2026-05-26 07:53:44] ✘ 有 5 条订阅解析失败:
[2026-05-26 07:53:44] - https://blog.pursuitus.com/feed
[2026-05-26 07:53:44] - https://geekinney.com/index.xml
[2026-05-26 07:53:44] - https://tcxx.info/feed
[2026-05-26 07:53:44] - https://tumutanzi.com/feed
[2026-05-26 07:53:44] - https://www.shephe.com/feed
[2026-05-26 07:53:44] ✘ 有 3 条订阅头像无法访问, 已使用默认头像:
[2026-05-26 07:53:44] - https://www.loyhome.com/feed
[2026-05-26 07:53:44] - https://xyzbz.cn/feed
[2026-05-26 07:53:44] - http://feeds.feedburner.com/ruanyifeng
[2026-05-26 15:42:27] 本次订阅抓取结果统计:
[2026-05-26 15:42:27] 共 28 条RSS, 成功抓取 23 条.
[2026-05-26 15:42:27] ✘ 有 5 条订阅解析失败:
[2026-05-26 15:42:27] - https://blog.pursuitus.com/feed
[2026-05-26 15:42:27] - https://geekinney.com/index.xml
[2026-05-26 15:42:27] - https://tcxx.info/feed
[2026-05-26 15:42:27] - https://tumutanzi.com/feed
[2026-05-26 15:42:27] - https://www.shephe.com/feed
[2026-05-26 15:42:27] ✘ 有 3 条订阅头像无法访问, 已使用默认头像:
[2026-05-26 15:42:27] - https://www.loyhome.com/feed
[2026-05-26 15:42:27] - https://xyzbz.cn/feed
[2026-05-26 15:42:27] - http://feeds.feedburner.com/ruanyifeng
[2026-05-26 18:29:28] 本次订阅抓取结果统计:
[2026-05-26 18:29:28] 共 28 条RSS, 成功抓取 23 条.
[2026-05-26 18:29:28] ✘ 有 5 条订阅解析失败:
[2026-05-26 18:29:28] - https://blog.pursuitus.com/feed
[2026-05-26 18:29:28] - https://geekinney.com/index.xml
[2026-05-26 18:29:28] - https://www.shephe.com/feed
[2026-05-26 18:29:28] - https://tumutanzi.com/feed
[2026-05-26 18:29:28] - https://tcxx.info/feed
[2026-05-26 18:29:28] ✘ 有 4 条订阅头像无法访问, 已使用默认头像:
[2026-05-26 18:29:28] - https://www.loyhome.com/feed
[2026-05-26 18:29:28] - https://xyzbz.cn/feed
[2026-05-26 18:29:28] - http://feeds.feedburner.com/ruanyifeng
[2026-05-26 18:29:28] - https://blog.zhheo.com/rss.xml
