[2026-06-13 04:06:11] 本次订阅抓取结果统计:
[2026-06-13 04:06:11] 共 28 条RSS, 成功抓取 23 条.
[2026-06-13 04:06:11] ✘ 有 5 条订阅解析失败:
[2026-06-13 04:06:11] - https://blog.pursuitus.com/feed
[2026-06-13 04:06:11] - https://geekinney.com/index.xml
[2026-06-13 04:06:11] - https://tumutanzi.com/feed
[2026-06-13 04:06:11] - https://tcxx.info/feed
[2026-06-13 04:06:11] - https://www.shephe.com/feed
[2026-06-13 04:06:11] ✘ 有 3 条订阅头像无法访问, 已使用默认头像:
[2026-06-13 04:06:11] - https://www.loyhome.com/feed
[2026-06-13 04:06:11] - http://feeds.feedburner.com/ruanyifeng
[2026-06-13 04:06:11] - https://xyzbz.cn/feed
[2026-06-13 08:22:57] 本次订阅抓取结果统计:
[2026-06-13 08:22:57] 共 28 条RSS, 成功抓取 23 条.
[2026-06-13 08:22:57] ✘ 有 5 条订阅解析失败:
[2026-06-13 08:22:57] - https://blog.pursuitus.com/feed
[2026-06-13 08:22:57] - https://tcxx.info/feed
[2026-06-13 08:22:57] - https://tumutanzi.com/feed
[2026-06-13 08:22:57] - https://www.shephe.com/feed
[2026-06-13 08:22:57] - https://geekinney.com/index.xml
[2026-06-13 08:22:57] ✘ 有 4 条订阅头像无法访问, 已使用默认头像:
[2026-06-13 08:22:57] - https://www.loyhome.com/feed
[2026-06-13 08:22:57] - http://feeds.feedburner.com/ruanyifeng
[2026-06-13 08:22:57] - https://yihui.org/index.xml
[2026-06-13 08:22:57] - https://xyzbz.cn/feed
[2026-06-13 11:16:30] 本次订阅抓取结果统计:
[2026-06-13 11:16:30] 共 28 条RSS, 成功抓取 23 条.
[2026-06-13 11:16:30] ✘ 有 5 条订阅解析失败:
[2026-06-13 11:16:30] - https://blog.pursuitus.com/feed
[2026-06-13 11:16:30] - https://geekinney.com/index.xml
[2026-06-13 11:16:30] - https://tcxx.info/feed
[2026-06-13 11:16:30] - https://tumutanzi.com/feed
[2026-06-13 11:16:30] - https://www.shephe.com/feed
[2026-06-13 11:16:30] ✘ 有 3 条订阅头像无法访问, 已使用默认头像:
[2026-06-13 11:16:30] - https://www.loyhome.com/feed
[2026-06-13 11:16:30] - http://feeds.feedburner.com/ruanyifeng
[2026-06-13 11:16:30] - https://xyzbz.cn/feed
