[2026-06-09 00:08:57] 本次订阅抓取结果统计:
[2026-06-09 00:08:57] 共 28 条RSS, 成功抓取 23 条.
[2026-06-09 00:08:57] ✘ 有 5 条订阅解析失败:
[2026-06-09 00:08:57] - https://blog.pursuitus.com/feed
[2026-06-09 00:08:57] - https://tcxx.info/feed
[2026-06-09 00:08:57] - https://tumutanzi.com/feed
[2026-06-09 00:08:57] - https://geekinney.com/index.xml
[2026-06-09 00:08:57] - https://www.shephe.com/feed
[2026-06-09 00:08:57] ✘ 有 2 条订阅头像无法访问, 已使用默认头像:
[2026-06-09 00:08:57] - https://www.loyhome.com/feed
[2026-06-09 00:08:57] - http://feeds.feedburner.com/ruanyifeng
[2026-06-09 05:09:17] 本次订阅抓取结果统计:
[2026-06-09 05:09:17] 共 28 条RSS, 成功抓取 23 条.
[2026-06-09 05:09:17] ✘ 有 5 条订阅解析失败:
[2026-06-09 05:09:17] - https://blog.pursuitus.com/feed
[2026-06-09 05:09:17] - https://geekinney.com/index.xml
[2026-06-09 05:09:17] - https://tcxx.info/feed
[2026-06-09 05:09:17] - https://tumutanzi.com/feed
[2026-06-09 05:09:17] - https://www.shephe.com/feed
[2026-06-09 05:09:17] ✘ 有 2 条订阅头像无法访问, 已使用默认头像:
[2026-06-09 05:09:17] - https://www.loyhome.com/feed
[2026-06-09 05:09:17] - http://feeds.feedburner.com/ruanyifeng
[2026-06-09 09:51:51] 本次订阅抓取结果统计:
[2026-06-09 09:51:51] 共 28 条RSS, 成功抓取 23 条.
[2026-06-09 09:51:51] ✘ 有 5 条订阅解析失败:
[2026-06-09 09:51:51] - https://blog.pursuitus.com/feed
[2026-06-09 09:51:51] - https://geekinney.com/index.xml
[2026-06-09 09:51:51] - https://tcxx.info/feed
[2026-06-09 09:51:51] - https://tumutanzi.com/feed
[2026-06-09 09:51:51] - https://www.shephe.com/feed
[2026-06-09 09:51:51] ✘ 有 2 条订阅头像无法访问, 已使用默认头像:
[2026-06-09 09:51:51] - https://www.loyhome.com/feed
[2026-06-09 09:51:51] - http://feeds.feedburner.com/ruanyifeng
