[2026-01-07 01:58:23] 本次订阅抓取结果统计:
[2026-01-07 01:58:23] 共 28 条RSS, 成功抓取 25 条.
[2026-01-07 01:58:23] ✘ 有 3 条订阅解析失败:
[2026-01-07 01:58:23] - https://tcxx.info/feed
[2026-01-07 01:58:23] - https://tumutanzi.com/feed
[2026-01-07 01:58:23] - https://geekinney.com/index.xml
[2026-01-07 01:58:23] ✘ 有 3 条订阅头像无法访问, 已使用默认头像:
[2026-01-07 01:58:23] - https://oba.by/feed
[2026-01-07 01:58:23] - http://feeds.feedburner.com/ruanyifeng
[2026-01-07 01:58:23] - https://www.loyhome.com/feed
[2026-01-07 03:44:25] 本次订阅抓取结果统计:
[2026-01-07 03:44:25] 共 28 条RSS, 成功抓取 25 条.
[2026-01-07 03:44:25] ✘ 有 3 条订阅解析失败:
[2026-01-07 03:44:25] - https://tcxx.info/feed
[2026-01-07 03:44:25] - https://tumutanzi.com/feed
[2026-01-07 03:44:25] - https://geekinney.com/index.xml
[2026-01-07 03:44:25] ✘ 有 2 条订阅头像无法访问, 已使用默认头像:
[2026-01-07 03:44:25] - https://oba.by/feed
[2026-01-07 03:44:25] - http://feeds.feedburner.com/ruanyifeng
[2026-01-07 04:43:28] 本次订阅抓取结果统计:
[2026-01-07 04:43:28] 共 28 条RSS, 成功抓取 25 条.
[2026-01-07 04:43:28] ✘ 有 3 条订阅解析失败:
[2026-01-07 04:43:28] - https://tcxx.info/feed
[2026-01-07 04:43:28] - https://tumutanzi.com/feed
[2026-01-07 04:43:28] - https://geekinney.com/index.xml
[2026-01-07 04:43:28] ✘ 有 2 条订阅头像无法访问, 已使用默认头像:
[2026-01-07 04:43:28] - https://oba.by/feed
[2026-01-07 04:43:28] - http://feeds.feedburner.com/ruanyifeng
[2026-01-07 05:28:51] 本次订阅抓取结果统计:
[2026-01-07 05:28:51] 共 28 条RSS, 成功抓取 25 条.
[2026-01-07 05:28:51] ✘ 有 3 条订阅解析失败:
[2026-01-07 05:28:51] - https://tumutanzi.com/feed
[2026-01-07 05:28:51] - https://tcxx.info/feed
[2026-01-07 05:28:51] - https://geekinney.com/index.xml
[2026-01-07 05:28:51] ✘ 有 2 条订阅头像无法访问, 已使用默认头像:
[2026-01-07 05:28:51] - https://oba.by/feed
[2026-01-07 05:28:51] - http://feeds.feedburner.com/ruanyifeng
[2026-01-07 06:38:58] 本次订阅抓取结果统计:
[2026-01-07 06:38:58] 共 28 条RSS, 成功抓取 25 条.
[2026-01-07 06:38:58] ✘ 有 3 条订阅解析失败:
[2026-01-07 06:38:58] - https://tcxx.info/feed
[2026-01-07 06:38:58] - https://tumutanzi.com/feed
[2026-01-07 06:38:58] - https://geekinney.com/index.xml
[2026-01-07 06:38:58] ✘ 有 2 条订阅头像无法访问, 已使用默认头像:
[2026-01-07 06:38:58] - https://oba.by/feed
[2026-01-07 06:38:58] - http://feeds.feedburner.com/ruanyifeng
[2026-01-07 07:28:31] 本次订阅抓取结果统计:
[2026-01-07 07:28:31] 共 28 条RSS, 成功抓取 25 条.
[2026-01-07 07:28:31] ✘ 有 3 条订阅解析失败:
[2026-01-07 07:28:31] - https://tumutanzi.com/feed
[2026-01-07 07:28:31] - https://tcxx.info/feed
[2026-01-07 07:28:31] - https://geekinney.com/index.xml
[2026-01-07 07:28:31] ✘ 有 2 条订阅头像无法访问, 已使用默认头像:
[2026-01-07 07:28:31] - https://oba.by/feed
[2026-01-07 07:28:31] - http://feeds.feedburner.com/ruanyifeng
[2026-01-07 08:35:48] 本次订阅抓取结果统计:
[2026-01-07 08:35:48] 共 28 条RSS, 成功抓取 25 条.
[2026-01-07 08:35:48] ✘ 有 3 条订阅解析失败:
[2026-01-07 08:35:48] - https://tcxx.info/feed
[2026-01-07 08:35:48] - https://tumutanzi.com/feed
[2026-01-07 08:35:48] - https://geekinney.com/index.xml
[2026-01-07 08:35:48] ✘ 有 3 条订阅头像无法访问, 已使用默认头像:
[2026-01-07 08:35:48] - https://oba.by/feed
[2026-01-07 08:35:48] - http://feeds.feedburner.com/ruanyifeng
[2026-01-07 08:35:48] - https://www.loyhome.com/feed
[2026-01-07 09:31:58] 本次订阅抓取结果统计:
[2026-01-07 09:31:58] 共 28 条RSS, 成功抓取 25 条.
[2026-01-07 09:31:58] ✘ 有 3 条订阅解析失败:
[2026-01-07 09:31:58] - https://tcxx.info/feed
[2026-01-07 09:31:58] - https://tumutanzi.com/feed
[2026-01-07 09:31:58] - https://geekinney.com/index.xml
[2026-01-07 09:31:58] ✘ 有 3 条订阅头像无法访问, 已使用默认头像:
[2026-01-07 09:31:58] - https://oba.by/feed
[2026-01-07 09:31:58] - http://feeds.feedburner.com/ruanyifeng
[2026-01-07 09:31:58] - http://weiwuhui.com/feed
[2026-01-07 10:28:54] 本次订阅抓取结果统计:
[2026-01-07 10:28:54] 共 28 条RSS, 成功抓取 25 条.
[2026-01-07 10:28:54] ✘ 有 3 条订阅解析失败:
[2026-01-07 10:28:54] - https://tcxx.info/feed
[2026-01-07 10:28:54] - https://tumutanzi.com/feed
[2026-01-07 10:28:54] - https://geekinney.com/index.xml
[2026-01-07 10:28:54] ✘ 有 2 条订阅头像无法访问, 已使用默认头像:
[2026-01-07 10:28:54] - https://oba.by/feed
[2026-01-07 10:28:54] - http://feeds.feedburner.com/ruanyifeng
[2026-01-07 11:23:45] 本次订阅抓取结果统计:
[2026-01-07 11:23:45] 共 28 条RSS, 成功抓取 25 条.
[2026-01-07 11:23:45] ✘ 有 3 条订阅解析失败:
[2026-01-07 11:23:45] - https://tcxx.info/feed
[2026-01-07 11:23:45] - https://tumutanzi.com/feed
[2026-01-07 11:23:45] - https://geekinney.com/index.xml
[2026-01-07 11:23:45] ✘ 有 2 条订阅头像无法访问, 已使用默认头像:
[2026-01-07 11:23:45] - http://feeds.feedburner.com/ruanyifeng
[2026-01-07 11:23:45] - https://oba.by/feed
[2026-01-07 12:53:31] 本次订阅抓取结果统计:
[2026-01-07 12:53:31] 共 28 条RSS, 成功抓取 25 条.
[2026-01-07 12:53:31] ✘ 有 3 条订阅解析失败:
[2026-01-07 12:53:31] - https://tcxx.info/feed
[2026-01-07 12:53:31] - https://tumutanzi.com/feed
[2026-01-07 12:53:31] - https://geekinney.com/index.xml
[2026-01-07 12:53:31] ✘ 有 2 条订阅头像无法访问, 已使用默认头像:
[2026-01-07 12:53:31] - https://oba.by/feed
[2026-01-07 12:53:31] - http://feeds.feedburner.com/ruanyifeng
[2026-01-07 13:41:55] 本次订阅抓取结果统计:
[2026-01-07 13:41:55] 共 28 条RSS, 成功抓取 25 条.
[2026-01-07 13:41:55] ✘ 有 3 条订阅解析失败:
[2026-01-07 13:41:55] - https://tcxx.info/feed
[2026-01-07 13:41:55] - https://tumutanzi.com/feed
[2026-01-07 13:41:55] - https://geekinney.com/index.xml
[2026-01-07 13:41:55] ✘ 有 2 条订阅头像无法访问, 已使用默认头像:
[2026-01-07 13:41:55] - https://oba.by/feed
[2026-01-07 13:41:55] - http://feeds.feedburner.com/ruanyifeng
[2026-01-07 14:27:43] 本次订阅抓取结果统计:
[2026-01-07 14:27:43] 共 28 条RSS, 成功抓取 25 条.
[2026-01-07 14:27:43] ✘ 有 3 条订阅解析失败:
[2026-01-07 14:27:43] - https://tumutanzi.com/feed
[2026-01-07 14:27:43] - https://tcxx.info/feed
[2026-01-07 14:27:43] - https://geekinney.com/index.xml
[2026-01-07 14:27:43] ✘ 有 2 条订阅头像无法访问, 已使用默认头像:
[2026-01-07 14:27:43] - https://oba.by/feed
[2026-01-07 14:27:43] - http://feeds.feedburner.com/ruanyifeng
[2026-01-07 15:29:51] 本次订阅抓取结果统计:
[2026-01-07 15:29:51] 共 28 条RSS, 成功抓取 25 条.
[2026-01-07 15:29:51] ✘ 有 3 条订阅解析失败:
[2026-01-07 15:29:51] - https://tcxx.info/feed
[2026-01-07 15:29:51] - https://tumutanzi.com/feed
[2026-01-07 15:29:51] - https://geekinney.com/index.xml
[2026-01-07 15:29:51] ✘ 有 2 条订阅头像无法访问, 已使用默认头像:
[2026-01-07 15:29:51] - https://oba.by/feed
[2026-01-07 15:29:51] - http://feeds.feedburner.com/ruanyifeng
[2026-01-07 16:35:26] 本次订阅抓取结果统计:
[2026-01-07 16:35:26] 共 28 条RSS, 成功抓取 25 条.
[2026-01-07 16:35:26] ✘ 有 3 条订阅解析失败:
[2026-01-07 16:35:26] - https://tumutanzi.com/feed
[2026-01-07 16:35:26] - https://tcxx.info/feed
[2026-01-07 16:35:26] - https://geekinney.com/index.xml
[2026-01-07 16:35:26] ✘ 有 2 条订阅头像无法访问, 已使用默认头像:
[2026-01-07 16:35:26] - https://oba.by/feed
[2026-01-07 16:35:26] - http://feeds.feedburner.com/ruanyifeng
[2026-01-07 17:28:44] 本次订阅抓取结果统计:
[2026-01-07 17:28:44] 共 28 条RSS, 成功抓取 25 条.
[2026-01-07 17:28:44] ✘ 有 3 条订阅解析失败:
[2026-01-07 17:28:44] - https://tcxx.info/feed
[2026-01-07 17:28:44] - https://tumutanzi.com/feed
[2026-01-07 17:28:44] - https://geekinney.com/index.xml
[2026-01-07 17:28:44] ✘ 有 2 条订阅头像无法访问, 已使用默认头像:
[2026-01-07 17:28:44] - https://oba.by/feed
[2026-01-07 17:28:44] - http://feeds.feedburner.com/ruanyifeng
[2026-01-07 18:38:09] 本次订阅抓取结果统计:
[2026-01-07 18:38:09] 共 28 条RSS, 成功抓取 25 条.
[2026-01-07 18:38:09] ✘ 有 3 条订阅解析失败:
[2026-01-07 18:38:09] - https://tumutanzi.com/feed
[2026-01-07 18:38:09] - https://tcxx.info/feed
[2026-01-07 18:38:09] - https://geekinney.com/index.xml
[2026-01-07 18:38:09] ✘ 有 2 条订阅头像无法访问, 已使用默认头像:
[2026-01-07 18:38:09] - https://oba.by/feed
[2026-01-07 18:38:09] - http://feeds.feedburner.com/ruanyifeng
[2026-01-07 19:23:01] 本次订阅抓取结果统计:
[2026-01-07 19:23:01] 共 28 条RSS, 成功抓取 25 条.
[2026-01-07 19:23:01] ✘ 有 3 条订阅解析失败:
[2026-01-07 19:23:01] - https://tumutanzi.com/feed
[2026-01-07 19:23:01] - https://tcxx.info/feed
[2026-01-07 19:23:01] - https://geekinney.com/index.xml
[2026-01-07 19:23:01] ✘ 有 2 条订阅头像无法访问, 已使用默认头像:
[2026-01-07 19:23:01] - https://oba.by/feed
[2026-01-07 19:23:01] - http://feeds.feedburner.com/ruanyifeng
[2026-01-07 20:29:47] 本次订阅抓取结果统计:
[2026-01-07 20:29:47] 共 28 条RSS, 成功抓取 25 条.
[2026-01-07 20:29:47] ✘ 有 3 条订阅解析失败:
[2026-01-07 20:29:47] - https://tcxx.info/feed
[2026-01-07 20:29:47] - https://tumutanzi.com/feed
[2026-01-07 20:29:47] - https://geekinney.com/index.xml
[2026-01-07 20:29:47] ✘ 有 2 条订阅头像无法访问, 已使用默认头像:
[2026-01-07 20:29:47] - https://oba.by/feed
[2026-01-07 20:29:47] - http://feeds.feedburner.com/ruanyifeng
[2026-01-07 21:24:10] 本次订阅抓取结果统计:
[2026-01-07 21:24:10] 共 28 条RSS, 成功抓取 25 条.
[2026-01-07 21:24:10] ✘ 有 3 条订阅解析失败:
[2026-01-07 21:24:10] - https://tumutanzi.com/feed
[2026-01-07 21:24:10] - https://tcxx.info/feed
[2026-01-07 21:24:10] - https://geekinney.com/index.xml
[2026-01-07 21:24:10] ✘ 有 3 条订阅头像无法访问, 已使用默认头像:
[2026-01-07 21:24:10] - https://oba.by/feed
[2026-01-07 21:24:10] - http://feeds.feedburner.com/ruanyifeng
[2026-01-07 21:24:10] - https://www.loyhome.com/feed
[2026-01-07 22:24:25] 本次订阅抓取结果统计:
[2026-01-07 22:24:25] 共 28 条RSS, 成功抓取 25 条.
[2026-01-07 22:24:25] ✘ 有 3 条订阅解析失败:
[2026-01-07 22:24:25] - https://tcxx.info/feed
[2026-01-07 22:24:25] - https://tumutanzi.com/feed
[2026-01-07 22:24:25] - https://geekinney.com/index.xml
[2026-01-07 22:24:25] ✘ 有 2 条订阅头像无法访问, 已使用默认头像:
[2026-01-07 22:24:25] - https://oba.by/feed
[2026-01-07 22:24:25] - http://feeds.feedburner.com/ruanyifeng
[2026-01-07 23:24:32] 本次订阅抓取结果统计:
[2026-01-07 23:24:32] 共 28 条RSS, 成功抓取 25 条.
[2026-01-07 23:24:32] ✘ 有 3 条订阅解析失败:
[2026-01-07 23:24:32] - https://tumutanzi.com/feed
[2026-01-07 23:24:32] - https://tcxx.info/feed
[2026-01-07 23:24:32] - https://geekinney.com/index.xml
[2026-01-07 23:24:32] ✘ 有 2 条订阅头像无法访问, 已使用默认头像:
[2026-01-07 23:24:32] - https://oba.by/feed
[2026-01-07 23:24:32] - http://feeds.feedburner.com/ruanyifeng
