[2026-07-16 00:19:46] 本次订阅抓取结果统计:
[2026-07-16 00:19:46] 共 28 条RSS, 成功抓取 24 条.
[2026-07-16 00:19:46] ✘ 有 4 条订阅解析失败:
[2026-07-16 00:19:46] - https://blog.pursuitus.com/feed
[2026-07-16 00:19:46] - https://geekinney.com/index.xml
[2026-07-16 00:19:46] - https://tcxx.info/feed
[2026-07-16 00:19:46] - https://www.shephe.com/feed
[2026-07-16 00:19:46] ✘ 有 2 条订阅头像无法访问, 已使用默认头像:
[2026-07-16 00:19:46] - https://www.loyhome.com/feed
[2026-07-16 00:19:46] - http://feeds.feedburner.com/ruanyifeng
[2026-07-16 04:11:11] 本次订阅抓取结果统计:
[2026-07-16 04:11:11] 共 28 条RSS, 成功抓取 24 条.
[2026-07-16 04:11:11] ✘ 有 4 条订阅解析失败:
[2026-07-16 04:11:11] - https://blog.pursuitus.com/feed
[2026-07-16 04:11:11] - https://geekinney.com/index.xml
[2026-07-16 04:11:11] - https://tcxx.info/feed
[2026-07-16 04:11:11] - https://www.shephe.com/feed
[2026-07-16 04:11:11] ✘ 有 2 条订阅头像无法访问, 已使用默认头像:
[2026-07-16 04:11:11] - https://www.loyhome.com/feed
[2026-07-16 04:11:11] - http://feeds.feedburner.com/ruanyifeng
[2026-07-16 07:24:33] 本次订阅抓取结果统计:
[2026-07-16 07:24:33] 共 28 条RSS, 成功抓取 24 条.
[2026-07-16 07:24:33] ✘ 有 4 条订阅解析失败:
[2026-07-16 07:24:33] - https://blog.pursuitus.com/feed
[2026-07-16 07:24:33] - https://geekinney.com/index.xml
[2026-07-16 07:24:33] - https://tcxx.info/feed
[2026-07-16 07:24:33] - https://www.shephe.com/feed
[2026-07-16 07:24:33] ✘ 有 2 条订阅头像无法访问, 已使用默认头像:
[2026-07-16 07:24:33] - https://www.loyhome.com/feed
[2026-07-16 07:24:33] - http://feeds.feedburner.com/ruanyifeng
[2026-07-16 10:15:46] 本次订阅抓取结果统计:
[2026-07-16 10:15:46] 共 28 条RSS, 成功抓取 24 条.
[2026-07-16 10:15:46] ✘ 有 4 条订阅解析失败:
[2026-07-16 10:15:46] - https://blog.pursuitus.com/feed
[2026-07-16 10:15:46] - https://geekinney.com/index.xml
[2026-07-16 10:15:46] - https://tcxx.info/feed
[2026-07-16 10:15:46] - https://www.shephe.com/feed
[2026-07-16 10:15:46] ✘ 有 2 条订阅头像无法访问, 已使用默认头像:
[2026-07-16 10:15:46] - https://www.loyhome.com/feed
[2026-07-16 10:15:46] - http://feeds.feedburner.com/ruanyifeng
[2026-07-16 12:22:23] 本次订阅抓取结果统计:
[2026-07-16 12:22:23] 共 28 条RSS, 成功抓取 24 条.
[2026-07-16 12:22:23] ✘ 有 4 条订阅解析失败:
[2026-07-16 12:22:23] - https://blog.pursuitus.com/feed
[2026-07-16 12:22:23] - https://geekinney.com/index.xml
[2026-07-16 12:22:23] - https://tcxx.info/feed
[2026-07-16 12:22:23] - https://www.shephe.com/feed
[2026-07-16 12:22:23] ✘ 有 2 条订阅头像无法访问, 已使用默认头像:
[2026-07-16 12:22:23] - https://www.loyhome.com/feed
[2026-07-16 12:22:23] - http://feeds.feedburner.com/ruanyifeng
