[2026-01-16 02:00:29] 本次订阅抓取结果统计:
[2026-01-16 02:00:29] 共 28 条RSS, 成功抓取 23 条.
[2026-01-16 02:00:29] ✘ 有 5 条订阅解析失败:
[2026-01-16 02:00:29] - https://blog.pursuitus.com/feed
[2026-01-16 02:00:29] - https://oba.by/feed
[2026-01-16 02:00:29] - https://tcxx.info/feed
[2026-01-16 02:00:29] - https://tumutanzi.com/feed
[2026-01-16 02:00:29] - https://geekinney.com/index.xml
[2026-01-16 02:00:29] ✘ 有 1 条订阅头像无法访问, 已使用默认头像:
[2026-01-16 02:00:29] - http://feeds.feedburner.com/ruanyifeng
[2026-01-16 03:45:36] 本次订阅抓取结果统计:
[2026-01-16 03:45:36] 共 28 条RSS, 成功抓取 23 条.
[2026-01-16 03:45:36] ✘ 有 5 条订阅解析失败:
[2026-01-16 03:45:36] - https://blog.pursuitus.com/feed
[2026-01-16 03:45:36] - https://oba.by/feed
[2026-01-16 03:45:36] - https://tcxx.info/feed
[2026-01-16 03:45:36] - https://tumutanzi.com/feed
[2026-01-16 03:45:36] - https://geekinney.com/index.xml
[2026-01-16 03:45:36] ✘ 有 1 条订阅头像无法访问, 已使用默认头像:
[2026-01-16 03:45:36] - http://feeds.feedburner.com/ruanyifeng
[2026-01-16 04:43:00] 本次订阅抓取结果统计:
[2026-01-16 04:43:00] 共 28 条RSS, 成功抓取 23 条.
[2026-01-16 04:43:00] ✘ 有 5 条订阅解析失败:
[2026-01-16 04:43:00] - https://oba.by/feed
[2026-01-16 04:43:00] - https://blog.pursuitus.com/feed
[2026-01-16 04:43:00] - https://tcxx.info/feed
[2026-01-16 04:43:00] - https://tumutanzi.com/feed
[2026-01-16 04:43:00] - https://geekinney.com/index.xml
[2026-01-16 04:43:00] ✘ 有 2 条订阅头像无法访问, 已使用默认头像:
[2026-01-16 04:43:00] - http://feeds.feedburner.com/ruanyifeng
[2026-01-16 04:43:00] - https://xyzbz.cn/feed
[2026-01-16 05:29:21] 本次订阅抓取结果统计:
[2026-01-16 05:29:21] 共 28 条RSS, 成功抓取 23 条.
[2026-01-16 05:29:21] ✘ 有 5 条订阅解析失败:
[2026-01-16 05:29:21] - https://oba.by/feed
[2026-01-16 05:29:21] - https://blog.pursuitus.com/feed
[2026-01-16 05:29:21] - https://tcxx.info/feed
[2026-01-16 05:29:21] - https://tumutanzi.com/feed
[2026-01-16 05:29:21] - https://geekinney.com/index.xml
[2026-01-16 05:29:21] ✘ 有 1 条订阅头像无法访问, 已使用默认头像:
[2026-01-16 05:29:21] - http://feeds.feedburner.com/ruanyifeng
[2026-01-16 06:39:31] 本次订阅抓取结果统计:
[2026-01-16 06:39:31] 共 28 条RSS, 成功抓取 23 条.
[2026-01-16 06:39:31] ✘ 有 5 条订阅解析失败:
[2026-01-16 06:39:31] - https://oba.by/feed
[2026-01-16 06:39:31] - https://blog.pursuitus.com/feed
[2026-01-16 06:39:31] - https://tumutanzi.com/feed
[2026-01-16 06:39:31] - https://tcxx.info/feed
[2026-01-16 06:39:31] - https://geekinney.com/index.xml
[2026-01-16 06:39:31] ✘ 有 2 条订阅头像无法访问, 已使用默认头像:
[2026-01-16 06:39:31] - http://feeds.feedburner.com/ruanyifeng
[2026-01-16 06:39:31] - https://xyzbz.cn/feed
