[2026-05-31 04:09:24] 本次订阅抓取结果统计:
[2026-05-31 04:09:24] 共 28 条RSS, 成功抓取 22 条.
[2026-05-31 04:09:24] ✘ 有 6 条订阅解析失败:
[2026-05-31 04:09:24] - https://blog.pursuitus.com/feed
[2026-05-31 04:09:24] - https://www.shephe.com/feed
[2026-05-31 04:09:24] - https://geekinney.com/index.xml
[2026-05-31 04:09:24] - https://tcxx.info/feed
[2026-05-31 04:09:24] - https://tumutanzi.com/feed
[2026-05-31 04:09:24] - https://blog.yanqingshan.com/feed
[2026-05-31 04:09:24] ✘ 有 4 条订阅头像无法访问, 已使用默认头像:
[2026-05-31 04:09:24] - https://blog.zhheo.com/rss.xml
[2026-05-31 04:09:24] - https://www.loyhome.com/feed
[2026-05-31 04:09:24] - http://feeds.feedburner.com/ruanyifeng
[2026-05-31 04:09:24] - https://xyzbz.cn/feed
[2026-05-31 08:16:01] 本次订阅抓取结果统计:
[2026-05-31 08:16:01] 共 28 条RSS, 成功抓取 23 条.
[2026-05-31 08:16:01] ✘ 有 5 条订阅解析失败:
[2026-05-31 08:16:01] - https://blog.pursuitus.com/feed
[2026-05-31 08:16:01] - https://geekinney.com/index.xml
[2026-05-31 08:16:01] - https://www.shephe.com/feed
[2026-05-31 08:16:01] - https://tcxx.info/feed
[2026-05-31 08:16:01] - https://tumutanzi.com/feed
[2026-05-31 08:16:01] ✘ 有 2 条订阅头像无法访问, 已使用默认头像:
[2026-05-31 08:16:01] - https://www.loyhome.com/feed
[2026-05-31 08:16:01] - http://feeds.feedburner.com/ruanyifeng
[2026-05-31 11:00:43] 本次订阅抓取结果统计:
[2026-05-31 11:00:43] 共 28 条RSS, 成功抓取 23 条.
[2026-05-31 11:00:43] ✘ 有 5 条订阅解析失败:
[2026-05-31 11:00:43] - https://blog.pursuitus.com/feed
[2026-05-31 11:00:43] - https://geekinney.com/index.xml
[2026-05-31 11:00:43] - https://tcxx.info/feed
[2026-05-31 11:00:43] - https://tumutanzi.com/feed
[2026-05-31 11:00:43] - https://www.shephe.com/feed
[2026-05-31 11:00:43] ✘ 有 2 条订阅头像无法访问, 已使用默认头像:
[2026-05-31 11:00:43] - https://www.loyhome.com/feed
[2026-05-31 11:00:43] - http://feeds.feedburner.com/ruanyifeng
[2026-05-31 13:51:08] 本次订阅抓取结果统计:
[2026-05-31 13:51:08] 共 28 条RSS, 成功抓取 23 条.
[2026-05-31 13:51:08] ✘ 有 5 条订阅解析失败:
[2026-05-31 13:51:08] - https://blog.pursuitus.com/feed
[2026-05-31 13:51:08] - https://geekinney.com/index.xml
[2026-05-31 13:51:08] - https://tumutanzi.com/feed
[2026-05-31 13:51:08] - https://tcxx.info/feed
[2026-05-31 13:51:08] - https://www.shephe.com/feed
[2026-05-31 13:51:08] ✘ 有 2 条订阅头像无法访问, 已使用默认头像:
[2026-05-31 13:51:08] - https://www.loyhome.com/feed
[2026-05-31 13:51:08] - http://feeds.feedburner.com/ruanyifeng
