[2026-07-06 03:52:17] 本次订阅抓取结果统计:
[2026-07-06 03:52:17] 共 28 条RSS, 成功抓取 24 条.
[2026-07-06 03:52:17] ✘ 有 4 条订阅解析失败:
[2026-07-06 03:52:17] - https://blog.pursuitus.com/feed
[2026-07-06 03:52:17] - https://geekinney.com/index.xml
[2026-07-06 03:52:17] - https://tcxx.info/feed
[2026-07-06 03:52:17] - https://www.shephe.com/feed
[2026-07-06 03:52:17] ✘ 有 3 条订阅头像无法访问, 已使用默认头像:
[2026-07-06 03:52:17] - https://www.loyhome.com/feed
[2026-07-06 03:52:17] - https://xyzbz.cn/feed
[2026-07-06 03:52:17] - http://feeds.feedburner.com/ruanyifeng
[2026-07-06 08:24:01] 本次订阅抓取结果统计:
[2026-07-06 08:24:01] 共 28 条RSS, 成功抓取 24 条.
[2026-07-06 08:24:01] ✘ 有 4 条订阅解析失败:
[2026-07-06 08:24:01] - https://blog.pursuitus.com/feed
[2026-07-06 08:24:01] - https://tcxx.info/feed
[2026-07-06 08:24:01] - https://geekinney.com/index.xml
[2026-07-06 08:24:01] - https://www.shephe.com/feed
[2026-07-06 08:24:01] ✘ 有 3 条订阅头像无法访问, 已使用默认头像:
[2026-07-06 08:24:01] - https://www.loyhome.com/feed
[2026-07-06 08:24:01] - https://xyzbz.cn/feed
[2026-07-06 08:24:01] - http://feeds.feedburner.com/ruanyifeng
[2026-07-06 12:52:25] 本次订阅抓取结果统计:
[2026-07-06 12:52:25] 共 28 条RSS, 成功抓取 24 条.
[2026-07-06 12:52:25] ✘ 有 4 条订阅解析失败:
[2026-07-06 12:52:25] - https://blog.pursuitus.com/feed
[2026-07-06 12:52:25] - https://geekinney.com/index.xml
[2026-07-06 12:52:25] - https://tcxx.info/feed
[2026-07-06 12:52:25] - https://www.shephe.com/feed
[2026-07-06 12:52:25] ✘ 有 3 条订阅头像无法访问, 已使用默认头像:
[2026-07-06 12:52:25] - https://www.loyhome.com/feed
[2026-07-06 12:52:25] - http://feeds.feedburner.com/ruanyifeng
[2026-07-06 12:52:25] - https://xyzbz.cn/feed
