[2026-01-08 01:58:46] 本次订阅抓取结果统计:
[2026-01-08 01:58:46] 共 28 条RSS, 成功抓取 25 条.
[2026-01-08 01:58:46] ✘ 有 3 条订阅解析失败:
[2026-01-08 01:58:46] - https://tcxx.info/feed
[2026-01-08 01:58:46] - https://tumutanzi.com/feed
[2026-01-08 01:58:46] - https://geekinney.com/index.xml
[2026-01-08 01:58:46] ✘ 有 2 条订阅头像无法访问, 已使用默认头像:
[2026-01-08 01:58:46] - https://oba.by/feed
[2026-01-08 01:58:46] - http://feeds.feedburner.com/ruanyifeng
[2026-01-08 03:44:33] 本次订阅抓取结果统计:
[2026-01-08 03:44:33] 共 28 条RSS, 成功抓取 25 条.
[2026-01-08 03:44:33] ✘ 有 3 条订阅解析失败:
[2026-01-08 03:44:33] - https://tumutanzi.com/feed
[2026-01-08 03:44:33] - https://tcxx.info/feed
[2026-01-08 03:44:33] - https://geekinney.com/index.xml
[2026-01-08 03:44:33] ✘ 有 2 条订阅头像无法访问, 已使用默认头像:
[2026-01-08 03:44:33] - https://oba.by/feed
[2026-01-08 03:44:33] - http://feeds.feedburner.com/ruanyifeng
[2026-01-08 04:42:18] 本次订阅抓取结果统计:
[2026-01-08 04:42:18] 共 28 条RSS, 成功抓取 25 条.
[2026-01-08 04:42:18] ✘ 有 3 条订阅解析失败:
[2026-01-08 04:42:18] - https://tcxx.info/feed
[2026-01-08 04:42:18] - https://tumutanzi.com/feed
[2026-01-08 04:42:18] - https://geekinney.com/index.xml
[2026-01-08 04:42:18] ✘ 有 2 条订阅头像无法访问, 已使用默认头像:
[2026-01-08 04:42:18] - https://oba.by/feed
[2026-01-08 04:42:18] - http://feeds.feedburner.com/ruanyifeng
[2026-01-08 05:28:26] 本次订阅抓取结果统计:
[2026-01-08 05:28:26] 共 28 条RSS, 成功抓取 25 条.
[2026-01-08 05:28:26] ✘ 有 3 条订阅解析失败:
[2026-01-08 05:28:26] - https://tcxx.info/feed
[2026-01-08 05:28:26] - https://tumutanzi.com/feed
[2026-01-08 05:28:26] - https://geekinney.com/index.xml
[2026-01-08 05:28:26] ✘ 有 2 条订阅头像无法访问, 已使用默认头像:
[2026-01-08 05:28:26] - https://oba.by/feed
[2026-01-08 05:28:26] - http://feeds.feedburner.com/ruanyifeng
[2026-01-08 06:39:15] 本次订阅抓取结果统计:
[2026-01-08 06:39:15] 共 28 条RSS, 成功抓取 25 条.
[2026-01-08 06:39:15] ✘ 有 3 条订阅解析失败:
[2026-01-08 06:39:15] - https://tumutanzi.com/feed
[2026-01-08 06:39:15] - https://tcxx.info/feed
[2026-01-08 06:39:15] - https://geekinney.com/index.xml
[2026-01-08 06:39:15] ✘ 有 3 条订阅头像无法访问, 已使用默认头像:
[2026-01-08 06:39:15] - https://oba.by/feed
[2026-01-08 06:39:15] - http://feeds.feedburner.com/ruanyifeng
[2026-01-08 06:39:15] - https://xyzbz.cn/feed
[2026-01-08 07:28:02] 本次订阅抓取结果统计:
[2026-01-08 07:28:02] 共 28 条RSS, 成功抓取 25 条.
[2026-01-08 07:28:02] ✘ 有 3 条订阅解析失败:
[2026-01-08 07:28:02] - https://tumutanzi.com/feed
[2026-01-08 07:28:02] - https://tcxx.info/feed
[2026-01-08 07:28:02] - https://geekinney.com/index.xml
[2026-01-08 07:28:02] ✘ 有 2 条订阅头像无法访问, 已使用默认头像:
[2026-01-08 07:28:02] - https://oba.by/feed
[2026-01-08 07:28:02] - http://feeds.feedburner.com/ruanyifeng
[2026-01-08 08:35:59] 本次订阅抓取结果统计:
[2026-01-08 08:35:59] 共 28 条RSS, 成功抓取 25 条.
[2026-01-08 08:35:59] ✘ 有 3 条订阅解析失败:
[2026-01-08 08:35:59] - https://tumutanzi.com/feed
[2026-01-08 08:35:59] - https://tcxx.info/feed
[2026-01-08 08:35:59] - https://geekinney.com/index.xml
[2026-01-08 08:35:59] ✘ 有 3 条订阅头像无法访问, 已使用默认头像:
[2026-01-08 08:35:59] - https://oba.by/feed
[2026-01-08 08:35:59] - http://feeds.feedburner.com/ruanyifeng
[2026-01-08 08:35:59] - https://www.loyhome.com/feed
[2026-01-08 09:32:02] 本次订阅抓取结果统计:
[2026-01-08 09:32:02] 共 28 条RSS, 成功抓取 25 条.
[2026-01-08 09:32:02] ✘ 有 3 条订阅解析失败:
[2026-01-08 09:32:02] - https://tcxx.info/feed
[2026-01-08 09:32:02] - https://tumutanzi.com/feed
[2026-01-08 09:32:02] - https://geekinney.com/index.xml
[2026-01-08 09:32:02] ✘ 有 2 条订阅头像无法访问, 已使用默认头像:
[2026-01-08 09:32:02] - https://oba.by/feed
[2026-01-08 09:32:02] - http://feeds.feedburner.com/ruanyifeng
[2026-01-08 10:28:46] 本次订阅抓取结果统计:
[2026-01-08 10:28:46] 共 28 条RSS, 成功抓取 25 条.
[2026-01-08 10:28:46] ✘ 有 3 条订阅解析失败:
[2026-01-08 10:28:46] - https://tumutanzi.com/feed
[2026-01-08 10:28:46] - https://tcxx.info/feed
[2026-01-08 10:28:46] - https://geekinney.com/index.xml
[2026-01-08 10:28:46] ✘ 有 2 条订阅头像无法访问, 已使用默认头像:
[2026-01-08 10:28:46] - https://oba.by/feed
[2026-01-08 10:28:46] - http://feeds.feedburner.com/ruanyifeng
[2026-01-08 11:23:58] 本次订阅抓取结果统计:
[2026-01-08 11:23:58] 共 28 条RSS, 成功抓取 25 条.
[2026-01-08 11:23:58] ✘ 有 3 条订阅解析失败:
[2026-01-08 11:23:58] - https://tumutanzi.com/feed
[2026-01-08 11:23:58] - https://tcxx.info/feed
[2026-01-08 11:23:58] - https://geekinney.com/index.xml
[2026-01-08 11:23:58] ✘ 有 2 条订阅头像无法访问, 已使用默认头像:
[2026-01-08 11:23:58] - https://oba.by/feed
[2026-01-08 11:23:58] - http://feeds.feedburner.com/ruanyifeng
[2026-01-08 12:53:53] 本次订阅抓取结果统计:
[2026-01-08 12:53:53] 共 28 条RSS, 成功抓取 25 条.
[2026-01-08 12:53:53] ✘ 有 3 条订阅解析失败:
[2026-01-08 12:53:53] - https://tumutanzi.com/feed
[2026-01-08 12:53:53] - https://tcxx.info/feed
[2026-01-08 12:53:53] - https://geekinney.com/index.xml
[2026-01-08 12:53:53] ✘ 有 2 条订阅头像无法访问, 已使用默认头像:
[2026-01-08 12:53:53] - https://oba.by/feed
[2026-01-08 12:53:53] - http://feeds.feedburner.com/ruanyifeng
[2026-01-08 13:42:46] 本次订阅抓取结果统计:
[2026-01-08 13:42:46] 共 28 条RSS, 成功抓取 24 条.
[2026-01-08 13:42:46] ✘ 有 4 条订阅解析失败:
[2026-01-08 13:42:46] - https://1900.live/rss.xml
[2026-01-08 13:42:46] - https://tumutanzi.com/feed
[2026-01-08 13:42:46] - https://tcxx.info/feed
[2026-01-08 13:42:46] - https://geekinney.com/index.xml
[2026-01-08 13:42:46] ✘ 有 2 条订阅头像无法访问, 已使用默认头像:
[2026-01-08 13:42:46] - https://oba.by/feed
[2026-01-08 13:42:46] - http://feeds.feedburner.com/ruanyifeng
[2026-01-08 14:29:06] 本次订阅抓取结果统计:
[2026-01-08 14:29:06] 共 28 条RSS, 成功抓取 24 条.
[2026-01-08 14:29:06] ✘ 有 4 条订阅解析失败:
[2026-01-08 14:29:06] - https://1900.live/rss.xml
[2026-01-08 14:29:06] - https://tumutanzi.com/feed
[2026-01-08 14:29:06] - https://tcxx.info/feed
[2026-01-08 14:29:06] - https://geekinney.com/index.xml
[2026-01-08 14:29:06] ✘ 有 2 条订阅头像无法访问, 已使用默认头像:
[2026-01-08 14:29:06] - https://oba.by/feed
[2026-01-08 14:29:06] - http://feeds.feedburner.com/ruanyifeng
[2026-01-08 15:30:13] 本次订阅抓取结果统计:
[2026-01-08 15:30:13] 共 28 条RSS, 成功抓取 24 条.
[2026-01-08 15:30:13] ✘ 有 4 条订阅解析失败:
[2026-01-08 15:30:13] - https://1900.live/rss.xml
[2026-01-08 15:30:13] - https://tcxx.info/feed
[2026-01-08 15:30:13] - https://tumutanzi.com/feed
[2026-01-08 15:30:13] - https://geekinney.com/index.xml
[2026-01-08 15:30:13] ✘ 有 2 条订阅头像无法访问, 已使用默认头像:
[2026-01-08 15:30:13] - https://oba.by/feed
[2026-01-08 15:30:13] - http://feeds.feedburner.com/ruanyifeng
[2026-01-08 16:34:57] 本次订阅抓取结果统计:
[2026-01-08 16:34:57] 共 28 条RSS, 成功抓取 25 条.
[2026-01-08 16:34:57] ✘ 有 3 条订阅解析失败:
[2026-01-08 16:34:57] - https://tcxx.info/feed
[2026-01-08 16:34:57] - https://tumutanzi.com/feed
[2026-01-08 16:34:57] - https://geekinney.com/index.xml
[2026-01-08 16:34:57] ✘ 有 2 条订阅头像无法访问, 已使用默认头像:
[2026-01-08 16:34:57] - https://oba.by/feed
[2026-01-08 16:34:57] - http://feeds.feedburner.com/ruanyifeng
[2026-01-08 17:29:54] 本次订阅抓取结果统计:
[2026-01-08 17:29:54] 共 28 条RSS, 成功抓取 25 条.
[2026-01-08 17:29:54] ✘ 有 3 条订阅解析失败:
[2026-01-08 17:29:54] - https://tcxx.info/feed
[2026-01-08 17:29:54] - https://tumutanzi.com/feed
[2026-01-08 17:29:54] - https://geekinney.com/index.xml
[2026-01-08 17:29:54] ✘ 有 3 条订阅头像无法访问, 已使用默认头像:
[2026-01-08 17:29:54] - https://oba.by/feed
[2026-01-08 17:29:54] - http://feeds.feedburner.com/ruanyifeng
[2026-01-08 17:29:54] - https://www.loyhome.com/feed
[2026-01-08 18:34:01] 本次订阅抓取结果统计:
[2026-01-08 18:34:01] 共 28 条RSS, 成功抓取 25 条.
[2026-01-08 18:34:01] ✘ 有 3 条订阅解析失败:
[2026-01-08 18:34:01] - https://tcxx.info/feed
[2026-01-08 18:34:01] - https://tumutanzi.com/feed
[2026-01-08 18:34:01] - https://geekinney.com/index.xml
[2026-01-08 18:34:01] ✘ 有 2 条订阅头像无法访问, 已使用默认头像:
[2026-01-08 18:34:01] - https://oba.by/feed
[2026-01-08 18:34:01] - http://feeds.feedburner.com/ruanyifeng
[2026-01-08 19:22:55] 本次订阅抓取结果统计:
[2026-01-08 19:22:55] 共 28 条RSS, 成功抓取 25 条.
[2026-01-08 19:22:55] ✘ 有 3 条订阅解析失败:
[2026-01-08 19:22:55] - https://tcxx.info/feed
[2026-01-08 19:22:55] - https://tumutanzi.com/feed
[2026-01-08 19:22:55] - https://geekinney.com/index.xml
[2026-01-08 19:22:55] ✘ 有 2 条订阅头像无法访问, 已使用默认头像:
[2026-01-08 19:22:55] - https://oba.by/feed
[2026-01-08 19:22:55] - http://feeds.feedburner.com/ruanyifeng
[2026-01-08 20:29:40] 本次订阅抓取结果统计:
[2026-01-08 20:29:40] 共 28 条RSS, 成功抓取 25 条.
[2026-01-08 20:29:40] ✘ 有 3 条订阅解析失败:
[2026-01-08 20:29:40] - https://tcxx.info/feed
[2026-01-08 20:29:40] - https://tumutanzi.com/feed
[2026-01-08 20:29:40] - https://geekinney.com/index.xml
[2026-01-08 20:29:40] ✘ 有 2 条订阅头像无法访问, 已使用默认头像:
[2026-01-08 20:29:40] - https://oba.by/feed
[2026-01-08 20:29:40] - http://feeds.feedburner.com/ruanyifeng
[2026-01-08 21:26:16] 本次订阅抓取结果统计:
[2026-01-08 21:26:16] 共 28 条RSS, 成功抓取 25 条.
[2026-01-08 21:26:16] ✘ 有 3 条订阅解析失败:
[2026-01-08 21:26:16] - https://tcxx.info/feed
[2026-01-08 21:26:16] - https://tumutanzi.com/feed
[2026-01-08 21:26:16] - https://geekinney.com/index.xml
[2026-01-08 21:26:16] ✘ 有 2 条订阅头像无法访问, 已使用默认头像:
[2026-01-08 21:26:16] - https://oba.by/feed
[2026-01-08 21:26:16] - http://feeds.feedburner.com/ruanyifeng
