[2026-04-14 02:52:29] 本次订阅抓取结果统计:
[2026-04-14 02:52:29] 共 28 条RSS, 成功抓取 23 条.
[2026-04-14 02:52:29] ✘ 有 5 条订阅解析失败:
[2026-04-14 02:52:29] - https://blog.pursuitus.com/feed
[2026-04-14 02:52:29] - https://tcxx.info/feed
[2026-04-14 02:52:29] - https://geekinney.com/index.xml
[2026-04-14 02:52:29] - https://tumutanzi.com/feed
[2026-04-14 02:52:29] - https://www.shephe.com/feed
[2026-04-14 02:52:29] ✘ 有 2 条订阅头像无法访问, 已使用默认头像:
[2026-04-14 02:52:29] - https://www.loyhome.com/feed
[2026-04-14 02:52:29] - http://feeds.feedburner.com/ruanyifeng
[2026-04-14 05:27:34] 本次订阅抓取结果统计:
[2026-04-14 05:27:34] 共 28 条RSS, 成功抓取 23 条.
[2026-04-14 05:27:34] ✘ 有 5 条订阅解析失败:
[2026-04-14 05:27:34] - https://blog.pursuitus.com/feed
[2026-04-14 05:27:34] - https://geekinney.com/index.xml
[2026-04-14 05:27:34] - https://www.shephe.com/feed
[2026-04-14 05:27:34] - https://tumutanzi.com/feed
[2026-04-14 05:27:34] - https://tcxx.info/feed
[2026-04-14 05:27:34] ✘ 有 2 条订阅头像无法访问, 已使用默认头像:
[2026-04-14 05:27:34] - https://www.loyhome.com/feed
[2026-04-14 05:27:34] - http://feeds.feedburner.com/ruanyifeng
[2026-04-14 07:52:42] 本次订阅抓取结果统计:
[2026-04-14 07:52:42] 共 28 条RSS, 成功抓取 23 条.
[2026-04-14 07:52:42] ✘ 有 5 条订阅解析失败:
[2026-04-14 07:52:42] - https://blog.pursuitus.com/feed
[2026-04-14 07:52:42] - https://geekinney.com/index.xml
[2026-04-14 07:52:42] - https://tcxx.info/feed
[2026-04-14 07:52:42] - https://tumutanzi.com/feed
[2026-04-14 07:52:42] - https://www.shephe.com/feed
[2026-04-14 07:52:42] ✘ 有 2 条订阅头像无法访问, 已使用默认头像:
[2026-04-14 07:52:42] - https://www.loyhome.com/feed
[2026-04-14 07:52:42] - http://feeds.feedburner.com/ruanyifeng
