[2026-03-05 02:27:05] 本次订阅抓取结果统计:
[2026-03-05 02:27:05] 共 28 条RSS, 成功抓取 24 条.
[2026-03-05 02:27:05] ✘ 有 4 条订阅解析失败:
[2026-03-05 02:27:05] - https://blog.pursuitus.com/feed
[2026-03-05 02:27:05] - https://tcxx.info/feed
[2026-03-05 02:27:05] - https://tumutanzi.com/feed
[2026-03-05 02:27:05] - https://geekinney.com/index.xml
[2026-03-05 02:27:05] ✘ 有 2 条订阅头像无法访问, 已使用默认头像:
[2026-03-05 02:27:05] - http://feeds.feedburner.com/ruanyifeng
[2026-03-05 02:27:05] - https://xyzbz.cn/feed
[2026-03-05 04:47:41] 本次订阅抓取结果统计:
[2026-03-05 04:47:41] 共 28 条RSS, 成功抓取 24 条.
[2026-03-05 04:47:41] ✘ 有 4 条订阅解析失败:
[2026-03-05 04:47:41] - https://blog.pursuitus.com/feed
[2026-03-05 04:47:41] - https://tcxx.info/feed
[2026-03-05 04:47:41] - https://tumutanzi.com/feed
[2026-03-05 04:47:41] - https://geekinney.com/index.xml
[2026-03-05 04:47:41] ✘ 有 1 条订阅头像无法访问, 已使用默认头像:
[2026-03-05 04:47:41] - http://feeds.feedburner.com/ruanyifeng
[2026-03-05 05:51:18] 本次订阅抓取结果统计:
[2026-03-05 05:51:18] 共 28 条RSS, 成功抓取 24 条.
[2026-03-05 05:51:18] ✘ 有 4 条订阅解析失败:
[2026-03-05 05:51:18] - https://blog.pursuitus.com/feed
[2026-03-05 05:51:18] - https://tcxx.info/feed
[2026-03-05 05:51:18] - https://tumutanzi.com/feed
[2026-03-05 05:51:18] - https://geekinney.com/index.xml
[2026-03-05 05:51:18] ✘ 有 1 条订阅头像无法访问, 已使用默认头像:
[2026-03-05 05:51:18] - http://feeds.feedburner.com/ruanyifeng
