[2026-02-17 02:29:32] 本次订阅抓取结果统计:
[2026-02-17 02:29:32] 共 28 条RSS, 成功抓取 24 条.
[2026-02-17 02:29:32] ✘ 有 4 条订阅解析失败:
[2026-02-17 02:29:32] - https://blog.pursuitus.com/feed
[2026-02-17 02:29:32] - https://tcxx.info/feed
[2026-02-17 02:29:32] - https://tumutanzi.com/feed
[2026-02-17 02:29:32] - https://geekinney.com/index.xml
[2026-02-17 02:29:32] ✘ 有 1 条订阅头像无法访问, 已使用默认头像:
[2026-02-17 02:29:32] - http://feeds.feedburner.com/ruanyifeng
[2026-02-17 04:55:18] 本次订阅抓取结果统计:
[2026-02-17 04:55:18] 共 28 条RSS, 成功抓取 24 条.
[2026-02-17 04:55:18] ✘ 有 4 条订阅解析失败:
[2026-02-17 04:55:18] - https://blog.pursuitus.com/feed
[2026-02-17 04:55:18] - https://tcxx.info/feed
[2026-02-17 04:55:18] - https://tumutanzi.com/feed
[2026-02-17 04:55:18] - https://geekinney.com/index.xml
[2026-02-17 04:55:18] ✘ 有 1 条订阅头像无法访问, 已使用默认头像:
[2026-02-17 04:55:18] - http://feeds.feedburner.com/ruanyifeng
[2026-02-17 06:00:10] 本次订阅抓取结果统计:
[2026-02-17 06:00:10] 共 28 条RSS, 成功抓取 24 条.
[2026-02-17 06:00:10] ✘ 有 4 条订阅解析失败:
[2026-02-17 06:00:10] - https://blog.pursuitus.com/feed
[2026-02-17 06:00:10] - https://tcxx.info/feed
[2026-02-17 06:00:10] - https://tumutanzi.com/feed
[2026-02-17 06:00:10] - https://geekinney.com/index.xml
[2026-02-17 06:00:10] ✘ 有 1 条订阅头像无法访问, 已使用默认头像:
[2026-02-17 06:00:10] - http://feeds.feedburner.com/ruanyifeng
[2026-02-17 07:12:30] 本次订阅抓取结果统计:
[2026-02-17 07:12:30] 共 28 条RSS, 成功抓取 23 条.
[2026-02-17 07:12:30] ✘ 有 5 条订阅解析失败:
[2026-02-17 07:12:30] - https://blog.pursuitus.com/feed
[2026-02-17 07:12:30] - https://tumutanzi.com/feed
[2026-02-17 07:12:30] - https://tcxx.info/feed
[2026-02-17 07:12:30] - https://geekinney.com/index.xml
[2026-02-17 07:12:30] - https://wangpei.net/feed
[2026-02-17 07:12:30] ✘ 有 1 条订阅头像无法访问, 已使用默认头像:
[2026-02-17 07:12:30] - http://feeds.feedburner.com/ruanyifeng
