[2026-02-27 02:26:28] 本次订阅抓取结果统计:
[2026-02-27 02:26:28] 共 28 条RSS, 成功抓取 21 条.
[2026-02-27 02:26:28] ✘ 有 7 条订阅解析失败:
[2026-02-27 02:26:28] - https://blog.pursuitus.com/feed
[2026-02-27 02:26:28] - https://tcxx.info/feed
[2026-02-27 02:26:28] - https://tumutanzi.com/feed
[2026-02-27 02:26:28] - https://geekinney.com/index.xml
[2026-02-27 02:26:28] - https://blog.zhheo.com/rss.xml
[2026-02-27 02:26:28] - https://oba.by/feed
[2026-02-27 02:26:28] - https://xyzbz.cn/feed
[2026-02-27 02:26:28] ✘ 有 1 条订阅头像无法访问, 已使用默认头像:
[2026-02-27 02:26:28] - http://feeds.feedburner.com/ruanyifeng
[2026-02-27 04:47:42] 本次订阅抓取结果统计:
[2026-02-27 04:47:42] 共 28 条RSS, 成功抓取 24 条.
[2026-02-27 04:47:42] ✘ 有 4 条订阅解析失败:
[2026-02-27 04:47:42] - https://blog.pursuitus.com/feed
[2026-02-27 04:47:42] - https://tcxx.info/feed
[2026-02-27 04:47:42] - https://tumutanzi.com/feed
[2026-02-27 04:47:42] - https://geekinney.com/index.xml
[2026-02-27 04:47:42] ✘ 有 1 条订阅头像无法访问, 已使用默认头像:
[2026-02-27 04:47:42] - http://feeds.feedburner.com/ruanyifeng
[2026-02-27 05:54:40] 本次订阅抓取结果统计:
[2026-02-27 05:54:40] 共 28 条RSS, 成功抓取 24 条.
[2026-02-27 05:54:40] ✘ 有 4 条订阅解析失败:
[2026-02-27 05:54:40] - https://blog.pursuitus.com/feed
[2026-02-27 05:54:40] - https://tcxx.info/feed
[2026-02-27 05:54:40] - https://tumutanzi.com/feed
[2026-02-27 05:54:40] - https://geekinney.com/index.xml
[2026-02-27 05:54:40] ✘ 有 1 条订阅头像无法访问, 已使用默认头像:
[2026-02-27 05:54:40] - http://feeds.feedburner.com/ruanyifeng
[2026-02-27 06:59:43] 本次订阅抓取结果统计:
[2026-02-27 06:59:43] 共 28 条RSS, 成功抓取 24 条.
[2026-02-27 06:59:43] ✘ 有 4 条订阅解析失败:
[2026-02-27 06:59:43] - https://blog.pursuitus.com/feed
[2026-02-27 06:59:43] - https://tcxx.info/feed
[2026-02-27 06:59:43] - https://tumutanzi.com/feed
[2026-02-27 06:59:43] - https://geekinney.com/index.xml
[2026-02-27 06:59:43] ✘ 有 2 条订阅头像无法访问, 已使用默认头像:
[2026-02-27 06:59:43] - http://feeds.feedburner.com/ruanyifeng
[2026-02-27 06:59:43] - https://blog.yanqingshan.com/feed
[2026-02-27 07:51:50] 本次订阅抓取结果统计:
[2026-02-27 07:51:50] 共 28 条RSS, 成功抓取 24 条.
[2026-02-27 07:51:50] ✘ 有 4 条订阅解析失败:
[2026-02-27 07:51:50] - https://blog.pursuitus.com/feed
[2026-02-27 07:51:50] - https://tcxx.info/feed
[2026-02-27 07:51:50] - https://tumutanzi.com/feed
[2026-02-27 07:51:50] - https://geekinney.com/index.xml
[2026-02-27 07:51:50] ✘ 有 2 条订阅头像无法访问, 已使用默认头像:
[2026-02-27 07:51:50] - http://feeds.feedburner.com/ruanyifeng
[2026-02-27 07:51:50] - https://xyzbz.cn/feed
[2026-02-27 08:47:50] 本次订阅抓取结果统计:
[2026-02-27 08:47:50] 共 28 条RSS, 成功抓取 24 条.
[2026-02-27 08:47:50] ✘ 有 4 条订阅解析失败:
[2026-02-27 08:47:50] - https://blog.pursuitus.com/feed
[2026-02-27 08:47:50] - https://tcxx.info/feed
[2026-02-27 08:47:50] - https://tumutanzi.com/feed
[2026-02-27 08:47:50] - https://geekinney.com/index.xml
[2026-02-27 08:47:50] ✘ 有 1 条订阅头像无法访问, 已使用默认头像:
[2026-02-27 08:47:50] - http://feeds.feedburner.com/ruanyifeng
[2026-02-27 09:47:11] 本次订阅抓取结果统计:
[2026-02-27 09:47:11] 共 28 条RSS, 成功抓取 24 条.
[2026-02-27 09:47:11] ✘ 有 4 条订阅解析失败:
[2026-02-27 09:47:11] - https://blog.pursuitus.com/feed
[2026-02-27 09:47:11] - https://tcxx.info/feed
[2026-02-27 09:47:11] - https://tumutanzi.com/feed
[2026-02-27 09:47:11] - https://geekinney.com/index.xml
[2026-02-27 09:47:11] ✘ 有 1 条订阅头像无法访问, 已使用默认头像:
[2026-02-27 09:47:11] - http://feeds.feedburner.com/ruanyifeng
[2026-02-27 10:41:41] 本次订阅抓取结果统计:
[2026-02-27 10:41:41] 共 28 条RSS, 成功抓取 24 条.
[2026-02-27 10:41:41] ✘ 有 4 条订阅解析失败:
[2026-02-27 10:41:41] - https://blog.pursuitus.com/feed
[2026-02-27 10:41:41] - https://tcxx.info/feed
[2026-02-27 10:41:41] - https://tumutanzi.com/feed
[2026-02-27 10:41:41] - https://geekinney.com/index.xml
[2026-02-27 10:41:41] ✘ 有 1 条订阅头像无法访问, 已使用默认头像:
[2026-02-27 10:41:41] - http://feeds.feedburner.com/ruanyifeng
[2026-02-27 11:35:43] 本次订阅抓取结果统计:
[2026-02-27 11:35:43] 共 28 条RSS, 成功抓取 24 条.
[2026-02-27 11:35:43] ✘ 有 4 条订阅解析失败:
[2026-02-27 11:35:43] - https://blog.pursuitus.com/feed
[2026-02-27 11:35:43] - https://tcxx.info/feed
[2026-02-27 11:35:43] - https://tumutanzi.com/feed
[2026-02-27 11:35:43] - https://geekinney.com/index.xml
[2026-02-27 11:35:43] ✘ 有 1 条订阅头像无法访问, 已使用默认头像:
[2026-02-27 11:35:43] - http://feeds.feedburner.com/ruanyifeng
[2026-02-27 13:06:34] 本次订阅抓取结果统计:
[2026-02-27 13:06:34] 共 28 条RSS, 成功抓取 24 条.
[2026-02-27 13:06:34] ✘ 有 4 条订阅解析失败:
[2026-02-27 13:06:34] - https://blog.pursuitus.com/feed
[2026-02-27 13:06:34] - https://tcxx.info/feed
[2026-02-27 13:06:34] - https://tumutanzi.com/feed
[2026-02-27 13:06:34] - https://geekinney.com/index.xml
[2026-02-27 13:06:34] ✘ 有 1 条订阅头像无法访问, 已使用默认头像:
[2026-02-27 13:06:34] - http://feeds.feedburner.com/ruanyifeng
