[2026-07-10 00:07:31] 本次订阅抓取结果统计:
[2026-07-10 00:07:31] 共 28 条RSS, 成功抓取 23 条.
[2026-07-10 00:07:31] ✘ 有 5 条订阅解析失败:
[2026-07-10 00:07:31] - https://blog.pursuitus.com/feed
[2026-07-10 00:07:31] - https://blog.yanqingshan.com/feed
[2026-07-10 00:07:31] - https://geekinney.com/index.xml
[2026-07-10 00:07:31] - https://tcxx.info/feed
[2026-07-10 00:07:31] - https://www.shephe.com/feed
[2026-07-10 00:07:31] ✘ 有 3 条订阅头像无法访问, 已使用默认头像:
[2026-07-10 00:07:31] - https://blog.zhheo.com/rss.xml
[2026-07-10 00:07:31] - https://www.loyhome.com/feed
[2026-07-10 00:07:31] - http://feeds.feedburner.com/ruanyifeng
[2026-07-10 04:54:32] 本次订阅抓取结果统计:
[2026-07-10 04:54:32] 共 28 条RSS, 成功抓取 24 条.
[2026-07-10 04:54:32] ✘ 有 4 条订阅解析失败:
[2026-07-10 04:54:32] - https://blog.pursuitus.com/feed
[2026-07-10 04:54:32] - https://geekinney.com/index.xml
[2026-07-10 04:54:32] - https://tcxx.info/feed
[2026-07-10 04:54:32] - https://www.shephe.com/feed
[2026-07-10 04:54:32] ✘ 有 2 条订阅头像无法访问, 已使用默认头像:
[2026-07-10 04:54:32] - https://www.loyhome.com/feed
[2026-07-10 04:54:32] - http://feeds.feedburner.com/ruanyifeng
[2026-07-10 08:25:11] 本次订阅抓取结果统计:
[2026-07-10 08:25:11] 共 28 条RSS, 成功抓取 24 条.
[2026-07-10 08:25:11] ✘ 有 4 条订阅解析失败:
[2026-07-10 08:25:11] - https://blog.pursuitus.com/feed
[2026-07-10 08:25:11] - https://geekinney.com/index.xml
[2026-07-10 08:25:11] - https://tcxx.info/feed
[2026-07-10 08:25:11] - https://www.shephe.com/feed
[2026-07-10 08:25:11] ✘ 有 2 条订阅头像无法访问, 已使用默认头像:
[2026-07-10 08:25:11] - https://www.loyhome.com/feed
[2026-07-10 08:25:11] - http://feeds.feedburner.com/ruanyifeng
[2026-07-10 11:54:26] 本次订阅抓取结果统计:
[2026-07-10 11:54:26] 共 28 条RSS, 成功抓取 24 条.
[2026-07-10 11:54:26] ✘ 有 4 条订阅解析失败:
[2026-07-10 11:54:26] - https://blog.pursuitus.com/feed
[2026-07-10 11:54:26] - https://geekinney.com/index.xml
[2026-07-10 11:54:26] - https://tcxx.info/feed
[2026-07-10 11:54:26] - https://www.shephe.com/feed
[2026-07-10 11:54:26] ✘ 有 2 条订阅头像无法访问, 已使用默认头像:
[2026-07-10 11:54:26] - https://www.loyhome.com/feed
[2026-07-10 11:54:26] - http://feeds.feedburner.com/ruanyifeng
[2026-07-10 14:33:42] 本次订阅抓取结果统计:
[2026-07-10 14:33:42] 共 28 条RSS, 成功抓取 24 条.
[2026-07-10 14:33:42] ✘ 有 4 条订阅解析失败:
[2026-07-10 14:33:42] - https://blog.pursuitus.com/feed
[2026-07-10 14:33:42] - https://geekinney.com/index.xml
[2026-07-10 14:33:42] - https://tcxx.info/feed
[2026-07-10 14:33:42] - https://www.shephe.com/feed
[2026-07-10 14:33:42] ✘ 有 2 条订阅头像无法访问, 已使用默认头像:
[2026-07-10 14:33:42] - https://www.loyhome.com/feed
[2026-07-10 14:33:42] - http://feeds.feedburner.com/ruanyifeng
[2026-07-10 16:58:02] 本次订阅抓取结果统计:
[2026-07-10 16:58:02] 共 28 条RSS, 成功抓取 24 条.
[2026-07-10 16:58:02] ✘ 有 4 条订阅解析失败:
[2026-07-10 16:58:02] - https://blog.pursuitus.com/feed
[2026-07-10 16:58:02] - https://geekinney.com/index.xml
[2026-07-10 16:58:02] - https://tcxx.info/feed
[2026-07-10 16:58:02] - https://www.shephe.com/feed
[2026-07-10 16:58:02] ✘ 有 2 条订阅头像无法访问, 已使用默认头像:
[2026-07-10 16:58:02] - https://www.loyhome.com/feed
[2026-07-10 16:58:02] - http://feeds.feedburner.com/ruanyifeng
[2026-07-10 18:26:13] 本次订阅抓取结果统计:
[2026-07-10 18:26:13] 共 28 条RSS, 成功抓取 24 条.
[2026-07-10 18:26:13] ✘ 有 4 条订阅解析失败:
[2026-07-10 18:26:13] - https://blog.pursuitus.com/feed
[2026-07-10 18:26:13] - https://geekinney.com/index.xml
[2026-07-10 18:26:13] - https://tcxx.info/feed
[2026-07-10 18:26:13] - https://www.shephe.com/feed
[2026-07-10 18:26:13] ✘ 有 2 条订阅头像无法访问, 已使用默认头像:
[2026-07-10 18:26:13] - https://www.loyhome.com/feed
[2026-07-10 18:26:13] - http://feeds.feedburner.com/ruanyifeng
[2026-07-10 20:25:35] 本次订阅抓取结果统计:
[2026-07-10 20:25:35] 共 28 条RSS, 成功抓取 24 条.
[2026-07-10 20:25:35] ✘ 有 4 条订阅解析失败:
[2026-07-10 20:25:35] - https://blog.pursuitus.com/feed
[2026-07-10 20:25:35] - https://geekinney.com/index.xml
[2026-07-10 20:25:35] - https://tcxx.info/feed
[2026-07-10 20:25:35] - https://www.shephe.com/feed
[2026-07-10 20:25:35] ✘ 有 2 条订阅头像无法访问, 已使用默认头像:
[2026-07-10 20:25:35] - https://www.loyhome.com/feed
[2026-07-10 20:25:35] - http://feeds.feedburner.com/ruanyifeng
