[2026-03-11 02:23:10] 本次订阅抓取结果统计:
[2026-03-11 02:23:10] 共 28 条RSS, 成功抓取 23 条.
[2026-03-11 02:23:10] ✘ 有 5 条订阅解析失败:
[2026-03-11 02:23:10] - https://blog.pursuitus.com/feed
[2026-03-11 02:23:10] - https://tcxx.info/feed
[2026-03-11 02:23:10] - https://tumutanzi.com/feed
[2026-03-11 02:23:10] - https://geekinney.com/index.xml
[2026-03-11 02:23:10] - https://wangpei.net/feed
[2026-03-11 02:23:10] ✘ 有 1 条订阅头像无法访问, 已使用默认头像:
[2026-03-11 02:23:10] - http://feeds.feedburner.com/ruanyifeng
[2026-03-11 04:45:43] 本次订阅抓取结果统计:
[2026-03-11 04:45:43] 共 28 条RSS, 成功抓取 23 条.
[2026-03-11 04:45:43] ✘ 有 5 条订阅解析失败:
[2026-03-11 04:45:43] - https://blog.pursuitus.com/feed
[2026-03-11 04:45:43] - https://tumutanzi.com/feed
[2026-03-11 04:45:43] - https://tcxx.info/feed
[2026-03-11 04:45:43] - https://geekinney.com/index.xml
[2026-03-11 04:45:43] - https://wangpei.net/feed
[2026-03-11 04:45:43] ✘ 有 1 条订阅头像无法访问, 已使用默认头像:
[2026-03-11 04:45:43] - http://feeds.feedburner.com/ruanyifeng
