[2026-06-27 03:44:20] 本次订阅抓取结果统计:
[2026-06-27 03:44:20] 共 28 条RSS, 成功抓取 24 条.
[2026-06-27 03:44:20] ✘ 有 4 条订阅解析失败:
[2026-06-27 03:44:20] - https://blog.pursuitus.com/feed
[2026-06-27 03:44:20] - https://geekinney.com/index.xml
[2026-06-27 03:44:20] - https://www.shephe.com/feed
[2026-06-27 03:44:20] - https://tcxx.info/feed
[2026-06-27 03:44:20] ✘ 有 3 条订阅头像无法访问, 已使用默认头像:
[2026-06-27 03:44:20] - https://www.loyhome.com/feed
[2026-06-27 03:44:20] - http://feeds.feedburner.com/ruanyifeng
[2026-06-27 03:44:20] - https://xyzbz.cn/feed
[2026-06-27 06:55:02] 本次订阅抓取结果统计:
[2026-06-27 06:55:02] 共 28 条RSS, 成功抓取 23 条.
[2026-06-27 06:55:02] ✘ 有 5 条订阅解析失败:
[2026-06-27 06:55:02] - https://blog.pursuitus.com/feed
[2026-06-27 06:55:02] - https://geekinney.com/index.xml
[2026-06-27 06:55:02] - https://tcxx.info/feed
[2026-06-27 06:55:02] - https://www.shephe.com/feed
[2026-06-27 06:55:02] - https://tumutanzi.com/feed
[2026-06-27 06:55:02] ✘ 有 3 条订阅头像无法访问, 已使用默认头像:
[2026-06-27 06:55:02] - https://www.loyhome.com/feed
[2026-06-27 06:55:02] - https://xyzbz.cn/feed
[2026-06-27 06:55:02] - http://feeds.feedburner.com/ruanyifeng
[2026-06-27 09:30:17] 本次订阅抓取结果统计:
[2026-06-27 09:30:17] 共 28 条RSS, 成功抓取 24 条.
[2026-06-27 09:30:17] ✘ 有 4 条订阅解析失败:
[2026-06-27 09:30:17] - https://blog.pursuitus.com/feed
[2026-06-27 09:30:17] - https://geekinney.com/index.xml
[2026-06-27 09:30:17] - https://tcxx.info/feed
[2026-06-27 09:30:17] - https://www.shephe.com/feed
[2026-06-27 09:30:17] ✘ 有 3 条订阅头像无法访问, 已使用默认头像:
[2026-06-27 09:30:17] - https://www.loyhome.com/feed
[2026-06-27 09:30:17] - http://feeds.feedburner.com/ruanyifeng
[2026-06-27 09:30:17] - https://xyzbz.cn/feed
[2026-06-27 11:37:25] 本次订阅抓取结果统计:
[2026-06-27 11:37:25] 共 28 条RSS, 成功抓取 24 条.
[2026-06-27 11:37:25] ✘ 有 4 条订阅解析失败:
[2026-06-27 11:37:25] - https://blog.pursuitus.com/feed
[2026-06-27 11:37:25] - https://geekinney.com/index.xml
[2026-06-27 11:37:25] - https://tcxx.info/feed
[2026-06-27 11:37:25] - https://www.shephe.com/feed
[2026-06-27 11:37:25] ✘ 有 4 条订阅头像无法访问, 已使用默认头像:
[2026-06-27 11:37:25] - https://www.loyhome.com/feed
[2026-06-27 11:37:25] - https://blog.zhheo.com/rss.xml
[2026-06-27 11:37:25] - http://feeds.feedburner.com/ruanyifeng
[2026-06-27 11:37:25] - https://xyzbz.cn/feed
