[2026-04-24 02:56:11] 本次订阅抓取结果统计:
[2026-04-24 02:56:11] 共 28 条RSS, 成功抓取 21 条.
[2026-04-24 02:56:11] ✘ 有 7 条订阅解析失败:
[2026-04-24 02:56:11] - https://blog.pursuitus.com/feed
[2026-04-24 02:56:11] - https://blog.yanqingshan.com/feed
[2026-04-24 02:56:11] - https://wangpei.net/feed
[2026-04-24 02:56:11] - https://geekinney.com/index.xml
[2026-04-24 02:56:11] - https://tcxx.info/feed
[2026-04-24 02:56:11] - https://www.shephe.com/feed
[2026-04-24 02:56:11] - https://tumutanzi.com/feed
[2026-04-24 02:56:11] ✘ 有 2 条订阅头像无法访问, 已使用默认头像:
[2026-04-24 02:56:11] - https://www.loyhome.com/feed
[2026-04-24 02:56:11] - http://feeds.feedburner.com/ruanyifeng
[2026-04-24 05:39:37] 本次订阅抓取结果统计:
[2026-04-24 05:39:37] 共 28 条RSS, 成功抓取 22 条.
[2026-04-24 05:39:37] ✘ 有 6 条订阅解析失败:
[2026-04-24 05:39:37] - https://blog.pursuitus.com/feed
[2026-04-24 05:39:37] - https://geekinney.com/index.xml
[2026-04-24 05:39:37] - https://tumutanzi.com/feed
[2026-04-24 05:39:37] - https://tcxx.info/feed
[2026-04-24 05:39:37] - https://www.shephe.com/feed
[2026-04-24 05:39:37] - https://wangpei.net/feed
[2026-04-24 05:39:37] ✘ 有 2 条订阅头像无法访问, 已使用默认头像:
[2026-04-24 05:39:37] - https://www.loyhome.com/feed
[2026-04-24 05:39:37] - http://feeds.feedburner.com/ruanyifeng
[2026-04-24 08:09:58] 本次订阅抓取结果统计:
[2026-04-24 08:09:58] 共 28 条RSS, 成功抓取 23 条.
[2026-04-24 08:09:58] ✘ 有 5 条订阅解析失败:
[2026-04-24 08:09:58] - https://blog.pursuitus.com/feed
[2026-04-24 08:09:58] - https://geekinney.com/index.xml
[2026-04-24 08:09:58] - https://tumutanzi.com/feed
[2026-04-24 08:09:58] - https://tcxx.info/feed
[2026-04-24 08:09:58] - https://www.shephe.com/feed
[2026-04-24 08:09:58] ✘ 有 2 条订阅头像无法访问, 已使用默认头像:
[2026-04-24 08:09:58] - https://www.loyhome.com/feed
[2026-04-24 08:09:58] - http://feeds.feedburner.com/ruanyifeng
[2026-04-24 10:25:40] 本次订阅抓取结果统计:
[2026-04-24 10:25:40] 共 28 条RSS, 成功抓取 22 条.
[2026-04-24 10:25:40] ✘ 有 6 条订阅解析失败:
[2026-04-24 10:25:40] - https://blog.pursuitus.com/feed
[2026-04-24 10:25:40] - https://geekinney.com/index.xml
[2026-04-24 10:25:40] - https://tcxx.info/feed
[2026-04-24 10:25:40] - https://tumutanzi.com/feed
[2026-04-24 10:25:40] - https://www.shephe.com/feed
[2026-04-24 10:25:40] - https://blog.yanqingshan.com/feed
[2026-04-24 10:25:40] ✘ 有 3 条订阅头像无法访问, 已使用默认头像:
[2026-04-24 10:25:40] - https://www.loyhome.com/feed
[2026-04-24 10:25:40] - http://feeds.feedburner.com/ruanyifeng
[2026-04-24 10:25:40] - https://xyzbz.cn/feed
[2026-04-24 11:59:53] 本次订阅抓取结果统计:
[2026-04-24 11:59:53] 共 28 条RSS, 成功抓取 23 条.
[2026-04-24 11:59:53] ✘ 有 5 条订阅解析失败:
[2026-04-24 11:59:53] - https://blog.pursuitus.com/feed
[2026-04-24 11:59:53] - https://geekinney.com/index.xml
[2026-04-24 11:59:53] - https://tcxx.info/feed
[2026-04-24 11:59:53] - https://tumutanzi.com/feed
[2026-04-24 11:59:53] - https://www.shephe.com/feed
[2026-04-24 11:59:53] ✘ 有 2 条订阅头像无法访问, 已使用默认头像:
[2026-04-24 11:59:53] - https://www.loyhome.com/feed
[2026-04-24 11:59:53] - http://feeds.feedburner.com/ruanyifeng
[2026-04-24 14:01:02] 本次订阅抓取结果统计:
[2026-04-24 14:01:02] 共 28 条RSS, 成功抓取 23 条.
[2026-04-24 14:01:02] ✘ 有 5 条订阅解析失败:
[2026-04-24 14:01:02] - https://blog.pursuitus.com/feed
[2026-04-24 14:01:02] - https://tcxx.info/feed
[2026-04-24 14:01:02] - https://geekinney.com/index.xml
[2026-04-24 14:01:02] - https://tumutanzi.com/feed
[2026-04-24 14:01:02] - https://www.shephe.com/feed
[2026-04-24 14:01:02] ✘ 有 3 条订阅头像无法访问, 已使用默认头像:
[2026-04-24 14:01:02] - https://www.loyhome.com/feed
[2026-04-24 14:01:02] - http://feeds.feedburner.com/ruanyifeng
[2026-04-24 14:01:02] - https://xyzbz.cn/feed
[2026-04-24 16:06:40] 本次订阅抓取结果统计:
[2026-04-24 16:06:40] 共 28 条RSS, 成功抓取 23 条.
[2026-04-24 16:06:40] ✘ 有 5 条订阅解析失败:
[2026-04-24 16:06:40] - https://blog.pursuitus.com/feed
[2026-04-24 16:06:40] - https://www.shephe.com/feed
[2026-04-24 16:06:40] - https://tcxx.info/feed
[2026-04-24 16:06:40] - https://geekinney.com/index.xml
[2026-04-24 16:06:40] - https://tumutanzi.com/feed
[2026-04-24 16:06:40] ✘ 有 2 条订阅头像无法访问, 已使用默认头像:
[2026-04-24 16:06:40] - https://www.loyhome.com/feed
[2026-04-24 16:06:40] - http://feeds.feedburner.com/ruanyifeng
[2026-04-24 17:52:29] 本次订阅抓取结果统计:
[2026-04-24 17:52:29] 共 28 条RSS, 成功抓取 22 条.
[2026-04-24 17:52:29] ✘ 有 6 条订阅解析失败:
[2026-04-24 17:52:29] - https://blog.pursuitus.com/feed
[2026-04-24 17:52:29] - https://geekinney.com/index.xml
[2026-04-24 17:52:29] - https://www.shephe.com/feed
[2026-04-24 17:52:29] - https://blog.yanqingshan.com/feed
[2026-04-24 17:52:29] - https://tumutanzi.com/feed
[2026-04-24 17:52:29] - https://tcxx.info/feed
[2026-04-24 17:52:29] ✘ 有 2 条订阅头像无法访问, 已使用默认头像:
[2026-04-24 17:52:29] - http://feeds.feedburner.com/ruanyifeng
[2026-04-24 17:52:29] - https://www.loyhome.com/feed
[2026-04-24 18:58:20] 本次订阅抓取结果统计:
[2026-04-24 18:58:20] 共 28 条RSS, 成功抓取 22 条.
[2026-04-24 18:58:20] ✘ 有 6 条订阅解析失败:
[2026-04-24 18:58:20] - https://blog.pursuitus.com/feed
[2026-04-24 18:58:20] - https://geekinney.com/index.xml
[2026-04-24 18:58:20] - https://tcxx.info/feed
[2026-04-24 18:58:20] - https://blog.yanqingshan.com/feed
[2026-04-24 18:58:20] - https://www.shephe.com/feed
[2026-04-24 18:58:20] - https://tumutanzi.com/feed
[2026-04-24 18:58:20] ✘ 有 2 条订阅头像无法访问, 已使用默认头像:
[2026-04-24 18:58:20] - https://www.loyhome.com/feed
[2026-04-24 18:58:20] - http://feeds.feedburner.com/ruanyifeng
[2026-04-24 19:55:26] 本次订阅抓取结果统计:
[2026-04-24 19:55:26] 共 28 条RSS, 成功抓取 23 条.
[2026-04-24 19:55:26] ✘ 有 5 条订阅解析失败:
[2026-04-24 19:55:26] - https://blog.pursuitus.com/feed
[2026-04-24 19:55:26] - https://tcxx.info/feed
[2026-04-24 19:55:26] - https://geekinney.com/index.xml
[2026-04-24 19:55:26] - https://tumutanzi.com/feed
[2026-04-24 19:55:26] - https://www.shephe.com/feed
[2026-04-24 19:55:26] ✘ 有 3 条订阅头像无法访问, 已使用默认头像:
[2026-04-24 19:55:26] - https://www.loyhome.com/feed
[2026-04-24 19:55:26] - http://feeds.feedburner.com/ruanyifeng
[2026-04-24 19:55:26] - https://xyzbz.cn/feed
[2026-04-24 20:54:11] 本次订阅抓取结果统计:
[2026-04-24 20:54:11] 共 28 条RSS, 成功抓取 23 条.
[2026-04-24 20:54:11] ✘ 有 5 条订阅解析失败:
[2026-04-24 20:54:11] - https://blog.pursuitus.com/feed
[2026-04-24 20:54:11] - https://geekinney.com/index.xml
[2026-04-24 20:54:11] - https://tumutanzi.com/feed
[2026-04-24 20:54:11] - https://tcxx.info/feed
[2026-04-24 20:54:11] - https://www.shephe.com/feed
[2026-04-24 20:54:11] ✘ 有 2 条订阅头像无法访问, 已使用默认头像:
[2026-04-24 20:54:11] - https://www.loyhome.com/feed
[2026-04-24 20:54:11] - http://feeds.feedburner.com/ruanyifeng
[2026-04-24 21:52:00] 本次订阅抓取结果统计:
[2026-04-24 21:52:00] 共 28 条RSS, 成功抓取 23 条.
[2026-04-24 21:52:00] ✘ 有 5 条订阅解析失败:
[2026-04-24 21:52:00] - https://blog.pursuitus.com/feed
[2026-04-24 21:52:00] - https://geekinney.com/index.xml
[2026-04-24 21:52:00] - https://tcxx.info/feed
[2026-04-24 21:52:00] - https://tumutanzi.com/feed
[2026-04-24 21:52:00] - https://www.shephe.com/feed
[2026-04-24 21:52:00] ✘ 有 2 条订阅头像无法访问, 已使用默认头像:
[2026-04-24 21:52:00] - https://www.loyhome.com/feed
[2026-04-24 21:52:00] - http://feeds.feedburner.com/ruanyifeng
