[2026-06-23 00:09:55] 本次订阅抓取结果统计:
[2026-06-23 00:09:55] 共 28 条RSS, 成功抓取 23 条.
[2026-06-23 00:09:55] ✘ 有 5 条订阅解析失败:
[2026-06-23 00:09:55] - https://blog.pursuitus.com/feed
[2026-06-23 00:09:55] - https://geekinney.com/index.xml
[2026-06-23 00:09:55] - https://tcxx.info/feed
[2026-06-23 00:09:55] - https://www.shephe.com/feed
[2026-06-23 00:09:55] - https://xyzbz.cn/feed
[2026-06-23 00:09:55] ✘ 有 2 条订阅头像无法访问, 已使用默认头像:
[2026-06-23 00:09:55] - https://www.loyhome.com/feed
[2026-06-23 00:09:55] - http://feeds.feedburner.com/ruanyifeng
[2026-06-23 05:04:11] 本次订阅抓取结果统计:
[2026-06-23 05:04:11] 共 28 条RSS, 成功抓取 24 条.
[2026-06-23 05:04:11] ✘ 有 4 条订阅解析失败:
[2026-06-23 05:04:11] - https://blog.pursuitus.com/feed
[2026-06-23 05:04:11] - https://geekinney.com/index.xml
[2026-06-23 05:04:11] - https://tcxx.info/feed
[2026-06-23 05:04:11] - https://www.shephe.com/feed
[2026-06-23 05:04:11] ✘ 有 4 条订阅头像无法访问, 已使用默认头像:
[2026-06-23 05:04:11] - https://www.loyhome.com/feed
[2026-06-23 05:04:11] - https://xyzbz.cn/feed
[2026-06-23 05:04:11] - http://feeds.feedburner.com/ruanyifeng
[2026-06-23 05:04:11] - https://blog.zhheo.com/rss.xml
