[2026-03-26 02:40:47] 本次订阅抓取结果统计:
[2026-03-26 02:40:47] 共 28 条RSS, 成功抓取 24 条.
[2026-03-26 02:40:47] ✘ 有 4 条订阅解析失败:
[2026-03-26 02:40:47] - https://blog.pursuitus.com/feed
[2026-03-26 02:40:47] - https://geekinney.com/index.xml
[2026-03-26 02:40:47] - https://tcxx.info/feed
[2026-03-26 02:40:47] - https://tumutanzi.com/feed
[2026-03-26 02:40:47] ✘ 有 1 条订阅头像无法访问, 已使用默认头像:
[2026-03-26 02:40:47] - http://feeds.feedburner.com/ruanyifeng
[2026-03-26 05:09:52] 本次订阅抓取结果统计:
[2026-03-26 05:09:52] 共 28 条RSS, 成功抓取 24 条.
[2026-03-26 05:09:52] ✘ 有 4 条订阅解析失败:
[2026-03-26 05:09:52] - https://blog.pursuitus.com/feed
[2026-03-26 05:09:52] - https://geekinney.com/index.xml
[2026-03-26 05:09:52] - https://tcxx.info/feed
[2026-03-26 05:09:52] - https://tumutanzi.com/feed
[2026-03-26 05:09:52] ✘ 有 1 条订阅头像无法访问, 已使用默认头像:
[2026-03-26 05:09:52] - http://feeds.feedburner.com/ruanyifeng
[2026-03-26 07:14:59] 本次订阅抓取结果统计:
[2026-03-26 07:14:59] 共 28 条RSS, 成功抓取 24 条.
[2026-03-26 07:14:59] ✘ 有 4 条订阅解析失败:
[2026-03-26 07:14:59] - https://blog.pursuitus.com/feed
[2026-03-26 07:14:59] - https://geekinney.com/index.xml
[2026-03-26 07:14:59] - https://tcxx.info/feed
[2026-03-26 07:14:59] - https://tumutanzi.com/feed
[2026-03-26 07:14:59] ✘ 有 1 条订阅头像无法访问, 已使用默认头像:
[2026-03-26 07:14:59] - http://feeds.feedburner.com/ruanyifeng
