[2026-02-07 02:23:12] 本次订阅抓取结果统计:
[2026-02-07 02:23:12] 共 28 条RSS, 成功抓取 24 条.
[2026-02-07 02:23:12] ✘ 有 4 条订阅解析失败:
[2026-02-07 02:23:12] - https://blog.pursuitus.com/feed
[2026-02-07 02:23:12] - https://tcxx.info/feed
[2026-02-07 02:23:12] - https://tumutanzi.com/feed
[2026-02-07 02:23:12] - https://geekinney.com/index.xml
[2026-02-07 02:23:12] ✘ 有 3 条订阅头像无法访问, 已使用默认头像:
[2026-02-07 02:23:12] - https://oba.by/feed
[2026-02-07 02:23:12] - http://feeds.feedburner.com/ruanyifeng
[2026-02-07 02:23:12] - https://www.loyhome.com/feed
[2026-02-07 04:40:27] 本次订阅抓取结果统计:
[2026-02-07 04:40:27] 共 28 条RSS, 成功抓取 24 条.
[2026-02-07 04:40:27] ✘ 有 4 条订阅解析失败:
[2026-02-07 04:40:27] - https://blog.pursuitus.com/feed
[2026-02-07 04:40:27] - https://tumutanzi.com/feed
[2026-02-07 04:40:27] - https://tcxx.info/feed
[2026-02-07 04:40:27] - https://geekinney.com/index.xml
[2026-02-07 04:40:27] ✘ 有 2 条订阅头像无法访问, 已使用默认头像:
[2026-02-07 04:40:27] - http://feeds.feedburner.com/ruanyifeng
[2026-02-07 04:40:27] - https://oba.by/feed
[2026-02-07 05:45:04] 本次订阅抓取结果统计:
[2026-02-07 05:45:04] 共 28 条RSS, 成功抓取 24 条.
[2026-02-07 05:45:04] ✘ 有 4 条订阅解析失败:
[2026-02-07 05:45:04] - https://blog.pursuitus.com/feed
[2026-02-07 05:45:04] - https://tcxx.info/feed
[2026-02-07 05:45:04] - https://tumutanzi.com/feed
[2026-02-07 05:45:04] - https://geekinney.com/index.xml
[2026-02-07 05:45:04] ✘ 有 2 条订阅头像无法访问, 已使用默认头像:
[2026-02-07 05:45:04] - https://oba.by/feed
[2026-02-07 05:45:04] - http://feeds.feedburner.com/ruanyifeng
[2026-02-07 06:49:12] 本次订阅抓取结果统计:
[2026-02-07 06:49:12] 共 28 条RSS, 成功抓取 24 条.
[2026-02-07 06:49:12] ✘ 有 4 条订阅解析失败:
[2026-02-07 06:49:12] - https://blog.pursuitus.com/feed
[2026-02-07 06:49:12] - https://tcxx.info/feed
[2026-02-07 06:49:12] - https://tumutanzi.com/feed
[2026-02-07 06:49:12] - https://geekinney.com/index.xml
[2026-02-07 06:49:12] ✘ 有 2 条订阅头像无法访问, 已使用默认头像:
[2026-02-07 06:49:12] - https://oba.by/feed
[2026-02-07 06:49:12] - http://feeds.feedburner.com/ruanyifeng
[2026-02-07 07:33:59] 本次订阅抓取结果统计:
[2026-02-07 07:33:59] 共 28 条RSS, 成功抓取 24 条.
[2026-02-07 07:33:59] ✘ 有 4 条订阅解析失败:
[2026-02-07 07:33:59] - https://blog.pursuitus.com/feed
[2026-02-07 07:33:59] - https://tumutanzi.com/feed
[2026-02-07 07:33:59] - https://tcxx.info/feed
[2026-02-07 07:33:59] - https://geekinney.com/index.xml
[2026-02-07 07:33:59] ✘ 有 3 条订阅头像无法访问, 已使用默认头像:
[2026-02-07 07:33:59] - https://oba.by/feed
[2026-02-07 07:33:59] - http://feeds.feedburner.com/ruanyifeng
[2026-02-07 07:33:59] - https://www.loyhome.com/feed
[2026-02-07 08:36:51] 本次订阅抓取结果统计:
[2026-02-07 08:36:51] 共 28 条RSS, 成功抓取 24 条.
[2026-02-07 08:36:51] ✘ 有 4 条订阅解析失败:
[2026-02-07 08:36:51] - https://blog.pursuitus.com/feed
[2026-02-07 08:36:51] - https://tcxx.info/feed
[2026-02-07 08:36:51] - https://tumutanzi.com/feed
[2026-02-07 08:36:51] - https://geekinney.com/index.xml
[2026-02-07 08:36:51] ✘ 有 3 条订阅头像无法访问, 已使用默认头像:
[2026-02-07 08:36:51] - http://feeds.feedburner.com/ruanyifeng
[2026-02-07 08:36:51] - https://oba.by/feed
[2026-02-07 08:36:51] - https://xyzbz.cn/feed
[2026-02-07 09:35:05] 本次订阅抓取结果统计:
[2026-02-07 09:35:05] 共 28 条RSS, 成功抓取 23 条.
[2026-02-07 09:35:05] ✘ 有 5 条订阅解析失败:
[2026-02-07 09:35:05] - https://blog.pursuitus.com/feed
[2026-02-07 09:35:05] - https://tcxx.info/feed
[2026-02-07 09:35:05] - https://tumutanzi.com/feed
[2026-02-07 09:35:05] - https://geekinney.com/index.xml
[2026-02-07 09:35:05] - https://oba.by/feed
[2026-02-07 09:35:05] ✘ 有 2 条订阅头像无法访问, 已使用默认头像:
[2026-02-07 09:35:05] - http://feeds.feedburner.com/ruanyifeng
[2026-02-07 09:35:05] - https://www.loyhome.com/feed
[2026-02-07 10:30:59] 本次订阅抓取结果统计:
[2026-02-07 10:30:59] 共 28 条RSS, 成功抓取 22 条.
[2026-02-07 10:30:59] ✘ 有 6 条订阅解析失败:
[2026-02-07 10:30:59] - https://blog.pursuitus.com/feed
[2026-02-07 10:30:59] - https://tumutanzi.com/feed
[2026-02-07 10:30:59] - https://tcxx.info/feed
[2026-02-07 10:30:59] - https://geekinney.com/index.xml
[2026-02-07 10:30:59] - https://oba.by/feed
[2026-02-07 10:30:59] - https://wangpei.net/feed
[2026-02-07 10:30:59] ✘ 有 2 条订阅头像无法访问, 已使用默认头像:
[2026-02-07 10:30:59] - http://feeds.feedburner.com/ruanyifeng
[2026-02-07 10:30:59] - https://www.loyhome.com/feed
[2026-02-07 11:25:27] 本次订阅抓取结果统计:
[2026-02-07 11:25:27] 共 28 条RSS, 成功抓取 23 条.
[2026-02-07 11:25:27] ✘ 有 5 条订阅解析失败:
[2026-02-07 11:25:27] - https://blog.pursuitus.com/feed
[2026-02-07 11:25:27] - https://tumutanzi.com/feed
[2026-02-07 11:25:27] - https://tcxx.info/feed
[2026-02-07 11:25:27] - https://geekinney.com/index.xml
[2026-02-07 11:25:27] - https://oba.by/feed
[2026-02-07 11:25:27] ✘ 有 3 条订阅头像无法访问, 已使用默认头像:
[2026-02-07 11:25:27] - https://blog.zhheo.com/rss.xml
[2026-02-07 11:25:27] - https://www.loyhome.com/feed
[2026-02-07 11:25:27] - http://feeds.feedburner.com/ruanyifeng
[2026-02-07 12:57:06] 本次订阅抓取结果统计:
[2026-02-07 12:57:06] 共 28 条RSS, 成功抓取 23 条.
[2026-02-07 12:57:06] ✘ 有 5 条订阅解析失败:
[2026-02-07 12:57:06] - https://blog.pursuitus.com/feed
[2026-02-07 12:57:06] - https://tcxx.info/feed
[2026-02-07 12:57:06] - https://tumutanzi.com/feed
[2026-02-07 12:57:06] - https://geekinney.com/index.xml
[2026-02-07 12:57:06] - https://oba.by/feed
[2026-02-07 12:57:06] ✘ 有 1 条订阅头像无法访问, 已使用默认头像:
[2026-02-07 12:57:06] - http://feeds.feedburner.com/ruanyifeng
[2026-02-07 13:48:35] 本次订阅抓取结果统计:
[2026-02-07 13:48:35] 共 28 条RSS, 成功抓取 24 条.
[2026-02-07 13:48:35] ✘ 有 4 条订阅解析失败:
[2026-02-07 13:48:35] - https://blog.pursuitus.com/feed
[2026-02-07 13:48:35] - https://tcxx.info/feed
[2026-02-07 13:48:35] - https://tumutanzi.com/feed
[2026-02-07 13:48:35] - https://geekinney.com/index.xml
[2026-02-07 13:48:35] ✘ 有 1 条订阅头像无法访问, 已使用默认头像:
[2026-02-07 13:48:35] - http://feeds.feedburner.com/ruanyifeng
[2026-02-07 14:30:22] 本次订阅抓取结果统计:
[2026-02-07 14:30:22] 共 28 条RSS, 成功抓取 24 条.
[2026-02-07 14:30:22] ✘ 有 4 条订阅解析失败:
[2026-02-07 14:30:22] - https://blog.pursuitus.com/feed
[2026-02-07 14:30:22] - https://tcxx.info/feed
[2026-02-07 14:30:22] - https://tumutanzi.com/feed
[2026-02-07 14:30:22] - https://geekinney.com/index.xml
[2026-02-07 14:30:22] ✘ 有 2 条订阅头像无法访问, 已使用默认头像:
[2026-02-07 14:30:22] - http://feeds.feedburner.com/ruanyifeng
[2026-02-07 14:30:22] - https://xyzbz.cn/feed
[2026-02-07 15:29:19] 本次订阅抓取结果统计:
[2026-02-07 15:29:19] 共 28 条RSS, 成功抓取 24 条.
[2026-02-07 15:29:19] ✘ 有 4 条订阅解析失败:
[2026-02-07 15:29:19] - https://blog.pursuitus.com/feed
[2026-02-07 15:29:19] - https://tcxx.info/feed
[2026-02-07 15:29:19] - https://tumutanzi.com/feed
[2026-02-07 15:29:19] - https://geekinney.com/index.xml
[2026-02-07 15:29:19] ✘ 有 1 条订阅头像无法访问, 已使用默认头像:
[2026-02-07 15:29:19] - http://feeds.feedburner.com/ruanyifeng
[2026-02-07 16:35:21] 本次订阅抓取结果统计:
[2026-02-07 16:35:21] 共 28 条RSS, 成功抓取 24 条.
[2026-02-07 16:35:21] ✘ 有 4 条订阅解析失败:
[2026-02-07 16:35:21] - https://blog.pursuitus.com/feed
[2026-02-07 16:35:21] - https://tcxx.info/feed
[2026-02-07 16:35:21] - https://tumutanzi.com/feed
[2026-02-07 16:35:21] - https://geekinney.com/index.xml
[2026-02-07 16:35:21] ✘ 有 2 条订阅头像无法访问, 已使用默认头像:
[2026-02-07 16:35:21] - http://feeds.feedburner.com/ruanyifeng
[2026-02-07 16:35:21] - https://xyzbz.cn/feed
[2026-02-07 17:28:50] 本次订阅抓取结果统计:
[2026-02-07 17:28:50] 共 28 条RSS, 成功抓取 24 条.
[2026-02-07 17:28:50] ✘ 有 4 条订阅解析失败:
[2026-02-07 17:28:50] - https://blog.pursuitus.com/feed
[2026-02-07 17:28:50] - https://tcxx.info/feed
[2026-02-07 17:28:50] - https://tumutanzi.com/feed
[2026-02-07 17:28:50] - https://geekinney.com/index.xml
[2026-02-07 17:28:50] ✘ 有 1 条订阅头像无法访问, 已使用默认头像:
[2026-02-07 17:28:50] - http://feeds.feedburner.com/ruanyifeng
[2026-02-07 18:40:06] 本次订阅抓取结果统计:
[2026-02-07 18:40:06] 共 28 条RSS, 成功抓取 24 条.
[2026-02-07 18:40:06] ✘ 有 4 条订阅解析失败:
[2026-02-07 18:40:06] - https://blog.pursuitus.com/feed
[2026-02-07 18:40:06] - https://tumutanzi.com/feed
[2026-02-07 18:40:06] - https://tcxx.info/feed
[2026-02-07 18:40:06] - https://geekinney.com/index.xml
[2026-02-07 18:40:06] ✘ 有 1 条订阅头像无法访问, 已使用默认头像:
[2026-02-07 18:40:06] - http://feeds.feedburner.com/ruanyifeng
[2026-02-07 19:27:21] 本次订阅抓取结果统计:
[2026-02-07 19:27:21] 共 28 条RSS, 成功抓取 24 条.
[2026-02-07 19:27:21] ✘ 有 4 条订阅解析失败:
[2026-02-07 19:27:21] - https://blog.pursuitus.com/feed
[2026-02-07 19:27:21] - https://tcxx.info/feed
[2026-02-07 19:27:21] - https://tumutanzi.com/feed
[2026-02-07 19:27:21] - https://geekinney.com/index.xml
[2026-02-07 19:27:21] ✘ 有 2 条订阅头像无法访问, 已使用默认头像:
[2026-02-07 19:27:21] - http://feeds.feedburner.com/ruanyifeng
[2026-02-07 19:27:21] - https://www.loyhome.com/feed
