[2026-07-11 00:00:34] 本次订阅抓取结果统计:
[2026-07-11 00:00:34] 共 28 条RSS, 成功抓取 24 条.
[2026-07-11 00:00:34] ✘ 有 4 条订阅解析失败:
[2026-07-11 00:00:34] - https://blog.pursuitus.com/feed
[2026-07-11 00:00:34] - https://geekinney.com/index.xml
[2026-07-11 00:00:34] - https://tcxx.info/feed
[2026-07-11 00:00:34] - https://www.shephe.com/feed
[2026-07-11 00:00:34] ✘ 有 2 条订阅头像无法访问, 已使用默认头像:
[2026-07-11 00:00:34] - https://www.loyhome.com/feed
[2026-07-11 00:00:34] - http://feeds.feedburner.com/ruanyifeng
[2026-07-11 04:17:35] 本次订阅抓取结果统计:
[2026-07-11 04:17:35] 共 28 条RSS, 成功抓取 24 条.
[2026-07-11 04:17:35] ✘ 有 4 条订阅解析失败:
[2026-07-11 04:17:35] - https://blog.pursuitus.com/feed
[2026-07-11 04:17:35] - https://geekinney.com/index.xml
[2026-07-11 04:17:35] - https://tcxx.info/feed
[2026-07-11 04:17:35] - https://www.shephe.com/feed
[2026-07-11 04:17:35] ✘ 有 3 条订阅头像无法访问, 已使用默认头像:
[2026-07-11 04:17:35] - https://www.loyhome.com/feed
[2026-07-11 04:17:35] - http://feeds.feedburner.com/ruanyifeng
[2026-07-11 04:17:35] - https://blog.yanqingshan.com/feed
[2026-07-11 07:12:27] 本次订阅抓取结果统计:
[2026-07-11 07:12:27] 共 28 条RSS, 成功抓取 24 条.
[2026-07-11 07:12:27] ✘ 有 4 条订阅解析失败:
[2026-07-11 07:12:27] - https://blog.pursuitus.com/feed
[2026-07-11 07:12:27] - https://geekinney.com/index.xml
[2026-07-11 07:12:27] - https://tcxx.info/feed
[2026-07-11 07:12:27] - https://www.shephe.com/feed
[2026-07-11 07:12:27] ✘ 有 2 条订阅头像无法访问, 已使用默认头像:
[2026-07-11 07:12:27] - https://www.loyhome.com/feed
[2026-07-11 07:12:27] - http://feeds.feedburner.com/ruanyifeng
[2026-07-11 09:40:13] 本次订阅抓取结果统计:
[2026-07-11 09:40:13] 共 28 条RSS, 成功抓取 24 条.
[2026-07-11 09:40:13] ✘ 有 4 条订阅解析失败:
[2026-07-11 09:40:13] - https://blog.pursuitus.com/feed
[2026-07-11 09:40:13] - https://geekinney.com/index.xml
[2026-07-11 09:40:13] - https://tcxx.info/feed
[2026-07-11 09:40:13] - https://www.shephe.com/feed
[2026-07-11 09:40:13] ✘ 有 3 条订阅头像无法访问, 已使用默认头像:
[2026-07-11 09:40:13] - https://www.loyhome.com/feed
[2026-07-11 09:40:13] - http://feeds.feedburner.com/ruanyifeng
[2026-07-11 09:40:13] - https://xyzbz.cn/feed
[2026-07-11 11:07:50] 本次订阅抓取结果统计:
[2026-07-11 11:07:50] 共 28 条RSS, 成功抓取 24 条.
[2026-07-11 11:07:50] ✘ 有 4 条订阅解析失败:
[2026-07-11 11:07:50] - https://blog.pursuitus.com/feed
[2026-07-11 11:07:50] - https://geekinney.com/index.xml
[2026-07-11 11:07:50] - https://tcxx.info/feed
[2026-07-11 11:07:50] - https://www.shephe.com/feed
[2026-07-11 11:07:50] ✘ 有 2 条订阅头像无法访问, 已使用默认头像:
[2026-07-11 11:07:50] - https://www.loyhome.com/feed
[2026-07-11 11:07:50] - http://feeds.feedburner.com/ruanyifeng
[2026-07-11 13:25:37] 本次订阅抓取结果统计:
[2026-07-11 13:25:37] 共 28 条RSS, 成功抓取 24 条.
[2026-07-11 13:25:37] ✘ 有 4 条订阅解析失败:
[2026-07-11 13:25:37] - https://blog.pursuitus.com/feed
[2026-07-11 13:25:37] - https://geekinney.com/index.xml
[2026-07-11 13:25:37] - https://tcxx.info/feed
[2026-07-11 13:25:37] - https://www.shephe.com/feed
[2026-07-11 13:25:37] ✘ 有 2 条订阅头像无法访问, 已使用默认头像:
[2026-07-11 13:25:37] - https://www.loyhome.com/feed
[2026-07-11 13:25:37] - http://feeds.feedburner.com/ruanyifeng
[2026-07-11 14:57:13] 本次订阅抓取结果统计:
[2026-07-11 14:57:13] 共 28 条RSS, 成功抓取 24 条.
[2026-07-11 14:57:13] ✘ 有 4 条订阅解析失败:
[2026-07-11 14:57:13] - https://blog.pursuitus.com/feed
[2026-07-11 14:57:13] - https://geekinney.com/index.xml
[2026-07-11 14:57:13] - https://tcxx.info/feed
[2026-07-11 14:57:13] - https://www.shephe.com/feed
[2026-07-11 14:57:13] ✘ 有 2 条订阅头像无法访问, 已使用默认头像:
[2026-07-11 14:57:13] - https://www.loyhome.com/feed
[2026-07-11 14:57:13] - http://feeds.feedburner.com/ruanyifeng
[2026-07-11 16:00:40] 本次订阅抓取结果统计:
[2026-07-11 16:00:40] 共 28 条RSS, 成功抓取 24 条.
[2026-07-11 16:00:40] ✘ 有 4 条订阅解析失败:
[2026-07-11 16:00:40] - https://blog.pursuitus.com/feed
[2026-07-11 16:00:40] - https://tcxx.info/feed
[2026-07-11 16:00:40] - https://geekinney.com/index.xml
[2026-07-11 16:00:40] - https://www.shephe.com/feed
[2026-07-11 16:00:40] ✘ 有 2 条订阅头像无法访问, 已使用默认头像:
[2026-07-11 16:00:40] - https://www.loyhome.com/feed
[2026-07-11 16:00:40] - http://feeds.feedburner.com/ruanyifeng
[2026-07-11 17:55:46] 本次订阅抓取结果统计:
[2026-07-11 17:55:46] 共 28 条RSS, 成功抓取 24 条.
[2026-07-11 17:55:46] ✘ 有 4 条订阅解析失败:
[2026-07-11 17:55:46] - https://blog.pursuitus.com/feed
[2026-07-11 17:55:46] - https://geekinney.com/index.xml
[2026-07-11 17:55:46] - https://tcxx.info/feed
[2026-07-11 17:55:46] - https://www.shephe.com/feed
[2026-07-11 17:55:46] ✘ 有 3 条订阅头像无法访问, 已使用默认头像:
[2026-07-11 17:55:46] - https://www.loyhome.com/feed
[2026-07-11 17:55:46] - http://feeds.feedburner.com/ruanyifeng
[2026-07-11 17:55:46] - https://blog.yanqingshan.com/feed
