[2026-07-04 00:07:32] 本次订阅抓取结果统计:
[2026-07-04 00:07:32] 共 28 条RSS, 成功抓取 23 条.
[2026-07-04 00:07:32] ✘ 有 5 条订阅解析失败:
[2026-07-04 00:07:32] - https://blog.pursuitus.com/feed
[2026-07-04 00:07:32] - https://geekinney.com/index.xml
[2026-07-04 00:07:32] - https://tcxx.info/feed
[2026-07-04 00:07:32] - https://tumutanzi.com/feed
[2026-07-04 00:07:32] - https://www.shephe.com/feed
[2026-07-04 00:07:32] ✘ 有 3 条订阅头像无法访问, 已使用默认头像:
[2026-07-04 00:07:32] - https://www.loyhome.com/feed
[2026-07-04 00:07:32] - https://xyzbz.cn/feed
[2026-07-04 00:07:32] - http://feeds.feedburner.com/ruanyifeng
[2026-07-04 04:37:32] 本次订阅抓取结果统计:
[2026-07-04 04:37:32] 共 28 条RSS, 成功抓取 23 条.
[2026-07-04 04:37:32] ✘ 有 5 条订阅解析失败:
[2026-07-04 04:37:32] - https://blog.pursuitus.com/feed
[2026-07-04 04:37:32] - https://geekinney.com/index.xml
[2026-07-04 04:37:32] - https://tcxx.info/feed
[2026-07-04 04:37:32] - https://www.shephe.com/feed
[2026-07-04 04:37:32] - https://tumutanzi.com/feed
[2026-07-04 04:37:32] ✘ 有 3 条订阅头像无法访问, 已使用默认头像:
[2026-07-04 04:37:32] - https://xyzbz.cn/feed
[2026-07-04 04:37:32] - https://www.loyhome.com/feed
[2026-07-04 04:37:32] - http://feeds.feedburner.com/ruanyifeng
[2026-07-04 07:48:47] 本次订阅抓取结果统计:
[2026-07-04 07:48:47] 共 28 条RSS, 成功抓取 24 条.
[2026-07-04 07:48:47] ✘ 有 4 条订阅解析失败:
[2026-07-04 07:48:47] - https://blog.pursuitus.com/feed
[2026-07-04 07:48:47] - https://tcxx.info/feed
[2026-07-04 07:48:47] - https://geekinney.com/index.xml
[2026-07-04 07:48:47] - https://www.shephe.com/feed
[2026-07-04 07:48:47] ✘ 有 3 条订阅头像无法访问, 已使用默认头像:
[2026-07-04 07:48:47] - https://www.loyhome.com/feed
[2026-07-04 07:48:47] - https://xyzbz.cn/feed
[2026-07-04 07:48:47] - http://feeds.feedburner.com/ruanyifeng
