[2026-01-18 02:07:33] 本次订阅抓取结果统计:
[2026-01-18 02:07:33] 共 28 条RSS, 成功抓取 23 条.
[2026-01-18 02:07:33] ✘ 有 5 条订阅解析失败:
[2026-01-18 02:07:33] - https://blog.pursuitus.com/feed
[2026-01-18 02:07:33] - https://oba.by/feed
[2026-01-18 02:07:33] - https://tcxx.info/feed
[2026-01-18 02:07:33] - https://tumutanzi.com/feed
[2026-01-18 02:07:33] - https://geekinney.com/index.xml
[2026-01-18 02:07:33] ✘ 有 1 条订阅头像无法访问, 已使用默认头像:
[2026-01-18 02:07:33] - http://feeds.feedburner.com/ruanyifeng
[2026-01-18 04:07:46] 本次订阅抓取结果统计:
[2026-01-18 04:07:46] 共 28 条RSS, 成功抓取 23 条.
[2026-01-18 04:07:46] ✘ 有 5 条订阅解析失败:
[2026-01-18 04:07:46] - https://blog.pursuitus.com/feed
[2026-01-18 04:07:46] - https://oba.by/feed
[2026-01-18 04:07:46] - https://tcxx.info/feed
[2026-01-18 04:07:46] - https://tumutanzi.com/feed
[2026-01-18 04:07:46] - https://geekinney.com/index.xml
[2026-01-18 04:07:46] ✘ 有 1 条订阅头像无法访问, 已使用默认头像:
[2026-01-18 04:07:46] - http://feeds.feedburner.com/ruanyifeng
