[2026-02-26 02:26:55] 本次订阅抓取结果统计:
[2026-02-26 02:26:55] 共 28 条RSS, 成功抓取 24 条.
[2026-02-26 02:26:55] ✘ 有 4 条订阅解析失败:
[2026-02-26 02:26:55] - https://blog.pursuitus.com/feed
[2026-02-26 02:26:55] - https://tumutanzi.com/feed
[2026-02-26 02:26:55] - https://tcxx.info/feed
[2026-02-26 02:26:55] - https://geekinney.com/index.xml
[2026-02-26 02:26:55] ✘ 有 1 条订阅头像无法访问, 已使用默认头像:
[2026-02-26 02:26:55] - http://feeds.feedburner.com/ruanyifeng
[2026-02-26 04:53:26] 本次订阅抓取结果统计:
[2026-02-26 04:53:26] 共 28 条RSS, 成功抓取 24 条.
[2026-02-26 04:53:26] ✘ 有 4 条订阅解析失败:
[2026-02-26 04:53:26] - https://blog.pursuitus.com/feed
[2026-02-26 04:53:26] - https://tumutanzi.com/feed
[2026-02-26 04:53:26] - https://tcxx.info/feed
[2026-02-26 04:53:26] - https://geekinney.com/index.xml
[2026-02-26 04:53:26] ✘ 有 1 条订阅头像无法访问, 已使用默认头像:
[2026-02-26 04:53:26] - http://feeds.feedburner.com/ruanyifeng
[2026-02-26 05:59:51] 本次订阅抓取结果统计:
[2026-02-26 05:59:51] 共 28 条RSS, 成功抓取 24 条.
[2026-02-26 05:59:51] ✘ 有 4 条订阅解析失败:
[2026-02-26 05:59:51] - https://blog.pursuitus.com/feed
[2026-02-26 05:59:51] - https://tumutanzi.com/feed
[2026-02-26 05:59:51] - https://tcxx.info/feed
[2026-02-26 05:59:51] - https://geekinney.com/index.xml
[2026-02-26 05:59:51] ✘ 有 1 条订阅头像无法访问, 已使用默认头像:
[2026-02-26 05:59:51] - http://feeds.feedburner.com/ruanyifeng
[2026-02-26 07:12:47] 本次订阅抓取结果统计:
[2026-02-26 07:12:47] 共 28 条RSS, 成功抓取 24 条.
[2026-02-26 07:12:47] ✘ 有 4 条订阅解析失败:
[2026-02-26 07:12:47] - https://blog.pursuitus.com/feed
[2026-02-26 07:12:47] - https://tumutanzi.com/feed
[2026-02-26 07:12:47] - https://tcxx.info/feed
[2026-02-26 07:12:47] - https://geekinney.com/index.xml
[2026-02-26 07:12:47] ✘ 有 1 条订阅头像无法访问, 已使用默认头像:
[2026-02-26 07:12:47] - http://feeds.feedburner.com/ruanyifeng
[2026-02-26 08:53:52] 本次订阅抓取结果统计:
[2026-02-26 08:53:52] 共 28 条RSS, 成功抓取 24 条.
[2026-02-26 08:53:52] ✘ 有 4 条订阅解析失败:
[2026-02-26 08:53:52] - https://blog.pursuitus.com/feed
[2026-02-26 08:53:52] - https://tcxx.info/feed
[2026-02-26 08:53:52] - https://tumutanzi.com/feed
[2026-02-26 08:53:52] - https://geekinney.com/index.xml
[2026-02-26 08:53:52] ✘ 有 1 条订阅头像无法访问, 已使用默认头像:
[2026-02-26 08:53:52] - http://feeds.feedburner.com/ruanyifeng
[2026-02-26 09:54:34] 本次订阅抓取结果统计:
[2026-02-26 09:54:34] 共 28 条RSS, 成功抓取 24 条.
[2026-02-26 09:54:34] ✘ 有 4 条订阅解析失败:
[2026-02-26 09:54:34] - https://blog.pursuitus.com/feed
[2026-02-26 09:54:34] - https://tcxx.info/feed
[2026-02-26 09:54:34] - https://tumutanzi.com/feed
[2026-02-26 09:54:34] - https://geekinney.com/index.xml
[2026-02-26 09:54:34] ✘ 有 1 条订阅头像无法访问, 已使用默认头像:
[2026-02-26 09:54:34] - http://feeds.feedburner.com/ruanyifeng
[2026-02-26 10:51:51] 本次订阅抓取结果统计:
[2026-02-26 10:51:51] 共 28 条RSS, 成功抓取 24 条.
[2026-02-26 10:51:51] ✘ 有 4 条订阅解析失败:
[2026-02-26 10:51:51] - https://blog.pursuitus.com/feed
[2026-02-26 10:51:51] - https://tcxx.info/feed
[2026-02-26 10:51:51] - https://tumutanzi.com/feed
[2026-02-26 10:51:51] - https://geekinney.com/index.xml
[2026-02-26 10:51:51] ✘ 有 1 条订阅头像无法访问, 已使用默认头像:
[2026-02-26 10:51:51] - http://feeds.feedburner.com/ruanyifeng
[2026-02-26 11:41:45] 本次订阅抓取结果统计:
[2026-02-26 11:41:45] 共 28 条RSS, 成功抓取 24 条.
[2026-02-26 11:41:45] ✘ 有 4 条订阅解析失败:
[2026-02-26 11:41:45] - https://blog.pursuitus.com/feed
[2026-02-26 11:41:45] - https://tumutanzi.com/feed
[2026-02-26 11:41:45] - https://tcxx.info/feed
[2026-02-26 11:41:45] - https://geekinney.com/index.xml
[2026-02-26 11:41:45] ✘ 有 1 条订阅头像无法访问, 已使用默认头像:
[2026-02-26 11:41:45] - http://feeds.feedburner.com/ruanyifeng
[2026-02-26 13:14:37] 本次订阅抓取结果统计:
[2026-02-26 13:14:37] 共 28 条RSS, 成功抓取 24 条.
[2026-02-26 13:14:37] ✘ 有 4 条订阅解析失败:
[2026-02-26 13:14:37] - https://blog.pursuitus.com/feed
[2026-02-26 13:14:37] - https://tcxx.info/feed
[2026-02-26 13:14:37] - https://tumutanzi.com/feed
[2026-02-26 13:14:37] - https://geekinney.com/index.xml
[2026-02-26 13:14:37] ✘ 有 1 条订阅头像无法访问, 已使用默认头像:
[2026-02-26 13:14:37] - http://feeds.feedburner.com/ruanyifeng
[2026-02-26 14:51:36] 本次订阅抓取结果统计:
[2026-02-26 14:51:36] 共 28 条RSS, 成功抓取 24 条.
[2026-02-26 14:51:36] ✘ 有 4 条订阅解析失败:
[2026-02-26 14:51:36] - https://blog.pursuitus.com/feed
[2026-02-26 14:51:36] - https://tcxx.info/feed
[2026-02-26 14:51:36] - https://tumutanzi.com/feed
[2026-02-26 14:51:36] - https://geekinney.com/index.xml
[2026-02-26 14:51:36] ✘ 有 1 条订阅头像无法访问, 已使用默认头像:
[2026-02-26 14:51:36] - http://feeds.feedburner.com/ruanyifeng
[2026-02-26 15:56:27] 本次订阅抓取结果统计:
[2026-02-26 15:56:27] 共 28 条RSS, 成功抓取 24 条.
[2026-02-26 15:56:27] ✘ 有 4 条订阅解析失败:
[2026-02-26 15:56:27] - https://blog.pursuitus.com/feed
[2026-02-26 15:56:27] - https://tumutanzi.com/feed
[2026-02-26 15:56:27] - https://tcxx.info/feed
[2026-02-26 15:56:27] - https://geekinney.com/index.xml
[2026-02-26 15:56:27] ✘ 有 1 条订阅头像无法访问, 已使用默认头像:
[2026-02-26 15:56:27] - http://feeds.feedburner.com/ruanyifeng
[2026-02-26 17:04:54] 本次订阅抓取结果统计:
[2026-02-26 17:04:54] 共 28 条RSS, 成功抓取 24 条.
[2026-02-26 17:04:54] ✘ 有 4 条订阅解析失败:
[2026-02-26 17:04:54] - https://blog.pursuitus.com/feed
[2026-02-26 17:04:54] - https://tumutanzi.com/feed
[2026-02-26 17:04:54] - https://tcxx.info/feed
[2026-02-26 17:04:54] - https://geekinney.com/index.xml
[2026-02-26 17:04:54] ✘ 有 2 条订阅头像无法访问, 已使用默认头像:
[2026-02-26 17:04:54] - http://feeds.feedburner.com/ruanyifeng
[2026-02-26 17:04:54] - https://xyzbz.cn/feed
[2026-02-26 18:57:18] 本次订阅抓取结果统计:
[2026-02-26 18:57:18] 共 28 条RSS, 成功抓取 24 条.
[2026-02-26 18:57:18] ✘ 有 4 条订阅解析失败:
[2026-02-26 18:57:18] - https://blog.pursuitus.com/feed
[2026-02-26 18:57:18] - https://tcxx.info/feed
[2026-02-26 18:57:18] - https://tumutanzi.com/feed
[2026-02-26 18:57:18] - https://geekinney.com/index.xml
[2026-02-26 18:57:18] ✘ 有 1 条订阅头像无法访问, 已使用默认头像:
[2026-02-26 18:57:18] - http://feeds.feedburner.com/ruanyifeng
[2026-02-26 19:47:30] 本次订阅抓取结果统计:
[2026-02-26 19:47:30] 共 28 条RSS, 成功抓取 24 条.
[2026-02-26 19:47:30] ✘ 有 4 条订阅解析失败:
[2026-02-26 19:47:30] - https://blog.pursuitus.com/feed
[2026-02-26 19:47:30] - https://tcxx.info/feed
[2026-02-26 19:47:30] - https://tumutanzi.com/feed
[2026-02-26 19:47:30] - https://geekinney.com/index.xml
[2026-02-26 19:47:30] ✘ 有 1 条订阅头像无法访问, 已使用默认头像:
[2026-02-26 19:47:30] - http://feeds.feedburner.com/ruanyifeng
[2026-02-26 20:41:52] 本次订阅抓取结果统计:
[2026-02-26 20:41:52] 共 28 条RSS, 成功抓取 24 条.
[2026-02-26 20:41:52] ✘ 有 4 条订阅解析失败:
[2026-02-26 20:41:52] - https://blog.pursuitus.com/feed
[2026-02-26 20:41:52] - https://tumutanzi.com/feed
[2026-02-26 20:41:52] - https://tcxx.info/feed
[2026-02-26 20:41:52] - https://geekinney.com/index.xml
[2026-02-26 20:41:52] ✘ 有 1 条订阅头像无法访问, 已使用默认头像:
[2026-02-26 20:41:52] - http://feeds.feedburner.com/ruanyifeng
[2026-02-26 21:35:16] 本次订阅抓取结果统计:
[2026-02-26 21:35:16] 共 28 条RSS, 成功抓取 24 条.
[2026-02-26 21:35:16] ✘ 有 4 条订阅解析失败:
[2026-02-26 21:35:16] - https://blog.pursuitus.com/feed
[2026-02-26 21:35:16] - https://tcxx.info/feed
[2026-02-26 21:35:16] - https://tumutanzi.com/feed
[2026-02-26 21:35:16] - https://geekinney.com/index.xml
[2026-02-26 21:35:16] ✘ 有 1 条订阅头像无法访问, 已使用默认头像:
[2026-02-26 21:35:16] - http://feeds.feedburner.com/ruanyifeng
