[2026-02-09 02:34:46] 本次订阅抓取结果统计:
[2026-02-09 02:34:46] 共 28 条RSS, 成功抓取 24 条.
[2026-02-09 02:34:46] ✘ 有 4 条订阅解析失败:
[2026-02-09 02:34:46] - https://blog.pursuitus.com/feed
[2026-02-09 02:34:46] - https://tcxx.info/feed
[2026-02-09 02:34:46] - https://tumutanzi.com/feed
[2026-02-09 02:34:46] - https://geekinney.com/index.xml
[2026-02-09 02:34:46] ✘ 有 1 条订阅头像无法访问, 已使用默认头像:
[2026-02-09 02:34:46] - http://feeds.feedburner.com/ruanyifeng
[2026-02-09 05:03:32] 本次订阅抓取结果统计:
[2026-02-09 05:03:32] 共 28 条RSS, 成功抓取 24 条.
[2026-02-09 05:03:32] ✘ 有 4 条订阅解析失败:
[2026-02-09 05:03:32] - https://blog.pursuitus.com/feed
[2026-02-09 05:03:32] - https://tcxx.info/feed
[2026-02-09 05:03:32] - https://tumutanzi.com/feed
[2026-02-09 05:03:32] - https://geekinney.com/index.xml
[2026-02-09 05:03:32] ✘ 有 1 条订阅头像无法访问, 已使用默认头像:
[2026-02-09 05:03:32] - http://feeds.feedburner.com/ruanyifeng
[2026-02-09 07:09:15] 本次订阅抓取结果统计:
[2026-02-09 07:09:15] 共 28 条RSS, 成功抓取 24 条.
[2026-02-09 07:09:15] ✘ 有 4 条订阅解析失败:
[2026-02-09 07:09:15] - https://blog.pursuitus.com/feed
[2026-02-09 07:09:15] - https://tcxx.info/feed
[2026-02-09 07:09:15] - https://tumutanzi.com/feed
[2026-02-09 07:09:15] - https://geekinney.com/index.xml
[2026-02-09 07:09:15] ✘ 有 1 条订阅头像无法访问, 已使用默认头像:
[2026-02-09 07:09:15] - http://feeds.feedburner.com/ruanyifeng
[2026-02-09 08:58:30] 本次订阅抓取结果统计:
[2026-02-09 08:58:30] 共 28 条RSS, 成功抓取 24 条.
[2026-02-09 08:58:30] ✘ 有 4 条订阅解析失败:
[2026-02-09 08:58:30] - https://blog.pursuitus.com/feed
[2026-02-09 08:58:30] - https://tumutanzi.com/feed
[2026-02-09 08:58:30] - https://tcxx.info/feed
[2026-02-09 08:58:30] - https://geekinney.com/index.xml
[2026-02-09 08:58:30] ✘ 有 1 条订阅头像无法访问, 已使用默认头像:
[2026-02-09 08:58:30] - http://feeds.feedburner.com/ruanyifeng
[2026-02-09 10:10:53] 本次订阅抓取结果统计:
[2026-02-09 10:10:53] 共 28 条RSS, 成功抓取 24 条.
[2026-02-09 10:10:53] ✘ 有 4 条订阅解析失败:
[2026-02-09 10:10:53] - https://blog.pursuitus.com/feed
[2026-02-09 10:10:53] - https://tumutanzi.com/feed
[2026-02-09 10:10:53] - https://tcxx.info/feed
[2026-02-09 10:10:53] - https://geekinney.com/index.xml
[2026-02-09 10:10:53] ✘ 有 1 条订阅头像无法访问, 已使用默认头像:
[2026-02-09 10:10:53] - http://feeds.feedburner.com/ruanyifeng
[2026-02-09 11:49:28] 本次订阅抓取结果统计:
[2026-02-09 11:49:28] 共 28 条RSS, 成功抓取 24 条.
[2026-02-09 11:49:28] ✘ 有 4 条订阅解析失败:
[2026-02-09 11:49:28] - https://blog.pursuitus.com/feed
[2026-02-09 11:49:28] - https://tumutanzi.com/feed
[2026-02-09 11:49:28] - https://tcxx.info/feed
[2026-02-09 11:49:28] - https://geekinney.com/index.xml
[2026-02-09 11:49:28] ✘ 有 1 条订阅头像无法访问, 已使用默认头像:
[2026-02-09 11:49:28] - http://feeds.feedburner.com/ruanyifeng
[2026-02-09 13:17:34] 本次订阅抓取结果统计:
[2026-02-09 13:17:34] 共 28 条RSS, 成功抓取 23 条.
[2026-02-09 13:17:34] ✘ 有 5 条订阅解析失败:
[2026-02-09 13:17:34] - https://blog.pursuitus.com/feed
[2026-02-09 13:17:34] - https://tcxx.info/feed
[2026-02-09 13:17:34] - https://tumutanzi.com/feed
[2026-02-09 13:17:34] - https://geekinney.com/index.xml
[2026-02-09 13:17:34] - https://oba.by/feed
[2026-02-09 13:17:34] ✘ 有 2 条订阅头像无法访问, 已使用默认头像:
[2026-02-09 13:17:34] - http://feeds.feedburner.com/ruanyifeng
[2026-02-09 13:17:34] - https://xyzbz.cn/feed
[2026-02-09 14:55:33] 本次订阅抓取结果统计:
[2026-02-09 14:55:33] 共 28 条RSS, 成功抓取 24 条.
[2026-02-09 14:55:33] ✘ 有 4 条订阅解析失败:
[2026-02-09 14:55:33] - https://blog.pursuitus.com/feed
[2026-02-09 14:55:33] - https://tcxx.info/feed
[2026-02-09 14:55:33] - https://tumutanzi.com/feed
[2026-02-09 14:55:33] - https://geekinney.com/index.xml
[2026-02-09 14:55:33] ✘ 有 1 条订阅头像无法访问, 已使用默认头像:
[2026-02-09 14:55:33] - http://feeds.feedburner.com/ruanyifeng
