[2026-07-13 03:47:02] 本次订阅抓取结果统计:
[2026-07-13 03:47:02] 共 28 条RSS, 成功抓取 24 条.
[2026-07-13 03:47:02] ✘ 有 4 条订阅解析失败:
[2026-07-13 03:47:02] - https://blog.pursuitus.com/feed
[2026-07-13 03:47:02] - https://geekinney.com/index.xml
[2026-07-13 03:47:02] - https://tcxx.info/feed
[2026-07-13 03:47:02] - https://www.shephe.com/feed
[2026-07-13 03:47:02] ✘ 有 2 条订阅头像无法访问, 已使用默认头像:
[2026-07-13 03:47:02] - https://www.loyhome.com/feed
[2026-07-13 03:47:02] - http://feeds.feedburner.com/ruanyifeng
[2026-07-13 06:56:45] 本次订阅抓取结果统计:
[2026-07-13 06:56:45] 共 28 条RSS, 成功抓取 24 条.
[2026-07-13 06:56:45] ✘ 有 4 条订阅解析失败:
[2026-07-13 06:56:45] - https://blog.pursuitus.com/feed
[2026-07-13 06:56:45] - https://geekinney.com/index.xml
[2026-07-13 06:56:45] - https://tcxx.info/feed
[2026-07-13 06:56:45] - https://www.shephe.com/feed
[2026-07-13 06:56:45] ✘ 有 2 条订阅头像无法访问, 已使用默认头像:
[2026-07-13 06:56:45] - https://www.loyhome.com/feed
[2026-07-13 06:56:45] - http://feeds.feedburner.com/ruanyifeng
[2026-07-13 10:31:36] 本次订阅抓取结果统计:
[2026-07-13 10:31:36] 共 28 条RSS, 成功抓取 24 条.
[2026-07-13 10:31:36] ✘ 有 4 条订阅解析失败:
[2026-07-13 10:31:36] - https://blog.pursuitus.com/feed
[2026-07-13 10:31:36] - https://geekinney.com/index.xml
[2026-07-13 10:31:36] - https://tcxx.info/feed
[2026-07-13 10:31:36] - https://www.shephe.com/feed
[2026-07-13 10:31:36] ✘ 有 2 条订阅头像无法访问, 已使用默认头像:
[2026-07-13 10:31:36] - https://www.loyhome.com/feed
[2026-07-13 10:31:36] - http://feeds.feedburner.com/ruanyifeng
[2026-07-13 13:26:02] 本次订阅抓取结果统计:
[2026-07-13 13:26:02] 共 28 条RSS, 成功抓取 24 条.
[2026-07-13 13:26:02] ✘ 有 4 条订阅解析失败:
[2026-07-13 13:26:02] - https://blog.pursuitus.com/feed
[2026-07-13 13:26:02] - https://geekinney.com/index.xml
[2026-07-13 13:26:02] - https://tcxx.info/feed
[2026-07-13 13:26:02] - https://www.shephe.com/feed
[2026-07-13 13:26:02] ✘ 有 2 条订阅头像无法访问, 已使用默认头像:
[2026-07-13 13:26:02] - https://www.loyhome.com/feed
[2026-07-13 13:26:02] - http://feeds.feedburner.com/ruanyifeng
[2026-07-13 16:38:59] 本次订阅抓取结果统计:
[2026-07-13 16:38:59] 共 28 条RSS, 成功抓取 24 条.
[2026-07-13 16:38:59] ✘ 有 4 条订阅解析失败:
[2026-07-13 16:38:59] - https://blog.pursuitus.com/feed
[2026-07-13 16:38:59] - https://geekinney.com/index.xml
[2026-07-13 16:38:59] - https://tcxx.info/feed
[2026-07-13 16:38:59] - https://www.shephe.com/feed
[2026-07-13 16:38:59] ✘ 有 2 条订阅头像无法访问, 已使用默认头像:
[2026-07-13 16:38:59] - https://www.loyhome.com/feed
[2026-07-13 16:38:59] - http://feeds.feedburner.com/ruanyifeng
[2026-07-13 18:45:17] 本次订阅抓取结果统计:
[2026-07-13 18:45:17] 共 28 条RSS, 成功抓取 24 条.
[2026-07-13 18:45:17] ✘ 有 4 条订阅解析失败:
[2026-07-13 18:45:17] - https://blog.pursuitus.com/feed
[2026-07-13 18:45:17] - https://geekinney.com/index.xml
[2026-07-13 18:45:17] - https://tcxx.info/feed
[2026-07-13 18:45:17] - https://www.shephe.com/feed
[2026-07-13 18:45:17] ✘ 有 2 条订阅头像无法访问, 已使用默认头像:
[2026-07-13 18:45:17] - https://www.loyhome.com/feed
[2026-07-13 18:45:17] - http://feeds.feedburner.com/ruanyifeng
[2026-07-13 20:17:43] 本次订阅抓取结果统计:
[2026-07-13 20:17:43] 共 28 条RSS, 成功抓取 24 条.
[2026-07-13 20:17:43] ✘ 有 4 条订阅解析失败:
[2026-07-13 20:17:43] - https://blog.pursuitus.com/feed
[2026-07-13 20:17:43] - https://geekinney.com/index.xml
[2026-07-13 20:17:43] - https://tcxx.info/feed
[2026-07-13 20:17:43] - https://www.shephe.com/feed
[2026-07-13 20:17:43] ✘ 有 2 条订阅头像无法访问, 已使用默认头像:
[2026-07-13 20:17:43] - http://feeds.feedburner.com/ruanyifeng
[2026-07-13 20:17:43] - https://www.loyhome.com/feed
[2026-07-13 21:59:23] 本次订阅抓取结果统计:
[2026-07-13 21:59:23] 共 28 条RSS, 成功抓取 24 条.
[2026-07-13 21:59:23] ✘ 有 4 条订阅解析失败:
[2026-07-13 21:59:23] - https://blog.pursuitus.com/feed
[2026-07-13 21:59:23] - https://geekinney.com/index.xml
[2026-07-13 21:59:23] - https://tcxx.info/feed
[2026-07-13 21:59:23] - https://www.shephe.com/feed
[2026-07-13 21:59:23] ✘ 有 2 条订阅头像无法访问, 已使用默认头像:
[2026-07-13 21:59:23] - https://www.loyhome.com/feed
[2026-07-13 21:59:23] - http://feeds.feedburner.com/ruanyifeng
[2026-07-13 23:04:48] 本次订阅抓取结果统计:
[2026-07-13 23:04:48] 共 28 条RSS, 成功抓取 24 条.
[2026-07-13 23:04:48] ✘ 有 4 条订阅解析失败:
[2026-07-13 23:04:48] - https://blog.pursuitus.com/feed
[2026-07-13 23:04:48] - https://geekinney.com/index.xml
[2026-07-13 23:04:48] - https://tcxx.info/feed
[2026-07-13 23:04:48] - https://www.shephe.com/feed
[2026-07-13 23:04:48] ✘ 有 3 条订阅头像无法访问, 已使用默认头像:
[2026-07-13 23:04:48] - https://www.loyhome.com/feed
[2026-07-13 23:04:48] - http://feeds.feedburner.com/ruanyifeng
[2026-07-13 23:04:48] - https://blog.yanqingshan.com/feed
