[2026-05-22 00:05:34] 本次订阅抓取结果统计:
[2026-05-22 00:05:34] 共 28 条RSS, 成功抓取 23 条.
[2026-05-22 00:05:34] ✘ 有 5 条订阅解析失败:
[2026-05-22 00:05:34] - https://blog.pursuitus.com/feed
[2026-05-22 00:05:34] - https://geekinney.com/index.xml
[2026-05-22 00:05:34] - https://tcxx.info/feed
[2026-05-22 00:05:34] - https://tumutanzi.com/feed
[2026-05-22 00:05:34] - https://www.shephe.com/feed
[2026-05-22 00:05:34] ✘ 有 3 条订阅头像无法访问, 已使用默认头像:
[2026-05-22 00:05:34] - https://www.loyhome.com/feed
[2026-05-22 00:05:34] - http://feeds.feedburner.com/ruanyifeng
[2026-05-22 00:05:34] - https://xyzbz.cn/feed
[2026-05-22 05:03:54] 本次订阅抓取结果统计:
[2026-05-22 05:03:54] 共 28 条RSS, 成功抓取 23 条.
[2026-05-22 05:03:54] ✘ 有 5 条订阅解析失败:
[2026-05-22 05:03:54] - https://blog.pursuitus.com/feed
[2026-05-22 05:03:54] - https://geekinney.com/index.xml
[2026-05-22 05:03:54] - https://tumutanzi.com/feed
[2026-05-22 05:03:54] - https://tcxx.info/feed
[2026-05-22 05:03:54] - https://www.shephe.com/feed
[2026-05-22 05:03:54] ✘ 有 3 条订阅头像无法访问, 已使用默认头像:
[2026-05-22 05:03:54] - https://xyzbz.cn/feed
[2026-05-22 05:03:54] - https://www.loyhome.com/feed
[2026-05-22 05:03:54] - http://feeds.feedburner.com/ruanyifeng
[2026-05-22 09:32:51] 本次订阅抓取结果统计:
[2026-05-22 09:32:51] 共 28 条RSS, 成功抓取 23 条.
[2026-05-22 09:32:51] ✘ 有 5 条订阅解析失败:
[2026-05-22 09:32:51] - https://blog.pursuitus.com/feed
[2026-05-22 09:32:51] - https://geekinney.com/index.xml
[2026-05-22 09:32:51] - https://tumutanzi.com/feed
[2026-05-22 09:32:51] - https://tcxx.info/feed
[2026-05-22 09:32:51] - https://www.shephe.com/feed
[2026-05-22 09:32:51] ✘ 有 3 条订阅头像无法访问, 已使用默认头像:
[2026-05-22 09:32:51] - https://www.loyhome.com/feed
[2026-05-22 09:32:51] - https://xyzbz.cn/feed
[2026-05-22 09:32:51] - http://feeds.feedburner.com/ruanyifeng
[2026-05-22 12:22:44] 本次订阅抓取结果统计:
[2026-05-22 12:22:44] 共 28 条RSS, 成功抓取 23 条.
[2026-05-22 12:22:44] ✘ 有 5 条订阅解析失败:
[2026-05-22 12:22:44] - https://blog.pursuitus.com/feed
[2026-05-22 12:22:44] - https://geekinney.com/index.xml
[2026-05-22 12:22:44] - https://tcxx.info/feed
[2026-05-22 12:22:44] - https://tumutanzi.com/feed
[2026-05-22 12:22:44] - https://www.shephe.com/feed
[2026-05-22 12:22:44] ✘ 有 3 条订阅头像无法访问, 已使用默认头像:
[2026-05-22 12:22:44] - https://www.loyhome.com/feed
[2026-05-22 12:22:44] - http://feeds.feedburner.com/ruanyifeng
[2026-05-22 12:22:44] - https://xyzbz.cn/feed
[2026-05-22 15:50:44] 本次订阅抓取结果统计:
[2026-05-22 15:50:44] 共 28 条RSS, 成功抓取 22 条.
[2026-05-22 15:50:44] ✘ 有 6 条订阅解析失败:
[2026-05-22 15:50:44] - https://blog.pursuitus.com/feed
[2026-05-22 15:50:44] - https://www.shephe.com/feed
[2026-05-22 15:50:44] - https://geekinney.com/index.xml
[2026-05-22 15:50:44] - https://tcxx.info/feed
[2026-05-22 15:50:44] - https://tumutanzi.com/feed
[2026-05-22 15:50:44] - https://stephenleng.com/cn/rss
[2026-05-22 15:50:44] ✘ 有 3 条订阅头像无法访问, 已使用默认头像:
[2026-05-22 15:50:44] - https://www.loyhome.com/feed
[2026-05-22 15:50:44] - https://xyzbz.cn/feed
[2026-05-22 15:50:44] - http://feeds.feedburner.com/ruanyifeng
[2026-05-22 17:56:03] 本次订阅抓取结果统计:
[2026-05-22 17:56:03] 共 28 条RSS, 成功抓取 22 条.
[2026-05-22 17:56:03] ✘ 有 6 条订阅解析失败:
[2026-05-22 17:56:03] - https://blog.pursuitus.com/feed
[2026-05-22 17:56:03] - https://geekinney.com/index.xml
[2026-05-22 17:56:03] - https://tcxx.info/feed
[2026-05-22 17:56:03] - https://www.shephe.com/feed
[2026-05-22 17:56:03] - https://tumutanzi.com/feed
[2026-05-22 17:56:03] - https://stephenleng.com/cn/rss
[2026-05-22 17:56:03] ✘ 有 4 条订阅头像无法访问, 已使用默认头像:
[2026-05-22 17:56:03] - https://oba.by/feed
[2026-05-22 17:56:03] - https://www.loyhome.com/feed
[2026-05-22 17:56:03] - http://feeds.feedburner.com/ruanyifeng
[2026-05-22 17:56:03] - https://xyzbz.cn/feed
[2026-05-22 19:54:37] 本次订阅抓取结果统计:
[2026-05-22 19:54:37] 共 28 条RSS, 成功抓取 22 条.
[2026-05-22 19:54:37] ✘ 有 6 条订阅解析失败:
[2026-05-22 19:54:37] - https://blog.pursuitus.com/feed
[2026-05-22 19:54:37] - https://geekinney.com/index.xml
[2026-05-22 19:54:37] - https://tcxx.info/feed
[2026-05-22 19:54:37] - https://www.shephe.com/feed
[2026-05-22 19:54:37] - https://tumutanzi.com/feed
[2026-05-22 19:54:37] - https://stephenleng.com/cn/rss
[2026-05-22 19:54:37] ✘ 有 3 条订阅头像无法访问, 已使用默认头像:
[2026-05-22 19:54:37] - https://www.loyhome.com/feed
[2026-05-22 19:54:37] - https://xyzbz.cn/feed
[2026-05-22 19:54:37] - http://feeds.feedburner.com/ruanyifeng
