[2026-01-03 01:52:30] 本次订阅抓取结果统计:
[2026-01-03 01:52:30] 共 28 条RSS, 成功抓取 25 条.
[2026-01-03 01:52:30] ✘ 有 3 条订阅解析失败:
[2026-01-03 01:52:30] - https://tumutanzi.com/feed
[2026-01-03 01:52:30] - https://tcxx.info/feed
[2026-01-03 01:52:30] - https://geekinney.com/index.xml
[2026-01-03 01:52:30] ✘ 有 2 条订阅头像无法访问, 已使用默认头像:
[2026-01-03 01:52:30] - https://oba.by/feed
[2026-01-03 01:52:30] - http://feeds.feedburner.com/ruanyifeng
[2026-01-03 03:24:56] 本次订阅抓取结果统计:
[2026-01-03 03:24:56] 共 28 条RSS, 成功抓取 25 条.
[2026-01-03 03:24:56] ✘ 有 3 条订阅解析失败:
[2026-01-03 03:24:56] - https://tumutanzi.com/feed
[2026-01-03 03:24:56] - https://tcxx.info/feed
[2026-01-03 03:24:56] - https://geekinney.com/index.xml
[2026-01-03 03:24:56] ✘ 有 2 条订阅头像无法访问, 已使用默认头像:
[2026-01-03 03:24:56] - https://oba.by/feed
[2026-01-03 03:24:56] - http://feeds.feedburner.com/ruanyifeng
[2026-01-03 04:35:53] 本次订阅抓取结果统计:
[2026-01-03 04:35:53] 共 28 条RSS, 成功抓取 21 条.
[2026-01-03 04:35:53] ✘ 有 7 条订阅解析失败:
[2026-01-03 04:35:53] - https://tcxx.info/feed
[2026-01-03 04:35:53] - https://tumutanzi.com/feed
[2026-01-03 04:35:53] - https://geekinney.com/index.xml
[2026-01-03 04:35:53] - https://oba.by/feed
[2026-01-03 04:35:53] - https://xyzbz.cn/feed
[2026-01-03 04:35:53] - https://blog.zhheo.com/rss.xml
[2026-01-03 04:35:53] - https://1900.live/rss.xml
[2026-01-03 04:35:53] ✘ 有 1 条订阅头像无法访问, 已使用默认头像:
[2026-01-03 04:35:53] - http://feeds.feedburner.com/ruanyifeng
