[2026-03-30 02:49:08] 本次订阅抓取结果统计:
[2026-03-30 02:49:08] 共 28 条RSS, 成功抓取 24 条.
[2026-03-30 02:49:08] ✘ 有 4 条订阅解析失败:
[2026-03-30 02:49:08] - https://blog.pursuitus.com/feed
[2026-03-30 02:49:08] - https://geekinney.com/index.xml
[2026-03-30 02:49:08] - https://tcxx.info/feed
[2026-03-30 02:49:08] - https://tumutanzi.com/feed
[2026-03-30 02:49:08] ✘ 有 2 条订阅头像无法访问, 已使用默认头像:
[2026-03-30 02:49:08] - https://www.loyhome.com/feed
[2026-03-30 02:49:08] - http://feeds.feedburner.com/ruanyifeng
[2026-03-30 05:28:46] 本次订阅抓取结果统计:
[2026-03-30 05:28:46] 共 28 条RSS, 成功抓取 24 条.
[2026-03-30 05:28:46] ✘ 有 4 条订阅解析失败:
[2026-03-30 05:28:46] - https://blog.pursuitus.com/feed
[2026-03-30 05:28:46] - https://tcxx.info/feed
[2026-03-30 05:28:46] - https://geekinney.com/index.xml
[2026-03-30 05:28:46] - https://tumutanzi.com/feed
[2026-03-30 05:28:46] ✘ 有 1 条订阅头像无法访问, 已使用默认头像:
[2026-03-30 05:28:46] - http://feeds.feedburner.com/ruanyifeng
[2026-03-30 07:48:02] 本次订阅抓取结果统计:
[2026-03-30 07:48:02] 共 28 条RSS, 成功抓取 24 条.
[2026-03-30 07:48:02] ✘ 有 4 条订阅解析失败:
[2026-03-30 07:48:02] - https://blog.pursuitus.com/feed
[2026-03-30 07:48:02] - https://geekinney.com/index.xml
[2026-03-30 07:48:02] - https://tumutanzi.com/feed
[2026-03-30 07:48:02] - https://tcxx.info/feed
[2026-03-30 07:48:02] ✘ 有 1 条订阅头像无法访问, 已使用默认头像:
[2026-03-30 07:48:02] - http://feeds.feedburner.com/ruanyifeng
[2026-03-30 09:16:54] 本次订阅抓取结果统计:
[2026-03-30 09:16:54] 共 28 条RSS, 成功抓取 24 条.
[2026-03-30 09:16:54] ✘ 有 4 条订阅解析失败:
[2026-03-30 09:16:54] - https://blog.pursuitus.com/feed
[2026-03-30 09:16:54] - https://geekinney.com/index.xml
[2026-03-30 09:16:54] - https://tumutanzi.com/feed
[2026-03-30 09:16:54] - https://tcxx.info/feed
[2026-03-30 09:16:54] ✘ 有 1 条订阅头像无法访问, 已使用默认头像:
[2026-03-30 09:16:54] - http://feeds.feedburner.com/ruanyifeng
[2026-03-30 11:05:49] 本次订阅抓取结果统计:
[2026-03-30 11:05:49] 共 28 条RSS, 成功抓取 24 条.
[2026-03-30 11:05:49] ✘ 有 4 条订阅解析失败:
[2026-03-30 11:05:49] - https://blog.pursuitus.com/feed
[2026-03-30 11:05:49] - https://geekinney.com/index.xml
[2026-03-30 11:05:49] - https://tcxx.info/feed
[2026-03-30 11:05:49] - https://tumutanzi.com/feed
[2026-03-30 11:05:49] ✘ 有 1 条订阅头像无法访问, 已使用默认头像:
[2026-03-30 11:05:49] - http://feeds.feedburner.com/ruanyifeng
[2026-03-30 13:42:32] 本次订阅抓取结果统计:
[2026-03-30 13:42:32] 共 28 条RSS, 成功抓取 24 条.
[2026-03-30 13:42:32] ✘ 有 4 条订阅解析失败:
[2026-03-30 13:42:32] - https://blog.pursuitus.com/feed
[2026-03-30 13:42:32] - https://geekinney.com/index.xml
[2026-03-30 13:42:32] - https://tcxx.info/feed
[2026-03-30 13:42:32] - https://tumutanzi.com/feed
[2026-03-30 13:42:32] ✘ 有 1 条订阅头像无法访问, 已使用默认头像:
[2026-03-30 13:42:32] - http://feeds.feedburner.com/ruanyifeng
[2026-03-30 15:06:04] 本次订阅抓取结果统计:
[2026-03-30 15:06:04] 共 28 条RSS, 成功抓取 24 条.
[2026-03-30 15:06:04] ✘ 有 4 条订阅解析失败:
[2026-03-30 15:06:04] - https://blog.pursuitus.com/feed
[2026-03-30 15:06:04] - https://geekinney.com/index.xml
[2026-03-30 15:06:04] - https://tcxx.info/feed
[2026-03-30 15:06:04] - https://tumutanzi.com/feed
[2026-03-30 15:06:04] ✘ 有 1 条订阅头像无法访问, 已使用默认头像:
[2026-03-30 15:06:04] - http://feeds.feedburner.com/ruanyifeng
[2026-03-30 17:00:01] 本次订阅抓取结果统计:
[2026-03-30 17:00:01] 共 28 条RSS, 成功抓取 24 条.
[2026-03-30 17:00:01] ✘ 有 4 条订阅解析失败:
[2026-03-30 17:00:01] - https://blog.pursuitus.com/feed
[2026-03-30 17:00:01] - https://geekinney.com/index.xml
[2026-03-30 17:00:01] - https://tcxx.info/feed
[2026-03-30 17:00:01] - https://tumutanzi.com/feed
[2026-03-30 17:00:01] ✘ 有 1 条订阅头像无法访问, 已使用默认头像:
[2026-03-30 17:00:01] - http://feeds.feedburner.com/ruanyifeng
[2026-03-30 17:59:57] 本次订阅抓取结果统计:
[2026-03-30 17:59:57] 共 28 条RSS, 成功抓取 24 条.
[2026-03-30 17:59:57] ✘ 有 4 条订阅解析失败:
[2026-03-30 17:59:57] - https://blog.pursuitus.com/feed
[2026-03-30 17:59:57] - https://geekinney.com/index.xml
[2026-03-30 17:59:57] - https://tcxx.info/feed
[2026-03-30 17:59:57] - https://tumutanzi.com/feed
[2026-03-30 17:59:57] ✘ 有 1 条订阅头像无法访问, 已使用默认头像:
[2026-03-30 17:59:57] - http://feeds.feedburner.com/ruanyifeng
[2026-03-30 19:14:27] 本次订阅抓取结果统计:
[2026-03-30 19:14:27] 共 28 条RSS, 成功抓取 24 条.
[2026-03-30 19:14:27] ✘ 有 4 条订阅解析失败:
[2026-03-30 19:14:27] - https://blog.pursuitus.com/feed
[2026-03-30 19:14:27] - https://geekinney.com/index.xml
[2026-03-30 19:14:27] - https://tcxx.info/feed
[2026-03-30 19:14:27] - https://tumutanzi.com/feed
[2026-03-30 19:14:27] ✘ 有 1 条订阅头像无法访问, 已使用默认头像:
[2026-03-30 19:14:27] - http://feeds.feedburner.com/ruanyifeng
[2026-03-30 20:50:55] 本次订阅抓取结果统计:
[2026-03-30 20:50:55] 共 28 条RSS, 成功抓取 24 条.
[2026-03-30 20:50:55] ✘ 有 4 条订阅解析失败:
[2026-03-30 20:50:55] - https://blog.pursuitus.com/feed
[2026-03-30 20:50:55] - https://tcxx.info/feed
[2026-03-30 20:50:55] - https://tumutanzi.com/feed
[2026-03-30 20:50:55] - https://geekinney.com/index.xml
[2026-03-30 20:50:55] ✘ 有 1 条订阅头像无法访问, 已使用默认头像:
[2026-03-30 20:50:55] - http://feeds.feedburner.com/ruanyifeng
[2026-03-30 21:46:35] 本次订阅抓取结果统计:
[2026-03-30 21:46:35] 共 28 条RSS, 成功抓取 24 条.
[2026-03-30 21:46:35] ✘ 有 4 条订阅解析失败:
[2026-03-30 21:46:35] - https://blog.pursuitus.com/feed
[2026-03-30 21:46:35] - https://tcxx.info/feed
[2026-03-30 21:46:35] - https://tumutanzi.com/feed
[2026-03-30 21:46:35] - https://geekinney.com/index.xml
[2026-03-30 21:46:35] ✘ 有 1 条订阅头像无法访问, 已使用默认头像:
[2026-03-30 21:46:35] - http://feeds.feedburner.com/ruanyifeng
