[2026-04-11 02:35:27] 本次订阅抓取结果统计:
[2026-04-11 02:35:27] 共 28 条RSS, 成功抓取 24 条.
[2026-04-11 02:35:27] ✘ 有 4 条订阅解析失败:
[2026-04-11 02:35:27] - https://blog.pursuitus.com/feed
[2026-04-11 02:35:27] - https://geekinney.com/index.xml
[2026-04-11 02:35:27] - https://tcxx.info/feed
[2026-04-11 02:35:27] - https://tumutanzi.com/feed
[2026-04-11 02:35:27] ✘ 有 2 条订阅头像无法访问, 已使用默认头像:
[2026-04-11 02:35:27] - https://www.loyhome.com/feed
[2026-04-11 02:35:27] - http://feeds.feedburner.com/ruanyifeng
[2026-04-11 04:58:11] 本次订阅抓取结果统计:
[2026-04-11 04:58:11] 共 28 条RSS, 成功抓取 24 条.
[2026-04-11 04:58:11] ✘ 有 4 条订阅解析失败:
[2026-04-11 04:58:11] - https://blog.pursuitus.com/feed
[2026-04-11 04:58:11] - https://geekinney.com/index.xml
[2026-04-11 04:58:11] - https://tcxx.info/feed
[2026-04-11 04:58:11] - https://tumutanzi.com/feed
[2026-04-11 04:58:11] ✘ 有 2 条订阅头像无法访问, 已使用默认头像:
[2026-04-11 04:58:11] - https://www.loyhome.com/feed
[2026-04-11 04:58:11] - http://feeds.feedburner.com/ruanyifeng
[2026-04-11 06:06:04] 本次订阅抓取结果统计:
[2026-04-11 06:06:04] 共 28 条RSS, 成功抓取 24 条.
[2026-04-11 06:06:04] ✘ 有 4 条订阅解析失败:
[2026-04-11 06:06:04] - https://blog.pursuitus.com/feed
[2026-04-11 06:06:04] - https://geekinney.com/index.xml
[2026-04-11 06:06:04] - https://tcxx.info/feed
[2026-04-11 06:06:04] - https://tumutanzi.com/feed
[2026-04-11 06:06:04] ✘ 有 2 条订阅头像无法访问, 已使用默认头像:
[2026-04-11 06:06:04] - https://www.loyhome.com/feed
[2026-04-11 06:06:04] - http://feeds.feedburner.com/ruanyifeng
[2026-04-11 07:52:08] 本次订阅抓取结果统计:
[2026-04-11 07:52:08] 共 28 条RSS, 成功抓取 23 条.
[2026-04-11 07:52:08] ✘ 有 5 条订阅解析失败:
[2026-04-11 07:52:08] - https://blog.pursuitus.com/feed
[2026-04-11 07:52:08] - https://tcxx.info/feed
[2026-04-11 07:52:08] - https://geekinney.com/index.xml
[2026-04-11 07:52:08] - https://tumutanzi.com/feed
[2026-04-11 07:52:08] - https://blog.yanqingshan.com/feed
[2026-04-11 07:52:08] ✘ 有 2 条订阅头像无法访问, 已使用默认头像:
[2026-04-11 07:52:08] - https://www.loyhome.com/feed
[2026-04-11 07:52:08] - http://feeds.feedburner.com/ruanyifeng
[2026-04-11 08:51:05] 本次订阅抓取结果统计:
[2026-04-11 08:51:05] 共 28 条RSS, 成功抓取 24 条.
[2026-04-11 08:51:05] ✘ 有 4 条订阅解析失败:
[2026-04-11 08:51:05] - https://blog.pursuitus.com/feed
[2026-04-11 08:51:05] - https://geekinney.com/index.xml
[2026-04-11 08:51:05] - https://tumutanzi.com/feed
[2026-04-11 08:51:05] - https://tcxx.info/feed
[2026-04-11 08:51:05] ✘ 有 2 条订阅头像无法访问, 已使用默认头像:
[2026-04-11 08:51:05] - https://www.loyhome.com/feed
[2026-04-11 08:51:05] - http://feeds.feedburner.com/ruanyifeng
[2026-04-11 09:45:04] 本次订阅抓取结果统计:
[2026-04-11 09:45:04] 共 28 条RSS, 成功抓取 24 条.
[2026-04-11 09:45:04] ✘ 有 4 条订阅解析失败:
[2026-04-11 09:45:04] - https://blog.pursuitus.com/feed
[2026-04-11 09:45:04] - https://geekinney.com/index.xml
[2026-04-11 09:45:04] - https://tcxx.info/feed
[2026-04-11 09:45:04] - https://tumutanzi.com/feed
[2026-04-11 09:45:04] ✘ 有 2 条订阅头像无法访问, 已使用默认头像:
[2026-04-11 09:45:04] - https://www.loyhome.com/feed
[2026-04-11 09:45:04] - http://feeds.feedburner.com/ruanyifeng
[2026-04-11 10:38:23] 本次订阅抓取结果统计:
[2026-04-11 10:38:23] 共 28 条RSS, 成功抓取 24 条.
[2026-04-11 10:38:23] ✘ 有 4 条订阅解析失败:
[2026-04-11 10:38:23] - https://blog.pursuitus.com/feed
[2026-04-11 10:38:23] - https://geekinney.com/index.xml
[2026-04-11 10:38:23] - https://tcxx.info/feed
[2026-04-11 10:38:23] - https://tumutanzi.com/feed
[2026-04-11 10:38:23] ✘ 有 2 条订阅头像无法访问, 已使用默认头像:
[2026-04-11 10:38:23] - https://www.loyhome.com/feed
[2026-04-11 10:38:23] - http://feeds.feedburner.com/ruanyifeng
[2026-04-11 11:33:42] 本次订阅抓取结果统计:
[2026-04-11 11:33:42] 共 28 条RSS, 成功抓取 23 条.
[2026-04-11 11:33:42] ✘ 有 5 条订阅解析失败:
[2026-04-11 11:33:42] - https://blog.pursuitus.com/feed
[2026-04-11 11:33:42] - https://geekinney.com/index.xml
[2026-04-11 11:33:42] - https://tcxx.info/feed
[2026-04-11 11:33:42] - https://tumutanzi.com/feed
[2026-04-11 11:33:42] - https://blog.yanqingshan.com/feed
[2026-04-11 11:33:42] ✘ 有 2 条订阅头像无法访问, 已使用默认头像:
[2026-04-11 11:33:42] - https://www.loyhome.com/feed
[2026-04-11 11:33:42] - http://feeds.feedburner.com/ruanyifeng
[2026-04-11 13:06:09] 本次订阅抓取结果统计:
[2026-04-11 13:06:09] 共 28 条RSS, 成功抓取 24 条.
[2026-04-11 13:06:09] ✘ 有 4 条订阅解析失败:
[2026-04-11 13:06:09] - https://blog.pursuitus.com/feed
[2026-04-11 13:06:09] - https://geekinney.com/index.xml
[2026-04-11 13:06:09] - https://tcxx.info/feed
[2026-04-11 13:06:09] - https://tumutanzi.com/feed
[2026-04-11 13:06:09] ✘ 有 3 条订阅头像无法访问, 已使用默认头像:
[2026-04-11 13:06:09] - https://www.loyhome.com/feed
[2026-04-11 13:06:09] - http://feeds.feedburner.com/ruanyifeng
[2026-04-11 13:06:09] - https://blog.yanqingshan.com/feed
