[2026-05-03 03:35:12] 本次订阅抓取结果统计:
[2026-05-03 03:35:12] 共 28 条RSS, 成功抓取 24 条.
[2026-05-03 03:35:12] ✘ 有 4 条订阅解析失败:
[2026-05-03 03:35:12] - https://blog.pursuitus.com/feed
[2026-05-03 03:35:12] - https://geekinney.com/index.xml
[2026-05-03 03:35:12] - https://tumutanzi.com/feed
[2026-05-03 03:35:12] - https://tcxx.info/feed
[2026-05-03 03:35:12] ✘ 有 3 条订阅头像无法访问, 已使用默认头像:
[2026-05-03 03:35:12] - https://www.loyhome.com/feed
[2026-05-03 03:35:12] - https://xyzbz.cn/feed
[2026-05-03 03:35:12] - http://feeds.feedburner.com/ruanyifeng
[2026-05-03 06:29:00] 本次订阅抓取结果统计:
[2026-05-03 06:29:00] 共 28 条RSS, 成功抓取 24 条.
[2026-05-03 06:29:00] ✘ 有 4 条订阅解析失败:
[2026-05-03 06:29:00] - https://blog.pursuitus.com/feed
[2026-05-03 06:29:00] - https://geekinney.com/index.xml
[2026-05-03 06:29:00] - https://tcxx.info/feed
[2026-05-03 06:29:00] - https://tumutanzi.com/feed
[2026-05-03 06:29:00] ✘ 有 3 条订阅头像无法访问, 已使用默认头像:
[2026-05-03 06:29:00] - https://xyzbz.cn/feed
[2026-05-03 06:29:00] - http://feeds.feedburner.com/ruanyifeng
[2026-05-03 06:29:00] - https://www.loyhome.com/feed
[2026-05-03 08:48:43] 本次订阅抓取结果统计:
[2026-05-03 08:48:43] 共 28 条RSS, 成功抓取 24 条.
[2026-05-03 08:48:43] ✘ 有 4 条订阅解析失败:
[2026-05-03 08:48:43] - https://blog.pursuitus.com/feed
[2026-05-03 08:48:43] - https://geekinney.com/index.xml
[2026-05-03 08:48:43] - https://tcxx.info/feed
[2026-05-03 08:48:43] - https://tumutanzi.com/feed
[2026-05-03 08:48:43] ✘ 有 3 条订阅头像无法访问, 已使用默认头像:
[2026-05-03 08:48:43] - https://www.loyhome.com/feed
[2026-05-03 08:48:43] - https://xyzbz.cn/feed
[2026-05-03 08:48:43] - http://feeds.feedburner.com/ruanyifeng
[2026-05-03 10:07:59] 本次订阅抓取结果统计:
[2026-05-03 10:07:59] 共 28 条RSS, 成功抓取 24 条.
[2026-05-03 10:07:59] ✘ 有 4 条订阅解析失败:
[2026-05-03 10:07:59] - https://blog.pursuitus.com/feed
[2026-05-03 10:07:59] - https://geekinney.com/index.xml
[2026-05-03 10:07:59] - https://tcxx.info/feed
[2026-05-03 10:07:59] - https://tumutanzi.com/feed
[2026-05-03 10:07:59] ✘ 有 3 条订阅头像无法访问, 已使用默认头像:
[2026-05-03 10:07:59] - https://www.loyhome.com/feed
[2026-05-03 10:07:59] - http://feeds.feedburner.com/ruanyifeng
[2026-05-03 10:07:59] - https://xyzbz.cn/feed
