[2026-07-08 02:58:27] 本次订阅抓取结果统计:
[2026-07-08 02:58:27] 共 28 条RSS, 成功抓取 24 条.
[2026-07-08 02:58:27] ✘ 有 4 条订阅解析失败:
[2026-07-08 02:58:27] - https://blog.pursuitus.com/feed
[2026-07-08 02:58:27] - https://geekinney.com/index.xml
[2026-07-08 02:58:27] - https://tcxx.info/feed
[2026-07-08 02:58:27] - https://www.shephe.com/feed
[2026-07-08 02:58:27] ✘ 有 2 条订阅头像无法访问, 已使用默认头像:
[2026-07-08 02:58:27] - https://www.loyhome.com/feed
[2026-07-08 02:58:27] - http://feeds.feedburner.com/ruanyifeng
[2026-07-08 05:56:24] 本次订阅抓取结果统计:
[2026-07-08 05:56:24] 共 28 条RSS, 成功抓取 24 条.
[2026-07-08 05:56:24] ✘ 有 4 条订阅解析失败:
[2026-07-08 05:56:24] - https://blog.pursuitus.com/feed
[2026-07-08 05:56:24] - https://geekinney.com/index.xml
[2026-07-08 05:56:24] - https://tcxx.info/feed
[2026-07-08 05:56:24] - https://www.shephe.com/feed
[2026-07-08 05:56:24] ✘ 有 2 条订阅头像无法访问, 已使用默认头像:
[2026-07-08 05:56:24] - https://www.loyhome.com/feed
[2026-07-08 05:56:24] - http://feeds.feedburner.com/ruanyifeng
[2026-07-08 08:37:21] 本次订阅抓取结果统计:
[2026-07-08 08:37:21] 共 28 条RSS, 成功抓取 20 条.
[2026-07-08 08:37:21] ✘ 有 8 条订阅解析失败:
[2026-07-08 08:37:21] - https://blog.pursuitus.com/feed
[2026-07-08 08:37:21] - https://geekinney.com/index.xml
[2026-07-08 08:37:21] - https://tcxx.info/feed
[2026-07-08 08:37:21] - https://www.shephe.com/feed
[2026-07-08 08:37:21] - https://wangpei.net/feed
[2026-07-08 08:37:21] - https://oba.by/feed
[2026-07-08 08:37:21] - https://blog.zhheo.com/rss.xml
[2026-07-08 08:37:21] - https://xyzbz.cn/feed
[2026-07-08 08:37:21] ✘ 有 3 条订阅头像无法访问, 已使用默认头像:
[2026-07-08 08:37:21] - https://www.loyhome.com/feed
[2026-07-08 08:37:21] - http://feeds.feedburner.com/ruanyifeng
[2026-07-08 08:37:21] - https://blog.ursb.me/feed.xml
[2026-07-08 11:07:47] 本次订阅抓取结果统计:
[2026-07-08 11:07:47] 共 28 条RSS, 成功抓取 24 条.
[2026-07-08 11:07:47] ✘ 有 4 条订阅解析失败:
[2026-07-08 11:07:47] - https://blog.pursuitus.com/feed
[2026-07-08 11:07:47] - https://geekinney.com/index.xml
[2026-07-08 11:07:47] - https://tcxx.info/feed
[2026-07-08 11:07:47] - https://www.shephe.com/feed
[2026-07-08 11:07:47] ✘ 有 2 条订阅头像无法访问, 已使用默认头像:
[2026-07-08 11:07:47] - https://www.loyhome.com/feed
[2026-07-08 11:07:47] - http://feeds.feedburner.com/ruanyifeng
[2026-07-08 14:20:40] 本次订阅抓取结果统计:
[2026-07-08 14:20:40] 共 28 条RSS, 成功抓取 24 条.
[2026-07-08 14:20:40] ✘ 有 4 条订阅解析失败:
[2026-07-08 14:20:40] - https://blog.pursuitus.com/feed
[2026-07-08 14:20:40] - https://tcxx.info/feed
[2026-07-08 14:20:40] - https://geekinney.com/index.xml
[2026-07-08 14:20:40] - https://www.shephe.com/feed
[2026-07-08 14:20:40] ✘ 有 2 条订阅头像无法访问, 已使用默认头像:
[2026-07-08 14:20:40] - https://www.loyhome.com/feed
[2026-07-08 14:20:40] - http://feeds.feedburner.com/ruanyifeng
[2026-07-08 16:42:27] 本次订阅抓取结果统计:
[2026-07-08 16:42:27] 共 28 条RSS, 成功抓取 22 条.
[2026-07-08 16:42:27] ✘ 有 6 条订阅解析失败:
[2026-07-08 16:42:27] - https://blog.pursuitus.com/feed
[2026-07-08 16:42:27] - https://www.shephe.com/feed
[2026-07-08 16:42:27] - https://geekinney.com/index.xml
[2026-07-08 16:42:27] - https://tcxx.info/feed
[2026-07-08 16:42:27] - https://blog.yanqingshan.com/feed
[2026-07-08 16:42:27] - https://oba.by/feed
[2026-07-08 16:42:27] ✘ 有 3 条订阅头像无法访问, 已使用默认头像:
[2026-07-08 16:42:27] - https://blog.zhheo.com/rss.xml
[2026-07-08 16:42:27] - https://www.loyhome.com/feed
[2026-07-08 16:42:27] - http://feeds.feedburner.com/ruanyifeng
[2026-07-08 18:20:00] 本次订阅抓取结果统计:
[2026-07-08 18:20:00] 共 28 条RSS, 成功抓取 24 条.
[2026-07-08 18:20:00] ✘ 有 4 条订阅解析失败:
[2026-07-08 18:20:00] - https://blog.pursuitus.com/feed
[2026-07-08 18:20:00] - https://geekinney.com/index.xml
[2026-07-08 18:20:00] - https://tcxx.info/feed
[2026-07-08 18:20:00] - https://www.shephe.com/feed
[2026-07-08 18:20:00] ✘ 有 2 条订阅头像无法访问, 已使用默认头像:
[2026-07-08 18:20:00] - https://www.loyhome.com/feed
[2026-07-08 18:20:00] - http://feeds.feedburner.com/ruanyifeng
