[2026-06-22 04:46:54] 本次订阅抓取结果统计:
[2026-06-22 04:46:54] 共 28 条RSS, 成功抓取 24 条.
[2026-06-22 04:46:54] ✘ 有 4 条订阅解析失败:
[2026-06-22 04:46:54] - https://blog.pursuitus.com/feed
[2026-06-22 04:46:54] - https://geekinney.com/index.xml
[2026-06-22 04:46:54] - https://tcxx.info/feed
[2026-06-22 04:46:54] - https://www.shephe.com/feed
[2026-06-22 04:46:54] ✘ 有 3 条订阅头像无法访问, 已使用默认头像:
[2026-06-22 04:46:54] - https://www.loyhome.com/feed
[2026-06-22 04:46:54] - http://feeds.feedburner.com/ruanyifeng
[2026-06-22 04:46:54] - https://xyzbz.cn/feed
[2026-06-22 10:41:38] 本次订阅抓取结果统计:
[2026-06-22 10:41:38] 共 28 条RSS, 成功抓取 22 条.
[2026-06-22 10:41:38] ✘ 有 6 条订阅解析失败:
[2026-06-22 10:41:38] - https://blog.pursuitus.com/feed
[2026-06-22 10:41:38] - https://blog.yanqingshan.com/feed
[2026-06-22 10:41:38] - https://geekinney.com/index.xml
[2026-06-22 10:41:38] - https://tcxx.info/feed
[2026-06-22 10:41:38] - https://www.shephe.com/feed
[2026-06-22 10:41:38] - https://tumutanzi.com/feed
[2026-06-22 10:41:38] ✘ 有 4 条订阅头像无法访问, 已使用默认头像:
[2026-06-22 10:41:38] - https://blog.zhheo.com/rss.xml
[2026-06-22 10:41:38] - https://www.loyhome.com/feed
[2026-06-22 10:41:38] - http://feeds.feedburner.com/ruanyifeng
[2026-06-22 10:41:38] - https://xyzbz.cn/feed
[2026-06-22 15:54:48] 本次订阅抓取结果统计:
[2026-06-22 15:54:48] 共 28 条RSS, 成功抓取 24 条.
[2026-06-22 15:54:48] ✘ 有 4 条订阅解析失败:
[2026-06-22 15:54:48] - https://blog.pursuitus.com/feed
[2026-06-22 15:54:48] - https://geekinney.com/index.xml
[2026-06-22 15:54:48] - https://tcxx.info/feed
[2026-06-22 15:54:48] - https://www.shephe.com/feed
[2026-06-22 15:54:48] ✘ 有 3 条订阅头像无法访问, 已使用默认头像:
[2026-06-22 15:54:48] - https://www.loyhome.com/feed
[2026-06-22 15:54:48] - https://xyzbz.cn/feed
[2026-06-22 15:54:48] - http://feeds.feedburner.com/ruanyifeng
