[2026-02-22 02:32:35] 本次订阅抓取结果统计:
[2026-02-22 02:32:35] 共 28 条RSS, 成功抓取 24 条.
[2026-02-22 02:32:35] ✘ 有 4 条订阅解析失败:
[2026-02-22 02:32:35] - https://blog.pursuitus.com/feed
[2026-02-22 02:32:35] - https://tcxx.info/feed
[2026-02-22 02:32:35] - https://tumutanzi.com/feed
[2026-02-22 02:32:35] - https://geekinney.com/index.xml
[2026-02-22 02:32:35] ✘ 有 1 条订阅头像无法访问, 已使用默认头像:
[2026-02-22 02:32:35] - http://feeds.feedburner.com/ruanyifeng
[2026-02-22 04:51:43] 本次订阅抓取结果统计:
[2026-02-22 04:51:43] 共 28 条RSS, 成功抓取 24 条.
[2026-02-22 04:51:43] ✘ 有 4 条订阅解析失败:
[2026-02-22 04:51:43] - https://blog.pursuitus.com/feed
[2026-02-22 04:51:43] - https://tcxx.info/feed
[2026-02-22 04:51:43] - https://tumutanzi.com/feed
[2026-02-22 04:51:43] - https://geekinney.com/index.xml
[2026-02-22 04:51:43] ✘ 有 1 条订阅头像无法访问, 已使用默认头像:
[2026-02-22 04:51:43] - http://feeds.feedburner.com/ruanyifeng
[2026-02-22 05:53:55] 本次订阅抓取结果统计:
[2026-02-22 05:53:55] 共 28 条RSS, 成功抓取 24 条.
[2026-02-22 05:53:55] ✘ 有 4 条订阅解析失败:
[2026-02-22 05:53:55] - https://blog.pursuitus.com/feed
[2026-02-22 05:53:55] - https://tcxx.info/feed
[2026-02-22 05:53:55] - https://tumutanzi.com/feed
[2026-02-22 05:53:55] - https://geekinney.com/index.xml
[2026-02-22 05:53:55] ✘ 有 1 条订阅头像无法访问, 已使用默认头像:
[2026-02-22 05:53:55] - http://feeds.feedburner.com/ruanyifeng
[2026-02-22 06:54:01] 本次订阅抓取结果统计:
[2026-02-22 06:54:01] 共 28 条RSS, 成功抓取 24 条.
[2026-02-22 06:54:01] ✘ 有 4 条订阅解析失败:
[2026-02-22 06:54:01] - https://blog.pursuitus.com/feed
[2026-02-22 06:54:01] - https://tcxx.info/feed
[2026-02-22 06:54:01] - https://tumutanzi.com/feed
[2026-02-22 06:54:01] - https://geekinney.com/index.xml
[2026-02-22 06:54:01] ✘ 有 1 条订阅头像无法访问, 已使用默认头像:
[2026-02-22 06:54:01] - http://feeds.feedburner.com/ruanyifeng
[2026-02-22 07:38:08] 本次订阅抓取结果统计:
[2026-02-22 07:38:08] 共 28 条RSS, 成功抓取 24 条.
[2026-02-22 07:38:08] ✘ 有 4 条订阅解析失败:
[2026-02-22 07:38:08] - https://blog.pursuitus.com/feed
[2026-02-22 07:38:08] - https://tcxx.info/feed
[2026-02-22 07:38:08] - https://tumutanzi.com/feed
[2026-02-22 07:38:08] - https://geekinney.com/index.xml
[2026-02-22 07:38:08] ✘ 有 2 条订阅头像无法访问, 已使用默认头像:
[2026-02-22 07:38:08] - http://feeds.feedburner.com/ruanyifeng
[2026-02-22 07:38:08] - https://xyzbz.cn/feed
[2026-02-22 08:37:12] 本次订阅抓取结果统计:
[2026-02-22 08:37:12] 共 28 条RSS, 成功抓取 24 条.
[2026-02-22 08:37:12] ✘ 有 4 条订阅解析失败:
[2026-02-22 08:37:12] - https://blog.pursuitus.com/feed
[2026-02-22 08:37:12] - https://tumutanzi.com/feed
[2026-02-22 08:37:12] - https://tcxx.info/feed
[2026-02-22 08:37:12] - https://geekinney.com/index.xml
[2026-02-22 08:37:12] ✘ 有 1 条订阅头像无法访问, 已使用默认头像:
[2026-02-22 08:37:12] - http://feeds.feedburner.com/ruanyifeng
[2026-02-22 09:35:05] 本次订阅抓取结果统计:
[2026-02-22 09:35:05] 共 28 条RSS, 成功抓取 24 条.
[2026-02-22 09:35:05] ✘ 有 4 条订阅解析失败:
[2026-02-22 09:35:05] - https://blog.pursuitus.com/feed
[2026-02-22 09:35:05] - https://tcxx.info/feed
[2026-02-22 09:35:05] - https://tumutanzi.com/feed
[2026-02-22 09:35:05] - https://geekinney.com/index.xml
[2026-02-22 09:35:05] ✘ 有 1 条订阅头像无法访问, 已使用默认头像:
[2026-02-22 09:35:05] - http://feeds.feedburner.com/ruanyifeng
[2026-02-22 10:29:56] 本次订阅抓取结果统计:
[2026-02-22 10:29:56] 共 28 条RSS, 成功抓取 24 条.
[2026-02-22 10:29:56] ✘ 有 4 条订阅解析失败:
[2026-02-22 10:29:56] - https://blog.pursuitus.com/feed
[2026-02-22 10:29:56] - https://tcxx.info/feed
[2026-02-22 10:29:56] - https://tumutanzi.com/feed
[2026-02-22 10:29:56] - https://geekinney.com/index.xml
[2026-02-22 10:29:56] ✘ 有 1 条订阅头像无法访问, 已使用默认头像:
[2026-02-22 10:29:56] - http://feeds.feedburner.com/ruanyifeng
[2026-02-22 11:25:27] 本次订阅抓取结果统计:
[2026-02-22 11:25:27] 共 28 条RSS, 成功抓取 24 条.
[2026-02-22 11:25:27] ✘ 有 4 条订阅解析失败:
[2026-02-22 11:25:27] - https://blog.pursuitus.com/feed
[2026-02-22 11:25:27] - https://tcxx.info/feed
[2026-02-22 11:25:27] - https://tumutanzi.com/feed
[2026-02-22 11:25:27] - https://geekinney.com/index.xml
[2026-02-22 11:25:27] ✘ 有 2 条订阅头像无法访问, 已使用默认头像:
[2026-02-22 11:25:27] - http://feeds.feedburner.com/ruanyifeng
[2026-02-22 11:25:27] - https://xyzbz.cn/feed
[2026-02-22 12:57:29] 本次订阅抓取结果统计:
[2026-02-22 12:57:29] 共 28 条RSS, 成功抓取 24 条.
[2026-02-22 12:57:29] ✘ 有 4 条订阅解析失败:
[2026-02-22 12:57:29] - https://blog.pursuitus.com/feed
[2026-02-22 12:57:29] - https://tcxx.info/feed
[2026-02-22 12:57:29] - https://tumutanzi.com/feed
[2026-02-22 12:57:29] - https://geekinney.com/index.xml
[2026-02-22 12:57:29] ✘ 有 2 条订阅头像无法访问, 已使用默认头像:
[2026-02-22 12:57:29] - http://feeds.feedburner.com/ruanyifeng
[2026-02-22 12:57:29] - https://www.loyhome.com/feed
