[2026-03-24 02:28:41] 本次订阅抓取结果统计:
[2026-03-24 02:28:41] 共 28 条RSS, 成功抓取 24 条.
[2026-03-24 02:28:41] ✘ 有 4 条订阅解析失败:
[2026-03-24 02:28:41] - https://blog.pursuitus.com/feed
[2026-03-24 02:28:41] - https://geekinney.com/index.xml
[2026-03-24 02:28:41] - https://tcxx.info/feed
[2026-03-24 02:28:41] - https://tumutanzi.com/feed
[2026-03-24 02:28:41] ✘ 有 3 条订阅头像无法访问, 已使用默认头像:
[2026-03-24 02:28:41] - http://feeds.feedburner.com/ruanyifeng
[2026-03-24 02:28:41] - https://xyzbz.cn/feed
[2026-03-24 02:28:41] - http://weiwuhui.com/feed
[2026-03-24 04:56:40] 本次订阅抓取结果统计:
[2026-03-24 04:56:40] 共 28 条RSS, 成功抓取 24 条.
[2026-03-24 04:56:40] ✘ 有 4 条订阅解析失败:
[2026-03-24 04:56:40] - https://blog.pursuitus.com/feed
[2026-03-24 04:56:40] - https://geekinney.com/index.xml
[2026-03-24 04:56:40] - https://tcxx.info/feed
[2026-03-24 04:56:40] - https://tumutanzi.com/feed
[2026-03-24 04:56:40] ✘ 有 1 条订阅头像无法访问, 已使用默认头像:
[2026-03-24 04:56:40] - http://feeds.feedburner.com/ruanyifeng
[2026-03-24 06:03:33] 本次订阅抓取结果统计:
[2026-03-24 06:03:33] 共 28 条RSS, 成功抓取 24 条.
[2026-03-24 06:03:33] ✘ 有 4 条订阅解析失败:
[2026-03-24 06:03:33] - https://blog.pursuitus.com/feed
[2026-03-24 06:03:33] - https://geekinney.com/index.xml
[2026-03-24 06:03:33] - https://tumutanzi.com/feed
[2026-03-24 06:03:33] - https://tcxx.info/feed
[2026-03-24 06:03:33] ✘ 有 1 条订阅头像无法访问, 已使用默认头像:
[2026-03-24 06:03:33] - http://feeds.feedburner.com/ruanyifeng
[2026-03-24 07:55:35] 本次订阅抓取结果统计:
[2026-03-24 07:55:35] 共 28 条RSS, 成功抓取 24 条.
[2026-03-24 07:55:35] ✘ 有 4 条订阅解析失败:
[2026-03-24 07:55:35] - https://blog.pursuitus.com/feed
[2026-03-24 07:55:35] - https://geekinney.com/index.xml
[2026-03-24 07:55:35] - https://tcxx.info/feed
[2026-03-24 07:55:35] - https://tumutanzi.com/feed
[2026-03-24 07:55:35] ✘ 有 1 条订阅头像无法访问, 已使用默认头像:
[2026-03-24 07:55:35] - http://feeds.feedburner.com/ruanyifeng
[2026-03-24 08:57:35] 本次订阅抓取结果统计:
[2026-03-24 08:57:35] 共 28 条RSS, 成功抓取 24 条.
[2026-03-24 08:57:35] ✘ 有 4 条订阅解析失败:
[2026-03-24 08:57:35] - https://blog.pursuitus.com/feed
[2026-03-24 08:57:35] - https://geekinney.com/index.xml
[2026-03-24 08:57:35] - https://tcxx.info/feed
[2026-03-24 08:57:35] - https://tumutanzi.com/feed
[2026-03-24 08:57:35] ✘ 有 1 条订阅头像无法访问, 已使用默认头像:
[2026-03-24 08:57:35] - http://feeds.feedburner.com/ruanyifeng
[2026-03-24 10:02:17] 本次订阅抓取结果统计:
[2026-03-24 10:02:17] 共 28 条RSS, 成功抓取 24 条.
[2026-03-24 10:02:17] ✘ 有 4 条订阅解析失败:
[2026-03-24 10:02:17] - https://blog.pursuitus.com/feed
[2026-03-24 10:02:17] - https://geekinney.com/index.xml
[2026-03-24 10:02:17] - https://tcxx.info/feed
[2026-03-24 10:02:17] - https://tumutanzi.com/feed
[2026-03-24 10:02:17] ✘ 有 1 条订阅头像无法访问, 已使用默认头像:
[2026-03-24 10:02:17] - http://feeds.feedburner.com/ruanyifeng
[2026-03-24 11:47:33] 本次订阅抓取结果统计:
[2026-03-24 11:47:33] 共 28 条RSS, 成功抓取 24 条.
[2026-03-24 11:47:33] ✘ 有 4 条订阅解析失败:
[2026-03-24 11:47:33] - https://blog.pursuitus.com/feed
[2026-03-24 11:47:33] - https://geekinney.com/index.xml
[2026-03-24 11:47:33] - https://tumutanzi.com/feed
[2026-03-24 11:47:33] - https://tcxx.info/feed
[2026-03-24 11:47:33] ✘ 有 2 条订阅头像无法访问, 已使用默认头像:
[2026-03-24 11:47:33] - http://feeds.feedburner.com/ruanyifeng
[2026-03-24 11:47:33] - https://www.loyhome.com/feed
