[2026-02-23 02:33:22] 本次订阅抓取结果统计:
[2026-02-23 02:33:22] 共 28 条RSS, 成功抓取 24 条.
[2026-02-23 02:33:22] ✘ 有 4 条订阅解析失败:
[2026-02-23 02:33:22] - https://blog.pursuitus.com/feed
[2026-02-23 02:33:22] - https://tcxx.info/feed
[2026-02-23 02:33:22] - https://tumutanzi.com/feed
[2026-02-23 02:33:22] - https://geekinney.com/index.xml
[2026-02-23 02:33:22] ✘ 有 3 条订阅头像无法访问, 已使用默认头像:
[2026-02-23 02:33:22] - http://feeds.feedburner.com/ruanyifeng
[2026-02-23 02:33:22] - https://www.loyhome.com/feed
[2026-02-23 02:33:22] - https://xyzbz.cn/feed
[2026-02-23 05:01:27] 本次订阅抓取结果统计:
[2026-02-23 05:01:27] 共 28 条RSS, 成功抓取 24 条.
[2026-02-23 05:01:27] ✘ 有 4 条订阅解析失败:
[2026-02-23 05:01:27] - https://blog.pursuitus.com/feed
[2026-02-23 05:01:27] - https://tumutanzi.com/feed
[2026-02-23 05:01:27] - https://tcxx.info/feed
[2026-02-23 05:01:27] - https://geekinney.com/index.xml
[2026-02-23 05:01:27] ✘ 有 1 条订阅头像无法访问, 已使用默认头像:
[2026-02-23 05:01:27] - http://feeds.feedburner.com/ruanyifeng
[2026-02-23 07:09:15] 本次订阅抓取结果统计:
[2026-02-23 07:09:15] 共 28 条RSS, 成功抓取 24 条.
[2026-02-23 07:09:15] ✘ 有 4 条订阅解析失败:
[2026-02-23 07:09:15] - https://blog.pursuitus.com/feed
[2026-02-23 07:09:15] - https://tumutanzi.com/feed
[2026-02-23 07:09:15] - https://tcxx.info/feed
[2026-02-23 07:09:15] - https://geekinney.com/index.xml
[2026-02-23 07:09:15] ✘ 有 1 条订阅头像无法访问, 已使用默认头像:
[2026-02-23 07:09:15] - http://feeds.feedburner.com/ruanyifeng
[2026-02-23 08:55:08] 本次订阅抓取结果统计:
[2026-02-23 08:55:08] 共 28 条RSS, 成功抓取 24 条.
[2026-02-23 08:55:08] ✘ 有 4 条订阅解析失败:
[2026-02-23 08:55:08] - https://blog.pursuitus.com/feed
[2026-02-23 08:55:08] - https://tcxx.info/feed
[2026-02-23 08:55:08] - https://tumutanzi.com/feed
[2026-02-23 08:55:08] - https://geekinney.com/index.xml
[2026-02-23 08:55:08] ✘ 有 2 条订阅头像无法访问, 已使用默认头像:
[2026-02-23 08:55:08] - http://feeds.feedburner.com/ruanyifeng
[2026-02-23 08:55:08] - https://xyzbz.cn/feed
[2026-02-23 09:59:06] 本次订阅抓取结果统计:
[2026-02-23 09:59:06] 共 28 条RSS, 成功抓取 24 条.
[2026-02-23 09:59:06] ✘ 有 4 条订阅解析失败:
[2026-02-23 09:59:06] - https://blog.pursuitus.com/feed
[2026-02-23 09:59:06] - https://tcxx.info/feed
[2026-02-23 09:59:06] - https://tumutanzi.com/feed
[2026-02-23 09:59:06] - https://geekinney.com/index.xml
[2026-02-23 09:59:06] ✘ 有 1 条订阅头像无法访问, 已使用默认头像:
[2026-02-23 09:59:06] - http://feeds.feedburner.com/ruanyifeng
[2026-02-23 10:58:53] 本次订阅抓取结果统计:
[2026-02-23 10:58:53] 共 28 条RSS, 成功抓取 24 条.
[2026-02-23 10:58:53] ✘ 有 4 条订阅解析失败:
[2026-02-23 10:58:53] - https://blog.pursuitus.com/feed
[2026-02-23 10:58:53] - https://tcxx.info/feed
[2026-02-23 10:58:53] - https://tumutanzi.com/feed
[2026-02-23 10:58:53] - https://geekinney.com/index.xml
[2026-02-23 10:58:53] ✘ 有 2 条订阅头像无法访问, 已使用默认头像:
[2026-02-23 10:58:53] - http://feeds.feedburner.com/ruanyifeng
[2026-02-23 10:58:53] - https://www.shephe.com/feed
[2026-02-23 11:47:33] 本次订阅抓取结果统计:
[2026-02-23 11:47:33] 共 28 条RSS, 成功抓取 24 条.
[2026-02-23 11:47:33] ✘ 有 4 条订阅解析失败:
[2026-02-23 11:47:33] - https://blog.pursuitus.com/feed
[2026-02-23 11:47:33] - https://tcxx.info/feed
[2026-02-23 11:47:33] - https://tumutanzi.com/feed
[2026-02-23 11:47:33] - https://geekinney.com/index.xml
[2026-02-23 11:47:33] ✘ 有 2 条订阅头像无法访问, 已使用默认头像:
[2026-02-23 11:47:33] - http://feeds.feedburner.com/ruanyifeng
[2026-02-23 11:47:33] - https://xyzbz.cn/feed
[2026-02-23 13:13:18] 本次订阅抓取结果统计:
[2026-02-23 13:13:18] 共 28 条RSS, 成功抓取 24 条.
[2026-02-23 13:13:18] ✘ 有 4 条订阅解析失败:
[2026-02-23 13:13:18] - https://blog.pursuitus.com/feed
[2026-02-23 13:13:18] - https://tumutanzi.com/feed
[2026-02-23 13:13:18] - https://tcxx.info/feed
[2026-02-23 13:13:18] - https://geekinney.com/index.xml
[2026-02-23 13:13:18] ✘ 有 1 条订阅头像无法访问, 已使用默认头像:
[2026-02-23 13:13:18] - http://feeds.feedburner.com/ruanyifeng
[2026-02-23 14:51:33] 本次订阅抓取结果统计:
[2026-02-23 14:51:33] 共 28 条RSS, 成功抓取 24 条.
[2026-02-23 14:51:33] ✘ 有 4 条订阅解析失败:
[2026-02-23 14:51:33] - https://blog.pursuitus.com/feed
[2026-02-23 14:51:33] - https://tcxx.info/feed
[2026-02-23 14:51:33] - https://tumutanzi.com/feed
[2026-02-23 14:51:33] - https://geekinney.com/index.xml
[2026-02-23 14:51:33] ✘ 有 1 条订阅头像无法访问, 已使用默认头像:
[2026-02-23 14:51:33] - http://feeds.feedburner.com/ruanyifeng
[2026-02-23 15:50:52] 本次订阅抓取结果统计:
[2026-02-23 15:50:52] 共 28 条RSS, 成功抓取 24 条.
[2026-02-23 15:50:52] ✘ 有 4 条订阅解析失败:
[2026-02-23 15:50:52] - https://blog.pursuitus.com/feed
[2026-02-23 15:50:52] - https://tumutanzi.com/feed
[2026-02-23 15:50:52] - https://tcxx.info/feed
[2026-02-23 15:50:52] - https://geekinney.com/index.xml
[2026-02-23 15:50:52] ✘ 有 1 条订阅头像无法访问, 已使用默认头像:
[2026-02-23 15:50:52] - http://feeds.feedburner.com/ruanyifeng
[2026-02-23 17:02:07] 本次订阅抓取结果统计:
[2026-02-23 17:02:07] 共 28 条RSS, 成功抓取 24 条.
[2026-02-23 17:02:07] ✘ 有 4 条订阅解析失败:
[2026-02-23 17:02:07] - https://blog.pursuitus.com/feed
[2026-02-23 17:02:07] - https://tcxx.info/feed
[2026-02-23 17:02:07] - https://tumutanzi.com/feed
[2026-02-23 17:02:07] - https://geekinney.com/index.xml
[2026-02-23 17:02:07] ✘ 有 1 条订阅头像无法访问, 已使用默认头像:
[2026-02-23 17:02:07] - http://feeds.feedburner.com/ruanyifeng
[2026-02-23 19:07:57] 本次订阅抓取结果统计:
[2026-02-23 19:07:57] 共 28 条RSS, 成功抓取 24 条.
[2026-02-23 19:07:57] ✘ 有 4 条订阅解析失败:
[2026-02-23 19:07:57] - https://blog.pursuitus.com/feed
[2026-02-23 19:07:57] - https://tcxx.info/feed
[2026-02-23 19:07:57] - https://tumutanzi.com/feed
[2026-02-23 19:07:57] - https://geekinney.com/index.xml
[2026-02-23 19:07:57] ✘ 有 1 条订阅头像无法访问, 已使用默认头像:
[2026-02-23 19:07:57] - http://feeds.feedburner.com/ruanyifeng
[2026-02-23 20:49:11] 本次订阅抓取结果统计:
[2026-02-23 20:49:11] 共 28 条RSS, 成功抓取 24 条.
[2026-02-23 20:49:11] ✘ 有 4 条订阅解析失败:
[2026-02-23 20:49:11] - https://blog.pursuitus.com/feed
[2026-02-23 20:49:11] - https://tcxx.info/feed
[2026-02-23 20:49:11] - https://tumutanzi.com/feed
[2026-02-23 20:49:11] - https://geekinney.com/index.xml
[2026-02-23 20:49:11] ✘ 有 2 条订阅头像无法访问, 已使用默认头像:
[2026-02-23 20:49:11] - http://feeds.feedburner.com/ruanyifeng
[2026-02-23 20:49:11] - https://www.loyhome.com/feed
[2026-02-23 21:50:41] 本次订阅抓取结果统计:
[2026-02-23 21:50:41] 共 28 条RSS, 成功抓取 24 条.
[2026-02-23 21:50:41] ✘ 有 4 条订阅解析失败:
[2026-02-23 21:50:41] - https://blog.pursuitus.com/feed
[2026-02-23 21:50:41] - https://tumutanzi.com/feed
[2026-02-23 21:50:41] - https://tcxx.info/feed
[2026-02-23 21:50:41] - https://geekinney.com/index.xml
[2026-02-23 21:50:41] ✘ 有 2 条订阅头像无法访问, 已使用默认头像:
[2026-02-23 21:50:41] - http://feeds.feedburner.com/ruanyifeng
[2026-02-23 21:50:41] - https://blog.ursb.me/feed.xml
[2026-02-23 22:45:16] 本次订阅抓取结果统计:
[2026-02-23 22:45:16] 共 28 条RSS, 成功抓取 24 条.
[2026-02-23 22:45:16] ✘ 有 4 条订阅解析失败:
[2026-02-23 22:45:16] - https://blog.pursuitus.com/feed
[2026-02-23 22:45:16] - https://tcxx.info/feed
[2026-02-23 22:45:16] - https://tumutanzi.com/feed
[2026-02-23 22:45:16] - https://geekinney.com/index.xml
[2026-02-23 22:45:16] ✘ 有 3 条订阅头像无法访问, 已使用默认头像:
[2026-02-23 22:45:16] - https://hwv430.blogspot.com/feeds/posts/default
[2026-02-23 22:45:16] - http://feeds.feedburner.com/ruanyifeng
[2026-02-23 22:45:16] - https://www.loyhome.com/feed
[2026-02-23 23:40:52] 本次订阅抓取结果统计:
[2026-02-23 23:40:52] 共 28 条RSS, 成功抓取 24 条.
[2026-02-23 23:40:52] ✘ 有 4 条订阅解析失败:
[2026-02-23 23:40:52] - https://blog.pursuitus.com/feed
[2026-02-23 23:40:52] - https://tcxx.info/feed
[2026-02-23 23:40:52] - https://tumutanzi.com/feed
[2026-02-23 23:40:52] - https://geekinney.com/index.xml
[2026-02-23 23:40:52] ✘ 有 3 条订阅头像无法访问, 已使用默认头像:
[2026-02-23 23:40:52] - https://hwv430.blogspot.com/feeds/posts/default
[2026-02-23 23:40:52] - http://feeds.feedburner.com/ruanyifeng
[2026-02-23 23:40:52] - https://xyzbz.cn/feed
