[2026-01-19 02:05:29] 本次订阅抓取结果统计:
[2026-01-19 02:05:29] 共 28 条RSS, 成功抓取 23 条.
[2026-01-19 02:05:29] ✘ 有 5 条订阅解析失败:
[2026-01-19 02:05:29] - https://oba.by/feed
[2026-01-19 02:05:29] - https://blog.pursuitus.com/feed
[2026-01-19 02:05:29] - https://tcxx.info/feed
[2026-01-19 02:05:29] - https://tumutanzi.com/feed
[2026-01-19 02:05:29] - https://geekinney.com/index.xml
[2026-01-19 02:05:29] ✘ 有 1 条订阅头像无法访问, 已使用默认头像:
[2026-01-19 02:05:29] - http://feeds.feedburner.com/ruanyifeng
[2026-01-19 04:13:28] 本次订阅抓取结果统计:
[2026-01-19 04:13:28] 共 28 条RSS, 成功抓取 23 条.
[2026-01-19 04:13:28] ✘ 有 5 条订阅解析失败:
[2026-01-19 04:13:28] - https://oba.by/feed
[2026-01-19 04:13:28] - https://blog.pursuitus.com/feed
[2026-01-19 04:13:28] - https://tcxx.info/feed
[2026-01-19 04:13:28] - https://tumutanzi.com/feed
[2026-01-19 04:13:28] - https://geekinney.com/index.xml
[2026-01-19 04:13:28] ✘ 有 1 条订阅头像无法访问, 已使用默认头像:
[2026-01-19 04:13:28] - http://feeds.feedburner.com/ruanyifeng
[2026-01-19 05:34:19] 本次订阅抓取结果统计:
[2026-01-19 05:34:19] 共 28 条RSS, 成功抓取 23 条.
[2026-01-19 05:34:19] ✘ 有 5 条订阅解析失败:
[2026-01-19 05:34:19] - https://blog.pursuitus.com/feed
[2026-01-19 05:34:19] - https://oba.by/feed
[2026-01-19 05:34:19] - https://tcxx.info/feed
[2026-01-19 05:34:19] - https://tumutanzi.com/feed
[2026-01-19 05:34:19] - https://geekinney.com/index.xml
[2026-01-19 05:34:19] ✘ 有 1 条订阅头像无法访问, 已使用默认头像:
[2026-01-19 05:34:19] - http://feeds.feedburner.com/ruanyifeng
[2026-01-19 06:44:02] 本次订阅抓取结果统计:
[2026-01-19 06:44:02] 共 28 条RSS, 成功抓取 23 条.
[2026-01-19 06:44:02] ✘ 有 5 条订阅解析失败:
[2026-01-19 06:44:02] - https://oba.by/feed
[2026-01-19 06:44:02] - https://blog.pursuitus.com/feed
[2026-01-19 06:44:02] - https://tcxx.info/feed
[2026-01-19 06:44:02] - https://tumutanzi.com/feed
[2026-01-19 06:44:02] - https://geekinney.com/index.xml
[2026-01-19 06:44:02] ✘ 有 1 条订阅头像无法访问, 已使用默认头像:
[2026-01-19 06:44:02] - http://feeds.feedburner.com/ruanyifeng
[2026-01-19 07:32:00] 本次订阅抓取结果统计:
[2026-01-19 07:32:00] 共 28 条RSS, 成功抓取 23 条.
[2026-01-19 07:32:00] ✘ 有 5 条订阅解析失败:
[2026-01-19 07:32:00] - https://oba.by/feed
[2026-01-19 07:32:00] - https://blog.pursuitus.com/feed
[2026-01-19 07:32:00] - https://tumutanzi.com/feed
[2026-01-19 07:32:00] - https://tcxx.info/feed
[2026-01-19 07:32:00] - https://geekinney.com/index.xml
[2026-01-19 07:32:00] ✘ 有 1 条订阅头像无法访问, 已使用默认头像:
[2026-01-19 07:32:00] - http://feeds.feedburner.com/ruanyifeng
[2026-01-19 08:38:17] 本次订阅抓取结果统计:
[2026-01-19 08:38:17] 共 28 条RSS, 成功抓取 23 条.
[2026-01-19 08:38:17] ✘ 有 5 条订阅解析失败:
[2026-01-19 08:38:17] - https://oba.by/feed
[2026-01-19 08:38:17] - https://blog.pursuitus.com/feed
[2026-01-19 08:38:17] - https://tcxx.info/feed
[2026-01-19 08:38:17] - https://tumutanzi.com/feed
[2026-01-19 08:38:17] - https://geekinney.com/index.xml
[2026-01-19 08:38:17] ✘ 有 1 条订阅头像无法访问, 已使用默认头像:
[2026-01-19 08:38:17] - http://feeds.feedburner.com/ruanyifeng
[2026-01-19 09:38:22] 本次订阅抓取结果统计:
[2026-01-19 09:38:22] 共 28 条RSS, 成功抓取 23 条.
[2026-01-19 09:38:22] ✘ 有 5 条订阅解析失败:
[2026-01-19 09:38:22] - https://oba.by/feed
[2026-01-19 09:38:22] - https://blog.pursuitus.com/feed
[2026-01-19 09:38:22] - https://tcxx.info/feed
[2026-01-19 09:38:22] - https://tumutanzi.com/feed
[2026-01-19 09:38:22] - https://geekinney.com/index.xml
[2026-01-19 09:38:22] ✘ 有 2 条订阅头像无法访问, 已使用默认头像:
[2026-01-19 09:38:22] - http://feeds.feedburner.com/ruanyifeng
[2026-01-19 09:38:22] - https://www.loyhome.com/feed
[2026-01-19 10:33:34] 本次订阅抓取结果统计:
[2026-01-19 10:33:34] 共 28 条RSS, 成功抓取 23 条.
[2026-01-19 10:33:34] ✘ 有 5 条订阅解析失败:
[2026-01-19 10:33:34] - https://oba.by/feed
[2026-01-19 10:33:34] - https://blog.pursuitus.com/feed
[2026-01-19 10:33:34] - https://tcxx.info/feed
[2026-01-19 10:33:34] - https://tumutanzi.com/feed
[2026-01-19 10:33:34] - https://geekinney.com/index.xml
[2026-01-19 10:33:34] ✘ 有 1 条订阅头像无法访问, 已使用默认头像:
[2026-01-19 10:33:34] - http://feeds.feedburner.com/ruanyifeng
