[2026-06-29 04:14:57] 本次订阅抓取结果统计:
[2026-06-29 04:14:57] 共 28 条RSS, 成功抓取 24 条.
[2026-06-29 04:14:57] ✘ 有 4 条订阅解析失败:
[2026-06-29 04:14:57] - https://blog.pursuitus.com/feed
[2026-06-29 04:14:57] - https://geekinney.com/index.xml
[2026-06-29 04:14:57] - https://tcxx.info/feed
[2026-06-29 04:14:57] - https://www.shephe.com/feed
[2026-06-29 04:14:57] ✘ 有 3 条订阅头像无法访问, 已使用默认头像:
[2026-06-29 04:14:57] - https://www.loyhome.com/feed
[2026-06-29 04:14:57] - http://feeds.feedburner.com/ruanyifeng
[2026-06-29 04:14:57] - https://xyzbz.cn/feed
[2026-06-29 09:49:32] 本次订阅抓取结果统计:
[2026-06-29 09:49:32] 共 28 条RSS, 成功抓取 24 条.
[2026-06-29 09:49:32] ✘ 有 4 条订阅解析失败:
[2026-06-29 09:49:32] - https://blog.pursuitus.com/feed
[2026-06-29 09:49:32] - https://geekinney.com/index.xml
[2026-06-29 09:49:32] - https://tcxx.info/feed
[2026-06-29 09:49:32] - https://www.shephe.com/feed
[2026-06-29 09:49:32] ✘ 有 3 条订阅头像无法访问, 已使用默认头像:
[2026-06-29 09:49:32] - https://www.loyhome.com/feed
[2026-06-29 09:49:32] - https://xyzbz.cn/feed
[2026-06-29 09:49:32] - http://feeds.feedburner.com/ruanyifeng
[2026-06-29 14:07:21] 本次订阅抓取结果统计:
[2026-06-29 14:07:21] 共 28 条RSS, 成功抓取 23 条.
[2026-06-29 14:07:21] ✘ 有 5 条订阅解析失败:
[2026-06-29 14:07:21] - https://blog.pursuitus.com/feed
[2026-06-29 14:07:21] - https://geekinney.com/index.xml
[2026-06-29 14:07:21] - https://tcxx.info/feed
[2026-06-29 14:07:21] - https://www.shephe.com/feed
[2026-06-29 14:07:21] - https://blog.yanqingshan.com/feed
[2026-06-29 14:07:21] ✘ 有 4 条订阅头像无法访问, 已使用默认头像:
[2026-06-29 14:07:21] - https://blog.zhheo.com/rss.xml
[2026-06-29 14:07:21] - https://www.loyhome.com/feed
[2026-06-29 14:07:21] - http://feeds.feedburner.com/ruanyifeng
[2026-06-29 14:07:21] - https://xyzbz.cn/feed
[2026-06-29 17:39:47] 本次订阅抓取结果统计:
[2026-06-29 17:39:47] 共 28 条RSS, 成功抓取 24 条.
[2026-06-29 17:39:47] ✘ 有 4 条订阅解析失败:
[2026-06-29 17:39:47] - https://blog.pursuitus.com/feed
[2026-06-29 17:39:47] - https://tcxx.info/feed
[2026-06-29 17:39:47] - https://www.shephe.com/feed
[2026-06-29 17:39:47] - https://geekinney.com/index.xml
[2026-06-29 17:39:47] ✘ 有 3 条订阅头像无法访问, 已使用默认头像:
[2026-06-29 17:39:47] - https://www.loyhome.com/feed
[2026-06-29 17:39:47] - http://feeds.feedburner.com/ruanyifeng
[2026-06-29 17:39:47] - https://xyzbz.cn/feed
