[2026-03-01 02:39:39] 本次订阅抓取结果统计:
[2026-03-01 02:39:39] 共 28 条RSS, 成功抓取 24 条.
[2026-03-01 02:39:39] ✘ 有 4 条订阅解析失败:
[2026-03-01 02:39:39] - https://blog.pursuitus.com/feed
[2026-03-01 02:39:39] - https://tcxx.info/feed
[2026-03-01 02:39:39] - https://tumutanzi.com/feed
[2026-03-01 02:39:39] - https://geekinney.com/index.xml
[2026-03-01 02:39:39] ✘ 有 1 条订阅头像无法访问, 已使用默认头像:
[2026-03-01 02:39:39] - http://feeds.feedburner.com/ruanyifeng
[2026-03-01 04:57:17] 本次订阅抓取结果统计:
[2026-03-01 04:57:17] 共 28 条RSS, 成功抓取 24 条.
[2026-03-01 04:57:17] ✘ 有 4 条订阅解析失败:
[2026-03-01 04:57:17] - https://blog.pursuitus.com/feed
[2026-03-01 04:57:17] - https://tcxx.info/feed
[2026-03-01 04:57:17] - https://tumutanzi.com/feed
[2026-03-01 04:57:17] - https://geekinney.com/index.xml
[2026-03-01 04:57:17] ✘ 有 2 条订阅头像无法访问, 已使用默认头像:
[2026-03-01 04:57:17] - http://feeds.feedburner.com/ruanyifeng
[2026-03-01 04:57:17] - https://xyzbz.cn/feed
[2026-03-01 05:56:02] 本次订阅抓取结果统计:
[2026-03-01 05:56:02] 共 28 条RSS, 成功抓取 24 条.
[2026-03-01 05:56:02] ✘ 有 4 条订阅解析失败:
[2026-03-01 05:56:02] - https://blog.pursuitus.com/feed
[2026-03-01 05:56:02] - https://tumutanzi.com/feed
[2026-03-01 05:56:02] - https://tcxx.info/feed
[2026-03-01 05:56:02] - https://geekinney.com/index.xml
[2026-03-01 05:56:02] ✘ 有 1 条订阅头像无法访问, 已使用默认头像:
[2026-03-01 05:56:02] - http://feeds.feedburner.com/ruanyifeng
[2026-03-01 06:53:43] 本次订阅抓取结果统计:
[2026-03-01 06:53:43] 共 28 条RSS, 成功抓取 24 条.
[2026-03-01 06:53:43] ✘ 有 4 条订阅解析失败:
[2026-03-01 06:53:43] - https://blog.pursuitus.com/feed
[2026-03-01 06:53:43] - https://tcxx.info/feed
[2026-03-01 06:53:43] - https://tumutanzi.com/feed
[2026-03-01 06:53:43] - https://geekinney.com/index.xml
[2026-03-01 06:53:43] ✘ 有 1 条订阅头像无法访问, 已使用默认头像:
[2026-03-01 06:53:43] - http://feeds.feedburner.com/ruanyifeng
[2026-03-01 07:35:53] 本次订阅抓取结果统计:
[2026-03-01 07:35:53] 共 28 条RSS, 成功抓取 23 条.
[2026-03-01 07:35:53] ✘ 有 5 条订阅解析失败:
[2026-03-01 07:35:53] - https://blog.pursuitus.com/feed
[2026-03-01 07:35:53] - https://tcxx.info/feed
[2026-03-01 07:35:53] - https://tumutanzi.com/feed
[2026-03-01 07:35:53] - https://geekinney.com/index.xml
[2026-03-01 07:35:53] - https://wangpei.net/feed
[2026-03-01 07:35:53] ✘ 有 1 条订阅头像无法访问, 已使用默认头像:
[2026-03-01 07:35:53] - http://feeds.feedburner.com/ruanyifeng
[2026-03-01 08:35:59] 本次订阅抓取结果统计:
[2026-03-01 08:35:59] 共 28 条RSS, 成功抓取 24 条.
[2026-03-01 08:35:59] ✘ 有 4 条订阅解析失败:
[2026-03-01 08:35:59] - https://blog.pursuitus.com/feed
[2026-03-01 08:35:59] - https://tcxx.info/feed
[2026-03-01 08:35:59] - https://tumutanzi.com/feed
[2026-03-01 08:35:59] - https://geekinney.com/index.xml
[2026-03-01 08:35:59] ✘ 有 1 条订阅头像无法访问, 已使用默认头像:
[2026-03-01 08:35:59] - http://feeds.feedburner.com/ruanyifeng
[2026-03-01 09:34:16] 本次订阅抓取结果统计:
[2026-03-01 09:34:16] 共 28 条RSS, 成功抓取 24 条.
[2026-03-01 09:34:16] ✘ 有 4 条订阅解析失败:
[2026-03-01 09:34:16] - https://blog.pursuitus.com/feed
[2026-03-01 09:34:16] - https://tcxx.info/feed
[2026-03-01 09:34:16] - https://tumutanzi.com/feed
[2026-03-01 09:34:16] - https://geekinney.com/index.xml
[2026-03-01 09:34:16] ✘ 有 1 条订阅头像无法访问, 已使用默认头像:
[2026-03-01 09:34:16] - http://feeds.feedburner.com/ruanyifeng
[2026-03-01 10:29:12] 本次订阅抓取结果统计:
[2026-03-01 10:29:12] 共 28 条RSS, 成功抓取 24 条.
[2026-03-01 10:29:12] ✘ 有 4 条订阅解析失败:
[2026-03-01 10:29:12] - https://blog.pursuitus.com/feed
[2026-03-01 10:29:12] - https://tcxx.info/feed
[2026-03-01 10:29:12] - https://tumutanzi.com/feed
[2026-03-01 10:29:12] - https://geekinney.com/index.xml
[2026-03-01 10:29:12] ✘ 有 1 条订阅头像无法访问, 已使用默认头像:
[2026-03-01 10:29:12] - http://feeds.feedburner.com/ruanyifeng
[2026-03-01 11:23:51] 本次订阅抓取结果统计:
[2026-03-01 11:23:51] 共 28 条RSS, 成功抓取 24 条.
[2026-03-01 11:23:51] ✘ 有 4 条订阅解析失败:
[2026-03-01 11:23:51] - https://blog.pursuitus.com/feed
[2026-03-01 11:23:51] - https://tcxx.info/feed
[2026-03-01 11:23:51] - https://tumutanzi.com/feed
[2026-03-01 11:23:51] - https://geekinney.com/index.xml
[2026-03-01 11:23:51] ✘ 有 1 条订阅头像无法访问, 已使用默认头像:
[2026-03-01 11:23:51] - http://feeds.feedburner.com/ruanyifeng
[2026-03-01 12:56:00] 本次订阅抓取结果统计:
[2026-03-01 12:56:00] 共 28 条RSS, 成功抓取 24 条.
[2026-03-01 12:56:00] ✘ 有 4 条订阅解析失败:
[2026-03-01 12:56:00] - https://blog.pursuitus.com/feed
[2026-03-01 12:56:00] - https://tcxx.info/feed
[2026-03-01 12:56:00] - https://tumutanzi.com/feed
[2026-03-01 12:56:00] - https://geekinney.com/index.xml
[2026-03-01 12:56:00] ✘ 有 1 条订阅头像无法访问, 已使用默认头像:
[2026-03-01 12:56:00] - http://feeds.feedburner.com/ruanyifeng
[2026-03-01 13:41:43] 本次订阅抓取结果统计:
[2026-03-01 13:41:43] 共 28 条RSS, 成功抓取 24 条.
[2026-03-01 13:41:43] ✘ 有 4 条订阅解析失败:
[2026-03-01 13:41:43] - https://blog.pursuitus.com/feed
[2026-03-01 13:41:43] - https://tcxx.info/feed
[2026-03-01 13:41:43] - https://tumutanzi.com/feed
[2026-03-01 13:41:43] - https://geekinney.com/index.xml
[2026-03-01 13:41:43] ✘ 有 1 条订阅头像无法访问, 已使用默认头像:
[2026-03-01 13:41:43] - http://feeds.feedburner.com/ruanyifeng
[2026-03-01 14:27:43] 本次订阅抓取结果统计:
[2026-03-01 14:27:43] 共 28 条RSS, 成功抓取 24 条.
[2026-03-01 14:27:43] ✘ 有 4 条订阅解析失败:
[2026-03-01 14:27:43] - https://blog.pursuitus.com/feed
[2026-03-01 14:27:43] - https://tcxx.info/feed
[2026-03-01 14:27:43] - https://tumutanzi.com/feed
[2026-03-01 14:27:43] - https://geekinney.com/index.xml
[2026-03-01 14:27:43] ✘ 有 1 条订阅头像无法访问, 已使用默认头像:
[2026-03-01 14:27:43] - http://feeds.feedburner.com/ruanyifeng
[2026-03-01 15:27:39] 本次订阅抓取结果统计:
[2026-03-01 15:27:39] 共 28 条RSS, 成功抓取 24 条.
[2026-03-01 15:27:39] ✘ 有 4 条订阅解析失败:
[2026-03-01 15:27:39] - https://blog.pursuitus.com/feed
[2026-03-01 15:27:39] - https://tcxx.info/feed
[2026-03-01 15:27:39] - https://tumutanzi.com/feed
[2026-03-01 15:27:39] - https://geekinney.com/index.xml
[2026-03-01 15:27:39] ✘ 有 1 条订阅头像无法访问, 已使用默认头像:
[2026-03-01 15:27:39] - http://feeds.feedburner.com/ruanyifeng
[2026-03-01 16:33:31] 本次订阅抓取结果统计:
[2026-03-01 16:33:31] 共 28 条RSS, 成功抓取 24 条.
[2026-03-01 16:33:31] ✘ 有 4 条订阅解析失败:
[2026-03-01 16:33:31] - https://blog.pursuitus.com/feed
[2026-03-01 16:33:31] - https://tumutanzi.com/feed
[2026-03-01 16:33:31] - https://tcxx.info/feed
[2026-03-01 16:33:31] - https://geekinney.com/index.xml
[2026-03-01 16:33:31] ✘ 有 1 条订阅头像无法访问, 已使用默认头像:
[2026-03-01 16:33:31] - http://feeds.feedburner.com/ruanyifeng
[2026-03-01 17:26:07] 本次订阅抓取结果统计:
[2026-03-01 17:26:07] 共 28 条RSS, 成功抓取 24 条.
[2026-03-01 17:26:07] ✘ 有 4 条订阅解析失败:
[2026-03-01 17:26:07] - https://blog.pursuitus.com/feed
[2026-03-01 17:26:07] - https://tcxx.info/feed
[2026-03-01 17:26:07] - https://tumutanzi.com/feed
[2026-03-01 17:26:07] - https://geekinney.com/index.xml
[2026-03-01 17:26:07] ✘ 有 2 条订阅头像无法访问, 已使用默认头像:
[2026-03-01 17:26:07] - https://blog.zhheo.com/rss.xml
[2026-03-01 17:26:07] - http://feeds.feedburner.com/ruanyifeng
[2026-03-01 18:38:34] 本次订阅抓取结果统计:
[2026-03-01 18:38:34] 共 28 条RSS, 成功抓取 24 条.
[2026-03-01 18:38:34] ✘ 有 4 条订阅解析失败:
[2026-03-01 18:38:34] - https://blog.pursuitus.com/feed
[2026-03-01 18:38:34] - https://tcxx.info/feed
[2026-03-01 18:38:34] - https://tumutanzi.com/feed
[2026-03-01 18:38:34] - https://geekinney.com/index.xml
[2026-03-01 18:38:34] ✘ 有 1 条订阅头像无法访问, 已使用默认头像:
[2026-03-01 18:38:34] - http://feeds.feedburner.com/ruanyifeng
[2026-03-01 19:25:22] 本次订阅抓取结果统计:
[2026-03-01 19:25:22] 共 28 条RSS, 成功抓取 24 条.
[2026-03-01 19:25:22] ✘ 有 4 条订阅解析失败:
[2026-03-01 19:25:22] - https://blog.pursuitus.com/feed
[2026-03-01 19:25:22] - https://tcxx.info/feed
[2026-03-01 19:25:22] - https://tumutanzi.com/feed
[2026-03-01 19:25:22] - https://geekinney.com/index.xml
[2026-03-01 19:25:22] ✘ 有 1 条订阅头像无法访问, 已使用默认头像:
[2026-03-01 19:25:22] - http://feeds.feedburner.com/ruanyifeng
[2026-03-01 20:31:31] 本次订阅抓取结果统计:
[2026-03-01 20:31:31] 共 28 条RSS, 成功抓取 24 条.
[2026-03-01 20:31:31] ✘ 有 4 条订阅解析失败:
[2026-03-01 20:31:31] - https://blog.pursuitus.com/feed
[2026-03-01 20:31:31] - https://tumutanzi.com/feed
[2026-03-01 20:31:31] - https://tcxx.info/feed
[2026-03-01 20:31:31] - https://geekinney.com/index.xml
[2026-03-01 20:31:31] ✘ 有 1 条订阅头像无法访问, 已使用默认头像:
[2026-03-01 20:31:31] - http://feeds.feedburner.com/ruanyifeng
