[2026-01-11 02:08:35] 本次订阅抓取结果统计:
[2026-01-11 02:08:35] 共 28 条RSS, 成功抓取 24 条.
[2026-01-11 02:08:35] ✘ 有 4 条订阅解析失败:
[2026-01-11 02:08:35] - https://oba.by/feed
[2026-01-11 02:08:35] - https://tcxx.info/feed
[2026-01-11 02:08:35] - https://tumutanzi.com/feed
[2026-01-11 02:08:35] - https://geekinney.com/index.xml
[2026-01-11 02:08:35] ✘ 有 1 条订阅头像无法访问, 已使用默认头像:
[2026-01-11 02:08:35] - http://feeds.feedburner.com/ruanyifeng
[2026-01-11 04:11:27] 本次订阅抓取结果统计:
[2026-01-11 04:11:27] 共 28 条RSS, 成功抓取 24 条.
[2026-01-11 04:11:27] ✘ 有 4 条订阅解析失败:
[2026-01-11 04:11:27] - https://oba.by/feed
[2026-01-11 04:11:27] - https://tumutanzi.com/feed
[2026-01-11 04:11:27] - https://tcxx.info/feed
[2026-01-11 04:11:27] - https://geekinney.com/index.xml
[2026-01-11 04:11:27] ✘ 有 1 条订阅头像无法访问, 已使用默认头像:
[2026-01-11 04:11:27] - http://feeds.feedburner.com/ruanyifeng
[2026-01-11 05:28:33] 本次订阅抓取结果统计:
[2026-01-11 05:28:33] 共 28 条RSS, 成功抓取 24 条.
[2026-01-11 05:28:33] ✘ 有 4 条订阅解析失败:
[2026-01-11 05:28:33] - https://oba.by/feed
[2026-01-11 05:28:33] - https://tumutanzi.com/feed
[2026-01-11 05:28:33] - https://tcxx.info/feed
[2026-01-11 05:28:33] - https://geekinney.com/index.xml
[2026-01-11 05:28:33] ✘ 有 1 条订阅头像无法访问, 已使用默认头像:
[2026-01-11 05:28:33] - http://feeds.feedburner.com/ruanyifeng
[2026-01-11 06:36:52] 本次订阅抓取结果统计:
[2026-01-11 06:36:52] 共 28 条RSS, 成功抓取 24 条.
[2026-01-11 06:36:52] ✘ 有 4 条订阅解析失败:
[2026-01-11 06:36:52] - https://oba.by/feed
[2026-01-11 06:36:52] - https://tcxx.info/feed
[2026-01-11 06:36:52] - https://tumutanzi.com/feed
[2026-01-11 06:36:52] - https://geekinney.com/index.xml
[2026-01-11 06:36:52] ✘ 有 1 条订阅头像无法访问, 已使用默认头像:
[2026-01-11 06:36:52] - http://feeds.feedburner.com/ruanyifeng
[2026-01-11 07:23:59] 本次订阅抓取结果统计:
[2026-01-11 07:23:59] 共 28 条RSS, 成功抓取 24 条.
[2026-01-11 07:23:59] ✘ 有 4 条订阅解析失败:
[2026-01-11 07:23:59] - https://oba.by/feed
[2026-01-11 07:23:59] - https://tcxx.info/feed
[2026-01-11 07:23:59] - https://tumutanzi.com/feed
[2026-01-11 07:23:59] - https://geekinney.com/index.xml
[2026-01-11 07:23:59] ✘ 有 1 条订阅头像无法访问, 已使用默认头像:
[2026-01-11 07:23:59] - http://feeds.feedburner.com/ruanyifeng
