[2026-05-20 03:54:06] 本次订阅抓取结果统计:
[2026-05-20 03:54:06] 共 28 条RSS, 成功抓取 23 条.
[2026-05-20 03:54:06] ✘ 有 5 条订阅解析失败:
[2026-05-20 03:54:06] - https://blog.pursuitus.com/feed
[2026-05-20 03:54:06] - https://geekinney.com/index.xml
[2026-05-20 03:54:06] - https://www.shephe.com/feed
[2026-05-20 03:54:06] - https://tumutanzi.com/feed
[2026-05-20 03:54:06] - https://tcxx.info/feed
[2026-05-20 03:54:06] ✘ 有 3 条订阅头像无法访问, 已使用默认头像:
[2026-05-20 03:54:06] - https://www.loyhome.com/feed
[2026-05-20 03:54:06] - https://xyzbz.cn/feed
[2026-05-20 03:54:06] - http://feeds.feedburner.com/ruanyifeng
[2026-05-20 07:49:37] 本次订阅抓取结果统计:
[2026-05-20 07:49:37] 共 28 条RSS, 成功抓取 23 条.
[2026-05-20 07:49:37] ✘ 有 5 条订阅解析失败:
[2026-05-20 07:49:37] - https://blog.pursuitus.com/feed
[2026-05-20 07:49:37] - https://geekinney.com/index.xml
[2026-05-20 07:49:37] - https://tcxx.info/feed
[2026-05-20 07:49:37] - https://tumutanzi.com/feed
[2026-05-20 07:49:37] - https://www.shephe.com/feed
[2026-05-20 07:49:37] ✘ 有 3 条订阅头像无法访问, 已使用默认头像:
[2026-05-20 07:49:37] - https://www.loyhome.com/feed
[2026-05-20 07:49:37] - http://feeds.feedburner.com/ruanyifeng
[2026-05-20 07:49:37] - https://xyzbz.cn/feed
[2026-05-20 10:54:14] 本次订阅抓取结果统计:
[2026-05-20 10:54:14] 共 28 条RSS, 成功抓取 23 条.
[2026-05-20 10:54:14] ✘ 有 5 条订阅解析失败:
[2026-05-20 10:54:14] - https://blog.pursuitus.com/feed
[2026-05-20 10:54:14] - https://geekinney.com/index.xml
[2026-05-20 10:54:14] - https://tcxx.info/feed
[2026-05-20 10:54:14] - https://www.shephe.com/feed
[2026-05-20 10:54:14] - https://tumutanzi.com/feed
[2026-05-20 10:54:14] ✘ 有 3 条订阅头像无法访问, 已使用默认头像:
[2026-05-20 10:54:14] - https://www.loyhome.com/feed
[2026-05-20 10:54:14] - http://feeds.feedburner.com/ruanyifeng
[2026-05-20 10:54:14] - https://xyzbz.cn/feed
[2026-05-20 13:41:38] 本次订阅抓取结果统计:
[2026-05-20 13:41:38] 共 28 条RSS, 成功抓取 23 条.
[2026-05-20 13:41:38] ✘ 有 5 条订阅解析失败:
[2026-05-20 13:41:38] - https://blog.pursuitus.com/feed
[2026-05-20 13:41:38] - https://geekinney.com/index.xml
[2026-05-20 13:41:38] - https://tcxx.info/feed
[2026-05-20 13:41:38] - https://tumutanzi.com/feed
[2026-05-20 13:41:38] - https://www.shephe.com/feed
[2026-05-20 13:41:38] ✘ 有 3 条订阅头像无法访问, 已使用默认头像:
[2026-05-20 13:41:38] - https://www.loyhome.com/feed
[2026-05-20 13:41:38] - http://feeds.feedburner.com/ruanyifeng
[2026-05-20 13:41:38] - https://xyzbz.cn/feed
[2026-05-20 16:53:49] 本次订阅抓取结果统计:
[2026-05-20 16:53:49] 共 28 条RSS, 成功抓取 23 条.
[2026-05-20 16:53:49] ✘ 有 5 条订阅解析失败:
[2026-05-20 16:53:49] - https://blog.pursuitus.com/feed
[2026-05-20 16:53:49] - https://geekinney.com/index.xml
[2026-05-20 16:53:49] - https://tcxx.info/feed
[2026-05-20 16:53:49] - https://tumutanzi.com/feed
[2026-05-20 16:53:49] - https://www.shephe.com/feed
[2026-05-20 16:53:49] ✘ 有 3 条订阅头像无法访问, 已使用默认头像:
[2026-05-20 16:53:49] - https://www.loyhome.com/feed
[2026-05-20 16:53:49] - http://feeds.feedburner.com/ruanyifeng
[2026-05-20 16:53:49] - https://xyzbz.cn/feed
[2026-05-20 19:27:52] 本次订阅抓取结果统计:
[2026-05-20 19:27:52] 共 28 条RSS, 成功抓取 23 条.
[2026-05-20 19:27:52] ✘ 有 5 条订阅解析失败:
[2026-05-20 19:27:52] - https://blog.pursuitus.com/feed
[2026-05-20 19:27:52] - https://geekinney.com/index.xml
[2026-05-20 19:27:52] - https://tcxx.info/feed
[2026-05-20 19:27:52] - https://tumutanzi.com/feed
[2026-05-20 19:27:52] - https://www.shephe.com/feed
[2026-05-20 19:27:52] ✘ 有 3 条订阅头像无法访问, 已使用默认头像:
[2026-05-20 19:27:52] - https://www.loyhome.com/feed
[2026-05-20 19:27:52] - http://feeds.feedburner.com/ruanyifeng
[2026-05-20 19:27:52] - https://xyzbz.cn/feed
[2026-05-20 21:58:10] 本次订阅抓取结果统计:
[2026-05-20 21:58:10] 共 28 条RSS, 成功抓取 23 条.
[2026-05-20 21:58:10] ✘ 有 5 条订阅解析失败:
[2026-05-20 21:58:10] - https://blog.pursuitus.com/feed
[2026-05-20 21:58:10] - https://geekinney.com/index.xml
[2026-05-20 21:58:10] - https://tcxx.info/feed
[2026-05-20 21:58:10] - https://tumutanzi.com/feed
[2026-05-20 21:58:10] - https://www.shephe.com/feed
[2026-05-20 21:58:10] ✘ 有 3 条订阅头像无法访问, 已使用默认头像:
[2026-05-20 21:58:10] - https://www.loyhome.com/feed
[2026-05-20 21:58:10] - http://feeds.feedburner.com/ruanyifeng
[2026-05-20 21:58:10] - https://xyzbz.cn/feed
