[2026-05-14 00:03:44] 本次订阅抓取结果统计:
[2026-05-14 00:03:44] 共 28 条RSS, 成功抓取 23 条.
[2026-05-14 00:03:44] ✘ 有 5 条订阅解析失败:
[2026-05-14 00:03:44] - https://blog.pursuitus.com/feed
[2026-05-14 00:03:44] - https://geekinney.com/index.xml
[2026-05-14 00:03:44] - https://tcxx.info/feed
[2026-05-14 00:03:44] - https://tumutanzi.com/feed
[2026-05-14 00:03:44] - https://www.shephe.com/feed
[2026-05-14 00:03:44] ✘ 有 3 条订阅头像无法访问, 已使用默认头像:
[2026-05-14 00:03:44] - https://www.loyhome.com/feed
[2026-05-14 00:03:44] - http://feeds.feedburner.com/ruanyifeng
[2026-05-14 00:03:44] - https://xyzbz.cn/feed
[2026-05-14 04:46:36] 本次订阅抓取结果统计:
[2026-05-14 04:46:36] 共 28 条RSS, 成功抓取 23 条.
[2026-05-14 04:46:36] ✘ 有 5 条订阅解析失败:
[2026-05-14 04:46:36] - https://blog.pursuitus.com/feed
[2026-05-14 04:46:36] - https://geekinney.com/index.xml
[2026-05-14 04:46:36] - https://tcxx.info/feed
[2026-05-14 04:46:36] - https://www.shephe.com/feed
[2026-05-14 04:46:36] - https://tumutanzi.com/feed
[2026-05-14 04:46:36] ✘ 有 3 条订阅头像无法访问, 已使用默认头像:
[2026-05-14 04:46:36] - https://www.loyhome.com/feed
[2026-05-14 04:46:36] - https://xyzbz.cn/feed
[2026-05-14 04:46:36] - http://feeds.feedburner.com/ruanyifeng
[2026-05-14 07:44:27] 本次订阅抓取结果统计:
[2026-05-14 07:44:27] 共 28 条RSS, 成功抓取 22 条.
[2026-05-14 07:44:27] ✘ 有 6 条订阅解析失败:
[2026-05-14 07:44:27] - https://1900.live/rss.xml
[2026-05-14 07:44:27] - https://blog.pursuitus.com/feed
[2026-05-14 07:44:27] - https://geekinney.com/index.xml
[2026-05-14 07:44:27] - https://tcxx.info/feed
[2026-05-14 07:44:27] - https://tumutanzi.com/feed
[2026-05-14 07:44:27] - https://www.shephe.com/feed
[2026-05-14 07:44:27] ✘ 有 3 条订阅头像无法访问, 已使用默认头像:
[2026-05-14 07:44:27] - https://www.loyhome.com/feed
[2026-05-14 07:44:27] - http://feeds.feedburner.com/ruanyifeng
[2026-05-14 07:44:27] - https://xyzbz.cn/feed
