[2026-04-07 02:43:45] 本次订阅抓取结果统计:
[2026-04-07 02:43:45] 共 28 条RSS, 成功抓取 24 条.
[2026-04-07 02:43:45] ✘ 有 4 条订阅解析失败:
[2026-04-07 02:43:45] - https://blog.pursuitus.com/feed
[2026-04-07 02:43:45] - https://geekinney.com/index.xml
[2026-04-07 02:43:45] - https://tcxx.info/feed
[2026-04-07 02:43:45] - https://tumutanzi.com/feed
[2026-04-07 02:43:45] ✘ 有 1 条订阅头像无法访问, 已使用默认头像:
[2026-04-07 02:43:45] - http://feeds.feedburner.com/ruanyifeng
[2026-04-07 05:12:45] 本次订阅抓取结果统计:
[2026-04-07 05:12:45] 共 28 条RSS, 成功抓取 24 条.
[2026-04-07 05:12:45] ✘ 有 4 条订阅解析失败:
[2026-04-07 05:12:45] - https://blog.pursuitus.com/feed
[2026-04-07 05:12:45] - https://geekinney.com/index.xml
[2026-04-07 05:12:45] - https://tumutanzi.com/feed
[2026-04-07 05:12:45] - https://tcxx.info/feed
[2026-04-07 05:12:45] ✘ 有 2 条订阅头像无法访问, 已使用默认头像:
[2026-04-07 05:12:45] - http://feeds.feedburner.com/ruanyifeng
[2026-04-07 05:12:45] - https://xyzbz.cn/feed
[2026-04-07 07:23:25] 本次订阅抓取结果统计:
[2026-04-07 07:23:25] 共 28 条RSS, 成功抓取 24 条.
[2026-04-07 07:23:25] ✘ 有 4 条订阅解析失败:
[2026-04-07 07:23:25] - https://blog.pursuitus.com/feed
[2026-04-07 07:23:25] - https://geekinney.com/index.xml
[2026-04-07 07:23:25] - https://tumutanzi.com/feed
[2026-04-07 07:23:25] - https://tcxx.info/feed
[2026-04-07 07:23:25] ✘ 有 1 条订阅头像无法访问, 已使用默认头像:
[2026-04-07 07:23:25] - http://feeds.feedburner.com/ruanyifeng
[2026-04-07 09:07:28] 本次订阅抓取结果统计:
[2026-04-07 09:07:28] 共 28 条RSS, 成功抓取 24 条.
[2026-04-07 09:07:28] ✘ 有 4 条订阅解析失败:
[2026-04-07 09:07:28] - https://blog.pursuitus.com/feed
[2026-04-07 09:07:28] - https://geekinney.com/index.xml
[2026-04-07 09:07:28] - https://tumutanzi.com/feed
[2026-04-07 09:07:28] - https://tcxx.info/feed
[2026-04-07 09:07:28] ✘ 有 2 条订阅头像无法访问, 已使用默认头像:
[2026-04-07 09:07:28] - https://www.loyhome.com/feed
[2026-04-07 09:07:28] - http://feeds.feedburner.com/ruanyifeng
[2026-04-07 10:59:53] 本次订阅抓取结果统计:
[2026-04-07 10:59:53] 共 28 条RSS, 成功抓取 24 条.
[2026-04-07 10:59:53] ✘ 有 4 条订阅解析失败:
[2026-04-07 10:59:53] - https://blog.pursuitus.com/feed
[2026-04-07 10:59:53] - https://geekinney.com/index.xml
[2026-04-07 10:59:53] - https://tcxx.info/feed
[2026-04-07 10:59:53] - https://tumutanzi.com/feed
[2026-04-07 10:59:53] ✘ 有 2 条订阅头像无法访问, 已使用默认头像:
[2026-04-07 10:59:53] - https://www.loyhome.com/feed
[2026-04-07 10:59:53] - http://feeds.feedburner.com/ruanyifeng
[2026-04-07 11:58:52] 本次订阅抓取结果统计:
[2026-04-07 11:58:52] 共 28 条RSS, 成功抓取 24 条.
[2026-04-07 11:58:52] ✘ 有 4 条订阅解析失败:
[2026-04-07 11:58:52] - https://blog.pursuitus.com/feed
[2026-04-07 11:58:52] - https://geekinney.com/index.xml
[2026-04-07 11:58:52] - https://tcxx.info/feed
[2026-04-07 11:58:52] - https://tumutanzi.com/feed
[2026-04-07 11:58:52] ✘ 有 3 条订阅头像无法访问, 已使用默认头像:
[2026-04-07 11:58:52] - https://www.loyhome.com/feed
[2026-04-07 11:58:52] - http://feeds.feedburner.com/ruanyifeng
[2026-04-07 11:58:52] - https://xyzbz.cn/feed
