[2026-01-22 02:03:58] 本次订阅抓取结果统计:
[2026-01-22 02:03:58] 共 28 条RSS, 成功抓取 23 条.
[2026-01-22 02:03:58] ✘ 有 5 条订阅解析失败:
[2026-01-22 02:03:58] - https://oba.by/feed
[2026-01-22 02:03:58] - https://blog.pursuitus.com/feed
[2026-01-22 02:03:58] - https://tcxx.info/feed
[2026-01-22 02:03:58] - https://tumutanzi.com/feed
[2026-01-22 02:03:58] - https://geekinney.com/index.xml
[2026-01-22 02:03:58] ✘ 有 2 条订阅头像无法访问, 已使用默认头像:
[2026-01-22 02:03:58] - http://feeds.feedburner.com/ruanyifeng
[2026-01-22 02:03:58] - https://www.laruence.com/feed
[2026-01-22 04:10:49] 本次订阅抓取结果统计:
[2026-01-22 04:10:49] 共 28 条RSS, 成功抓取 23 条.
[2026-01-22 04:10:49] ✘ 有 5 条订阅解析失败:
[2026-01-22 04:10:49] - https://oba.by/feed
[2026-01-22 04:10:49] - https://blog.pursuitus.com/feed
[2026-01-22 04:10:49] - https://tcxx.info/feed
[2026-01-22 04:10:49] - https://tumutanzi.com/feed
[2026-01-22 04:10:49] - https://geekinney.com/index.xml
[2026-01-22 04:10:49] ✘ 有 2 条订阅头像无法访问, 已使用默认头像:
[2026-01-22 04:10:49] - https://www.laruence.com/feed
[2026-01-22 04:10:49] - http://feeds.feedburner.com/ruanyifeng
[2026-01-22 05:32:02] 本次订阅抓取结果统计:
[2026-01-22 05:32:02] 共 28 条RSS, 成功抓取 23 条.
[2026-01-22 05:32:02] ✘ 有 5 条订阅解析失败:
[2026-01-22 05:32:02] - https://blog.pursuitus.com/feed
[2026-01-22 05:32:02] - https://oba.by/feed
[2026-01-22 05:32:02] - https://tumutanzi.com/feed
[2026-01-22 05:32:02] - https://tcxx.info/feed
[2026-01-22 05:32:02] - https://geekinney.com/index.xml
[2026-01-22 05:32:02] ✘ 有 2 条订阅头像无法访问, 已使用默认头像:
[2026-01-22 05:32:02] - https://www.laruence.com/feed
[2026-01-22 05:32:02] - http://feeds.feedburner.com/ruanyifeng
[2026-01-22 06:40:23] 本次订阅抓取结果统计:
[2026-01-22 06:40:23] 共 28 条RSS, 成功抓取 23 条.
[2026-01-22 06:40:23] ✘ 有 5 条订阅解析失败:
[2026-01-22 06:40:23] - https://oba.by/feed
[2026-01-22 06:40:23] - https://blog.pursuitus.com/feed
[2026-01-22 06:40:23] - https://tcxx.info/feed
[2026-01-22 06:40:23] - https://tumutanzi.com/feed
[2026-01-22 06:40:23] - https://geekinney.com/index.xml
[2026-01-22 06:40:23] ✘ 有 2 条订阅头像无法访问, 已使用默认头像:
[2026-01-22 06:40:23] - http://feeds.feedburner.com/ruanyifeng
[2026-01-22 06:40:23] - https://www.laruence.com/feed
[2026-01-22 07:30:54] 本次订阅抓取结果统计:
[2026-01-22 07:30:54] 共 28 条RSS, 成功抓取 23 条.
[2026-01-22 07:30:54] ✘ 有 5 条订阅解析失败:
[2026-01-22 07:30:54] - https://oba.by/feed
[2026-01-22 07:30:54] - https://blog.pursuitus.com/feed
[2026-01-22 07:30:54] - https://tcxx.info/feed
[2026-01-22 07:30:54] - https://tumutanzi.com/feed
[2026-01-22 07:30:54] - https://geekinney.com/index.xml
[2026-01-22 07:30:54] ✘ 有 2 条订阅头像无法访问, 已使用默认头像:
[2026-01-22 07:30:54] - https://www.laruence.com/feed
[2026-01-22 07:30:54] - http://feeds.feedburner.com/ruanyifeng
[2026-01-22 08:37:16] 本次订阅抓取结果统计:
[2026-01-22 08:37:16] 共 28 条RSS, 成功抓取 23 条.
[2026-01-22 08:37:16] ✘ 有 5 条订阅解析失败:
[2026-01-22 08:37:16] - https://oba.by/feed
[2026-01-22 08:37:16] - https://blog.pursuitus.com/feed
[2026-01-22 08:37:16] - https://tcxx.info/feed
[2026-01-22 08:37:16] - https://tumutanzi.com/feed
[2026-01-22 08:37:16] - https://geekinney.com/index.xml
[2026-01-22 08:37:16] ✘ 有 2 条订阅头像无法访问, 已使用默认头像:
[2026-01-22 08:37:16] - https://www.laruence.com/feed
[2026-01-22 08:37:16] - http://feeds.feedburner.com/ruanyifeng
[2026-01-22 09:36:32] 本次订阅抓取结果统计:
[2026-01-22 09:36:32] 共 28 条RSS, 成功抓取 24 条.
[2026-01-22 09:36:32] ✘ 有 4 条订阅解析失败:
[2026-01-22 09:36:32] - https://blog.pursuitus.com/feed
[2026-01-22 09:36:32] - https://tcxx.info/feed
[2026-01-22 09:36:32] - https://tumutanzi.com/feed
[2026-01-22 09:36:32] - https://geekinney.com/index.xml
[2026-01-22 09:36:32] ✘ 有 3 条订阅头像无法访问, 已使用默认头像:
[2026-01-22 09:36:32] - https://oba.by/feed
[2026-01-22 09:36:32] - http://feeds.feedburner.com/ruanyifeng
[2026-01-22 09:36:32] - https://www.laruence.com/feed
[2026-01-22 10:32:19] 本次订阅抓取结果统计:
[2026-01-22 10:32:19] 共 28 条RSS, 成功抓取 24 条.
[2026-01-22 10:32:19] ✘ 有 4 条订阅解析失败:
[2026-01-22 10:32:19] - https://blog.pursuitus.com/feed
[2026-01-22 10:32:19] - https://tumutanzi.com/feed
[2026-01-22 10:32:19] - https://tcxx.info/feed
[2026-01-22 10:32:19] - https://geekinney.com/index.xml
[2026-01-22 10:32:19] ✘ 有 3 条订阅头像无法访问, 已使用默认头像:
[2026-01-22 10:32:19] - https://oba.by/feed
[2026-01-22 10:32:19] - http://feeds.feedburner.com/ruanyifeng
[2026-01-22 10:32:19] - https://www.laruence.com/feed
[2026-01-22 11:26:01] 本次订阅抓取结果统计:
[2026-01-22 11:26:01] 共 28 条RSS, 成功抓取 24 条.
[2026-01-22 11:26:01] ✘ 有 4 条订阅解析失败:
[2026-01-22 11:26:01] - https://blog.pursuitus.com/feed
[2026-01-22 11:26:01] - https://tcxx.info/feed
[2026-01-22 11:26:01] - https://tumutanzi.com/feed
[2026-01-22 11:26:01] - https://geekinney.com/index.xml
[2026-01-22 11:26:01] ✘ 有 3 条订阅头像无法访问, 已使用默认头像:
[2026-01-22 11:26:01] - https://oba.by/feed
[2026-01-22 11:26:01] - http://feeds.feedburner.com/ruanyifeng
[2026-01-22 11:26:01] - https://www.laruence.com/feed
[2026-01-22 12:57:52] 本次订阅抓取结果统计:
[2026-01-22 12:57:52] 共 28 条RSS, 成功抓取 23 条.
[2026-01-22 12:57:52] ✘ 有 5 条订阅解析失败:
[2026-01-22 12:57:52] - https://oba.by/feed
[2026-01-22 12:57:52] - https://blog.pursuitus.com/feed
[2026-01-22 12:57:52] - https://tcxx.info/feed
[2026-01-22 12:57:52] - https://tumutanzi.com/feed
[2026-01-22 12:57:52] - https://geekinney.com/index.xml
[2026-01-22 12:57:52] ✘ 有 2 条订阅头像无法访问, 已使用默认头像:
[2026-01-22 12:57:52] - http://feeds.feedburner.com/ruanyifeng
[2026-01-22 12:57:52] - https://www.laruence.com/feed
[2026-01-22 13:52:27] 本次订阅抓取结果统计:
[2026-01-22 13:52:27] 共 28 条RSS, 成功抓取 23 条.
[2026-01-22 13:52:27] ✘ 有 5 条订阅解析失败:
[2026-01-22 13:52:27] - https://oba.by/feed
[2026-01-22 13:52:27] - https://blog.pursuitus.com/feed
[2026-01-22 13:52:27] - https://tcxx.info/feed
[2026-01-22 13:52:27] - https://tumutanzi.com/feed
[2026-01-22 13:52:27] - https://geekinney.com/index.xml
[2026-01-22 13:52:27] ✘ 有 2 条订阅头像无法访问, 已使用默认头像:
[2026-01-22 13:52:27] - http://feeds.feedburner.com/ruanyifeng
[2026-01-22 13:52:27] - https://www.laruence.com/feed
