[2026-01-31 02:13:00] 本次订阅抓取结果统计:
[2026-01-31 02:13:00] 共 28 条RSS, 成功抓取 24 条.
[2026-01-31 02:13:00] ✘ 有 4 条订阅解析失败:
[2026-01-31 02:13:00] - https://blog.pursuitus.com/feed
[2026-01-31 02:13:00] - https://tcxx.info/feed
[2026-01-31 02:13:00] - https://tumutanzi.com/feed
[2026-01-31 02:13:00] - https://geekinney.com/index.xml
[2026-01-31 02:13:00] ✘ 有 2 条订阅头像无法访问, 已使用默认头像:
[2026-01-31 02:13:00] - http://feeds.feedburner.com/ruanyifeng
[2026-01-31 02:13:00] - https://oba.by/feed
[2026-01-31 04:26:41] 本次订阅抓取结果统计:
[2026-01-31 04:26:41] 共 28 条RSS, 成功抓取 24 条.
[2026-01-31 04:26:41] ✘ 有 4 条订阅解析失败:
[2026-01-31 04:26:41] - https://blog.pursuitus.com/feed
[2026-01-31 04:26:41] - https://tcxx.info/feed
[2026-01-31 04:26:41] - https://tumutanzi.com/feed
[2026-01-31 04:26:41] - https://geekinney.com/index.xml
[2026-01-31 04:26:41] ✘ 有 2 条订阅头像无法访问, 已使用默认头像:
[2026-01-31 04:26:41] - https://oba.by/feed
[2026-01-31 04:26:41] - http://feeds.feedburner.com/ruanyifeng
[2026-01-31 05:40:43] 本次订阅抓取结果统计:
[2026-01-31 05:40:43] 共 28 条RSS, 成功抓取 24 条.
[2026-01-31 05:40:43] ✘ 有 4 条订阅解析失败:
[2026-01-31 05:40:43] - https://blog.pursuitus.com/feed
[2026-01-31 05:40:43] - https://tcxx.info/feed
[2026-01-31 05:40:43] - https://tumutanzi.com/feed
[2026-01-31 05:40:43] - https://geekinney.com/index.xml
[2026-01-31 05:40:43] ✘ 有 2 条订阅头像无法访问, 已使用默认头像:
[2026-01-31 05:40:43] - https://oba.by/feed
[2026-01-31 05:40:43] - http://feeds.feedburner.com/ruanyifeng
[2026-01-31 06:44:39] 本次订阅抓取结果统计:
[2026-01-31 06:44:39] 共 28 条RSS, 成功抓取 24 条.
[2026-01-31 06:44:39] ✘ 有 4 条订阅解析失败:
[2026-01-31 06:44:39] - https://blog.pursuitus.com/feed
[2026-01-31 06:44:39] - https://tcxx.info/feed
[2026-01-31 06:44:39] - https://tumutanzi.com/feed
[2026-01-31 06:44:39] - https://geekinney.com/index.xml
[2026-01-31 06:44:39] ✘ 有 2 条订阅头像无法访问, 已使用默认头像:
[2026-01-31 06:44:39] - https://oba.by/feed
[2026-01-31 06:44:39] - http://feeds.feedburner.com/ruanyifeng
[2026-01-31 07:31:29] 本次订阅抓取结果统计:
[2026-01-31 07:31:29] 共 28 条RSS, 成功抓取 24 条.
[2026-01-31 07:31:29] ✘ 有 4 条订阅解析失败:
[2026-01-31 07:31:29] - https://blog.pursuitus.com/feed
[2026-01-31 07:31:29] - https://tcxx.info/feed
[2026-01-31 07:31:29] - https://tumutanzi.com/feed
[2026-01-31 07:31:29] - https://geekinney.com/index.xml
[2026-01-31 07:31:29] ✘ 有 2 条订阅头像无法访问, 已使用默认头像:
[2026-01-31 07:31:29] - http://feeds.feedburner.com/ruanyifeng
[2026-01-31 07:31:29] - https://oba.by/feed
[2026-01-31 08:35:26] 本次订阅抓取结果统计:
[2026-01-31 08:35:26] 共 28 条RSS, 成功抓取 24 条.
[2026-01-31 08:35:26] ✘ 有 4 条订阅解析失败:
[2026-01-31 08:35:26] - https://blog.pursuitus.com/feed
[2026-01-31 08:35:26] - https://tcxx.info/feed
[2026-01-31 08:35:26] - https://tumutanzi.com/feed
[2026-01-31 08:35:26] - https://geekinney.com/index.xml
[2026-01-31 08:35:26] ✘ 有 2 条订阅头像无法访问, 已使用默认头像:
[2026-01-31 08:35:26] - https://oba.by/feed
[2026-01-31 08:35:26] - http://feeds.feedburner.com/ruanyifeng
[2026-01-31 09:32:16] 本次订阅抓取结果统计:
[2026-01-31 09:32:16] 共 28 条RSS, 成功抓取 24 条.
[2026-01-31 09:32:16] ✘ 有 4 条订阅解析失败:
[2026-01-31 09:32:16] - https://blog.pursuitus.com/feed
[2026-01-31 09:32:16] - https://tcxx.info/feed
[2026-01-31 09:32:16] - https://tumutanzi.com/feed
[2026-01-31 09:32:16] - https://geekinney.com/index.xml
[2026-01-31 09:32:16] ✘ 有 2 条订阅头像无法访问, 已使用默认头像:
[2026-01-31 09:32:16] - http://feeds.feedburner.com/ruanyifeng
[2026-01-31 09:32:16] - https://oba.by/feed
[2026-01-31 10:29:07] 本次订阅抓取结果统计:
[2026-01-31 10:29:07] 共 28 条RSS, 成功抓取 24 条.
[2026-01-31 10:29:07] ✘ 有 4 条订阅解析失败:
[2026-01-31 10:29:07] - https://blog.pursuitus.com/feed
[2026-01-31 10:29:07] - https://tcxx.info/feed
[2026-01-31 10:29:07] - https://tumutanzi.com/feed
[2026-01-31 10:29:07] - https://geekinney.com/index.xml
[2026-01-31 10:29:07] ✘ 有 2 条订阅头像无法访问, 已使用默认头像:
[2026-01-31 10:29:07] - https://oba.by/feed
[2026-01-31 10:29:07] - http://feeds.feedburner.com/ruanyifeng
[2026-01-31 11:24:07] 本次订阅抓取结果统计:
[2026-01-31 11:24:07] 共 28 条RSS, 成功抓取 24 条.
[2026-01-31 11:24:07] ✘ 有 4 条订阅解析失败:
[2026-01-31 11:24:07] - https://blog.pursuitus.com/feed
[2026-01-31 11:24:07] - https://tumutanzi.com/feed
[2026-01-31 11:24:07] - https://tcxx.info/feed
[2026-01-31 11:24:07] - https://geekinney.com/index.xml
[2026-01-31 11:24:07] ✘ 有 2 条订阅头像无法访问, 已使用默认头像:
[2026-01-31 11:24:07] - http://feeds.feedburner.com/ruanyifeng
[2026-01-31 11:24:07] - https://oba.by/feed
[2026-01-31 12:55:28] 本次订阅抓取结果统计:
[2026-01-31 12:55:28] 共 28 条RSS, 成功抓取 24 条.
[2026-01-31 12:55:28] ✘ 有 4 条订阅解析失败:
[2026-01-31 12:55:28] - https://blog.pursuitus.com/feed
[2026-01-31 12:55:28] - https://tumutanzi.com/feed
[2026-01-31 12:55:28] - https://tcxx.info/feed
[2026-01-31 12:55:28] - https://geekinney.com/index.xml
[2026-01-31 12:55:28] ✘ 有 2 条订阅头像无法访问, 已使用默认头像:
[2026-01-31 12:55:28] - https://oba.by/feed
[2026-01-31 12:55:28] - http://feeds.feedburner.com/ruanyifeng
[2026-01-31 13:44:19] 本次订阅抓取结果统计:
[2026-01-31 13:44:19] 共 28 条RSS, 成功抓取 23 条.
[2026-01-31 13:44:19] ✘ 有 5 条订阅解析失败:
[2026-01-31 13:44:19] - https://blog.pursuitus.com/feed
[2026-01-31 13:44:19] - https://tcxx.info/feed
[2026-01-31 13:44:19] - https://tumutanzi.com/feed
[2026-01-31 13:44:19] - https://geekinney.com/index.xml
[2026-01-31 13:44:19] - https://wangpei.net/feed
[2026-01-31 13:44:19] ✘ 有 2 条订阅头像无法访问, 已使用默认头像:
[2026-01-31 13:44:19] - http://feeds.feedburner.com/ruanyifeng
[2026-01-31 13:44:19] - https://oba.by/feed
[2026-01-31 14:28:06] 本次订阅抓取结果统计:
[2026-01-31 14:28:06] 共 28 条RSS, 成功抓取 24 条.
[2026-01-31 14:28:06] ✘ 有 4 条订阅解析失败:
[2026-01-31 14:28:06] - https://blog.pursuitus.com/feed
[2026-01-31 14:28:06] - https://tcxx.info/feed
[2026-01-31 14:28:06] - https://tumutanzi.com/feed
[2026-01-31 14:28:06] - https://geekinney.com/index.xml
[2026-01-31 14:28:06] ✘ 有 2 条订阅头像无法访问, 已使用默认头像:
[2026-01-31 14:28:06] - https://oba.by/feed
[2026-01-31 14:28:06] - http://feeds.feedburner.com/ruanyifeng
[2026-01-31 15:27:51] 本次订阅抓取结果统计:
[2026-01-31 15:27:51] 共 28 条RSS, 成功抓取 23 条.
[2026-01-31 15:27:51] ✘ 有 5 条订阅解析失败:
[2026-01-31 15:27:51] - https://blog.pursuitus.com/feed
[2026-01-31 15:27:51] - https://tcxx.info/feed
[2026-01-31 15:27:51] - https://tumutanzi.com/feed
[2026-01-31 15:27:51] - https://blog.yanqingshan.com/feed
[2026-01-31 15:27:51] - https://geekinney.com/index.xml
[2026-01-31 15:27:51] ✘ 有 2 条订阅头像无法访问, 已使用默认头像:
[2026-01-31 15:27:51] - https://oba.by/feed
[2026-01-31 15:27:51] - http://feeds.feedburner.com/ruanyifeng
[2026-01-31 16:34:03] 本次订阅抓取结果统计:
[2026-01-31 16:34:03] 共 28 条RSS, 成功抓取 24 条.
[2026-01-31 16:34:03] ✘ 有 4 条订阅解析失败:
[2026-01-31 16:34:03] - https://blog.pursuitus.com/feed
[2026-01-31 16:34:03] - https://tcxx.info/feed
[2026-01-31 16:34:03] - https://tumutanzi.com/feed
[2026-01-31 16:34:03] - https://geekinney.com/index.xml
[2026-01-31 16:34:03] ✘ 有 2 条订阅头像无法访问, 已使用默认头像:
[2026-01-31 16:34:03] - https://oba.by/feed
[2026-01-31 16:34:03] - http://feeds.feedburner.com/ruanyifeng
[2026-01-31 17:26:28] 本次订阅抓取结果统计:
[2026-01-31 17:26:28] 共 28 条RSS, 成功抓取 24 条.
[2026-01-31 17:26:28] ✘ 有 4 条订阅解析失败:
[2026-01-31 17:26:28] - https://blog.pursuitus.com/feed
[2026-01-31 17:26:28] - https://tcxx.info/feed
[2026-01-31 17:26:28] - https://tumutanzi.com/feed
[2026-01-31 17:26:28] - https://geekinney.com/index.xml
[2026-01-31 17:26:28] ✘ 有 2 条订阅头像无法访问, 已使用默认头像:
[2026-01-31 17:26:28] - https://oba.by/feed
[2026-01-31 17:26:28] - http://feeds.feedburner.com/ruanyifeng
