[2026-01-13 01:56:32] 本次订阅抓取结果统计:
[2026-01-13 01:56:32] 共 28 条RSS, 成功抓取 24 条.
[2026-01-13 01:56:32] ✘ 有 4 条订阅解析失败:
[2026-01-13 01:56:32] - https://oba.by/feed
[2026-01-13 01:56:32] - https://tcxx.info/feed
[2026-01-13 01:56:32] - https://tumutanzi.com/feed
[2026-01-13 01:56:32] - https://geekinney.com/index.xml
[2026-01-13 01:56:32] ✘ 有 1 条订阅头像无法访问, 已使用默认头像:
[2026-01-13 01:56:32] - http://feeds.feedburner.com/ruanyifeng
[2026-01-13 03:42:06] 本次订阅抓取结果统计:
[2026-01-13 03:42:06] 共 28 条RSS, 成功抓取 24 条.
[2026-01-13 03:42:06] ✘ 有 4 条订阅解析失败:
[2026-01-13 03:42:06] - https://oba.by/feed
[2026-01-13 03:42:06] - https://tcxx.info/feed
[2026-01-13 03:42:06] - https://tumutanzi.com/feed
[2026-01-13 03:42:06] - https://geekinney.com/index.xml
[2026-01-13 03:42:06] ✘ 有 1 条订阅头像无法访问, 已使用默认头像:
[2026-01-13 03:42:06] - http://feeds.feedburner.com/ruanyifeng
[2026-01-13 04:42:59] 本次订阅抓取结果统计:
[2026-01-13 04:42:59] 共 28 条RSS, 成功抓取 24 条.
[2026-01-13 04:42:59] ✘ 有 4 条订阅解析失败:
[2026-01-13 04:42:59] - https://oba.by/feed
[2026-01-13 04:42:59] - https://tcxx.info/feed
[2026-01-13 04:42:59] - https://tumutanzi.com/feed
[2026-01-13 04:42:59] - https://geekinney.com/index.xml
[2026-01-13 04:42:59] ✘ 有 1 条订阅头像无法访问, 已使用默认头像:
[2026-01-13 04:42:59] - http://feeds.feedburner.com/ruanyifeng
[2026-01-13 05:28:50] 本次订阅抓取结果统计:
[2026-01-13 05:28:50] 共 28 条RSS, 成功抓取 24 条.
[2026-01-13 05:28:50] ✘ 有 4 条订阅解析失败:
[2026-01-13 05:28:50] - https://oba.by/feed
[2026-01-13 05:28:50] - https://tumutanzi.com/feed
[2026-01-13 05:28:50] - https://tcxx.info/feed
[2026-01-13 05:28:50] - https://geekinney.com/index.xml
[2026-01-13 05:28:50] ✘ 有 1 条订阅头像无法访问, 已使用默认头像:
[2026-01-13 05:28:50] - http://feeds.feedburner.com/ruanyifeng
