[2026-05-16 00:00:28] 本次订阅抓取结果统计:
[2026-05-16 00:00:28] 共 28 条RSS, 成功抓取 23 条.
[2026-05-16 00:00:28] ✘ 有 5 条订阅解析失败:
[2026-05-16 00:00:28] - https://blog.pursuitus.com/feed
[2026-05-16 00:00:28] - https://tcxx.info/feed
[2026-05-16 00:00:28] - https://geekinney.com/index.xml
[2026-05-16 00:00:28] - https://tumutanzi.com/feed
[2026-05-16 00:00:28] - https://www.shephe.com/feed
[2026-05-16 00:00:28] ✘ 有 3 条订阅头像无法访问, 已使用默认头像:
[2026-05-16 00:00:28] - https://www.loyhome.com/feed
[2026-05-16 00:00:28] - http://feeds.feedburner.com/ruanyifeng
[2026-05-16 00:00:28] - https://xyzbz.cn/feed
[2026-05-16 03:54:54] 本次订阅抓取结果统计:
[2026-05-16 03:54:54] 共 28 条RSS, 成功抓取 23 条.
[2026-05-16 03:54:54] ✘ 有 5 条订阅解析失败:
[2026-05-16 03:54:54] - https://blog.pursuitus.com/feed
[2026-05-16 03:54:54] - https://geekinney.com/index.xml
[2026-05-16 03:54:54] - https://tcxx.info/feed
[2026-05-16 03:54:54] - https://tumutanzi.com/feed
[2026-05-16 03:54:54] - https://www.shephe.com/feed
[2026-05-16 03:54:54] ✘ 有 3 条订阅头像无法访问, 已使用默认头像:
[2026-05-16 03:54:54] - https://www.loyhome.com/feed
[2026-05-16 03:54:54] - https://xyzbz.cn/feed
[2026-05-16 03:54:54] - http://feeds.feedburner.com/ruanyifeng
