[2026-05-15 00:05:21] 本次订阅抓取结果统计:
[2026-05-15 00:05:21] 共 28 条RSS, 成功抓取 23 条.
[2026-05-15 00:05:21] ✘ 有 5 条订阅解析失败:
[2026-05-15 00:05:21] - https://blog.pursuitus.com/feed
[2026-05-15 00:05:21] - https://geekinney.com/index.xml
[2026-05-15 00:05:21] - https://tumutanzi.com/feed
[2026-05-15 00:05:21] - https://tcxx.info/feed
[2026-05-15 00:05:21] - https://www.shephe.com/feed
[2026-05-15 00:05:21] ✘ 有 3 条订阅头像无法访问, 已使用默认头像:
[2026-05-15 00:05:21] - https://www.loyhome.com/feed
[2026-05-15 00:05:21] - http://feeds.feedburner.com/ruanyifeng
[2026-05-15 00:05:21] - https://xyzbz.cn/feed
[2026-05-15 04:52:56] 本次订阅抓取结果统计:
[2026-05-15 04:52:56] 共 28 条RSS, 成功抓取 22 条.
[2026-05-15 04:52:56] ✘ 有 6 条订阅解析失败:
[2026-05-15 04:52:56] - https://blog.pursuitus.com/feed
[2026-05-15 04:52:56] - https://wangpei.net/feed
[2026-05-15 04:52:56] - https://geekinney.com/index.xml
[2026-05-15 04:52:56] - https://tcxx.info/feed
[2026-05-15 04:52:56] - https://tumutanzi.com/feed
[2026-05-15 04:52:56] - https://www.shephe.com/feed
[2026-05-15 04:52:56] ✘ 有 3 条订阅头像无法访问, 已使用默认头像:
[2026-05-15 04:52:56] - https://www.loyhome.com/feed
[2026-05-15 04:52:56] - http://feeds.feedburner.com/ruanyifeng
[2026-05-15 04:52:56] - https://xyzbz.cn/feed
[2026-05-15 10:27:43] 本次订阅抓取结果统计:
[2026-05-15 10:27:43] 共 28 条RSS, 成功抓取 23 条.
[2026-05-15 10:27:43] ✘ 有 5 条订阅解析失败:
[2026-05-15 10:27:43] - https://blog.pursuitus.com/feed
[2026-05-15 10:27:43] - https://geekinney.com/index.xml
[2026-05-15 10:27:43] - https://tcxx.info/feed
[2026-05-15 10:27:43] - https://tumutanzi.com/feed
[2026-05-15 10:27:43] - https://www.shephe.com/feed
[2026-05-15 10:27:43] ✘ 有 3 条订阅头像无法访问, 已使用默认头像:
[2026-05-15 10:27:43] - https://www.loyhome.com/feed
[2026-05-15 10:27:43] - https://xyzbz.cn/feed
[2026-05-15 10:27:43] - http://feeds.feedburner.com/ruanyifeng
[2026-05-15 12:56:11] 本次订阅抓取结果统计:
[2026-05-15 12:56:11] 共 28 条RSS, 成功抓取 22 条.
[2026-05-15 12:56:11] ✘ 有 6 条订阅解析失败:
[2026-05-15 12:56:11] - https://blog.pursuitus.com/feed
[2026-05-15 12:56:11] - https://www.shephe.com/feed
[2026-05-15 12:56:11] - https://geekinney.com/index.xml
[2026-05-15 12:56:11] - https://tcxx.info/feed
[2026-05-15 12:56:11] - https://tumutanzi.com/feed
[2026-05-15 12:56:11] - https://blog.fooleap.org/atom.xml
[2026-05-15 12:56:11] ✘ 有 3 条订阅头像无法访问, 已使用默认头像:
[2026-05-15 12:56:11] - https://www.loyhome.com/feed
[2026-05-15 12:56:11] - http://feeds.feedburner.com/ruanyifeng
[2026-05-15 12:56:11] - https://xyzbz.cn/feed
[2026-05-15 15:18:47] 本次订阅抓取结果统计:
[2026-05-15 15:18:47] 共 28 条RSS, 成功抓取 23 条.
[2026-05-15 15:18:47] ✘ 有 5 条订阅解析失败:
[2026-05-15 15:18:47] - https://blog.pursuitus.com/feed
[2026-05-15 15:18:47] - https://geekinney.com/index.xml
[2026-05-15 15:18:47] - https://tcxx.info/feed
[2026-05-15 15:18:47] - https://tumutanzi.com/feed
[2026-05-15 15:18:47] - https://www.shephe.com/feed
[2026-05-15 15:18:47] ✘ 有 3 条订阅头像无法访问, 已使用默认头像:
[2026-05-15 15:18:47] - https://www.loyhome.com/feed
[2026-05-15 15:18:47] - https://xyzbz.cn/feed
[2026-05-15 15:18:47] - http://feeds.feedburner.com/ruanyifeng
[2026-05-15 17:42:11] 本次订阅抓取结果统计:
[2026-05-15 17:42:11] 共 28 条RSS, 成功抓取 23 条.
[2026-05-15 17:42:11] ✘ 有 5 条订阅解析失败:
[2026-05-15 17:42:11] - https://blog.pursuitus.com/feed
[2026-05-15 17:42:11] - https://geekinney.com/index.xml
[2026-05-15 17:42:11] - https://tcxx.info/feed
[2026-05-15 17:42:11] - https://tumutanzi.com/feed
[2026-05-15 17:42:11] - https://www.shephe.com/feed
[2026-05-15 17:42:11] ✘ 有 3 条订阅头像无法访问, 已使用默认头像:
[2026-05-15 17:42:11] - https://www.loyhome.com/feed
[2026-05-15 17:42:11] - https://xyzbz.cn/feed
[2026-05-15 17:42:11] - http://feeds.feedburner.com/ruanyifeng
[2026-05-15 19:42:38] 本次订阅抓取结果统计:
[2026-05-15 19:42:38] 共 28 条RSS, 成功抓取 23 条.
[2026-05-15 19:42:38] ✘ 有 5 条订阅解析失败:
[2026-05-15 19:42:38] - https://blog.pursuitus.com/feed
[2026-05-15 19:42:38] - https://geekinney.com/index.xml
[2026-05-15 19:42:38] - https://tcxx.info/feed
[2026-05-15 19:42:38] - https://tumutanzi.com/feed
[2026-05-15 19:42:38] - https://www.shephe.com/feed
[2026-05-15 19:42:38] ✘ 有 3 条订阅头像无法访问, 已使用默认头像:
[2026-05-15 19:42:38] - https://www.loyhome.com/feed
[2026-05-15 19:42:38] - http://feeds.feedburner.com/ruanyifeng
[2026-05-15 19:42:38] - https://xyzbz.cn/feed
