[2026-07-09 00:13:58] 本次订阅抓取结果统计:
[2026-07-09 00:13:58] 共 28 条RSS, 成功抓取 24 条.
[2026-07-09 00:13:58] ✘ 有 4 条订阅解析失败:
[2026-07-09 00:13:58] - https://blog.pursuitus.com/feed
[2026-07-09 00:13:58] - https://geekinney.com/index.xml
[2026-07-09 00:13:58] - https://tcxx.info/feed
[2026-07-09 00:13:58] - https://www.shephe.com/feed
[2026-07-09 00:13:58] ✘ 有 2 条订阅头像无法访问, 已使用默认头像:
[2026-07-09 00:13:58] - https://www.loyhome.com/feed
[2026-07-09 00:13:58] - http://feeds.feedburner.com/ruanyifeng
[2026-07-09 08:42:03] 本次订阅抓取结果统计:
[2026-07-09 08:42:03] 共 28 条RSS, 成功抓取 24 条.
[2026-07-09 08:42:03] ✘ 有 4 条订阅解析失败:
[2026-07-09 08:42:03] - https://blog.pursuitus.com/feed
[2026-07-09 08:42:03] - https://geekinney.com/index.xml
[2026-07-09 08:42:03] - https://tcxx.info/feed
[2026-07-09 08:42:03] - https://www.shephe.com/feed
[2026-07-09 08:42:03] ✘ 有 2 条订阅头像无法访问, 已使用默认头像:
[2026-07-09 08:42:03] - https://www.loyhome.com/feed
[2026-07-09 08:42:03] - http://feeds.feedburner.com/ruanyifeng
[2026-07-09 12:12:21] 本次订阅抓取结果统计:
[2026-07-09 12:12:21] 共 28 条RSS, 成功抓取 24 条.
[2026-07-09 12:12:21] ✘ 有 4 条订阅解析失败:
[2026-07-09 12:12:21] - https://blog.pursuitus.com/feed
[2026-07-09 12:12:21] - https://geekinney.com/index.xml
[2026-07-09 12:12:21] - https://tcxx.info/feed
[2026-07-09 12:12:21] - https://www.shephe.com/feed
[2026-07-09 12:12:21] ✘ 有 2 条订阅头像无法访问, 已使用默认头像:
[2026-07-09 12:12:21] - https://www.loyhome.com/feed
[2026-07-09 12:12:21] - http://feeds.feedburner.com/ruanyifeng
[2026-07-09 15:59:00] 本次订阅抓取结果统计:
[2026-07-09 15:59:00] 共 28 条RSS, 成功抓取 24 条.
[2026-07-09 15:59:00] ✘ 有 4 条订阅解析失败:
[2026-07-09 15:59:00] - https://blog.pursuitus.com/feed
[2026-07-09 15:59:00] - https://geekinney.com/index.xml
[2026-07-09 15:59:00] - https://tcxx.info/feed
[2026-07-09 15:59:00] - https://www.shephe.com/feed
[2026-07-09 15:59:00] ✘ 有 2 条订阅头像无法访问, 已使用默认头像:
[2026-07-09 15:59:00] - https://www.loyhome.com/feed
[2026-07-09 15:59:00] - http://feeds.feedburner.com/ruanyifeng
[2026-07-09 18:05:16] 本次订阅抓取结果统计:
[2026-07-09 18:05:16] 共 28 条RSS, 成功抓取 24 条.
[2026-07-09 18:05:16] ✘ 有 4 条订阅解析失败:
[2026-07-09 18:05:16] - https://blog.pursuitus.com/feed
[2026-07-09 18:05:16] - https://geekinney.com/index.xml
[2026-07-09 18:05:16] - https://tcxx.info/feed
[2026-07-09 18:05:16] - https://www.shephe.com/feed
[2026-07-09 18:05:16] ✘ 有 2 条订阅头像无法访问, 已使用默认头像:
[2026-07-09 18:05:16] - https://www.loyhome.com/feed
[2026-07-09 18:05:16] - http://feeds.feedburner.com/ruanyifeng
[2026-07-09 20:48:48] 本次订阅抓取结果统计:
[2026-07-09 20:48:48] 共 28 条RSS, 成功抓取 24 条.
[2026-07-09 20:48:48] ✘ 有 4 条订阅解析失败:
[2026-07-09 20:48:48] - https://blog.pursuitus.com/feed
[2026-07-09 20:48:48] - https://tcxx.info/feed
[2026-07-09 20:48:48] - https://geekinney.com/index.xml
[2026-07-09 20:48:48] - https://www.shephe.com/feed
[2026-07-09 20:48:48] ✘ 有 2 条订阅头像无法访问, 已使用默认头像:
[2026-07-09 20:48:48] - https://www.loyhome.com/feed
[2026-07-09 20:48:48] - http://feeds.feedburner.com/ruanyifeng
[2026-07-09 22:24:49] 本次订阅抓取结果统计:
[2026-07-09 22:24:49] 共 28 条RSS, 成功抓取 24 条.
[2026-07-09 22:24:49] ✘ 有 4 条订阅解析失败:
[2026-07-09 22:24:49] - https://blog.pursuitus.com/feed
[2026-07-09 22:24:49] - https://geekinney.com/index.xml
[2026-07-09 22:24:49] - https://tcxx.info/feed
[2026-07-09 22:24:49] - https://www.shephe.com/feed
[2026-07-09 22:24:49] ✘ 有 2 条订阅头像无法访问, 已使用默认头像:
[2026-07-09 22:24:49] - https://www.loyhome.com/feed
[2026-07-09 22:24:49] - http://feeds.feedburner.com/ruanyifeng
