[2026-02-04 02:25:12] 本次订阅抓取结果统计:
[2026-02-04 02:25:12] 共 28 条RSS, 成功抓取 24 条.
[2026-02-04 02:25:12] ✘ 有 4 条订阅解析失败:
[2026-02-04 02:25:12] - https://blog.pursuitus.com/feed
[2026-02-04 02:25:12] - https://tcxx.info/feed
[2026-02-04 02:25:12] - https://tumutanzi.com/feed
[2026-02-04 02:25:12] - https://geekinney.com/index.xml
[2026-02-04 02:25:12] ✘ 有 2 条订阅头像无法访问, 已使用默认头像:
[2026-02-04 02:25:12] - http://feeds.feedburner.com/ruanyifeng
[2026-02-04 02:25:12] - https://oba.by/feed
[2026-02-04 04:42:39] 本次订阅抓取结果统计:
[2026-02-04 04:42:39] 共 28 条RSS, 成功抓取 24 条.
[2026-02-04 04:42:39] ✘ 有 4 条订阅解析失败:
[2026-02-04 04:42:39] - https://blog.pursuitus.com/feed
[2026-02-04 04:42:39] - https://tcxx.info/feed
[2026-02-04 04:42:39] - https://tumutanzi.com/feed
[2026-02-04 04:42:39] - https://geekinney.com/index.xml
[2026-02-04 04:42:39] ✘ 有 2 条订阅头像无法访问, 已使用默认头像:
[2026-02-04 04:42:39] - https://oba.by/feed
[2026-02-04 04:42:39] - http://feeds.feedburner.com/ruanyifeng
[2026-02-04 05:51:57] 本次订阅抓取结果统计:
[2026-02-04 05:51:57] 共 28 条RSS, 成功抓取 24 条.
[2026-02-04 05:51:57] ✘ 有 4 条订阅解析失败:
[2026-02-04 05:51:57] - https://blog.pursuitus.com/feed
[2026-02-04 05:51:57] - https://tcxx.info/feed
[2026-02-04 05:51:57] - https://tumutanzi.com/feed
[2026-02-04 05:51:57] - https://geekinney.com/index.xml
[2026-02-04 05:51:57] ✘ 有 2 条订阅头像无法访问, 已使用默认头像:
[2026-02-04 05:51:57] - https://oba.by/feed
[2026-02-04 05:51:57] - http://feeds.feedburner.com/ruanyifeng
[2026-02-04 06:57:39] 本次订阅抓取结果统计:
[2026-02-04 06:57:39] 共 28 条RSS, 成功抓取 24 条.
[2026-02-04 06:57:39] ✘ 有 4 条订阅解析失败:
[2026-02-04 06:57:39] - https://blog.pursuitus.com/feed
[2026-02-04 06:57:39] - https://tcxx.info/feed
[2026-02-04 06:57:39] - https://tumutanzi.com/feed
[2026-02-04 06:57:39] - https://geekinney.com/index.xml
[2026-02-04 06:57:39] ✘ 有 2 条订阅头像无法访问, 已使用默认头像:
[2026-02-04 06:57:39] - http://feeds.feedburner.com/ruanyifeng
[2026-02-04 06:57:39] - https://oba.by/feed
[2026-02-04 07:49:36] 本次订阅抓取结果统计:
[2026-02-04 07:49:36] 共 28 条RSS, 成功抓取 24 条.
[2026-02-04 07:49:36] ✘ 有 4 条订阅解析失败:
[2026-02-04 07:49:36] - https://blog.pursuitus.com/feed
[2026-02-04 07:49:36] - https://tcxx.info/feed
[2026-02-04 07:49:36] - https://tumutanzi.com/feed
[2026-02-04 07:49:36] - https://geekinney.com/index.xml
[2026-02-04 07:49:36] ✘ 有 2 条订阅头像无法访问, 已使用默认头像:
[2026-02-04 07:49:36] - https://oba.by/feed
[2026-02-04 07:49:36] - http://feeds.feedburner.com/ruanyifeng
