[2026-03-23 02:36:47] 本次订阅抓取结果统计:
[2026-03-23 02:36:47] 共 28 条RSS, 成功抓取 24 条.
[2026-03-23 02:36:47] ✘ 有 4 条订阅解析失败:
[2026-03-23 02:36:47] - https://blog.pursuitus.com/feed
[2026-03-23 02:36:47] - https://geekinney.com/index.xml
[2026-03-23 02:36:47] - https://tcxx.info/feed
[2026-03-23 02:36:47] - https://tumutanzi.com/feed
[2026-03-23 02:36:47] ✘ 有 1 条订阅头像无法访问, 已使用默认头像:
[2026-03-23 02:36:47] - http://feeds.feedburner.com/ruanyifeng
[2026-03-23 05:06:14] 本次订阅抓取结果统计:
[2026-03-23 05:06:14] 共 28 条RSS, 成功抓取 24 条.
[2026-03-23 05:06:14] ✘ 有 4 条订阅解析失败:
[2026-03-23 05:06:14] - https://blog.pursuitus.com/feed
[2026-03-23 05:06:14] - https://geekinney.com/index.xml
[2026-03-23 05:06:14] - https://tumutanzi.com/feed
[2026-03-23 05:06:14] - https://tcxx.info/feed
[2026-03-23 05:06:14] ✘ 有 1 条订阅头像无法访问, 已使用默认头像:
[2026-03-23 05:06:14] - http://feeds.feedburner.com/ruanyifeng
[2026-03-23 07:16:19] 本次订阅抓取结果统计:
[2026-03-23 07:16:19] 共 28 条RSS, 成功抓取 24 条.
[2026-03-23 07:16:19] ✘ 有 4 条订阅解析失败:
[2026-03-23 07:16:19] - https://blog.pursuitus.com/feed
[2026-03-23 07:16:19] - https://tumutanzi.com/feed
[2026-03-23 07:16:19] - https://geekinney.com/index.xml
[2026-03-23 07:16:19] - https://tcxx.info/feed
[2026-03-23 07:16:19] ✘ 有 2 条订阅头像无法访问, 已使用默认头像:
[2026-03-23 07:16:19] - http://feeds.feedburner.com/ruanyifeng
[2026-03-23 07:16:19] - https://xyzbz.cn/feed
[2026-03-23 09:01:31] 本次订阅抓取结果统计:
[2026-03-23 09:01:31] 共 28 条RSS, 成功抓取 24 条.
[2026-03-23 09:01:31] ✘ 有 4 条订阅解析失败:
[2026-03-23 09:01:31] - https://blog.pursuitus.com/feed
[2026-03-23 09:01:31] - https://geekinney.com/index.xml
[2026-03-23 09:01:31] - https://tcxx.info/feed
[2026-03-23 09:01:31] - https://tumutanzi.com/feed
[2026-03-23 09:01:31] ✘ 有 2 条订阅头像无法访问, 已使用默认头像:
[2026-03-23 09:01:31] - http://feeds.feedburner.com/ruanyifeng
[2026-03-23 09:01:31] - https://xyzbz.cn/feed
[2026-03-23 10:55:00] 本次订阅抓取结果统计:
[2026-03-23 10:55:00] 共 28 条RSS, 成功抓取 24 条.
[2026-03-23 10:55:00] ✘ 有 4 条订阅解析失败:
[2026-03-23 10:55:00] - https://blog.pursuitus.com/feed
[2026-03-23 10:55:00] - https://geekinney.com/index.xml
[2026-03-23 10:55:00] - https://tumutanzi.com/feed
[2026-03-23 10:55:00] - https://tcxx.info/feed
[2026-03-23 10:55:00] ✘ 有 1 条订阅头像无法访问, 已使用默认头像:
[2026-03-23 10:55:00] - http://feeds.feedburner.com/ruanyifeng
[2026-03-23 11:47:21] 本次订阅抓取结果统计:
[2026-03-23 11:47:21] 共 28 条RSS, 成功抓取 24 条.
[2026-03-23 11:47:21] ✘ 有 4 条订阅解析失败:
[2026-03-23 11:47:21] - https://blog.pursuitus.com/feed
[2026-03-23 11:47:21] - https://geekinney.com/index.xml
[2026-03-23 11:47:21] - https://tcxx.info/feed
[2026-03-23 11:47:21] - https://tumutanzi.com/feed
[2026-03-23 11:47:21] ✘ 有 1 条订阅头像无法访问, 已使用默认头像:
[2026-03-23 11:47:21] - http://feeds.feedburner.com/ruanyifeng
[2026-03-23 13:15:56] 本次订阅抓取结果统计:
[2026-03-23 13:15:56] 共 28 条RSS, 成功抓取 24 条.
[2026-03-23 13:15:56] ✘ 有 4 条订阅解析失败:
[2026-03-23 13:15:56] - https://blog.pursuitus.com/feed
[2026-03-23 13:15:56] - https://geekinney.com/index.xml
[2026-03-23 13:15:56] - https://tcxx.info/feed
[2026-03-23 13:15:56] - https://tumutanzi.com/feed
[2026-03-23 13:15:56] ✘ 有 1 条订阅头像无法访问, 已使用默认头像:
[2026-03-23 13:15:56] - http://feeds.feedburner.com/ruanyifeng
[2026-03-23 14:58:52] 本次订阅抓取结果统计:
[2026-03-23 14:58:52] 共 28 条RSS, 成功抓取 24 条.
[2026-03-23 14:58:52] ✘ 有 4 条订阅解析失败:
[2026-03-23 14:58:52] - https://blog.pursuitus.com/feed
[2026-03-23 14:58:52] - https://geekinney.com/index.xml
[2026-03-23 14:58:52] - https://tcxx.info/feed
[2026-03-23 14:58:52] - https://tumutanzi.com/feed
[2026-03-23 14:58:52] ✘ 有 1 条订阅头像无法访问, 已使用默认头像:
[2026-03-23 14:58:52] - http://feeds.feedburner.com/ruanyifeng
[2026-03-23 16:05:48] 本次订阅抓取结果统计:
[2026-03-23 16:05:48] 共 28 条RSS, 成功抓取 24 条.
[2026-03-23 16:05:48] ✘ 有 4 条订阅解析失败:
[2026-03-23 16:05:48] - https://blog.pursuitus.com/feed
[2026-03-23 16:05:48] - https://geekinney.com/index.xml
[2026-03-23 16:05:48] - https://tumutanzi.com/feed
[2026-03-23 16:05:48] - https://tcxx.info/feed
[2026-03-23 16:05:48] ✘ 有 2 条订阅头像无法访问, 已使用默认头像:
[2026-03-23 16:05:48] - https://hwv430.blogspot.com/feeds/posts/default
[2026-03-23 16:05:48] - http://feeds.feedburner.com/ruanyifeng
[2026-03-23 17:53:27] 本次订阅抓取结果统计:
[2026-03-23 17:53:27] 共 28 条RSS, 成功抓取 24 条.
[2026-03-23 17:53:27] ✘ 有 4 条订阅解析失败:
[2026-03-23 17:53:27] - https://blog.pursuitus.com/feed
[2026-03-23 17:53:27] - https://geekinney.com/index.xml
[2026-03-23 17:53:27] - https://tumutanzi.com/feed
[2026-03-23 17:53:27] - https://tcxx.info/feed
[2026-03-23 17:53:27] ✘ 有 1 条订阅头像无法访问, 已使用默认头像:
[2026-03-23 17:53:27] - http://feeds.feedburner.com/ruanyifeng
