[2026-01-10 01:56:05] 本次订阅抓取结果统计:
[2026-01-10 01:56:05] 共 28 条RSS, 成功抓取 24 条.
[2026-01-10 01:56:05] ✘ 有 4 条订阅解析失败:
[2026-01-10 01:56:05] - https://oba.by/feed
[2026-01-10 01:56:05] - https://tcxx.info/feed
[2026-01-10 01:56:05] - https://tumutanzi.com/feed
[2026-01-10 01:56:05] - https://geekinney.com/index.xml
[2026-01-10 01:56:05] ✘ 有 1 条订阅头像无法访问, 已使用默认头像:
[2026-01-10 01:56:05] - http://feeds.feedburner.com/ruanyifeng
[2026-01-10 03:27:32] 本次订阅抓取结果统计:
[2026-01-10 03:27:32] 共 28 条RSS, 成功抓取 24 条.
[2026-01-10 03:27:32] ✘ 有 4 条订阅解析失败:
[2026-01-10 03:27:32] - https://oba.by/feed
[2026-01-10 03:27:32] - https://tcxx.info/feed
[2026-01-10 03:27:32] - https://tumutanzi.com/feed
[2026-01-10 03:27:32] - https://geekinney.com/index.xml
[2026-01-10 03:27:32] ✘ 有 1 条订阅头像无法访问, 已使用默认头像:
[2026-01-10 03:27:32] - http://feeds.feedburner.com/ruanyifeng
[2026-01-10 04:36:24] 本次订阅抓取结果统计:
[2026-01-10 04:36:24] 共 28 条RSS, 成功抓取 24 条.
[2026-01-10 04:36:24] ✘ 有 4 条订阅解析失败:
[2026-01-10 04:36:24] - https://oba.by/feed
[2026-01-10 04:36:24] - https://tcxx.info/feed
[2026-01-10 04:36:24] - https://tumutanzi.com/feed
[2026-01-10 04:36:24] - https://geekinney.com/index.xml
[2026-01-10 04:36:24] ✘ 有 1 条订阅头像无法访问, 已使用默认头像:
[2026-01-10 04:36:24] - http://feeds.feedburner.com/ruanyifeng
[2026-01-10 05:25:09] 本次订阅抓取结果统计:
[2026-01-10 05:25:09] 共 28 条RSS, 成功抓取 24 条.
[2026-01-10 05:25:09] ✘ 有 4 条订阅解析失败:
[2026-01-10 05:25:09] - https://oba.by/feed
[2026-01-10 05:25:09] - https://tumutanzi.com/feed
[2026-01-10 05:25:09] - https://tcxx.info/feed
[2026-01-10 05:25:09] - https://geekinney.com/index.xml
[2026-01-10 05:25:09] ✘ 有 1 条订阅头像无法访问, 已使用默认头像:
[2026-01-10 05:25:09] - http://feeds.feedburner.com/ruanyifeng
[2026-01-10 06:35:12] 本次订阅抓取结果统计:
[2026-01-10 06:35:12] 共 28 条RSS, 成功抓取 24 条.
[2026-01-10 06:35:12] ✘ 有 4 条订阅解析失败:
[2026-01-10 06:35:12] - https://oba.by/feed
[2026-01-10 06:35:12] - https://tcxx.info/feed
[2026-01-10 06:35:12] - https://tumutanzi.com/feed
[2026-01-10 06:35:12] - https://geekinney.com/index.xml
[2026-01-10 06:35:12] ✘ 有 1 条订阅头像无法访问, 已使用默认头像:
[2026-01-10 06:35:12] - http://feeds.feedburner.com/ruanyifeng
[2026-01-10 07:22:41] 本次订阅抓取结果统计:
[2026-01-10 07:22:41] 共 28 条RSS, 成功抓取 24 条.
[2026-01-10 07:22:41] ✘ 有 4 条订阅解析失败:
[2026-01-10 07:22:41] - https://oba.by/feed
[2026-01-10 07:22:41] - https://tumutanzi.com/feed
[2026-01-10 07:22:41] - https://tcxx.info/feed
[2026-01-10 07:22:41] - https://geekinney.com/index.xml
[2026-01-10 07:22:41] ✘ 有 1 条订阅头像无法访问, 已使用默认头像:
[2026-01-10 07:22:41] - http://feeds.feedburner.com/ruanyifeng
[2026-01-10 08:31:02] 本次订阅抓取结果统计:
[2026-01-10 08:31:02] 共 28 条RSS, 成功抓取 24 条.
[2026-01-10 08:31:02] ✘ 有 4 条订阅解析失败:
[2026-01-10 08:31:02] - https://oba.by/feed
[2026-01-10 08:31:02] - https://tumutanzi.com/feed
[2026-01-10 08:31:02] - https://tcxx.info/feed
[2026-01-10 08:31:02] - https://geekinney.com/index.xml
[2026-01-10 08:31:02] ✘ 有 2 条订阅头像无法访问, 已使用默认头像:
[2026-01-10 08:31:02] - http://feeds.feedburner.com/ruanyifeng
[2026-01-10 08:31:02] - https://xyzbz.cn/feed
[2026-01-10 09:24:36] 本次订阅抓取结果统计:
[2026-01-10 09:24:36] 共 28 条RSS, 成功抓取 24 条.
[2026-01-10 09:24:36] ✘ 有 4 条订阅解析失败:
[2026-01-10 09:24:36] - https://oba.by/feed
[2026-01-10 09:24:36] - https://tcxx.info/feed
[2026-01-10 09:24:36] - https://tumutanzi.com/feed
[2026-01-10 09:24:36] - https://geekinney.com/index.xml
[2026-01-10 09:24:36] ✘ 有 1 条订阅头像无法访问, 已使用默认头像:
[2026-01-10 09:24:36] - http://feeds.feedburner.com/ruanyifeng
[2026-01-10 10:24:37] 本次订阅抓取结果统计:
[2026-01-10 10:24:37] 共 28 条RSS, 成功抓取 24 条.
[2026-01-10 10:24:37] ✘ 有 4 条订阅解析失败:
[2026-01-10 10:24:37] - https://oba.by/feed
[2026-01-10 10:24:37] - https://tcxx.info/feed
[2026-01-10 10:24:37] - https://tumutanzi.com/feed
[2026-01-10 10:24:37] - https://geekinney.com/index.xml
[2026-01-10 10:24:37] ✘ 有 1 条订阅头像无法访问, 已使用默认头像:
[2026-01-10 10:24:37] - http://feeds.feedburner.com/ruanyifeng
[2026-01-10 11:19:43] 本次订阅抓取结果统计:
[2026-01-10 11:19:43] 共 28 条RSS, 成功抓取 24 条.
[2026-01-10 11:19:43] ✘ 有 4 条订阅解析失败:
[2026-01-10 11:19:43] - https://oba.by/feed
[2026-01-10 11:19:43] - https://tumutanzi.com/feed
[2026-01-10 11:19:43] - https://tcxx.info/feed
[2026-01-10 11:19:43] - https://geekinney.com/index.xml
[2026-01-10 11:19:43] ✘ 有 2 条订阅头像无法访问, 已使用默认头像:
[2026-01-10 11:19:43] - http://feeds.feedburner.com/ruanyifeng
[2026-01-10 11:19:43] - https://xyzbz.cn/feed
[2026-01-10 12:47:13] 本次订阅抓取结果统计:
[2026-01-10 12:47:13] 共 28 条RSS, 成功抓取 24 条.
[2026-01-10 12:47:13] ✘ 有 4 条订阅解析失败:
[2026-01-10 12:47:13] - https://oba.by/feed
[2026-01-10 12:47:13] - https://tcxx.info/feed
[2026-01-10 12:47:13] - https://tumutanzi.com/feed
[2026-01-10 12:47:13] - https://geekinney.com/index.xml
[2026-01-10 12:47:13] ✘ 有 1 条订阅头像无法访问, 已使用默认头像:
[2026-01-10 12:47:13] - http://feeds.feedburner.com/ruanyifeng
[2026-01-10 13:31:17] 本次订阅抓取结果统计:
[2026-01-10 13:31:17] 共 28 条RSS, 成功抓取 24 条.
[2026-01-10 13:31:17] ✘ 有 4 条订阅解析失败:
[2026-01-10 13:31:17] - https://oba.by/feed
[2026-01-10 13:31:17] - https://tcxx.info/feed
[2026-01-10 13:31:17] - https://tumutanzi.com/feed
[2026-01-10 13:31:17] - https://geekinney.com/index.xml
[2026-01-10 13:31:17] ✘ 有 1 条订阅头像无法访问, 已使用默认头像:
[2026-01-10 13:31:17] - http://feeds.feedburner.com/ruanyifeng
