[2026-02-24 02:29:39] 本次订阅抓取结果统计:
[2026-02-24 02:29:39] 共 28 条RSS, 成功抓取 24 条.
[2026-02-24 02:29:39] ✘ 有 4 条订阅解析失败:
[2026-02-24 02:29:39] - https://blog.pursuitus.com/feed
[2026-02-24 02:29:39] - https://tcxx.info/feed
[2026-02-24 02:29:39] - https://tumutanzi.com/feed
[2026-02-24 02:29:39] - https://geekinney.com/index.xml
[2026-02-24 02:29:39] ✘ 有 2 条订阅头像无法访问, 已使用默认头像:
[2026-02-24 02:29:39] - https://hwv430.blogspot.com/feeds/posts/default
[2026-02-24 02:29:39] - http://feeds.feedburner.com/ruanyifeng
[2026-02-24 04:55:07] 本次订阅抓取结果统计:
[2026-02-24 04:55:07] 共 28 条RSS, 成功抓取 23 条.
[2026-02-24 04:55:07] ✘ 有 5 条订阅解析失败:
[2026-02-24 04:55:07] - https://blog.pursuitus.com/feed
[2026-02-24 04:55:07] - https://tcxx.info/feed
[2026-02-24 04:55:07] - https://tumutanzi.com/feed
[2026-02-24 04:55:07] - https://geekinney.com/index.xml
[2026-02-24 04:55:07] - https://wangpei.net/feed
[2026-02-24 04:55:07] ✘ 有 1 条订阅头像无法访问, 已使用默认头像:
[2026-02-24 04:55:07] - http://feeds.feedburner.com/ruanyifeng
[2026-02-24 06:01:33] 本次订阅抓取结果统计:
[2026-02-24 06:01:33] 共 28 条RSS, 成功抓取 24 条.
[2026-02-24 06:01:33] ✘ 有 4 条订阅解析失败:
[2026-02-24 06:01:33] - https://blog.pursuitus.com/feed
[2026-02-24 06:01:33] - https://tcxx.info/feed
[2026-02-24 06:01:33] - https://tumutanzi.com/feed
[2026-02-24 06:01:33] - https://geekinney.com/index.xml
[2026-02-24 06:01:33] ✘ 有 1 条订阅头像无法访问, 已使用默认头像:
[2026-02-24 06:01:33] - http://feeds.feedburner.com/ruanyifeng
[2026-02-24 07:52:26] 本次订阅抓取结果统计:
[2026-02-24 07:52:26] 共 28 条RSS, 成功抓取 24 条.
[2026-02-24 07:52:26] ✘ 有 4 条订阅解析失败:
[2026-02-24 07:52:26] - https://blog.pursuitus.com/feed
[2026-02-24 07:52:26] - https://tcxx.info/feed
[2026-02-24 07:52:26] - https://tumutanzi.com/feed
[2026-02-24 07:52:26] - https://geekinney.com/index.xml
[2026-02-24 07:52:26] ✘ 有 1 条订阅头像无法访问, 已使用默认头像:
[2026-02-24 07:52:26] - http://feeds.feedburner.com/ruanyifeng
[2026-02-24 08:54:17] 本次订阅抓取结果统计:
[2026-02-24 08:54:17] 共 28 条RSS, 成功抓取 24 条.
[2026-02-24 08:54:17] ✘ 有 4 条订阅解析失败:
[2026-02-24 08:54:17] - https://blog.pursuitus.com/feed
[2026-02-24 08:54:17] - https://tumutanzi.com/feed
[2026-02-24 08:54:17] - https://tcxx.info/feed
[2026-02-24 08:54:17] - https://geekinney.com/index.xml
[2026-02-24 08:54:17] ✘ 有 1 条订阅头像无法访问, 已使用默认头像:
[2026-02-24 08:54:17] - http://feeds.feedburner.com/ruanyifeng
[2026-02-24 09:56:00] 本次订阅抓取结果统计:
[2026-02-24 09:56:00] 共 28 条RSS, 成功抓取 24 条.
[2026-02-24 09:56:00] ✘ 有 4 条订阅解析失败:
[2026-02-24 09:56:00] - https://blog.pursuitus.com/feed
[2026-02-24 09:56:00] - https://tcxx.info/feed
[2026-02-24 09:56:00] - https://tumutanzi.com/feed
[2026-02-24 09:56:00] - https://geekinney.com/index.xml
[2026-02-24 09:56:00] ✘ 有 2 条订阅头像无法访问, 已使用默认头像:
[2026-02-24 09:56:00] - http://feeds.feedburner.com/ruanyifeng
[2026-02-24 09:56:00] - https://www.loyhome.com/feed
[2026-02-24 10:53:51] 本次订阅抓取结果统计:
[2026-02-24 10:53:51] 共 28 条RSS, 成功抓取 24 条.
[2026-02-24 10:53:51] ✘ 有 4 条订阅解析失败:
[2026-02-24 10:53:51] - https://blog.pursuitus.com/feed
[2026-02-24 10:53:51] - https://tcxx.info/feed
[2026-02-24 10:53:51] - https://tumutanzi.com/feed
[2026-02-24 10:53:51] - https://geekinney.com/index.xml
[2026-02-24 10:53:51] ✘ 有 2 条订阅头像无法访问, 已使用默认头像:
[2026-02-24 10:53:51] - https://hwv430.blogspot.com/feeds/posts/default
[2026-02-24 10:53:51] - http://feeds.feedburner.com/ruanyifeng
[2026-02-24 11:42:41] 本次订阅抓取结果统计:
[2026-02-24 11:42:41] 共 28 条RSS, 成功抓取 24 条.
[2026-02-24 11:42:41] ✘ 有 4 条订阅解析失败:
[2026-02-24 11:42:41] - https://blog.pursuitus.com/feed
[2026-02-24 11:42:41] - https://tcxx.info/feed
[2026-02-24 11:42:41] - https://tumutanzi.com/feed
[2026-02-24 11:42:41] - https://geekinney.com/index.xml
[2026-02-24 11:42:41] ✘ 有 2 条订阅头像无法访问, 已使用默认头像:
[2026-02-24 11:42:41] - https://hwv430.blogspot.com/feeds/posts/default
[2026-02-24 11:42:41] - http://feeds.feedburner.com/ruanyifeng
[2026-02-24 13:14:21] 本次订阅抓取结果统计:
[2026-02-24 13:14:21] 共 28 条RSS, 成功抓取 24 条.
[2026-02-24 13:14:21] ✘ 有 4 条订阅解析失败:
[2026-02-24 13:14:21] - https://blog.pursuitus.com/feed
[2026-02-24 13:14:21] - https://tcxx.info/feed
[2026-02-24 13:14:21] - https://tumutanzi.com/feed
[2026-02-24 13:14:21] - https://geekinney.com/index.xml
[2026-02-24 13:14:21] ✘ 有 1 条订阅头像无法访问, 已使用默认头像:
[2026-02-24 13:14:21] - http://feeds.feedburner.com/ruanyifeng
[2026-02-24 14:54:45] 本次订阅抓取结果统计:
[2026-02-24 14:54:45] 共 28 条RSS, 成功抓取 23 条.
[2026-02-24 14:54:45] ✘ 有 5 条订阅解析失败:
[2026-02-24 14:54:45] - https://geekinney.com/index.xml
[2026-02-24 14:54:45] - https://wangpei.net/feed
[2026-02-24 14:54:45] - https://tcxx.info/feed
[2026-02-24 14:54:45] - https://tumutanzi.com/feed
[2026-02-24 14:54:45] - https://blog.pursuitus.com/feed
[2026-02-24 14:54:45] ✘ 有 4 条订阅头像无法访问, 已使用默认头像:
[2026-02-24 14:54:45] - https://xyzbz.cn/feed
[2026-02-24 14:54:45] - https://blog.ursb.me/feed.xml
[2026-02-24 14:54:45] - http://feeds.feedburner.com/ruanyifeng
[2026-02-24 14:54:45] - http://feeds.kenengba.com/kenengbarss
[2026-02-24 16:03:56] 本次订阅抓取结果统计:
[2026-02-24 16:03:56] 共 28 条RSS, 成功抓取 24 条.
[2026-02-24 16:03:56] ✘ 有 4 条订阅解析失败:
[2026-02-24 16:03:56] - https://blog.pursuitus.com/feed
[2026-02-24 16:03:56] - https://geekinney.com/index.xml
[2026-02-24 16:03:56] - https://tcxx.info/feed
[2026-02-24 16:03:56] - https://tumutanzi.com/feed
[2026-02-24 16:03:56] ✘ 有 2 条订阅头像无法访问, 已使用默认头像:
[2026-02-24 16:03:56] - http://feeds.feedburner.com/ruanyifeng
[2026-02-24 16:03:56] - http://feeds.kenengba.com/kenengbarss
[2026-02-24 17:57:22] 本次订阅抓取结果统计:
[2026-02-24 17:57:22] 共 28 条RSS, 成功抓取 24 条.
[2026-02-24 17:57:22] ✘ 有 4 条订阅解析失败:
[2026-02-24 17:57:22] - https://blog.pursuitus.com/feed
[2026-02-24 17:57:22] - https://tcxx.info/feed
[2026-02-24 17:57:22] - https://tumutanzi.com/feed
[2026-02-24 17:57:22] - https://geekinney.com/index.xml
[2026-02-24 17:57:22] ✘ 有 2 条订阅头像无法访问, 已使用默认头像:
[2026-02-24 17:57:22] - http://feeds.feedburner.com/ruanyifeng
[2026-02-24 17:57:22] - https://www.loyhome.com/feed
[2026-02-24 19:13:04] 本次订阅抓取结果统计:
[2026-02-24 19:13:04] 共 28 条RSS, 成功抓取 24 条.
[2026-02-24 19:13:04] ✘ 有 4 条订阅解析失败:
[2026-02-24 19:13:04] - https://blog.pursuitus.com/feed
[2026-02-24 19:13:04] - https://tcxx.info/feed
[2026-02-24 19:13:04] - https://tumutanzi.com/feed
[2026-02-24 19:13:04] - https://geekinney.com/index.xml
[2026-02-24 19:13:04] ✘ 有 1 条订阅头像无法访问, 已使用默认头像:
[2026-02-24 19:13:04] - http://feeds.feedburner.com/ruanyifeng
[2026-02-24 20:40:34] 本次订阅抓取结果统计:
[2026-02-24 20:40:34] 共 28 条RSS, 成功抓取 24 条.
[2026-02-24 20:40:34] ✘ 有 4 条订阅解析失败:
[2026-02-24 20:40:34] - https://blog.pursuitus.com/feed
[2026-02-24 20:40:34] - https://tumutanzi.com/feed
[2026-02-24 20:40:34] - https://tcxx.info/feed
[2026-02-24 20:40:34] - https://geekinney.com/index.xml
[2026-02-24 20:40:34] ✘ 有 3 条订阅头像无法访问, 已使用默认头像:
[2026-02-24 20:40:34] - http://feeds.feedburner.com/ruanyifeng
[2026-02-24 20:40:34] - https://www.loyhome.com/feed
[2026-02-24 20:40:34] - https://xyzbz.cn/feed
[2026-02-24 21:38:57] 本次订阅抓取结果统计:
[2026-02-24 21:38:57] 共 28 条RSS, 成功抓取 24 条.
[2026-02-24 21:38:57] ✘ 有 4 条订阅解析失败:
[2026-02-24 21:38:57] - https://blog.pursuitus.com/feed
[2026-02-24 21:38:57] - https://tcxx.info/feed
[2026-02-24 21:38:57] - https://tumutanzi.com/feed
[2026-02-24 21:38:57] - https://geekinney.com/index.xml
[2026-02-24 21:38:57] ✘ 有 2 条订阅头像无法访问, 已使用默认头像:
[2026-02-24 21:38:57] - https://www.loyhome.com/feed
[2026-02-24 21:38:57] - http://feeds.feedburner.com/ruanyifeng
[2026-02-24 22:37:31] 本次订阅抓取结果统计:
[2026-02-24 22:37:31] 共 28 条RSS, 成功抓取 24 条.
[2026-02-24 22:37:31] ✘ 有 4 条订阅解析失败:
[2026-02-24 22:37:31] - https://blog.pursuitus.com/feed
[2026-02-24 22:37:31] - https://tcxx.info/feed
[2026-02-24 22:37:31] - https://tumutanzi.com/feed
[2026-02-24 22:37:31] - https://geekinney.com/index.xml
[2026-02-24 22:37:31] ✘ 有 1 条订阅头像无法访问, 已使用默认头像:
[2026-02-24 22:37:31] - http://feeds.feedburner.com/ruanyifeng
