[2026-04-18 02:43:16] 本次订阅抓取结果统计:
[2026-04-18 02:43:16] 共 28 条RSS, 成功抓取 23 条.
[2026-04-18 02:43:16] ✘ 有 5 条订阅解析失败:
[2026-04-18 02:43:16] - https://blog.pursuitus.com/feed
[2026-04-18 02:43:16] - https://geekinney.com/index.xml
[2026-04-18 02:43:16] - https://tumutanzi.com/feed
[2026-04-18 02:43:16] - https://tcxx.info/feed
[2026-04-18 02:43:16] - https://www.shephe.com/feed
[2026-04-18 02:43:16] ✘ 有 4 条订阅头像无法访问, 已使用默认头像:
[2026-04-18 02:43:16] - https://www.loyhome.com/feed
[2026-04-18 02:43:16] - https://hwv430.blogspot.com/feeds/posts/default
[2026-04-18 02:43:16] - http://feeds.feedburner.com/ruanyifeng
[2026-04-18 02:43:16] - https://xyzbz.cn/feed
[2026-04-18 05:10:25] 本次订阅抓取结果统计:
[2026-04-18 05:10:25] 共 28 条RSS, 成功抓取 23 条.
[2026-04-18 05:10:25] ✘ 有 5 条订阅解析失败:
[2026-04-18 05:10:25] - https://blog.pursuitus.com/feed
[2026-04-18 05:10:25] - https://geekinney.com/index.xml
[2026-04-18 05:10:25] - https://tcxx.info/feed
[2026-04-18 05:10:25] - https://tumutanzi.com/feed
[2026-04-18 05:10:25] - https://www.shephe.com/feed
[2026-04-18 05:10:25] ✘ 有 2 条订阅头像无法访问, 已使用默认头像:
[2026-04-18 05:10:25] - https://www.loyhome.com/feed
[2026-04-18 05:10:25] - http://feeds.feedburner.com/ruanyifeng
