[2026-06-18 04:18:56] 本次订阅抓取结果统计:
[2026-06-18 04:18:56] 共 28 条RSS, 成功抓取 24 条.
[2026-06-18 04:18:56] ✘ 有 4 条订阅解析失败:
[2026-06-18 04:18:56] - https://blog.pursuitus.com/feed
[2026-06-18 04:18:56] - https://geekinney.com/index.xml
[2026-06-18 04:18:56] - https://tcxx.info/feed
[2026-06-18 04:18:56] - https://www.shephe.com/feed
[2026-06-18 04:18:56] ✘ 有 3 条订阅头像无法访问, 已使用默认头像:
[2026-06-18 04:18:56] - https://www.loyhome.com/feed
[2026-06-18 04:18:56] - http://feeds.feedburner.com/ruanyifeng
[2026-06-18 04:18:56] - https://xyzbz.cn/feed
[2026-06-18 09:17:45] 本次订阅抓取结果统计:
[2026-06-18 09:17:45] 共 28 条RSS, 成功抓取 24 条.
[2026-06-18 09:17:45] ✘ 有 4 条订阅解析失败:
[2026-06-18 09:17:45] - https://blog.pursuitus.com/feed
[2026-06-18 09:17:45] - https://geekinney.com/index.xml
[2026-06-18 09:17:45] - https://tcxx.info/feed
[2026-06-18 09:17:45] - https://www.shephe.com/feed
[2026-06-18 09:17:45] ✘ 有 3 条订阅头像无法访问, 已使用默认头像:
[2026-06-18 09:17:45] - https://www.loyhome.com/feed
[2026-06-18 09:17:45] - http://feeds.feedburner.com/ruanyifeng
[2026-06-18 09:17:45] - https://xyzbz.cn/feed
