[2026-05-21 04:03:02] 本次订阅抓取结果统计:
[2026-05-21 04:03:02] 共 28 条RSS, 成功抓取 23 条.
[2026-05-21 04:03:02] ✘ 有 5 条订阅解析失败:
[2026-05-21 04:03:02] - https://blog.pursuitus.com/feed
[2026-05-21 04:03:02] - https://geekinney.com/index.xml
[2026-05-21 04:03:02] - https://tumutanzi.com/feed
[2026-05-21 04:03:02] - https://tcxx.info/feed
[2026-05-21 04:03:02] - https://www.shephe.com/feed
[2026-05-21 04:03:02] ✘ 有 3 条订阅头像无法访问, 已使用默认头像:
[2026-05-21 04:03:02] - https://www.loyhome.com/feed
[2026-05-21 04:03:02] - http://feeds.feedburner.com/ruanyifeng
[2026-05-21 04:03:02] - https://xyzbz.cn/feed
[2026-05-21 08:33:20] 本次订阅抓取结果统计:
[2026-05-21 08:33:20] 共 28 条RSS, 成功抓取 23 条.
[2026-05-21 08:33:20] ✘ 有 5 条订阅解析失败:
[2026-05-21 08:33:20] - https://blog.pursuitus.com/feed
[2026-05-21 08:33:20] - https://geekinney.com/index.xml
[2026-05-21 08:33:20] - https://tcxx.info/feed
[2026-05-21 08:33:20] - https://tumutanzi.com/feed
[2026-05-21 08:33:20] - https://www.shephe.com/feed
[2026-05-21 08:33:20] ✘ 有 3 条订阅头像无法访问, 已使用默认头像:
[2026-05-21 08:33:20] - https://www.loyhome.com/feed
[2026-05-21 08:33:20] - https://xyzbz.cn/feed
[2026-05-21 08:33:20] - http://feeds.feedburner.com/ruanyifeng
[2026-05-21 12:16:33] 本次订阅抓取结果统计:
[2026-05-21 12:16:33] 共 28 条RSS, 成功抓取 23 条.
[2026-05-21 12:16:33] ✘ 有 5 条订阅解析失败:
[2026-05-21 12:16:33] - https://blog.pursuitus.com/feed
[2026-05-21 12:16:33] - https://geekinney.com/index.xml
[2026-05-21 12:16:33] - https://tcxx.info/feed
[2026-05-21 12:16:33] - https://tumutanzi.com/feed
[2026-05-21 12:16:33] - https://www.shephe.com/feed
[2026-05-21 12:16:33] ✘ 有 3 条订阅头像无法访问, 已使用默认头像:
[2026-05-21 12:16:33] - https://www.loyhome.com/feed
[2026-05-21 12:16:33] - https://xyzbz.cn/feed
[2026-05-21 12:16:33] - http://feeds.feedburner.com/ruanyifeng
[2026-05-21 16:16:37] 本次订阅抓取结果统计:
[2026-05-21 16:16:37] 共 28 条RSS, 成功抓取 23 条.
[2026-05-21 16:16:37] ✘ 有 5 条订阅解析失败:
[2026-05-21 16:16:37] - https://blog.pursuitus.com/feed
[2026-05-21 16:16:37] - https://www.shephe.com/feed
[2026-05-21 16:16:37] - https://geekinney.com/index.xml
[2026-05-21 16:16:37] - https://tcxx.info/feed
[2026-05-21 16:16:37] - https://tumutanzi.com/feed
[2026-05-21 16:16:37] ✘ 有 3 条订阅头像无法访问, 已使用默认头像:
[2026-05-21 16:16:37] - https://www.loyhome.com/feed
[2026-05-21 16:16:37] - https://xyzbz.cn/feed
[2026-05-21 16:16:37] - http://feeds.feedburner.com/ruanyifeng
[2026-05-21 18:58:51] 本次订阅抓取结果统计:
[2026-05-21 18:58:51] 共 28 条RSS, 成功抓取 23 条.
[2026-05-21 18:58:51] ✘ 有 5 条订阅解析失败:
[2026-05-21 18:58:51] - https://blog.pursuitus.com/feed
[2026-05-21 18:58:51] - https://geekinney.com/index.xml
[2026-05-21 18:58:51] - https://tumutanzi.com/feed
[2026-05-21 18:58:51] - https://tcxx.info/feed
[2026-05-21 18:58:51] - https://www.shephe.com/feed
[2026-05-21 18:58:51] ✘ 有 3 条订阅头像无法访问, 已使用默认头像:
[2026-05-21 18:58:51] - https://www.loyhome.com/feed
[2026-05-21 18:58:51] - http://feeds.feedburner.com/ruanyifeng
[2026-05-21 18:58:51] - https://xyzbz.cn/feed
