[2026-07-22 00:01:03] 本次订阅抓取结果统计:
[2026-07-22 00:01:03] 共 28 条RSS, 成功抓取 25 条.
[2026-07-22 00:01:03] ✘ 有 3 条订阅解析失败:
[2026-07-22 00:01:03] - https://geekinney.com/index.xml
[2026-07-22 00:01:03] - https://tcxx.info/feed
[2026-07-22 00:01:03] - https://www.shephe.com/feed
[2026-07-22 00:01:03] ✘ 有 2 条订阅头像无法访问, 已使用默认头像:
[2026-07-22 00:01:03] - https://www.loyhome.com/feed
[2026-07-22 00:01:03] - http://feeds.feedburner.com/ruanyifeng
[2026-07-22 04:18:36] 本次订阅抓取结果统计:
[2026-07-22 04:18:36] 共 28 条RSS, 成功抓取 24 条.
[2026-07-22 04:18:36] ✘ 有 4 条订阅解析失败:
[2026-07-22 04:18:36] - https://geekinney.com/index.xml
[2026-07-22 04:18:36] - https://tcxx.info/feed
[2026-07-22 04:18:36] - https://www.shephe.com/feed
[2026-07-22 04:18:36] - https://tumutanzi.com/feed
[2026-07-22 04:18:36] ✘ 有 2 条订阅头像无法访问, 已使用默认头像:
[2026-07-22 04:18:36] - https://www.loyhome.com/feed
[2026-07-22 04:18:36] - http://feeds.feedburner.com/ruanyifeng
[2026-07-22 07:35:51] 本次订阅抓取结果统计:
[2026-07-22 07:35:51] 共 28 条RSS, 成功抓取 25 条.
[2026-07-22 07:35:51] ✘ 有 3 条订阅解析失败:
[2026-07-22 07:35:51] - https://geekinney.com/index.xml
[2026-07-22 07:35:51] - https://tcxx.info/feed
[2026-07-22 07:35:51] - https://www.shephe.com/feed
[2026-07-22 07:35:51] ✘ 有 2 条订阅头像无法访问, 已使用默认头像:
[2026-07-22 07:35:51] - https://www.loyhome.com/feed
[2026-07-22 07:35:51] - http://feeds.feedburner.com/ruanyifeng
[2026-07-22 10:27:57] 本次订阅抓取结果统计:
[2026-07-22 10:27:57] 共 28 条RSS, 成功抓取 25 条.
[2026-07-22 10:27:57] ✘ 有 3 条订阅解析失败:
[2026-07-22 10:27:57] - https://geekinney.com/index.xml
[2026-07-22 10:27:57] - https://tcxx.info/feed
[2026-07-22 10:27:57] - https://www.shephe.com/feed
[2026-07-22 10:27:57] ✘ 有 2 条订阅头像无法访问, 已使用默认头像:
[2026-07-22 10:27:57] - https://www.loyhome.com/feed
[2026-07-22 10:27:57] - http://feeds.feedburner.com/ruanyifeng
[2026-07-22 12:26:24] 本次订阅抓取结果统计:
[2026-07-22 12:26:24] 共 28 条RSS, 成功抓取 24 条.
[2026-07-22 12:26:24] ✘ 有 4 条订阅解析失败:
[2026-07-22 12:26:24] - https://geekinney.com/index.xml
[2026-07-22 12:26:24] - https://tcxx.info/feed
[2026-07-22 12:26:24] - https://tumutanzi.com/feed
[2026-07-22 12:26:24] - https://www.shephe.com/feed
[2026-07-22 12:26:24] ✘ 有 2 条订阅头像无法访问, 已使用默认头像:
[2026-07-22 12:26:24] - https://www.loyhome.com/feed
[2026-07-22 12:26:24] - http://feeds.feedburner.com/ruanyifeng
