[2026-07-12 03:44:19] 本次订阅抓取结果统计:
[2026-07-12 03:44:19] 共 28 条RSS, 成功抓取 24 条.
[2026-07-12 03:44:19] ✘ 有 4 条订阅解析失败:
[2026-07-12 03:44:19] - https://blog.pursuitus.com/feed
[2026-07-12 03:44:19] - https://geekinney.com/index.xml
[2026-07-12 03:44:19] - https://tcxx.info/feed
[2026-07-12 03:44:19] - https://www.shephe.com/feed
[2026-07-12 03:44:19] ✘ 有 2 条订阅头像无法访问, 已使用默认头像:
[2026-07-12 03:44:19] - https://www.loyhome.com/feed
[2026-07-12 03:44:19] - http://feeds.feedburner.com/ruanyifeng
[2026-07-12 06:35:59] 本次订阅抓取结果统计:
[2026-07-12 06:35:59] 共 28 条RSS, 成功抓取 24 条.
[2026-07-12 06:35:59] ✘ 有 4 条订阅解析失败:
[2026-07-12 06:35:59] - https://blog.pursuitus.com/feed
[2026-07-12 06:35:59] - https://geekinney.com/index.xml
[2026-07-12 06:35:59] - https://tcxx.info/feed
[2026-07-12 06:35:59] - https://www.shephe.com/feed
[2026-07-12 06:35:59] ✘ 有 2 条订阅头像无法访问, 已使用默认头像:
[2026-07-12 06:35:59] - https://www.loyhome.com/feed
[2026-07-12 06:35:59] - http://feeds.feedburner.com/ruanyifeng
[2026-07-12 09:04:16] 本次订阅抓取结果统计:
[2026-07-12 09:04:16] 共 28 条RSS, 成功抓取 23 条.
[2026-07-12 09:04:16] ✘ 有 5 条订阅解析失败:
[2026-07-12 09:04:16] - https://blog.pursuitus.com/feed
[2026-07-12 09:04:16] - https://geekinney.com/index.xml
[2026-07-12 09:04:16] - https://tcxx.info/feed
[2026-07-12 09:04:16] - https://tumutanzi.com/feed
[2026-07-12 09:04:16] - https://www.shephe.com/feed
[2026-07-12 09:04:16] ✘ 有 2 条订阅头像无法访问, 已使用默认头像:
[2026-07-12 09:04:16] - https://www.loyhome.com/feed
[2026-07-12 09:04:16] - http://feeds.feedburner.com/ruanyifeng
[2026-07-12 11:12:56] 本次订阅抓取结果统计:
[2026-07-12 11:12:56] 共 28 条RSS, 成功抓取 24 条.
[2026-07-12 11:12:56] ✘ 有 4 条订阅解析失败:
[2026-07-12 11:12:56] - https://blog.pursuitus.com/feed
[2026-07-12 11:12:56] - https://geekinney.com/index.xml
[2026-07-12 11:12:56] - https://tcxx.info/feed
[2026-07-12 11:12:56] - https://www.shephe.com/feed
[2026-07-12 11:12:56] ✘ 有 2 条订阅头像无法访问, 已使用默认头像:
[2026-07-12 11:12:56] - https://www.loyhome.com/feed
[2026-07-12 11:12:56] - http://feeds.feedburner.com/ruanyifeng
[2026-07-12 13:26:35] 本次订阅抓取结果统计:
[2026-07-12 13:26:35] 共 28 条RSS, 成功抓取 23 条.
[2026-07-12 13:26:35] ✘ 有 5 条订阅解析失败:
[2026-07-12 13:26:35] - https://blog.pursuitus.com/feed
[2026-07-12 13:26:35] - https://geekinney.com/index.xml
[2026-07-12 13:26:35] - https://tcxx.info/feed
[2026-07-12 13:26:35] - https://tumutanzi.com/feed
[2026-07-12 13:26:35] - https://www.shephe.com/feed
[2026-07-12 13:26:35] ✘ 有 3 条订阅头像无法访问, 已使用默认头像:
[2026-07-12 13:26:35] - https://www.loyhome.com/feed
[2026-07-12 13:26:35] - http://feeds.feedburner.com/ruanyifeng
[2026-07-12 13:26:35] - https://xyzbz.cn/feed
[2026-07-12 15:01:36] 本次订阅抓取结果统计:
[2026-07-12 15:01:36] 共 28 条RSS, 成功抓取 24 条.
[2026-07-12 15:01:36] ✘ 有 4 条订阅解析失败:
[2026-07-12 15:01:36] - https://blog.pursuitus.com/feed
[2026-07-12 15:01:36] - https://tcxx.info/feed
[2026-07-12 15:01:36] - https://geekinney.com/index.xml
[2026-07-12 15:01:36] - https://www.shephe.com/feed
[2026-07-12 15:01:36] ✘ 有 2 条订阅头像无法访问, 已使用默认头像:
[2026-07-12 15:01:36] - https://www.loyhome.com/feed
[2026-07-12 15:01:36] - http://feeds.feedburner.com/ruanyifeng
[2026-07-12 16:05:39] 本次订阅抓取结果统计:
[2026-07-12 16:05:39] 共 28 条RSS, 成功抓取 24 条.
[2026-07-12 16:05:39] ✘ 有 4 条订阅解析失败:
[2026-07-12 16:05:39] - https://blog.pursuitus.com/feed
[2026-07-12 16:05:39] - https://geekinney.com/index.xml
[2026-07-12 16:05:39] - https://tcxx.info/feed
[2026-07-12 16:05:39] - https://www.shephe.com/feed
[2026-07-12 16:05:39] ✘ 有 2 条订阅头像无法访问, 已使用默认头像:
[2026-07-12 16:05:39] - https://www.loyhome.com/feed
[2026-07-12 16:05:39] - http://feeds.feedburner.com/ruanyifeng
[2026-07-12 18:02:04] 本次订阅抓取结果统计:
[2026-07-12 18:02:04] 共 28 条RSS, 成功抓取 24 条.
[2026-07-12 18:02:04] ✘ 有 4 条订阅解析失败:
[2026-07-12 18:02:04] - https://blog.pursuitus.com/feed
[2026-07-12 18:02:04] - https://geekinney.com/index.xml
[2026-07-12 18:02:04] - https://www.shephe.com/feed
[2026-07-12 18:02:04] - https://tcxx.info/feed
[2026-07-12 18:02:04] ✘ 有 2 条订阅头像无法访问, 已使用默认头像:
[2026-07-12 18:02:04] - https://www.loyhome.com/feed
[2026-07-12 18:02:04] - http://feeds.feedburner.com/ruanyifeng
[2026-07-12 19:19:10] 本次订阅抓取结果统计:
[2026-07-12 19:19:10] 共 28 条RSS, 成功抓取 24 条.
[2026-07-12 19:19:10] ✘ 有 4 条订阅解析失败:
[2026-07-12 19:19:10] - https://blog.pursuitus.com/feed
[2026-07-12 19:19:10] - https://geekinney.com/index.xml
[2026-07-12 19:19:10] - https://tcxx.info/feed
[2026-07-12 19:19:10] - https://www.shephe.com/feed
[2026-07-12 19:19:10] ✘ 有 2 条订阅头像无法访问, 已使用默认头像:
[2026-07-12 19:19:10] - https://www.loyhome.com/feed
[2026-07-12 19:19:10] - http://feeds.feedburner.com/ruanyifeng
[2026-07-12 20:53:56] 本次订阅抓取结果统计:
[2026-07-12 20:53:56] 共 28 条RSS, 成功抓取 24 条.
[2026-07-12 20:53:56] ✘ 有 4 条订阅解析失败:
[2026-07-12 20:53:56] - https://blog.pursuitus.com/feed
[2026-07-12 20:53:56] - https://geekinney.com/index.xml
[2026-07-12 20:53:56] - https://tcxx.info/feed
[2026-07-12 20:53:56] - https://www.shephe.com/feed
[2026-07-12 20:53:56] ✘ 有 2 条订阅头像无法访问, 已使用默认头像:
[2026-07-12 20:53:56] - https://www.loyhome.com/feed
[2026-07-12 20:53:56] - http://feeds.feedburner.com/ruanyifeng
