[2026-05-06 03:30:26] 本次订阅抓取结果统计:
[2026-05-06 03:30:26] 共 28 条RSS, 成功抓取 24 条.
[2026-05-06 03:30:26] ✘ 有 4 条订阅解析失败:
[2026-05-06 03:30:26] - https://blog.pursuitus.com/feed
[2026-05-06 03:30:26] - https://geekinney.com/index.xml
[2026-05-06 03:30:26] - https://tumutanzi.com/feed
[2026-05-06 03:30:26] - https://tcxx.info/feed
[2026-05-06 03:30:26] ✘ 有 3 条订阅头像无法访问, 已使用默认头像:
[2026-05-06 03:30:26] - https://www.loyhome.com/feed
[2026-05-06 03:30:26] - http://feeds.feedburner.com/ruanyifeng
[2026-05-06 03:30:26] - https://xyzbz.cn/feed
[2026-05-06 06:32:23] 本次订阅抓取结果统计:
[2026-05-06 06:32:23] 共 28 条RSS, 成功抓取 24 条.
[2026-05-06 06:32:23] ✘ 有 4 条订阅解析失败:
[2026-05-06 06:32:23] - https://blog.pursuitus.com/feed
[2026-05-06 06:32:23] - https://tcxx.info/feed
[2026-05-06 06:32:23] - https://tumutanzi.com/feed
[2026-05-06 06:32:23] - https://geekinney.com/index.xml
[2026-05-06 06:32:23] ✘ 有 3 条订阅头像无法访问, 已使用默认头像:
[2026-05-06 06:32:23] - https://www.loyhome.com/feed
[2026-05-06 06:32:23] - http://feeds.feedburner.com/ruanyifeng
[2026-05-06 06:32:23] - https://xyzbz.cn/feed
[2026-05-06 09:25:27] 本次订阅抓取结果统计:
[2026-05-06 09:25:27] 共 28 条RSS, 成功抓取 24 条.
[2026-05-06 09:25:27] ✘ 有 4 条订阅解析失败:
[2026-05-06 09:25:27] - https://blog.pursuitus.com/feed
[2026-05-06 09:25:27] - https://geekinney.com/index.xml
[2026-05-06 09:25:27] - https://tcxx.info/feed
[2026-05-06 09:25:27] - https://tumutanzi.com/feed
[2026-05-06 09:25:27] ✘ 有 3 条订阅头像无法访问, 已使用默认头像:
[2026-05-06 09:25:27] - https://www.loyhome.com/feed
[2026-05-06 09:25:27] - https://xyzbz.cn/feed
[2026-05-06 09:25:27] - http://feeds.feedburner.com/ruanyifeng
[2026-05-06 11:50:11] 本次订阅抓取结果统计:
[2026-05-06 11:50:11] 共 28 条RSS, 成功抓取 24 条.
[2026-05-06 11:50:11] ✘ 有 4 条订阅解析失败:
[2026-05-06 11:50:11] - https://blog.pursuitus.com/feed
[2026-05-06 11:50:11] - https://geekinney.com/index.xml
[2026-05-06 11:50:11] - https://tcxx.info/feed
[2026-05-06 11:50:11] - https://tumutanzi.com/feed
[2026-05-06 11:50:11] ✘ 有 3 条订阅头像无法访问, 已使用默认头像:
[2026-05-06 11:50:11] - https://www.loyhome.com/feed
[2026-05-06 11:50:11] - https://xyzbz.cn/feed
[2026-05-06 11:50:11] - http://feeds.feedburner.com/ruanyifeng
[2026-05-06 14:22:27] 本次订阅抓取结果统计:
[2026-05-06 14:22:27] 共 28 条RSS, 成功抓取 24 条.
[2026-05-06 14:22:27] ✘ 有 4 条订阅解析失败:
[2026-05-06 14:22:27] - https://blog.pursuitus.com/feed
[2026-05-06 14:22:27] - https://geekinney.com/index.xml
[2026-05-06 14:22:27] - https://tcxx.info/feed
[2026-05-06 14:22:27] - https://tumutanzi.com/feed
[2026-05-06 14:22:27] ✘ 有 3 条订阅头像无法访问, 已使用默认头像:
[2026-05-06 14:22:27] - https://www.loyhome.com/feed
[2026-05-06 14:22:27] - http://feeds.feedburner.com/ruanyifeng
[2026-05-06 14:22:27] - https://xyzbz.cn/feed
[2026-05-06 16:44:14] 本次订阅抓取结果统计:
[2026-05-06 16:44:14] 共 28 条RSS, 成功抓取 24 条.
[2026-05-06 16:44:14] ✘ 有 4 条订阅解析失败:
[2026-05-06 16:44:14] - https://blog.pursuitus.com/feed
[2026-05-06 16:44:14] - https://tcxx.info/feed
[2026-05-06 16:44:14] - https://geekinney.com/index.xml
[2026-05-06 16:44:14] - https://tumutanzi.com/feed
[2026-05-06 16:44:14] ✘ 有 4 条订阅头像无法访问, 已使用默认头像:
[2026-05-06 16:44:14] - https://hwv430.blogspot.com/feeds/posts/default
[2026-05-06 16:44:14] - https://www.loyhome.com/feed
[2026-05-06 16:44:14] - https://xyzbz.cn/feed
[2026-05-06 16:44:14] - http://feeds.feedburner.com/ruanyifeng
[2026-05-06 18:19:16] 本次订阅抓取结果统计:
[2026-05-06 18:19:16] 共 28 条RSS, 成功抓取 24 条.
[2026-05-06 18:19:16] ✘ 有 4 条订阅解析失败:
[2026-05-06 18:19:16] - https://blog.pursuitus.com/feed
[2026-05-06 18:19:16] - https://geekinney.com/index.xml
[2026-05-06 18:19:16] - https://tcxx.info/feed
[2026-05-06 18:19:16] - https://tumutanzi.com/feed
[2026-05-06 18:19:16] ✘ 有 3 条订阅头像无法访问, 已使用默认头像:
[2026-05-06 18:19:16] - https://www.loyhome.com/feed
[2026-05-06 18:19:16] - http://feeds.feedburner.com/ruanyifeng
[2026-05-06 18:19:16] - https://xyzbz.cn/feed
[2026-05-06 20:25:35] 本次订阅抓取结果统计:
[2026-05-06 20:25:35] 共 28 条RSS, 成功抓取 24 条.
[2026-05-06 20:25:35] ✘ 有 4 条订阅解析失败:
[2026-05-06 20:25:35] - https://blog.pursuitus.com/feed
[2026-05-06 20:25:35] - https://geekinney.com/index.xml
[2026-05-06 20:25:35] - https://tumutanzi.com/feed
[2026-05-06 20:25:35] - https://tcxx.info/feed
[2026-05-06 20:25:35] ✘ 有 3 条订阅头像无法访问, 已使用默认头像:
[2026-05-06 20:25:35] - https://www.loyhome.com/feed
[2026-05-06 20:25:35] - http://feeds.feedburner.com/ruanyifeng
[2026-05-06 20:25:35] - https://xyzbz.cn/feed
