[2026-07-20 00:01:01] 本次订阅抓取结果统计:
[2026-07-20 00:01:01] 共 28 条RSS, 成功抓取 25 条.
[2026-07-20 00:01:01] ✘ 有 3 条订阅解析失败:
[2026-07-20 00:01:01] - https://geekinney.com/index.xml
[2026-07-20 00:01:01] - https://tcxx.info/feed
[2026-07-20 00:01:01] - https://www.shephe.com/feed
[2026-07-20 00:01:01] ✘ 有 2 条订阅头像无法访问, 已使用默认头像:
[2026-07-20 00:01:01] - https://www.loyhome.com/feed
[2026-07-20 00:01:01] - http://feeds.feedburner.com/ruanyifeng
[2026-07-20 04:37:07] 本次订阅抓取结果统计:
[2026-07-20 04:37:07] 共 28 条RSS, 成功抓取 24 条.
[2026-07-20 04:37:07] ✘ 有 4 条订阅解析失败:
[2026-07-20 04:37:07] - https://tcxx.info/feed
[2026-07-20 04:37:07] - https://geekinney.com/index.xml
[2026-07-20 04:37:07] - https://tumutanzi.com/feed
[2026-07-20 04:37:07] - https://www.shephe.com/feed
[2026-07-20 04:37:07] ✘ 有 2 条订阅头像无法访问, 已使用默认头像:
[2026-07-20 04:37:07] - https://www.loyhome.com/feed
[2026-07-20 04:37:07] - http://feeds.feedburner.com/ruanyifeng
[2026-07-20 08:07:18] 本次订阅抓取结果统计:
[2026-07-20 08:07:18] 共 28 条RSS, 成功抓取 25 条.
[2026-07-20 08:07:18] ✘ 有 3 条订阅解析失败:
[2026-07-20 08:07:18] - https://geekinney.com/index.xml
[2026-07-20 08:07:18] - https://tcxx.info/feed
[2026-07-20 08:07:18] - https://www.shephe.com/feed
[2026-07-20 08:07:18] ✘ 有 2 条订阅头像无法访问, 已使用默认头像:
[2026-07-20 08:07:18] - https://www.loyhome.com/feed
[2026-07-20 08:07:18] - http://feeds.feedburner.com/ruanyifeng
[2026-07-20 11:48:21] 本次订阅抓取结果统计:
[2026-07-20 11:48:21] 共 28 条RSS, 成功抓取 25 条.
[2026-07-20 11:48:21] ✘ 有 3 条订阅解析失败:
[2026-07-20 11:48:21] - https://tcxx.info/feed
[2026-07-20 11:48:21] - https://geekinney.com/index.xml
[2026-07-20 11:48:21] - https://www.shephe.com/feed
[2026-07-20 11:48:21] ✘ 有 3 条订阅头像无法访问, 已使用默认头像:
[2026-07-20 11:48:21] - https://www.loyhome.com/feed
[2026-07-20 11:48:21] - http://feeds.feedburner.com/ruanyifeng
[2026-07-20 11:48:21] - https://blog.yanqingshan.com/feed
[2026-07-20 14:11:37] 本次订阅抓取结果统计:
[2026-07-20 14:11:37] 共 28 条RSS, 成功抓取 25 条.
[2026-07-20 14:11:37] ✘ 有 3 条订阅解析失败:
[2026-07-20 14:11:37] - https://geekinney.com/index.xml
[2026-07-20 14:11:37] - https://tcxx.info/feed
[2026-07-20 14:11:37] - https://www.shephe.com/feed
[2026-07-20 14:11:37] ✘ 有 2 条订阅头像无法访问, 已使用默认头像:
[2026-07-20 14:11:37] - https://www.loyhome.com/feed
[2026-07-20 14:11:37] - http://feeds.feedburner.com/ruanyifeng
[2026-07-20 16:25:33] 本次订阅抓取结果统计:
[2026-07-20 16:25:33] 共 28 条RSS, 成功抓取 25 条.
[2026-07-20 16:25:33] ✘ 有 3 条订阅解析失败:
[2026-07-20 16:25:33] - https://geekinney.com/index.xml
[2026-07-20 16:25:33] - https://tcxx.info/feed
[2026-07-20 16:25:33] - https://www.shephe.com/feed
[2026-07-20 16:25:33] ✘ 有 2 条订阅头像无法访问, 已使用默认头像:
[2026-07-20 16:25:33] - https://www.loyhome.com/feed
[2026-07-20 16:25:33] - http://feeds.feedburner.com/ruanyifeng
