[2026-05-05 03:34:30] 本次订阅抓取结果统计:
[2026-05-05 03:34:30] 共 28 条RSS, 成功抓取 23 条.
[2026-05-05 03:34:30] ✘ 有 5 条订阅解析失败:
[2026-05-05 03:34:30] - https://blog.pursuitus.com/feed
[2026-05-05 03:34:30] - https://geekinney.com/index.xml
[2026-05-05 03:34:30] - https://tumutanzi.com/feed
[2026-05-05 03:34:30] - https://tcxx.info/feed
[2026-05-05 03:34:30] - https://blog.yanqingshan.com/feed
[2026-05-05 03:34:30] ✘ 有 4 条订阅头像无法访问, 已使用默认头像:
[2026-05-05 03:34:30] - https://blog.zhheo.com/rss.xml
[2026-05-05 03:34:30] - https://www.loyhome.com/feed
[2026-05-05 03:34:30] - https://xyzbz.cn/feed
[2026-05-05 03:34:30] - http://feeds.feedburner.com/ruanyifeng
[2026-05-05 06:19:26] 本次订阅抓取结果统计:
[2026-05-05 06:19:26] 共 28 条RSS, 成功抓取 24 条.
[2026-05-05 06:19:26] ✘ 有 4 条订阅解析失败:
[2026-05-05 06:19:26] - https://blog.pursuitus.com/feed
[2026-05-05 06:19:26] - https://geekinney.com/index.xml
[2026-05-05 06:19:26] - https://tcxx.info/feed
[2026-05-05 06:19:26] - https://tumutanzi.com/feed
[2026-05-05 06:19:26] ✘ 有 3 条订阅头像无法访问, 已使用默认头像:
[2026-05-05 06:19:26] - https://www.loyhome.com/feed
[2026-05-05 06:19:26] - http://feeds.feedburner.com/ruanyifeng
[2026-05-05 06:19:26] - https://xyzbz.cn/feed
[2026-05-05 09:08:38] 本次订阅抓取结果统计:
[2026-05-05 09:08:38] 共 28 条RSS, 成功抓取 24 条.
[2026-05-05 09:08:38] ✘ 有 4 条订阅解析失败:
[2026-05-05 09:08:38] - https://blog.pursuitus.com/feed
[2026-05-05 09:08:38] - https://geekinney.com/index.xml
[2026-05-05 09:08:38] - https://tcxx.info/feed
[2026-05-05 09:08:38] - https://tumutanzi.com/feed
[2026-05-05 09:08:38] ✘ 有 3 条订阅头像无法访问, 已使用默认头像:
[2026-05-05 09:08:38] - https://www.loyhome.com/feed
[2026-05-05 09:08:38] - http://feeds.feedburner.com/ruanyifeng
[2026-05-05 09:08:38] - https://xyzbz.cn/feed
[2026-05-05 11:17:09] 本次订阅抓取结果统计:
[2026-05-05 11:17:09] 共 28 条RSS, 成功抓取 24 条.
[2026-05-05 11:17:09] ✘ 有 4 条订阅解析失败:
[2026-05-05 11:17:09] - https://blog.pursuitus.com/feed
[2026-05-05 11:17:09] - https://geekinney.com/index.xml
[2026-05-05 11:17:09] - https://tumutanzi.com/feed
[2026-05-05 11:17:09] - https://tcxx.info/feed
[2026-05-05 11:17:09] ✘ 有 3 条订阅头像无法访问, 已使用默认头像:
[2026-05-05 11:17:09] - https://www.loyhome.com/feed
[2026-05-05 11:17:09] - http://feeds.feedburner.com/ruanyifeng
[2026-05-05 11:17:09] - https://xyzbz.cn/feed
[2026-05-05 16:25:39] 本次订阅抓取结果统计:
[2026-05-05 16:25:39] 共 28 条RSS, 成功抓取 24 条.
[2026-05-05 16:25:39] ✘ 有 4 条订阅解析失败:
[2026-05-05 16:25:39] - https://blog.pursuitus.com/feed
[2026-05-05 16:25:39] - https://geekinney.com/index.xml
[2026-05-05 16:25:39] - https://tumutanzi.com/feed
[2026-05-05 16:25:39] - https://tcxx.info/feed
[2026-05-05 16:25:39] ✘ 有 3 条订阅头像无法访问, 已使用默认头像:
[2026-05-05 16:25:39] - https://www.loyhome.com/feed
[2026-05-05 16:25:39] - http://feeds.feedburner.com/ruanyifeng
[2026-05-05 16:25:39] - https://xyzbz.cn/feed
