[2026-06-17 00:19:47] 本次订阅抓取结果统计:
[2026-06-17 00:19:47] 共 28 条RSS, 成功抓取 23 条.
[2026-06-17 00:19:47] ✘ 有 5 条订阅解析失败:
[2026-06-17 00:19:47] - https://blog.pursuitus.com/feed
[2026-06-17 00:19:47] - https://blog.yanqingshan.com/feed
[2026-06-17 00:19:47] - https://geekinney.com/index.xml
[2026-06-17 00:19:47] - https://tcxx.info/feed
[2026-06-17 00:19:47] - https://www.shephe.com/feed
[2026-06-17 00:19:47] ✘ 有 4 条订阅头像无法访问, 已使用默认头像:
[2026-06-17 00:19:47] - https://blog.zhheo.com/rss.xml
[2026-06-17 00:19:47] - https://www.loyhome.com/feed
[2026-06-17 00:19:47] - https://oba.by/feed
[2026-06-17 00:19:47] - http://feeds.feedburner.com/ruanyifeng
[2026-06-17 06:16:19] 本次订阅抓取结果统计:
[2026-06-17 06:16:19] 共 28 条RSS, 成功抓取 22 条.
[2026-06-17 06:16:19] ✘ 有 6 条订阅解析失败:
[2026-06-17 06:16:19] - https://blog.pursuitus.com/feed
[2026-06-17 06:16:19] - https://geekinney.com/index.xml
[2026-06-17 06:16:19] - https://tcxx.info/feed
[2026-06-17 06:16:19] - https://blog.yanqingshan.com/feed
[2026-06-17 06:16:19] - https://tumutanzi.com/feed
[2026-06-17 06:16:19] - https://www.shephe.com/feed
[2026-06-17 06:16:19] ✘ 有 3 条订阅头像无法访问, 已使用默认头像:
[2026-06-17 06:16:19] - https://blog.zhheo.com/rss.xml
[2026-06-17 06:16:19] - https://www.loyhome.com/feed
[2026-06-17 06:16:19] - http://feeds.feedburner.com/ruanyifeng
[2026-06-17 11:51:22] 本次订阅抓取结果统计:
[2026-06-17 11:51:22] 共 28 条RSS, 成功抓取 23 条.
[2026-06-17 11:51:22] ✘ 有 5 条订阅解析失败:
[2026-06-17 11:51:22] - https://blog.pursuitus.com/feed
[2026-06-17 11:51:22] - https://geekinney.com/index.xml
[2026-06-17 11:51:22] - https://tcxx.info/feed
[2026-06-17 11:51:22] - https://tumutanzi.com/feed
[2026-06-17 11:51:22] - https://www.shephe.com/feed
[2026-06-17 11:51:22] ✘ 有 2 条订阅头像无法访问, 已使用默认头像:
[2026-06-17 11:51:22] - https://www.loyhome.com/feed
[2026-06-17 11:51:22] - http://feeds.feedburner.com/ruanyifeng
