[2026-03-25 02:33:17] 本次订阅抓取结果统计:
[2026-03-25 02:33:17] 共 28 条RSS, 成功抓取 24 条.
[2026-03-25 02:33:17] ✘ 有 4 条订阅解析失败:
[2026-03-25 02:33:17] - https://blog.pursuitus.com/feed
[2026-03-25 02:33:17] - https://geekinney.com/index.xml
[2026-03-25 02:33:17] - https://tumutanzi.com/feed
[2026-03-25 02:33:17] - https://tcxx.info/feed
[2026-03-25 02:33:17] ✘ 有 1 条订阅头像无法访问, 已使用默认头像:
[2026-03-25 02:33:17] - http://feeds.feedburner.com/ruanyifeng
[2026-03-25 04:57:20] 本次订阅抓取结果统计:
[2026-03-25 04:57:20] 共 28 条RSS, 成功抓取 24 条.
[2026-03-25 04:57:20] ✘ 有 4 条订阅解析失败:
[2026-03-25 04:57:20] - https://blog.pursuitus.com/feed
[2026-03-25 04:57:20] - https://geekinney.com/index.xml
[2026-03-25 04:57:20] - https://tcxx.info/feed
[2026-03-25 04:57:20] - https://tumutanzi.com/feed
[2026-03-25 04:57:20] ✘ 有 1 条订阅头像无法访问, 已使用默认头像:
[2026-03-25 04:57:20] - http://feeds.feedburner.com/ruanyifeng
[2026-03-25 06:05:39] 本次订阅抓取结果统计:
[2026-03-25 06:05:39] 共 28 条RSS, 成功抓取 24 条.
[2026-03-25 06:05:39] ✘ 有 4 条订阅解析失败:
[2026-03-25 06:05:39] - https://blog.pursuitus.com/feed
[2026-03-25 06:05:39] - https://geekinney.com/index.xml
[2026-03-25 06:05:39] - https://tcxx.info/feed
[2026-03-25 06:05:39] - https://tumutanzi.com/feed
[2026-03-25 06:05:39] ✘ 有 1 条订阅头像无法访问, 已使用默认头像:
[2026-03-25 06:05:39] - http://feeds.feedburner.com/ruanyifeng
[2026-03-25 07:55:16] 本次订阅抓取结果统计:
[2026-03-25 07:55:16] 共 28 条RSS, 成功抓取 24 条.
[2026-03-25 07:55:16] ✘ 有 4 条订阅解析失败:
[2026-03-25 07:55:16] - https://blog.pursuitus.com/feed
[2026-03-25 07:55:16] - https://geekinney.com/index.xml
[2026-03-25 07:55:16] - https://tcxx.info/feed
[2026-03-25 07:55:16] - https://tumutanzi.com/feed
[2026-03-25 07:55:16] ✘ 有 1 条订阅头像无法访问, 已使用默认头像:
[2026-03-25 07:55:16] - http://feeds.feedburner.com/ruanyifeng
[2026-03-25 08:56:21] 本次订阅抓取结果统计:
[2026-03-25 08:56:21] 共 28 条RSS, 成功抓取 24 条.
[2026-03-25 08:56:21] ✘ 有 4 条订阅解析失败:
[2026-03-25 08:56:21] - https://blog.pursuitus.com/feed
[2026-03-25 08:56:21] - https://geekinney.com/index.xml
[2026-03-25 08:56:21] - https://tcxx.info/feed
[2026-03-25 08:56:21] - https://tumutanzi.com/feed
[2026-03-25 08:56:21] ✘ 有 1 条订阅头像无法访问, 已使用默认头像:
[2026-03-25 08:56:21] - http://feeds.feedburner.com/ruanyifeng
[2026-03-25 09:58:42] 本次订阅抓取结果统计:
[2026-03-25 09:58:42] 共 28 条RSS, 成功抓取 24 条.
[2026-03-25 09:58:42] ✘ 有 4 条订阅解析失败:
[2026-03-25 09:58:42] - https://blog.pursuitus.com/feed
[2026-03-25 09:58:42] - https://geekinney.com/index.xml
[2026-03-25 09:58:42] - https://tumutanzi.com/feed
[2026-03-25 09:58:42] - https://tcxx.info/feed
[2026-03-25 09:58:42] ✘ 有 1 条订阅头像无法访问, 已使用默认头像:
[2026-03-25 09:58:42] - http://feeds.feedburner.com/ruanyifeng
[2026-03-25 10:59:15] 本次订阅抓取结果统计:
[2026-03-25 10:59:15] 共 28 条RSS, 成功抓取 24 条.
[2026-03-25 10:59:15] ✘ 有 4 条订阅解析失败:
[2026-03-25 10:59:15] - https://blog.pursuitus.com/feed
[2026-03-25 10:59:15] - https://geekinney.com/index.xml
[2026-03-25 10:59:15] - https://tcxx.info/feed
[2026-03-25 10:59:15] - https://tumutanzi.com/feed
[2026-03-25 10:59:15] ✘ 有 1 条订阅头像无法访问, 已使用默认头像:
[2026-03-25 10:59:15] - http://feeds.feedburner.com/ruanyifeng
[2026-03-25 11:50:32] 本次订阅抓取结果统计:
[2026-03-25 11:50:32] 共 28 条RSS, 成功抓取 24 条.
[2026-03-25 11:50:32] ✘ 有 4 条订阅解析失败:
[2026-03-25 11:50:32] - https://blog.pursuitus.com/feed
[2026-03-25 11:50:32] - https://geekinney.com/index.xml
[2026-03-25 11:50:32] - https://tumutanzi.com/feed
[2026-03-25 11:50:32] - https://tcxx.info/feed
[2026-03-25 11:50:32] ✘ 有 1 条订阅头像无法访问, 已使用默认头像:
[2026-03-25 11:50:32] - http://feeds.feedburner.com/ruanyifeng
