[2026-06-07 00:07:24] 本次订阅抓取结果统计:
[2026-06-07 00:07:24] 共 28 条RSS, 成功抓取 23 条.
[2026-06-07 00:07:24] ✘ 有 5 条订阅解析失败:
[2026-06-07 00:07:24] - https://blog.pursuitus.com/feed
[2026-06-07 00:07:24] - https://geekinney.com/index.xml
[2026-06-07 00:07:24] - https://tcxx.info/feed
[2026-06-07 00:07:24] - https://tumutanzi.com/feed
[2026-06-07 00:07:24] - https://www.shephe.com/feed
[2026-06-07 00:07:24] ✘ 有 2 条订阅头像无法访问, 已使用默认头像:
[2026-06-07 00:07:24] - https://www.loyhome.com/feed
[2026-06-07 00:07:24] - http://feeds.feedburner.com/ruanyifeng
[2026-06-07 05:24:16] 本次订阅抓取结果统计:
[2026-06-07 05:24:16] 共 28 条RSS, 成功抓取 23 条.
[2026-06-07 05:24:16] ✘ 有 5 条订阅解析失败:
[2026-06-07 05:24:16] - https://blog.pursuitus.com/feed
[2026-06-07 05:24:16] - https://geekinney.com/index.xml
[2026-06-07 05:24:16] - https://tcxx.info/feed
[2026-06-07 05:24:16] - https://tumutanzi.com/feed
[2026-06-07 05:24:16] - https://www.shephe.com/feed
[2026-06-07 05:24:16] ✘ 有 2 条订阅头像无法访问, 已使用默认头像:
[2026-06-07 05:24:16] - https://www.loyhome.com/feed
[2026-06-07 05:24:16] - http://feeds.feedburner.com/ruanyifeng
[2026-06-07 09:18:19] 本次订阅抓取结果统计:
[2026-06-07 09:18:19] 共 28 条RSS, 成功抓取 22 条.
[2026-06-07 09:18:19] ✘ 有 6 条订阅解析失败:
[2026-06-07 09:18:19] - https://blog.pursuitus.com/feed
[2026-06-07 09:18:19] - https://blog.yanqingshan.com/feed
[2026-06-07 09:18:19] - https://www.shephe.com/feed
[2026-06-07 09:18:19] - https://geekinney.com/index.xml
[2026-06-07 09:18:19] - https://tumutanzi.com/feed
[2026-06-07 09:18:19] - https://tcxx.info/feed
[2026-06-07 09:18:19] ✘ 有 3 条订阅头像无法访问, 已使用默认头像:
[2026-06-07 09:18:19] - https://blog.zhheo.com/rss.xml
[2026-06-07 09:18:19] - https://www.loyhome.com/feed
[2026-06-07 09:18:19] - http://feeds.feedburner.com/ruanyifeng
[2026-06-07 11:50:14] 本次订阅抓取结果统计:
[2026-06-07 11:50:14] 共 28 条RSS, 成功抓取 23 条.
[2026-06-07 11:50:14] ✘ 有 5 条订阅解析失败:
[2026-06-07 11:50:14] - https://blog.pursuitus.com/feed
[2026-06-07 11:50:14] - https://geekinney.com/index.xml
[2026-06-07 11:50:14] - https://tcxx.info/feed
[2026-06-07 11:50:14] - https://tumutanzi.com/feed
[2026-06-07 11:50:14] - https://www.shephe.com/feed
[2026-06-07 11:50:14] ✘ 有 2 条订阅头像无法访问, 已使用默认头像:
[2026-06-07 11:50:14] - https://www.loyhome.com/feed
[2026-06-07 11:50:14] - http://feeds.feedburner.com/ruanyifeng
