[2026-06-20 00:12:31] 本次订阅抓取结果统计:
[2026-06-20 00:12:31] 共 28 条RSS, 成功抓取 23 条.
[2026-06-20 00:12:31] ✘ 有 5 条订阅解析失败:
[2026-06-20 00:12:31] - https://blog.pursuitus.com/feed
[2026-06-20 00:12:31] - https://geekinney.com/index.xml
[2026-06-20 00:12:31] - https://tcxx.info/feed
[2026-06-20 00:12:31] - https://blog.yanqingshan.com/feed
[2026-06-20 00:12:31] - https://www.shephe.com/feed
[2026-06-20 00:12:31] ✘ 有 4 条订阅头像无法访问, 已使用默认头像:
[2026-06-20 00:12:31] - https://blog.zhheo.com/rss.xml
[2026-06-20 00:12:31] - https://www.loyhome.com/feed
[2026-06-20 00:12:31] - http://feeds.feedburner.com/ruanyifeng
[2026-06-20 00:12:31] - https://xyzbz.cn/feed
[2026-06-20 05:18:30] 本次订阅抓取结果统计:
[2026-06-20 05:18:30] 共 28 条RSS, 成功抓取 23 条.
[2026-06-20 05:18:30] ✘ 有 5 条订阅解析失败:
[2026-06-20 05:18:30] - https://blog.pursuitus.com/feed
[2026-06-20 05:18:30] - https://geekinney.com/index.xml
[2026-06-20 05:18:30] - https://tcxx.info/feed
[2026-06-20 05:18:30] - https://blog.yanqingshan.com/feed
[2026-06-20 05:18:30] - https://www.shephe.com/feed
[2026-06-20 05:18:30] ✘ 有 4 条订阅头像无法访问, 已使用默认头像:
[2026-06-20 05:18:30] - https://blog.zhheo.com/rss.xml
[2026-06-20 05:18:30] - https://www.loyhome.com/feed
[2026-06-20 05:18:30] - http://feeds.feedburner.com/ruanyifeng
[2026-06-20 05:18:30] - https://xyzbz.cn/feed
[2026-06-20 09:22:11] 本次订阅抓取结果统计:
[2026-06-20 09:22:11] 共 28 条RSS, 成功抓取 22 条.
[2026-06-20 09:22:11] ✘ 有 6 条订阅解析失败:
[2026-06-20 09:22:11] - https://blog.pursuitus.com/feed
[2026-06-20 09:22:11] - https://blog.yanqingshan.com/feed
[2026-06-20 09:22:11] - https://geekinney.com/index.xml
[2026-06-20 09:22:11] - https://tcxx.info/feed
[2026-06-20 09:22:11] - https://tumutanzi.com/feed
[2026-06-20 09:22:11] - https://www.shephe.com/feed
[2026-06-20 09:22:11] ✘ 有 4 条订阅头像无法访问, 已使用默认头像:
[2026-06-20 09:22:11] - https://blog.zhheo.com/rss.xml
[2026-06-20 09:22:11] - https://www.loyhome.com/feed
[2026-06-20 09:22:11] - http://feeds.feedburner.com/ruanyifeng
[2026-06-20 09:22:11] - https://xyzbz.cn/feed
[2026-06-20 12:05:23] 本次订阅抓取结果统计:
[2026-06-20 12:05:23] 共 28 条RSS, 成功抓取 24 条.
[2026-06-20 12:05:23] ✘ 有 4 条订阅解析失败:
[2026-06-20 12:05:23] - https://blog.pursuitus.com/feed
[2026-06-20 12:05:23] - https://geekinney.com/index.xml
[2026-06-20 12:05:23] - https://tcxx.info/feed
[2026-06-20 12:05:23] - https://www.shephe.com/feed
[2026-06-20 12:05:23] ✘ 有 3 条订阅头像无法访问, 已使用默认头像:
[2026-06-20 12:05:23] - https://www.loyhome.com/feed
[2026-06-20 12:05:23] - https://xyzbz.cn/feed
[2026-06-20 12:05:23] - http://feeds.feedburner.com/ruanyifeng
[2026-06-20 14:25:24] 本次订阅抓取结果统计:
[2026-06-20 14:25:24] 共 28 条RSS, 成功抓取 24 条.
[2026-06-20 14:25:24] ✘ 有 4 条订阅解析失败:
[2026-06-20 14:25:24] - https://blog.pursuitus.com/feed
[2026-06-20 14:25:24] - https://geekinney.com/index.xml
[2026-06-20 14:25:24] - https://tcxx.info/feed
[2026-06-20 14:25:24] - https://www.shephe.com/feed
[2026-06-20 14:25:24] ✘ 有 3 条订阅头像无法访问, 已使用默认头像:
[2026-06-20 14:25:24] - https://www.loyhome.com/feed
[2026-06-20 14:25:24] - https://xyzbz.cn/feed
[2026-06-20 14:25:24] - http://feeds.feedburner.com/ruanyifeng
[2026-06-20 16:26:53] 本次订阅抓取结果统计:
[2026-06-20 16:26:53] 共 28 条RSS, 成功抓取 24 条.
[2026-06-20 16:26:53] ✘ 有 4 条订阅解析失败:
[2026-06-20 16:26:53] - https://blog.pursuitus.com/feed
[2026-06-20 16:26:53] - https://geekinney.com/index.xml
[2026-06-20 16:26:53] - https://tcxx.info/feed
[2026-06-20 16:26:53] - https://www.shephe.com/feed
[2026-06-20 16:26:53] ✘ 有 3 条订阅头像无法访问, 已使用默认头像:
[2026-06-20 16:26:53] - https://www.loyhome.com/feed
[2026-06-20 16:26:53] - http://feeds.feedburner.com/ruanyifeng
[2026-06-20 16:26:53] - https://xyzbz.cn/feed
[2026-06-20 18:16:00] 本次订阅抓取结果统计:
[2026-06-20 18:16:00] 共 28 条RSS, 成功抓取 23 条.
[2026-06-20 18:16:00] ✘ 有 5 条订阅解析失败:
[2026-06-20 18:16:00] - https://blog.pursuitus.com/feed
[2026-06-20 18:16:00] - https://geekinney.com/index.xml
[2026-06-20 18:16:00] - https://tcxx.info/feed
[2026-06-20 18:16:00] - https://tumutanzi.com/feed
[2026-06-20 18:16:00] - https://www.shephe.com/feed
[2026-06-20 18:16:00] ✘ 有 3 条订阅头像无法访问, 已使用默认头像:
[2026-06-20 18:16:00] - https://www.loyhome.com/feed
[2026-06-20 18:16:00] - https://xyzbz.cn/feed
[2026-06-20 18:16:00] - http://feeds.feedburner.com/ruanyifeng
[2026-06-20 20:18:37] 本次订阅抓取结果统计:
[2026-06-20 20:18:37] 共 28 条RSS, 成功抓取 24 条.
[2026-06-20 20:18:37] ✘ 有 4 条订阅解析失败:
[2026-06-20 20:18:37] - https://blog.pursuitus.com/feed
[2026-06-20 20:18:37] - https://geekinney.com/index.xml
[2026-06-20 20:18:37] - https://tcxx.info/feed
[2026-06-20 20:18:37] - https://www.shephe.com/feed
[2026-06-20 20:18:37] ✘ 有 3 条订阅头像无法访问, 已使用默认头像:
[2026-06-20 20:18:37] - https://www.loyhome.com/feed
[2026-06-20 20:18:37] - https://xyzbz.cn/feed
[2026-06-20 20:18:37] - http://feeds.feedburner.com/ruanyifeng
[2026-06-20 22:12:49] 本次订阅抓取结果统计:
[2026-06-20 22:12:49] 共 28 条RSS, 成功抓取 24 条.
[2026-06-20 22:12:49] ✘ 有 4 条订阅解析失败:
[2026-06-20 22:12:49] - https://blog.pursuitus.com/feed
[2026-06-20 22:12:49] - https://geekinney.com/index.xml
[2026-06-20 22:12:49] - https://tcxx.info/feed
[2026-06-20 22:12:49] - https://www.shephe.com/feed
[2026-06-20 22:12:49] ✘ 有 3 条订阅头像无法访问, 已使用默认头像:
[2026-06-20 22:12:49] - https://www.loyhome.com/feed
[2026-06-20 22:12:49] - http://feeds.feedburner.com/ruanyifeng
[2026-06-20 22:12:49] - https://xyzbz.cn/feed
