[2026-03-12 02:29:08] 本次订阅抓取结果统计:
[2026-03-12 02:29:08] 共 28 条RSS, 成功抓取 22 条.
[2026-03-12 02:29:08] ✘ 有 6 条订阅解析失败:
[2026-03-12 02:29:08] - https://blog.pursuitus.com/feed
[2026-03-12 02:29:08] - https://tumutanzi.com/feed
[2026-03-12 02:29:08] - https://tcxx.info/feed
[2026-03-12 02:29:08] - https://geekinney.com/index.xml
[2026-03-12 02:29:08] - https://wangpei.net/feed
[2026-03-12 02:29:08] - https://xyzbz.cn/feed
[2026-03-12 02:29:08] ✘ 有 1 条订阅头像无法访问, 已使用默认头像:
[2026-03-12 02:29:08] - http://feeds.feedburner.com/ruanyifeng
[2026-03-12 04:50:02] 本次订阅抓取结果统计:
[2026-03-12 04:50:02] 共 28 条RSS, 成功抓取 24 条.
[2026-03-12 04:50:02] ✘ 有 4 条订阅解析失败:
[2026-03-12 04:50:02] - https://blog.pursuitus.com/feed
[2026-03-12 04:50:02] - https://tcxx.info/feed
[2026-03-12 04:50:02] - https://tumutanzi.com/feed
[2026-03-12 04:50:02] - https://geekinney.com/index.xml
[2026-03-12 04:50:02] ✘ 有 1 条订阅头像无法访问, 已使用默认头像:
[2026-03-12 04:50:02] - http://feeds.feedburner.com/ruanyifeng
[2026-03-12 05:53:58] 本次订阅抓取结果统计:
[2026-03-12 05:53:58] 共 28 条RSS, 成功抓取 24 条.
[2026-03-12 05:53:58] ✘ 有 4 条订阅解析失败:
[2026-03-12 05:53:58] - https://blog.pursuitus.com/feed
[2026-03-12 05:53:58] - https://tcxx.info/feed
[2026-03-12 05:53:58] - https://tumutanzi.com/feed
[2026-03-12 05:53:58] - https://geekinney.com/index.xml
[2026-03-12 05:53:58] ✘ 有 1 条订阅头像无法访问, 已使用默认头像:
[2026-03-12 05:53:58] - http://feeds.feedburner.com/ruanyifeng
