[2026-03-21 02:22:12] 本次订阅抓取结果统计:
[2026-03-21 02:22:12] 共 28 条RSS, 成功抓取 23 条.
[2026-03-21 02:22:12] ✘ 有 5 条订阅解析失败:
[2026-03-21 02:22:12] - https://blog.pursuitus.com/feed
[2026-03-21 02:22:12] - https://geekinney.com/index.xml
[2026-03-21 02:22:12] - https://tcxx.info/feed
[2026-03-21 02:22:12] - https://tumutanzi.com/feed
[2026-03-21 02:22:12] - https://wangpei.net/feed
[2026-03-21 02:22:12] ✘ 有 2 条订阅头像无法访问, 已使用默认头像:
[2026-03-21 02:22:12] - http://feeds.feedburner.com/ruanyifeng
[2026-03-21 02:22:12] - https://www.loyhome.com/feed
[2026-03-21 04:40:08] 本次订阅抓取结果统计:
[2026-03-21 04:40:08] 共 28 条RSS, 成功抓取 23 条.
[2026-03-21 04:40:08] ✘ 有 5 条订阅解析失败:
[2026-03-21 04:40:08] - https://blog.pursuitus.com/feed
[2026-03-21 04:40:08] - https://geekinney.com/index.xml
[2026-03-21 04:40:08] - https://tcxx.info/feed
[2026-03-21 04:40:08] - https://tumutanzi.com/feed
[2026-03-21 04:40:08] - https://wangpei.net/feed
[2026-03-21 04:40:08] ✘ 有 2 条订阅头像无法访问, 已使用默认头像:
[2026-03-21 04:40:08] - http://feeds.feedburner.com/ruanyifeng
[2026-03-21 04:40:08] - https://xyzbz.cn/feed
[2026-03-21 05:43:59] 本次订阅抓取结果统计:
[2026-03-21 05:43:59] 共 28 条RSS, 成功抓取 23 条.
[2026-03-21 05:43:59] ✘ 有 5 条订阅解析失败:
[2026-03-21 05:43:59] - https://blog.pursuitus.com/feed
[2026-03-21 05:43:59] - https://geekinney.com/index.xml
[2026-03-21 05:43:59] - https://tcxx.info/feed
[2026-03-21 05:43:59] - https://tumutanzi.com/feed
[2026-03-21 05:43:59] - https://wangpei.net/feed
[2026-03-21 05:43:59] ✘ 有 1 条订阅头像无法访问, 已使用默认头像:
[2026-03-21 05:43:59] - http://feeds.feedburner.com/ruanyifeng
[2026-03-21 06:51:22] 本次订阅抓取结果统计:
[2026-03-21 06:51:22] 共 28 条RSS, 成功抓取 24 条.
[2026-03-21 06:51:22] ✘ 有 4 条订阅解析失败:
[2026-03-21 06:51:22] - https://blog.pursuitus.com/feed
[2026-03-21 06:51:22] - https://geekinney.com/index.xml
[2026-03-21 06:51:22] - https://tcxx.info/feed
[2026-03-21 06:51:22] - https://tumutanzi.com/feed
[2026-03-21 06:51:22] ✘ 有 1 条订阅头像无法访问, 已使用默认头像:
[2026-03-21 06:51:22] - http://feeds.feedburner.com/ruanyifeng
[2026-03-21 07:36:52] 本次订阅抓取结果统计:
[2026-03-21 07:36:52] 共 28 条RSS, 成功抓取 23 条.
[2026-03-21 07:36:52] ✘ 有 5 条订阅解析失败:
[2026-03-21 07:36:52] - https://blog.pursuitus.com/feed
[2026-03-21 07:36:52] - https://geekinney.com/index.xml
[2026-03-21 07:36:52] - https://tcxx.info/feed
[2026-03-21 07:36:52] - https://tumutanzi.com/feed
[2026-03-21 07:36:52] - https://wangpei.net/feed
[2026-03-21 07:36:52] ✘ 有 2 条订阅头像无法访问, 已使用默认头像:
[2026-03-21 07:36:52] - http://feeds.feedburner.com/ruanyifeng
[2026-03-21 07:36:52] - https://xyzbz.cn/feed
[2026-03-21 08:38:28] 本次订阅抓取结果统计:
[2026-03-21 08:38:28] 共 28 条RSS, 成功抓取 23 条.
[2026-03-21 08:38:28] ✘ 有 5 条订阅解析失败:
[2026-03-21 08:38:28] - https://blog.pursuitus.com/feed
[2026-03-21 08:38:28] - https://geekinney.com/index.xml
[2026-03-21 08:38:28] - https://tcxx.info/feed
[2026-03-21 08:38:28] - https://tumutanzi.com/feed
[2026-03-21 08:38:28] - https://wangpei.net/feed
[2026-03-21 08:38:28] ✘ 有 1 条订阅头像无法访问, 已使用默认头像:
[2026-03-21 08:38:28] - http://feeds.feedburner.com/ruanyifeng
[2026-03-21 09:36:30] 本次订阅抓取结果统计:
[2026-03-21 09:36:30] 共 28 条RSS, 成功抓取 23 条.
[2026-03-21 09:36:30] ✘ 有 5 条订阅解析失败:
[2026-03-21 09:36:30] - https://blog.pursuitus.com/feed
[2026-03-21 09:36:30] - https://geekinney.com/index.xml
[2026-03-21 09:36:30] - https://tumutanzi.com/feed
[2026-03-21 09:36:30] - https://tcxx.info/feed
[2026-03-21 09:36:30] - https://wangpei.net/feed
[2026-03-21 09:36:30] ✘ 有 2 条订阅头像无法访问, 已使用默认头像:
[2026-03-21 09:36:30] - http://feeds.feedburner.com/ruanyifeng
[2026-03-21 09:36:30] - https://www.loyhome.com/feed
[2026-03-21 10:31:41] 本次订阅抓取结果统计:
[2026-03-21 10:31:41] 共 28 条RSS, 成功抓取 23 条.
[2026-03-21 10:31:41] ✘ 有 5 条订阅解析失败:
[2026-03-21 10:31:41] - https://blog.pursuitus.com/feed
[2026-03-21 10:31:41] - https://geekinney.com/index.xml
[2026-03-21 10:31:41] - https://tcxx.info/feed
[2026-03-21 10:31:41] - https://tumutanzi.com/feed
[2026-03-21 10:31:41] - https://wangpei.net/feed
[2026-03-21 10:31:41] ✘ 有 1 条订阅头像无法访问, 已使用默认头像:
[2026-03-21 10:31:41] - http://feeds.feedburner.com/ruanyifeng
[2026-03-21 11:27:18] 本次订阅抓取结果统计:
[2026-03-21 11:27:18] 共 28 条RSS, 成功抓取 23 条.
[2026-03-21 11:27:18] ✘ 有 5 条订阅解析失败:
[2026-03-21 11:27:18] - https://blog.pursuitus.com/feed
[2026-03-21 11:27:18] - https://geekinney.com/index.xml
[2026-03-21 11:27:18] - https://tcxx.info/feed
[2026-03-21 11:27:18] - https://tumutanzi.com/feed
[2026-03-21 11:27:18] - https://wangpei.net/feed
[2026-03-21 11:27:18] ✘ 有 2 条订阅头像无法访问, 已使用默认头像:
[2026-03-21 11:27:18] - http://feeds.feedburner.com/ruanyifeng
[2026-03-21 11:27:18] - https://www.loyhome.com/feed
[2026-03-21 12:57:33] 本次订阅抓取结果统计:
[2026-03-21 12:57:33] 共 28 条RSS, 成功抓取 23 条.
[2026-03-21 12:57:33] ✘ 有 5 条订阅解析失败:
[2026-03-21 12:57:33] - https://blog.pursuitus.com/feed
[2026-03-21 12:57:33] - https://geekinney.com/index.xml
[2026-03-21 12:57:33] - https://tcxx.info/feed
[2026-03-21 12:57:33] - https://tumutanzi.com/feed
[2026-03-21 12:57:33] - https://wangpei.net/feed
[2026-03-21 12:57:33] ✘ 有 2 条订阅头像无法访问, 已使用默认头像:
[2026-03-21 12:57:33] - http://feeds.feedburner.com/ruanyifeng
[2026-03-21 12:57:33] - https://www.loyhome.com/feed
[2026-03-21 13:47:35] 本次订阅抓取结果统计:
[2026-03-21 13:47:35] 共 28 条RSS, 成功抓取 23 条.
[2026-03-21 13:47:35] ✘ 有 5 条订阅解析失败:
[2026-03-21 13:47:35] - https://blog.pursuitus.com/feed
[2026-03-21 13:47:35] - https://tcxx.info/feed
[2026-03-21 13:47:35] - https://geekinney.com/index.xml
[2026-03-21 13:47:35] - https://tumutanzi.com/feed
[2026-03-21 13:47:35] - https://wangpei.net/feed
[2026-03-21 13:47:35] ✘ 有 2 条订阅头像无法访问, 已使用默认头像:
[2026-03-21 13:47:35] - http://feeds.feedburner.com/ruanyifeng
[2026-03-21 13:47:35] - https://www.loyhome.com/feed
[2026-03-21 14:31:18] 本次订阅抓取结果统计:
[2026-03-21 14:31:18] 共 28 条RSS, 成功抓取 23 条.
[2026-03-21 14:31:18] ✘ 有 5 条订阅解析失败:
[2026-03-21 14:31:18] - https://blog.pursuitus.com/feed
[2026-03-21 14:31:18] - https://geekinney.com/index.xml
[2026-03-21 14:31:18] - https://tcxx.info/feed
[2026-03-21 14:31:18] - https://tumutanzi.com/feed
[2026-03-21 14:31:18] - https://wangpei.net/feed
[2026-03-21 14:31:18] ✘ 有 2 条订阅头像无法访问, 已使用默认头像:
[2026-03-21 14:31:18] - http://feeds.feedburner.com/ruanyifeng
[2026-03-21 14:31:18] - https://www.loyhome.com/feed
[2026-03-21 15:30:10] 本次订阅抓取结果统计:
[2026-03-21 15:30:10] 共 28 条RSS, 成功抓取 23 条.
[2026-03-21 15:30:10] ✘ 有 5 条订阅解析失败:
[2026-03-21 15:30:10] - https://blog.pursuitus.com/feed
[2026-03-21 15:30:10] - https://geekinney.com/index.xml
[2026-03-21 15:30:10] - https://tumutanzi.com/feed
[2026-03-21 15:30:10] - https://tcxx.info/feed
[2026-03-21 15:30:10] - https://wangpei.net/feed
[2026-03-21 15:30:10] ✘ 有 1 条订阅头像无法访问, 已使用默认头像:
[2026-03-21 15:30:10] - http://feeds.feedburner.com/ruanyifeng
