[2026-01-24 01:57:14] 本次订阅抓取结果统计:
[2026-01-24 01:57:14] 共 28 条RSS, 成功抓取 24 条.
[2026-01-24 01:57:14] ✘ 有 4 条订阅解析失败:
[2026-01-24 01:57:14] - https://blog.pursuitus.com/feed
[2026-01-24 01:57:14] - https://tcxx.info/feed
[2026-01-24 01:57:14] - https://tumutanzi.com/feed
[2026-01-24 01:57:14] - https://geekinney.com/index.xml
[2026-01-24 01:57:14] ✘ 有 3 条订阅头像无法访问, 已使用默认头像:
[2026-01-24 01:57:14] - https://oba.by/feed
[2026-01-24 01:57:14] - http://feeds.feedburner.com/ruanyifeng
[2026-01-24 01:57:14] - https://www.laruence.com/feed
[2026-01-24 03:39:54] 本次订阅抓取结果统计:
[2026-01-24 03:39:54] 共 28 条RSS, 成功抓取 24 条.
[2026-01-24 03:39:54] ✘ 有 4 条订阅解析失败:
[2026-01-24 03:39:54] - https://blog.pursuitus.com/feed
[2026-01-24 03:39:54] - https://tcxx.info/feed
[2026-01-24 03:39:54] - https://tumutanzi.com/feed
[2026-01-24 03:39:54] - https://geekinney.com/index.xml
[2026-01-24 03:39:54] ✘ 有 3 条订阅头像无法访问, 已使用默认头像:
[2026-01-24 03:39:54] - https://oba.by/feed
[2026-01-24 03:39:54] - http://feeds.feedburner.com/ruanyifeng
[2026-01-24 03:39:54] - https://www.laruence.com/feed
[2026-01-24 04:37:57] 本次订阅抓取结果统计:
[2026-01-24 04:37:57] 共 28 条RSS, 成功抓取 24 条.
[2026-01-24 04:37:57] ✘ 有 4 条订阅解析失败:
[2026-01-24 04:37:57] - https://blog.pursuitus.com/feed
[2026-01-24 04:37:57] - https://tcxx.info/feed
[2026-01-24 04:37:57] - https://tumutanzi.com/feed
[2026-01-24 04:37:57] - https://geekinney.com/index.xml
[2026-01-24 04:37:57] ✘ 有 3 条订阅头像无法访问, 已使用默认头像:
[2026-01-24 04:37:57] - https://oba.by/feed
[2026-01-24 04:37:57] - http://feeds.feedburner.com/ruanyifeng
[2026-01-24 04:37:57] - https://www.laruence.com/feed
[2026-01-24 05:25:26] 本次订阅抓取结果统计:
[2026-01-24 05:25:26] 共 28 条RSS, 成功抓取 24 条.
[2026-01-24 05:25:26] ✘ 有 4 条订阅解析失败:
[2026-01-24 05:25:26] - https://blog.pursuitus.com/feed
[2026-01-24 05:25:26] - https://tcxx.info/feed
[2026-01-24 05:25:26] - https://tumutanzi.com/feed
[2026-01-24 05:25:26] - https://geekinney.com/index.xml
[2026-01-24 05:25:26] ✘ 有 3 条订阅头像无法访问, 已使用默认头像:
[2026-01-24 05:25:26] - https://oba.by/feed
[2026-01-24 05:25:26] - https://www.laruence.com/feed
[2026-01-24 05:25:26] - http://feeds.feedburner.com/ruanyifeng
