[2026-05-25 00:03:12] 本次订阅抓取结果统计:
[2026-05-25 00:03:12] 共 28 条RSS, 成功抓取 23 条.
[2026-05-25 00:03:12] ✘ 有 5 条订阅解析失败:
[2026-05-25 00:03:12] - https://blog.pursuitus.com/feed
[2026-05-25 00:03:12] - https://geekinney.com/index.xml
[2026-05-25 00:03:12] - https://tcxx.info/feed
[2026-05-25 00:03:12] - https://tumutanzi.com/feed
[2026-05-25 00:03:12] - https://www.shephe.com/feed
[2026-05-25 00:03:12] ✘ 有 3 条订阅头像无法访问, 已使用默认头像:
[2026-05-25 00:03:12] - https://www.loyhome.com/feed
[2026-05-25 00:03:12] - http://feeds.feedburner.com/ruanyifeng
[2026-05-25 00:03:12] - https://xyzbz.cn/feed
[2026-05-25 05:22:47] 本次订阅抓取结果统计:
[2026-05-25 05:22:47] 共 28 条RSS, 成功抓取 23 条.
[2026-05-25 05:22:47] ✘ 有 5 条订阅解析失败:
[2026-05-25 05:22:47] - https://blog.pursuitus.com/feed
[2026-05-25 05:22:47] - https://geekinney.com/index.xml
[2026-05-25 05:22:47] - https://tcxx.info/feed
[2026-05-25 05:22:47] - https://tumutanzi.com/feed
[2026-05-25 05:22:47] - https://www.shephe.com/feed
[2026-05-25 05:22:47] ✘ 有 3 条订阅头像无法访问, 已使用默认头像:
[2026-05-25 05:22:47] - https://www.loyhome.com/feed
[2026-05-25 05:22:47] - https://xyzbz.cn/feed
[2026-05-25 05:22:47] - http://feeds.feedburner.com/ruanyifeng
[2026-05-25 10:15:10] 本次订阅抓取结果统计:
[2026-05-25 10:15:10] 共 28 条RSS, 成功抓取 22 条.
[2026-05-25 10:15:10] ✘ 有 6 条订阅解析失败:
[2026-05-25 10:15:10] - https://blog.pursuitus.com/feed
[2026-05-25 10:15:10] - https://geekinney.com/index.xml
[2026-05-25 10:15:10] - https://tumutanzi.com/feed
[2026-05-25 10:15:10] - https://tcxx.info/feed
[2026-05-25 10:15:10] - https://www.shephe.com/feed
[2026-05-25 10:15:10] - https://blog.fooleap.org/atom.xml
[2026-05-25 10:15:10] ✘ 有 3 条订阅头像无法访问, 已使用默认头像:
[2026-05-25 10:15:10] - https://www.loyhome.com/feed
[2026-05-25 10:15:10] - https://xyzbz.cn/feed
[2026-05-25 10:15:10] - http://feeds.feedburner.com/ruanyifeng
[2026-05-25 14:10:31] 本次订阅抓取结果统计:
[2026-05-25 14:10:31] 共 28 条RSS, 成功抓取 23 条.
[2026-05-25 14:10:31] ✘ 有 5 条订阅解析失败:
[2026-05-25 14:10:31] - https://blog.pursuitus.com/feed
[2026-05-25 14:10:31] - https://geekinney.com/index.xml
[2026-05-25 14:10:31] - https://tcxx.info/feed
[2026-05-25 14:10:31] - https://tumutanzi.com/feed
[2026-05-25 14:10:31] - https://www.shephe.com/feed
[2026-05-25 14:10:31] ✘ 有 3 条订阅头像无法访问, 已使用默认头像:
[2026-05-25 14:10:31] - https://www.loyhome.com/feed
[2026-05-25 14:10:31] - http://feeds.feedburner.com/ruanyifeng
[2026-05-25 14:10:31] - https://xyzbz.cn/feed
[2026-05-25 17:23:56] 本次订阅抓取结果统计:
[2026-05-25 17:23:56] 共 28 条RSS, 成功抓取 23 条.
[2026-05-25 17:23:56] ✘ 有 5 条订阅解析失败:
[2026-05-25 17:23:56] - https://blog.pursuitus.com/feed
[2026-05-25 17:23:56] - https://geekinney.com/index.xml
[2026-05-25 17:23:56] - https://tcxx.info/feed
[2026-05-25 17:23:56] - https://tumutanzi.com/feed
[2026-05-25 17:23:56] - https://www.shephe.com/feed
[2026-05-25 17:23:56] ✘ 有 3 条订阅头像无法访问, 已使用默认头像:
[2026-05-25 17:23:56] - https://www.loyhome.com/feed
[2026-05-25 17:23:56] - http://feeds.feedburner.com/ruanyifeng
[2026-05-25 17:23:56] - https://xyzbz.cn/feed
[2026-05-25 19:45:10] 本次订阅抓取结果统计:
[2026-05-25 19:45:10] 共 28 条RSS, 成功抓取 23 条.
[2026-05-25 19:45:10] ✘ 有 5 条订阅解析失败:
[2026-05-25 19:45:10] - https://blog.pursuitus.com/feed
[2026-05-25 19:45:10] - https://geekinney.com/index.xml
[2026-05-25 19:45:10] - https://tcxx.info/feed
[2026-05-25 19:45:10] - https://tumutanzi.com/feed
[2026-05-25 19:45:10] - https://www.shephe.com/feed
[2026-05-25 19:45:10] ✘ 有 3 条订阅头像无法访问, 已使用默认头像:
[2026-05-25 19:45:10] - https://www.loyhome.com/feed
[2026-05-25 19:45:10] - http://feeds.feedburner.com/ruanyifeng
[2026-05-25 19:45:10] - https://xyzbz.cn/feed
[2026-05-25 21:15:22] 本次订阅抓取结果统计:
[2026-05-25 21:15:22] 共 28 条RSS, 成功抓取 23 条.
[2026-05-25 21:15:22] ✘ 有 5 条订阅解析失败:
[2026-05-25 21:15:22] - https://blog.pursuitus.com/feed
[2026-05-25 21:15:22] - https://geekinney.com/index.xml
[2026-05-25 21:15:22] - https://tcxx.info/feed
[2026-05-25 21:15:22] - https://tumutanzi.com/feed
[2026-05-25 21:15:22] - https://www.shephe.com/feed
[2026-05-25 21:15:22] ✘ 有 3 条订阅头像无法访问, 已使用默认头像:
[2026-05-25 21:15:22] - https://www.loyhome.com/feed
[2026-05-25 21:15:22] - http://feeds.feedburner.com/ruanyifeng
[2026-05-25 21:15:22] - https://xyzbz.cn/feed
[2026-05-25 23:08:00] 本次订阅抓取结果统计:
[2026-05-25 23:08:00] 共 28 条RSS, 成功抓取 23 条.
[2026-05-25 23:08:00] ✘ 有 5 条订阅解析失败:
[2026-05-25 23:08:00] - https://blog.pursuitus.com/feed
[2026-05-25 23:08:00] - https://geekinney.com/index.xml
[2026-05-25 23:08:00] - https://tcxx.info/feed
[2026-05-25 23:08:00] - https://tumutanzi.com/feed
[2026-05-25 23:08:00] - https://www.shephe.com/feed
[2026-05-25 23:08:00] ✘ 有 3 条订阅头像无法访问, 已使用默认头像:
[2026-05-25 23:08:00] - https://www.loyhome.com/feed
[2026-05-25 23:08:00] - http://feeds.feedburner.com/ruanyifeng
[2026-05-25 23:08:00] - https://xyzbz.cn/feed
