[2026-06-21 00:11:50] 本次订阅抓取结果统计:
[2026-06-21 00:11:50] 共 28 条RSS, 成功抓取 24 条.
[2026-06-21 00:11:50] ✘ 有 4 条订阅解析失败:
[2026-06-21 00:11:50] - https://blog.pursuitus.com/feed
[2026-06-21 00:11:50] - https://geekinney.com/index.xml
[2026-06-21 00:11:50] - https://tcxx.info/feed
[2026-06-21 00:11:50] - https://www.shephe.com/feed
[2026-06-21 00:11:50] ✘ 有 3 条订阅头像无法访问, 已使用默认头像:
[2026-06-21 00:11:50] - https://www.loyhome.com/feed
[2026-06-21 00:11:50] - https://xyzbz.cn/feed
[2026-06-21 00:11:50] - http://feeds.feedburner.com/ruanyifeng
[2026-06-21 06:05:23] 本次订阅抓取结果统计:
[2026-06-21 06:05:23] 共 28 条RSS, 成功抓取 24 条.
[2026-06-21 06:05:23] ✘ 有 4 条订阅解析失败:
[2026-06-21 06:05:23] - https://blog.pursuitus.com/feed
[2026-06-21 06:05:23] - https://geekinney.com/index.xml
[2026-06-21 06:05:23] - https://tcxx.info/feed
[2026-06-21 06:05:23] - https://www.shephe.com/feed
[2026-06-21 06:05:23] ✘ 有 3 条订阅头像无法访问, 已使用默认头像:
[2026-06-21 06:05:23] - https://www.loyhome.com/feed
[2026-06-21 06:05:23] - http://feeds.feedburner.com/ruanyifeng
[2026-06-21 06:05:23] - https://xyzbz.cn/feed
[2026-06-21 10:32:13] 本次订阅抓取结果统计:
[2026-06-21 10:32:13] 共 28 条RSS, 成功抓取 24 条.
[2026-06-21 10:32:13] ✘ 有 4 条订阅解析失败:
[2026-06-21 10:32:13] - https://blog.pursuitus.com/feed
[2026-06-21 10:32:13] - https://geekinney.com/index.xml
[2026-06-21 10:32:13] - https://www.shephe.com/feed
[2026-06-21 10:32:13] - https://tcxx.info/feed
[2026-06-21 10:32:13] ✘ 有 3 条订阅头像无法访问, 已使用默认头像:
[2026-06-21 10:32:13] - https://www.loyhome.com/feed
[2026-06-21 10:32:13] - http://feeds.feedburner.com/ruanyifeng
[2026-06-21 10:32:13] - https://xyzbz.cn/feed
