[2026-01-15 01:58:36] 本次订阅抓取结果统计:
[2026-01-15 01:58:36] 共 28 条RSS, 成功抓取 23 条.
[2026-01-15 01:58:36] ✘ 有 5 条订阅解析失败:
[2026-01-15 01:58:36] - https://blog.pursuitus.com/feed
[2026-01-15 01:58:36] - https://oba.by/feed
[2026-01-15 01:58:36] - https://tcxx.info/feed
[2026-01-15 01:58:36] - https://tumutanzi.com/feed
[2026-01-15 01:58:36] - https://geekinney.com/index.xml
[2026-01-15 01:58:36] ✘ 有 1 条订阅头像无法访问, 已使用默认头像:
[2026-01-15 01:58:36] - http://feeds.feedburner.com/ruanyifeng
[2026-01-15 03:47:04] 本次订阅抓取结果统计:
[2026-01-15 03:47:04] 共 28 条RSS, 成功抓取 23 条.
[2026-01-15 03:47:04] ✘ 有 5 条订阅解析失败:
[2026-01-15 03:47:04] - https://oba.by/feed
[2026-01-15 03:47:04] - https://blog.pursuitus.com/feed
[2026-01-15 03:47:04] - https://tcxx.info/feed
[2026-01-15 03:47:04] - https://tumutanzi.com/feed
[2026-01-15 03:47:04] - https://geekinney.com/index.xml
[2026-01-15 03:47:04] ✘ 有 1 条订阅头像无法访问, 已使用默认头像:
[2026-01-15 03:47:04] - http://feeds.feedburner.com/ruanyifeng
[2026-01-15 04:44:03] 本次订阅抓取结果统计:
[2026-01-15 04:44:03] 共 28 条RSS, 成功抓取 23 条.
[2026-01-15 04:44:03] ✘ 有 5 条订阅解析失败:
[2026-01-15 04:44:03] - https://oba.by/feed
[2026-01-15 04:44:03] - https://blog.pursuitus.com/feed
[2026-01-15 04:44:03] - https://tumutanzi.com/feed
[2026-01-15 04:44:03] - https://tcxx.info/feed
[2026-01-15 04:44:03] - https://geekinney.com/index.xml
[2026-01-15 04:44:03] ✘ 有 1 条订阅头像无法访问, 已使用默认头像:
[2026-01-15 04:44:03] - http://feeds.feedburner.com/ruanyifeng
[2026-01-15 05:29:27] 本次订阅抓取结果统计:
[2026-01-15 05:29:27] 共 28 条RSS, 成功抓取 23 条.
[2026-01-15 05:29:27] ✘ 有 5 条订阅解析失败:
[2026-01-15 05:29:27] - https://blog.pursuitus.com/feed
[2026-01-15 05:29:27] - https://oba.by/feed
[2026-01-15 05:29:27] - https://tcxx.info/feed
[2026-01-15 05:29:27] - https://tumutanzi.com/feed
[2026-01-15 05:29:27] - https://geekinney.com/index.xml
[2026-01-15 05:29:27] ✘ 有 1 条订阅头像无法访问, 已使用默认头像:
[2026-01-15 05:29:27] - http://feeds.feedburner.com/ruanyifeng
[2026-01-15 06:38:59] 本次订阅抓取结果统计:
[2026-01-15 06:38:59] 共 28 条RSS, 成功抓取 23 条.
[2026-01-15 06:38:59] ✘ 有 5 条订阅解析失败:
[2026-01-15 06:38:59] - https://blog.pursuitus.com/feed
[2026-01-15 06:38:59] - https://oba.by/feed
[2026-01-15 06:38:59] - https://tumutanzi.com/feed
[2026-01-15 06:38:59] - https://tcxx.info/feed
[2026-01-15 06:38:59] - https://geekinney.com/index.xml
[2026-01-15 06:38:59] ✘ 有 1 条订阅头像无法访问, 已使用默认头像:
[2026-01-15 06:38:59] - http://feeds.feedburner.com/ruanyifeng
[2026-01-15 07:28:22] 本次订阅抓取结果统计:
[2026-01-15 07:28:22] 共 28 条RSS, 成功抓取 23 条.
[2026-01-15 07:28:22] ✘ 有 5 条订阅解析失败:
[2026-01-15 07:28:22] - https://blog.pursuitus.com/feed
[2026-01-15 07:28:22] - https://oba.by/feed
[2026-01-15 07:28:22] - https://tumutanzi.com/feed
[2026-01-15 07:28:22] - https://tcxx.info/feed
[2026-01-15 07:28:22] - https://geekinney.com/index.xml
[2026-01-15 07:28:22] ✘ 有 1 条订阅头像无法访问, 已使用默认头像:
[2026-01-15 07:28:22] - http://feeds.feedburner.com/ruanyifeng
