[2026-04-23 02:55:08] 本次订阅抓取结果统计:
[2026-04-23 02:55:08] 共 28 条RSS, 成功抓取 23 条.
[2026-04-23 02:55:08] ✘ 有 5 条订阅解析失败:
[2026-04-23 02:55:08] - https://blog.pursuitus.com/feed
[2026-04-23 02:55:08] - https://tcxx.info/feed
[2026-04-23 02:55:08] - https://geekinney.com/index.xml
[2026-04-23 02:55:08] - https://tumutanzi.com/feed
[2026-04-23 02:55:08] - https://www.shephe.com/feed
[2026-04-23 02:55:08] ✘ 有 2 条订阅头像无法访问, 已使用默认头像:
[2026-04-23 02:55:08] - https://www.loyhome.com/feed
[2026-04-23 02:55:08] - http://feeds.feedburner.com/ruanyifeng
[2026-04-23 05:34:30] 本次订阅抓取结果统计:
[2026-04-23 05:34:30] 共 28 条RSS, 成功抓取 23 条.
[2026-04-23 05:34:30] ✘ 有 5 条订阅解析失败:
[2026-04-23 05:34:30] - https://blog.pursuitus.com/feed
[2026-04-23 05:34:30] - https://geekinney.com/index.xml
[2026-04-23 05:34:30] - https://tumutanzi.com/feed
[2026-04-23 05:34:30] - https://tcxx.info/feed
[2026-04-23 05:34:30] - https://www.shephe.com/feed
[2026-04-23 05:34:30] ✘ 有 2 条订阅头像无法访问, 已使用默认头像:
[2026-04-23 05:34:30] - https://www.loyhome.com/feed
[2026-04-23 05:34:30] - http://feeds.feedburner.com/ruanyifeng
[2026-04-23 08:01:02] 本次订阅抓取结果统计:
[2026-04-23 08:01:02] 共 28 条RSS, 成功抓取 23 条.
[2026-04-23 08:01:02] ✘ 有 5 条订阅解析失败:
[2026-04-23 08:01:02] - https://blog.pursuitus.com/feed
[2026-04-23 08:01:02] - https://geekinney.com/index.xml
[2026-04-23 08:01:02] - https://tcxx.info/feed
[2026-04-23 08:01:02] - https://tumutanzi.com/feed
[2026-04-23 08:01:02] - https://www.shephe.com/feed
[2026-04-23 08:01:02] ✘ 有 2 条订阅头像无法访问, 已使用默认头像:
[2026-04-23 08:01:02] - https://www.loyhome.com/feed
[2026-04-23 08:01:02] - http://feeds.feedburner.com/ruanyifeng
