[2026-02-13 02:36:44] 本次订阅抓取结果统计:
[2026-02-13 02:36:44] 共 28 条RSS, 成功抓取 24 条.
[2026-02-13 02:36:44] ✘ 有 4 条订阅解析失败:
[2026-02-13 02:36:44] - https://blog.pursuitus.com/feed
[2026-02-13 02:36:44] - https://tcxx.info/feed
[2026-02-13 02:36:44] - https://tumutanzi.com/feed
[2026-02-13 02:36:44] - https://geekinney.com/index.xml
[2026-02-13 02:36:44] ✘ 有 2 条订阅头像无法访问, 已使用默认头像:
[2026-02-13 02:36:44] - http://feeds.feedburner.com/ruanyifeng
[2026-02-13 02:36:44] - https://www.loyhome.com/feed
[2026-02-13 04:55:51] 本次订阅抓取结果统计:
[2026-02-13 04:55:51] 共 28 条RSS, 成功抓取 24 条.
[2026-02-13 04:55:51] ✘ 有 4 条订阅解析失败:
[2026-02-13 04:55:51] - https://blog.pursuitus.com/feed
[2026-02-13 04:55:51] - https://tcxx.info/feed
[2026-02-13 04:55:51] - https://tumutanzi.com/feed
[2026-02-13 04:55:51] - https://geekinney.com/index.xml
[2026-02-13 04:55:51] ✘ 有 1 条订阅头像无法访问, 已使用默认头像:
[2026-02-13 04:55:51] - http://feeds.feedburner.com/ruanyifeng
[2026-02-13 06:02:01] 本次订阅抓取结果统计:
[2026-02-13 06:02:01] 共 28 条RSS, 成功抓取 24 条.
[2026-02-13 06:02:01] ✘ 有 4 条订阅解析失败:
[2026-02-13 06:02:01] - https://blog.pursuitus.com/feed
[2026-02-13 06:02:01] - https://tcxx.info/feed
[2026-02-13 06:02:01] - https://tumutanzi.com/feed
[2026-02-13 06:02:01] - https://geekinney.com/index.xml
[2026-02-13 06:02:01] ✘ 有 1 条订阅头像无法访问, 已使用默认头像:
[2026-02-13 06:02:01] - http://feeds.feedburner.com/ruanyifeng
[2026-02-13 07:51:32] 本次订阅抓取结果统计:
[2026-02-13 07:51:32] 共 28 条RSS, 成功抓取 24 条.
[2026-02-13 07:51:32] ✘ 有 4 条订阅解析失败:
[2026-02-13 07:51:32] - https://blog.pursuitus.com/feed
[2026-02-13 07:51:32] - https://tumutanzi.com/feed
[2026-02-13 07:51:32] - https://tcxx.info/feed
[2026-02-13 07:51:32] - https://geekinney.com/index.xml
[2026-02-13 07:51:32] ✘ 有 1 条订阅头像无法访问, 已使用默认头像:
[2026-02-13 07:51:32] - http://feeds.feedburner.com/ruanyifeng
[2026-02-13 08:50:07] 本次订阅抓取结果统计:
[2026-02-13 08:50:07] 共 28 条RSS, 成功抓取 24 条.
[2026-02-13 08:50:07] ✘ 有 4 条订阅解析失败:
[2026-02-13 08:50:07] - https://blog.pursuitus.com/feed
[2026-02-13 08:50:07] - https://tcxx.info/feed
[2026-02-13 08:50:07] - https://tumutanzi.com/feed
[2026-02-13 08:50:07] - https://geekinney.com/index.xml
[2026-02-13 08:50:07] ✘ 有 1 条订阅头像无法访问, 已使用默认头像:
[2026-02-13 08:50:07] - http://feeds.feedburner.com/ruanyifeng
[2026-02-13 09:50:36] 本次订阅抓取结果统计:
[2026-02-13 09:50:36] 共 28 条RSS, 成功抓取 24 条.
[2026-02-13 09:50:36] ✘ 有 4 条订阅解析失败:
[2026-02-13 09:50:36] - https://blog.pursuitus.com/feed
[2026-02-13 09:50:36] - https://tcxx.info/feed
[2026-02-13 09:50:36] - https://tumutanzi.com/feed
[2026-02-13 09:50:36] - https://geekinney.com/index.xml
[2026-02-13 09:50:36] ✘ 有 1 条订阅头像无法访问, 已使用默认头像:
[2026-02-13 09:50:36] - http://feeds.feedburner.com/ruanyifeng
