[2026-06-04 04:21:29] 本次订阅抓取结果统计:
[2026-06-04 04:21:29] 共 28 条RSS, 成功抓取 23 条.
[2026-06-04 04:21:29] ✘ 有 5 条订阅解析失败:
[2026-06-04 04:21:29] - https://blog.pursuitus.com/feed
[2026-06-04 04:21:29] - https://geekinney.com/index.xml
[2026-06-04 04:21:29] - https://tcxx.info/feed
[2026-06-04 04:21:29] - https://tumutanzi.com/feed
[2026-06-04 04:21:29] - https://www.shephe.com/feed
[2026-06-04 04:21:29] ✘ 有 3 条订阅头像无法访问, 已使用默认头像:
[2026-06-04 04:21:29] - https://www.loyhome.com/feed
[2026-06-04 04:21:29] - http://feeds.feedburner.com/ruanyifeng
[2026-06-04 04:21:29] - https://xyzbz.cn/feed
[2026-06-04 08:51:43] 本次订阅抓取结果统计:
[2026-06-04 08:51:43] 共 28 条RSS, 成功抓取 23 条.
[2026-06-04 08:51:43] ✘ 有 5 条订阅解析失败:
[2026-06-04 08:51:43] - https://blog.pursuitus.com/feed
[2026-06-04 08:51:43] - https://tcxx.info/feed
[2026-06-04 08:51:43] - https://geekinney.com/index.xml
[2026-06-04 08:51:43] - https://tumutanzi.com/feed
[2026-06-04 08:51:43] - https://www.shephe.com/feed
[2026-06-04 08:51:43] ✘ 有 3 条订阅头像无法访问, 已使用默认头像:
[2026-06-04 08:51:43] - https://www.loyhome.com/feed
[2026-06-04 08:51:43] - http://feeds.feedburner.com/ruanyifeng
[2026-06-04 08:51:43] - https://xyzbz.cn/feed
[2026-06-04 11:57:17] 本次订阅抓取结果统计:
[2026-06-04 11:57:17] 共 28 条RSS, 成功抓取 22 条.
[2026-06-04 11:57:17] ✘ 有 6 条订阅解析失败:
[2026-06-04 11:57:17] - https://blog.pursuitus.com/feed
[2026-06-04 11:57:17] - https://geekinney.com/index.xml
[2026-06-04 11:57:17] - https://tumutanzi.com/feed
[2026-06-04 11:57:17] - https://tcxx.info/feed
[2026-06-04 11:57:17] - https://blog.yanqingshan.com/feed
[2026-06-04 11:57:17] - https://www.shephe.com/feed
[2026-06-04 11:57:17] ✘ 有 4 条订阅头像无法访问, 已使用默认头像:
[2026-06-04 11:57:17] - https://blog.zhheo.com/rss.xml
[2026-06-04 11:57:17] - https://www.loyhome.com/feed
[2026-06-04 11:57:17] - http://feeds.feedburner.com/ruanyifeng
[2026-06-04 11:57:17] - https://xyzbz.cn/feed
