[2026-05-27 00:09:52] 本次订阅抓取结果统计:
[2026-05-27 00:09:52] 共 28 条RSS, 成功抓取 23 条.
[2026-05-27 00:09:52] ✘ 有 5 条订阅解析失败:
[2026-05-27 00:09:52] - https://blog.pursuitus.com/feed
[2026-05-27 00:09:52] - https://geekinney.com/index.xml
[2026-05-27 00:09:52] - https://tcxx.info/feed
[2026-05-27 00:09:52] - https://tumutanzi.com/feed
[2026-05-27 00:09:52] - https://www.shephe.com/feed
[2026-05-27 00:09:52] ✘ 有 3 条订阅头像无法访问, 已使用默认头像:
[2026-05-27 00:09:52] - https://www.loyhome.com/feed
[2026-05-27 00:09:52] - https://xyzbz.cn/feed
[2026-05-27 00:09:52] - http://feeds.feedburner.com/ruanyifeng
[2026-05-27 05:18:51] 本次订阅抓取结果统计:
[2026-05-27 05:18:51] 共 28 条RSS, 成功抓取 23 条.
[2026-05-27 05:18:51] ✘ 有 5 条订阅解析失败:
[2026-05-27 05:18:51] - https://blog.pursuitus.com/feed
[2026-05-27 05:18:51] - https://geekinney.com/index.xml
[2026-05-27 05:18:51] - https://tcxx.info/feed
[2026-05-27 05:18:51] - https://tumutanzi.com/feed
[2026-05-27 05:18:51] - https://www.shephe.com/feed
[2026-05-27 05:18:51] ✘ 有 3 条订阅头像无法访问, 已使用默认头像:
[2026-05-27 05:18:51] - https://www.loyhome.com/feed
[2026-05-27 05:18:51] - https://xyzbz.cn/feed
[2026-05-27 05:18:51] - http://feeds.feedburner.com/ruanyifeng
[2026-05-27 09:58:21] 本次订阅抓取结果统计:
[2026-05-27 09:58:21] 共 28 条RSS, 成功抓取 23 条.
[2026-05-27 09:58:21] ✘ 有 5 条订阅解析失败:
[2026-05-27 09:58:21] - https://blog.pursuitus.com/feed
[2026-05-27 09:58:21] - https://geekinney.com/index.xml
[2026-05-27 09:58:21] - https://tcxx.info/feed
[2026-05-27 09:58:21] - https://tumutanzi.com/feed
[2026-05-27 09:58:21] - https://www.shephe.com/feed
[2026-05-27 09:58:21] ✘ 有 3 条订阅头像无法访问, 已使用默认头像:
[2026-05-27 09:58:21] - https://www.loyhome.com/feed
[2026-05-27 09:58:21] - http://feeds.feedburner.com/ruanyifeng
[2026-05-27 09:58:21] - https://xyzbz.cn/feed
[2026-05-27 13:36:48] 本次订阅抓取结果统计:
[2026-05-27 13:36:48] 共 28 条RSS, 成功抓取 23 条.
[2026-05-27 13:36:48] ✘ 有 5 条订阅解析失败:
[2026-05-27 13:36:48] - https://blog.pursuitus.com/feed
[2026-05-27 13:36:48] - https://geekinney.com/index.xml
[2026-05-27 13:36:48] - https://tcxx.info/feed
[2026-05-27 13:36:48] - https://tumutanzi.com/feed
[2026-05-27 13:36:48] - https://www.shephe.com/feed
[2026-05-27 13:36:48] ✘ 有 3 条订阅头像无法访问, 已使用默认头像:
[2026-05-27 13:36:48] - https://www.loyhome.com/feed
[2026-05-27 13:36:48] - https://xyzbz.cn/feed
[2026-05-27 13:36:48] - http://feeds.feedburner.com/ruanyifeng
[2026-05-27 17:20:50] 本次订阅抓取结果统计:
[2026-05-27 17:20:50] 共 28 条RSS, 成功抓取 22 条.
[2026-05-27 17:20:50] ✘ 有 6 条订阅解析失败:
[2026-05-27 17:20:50] - https://blog.pursuitus.com/feed
[2026-05-27 17:20:50] - https://geekinney.com/index.xml
[2026-05-27 17:20:50] - https://tcxx.info/feed
[2026-05-27 17:20:50] - https://www.shephe.com/feed
[2026-05-27 17:20:50] - https://tumutanzi.com/feed
[2026-05-27 17:20:50] - https://blog.codingnow.com/atom.xml
[2026-05-27 17:20:50] ✘ 有 3 条订阅头像无法访问, 已使用默认头像:
[2026-05-27 17:20:50] - https://www.loyhome.com/feed
[2026-05-27 17:20:50] - https://xyzbz.cn/feed
[2026-05-27 17:20:50] - http://feeds.feedburner.com/ruanyifeng
