[2026-06-11 00:18:33] 本次订阅抓取结果统计:
[2026-06-11 00:18:33] 共 28 条RSS, 成功抓取 23 条.
[2026-06-11 00:18:33] ✘ 有 5 条订阅解析失败:
[2026-06-11 00:18:33] - https://blog.pursuitus.com/feed
[2026-06-11 00:18:33] - https://tumutanzi.com/feed
[2026-06-11 00:18:33] - https://tcxx.info/feed
[2026-06-11 00:18:33] - https://www.shephe.com/feed
[2026-06-11 00:18:33] - https://geekinney.com/index.xml
[2026-06-11 00:18:33] ✘ 有 2 条订阅头像无法访问, 已使用默认头像:
[2026-06-11 00:18:33] - https://www.loyhome.com/feed
[2026-06-11 00:18:33] - http://feeds.feedburner.com/ruanyifeng
[2026-06-11 05:51:10] 本次订阅抓取结果统计:
[2026-06-11 05:51:10] 共 28 条RSS, 成功抓取 23 条.
[2026-06-11 05:51:10] ✘ 有 5 条订阅解析失败:
[2026-06-11 05:51:10] - https://blog.pursuitus.com/feed
[2026-06-11 05:51:10] - https://geekinney.com/index.xml
[2026-06-11 05:51:10] - https://tcxx.info/feed
[2026-06-11 05:51:10] - https://tumutanzi.com/feed
[2026-06-11 05:51:10] - https://www.shephe.com/feed
[2026-06-11 05:51:10] ✘ 有 2 条订阅头像无法访问, 已使用默认头像:
[2026-06-11 05:51:10] - https://www.loyhome.com/feed
[2026-06-11 05:51:10] - http://feeds.feedburner.com/ruanyifeng
[2026-06-11 10:41:37] 本次订阅抓取结果统计:
[2026-06-11 10:41:37] 共 28 条RSS, 成功抓取 22 条.
[2026-06-11 10:41:37] ✘ 有 6 条订阅解析失败:
[2026-06-11 10:41:37] - https://blog.pursuitus.com/feed
[2026-06-11 10:41:37] - https://geekinney.com/index.xml
[2026-06-11 10:41:37] - https://tcxx.info/feed
[2026-06-11 10:41:37] - https://www.shephe.com/feed
[2026-06-11 10:41:37] - https://tumutanzi.com/feed
[2026-06-11 10:41:37] - https://blog.yanqingshan.com/feed
[2026-06-11 10:41:37] ✘ 有 3 条订阅头像无法访问, 已使用默认头像:
[2026-06-11 10:41:37] - https://blog.zhheo.com/rss.xml
[2026-06-11 10:41:37] - https://www.loyhome.com/feed
[2026-06-11 10:41:37] - http://feeds.feedburner.com/ruanyifeng
[2026-06-11 14:40:09] 本次订阅抓取结果统计:
[2026-06-11 14:40:09] 共 28 条RSS, 成功抓取 22 条.
[2026-06-11 14:40:09] ✘ 有 6 条订阅解析失败:
[2026-06-11 14:40:09] - https://blog.pursuitus.com/feed
[2026-06-11 14:40:09] - https://geekinney.com/index.xml
[2026-06-11 14:40:09] - https://tcxx.info/feed
[2026-06-11 14:40:09] - https://tumutanzi.com/feed
[2026-06-11 14:40:09] - https://www.shephe.com/feed
[2026-06-11 14:40:09] - https://wangpei.net/feed
[2026-06-11 14:40:09] ✘ 有 2 条订阅头像无法访问, 已使用默认头像:
[2026-06-11 14:40:09] - https://www.loyhome.com/feed
[2026-06-11 14:40:09] - http://feeds.feedburner.com/ruanyifeng
