[2026-03-27 02:42:35] 本次订阅抓取结果统计:
[2026-03-27 02:42:35] 共 28 条RSS, 成功抓取 24 条.
[2026-03-27 02:42:35] ✘ 有 4 条订阅解析失败:
[2026-03-27 02:42:35] - https://blog.pursuitus.com/feed
[2026-03-27 02:42:35] - https://geekinney.com/index.xml
[2026-03-27 02:42:35] - https://tcxx.info/feed
[2026-03-27 02:42:35] - https://tumutanzi.com/feed
[2026-03-27 02:42:35] ✘ 有 1 条订阅头像无法访问, 已使用默认头像:
[2026-03-27 02:42:35] - http://feeds.feedburner.com/ruanyifeng
[2026-03-27 05:10:39] 本次订阅抓取结果统计:
[2026-03-27 05:10:39] 共 28 条RSS, 成功抓取 23 条.
[2026-03-27 05:10:39] ✘ 有 5 条订阅解析失败:
[2026-03-27 05:10:39] - https://blog.pursuitus.com/feed
[2026-03-27 05:10:39] - https://geekinney.com/index.xml
[2026-03-27 05:10:39] - https://tcxx.info/feed
[2026-03-27 05:10:39] - https://tumutanzi.com/feed
[2026-03-27 05:10:39] - https://wangpei.net/feed
[2026-03-27 05:10:39] ✘ 有 1 条订阅头像无法访问, 已使用默认头像:
[2026-03-27 05:10:39] - http://feeds.feedburner.com/ruanyifeng
[2026-03-27 07:13:54] 本次订阅抓取结果统计:
[2026-03-27 07:13:54] 共 28 条RSS, 成功抓取 24 条.
[2026-03-27 07:13:54] ✘ 有 4 条订阅解析失败:
[2026-03-27 07:13:54] - https://blog.pursuitus.com/feed
[2026-03-27 07:13:54] - https://geekinney.com/index.xml
[2026-03-27 07:13:54] - https://tumutanzi.com/feed
[2026-03-27 07:13:54] - https://tcxx.info/feed
[2026-03-27 07:13:54] ✘ 有 1 条订阅头像无法访问, 已使用默认头像:
[2026-03-27 07:13:54] - http://feeds.feedburner.com/ruanyifeng
[2026-03-27 08:58:10] 本次订阅抓取结果统计:
[2026-03-27 08:58:10] 共 28 条RSS, 成功抓取 24 条.
[2026-03-27 08:58:10] ✘ 有 4 条订阅解析失败:
[2026-03-27 08:58:10] - https://blog.pursuitus.com/feed
[2026-03-27 08:58:10] - https://geekinney.com/index.xml
[2026-03-27 08:58:10] - https://tcxx.info/feed
[2026-03-27 08:58:10] - https://tumutanzi.com/feed
[2026-03-27 08:58:10] ✘ 有 2 条订阅头像无法访问, 已使用默认头像:
[2026-03-27 08:58:10] - http://feeds.feedburner.com/ruanyifeng
[2026-03-27 08:58:10] - https://www.loyhome.com/feed
[2026-03-27 10:00:33] 本次订阅抓取结果统计:
[2026-03-27 10:00:33] 共 28 条RSS, 成功抓取 24 条.
[2026-03-27 10:00:33] ✘ 有 4 条订阅解析失败:
[2026-03-27 10:00:33] - https://blog.pursuitus.com/feed
[2026-03-27 10:00:33] - https://geekinney.com/index.xml
[2026-03-27 10:00:33] - https://tcxx.info/feed
[2026-03-27 10:00:33] - https://tumutanzi.com/feed
[2026-03-27 10:00:33] ✘ 有 1 条订阅头像无法访问, 已使用默认头像:
[2026-03-27 10:00:33] - http://feeds.feedburner.com/ruanyifeng
[2026-03-27 11:00:43] 本次订阅抓取结果统计:
[2026-03-27 11:00:43] 共 28 条RSS, 成功抓取 24 条.
[2026-03-27 11:00:43] ✘ 有 4 条订阅解析失败:
[2026-03-27 11:00:43] - https://blog.pursuitus.com/feed
[2026-03-27 11:00:43] - https://geekinney.com/index.xml
[2026-03-27 11:00:43] - https://tcxx.info/feed
[2026-03-27 11:00:43] - https://tumutanzi.com/feed
[2026-03-27 11:00:43] ✘ 有 2 条订阅头像无法访问, 已使用默认头像:
[2026-03-27 11:00:43] - http://feeds.feedburner.com/ruanyifeng
[2026-03-27 11:00:43] - https://blog.zhheo.com/rss.xml
[2026-03-27 13:14:25] 本次订阅抓取结果统计:
[2026-03-27 13:14:25] 共 28 条RSS, 成功抓取 24 条.
[2026-03-27 13:14:25] ✘ 有 4 条订阅解析失败:
[2026-03-27 13:14:25] - https://blog.pursuitus.com/feed
[2026-03-27 13:14:25] - https://tcxx.info/feed
[2026-03-27 13:14:25] - https://geekinney.com/index.xml
[2026-03-27 13:14:25] - https://tumutanzi.com/feed
[2026-03-27 13:14:25] ✘ 有 1 条订阅头像无法访问, 已使用默认头像:
[2026-03-27 13:14:25] - http://feeds.feedburner.com/ruanyifeng
[2026-03-27 14:54:15] 本次订阅抓取结果统计:
[2026-03-27 14:54:15] 共 28 条RSS, 成功抓取 24 条.
[2026-03-27 14:54:15] ✘ 有 4 条订阅解析失败:
[2026-03-27 14:54:15] - https://blog.pursuitus.com/feed
[2026-03-27 14:54:15] - https://geekinney.com/index.xml
[2026-03-27 14:54:15] - https://tcxx.info/feed
[2026-03-27 14:54:15] - https://tumutanzi.com/feed
[2026-03-27 14:54:15] ✘ 有 2 条订阅头像无法访问, 已使用默认头像:
[2026-03-27 14:54:15] - http://feeds.feedburner.com/ruanyifeng
[2026-03-27 14:54:15] - https://www.loyhome.com/feed
