[2026-04-21 02:53:18] 本次订阅抓取结果统计:
[2026-04-21 02:53:18] 共 28 条RSS, 成功抓取 23 条.
[2026-04-21 02:53:18] ✘ 有 5 条订阅解析失败:
[2026-04-21 02:53:18] - https://blog.pursuitus.com/feed
[2026-04-21 02:53:18] - https://geekinney.com/index.xml
[2026-04-21 02:53:18] - https://tcxx.info/feed
[2026-04-21 02:53:18] - https://www.shephe.com/feed
[2026-04-21 02:53:18] - https://tumutanzi.com/feed
[2026-04-21 02:53:18] ✘ 有 2 条订阅头像无法访问, 已使用默认头像:
[2026-04-21 02:53:18] - https://www.loyhome.com/feed
[2026-04-21 02:53:18] - http://feeds.feedburner.com/ruanyifeng
[2026-04-21 05:31:10] 本次订阅抓取结果统计:
[2026-04-21 05:31:10] 共 28 条RSS, 成功抓取 23 条.
[2026-04-21 05:31:10] ✘ 有 5 条订阅解析失败:
[2026-04-21 05:31:10] - https://blog.pursuitus.com/feed
[2026-04-21 05:31:10] - https://geekinney.com/index.xml
[2026-04-21 05:31:10] - https://tcxx.info/feed
[2026-04-21 05:31:10] - https://tumutanzi.com/feed
[2026-04-21 05:31:10] - https://www.shephe.com/feed
[2026-04-21 05:31:10] ✘ 有 2 条订阅头像无法访问, 已使用默认头像:
[2026-04-21 05:31:10] - https://www.loyhome.com/feed
[2026-04-21 05:31:10] - http://feeds.feedburner.com/ruanyifeng
[2026-04-21 07:58:06] 本次订阅抓取结果统计:
[2026-04-21 07:58:06] 共 28 条RSS, 成功抓取 23 条.
[2026-04-21 07:58:06] ✘ 有 5 条订阅解析失败:
[2026-04-21 07:58:06] - https://blog.pursuitus.com/feed
[2026-04-21 07:58:06] - https://geekinney.com/index.xml
[2026-04-21 07:58:06] - https://tcxx.info/feed
[2026-04-21 07:58:06] - https://tumutanzi.com/feed
[2026-04-21 07:58:06] - https://www.shephe.com/feed
[2026-04-21 07:58:06] ✘ 有 2 条订阅头像无法访问, 已使用默认头像:
[2026-04-21 07:58:06] - https://www.loyhome.com/feed
[2026-04-21 07:58:06] - http://feeds.feedburner.com/ruanyifeng
[2026-04-21 09:47:00] 本次订阅抓取结果统计:
[2026-04-21 09:47:00] 共 28 条RSS, 成功抓取 23 条.
[2026-04-21 09:47:00] ✘ 有 5 条订阅解析失败:
[2026-04-21 09:47:00] - https://blog.pursuitus.com/feed
[2026-04-21 09:47:00] - https://geekinney.com/index.xml
[2026-04-21 09:47:00] - https://tcxx.info/feed
[2026-04-21 09:47:00] - https://tumutanzi.com/feed
[2026-04-21 09:47:00] - https://www.shephe.com/feed
[2026-04-21 09:47:00] ✘ 有 2 条订阅头像无法访问, 已使用默认头像:
[2026-04-21 09:47:00] - https://www.loyhome.com/feed
[2026-04-21 09:47:00] - http://feeds.feedburner.com/ruanyifeng
[2026-04-21 11:11:36] 本次订阅抓取结果统计:
[2026-04-21 11:11:36] 共 28 条RSS, 成功抓取 23 条.
[2026-04-21 11:11:36] ✘ 有 5 条订阅解析失败:
[2026-04-21 11:11:36] - https://blog.pursuitus.com/feed
[2026-04-21 11:11:36] - https://geekinney.com/index.xml
[2026-04-21 11:11:36] - https://tcxx.info/feed
[2026-04-21 11:11:36] - https://tumutanzi.com/feed
[2026-04-21 11:11:36] - https://www.shephe.com/feed
[2026-04-21 11:11:36] ✘ 有 2 条订阅头像无法访问, 已使用默认头像:
[2026-04-21 11:11:36] - https://www.loyhome.com/feed
[2026-04-21 11:11:36] - http://feeds.feedburner.com/ruanyifeng
[2026-04-21 13:50:09] 本次订阅抓取结果统计:
[2026-04-21 13:50:09] 共 28 条RSS, 成功抓取 23 条.
[2026-04-21 13:50:09] ✘ 有 5 条订阅解析失败:
[2026-04-21 13:50:09] - https://blog.pursuitus.com/feed
[2026-04-21 13:50:09] - https://geekinney.com/index.xml
[2026-04-21 13:50:09] - https://tumutanzi.com/feed
[2026-04-21 13:50:09] - https://tcxx.info/feed
[2026-04-21 13:50:09] - https://www.shephe.com/feed
[2026-04-21 13:50:09] ✘ 有 2 条订阅头像无法访问, 已使用默认头像:
[2026-04-21 13:50:09] - https://www.loyhome.com/feed
[2026-04-21 13:50:09] - http://feeds.feedburner.com/ruanyifeng
[2026-04-21 15:17:00] 本次订阅抓取结果统计:
[2026-04-21 15:17:00] 共 28 条RSS, 成功抓取 23 条.
[2026-04-21 15:17:00] ✘ 有 5 条订阅解析失败:
[2026-04-21 15:17:00] - https://blog.pursuitus.com/feed
[2026-04-21 15:17:00] - https://tcxx.info/feed
[2026-04-21 15:17:00] - https://geekinney.com/index.xml
[2026-04-21 15:17:00] - https://tumutanzi.com/feed
[2026-04-21 15:17:00] - https://www.shephe.com/feed
[2026-04-21 15:17:00] ✘ 有 2 条订阅头像无法访问, 已使用默认头像:
[2026-04-21 15:17:00] - https://www.loyhome.com/feed
[2026-04-21 15:17:00] - http://feeds.feedburner.com/ruanyifeng
[2026-04-21 17:22:43] 本次订阅抓取结果统计:
[2026-04-21 17:22:43] 共 28 条RSS, 成功抓取 23 条.
[2026-04-21 17:22:43] ✘ 有 5 条订阅解析失败:
[2026-04-21 17:22:43] - https://blog.pursuitus.com/feed
[2026-04-21 17:22:43] - https://geekinney.com/index.xml
[2026-04-21 17:22:43] - https://tcxx.info/feed
[2026-04-21 17:22:43] - https://www.shephe.com/feed
[2026-04-21 17:22:43] - https://tumutanzi.com/feed
[2026-04-21 17:22:43] ✘ 有 2 条订阅头像无法访问, 已使用默认头像:
[2026-04-21 17:22:43] - https://www.loyhome.com/feed
[2026-04-21 17:22:43] - http://feeds.feedburner.com/ruanyifeng
