[2026-04-30 03:55:16] 本次订阅抓取结果统计:
[2026-04-30 03:55:16] 共 28 条RSS, 成功抓取 23 条.
[2026-04-30 03:55:16] ✘ 有 5 条订阅解析失败:
[2026-04-30 03:55:16] - https://blog.pursuitus.com/feed
[2026-04-30 03:55:16] - https://geekinney.com/index.xml
[2026-04-30 03:55:16] - https://tcxx.info/feed
[2026-04-30 03:55:16] - https://tumutanzi.com/feed
[2026-04-30 03:55:16] - https://www.shephe.com/feed
[2026-04-30 03:55:16] ✘ 有 2 条订阅头像无法访问, 已使用默认头像:
[2026-04-30 03:55:16] - https://www.loyhome.com/feed
[2026-04-30 03:55:16] - http://feeds.feedburner.com/ruanyifeng
[2026-04-30 06:30:20] 本次订阅抓取结果统计:
[2026-04-30 06:30:20] 共 28 条RSS, 成功抓取 23 条.
[2026-04-30 06:30:20] ✘ 有 5 条订阅解析失败:
[2026-04-30 06:30:20] - https://blog.pursuitus.com/feed
[2026-04-30 06:30:20] - https://geekinney.com/index.xml
[2026-04-30 06:30:20] - https://www.shephe.com/feed
[2026-04-30 06:30:20] - https://tcxx.info/feed
[2026-04-30 06:30:20] - https://tumutanzi.com/feed
[2026-04-30 06:30:20] ✘ 有 3 条订阅头像无法访问, 已使用默认头像:
[2026-04-30 06:30:20] - https://www.loyhome.com/feed
[2026-04-30 06:30:20] - http://feeds.feedburner.com/ruanyifeng
[2026-04-30 06:30:20] - https://xyzbz.cn/feed
[2026-04-30 09:15:26] 本次订阅抓取结果统计:
[2026-04-30 09:15:26] 共 28 条RSS, 成功抓取 22 条.
[2026-04-30 09:15:26] ✘ 有 6 条订阅解析失败:
[2026-04-30 09:15:26] - https://blog.pursuitus.com/feed
[2026-04-30 09:15:26] - https://geekinney.com/index.xml
[2026-04-30 09:15:26] - https://tcxx.info/feed
[2026-04-30 09:15:26] - https://tumutanzi.com/feed
[2026-04-30 09:15:26] - https://www.shephe.com/feed
[2026-04-30 09:15:26] - https://blog.fooleap.org/atom.xml
[2026-04-30 09:15:26] ✘ 有 2 条订阅头像无法访问, 已使用默认头像:
[2026-04-30 09:15:26] - https://www.loyhome.com/feed
[2026-04-30 09:15:26] - http://feeds.feedburner.com/ruanyifeng
