[2026-05-28 00:01:44] 本次订阅抓取结果统计:
[2026-05-28 00:01:44] 共 28 条RSS, 成功抓取 23 条.
[2026-05-28 00:01:44] ✘ 有 5 条订阅解析失败:
[2026-05-28 00:01:44] - https://blog.pursuitus.com/feed
[2026-05-28 00:01:44] - https://geekinney.com/index.xml
[2026-05-28 00:01:44] - https://tcxx.info/feed
[2026-05-28 00:01:44] - https://tumutanzi.com/feed
[2026-05-28 00:01:44] - https://www.shephe.com/feed
[2026-05-28 00:01:44] ✘ 有 4 条订阅头像无法访问, 已使用默认头像:
[2026-05-28 00:01:44] - https://hwv430.blogspot.com/feeds/posts/default
[2026-05-28 00:01:44] - https://www.loyhome.com/feed
[2026-05-28 00:01:44] - http://feeds.feedburner.com/ruanyifeng
[2026-05-28 00:01:44] - https://xyzbz.cn/feed
[2026-05-28 05:10:19] 本次订阅抓取结果统计:
[2026-05-28 05:10:19] 共 28 条RSS, 成功抓取 23 条.
[2026-05-28 05:10:19] ✘ 有 5 条订阅解析失败:
[2026-05-28 05:10:19] - https://blog.pursuitus.com/feed
[2026-05-28 05:10:19] - https://geekinney.com/index.xml
[2026-05-28 05:10:19] - https://tcxx.info/feed
[2026-05-28 05:10:19] - https://tumutanzi.com/feed
[2026-05-28 05:10:19] - https://www.shephe.com/feed
[2026-05-28 05:10:19] ✘ 有 3 条订阅头像无法访问, 已使用默认头像:
[2026-05-28 05:10:19] - https://www.loyhome.com/feed
[2026-05-28 05:10:19] - http://feeds.feedburner.com/ruanyifeng
[2026-05-28 05:10:19] - https://xyzbz.cn/feed
[2026-05-28 10:08:14] 本次订阅抓取结果统计:
[2026-05-28 10:08:14] 共 28 条RSS, 成功抓取 23 条.
[2026-05-28 10:08:14] ✘ 有 5 条订阅解析失败:
[2026-05-28 10:08:14] - https://blog.pursuitus.com/feed
[2026-05-28 10:08:14] - https://geekinney.com/index.xml
[2026-05-28 10:08:14] - https://tcxx.info/feed
[2026-05-28 10:08:14] - https://tumutanzi.com/feed
[2026-05-28 10:08:14] - https://www.shephe.com/feed
[2026-05-28 10:08:14] ✘ 有 3 条订阅头像无法访问, 已使用默认头像:
[2026-05-28 10:08:14] - https://www.loyhome.com/feed
[2026-05-28 10:08:14] - http://feeds.feedburner.com/ruanyifeng
[2026-05-28 10:08:14] - https://xyzbz.cn/feed
