[2026-07-14 02:44:37] 本次订阅抓取结果统计:
[2026-07-14 02:44:37] 共 28 条RSS, 成功抓取 24 条.
[2026-07-14 02:44:37] ✘ 有 4 条订阅解析失败:
[2026-07-14 02:44:37] - https://blog.pursuitus.com/feed
[2026-07-14 02:44:37] - https://geekinney.com/index.xml
[2026-07-14 02:44:37] - https://tcxx.info/feed
[2026-07-14 02:44:37] - https://www.shephe.com/feed
[2026-07-14 02:44:37] ✘ 有 2 条订阅头像无法访问, 已使用默认头像:
[2026-07-14 02:44:37] - https://www.loyhome.com/feed
[2026-07-14 02:44:37] - http://feeds.feedburner.com/ruanyifeng
[2026-07-14 05:35:09] 本次订阅抓取结果统计:
[2026-07-14 05:35:09] 共 28 条RSS, 成功抓取 23 条.
[2026-07-14 05:35:09] ✘ 有 5 条订阅解析失败:
[2026-07-14 05:35:09] - https://blog.pursuitus.com/feed
[2026-07-14 05:35:09] - https://blog.yanqingshan.com/feed
[2026-07-14 05:35:09] - https://geekinney.com/index.xml
[2026-07-14 05:35:09] - https://tcxx.info/feed
[2026-07-14 05:35:09] - https://www.shephe.com/feed
[2026-07-14 05:35:09] ✘ 有 3 条订阅头像无法访问, 已使用默认头像:
[2026-07-14 05:35:09] - https://blog.zhheo.com/rss.xml
[2026-07-14 05:35:09] - https://www.loyhome.com/feed
[2026-07-14 05:35:09] - http://feeds.feedburner.com/ruanyifeng
