[2026-05-12 00:04:57] 本次订阅抓取结果统计:
[2026-05-12 00:04:57] 共 28 条RSS, 成功抓取 23 条.
[2026-05-12 00:04:57] ✘ 有 5 条订阅解析失败:
[2026-05-12 00:04:57] - https://blog.pursuitus.com/feed
[2026-05-12 00:04:57] - https://geekinney.com/index.xml
[2026-05-12 00:04:57] - https://tcxx.info/feed
[2026-05-12 00:04:57] - https://tumutanzi.com/feed
[2026-05-12 00:04:57] - https://www.shephe.com/feed
[2026-05-12 00:04:57] ✘ 有 3 条订阅头像无法访问, 已使用默认头像:
[2026-05-12 00:04:57] - https://www.loyhome.com/feed
[2026-05-12 00:04:57] - http://feeds.feedburner.com/ruanyifeng
[2026-05-12 00:04:57] - https://xyzbz.cn/feed
[2026-05-12 04:37:36] 本次订阅抓取结果统计:
[2026-05-12 04:37:36] 共 28 条RSS, 成功抓取 23 条.
[2026-05-12 04:37:36] ✘ 有 5 条订阅解析失败:
[2026-05-12 04:37:36] - https://blog.pursuitus.com/feed
[2026-05-12 04:37:36] - https://geekinney.com/index.xml
[2026-05-12 04:37:36] - https://tcxx.info/feed
[2026-05-12 04:37:36] - https://tumutanzi.com/feed
[2026-05-12 04:37:36] - https://www.shephe.com/feed
[2026-05-12 04:37:36] ✘ 有 3 条订阅头像无法访问, 已使用默认头像:
[2026-05-12 04:37:36] - https://www.loyhome.com/feed
[2026-05-12 04:37:36] - https://xyzbz.cn/feed
[2026-05-12 04:37:36] - http://feeds.feedburner.com/ruanyifeng
[2026-05-12 07:44:27] 本次订阅抓取结果统计:
[2026-05-12 07:44:27] 共 28 条RSS, 成功抓取 23 条.
[2026-05-12 07:44:27] ✘ 有 5 条订阅解析失败:
[2026-05-12 07:44:27] - https://blog.pursuitus.com/feed
[2026-05-12 07:44:27] - https://geekinney.com/index.xml
[2026-05-12 07:44:27] - https://tcxx.info/feed
[2026-05-12 07:44:27] - https://tumutanzi.com/feed
[2026-05-12 07:44:27] - https://www.shephe.com/feed
[2026-05-12 07:44:27] ✘ 有 3 条订阅头像无法访问, 已使用默认头像:
[2026-05-12 07:44:27] - https://www.loyhome.com/feed
[2026-05-12 07:44:27] - https://xyzbz.cn/feed
[2026-05-12 07:44:27] - http://feeds.feedburner.com/ruanyifeng
[2026-05-12 10:34:50] 本次订阅抓取结果统计:
[2026-05-12 10:34:50] 共 28 条RSS, 成功抓取 23 条.
[2026-05-12 10:34:50] ✘ 有 5 条订阅解析失败:
[2026-05-12 10:34:50] - https://blog.pursuitus.com/feed
[2026-05-12 10:34:50] - https://geekinney.com/index.xml
[2026-05-12 10:34:50] - https://tcxx.info/feed
[2026-05-12 10:34:50] - https://tumutanzi.com/feed
[2026-05-12 10:34:50] - https://www.shephe.com/feed
[2026-05-12 10:34:50] ✘ 有 3 条订阅头像无法访问, 已使用默认头像:
[2026-05-12 10:34:50] - https://www.loyhome.com/feed
[2026-05-12 10:34:50] - http://feeds.feedburner.com/ruanyifeng
[2026-05-12 10:34:50] - https://xyzbz.cn/feed
[2026-05-12 13:05:35] 本次订阅抓取结果统计:
[2026-05-12 13:05:35] 共 28 条RSS, 成功抓取 23 条.
[2026-05-12 13:05:35] ✘ 有 5 条订阅解析失败:
[2026-05-12 13:05:35] - https://blog.pursuitus.com/feed
[2026-05-12 13:05:35] - https://geekinney.com/index.xml
[2026-05-12 13:05:35] - https://tcxx.info/feed
[2026-05-12 13:05:35] - https://tumutanzi.com/feed
[2026-05-12 13:05:35] - https://www.shephe.com/feed
[2026-05-12 13:05:35] ✘ 有 3 条订阅头像无法访问, 已使用默认头像:
[2026-05-12 13:05:35] - https://www.loyhome.com/feed
[2026-05-12 13:05:35] - https://xyzbz.cn/feed
[2026-05-12 13:05:35] - http://feeds.feedburner.com/ruanyifeng
[2026-05-12 16:24:22] 本次订阅抓取结果统计:
[2026-05-12 16:24:22] 共 28 条RSS, 成功抓取 23 条.
[2026-05-12 16:24:22] ✘ 有 5 条订阅解析失败:
[2026-05-12 16:24:22] - https://blog.pursuitus.com/feed
[2026-05-12 16:24:22] - https://geekinney.com/index.xml
[2026-05-12 16:24:22] - https://tcxx.info/feed
[2026-05-12 16:24:22] - https://tumutanzi.com/feed
[2026-05-12 16:24:22] - https://www.shephe.com/feed
[2026-05-12 16:24:22] ✘ 有 4 条订阅头像无法访问, 已使用默认头像:
[2026-05-12 16:24:22] - https://xyzbz.cn/feed
[2026-05-12 16:24:22] - https://www.loyhome.com/feed
[2026-05-12 16:24:22] - https://blog.zhheo.com/rss.xml
[2026-05-12 16:24:22] - http://feeds.feedburner.com/ruanyifeng
[2026-05-12 18:58:29] 本次订阅抓取结果统计:
[2026-05-12 18:58:29] 共 28 条RSS, 成功抓取 23 条.
[2026-05-12 18:58:29] ✘ 有 5 条订阅解析失败:
[2026-05-12 18:58:29] - https://blog.pursuitus.com/feed
[2026-05-12 18:58:29] - https://geekinney.com/index.xml
[2026-05-12 18:58:29] - https://www.shephe.com/feed
[2026-05-12 18:58:29] - https://tcxx.info/feed
[2026-05-12 18:58:29] - https://tumutanzi.com/feed
[2026-05-12 18:58:29] ✘ 有 3 条订阅头像无法访问, 已使用默认头像:
[2026-05-12 18:58:29] - https://www.loyhome.com/feed
[2026-05-12 18:58:29] - http://feeds.feedburner.com/ruanyifeng
[2026-05-12 18:58:29] - https://xyzbz.cn/feed
[2026-05-12 20:45:21] 本次订阅抓取结果统计:
[2026-05-12 20:45:21] 共 28 条RSS, 成功抓取 23 条.
[2026-05-12 20:45:21] ✘ 有 5 条订阅解析失败:
[2026-05-12 20:45:21] - https://blog.pursuitus.com/feed
[2026-05-12 20:45:21] - https://geekinney.com/index.xml
[2026-05-12 20:45:21] - https://tcxx.info/feed
[2026-05-12 20:45:21] - https://tumutanzi.com/feed
[2026-05-12 20:45:21] - https://www.shephe.com/feed
[2026-05-12 20:45:21] ✘ 有 3 条订阅头像无法访问, 已使用默认头像:
[2026-05-12 20:45:21] - https://www.loyhome.com/feed
[2026-05-12 20:45:21] - http://feeds.feedburner.com/ruanyifeng
[2026-05-12 20:45:21] - https://xyzbz.cn/feed
[2026-05-12 22:14:36] 本次订阅抓取结果统计:
[2026-05-12 22:14:36] 共 28 条RSS, 成功抓取 22 条.
[2026-05-12 22:14:36] ✘ 有 6 条订阅解析失败:
[2026-05-12 22:14:36] - https://blog.pursuitus.com/feed
[2026-05-12 22:14:36] - https://tcxx.info/feed
[2026-05-12 22:14:36] - https://geekinney.com/index.xml
[2026-05-12 22:14:36] - https://tumutanzi.com/feed
[2026-05-12 22:14:36] - https://www.shephe.com/feed
[2026-05-12 22:14:36] - https://wangpei.net/feed
[2026-05-12 22:14:36] ✘ 有 3 条订阅头像无法访问, 已使用默认头像:
[2026-05-12 22:14:36] - https://www.loyhome.com/feed
[2026-05-12 22:14:36] - http://feeds.feedburner.com/ruanyifeng
[2026-05-12 22:14:36] - https://xyzbz.cn/feed
