[2026-06-12 04:17:45] 本次订阅抓取结果统计:
[2026-06-12 04:17:45] 共 28 条RSS, 成功抓取 23 条.
[2026-06-12 04:17:45] ✘ 有 5 条订阅解析失败:
[2026-06-12 04:17:45] - https://blog.pursuitus.com/feed
[2026-06-12 04:17:45] - https://geekinney.com/index.xml
[2026-06-12 04:17:45] - https://tcxx.info/feed
[2026-06-12 04:17:45] - https://tumutanzi.com/feed
[2026-06-12 04:17:45] - https://www.shephe.com/feed
[2026-06-12 04:17:45] ✘ 有 3 条订阅头像无法访问, 已使用默认头像:
[2026-06-12 04:17:45] - https://www.loyhome.com/feed
[2026-06-12 04:17:45] - http://feeds.feedburner.com/ruanyifeng
[2026-06-12 04:17:45] - https://xyzbz.cn/feed
[2026-06-12 09:00:05] 本次订阅抓取结果统计:
[2026-06-12 09:00:05] 共 28 条RSS, 成功抓取 22 条.
[2026-06-12 09:00:05] ✘ 有 6 条订阅解析失败:
[2026-06-12 09:00:05] - https://blog.yanqingshan.com/feed
[2026-06-12 09:00:05] - https://blog.pursuitus.com/feed
[2026-06-12 09:00:05] - https://geekinney.com/index.xml
[2026-06-12 09:00:05] - https://tcxx.info/feed
[2026-06-12 09:00:05] - https://tumutanzi.com/feed
[2026-06-12 09:00:05] - https://www.shephe.com/feed
[2026-06-12 09:00:05] ✘ 有 4 条订阅头像无法访问, 已使用默认头像:
[2026-06-12 09:00:05] - https://blog.zhheo.com/rss.xml
[2026-06-12 09:00:05] - https://www.loyhome.com/feed
[2026-06-12 09:00:05] - http://feeds.feedburner.com/ruanyifeng
[2026-06-12 09:00:05] - https://xyzbz.cn/feed
