[2026-03-10 02:23:20] 本次订阅抓取结果统计:
[2026-03-10 02:23:20] 共 28 条RSS, 成功抓取 24 条.
[2026-03-10 02:23:20] ✘ 有 4 条订阅解析失败:
[2026-03-10 02:23:20] - https://blog.pursuitus.com/feed
[2026-03-10 02:23:20] - https://tcxx.info/feed
[2026-03-10 02:23:20] - https://tumutanzi.com/feed
[2026-03-10 02:23:20] - https://geekinney.com/index.xml
[2026-03-10 02:23:20] ✘ 有 1 条订阅头像无法访问, 已使用默认头像:
[2026-03-10 02:23:20] - http://feeds.feedburner.com/ruanyifeng
[2026-03-10 04:44:25] 本次订阅抓取结果统计:
[2026-03-10 04:44:25] 共 28 条RSS, 成功抓取 24 条.
[2026-03-10 04:44:25] ✘ 有 4 条订阅解析失败:
[2026-03-10 04:44:25] - https://blog.pursuitus.com/feed
[2026-03-10 04:44:25] - https://tcxx.info/feed
[2026-03-10 04:44:25] - https://tumutanzi.com/feed
[2026-03-10 04:44:25] - https://geekinney.com/index.xml
[2026-03-10 04:44:25] ✘ 有 1 条订阅头像无法访问, 已使用默认头像:
[2026-03-10 04:44:25] - http://feeds.feedburner.com/ruanyifeng
[2026-03-10 05:49:25] 本次订阅抓取结果统计:
[2026-03-10 05:49:25] 共 28 条RSS, 成功抓取 24 条.
[2026-03-10 05:49:25] ✘ 有 4 条订阅解析失败:
[2026-03-10 05:49:25] - https://blog.pursuitus.com/feed
[2026-03-10 05:49:25] - https://tcxx.info/feed
[2026-03-10 05:49:25] - https://tumutanzi.com/feed
[2026-03-10 05:49:25] - https://geekinney.com/index.xml
[2026-03-10 05:49:25] ✘ 有 1 条订阅头像无法访问, 已使用默认头像:
[2026-03-10 05:49:25] - http://feeds.feedburner.com/ruanyifeng
[2026-03-10 06:56:10] 本次订阅抓取结果统计:
[2026-03-10 06:56:10] 共 28 条RSS, 成功抓取 24 条.
[2026-03-10 06:56:10] ✘ 有 4 条订阅解析失败:
[2026-03-10 06:56:10] - https://blog.pursuitus.com/feed
[2026-03-10 06:56:10] - https://tcxx.info/feed
[2026-03-10 06:56:10] - https://tumutanzi.com/feed
[2026-03-10 06:56:10] - https://geekinney.com/index.xml
[2026-03-10 06:56:10] ✘ 有 1 条订阅头像无法访问, 已使用默认头像:
[2026-03-10 06:56:10] - http://feeds.feedburner.com/ruanyifeng
[2026-03-10 07:43:52] 本次订阅抓取结果统计:
[2026-03-10 07:43:52] 共 28 条RSS, 成功抓取 23 条.
[2026-03-10 07:43:52] ✘ 有 5 条订阅解析失败:
[2026-03-10 07:43:52] - https://blog.pursuitus.com/feed
[2026-03-10 07:43:52] - https://www.loyhome.com/feed
[2026-03-10 07:43:52] - https://tcxx.info/feed
[2026-03-10 07:43:52] - https://tumutanzi.com/feed
[2026-03-10 07:43:52] - https://geekinney.com/index.xml
[2026-03-10 07:43:52] ✘ 有 1 条订阅头像无法访问, 已使用默认头像:
[2026-03-10 07:43:52] - http://feeds.feedburner.com/ruanyifeng
[2026-03-10 08:50:07] 本次订阅抓取结果统计:
[2026-03-10 08:50:07] 共 28 条RSS, 成功抓取 24 条.
[2026-03-10 08:50:07] ✘ 有 4 条订阅解析失败:
[2026-03-10 08:50:07] - https://blog.pursuitus.com/feed
[2026-03-10 08:50:07] - https://tcxx.info/feed
[2026-03-10 08:50:07] - https://tumutanzi.com/feed
[2026-03-10 08:50:07] - https://geekinney.com/index.xml
[2026-03-10 08:50:07] ✘ 有 1 条订阅头像无法访问, 已使用默认头像:
[2026-03-10 08:50:07] - http://feeds.feedburner.com/ruanyifeng
[2026-03-10 09:50:34] 本次订阅抓取结果统计:
[2026-03-10 09:50:34] 共 28 条RSS, 成功抓取 24 条.
[2026-03-10 09:50:34] ✘ 有 4 条订阅解析失败:
[2026-03-10 09:50:34] - https://blog.pursuitus.com/feed
[2026-03-10 09:50:34] - https://tcxx.info/feed
[2026-03-10 09:50:34] - https://tumutanzi.com/feed
[2026-03-10 09:50:34] - https://geekinney.com/index.xml
[2026-03-10 09:50:34] ✘ 有 1 条订阅头像无法访问, 已使用默认头像:
[2026-03-10 09:50:34] - http://feeds.feedburner.com/ruanyifeng
[2026-03-10 10:44:05] 本次订阅抓取结果统计:
[2026-03-10 10:44:05] 共 28 条RSS, 成功抓取 24 条.
[2026-03-10 10:44:05] ✘ 有 4 条订阅解析失败:
[2026-03-10 10:44:05] - https://blog.pursuitus.com/feed
[2026-03-10 10:44:05] - https://tcxx.info/feed
[2026-03-10 10:44:05] - https://tumutanzi.com/feed
[2026-03-10 10:44:05] - https://geekinney.com/index.xml
[2026-03-10 10:44:05] ✘ 有 1 条订阅头像无法访问, 已使用默认头像:
[2026-03-10 10:44:05] - http://feeds.feedburner.com/ruanyifeng
[2026-03-10 11:35:36] 本次订阅抓取结果统计:
[2026-03-10 11:35:36] 共 28 条RSS, 成功抓取 24 条.
[2026-03-10 11:35:36] ✘ 有 4 条订阅解析失败:
[2026-03-10 11:35:36] - https://blog.pursuitus.com/feed
[2026-03-10 11:35:36] - https://tcxx.info/feed
[2026-03-10 11:35:36] - https://tumutanzi.com/feed
[2026-03-10 11:35:36] - https://geekinney.com/index.xml
[2026-03-10 11:35:36] ✘ 有 1 条订阅头像无法访问, 已使用默认头像:
[2026-03-10 11:35:36] - http://feeds.feedburner.com/ruanyifeng
[2026-03-10 13:09:05] 本次订阅抓取结果统计:
[2026-03-10 13:09:05] 共 28 条RSS, 成功抓取 24 条.
[2026-03-10 13:09:05] ✘ 有 4 条订阅解析失败:
[2026-03-10 13:09:05] - https://blog.pursuitus.com/feed
[2026-03-10 13:09:05] - https://tcxx.info/feed
[2026-03-10 13:09:05] - https://tumutanzi.com/feed
[2026-03-10 13:09:05] - https://geekinney.com/index.xml
[2026-03-10 13:09:05] ✘ 有 1 条订阅头像无法访问, 已使用默认头像:
[2026-03-10 13:09:05] - http://feeds.feedburner.com/ruanyifeng
[2026-03-10 14:53:39] 本次订阅抓取结果统计:
[2026-03-10 14:53:39] 共 28 条RSS, 成功抓取 23 条.
[2026-03-10 14:53:39] ✘ 有 5 条订阅解析失败:
[2026-03-10 14:53:39] - https://blog.pursuitus.com/feed
[2026-03-10 14:53:39] - https://tcxx.info/feed
[2026-03-10 14:53:39] - https://tumutanzi.com/feed
[2026-03-10 14:53:39] - https://geekinney.com/index.xml
[2026-03-10 14:53:39] - https://wangpei.net/feed
[2026-03-10 14:53:39] ✘ 有 2 条订阅头像无法访问, 已使用默认头像:
[2026-03-10 14:53:39] - http://feeds.feedburner.com/ruanyifeng
[2026-03-10 14:53:39] - https://xyzbz.cn/feed
[2026-03-10 16:03:13] 本次订阅抓取结果统计:
[2026-03-10 16:03:13] 共 28 条RSS, 成功抓取 23 条.
[2026-03-10 16:03:13] ✘ 有 5 条订阅解析失败:
[2026-03-10 16:03:13] - https://blog.pursuitus.com/feed
[2026-03-10 16:03:13] - https://tcxx.info/feed
[2026-03-10 16:03:13] - https://tumutanzi.com/feed
[2026-03-10 16:03:13] - https://geekinney.com/index.xml
[2026-03-10 16:03:13] - https://wangpei.net/feed
[2026-03-10 16:03:13] ✘ 有 2 条订阅头像无法访问, 已使用默认头像:
[2026-03-10 16:03:13] - http://feeds.feedburner.com/ruanyifeng
[2026-03-10 16:03:13] - https://xyzbz.cn/feed
[2026-03-10 17:49:17] 本次订阅抓取结果统计:
[2026-03-10 17:49:17] 共 28 条RSS, 成功抓取 24 条.
[2026-03-10 17:49:17] ✘ 有 4 条订阅解析失败:
[2026-03-10 17:49:17] - https://blog.pursuitus.com/feed
[2026-03-10 17:49:17] - https://tcxx.info/feed
[2026-03-10 17:49:17] - https://tumutanzi.com/feed
[2026-03-10 17:49:17] - https://geekinney.com/index.xml
[2026-03-10 17:49:17] ✘ 有 1 条订阅头像无法访问, 已使用默认头像:
[2026-03-10 17:49:17] - http://feeds.feedburner.com/ruanyifeng
[2026-03-10 18:55:22] 本次订阅抓取结果统计:
[2026-03-10 18:55:22] 共 28 条RSS, 成功抓取 24 条.
[2026-03-10 18:55:22] ✘ 有 4 条订阅解析失败:
[2026-03-10 18:55:22] - https://blog.pursuitus.com/feed
[2026-03-10 18:55:22] - https://tcxx.info/feed
[2026-03-10 18:55:22] - https://tumutanzi.com/feed
[2026-03-10 18:55:22] - https://geekinney.com/index.xml
[2026-03-10 18:55:22] ✘ 有 1 条订阅头像无法访问, 已使用默认头像:
[2026-03-10 18:55:22] - http://feeds.feedburner.com/ruanyifeng
[2026-03-10 19:40:39] 本次订阅抓取结果统计:
[2026-03-10 19:40:39] 共 28 条RSS, 成功抓取 24 条.
[2026-03-10 19:40:39] ✘ 有 4 条订阅解析失败:
[2026-03-10 19:40:39] - https://blog.pursuitus.com/feed
[2026-03-10 19:40:39] - https://tcxx.info/feed
[2026-03-10 19:40:39] - https://tumutanzi.com/feed
[2026-03-10 19:40:39] - https://geekinney.com/index.xml
[2026-03-10 19:40:39] ✘ 有 2 条订阅头像无法访问, 已使用默认头像:
[2026-03-10 19:40:39] - http://feeds.feedburner.com/ruanyifeng
[2026-03-10 19:40:39] - https://blog.fooleap.org/atom.xml
[2026-03-10 20:38:36] 本次订阅抓取结果统计:
[2026-03-10 20:38:36] 共 28 条RSS, 成功抓取 23 条.
[2026-03-10 20:38:36] ✘ 有 5 条订阅解析失败:
[2026-03-10 20:38:36] - https://blog.pursuitus.com/feed
[2026-03-10 20:38:36] - https://tumutanzi.com/feed
[2026-03-10 20:38:36] - https://tcxx.info/feed
[2026-03-10 20:38:36] - https://geekinney.com/index.xml
[2026-03-10 20:38:36] - https://wangpei.net/feed
[2026-03-10 20:38:36] ✘ 有 1 条订阅头像无法访问, 已使用默认头像:
[2026-03-10 20:38:36] - http://feeds.feedburner.com/ruanyifeng
[2026-03-10 21:32:20] 本次订阅抓取结果统计:
[2026-03-10 21:32:20] 共 28 条RSS, 成功抓取 24 条.
[2026-03-10 21:32:20] ✘ 有 4 条订阅解析失败:
[2026-03-10 21:32:20] - https://blog.pursuitus.com/feed
[2026-03-10 21:32:20] - https://tumutanzi.com/feed
[2026-03-10 21:32:20] - https://tcxx.info/feed
[2026-03-10 21:32:20] - https://geekinney.com/index.xml
[2026-03-10 21:32:20] ✘ 有 1 条订阅头像无法访问, 已使用默认头像:
[2026-03-10 21:32:20] - http://feeds.feedburner.com/ruanyifeng
