[2026-05-24 03:57:01] 本次订阅抓取结果统计:
[2026-05-24 03:57:01] 共 28 条RSS, 成功抓取 23 条.
[2026-05-24 03:57:01] ✘ 有 5 条订阅解析失败:
[2026-05-24 03:57:01] - https://blog.pursuitus.com/feed
[2026-05-24 03:57:01] - https://geekinney.com/index.xml
[2026-05-24 03:57:01] - https://tcxx.info/feed
[2026-05-24 03:57:01] - https://tumutanzi.com/feed
[2026-05-24 03:57:01] - https://www.shephe.com/feed
[2026-05-24 03:57:01] ✘ 有 3 条订阅头像无法访问, 已使用默认头像:
[2026-05-24 03:57:01] - https://www.loyhome.com/feed
[2026-05-24 03:57:01] - http://feeds.feedburner.com/ruanyifeng
[2026-05-24 03:57:01] - https://xyzbz.cn/feed
[2026-05-24 07:26:08] 本次订阅抓取结果统计:
[2026-05-24 07:26:08] 共 28 条RSS, 成功抓取 23 条.
[2026-05-24 07:26:08] ✘ 有 5 条订阅解析失败:
[2026-05-24 07:26:08] - https://blog.pursuitus.com/feed
[2026-05-24 07:26:08] - https://geekinney.com/index.xml
[2026-05-24 07:26:08] - https://tcxx.info/feed
[2026-05-24 07:26:08] - https://tumutanzi.com/feed
[2026-05-24 07:26:08] - https://www.shephe.com/feed
[2026-05-24 07:26:08] ✘ 有 3 条订阅头像无法访问, 已使用默认头像:
[2026-05-24 07:26:08] - https://www.loyhome.com/feed
[2026-05-24 07:26:08] - https://xyzbz.cn/feed
[2026-05-24 07:26:08] - http://feeds.feedburner.com/ruanyifeng
[2026-05-24 09:58:13] 本次订阅抓取结果统计:
[2026-05-24 09:58:13] 共 28 条RSS, 成功抓取 23 条.
[2026-05-24 09:58:13] ✘ 有 5 条订阅解析失败:
[2026-05-24 09:58:13] - https://blog.pursuitus.com/feed
[2026-05-24 09:58:13] - https://geekinney.com/index.xml
[2026-05-24 09:58:13] - https://tcxx.info/feed
[2026-05-24 09:58:13] - https://tumutanzi.com/feed
[2026-05-24 09:58:13] - https://www.shephe.com/feed
[2026-05-24 09:58:13] ✘ 有 3 条订阅头像无法访问, 已使用默认头像:
[2026-05-24 09:58:13] - https://www.loyhome.com/feed
[2026-05-24 09:58:13] - http://feeds.feedburner.com/ruanyifeng
[2026-05-24 09:58:13] - https://xyzbz.cn/feed
[2026-05-24 11:22:23] 本次订阅抓取结果统计:
[2026-05-24 11:22:23] 共 28 条RSS, 成功抓取 23 条.
[2026-05-24 11:22:23] ✘ 有 5 条订阅解析失败:
[2026-05-24 11:22:23] - https://blog.pursuitus.com/feed
[2026-05-24 11:22:23] - https://geekinney.com/index.xml
[2026-05-24 11:22:23] - https://tcxx.info/feed
[2026-05-24 11:22:23] - https://tumutanzi.com/feed
[2026-05-24 11:22:23] - https://www.shephe.com/feed
[2026-05-24 11:22:23] ✘ 有 3 条订阅头像无法访问, 已使用默认头像:
[2026-05-24 11:22:23] - https://www.loyhome.com/feed
[2026-05-24 11:22:23] - http://feeds.feedburner.com/ruanyifeng
[2026-05-24 11:22:23] - https://xyzbz.cn/feed
[2026-05-24 13:42:06] 本次订阅抓取结果统计:
[2026-05-24 13:42:06] 共 28 条RSS, 成功抓取 23 条.
[2026-05-24 13:42:06] ✘ 有 5 条订阅解析失败:
[2026-05-24 13:42:06] - https://blog.pursuitus.com/feed
[2026-05-24 13:42:06] - https://geekinney.com/index.xml
[2026-05-24 13:42:06] - https://tumutanzi.com/feed
[2026-05-24 13:42:06] - https://tcxx.info/feed
[2026-05-24 13:42:06] - https://www.shephe.com/feed
[2026-05-24 13:42:06] ✘ 有 3 条订阅头像无法访问, 已使用默认头像:
[2026-05-24 13:42:06] - https://www.loyhome.com/feed
[2026-05-24 13:42:06] - https://xyzbz.cn/feed
[2026-05-24 13:42:06] - http://feeds.feedburner.com/ruanyifeng
[2026-05-24 15:07:14] 本次订阅抓取结果统计:
[2026-05-24 15:07:14] 共 28 条RSS, 成功抓取 23 条.
[2026-05-24 15:07:14] ✘ 有 5 条订阅解析失败:
[2026-05-24 15:07:14] - https://blog.pursuitus.com/feed
[2026-05-24 15:07:14] - https://geekinney.com/index.xml
[2026-05-24 15:07:14] - https://www.shephe.com/feed
[2026-05-24 15:07:14] - https://tcxx.info/feed
[2026-05-24 15:07:14] - https://tumutanzi.com/feed
[2026-05-24 15:07:14] ✘ 有 3 条订阅头像无法访问, 已使用默认头像:
[2026-05-24 15:07:14] - https://www.loyhome.com/feed
[2026-05-24 15:07:14] - http://feeds.feedburner.com/ruanyifeng
[2026-05-24 15:07:14] - https://xyzbz.cn/feed
[2026-05-24 17:06:16] 本次订阅抓取结果统计:
[2026-05-24 17:06:16] 共 28 条RSS, 成功抓取 23 条.
[2026-05-24 17:06:16] ✘ 有 5 条订阅解析失败:
[2026-05-24 17:06:16] - https://blog.pursuitus.com/feed
[2026-05-24 17:06:16] - https://tcxx.info/feed
[2026-05-24 17:06:16] - https://geekinney.com/index.xml
[2026-05-24 17:06:16] - https://tumutanzi.com/feed
[2026-05-24 17:06:16] - https://www.shephe.com/feed
[2026-05-24 17:06:16] ✘ 有 3 条订阅头像无法访问, 已使用默认头像:
[2026-05-24 17:06:16] - https://www.loyhome.com/feed
[2026-05-24 17:06:16] - http://feeds.feedburner.com/ruanyifeng
[2026-05-24 17:06:16] - https://xyzbz.cn/feed
[2026-05-24 19:21:27] 本次订阅抓取结果统计:
[2026-05-24 19:21:27] 共 28 条RSS, 成功抓取 23 条.
[2026-05-24 19:21:27] ✘ 有 5 条订阅解析失败:
[2026-05-24 19:21:27] - https://blog.pursuitus.com/feed
[2026-05-24 19:21:27] - https://geekinney.com/index.xml
[2026-05-24 19:21:27] - https://tcxx.info/feed
[2026-05-24 19:21:27] - https://tumutanzi.com/feed
[2026-05-24 19:21:27] - https://www.shephe.com/feed
[2026-05-24 19:21:27] ✘ 有 2 条订阅头像无法访问, 已使用默认头像:
[2026-05-24 19:21:27] - https://www.loyhome.com/feed
[2026-05-24 19:21:27] - http://feeds.feedburner.com/ruanyifeng
[2026-05-24 20:59:49] 本次订阅抓取结果统计:
[2026-05-24 20:59:49] 共 28 条RSS, 成功抓取 23 条.
[2026-05-24 20:59:49] ✘ 有 5 条订阅解析失败:
[2026-05-24 20:59:49] - https://blog.pursuitus.com/feed
[2026-05-24 20:59:49] - https://geekinney.com/index.xml
[2026-05-24 20:59:49] - https://tcxx.info/feed
[2026-05-24 20:59:49] - https://tumutanzi.com/feed
[2026-05-24 20:59:49] - https://www.shephe.com/feed
[2026-05-24 20:59:49] ✘ 有 3 条订阅头像无法访问, 已使用默认头像:
[2026-05-24 20:59:49] - https://www.loyhome.com/feed
[2026-05-24 20:59:49] - https://xyzbz.cn/feed
[2026-05-24 20:59:49] - http://feeds.feedburner.com/ruanyifeng
