[2026-01-12 02:04:57] 本次订阅抓取结果统计:
[2026-01-12 02:04:57] 共 28 条RSS, 成功抓取 24 条.
[2026-01-12 02:04:57] ✘ 有 4 条订阅解析失败:
[2026-01-12 02:04:57] - https://oba.by/feed
[2026-01-12 02:04:57] - https://tcxx.info/feed
[2026-01-12 02:04:57] - https://tumutanzi.com/feed
[2026-01-12 02:04:57] - https://geekinney.com/index.xml
[2026-01-12 02:04:57] ✘ 有 1 条订阅头像无法访问, 已使用默认头像:
[2026-01-12 02:04:57] - http://feeds.feedburner.com/ruanyifeng
[2026-01-12 04:12:12] 本次订阅抓取结果统计:
[2026-01-12 04:12:12] 共 28 条RSS, 成功抓取 24 条.
[2026-01-12 04:12:12] ✘ 有 4 条订阅解析失败:
[2026-01-12 04:12:12] - https://oba.by/feed
[2026-01-12 04:12:12] - https://tcxx.info/feed
[2026-01-12 04:12:12] - https://tumutanzi.com/feed
[2026-01-12 04:12:12] - https://geekinney.com/index.xml
[2026-01-12 04:12:12] ✘ 有 1 条订阅头像无法访问, 已使用默认头像:
[2026-01-12 04:12:12] - http://feeds.feedburner.com/ruanyifeng
[2026-01-12 05:32:53] 本次订阅抓取结果统计:
[2026-01-12 05:32:53] 共 28 条RSS, 成功抓取 24 条.
[2026-01-12 05:32:53] ✘ 有 4 条订阅解析失败:
[2026-01-12 05:32:53] - https://oba.by/feed
[2026-01-12 05:32:53] - https://tcxx.info/feed
[2026-01-12 05:32:53] - https://tumutanzi.com/feed
[2026-01-12 05:32:53] - https://geekinney.com/index.xml
[2026-01-12 05:32:53] ✘ 有 1 条订阅头像无法访问, 已使用默认头像:
[2026-01-12 05:32:53] - http://feeds.feedburner.com/ruanyifeng
[2026-01-12 06:41:43] 本次订阅抓取结果统计:
[2026-01-12 06:41:43] 共 28 条RSS, 成功抓取 24 条.
[2026-01-12 06:41:43] ✘ 有 4 条订阅解析失败:
[2026-01-12 06:41:43] - https://oba.by/feed
[2026-01-12 06:41:43] - https://tcxx.info/feed
[2026-01-12 06:41:43] - https://tumutanzi.com/feed
[2026-01-12 06:41:43] - https://geekinney.com/index.xml
[2026-01-12 06:41:43] ✘ 有 1 条订阅头像无法访问, 已使用默认头像:
[2026-01-12 06:41:43] - http://feeds.feedburner.com/ruanyifeng
[2026-01-12 07:30:40] 本次订阅抓取结果统计:
[2026-01-12 07:30:40] 共 28 条RSS, 成功抓取 24 条.
[2026-01-12 07:30:40] ✘ 有 4 条订阅解析失败:
[2026-01-12 07:30:40] - https://oba.by/feed
[2026-01-12 07:30:40] - https://tumutanzi.com/feed
[2026-01-12 07:30:40] - https://tcxx.info/feed
[2026-01-12 07:30:40] - https://geekinney.com/index.xml
[2026-01-12 07:30:40] ✘ 有 1 条订阅头像无法访问, 已使用默认头像:
[2026-01-12 07:30:40] - http://feeds.feedburner.com/ruanyifeng
[2026-01-12 08:37:38] 本次订阅抓取结果统计:
[2026-01-12 08:37:38] 共 28 条RSS, 成功抓取 24 条.
[2026-01-12 08:37:38] ✘ 有 4 条订阅解析失败:
[2026-01-12 08:37:38] - https://oba.by/feed
[2026-01-12 08:37:38] - https://tcxx.info/feed
[2026-01-12 08:37:38] - https://tumutanzi.com/feed
[2026-01-12 08:37:38] - https://geekinney.com/index.xml
[2026-01-12 08:37:38] ✘ 有 1 条订阅头像无法访问, 已使用默认头像:
[2026-01-12 08:37:38] - http://feeds.feedburner.com/ruanyifeng
[2026-01-12 09:36:50] 本次订阅抓取结果统计:
[2026-01-12 09:36:50] 共 28 条RSS, 成功抓取 24 条.
[2026-01-12 09:36:50] ✘ 有 4 条订阅解析失败:
[2026-01-12 09:36:50] - https://oba.by/feed
[2026-01-12 09:36:50] - https://tcxx.info/feed
[2026-01-12 09:36:50] - https://tumutanzi.com/feed
[2026-01-12 09:36:50] - https://geekinney.com/index.xml
[2026-01-12 09:36:50] ✘ 有 2 条订阅头像无法访问, 已使用默认头像:
[2026-01-12 09:36:50] - http://feeds.feedburner.com/ruanyifeng
[2026-01-12 09:36:50] - http://feeds.kenengba.com/kenengbarss
[2026-01-12 10:33:26] 本次订阅抓取结果统计:
[2026-01-12 10:33:26] 共 28 条RSS, 成功抓取 23 条.
[2026-01-12 10:33:26] ✘ 有 5 条订阅解析失败:
[2026-01-12 10:33:26] - https://oba.by/feed
[2026-01-12 10:33:26] - https://tcxx.info/feed
[2026-01-12 10:33:26] - https://tumutanzi.com/feed
[2026-01-12 10:33:26] - https://geekinney.com/index.xml
[2026-01-12 10:33:26] - https://www.shephe.com/feed
[2026-01-12 10:33:26] ✘ 有 1 条订阅头像无法访问, 已使用默认头像:
[2026-01-12 10:33:26] - http://feeds.feedburner.com/ruanyifeng
[2026-01-12 11:24:04] 本次订阅抓取结果统计:
[2026-01-12 11:24:04] 共 28 条RSS, 成功抓取 24 条.
[2026-01-12 11:24:04] ✘ 有 4 条订阅解析失败:
[2026-01-12 11:24:04] - https://oba.by/feed
[2026-01-12 11:24:04] - https://tcxx.info/feed
[2026-01-12 11:24:04] - https://tumutanzi.com/feed
[2026-01-12 11:24:04] - https://geekinney.com/index.xml
[2026-01-12 11:24:04] ✘ 有 1 条订阅头像无法访问, 已使用默认头像:
[2026-01-12 11:24:04] - http://feeds.feedburner.com/ruanyifeng
[2026-01-12 12:55:06] 本次订阅抓取结果统计:
[2026-01-12 12:55:06] 共 28 条RSS, 成功抓取 24 条.
[2026-01-12 12:55:06] ✘ 有 4 条订阅解析失败:
[2026-01-12 12:55:06] - https://oba.by/feed
[2026-01-12 12:55:06] - https://tumutanzi.com/feed
[2026-01-12 12:55:06] - https://tcxx.info/feed
[2026-01-12 12:55:06] - https://geekinney.com/index.xml
[2026-01-12 12:55:06] ✘ 有 1 条订阅头像无法访问, 已使用默认头像:
[2026-01-12 12:55:06] - http://feeds.feedburner.com/ruanyifeng
[2026-01-12 13:45:18] 本次订阅抓取结果统计:
[2026-01-12 13:45:18] 共 28 条RSS, 成功抓取 24 条.
[2026-01-12 13:45:18] ✘ 有 4 条订阅解析失败:
[2026-01-12 13:45:18] - https://oba.by/feed
[2026-01-12 13:45:18] - https://tcxx.info/feed
[2026-01-12 13:45:18] - https://tumutanzi.com/feed
[2026-01-12 13:45:18] - https://geekinney.com/index.xml
[2026-01-12 13:45:18] ✘ 有 1 条订阅头像无法访问, 已使用默认头像:
[2026-01-12 13:45:18] - http://feeds.feedburner.com/ruanyifeng
