[2026-03-09 02:31:25] 本次订阅抓取结果统计:
[2026-03-09 02:31:25] 共 28 条RSS, 成功抓取 24 条.
[2026-03-09 02:31:25] ✘ 有 4 条订阅解析失败:
[2026-03-09 02:31:25] - https://blog.pursuitus.com/feed
[2026-03-09 02:31:25] - https://tcxx.info/feed
[2026-03-09 02:31:25] - https://tumutanzi.com/feed
[2026-03-09 02:31:25] - https://geekinney.com/index.xml
[2026-03-09 02:31:25] ✘ 有 1 条订阅头像无法访问, 已使用默认头像:
[2026-03-09 02:31:25] - http://feeds.feedburner.com/ruanyifeng
[2026-03-09 04:54:53] 本次订阅抓取结果统计:
[2026-03-09 04:54:53] 共 28 条RSS, 成功抓取 24 条.
[2026-03-09 04:54:53] ✘ 有 4 条订阅解析失败:
[2026-03-09 04:54:53] - https://blog.pursuitus.com/feed
[2026-03-09 04:54:53] - https://tcxx.info/feed
[2026-03-09 04:54:53] - https://tumutanzi.com/feed
[2026-03-09 04:54:53] - https://geekinney.com/index.xml
[2026-03-09 04:54:53] ✘ 有 1 条订阅头像无法访问, 已使用默认头像:
[2026-03-09 04:54:53] - http://feeds.feedburner.com/ruanyifeng
[2026-03-09 06:00:38] 本次订阅抓取结果统计:
[2026-03-09 06:00:38] 共 28 条RSS, 成功抓取 23 条.
[2026-03-09 06:00:38] ✘ 有 5 条订阅解析失败:
[2026-03-09 06:00:38] - https://blog.pursuitus.com/feed
[2026-03-09 06:00:38] - https://tcxx.info/feed
[2026-03-09 06:00:38] - https://tumutanzi.com/feed
[2026-03-09 06:00:38] - https://geekinney.com/index.xml
[2026-03-09 06:00:38] - https://wangpei.net/feed
[2026-03-09 06:00:38] ✘ 有 2 条订阅头像无法访问, 已使用默认头像:
[2026-03-09 06:00:38] - http://feeds.feedburner.com/ruanyifeng
[2026-03-09 06:00:38] - https://www.loyhome.com/feed
[2026-03-09 07:14:24] 本次订阅抓取结果统计:
[2026-03-09 07:14:24] 共 28 条RSS, 成功抓取 24 条.
[2026-03-09 07:14:24] ✘ 有 4 条订阅解析失败:
[2026-03-09 07:14:24] - https://blog.pursuitus.com/feed
[2026-03-09 07:14:24] - https://tcxx.info/feed
[2026-03-09 07:14:24] - https://tumutanzi.com/feed
[2026-03-09 07:14:24] - https://geekinney.com/index.xml
[2026-03-09 07:14:24] ✘ 有 3 条订阅头像无法访问, 已使用默认头像:
[2026-03-09 07:14:24] - http://feeds.feedburner.com/ruanyifeng
[2026-03-09 07:14:24] - https://blog.zhheo.com/rss.xml
[2026-03-09 07:14:24] - https://www.loyhome.com/feed
[2026-03-09 08:51:37] 本次订阅抓取结果统计:
[2026-03-09 08:51:37] 共 28 条RSS, 成功抓取 24 条.
[2026-03-09 08:51:37] ✘ 有 4 条订阅解析失败:
[2026-03-09 08:51:37] - https://blog.pursuitus.com/feed
[2026-03-09 08:51:37] - https://tumutanzi.com/feed
[2026-03-09 08:51:37] - https://tcxx.info/feed
[2026-03-09 08:51:37] - https://geekinney.com/index.xml
[2026-03-09 08:51:37] ✘ 有 2 条订阅头像无法访问, 已使用默认头像:
[2026-03-09 08:51:37] - http://feeds.feedburner.com/ruanyifeng
[2026-03-09 08:51:37] - https://www.loyhome.com/feed
[2026-03-09 09:56:19] 本次订阅抓取结果统计:
[2026-03-09 09:56:19] 共 28 条RSS, 成功抓取 24 条.
[2026-03-09 09:56:19] ✘ 有 4 条订阅解析失败:
[2026-03-09 09:56:19] - https://blog.pursuitus.com/feed
[2026-03-09 09:56:19] - https://tcxx.info/feed
[2026-03-09 09:56:19] - https://tumutanzi.com/feed
[2026-03-09 09:56:19] - https://geekinney.com/index.xml
[2026-03-09 09:56:19] ✘ 有 2 条订阅头像无法访问, 已使用默认头像:
[2026-03-09 09:56:19] - http://feeds.feedburner.com/ruanyifeng
[2026-03-09 09:56:19] - https://www.loyhome.com/feed
[2026-03-09 10:52:12] 本次订阅抓取结果统计:
[2026-03-09 10:52:12] 共 28 条RSS, 成功抓取 20 条.
[2026-03-09 10:52:12] ✘ 有 8 条订阅解析失败:
[2026-03-09 10:52:12] - https://blog.pursuitus.com/feed
[2026-03-09 10:52:12] - https://tcxx.info/feed
[2026-03-09 10:52:12] - https://tumutanzi.com/feed
[2026-03-09 10:52:12] - https://geekinney.com/index.xml
[2026-03-09 10:52:12] - https://blog.zhheo.com/rss.xml
[2026-03-09 10:52:12] - https://oba.by/feed
[2026-03-09 10:52:12] - https://xyzbz.cn/feed
[2026-03-09 10:52:12] - https://blog.yanqingshan.com/feed
[2026-03-09 10:52:12] ✘ 有 2 条订阅头像无法访问, 已使用默认头像:
[2026-03-09 10:52:12] - https://www.loyhome.com/feed
[2026-03-09 10:52:12] - http://feeds.feedburner.com/ruanyifeng
[2026-03-09 11:36:37] 本次订阅抓取结果统计:
[2026-03-09 11:36:37] 共 28 条RSS, 成功抓取 24 条.
[2026-03-09 11:36:37] ✘ 有 4 条订阅解析失败:
[2026-03-09 11:36:37] - https://blog.pursuitus.com/feed
[2026-03-09 11:36:37] - https://tcxx.info/feed
[2026-03-09 11:36:37] - https://tumutanzi.com/feed
[2026-03-09 11:36:37] - https://geekinney.com/index.xml
[2026-03-09 11:36:37] ✘ 有 3 条订阅头像无法访问, 已使用默认头像:
[2026-03-09 11:36:37] - https://blog.zhheo.com/rss.xml
[2026-03-09 11:36:37] - http://feeds.feedburner.com/ruanyifeng
[2026-03-09 11:36:37] - http://feeds.kenengba.com/kenengbarss
[2026-03-09 13:11:36] 本次订阅抓取结果统计:
[2026-03-09 13:11:36] 共 28 条RSS, 成功抓取 24 条.
[2026-03-09 13:11:36] ✘ 有 4 条订阅解析失败:
[2026-03-09 13:11:36] - https://blog.pursuitus.com/feed
[2026-03-09 13:11:36] - https://tcxx.info/feed
[2026-03-09 13:11:36] - https://tumutanzi.com/feed
[2026-03-09 13:11:36] - https://geekinney.com/index.xml
[2026-03-09 13:11:36] ✘ 有 2 条订阅头像无法访问, 已使用默认头像:
[2026-03-09 13:11:36] - https://www.loyhome.com/feed
[2026-03-09 13:11:36] - http://feeds.feedburner.com/ruanyifeng
[2026-03-09 14:55:14] 本次订阅抓取结果统计:
[2026-03-09 14:55:14] 共 28 条RSS, 成功抓取 24 条.
[2026-03-09 14:55:14] ✘ 有 4 条订阅解析失败:
[2026-03-09 14:55:14] - https://blog.pursuitus.com/feed
[2026-03-09 14:55:14] - https://tumutanzi.com/feed
[2026-03-09 14:55:14] - https://tcxx.info/feed
[2026-03-09 14:55:14] - https://geekinney.com/index.xml
[2026-03-09 14:55:14] ✘ 有 1 条订阅头像无法访问, 已使用默认头像:
[2026-03-09 14:55:14] - http://feeds.feedburner.com/ruanyifeng
[2026-03-09 16:01:44] 本次订阅抓取结果统计:
[2026-03-09 16:01:44] 共 28 条RSS, 成功抓取 23 条.
[2026-03-09 16:01:44] ✘ 有 5 条订阅解析失败:
[2026-03-09 16:01:44] - https://blog.pursuitus.com/feed
[2026-03-09 16:01:44] - https://tumutanzi.com/feed
[2026-03-09 16:01:44] - https://tcxx.info/feed
[2026-03-09 16:01:44] - https://geekinney.com/index.xml
[2026-03-09 16:01:44] - https://wangpei.net/feed
[2026-03-09 16:01:44] ✘ 有 1 条订阅头像无法访问, 已使用默认头像:
[2026-03-09 16:01:44] - http://feeds.feedburner.com/ruanyifeng
[2026-03-09 17:49:14] 本次订阅抓取结果统计:
[2026-03-09 17:49:14] 共 28 条RSS, 成功抓取 24 条.
[2026-03-09 17:49:14] ✘ 有 4 条订阅解析失败:
[2026-03-09 17:49:14] - https://blog.pursuitus.com/feed
[2026-03-09 17:49:14] - https://tcxx.info/feed
[2026-03-09 17:49:14] - https://tumutanzi.com/feed
[2026-03-09 17:49:14] - https://geekinney.com/index.xml
[2026-03-09 17:49:14] ✘ 有 1 条订阅头像无法访问, 已使用默认头像:
[2026-03-09 17:49:14] - http://feeds.feedburner.com/ruanyifeng
[2026-03-09 18:58:05] 本次订阅抓取结果统计:
[2026-03-09 18:58:05] 共 28 条RSS, 成功抓取 24 条.
[2026-03-09 18:58:05] ✘ 有 4 条订阅解析失败:
[2026-03-09 18:58:05] - https://blog.pursuitus.com/feed
[2026-03-09 18:58:05] - https://tcxx.info/feed
[2026-03-09 18:58:05] - https://tumutanzi.com/feed
[2026-03-09 18:58:05] - https://geekinney.com/index.xml
[2026-03-09 18:58:05] ✘ 有 1 条订阅头像无法访问, 已使用默认头像:
[2026-03-09 18:58:05] - http://feeds.feedburner.com/ruanyifeng
[2026-03-09 19:44:41] 本次订阅抓取结果统计:
[2026-03-09 19:44:41] 共 28 条RSS, 成功抓取 24 条.
[2026-03-09 19:44:41] ✘ 有 4 条订阅解析失败:
[2026-03-09 19:44:41] - https://blog.pursuitus.com/feed
[2026-03-09 19:44:41] - https://tcxx.info/feed
[2026-03-09 19:44:41] - https://tumutanzi.com/feed
[2026-03-09 19:44:41] - https://geekinney.com/index.xml
[2026-03-09 19:44:41] ✘ 有 1 条订阅头像无法访问, 已使用默认头像:
[2026-03-09 19:44:41] - http://feeds.feedburner.com/ruanyifeng
[2026-03-09 20:39:06] 本次订阅抓取结果统计:
[2026-03-09 20:39:06] 共 28 条RSS, 成功抓取 24 条.
[2026-03-09 20:39:06] ✘ 有 4 条订阅解析失败:
[2026-03-09 20:39:06] - https://blog.pursuitus.com/feed
[2026-03-09 20:39:06] - https://tcxx.info/feed
[2026-03-09 20:39:06] - https://tumutanzi.com/feed
[2026-03-09 20:39:06] - https://geekinney.com/index.xml
[2026-03-09 20:39:06] ✘ 有 1 条订阅头像无法访问, 已使用默认头像:
[2026-03-09 20:39:06] - http://feeds.feedburner.com/ruanyifeng
[2026-03-09 21:36:44] 本次订阅抓取结果统计:
[2026-03-09 21:36:44] 共 28 条RSS, 成功抓取 23 条.
[2026-03-09 21:36:44] ✘ 有 5 条订阅解析失败:
[2026-03-09 21:36:44] - https://blog.pursuitus.com/feed
[2026-03-09 21:36:44] - https://tcxx.info/feed
[2026-03-09 21:36:44] - https://tumutanzi.com/feed
[2026-03-09 21:36:44] - https://geekinney.com/index.xml
[2026-03-09 21:36:44] - https://wangpei.net/feed
[2026-03-09 21:36:44] ✘ 有 1 条订阅头像无法访问, 已使用默认头像:
[2026-03-09 21:36:44] - http://feeds.feedburner.com/ruanyifeng
[2026-03-09 22:33:03] 本次订阅抓取结果统计:
[2026-03-09 22:33:03] 共 28 条RSS, 成功抓取 24 条.
[2026-03-09 22:33:03] ✘ 有 4 条订阅解析失败:
[2026-03-09 22:33:03] - https://blog.pursuitus.com/feed
[2026-03-09 22:33:03] - https://tcxx.info/feed
[2026-03-09 22:33:03] - https://tumutanzi.com/feed
[2026-03-09 22:33:03] - https://geekinney.com/index.xml
[2026-03-09 22:33:03] ✘ 有 1 条订阅头像无法访问, 已使用默认头像:
[2026-03-09 22:33:03] - http://feeds.feedburner.com/ruanyifeng
[2026-03-09 23:31:36] 本次订阅抓取结果统计:
[2026-03-09 23:31:36] 共 28 条RSS, 成功抓取 24 条.
[2026-03-09 23:31:36] ✘ 有 4 条订阅解析失败:
[2026-03-09 23:31:36] - https://blog.pursuitus.com/feed
[2026-03-09 23:31:36] - https://tcxx.info/feed
[2026-03-09 23:31:36] - https://tumutanzi.com/feed
[2026-03-09 23:31:36] - https://geekinney.com/index.xml
[2026-03-09 23:31:36] ✘ 有 1 条订阅头像无法访问, 已使用默认头像:
[2026-03-09 23:31:36] - http://feeds.feedburner.com/ruanyifeng
