[2026-04-06 02:50:06] 本次订阅抓取结果统计:
[2026-04-06 02:50:06] 共 28 条RSS, 成功抓取 24 条.
[2026-04-06 02:50:06] ✘ 有 4 条订阅解析失败:
[2026-04-06 02:50:06] - https://blog.pursuitus.com/feed
[2026-04-06 02:50:06] - https://geekinney.com/index.xml
[2026-04-06 02:50:06] - https://tcxx.info/feed
[2026-04-06 02:50:06] - https://tumutanzi.com/feed
[2026-04-06 02:50:06] ✘ 有 3 条订阅头像无法访问, 已使用默认头像:
[2026-04-06 02:50:06] - https://www.loyhome.com/feed
[2026-04-06 02:50:06] - http://feeds.feedburner.com/ruanyifeng
[2026-04-06 02:50:06] - https://xyzbz.cn/feed
[2026-04-06 05:28:22] 本次订阅抓取结果统计:
[2026-04-06 05:28:22] 共 28 条RSS, 成功抓取 24 条.
[2026-04-06 05:28:22] ✘ 有 4 条订阅解析失败:
[2026-04-06 05:28:22] - https://blog.pursuitus.com/feed
[2026-04-06 05:28:22] - https://geekinney.com/index.xml
[2026-04-06 05:28:22] - https://tcxx.info/feed
[2026-04-06 05:28:22] - https://tumutanzi.com/feed
[2026-04-06 05:28:22] ✘ 有 2 条订阅头像无法访问, 已使用默认头像:
[2026-04-06 05:28:22] - https://www.loyhome.com/feed
[2026-04-06 05:28:22] - http://feeds.feedburner.com/ruanyifeng
[2026-04-06 07:49:23] 本次订阅抓取结果统计:
[2026-04-06 07:49:23] 共 28 条RSS, 成功抓取 24 条.
[2026-04-06 07:49:23] ✘ 有 4 条订阅解析失败:
[2026-04-06 07:49:23] - https://blog.pursuitus.com/feed
[2026-04-06 07:49:23] - https://geekinney.com/index.xml
[2026-04-06 07:49:23] - https://tcxx.info/feed
[2026-04-06 07:49:23] - https://tumutanzi.com/feed
[2026-04-06 07:49:23] ✘ 有 1 条订阅头像无法访问, 已使用默认头像:
[2026-04-06 07:49:23] - http://feeds.feedburner.com/ruanyifeng
[2026-04-06 09:12:49] 本次订阅抓取结果统计:
[2026-04-06 09:12:49] 共 28 条RSS, 成功抓取 24 条.
[2026-04-06 09:12:49] ✘ 有 4 条订阅解析失败:
[2026-04-06 09:12:49] - https://blog.pursuitus.com/feed
[2026-04-06 09:12:49] - https://geekinney.com/index.xml
[2026-04-06 09:12:49] - https://tumutanzi.com/feed
[2026-04-06 09:12:49] - https://tcxx.info/feed
[2026-04-06 09:12:49] ✘ 有 2 条订阅头像无法访问, 已使用默认头像:
[2026-04-06 09:12:49] - https://www.loyhome.com/feed
[2026-04-06 09:12:49] - http://feeds.feedburner.com/ruanyifeng
[2026-04-06 11:00:52] 本次订阅抓取结果统计:
[2026-04-06 11:00:52] 共 28 条RSS, 成功抓取 24 条.
[2026-04-06 11:00:52] ✘ 有 4 条订阅解析失败:
[2026-04-06 11:00:52] - https://blog.pursuitus.com/feed
[2026-04-06 11:00:52] - https://geekinney.com/index.xml
[2026-04-06 11:00:52] - https://tcxx.info/feed
[2026-04-06 11:00:52] - https://tumutanzi.com/feed
[2026-04-06 11:00:52] ✘ 有 2 条订阅头像无法访问, 已使用默认头像:
[2026-04-06 11:00:52] - https://www.loyhome.com/feed
[2026-04-06 11:00:52] - http://feeds.feedburner.com/ruanyifeng
[2026-04-06 13:18:33] 本次订阅抓取结果统计:
[2026-04-06 13:18:33] 共 28 条RSS, 成功抓取 24 条.
[2026-04-06 13:18:33] ✘ 有 4 条订阅解析失败:
[2026-04-06 13:18:33] - https://blog.pursuitus.com/feed
[2026-04-06 13:18:33] - https://geekinney.com/index.xml
[2026-04-06 13:18:33] - https://tcxx.info/feed
[2026-04-06 13:18:33] - https://tumutanzi.com/feed
[2026-04-06 13:18:33] ✘ 有 3 条订阅头像无法访问, 已使用默认头像:
[2026-04-06 13:18:33] - https://www.loyhome.com/feed
[2026-04-06 13:18:33] - http://feeds.feedburner.com/ruanyifeng
[2026-04-06 13:18:33] - https://blog.zhheo.com/rss.xml
[2026-04-06 14:52:37] 本次订阅抓取结果统计:
[2026-04-06 14:52:37] 共 28 条RSS, 成功抓取 24 条.
[2026-04-06 14:52:37] ✘ 有 4 条订阅解析失败:
[2026-04-06 14:52:37] - https://blog.pursuitus.com/feed
[2026-04-06 14:52:37] - https://geekinney.com/index.xml
[2026-04-06 14:52:37] - https://tcxx.info/feed
[2026-04-06 14:52:37] - https://tumutanzi.com/feed
[2026-04-06 14:52:37] ✘ 有 1 条订阅头像无法访问, 已使用默认头像:
[2026-04-06 14:52:37] - http://feeds.feedburner.com/ruanyifeng
[2026-04-06 15:52:36] 本次订阅抓取结果统计:
[2026-04-06 15:52:36] 共 28 条RSS, 成功抓取 24 条.
[2026-04-06 15:52:36] ✘ 有 4 条订阅解析失败:
[2026-04-06 15:52:36] - https://blog.pursuitus.com/feed
[2026-04-06 15:52:36] - https://geekinney.com/index.xml
[2026-04-06 15:52:36] - https://tumutanzi.com/feed
[2026-04-06 15:52:36] - https://tcxx.info/feed
[2026-04-06 15:52:36] ✘ 有 2 条订阅头像无法访问, 已使用默认头像:
[2026-04-06 15:52:36] - https://www.loyhome.com/feed
[2026-04-06 15:52:36] - http://feeds.feedburner.com/ruanyifeng
[2026-04-06 16:54:08] 本次订阅抓取结果统计:
[2026-04-06 16:54:08] 共 28 条RSS, 成功抓取 24 条.
[2026-04-06 16:54:08] ✘ 有 4 条订阅解析失败:
[2026-04-06 16:54:08] - https://blog.pursuitus.com/feed
[2026-04-06 16:54:08] - https://geekinney.com/index.xml
[2026-04-06 16:54:08] - https://tumutanzi.com/feed
[2026-04-06 16:54:08] - https://tcxx.info/feed
[2026-04-06 16:54:08] ✘ 有 1 条订阅头像无法访问, 已使用默认头像:
[2026-04-06 16:54:08] - http://feeds.feedburner.com/ruanyifeng
[2026-04-06 17:50:38] 本次订阅抓取结果统计:
[2026-04-06 17:50:38] 共 28 条RSS, 成功抓取 24 条.
[2026-04-06 17:50:38] ✘ 有 4 条订阅解析失败:
[2026-04-06 17:50:38] - https://blog.pursuitus.com/feed
[2026-04-06 17:50:38] - https://geekinney.com/index.xml
[2026-04-06 17:50:38] - https://tcxx.info/feed
[2026-04-06 17:50:38] - https://tumutanzi.com/feed
[2026-04-06 17:50:38] ✘ 有 1 条订阅头像无法访问, 已使用默认头像:
[2026-04-06 17:50:38] - http://feeds.feedburner.com/ruanyifeng
[2026-04-06 19:06:27] 本次订阅抓取结果统计:
[2026-04-06 19:06:27] 共 28 条RSS, 成功抓取 24 条.
[2026-04-06 19:06:27] ✘ 有 4 条订阅解析失败:
[2026-04-06 19:06:27] - https://blog.pursuitus.com/feed
[2026-04-06 19:06:27] - https://geekinney.com/index.xml
[2026-04-06 19:06:27] - https://tcxx.info/feed
[2026-04-06 19:06:27] - https://tumutanzi.com/feed
[2026-04-06 19:06:27] ✘ 有 1 条订阅头像无法访问, 已使用默认头像:
[2026-04-06 19:06:27] - http://feeds.feedburner.com/ruanyifeng
[2026-04-06 20:41:00] 本次订阅抓取结果统计:
[2026-04-06 20:41:00] 共 28 条RSS, 成功抓取 24 条.
[2026-04-06 20:41:00] ✘ 有 4 条订阅解析失败:
[2026-04-06 20:41:00] - https://blog.pursuitus.com/feed
[2026-04-06 20:41:00] - https://geekinney.com/index.xml
[2026-04-06 20:41:00] - https://tcxx.info/feed
[2026-04-06 20:41:00] - https://tumutanzi.com/feed
[2026-04-06 20:41:00] ✘ 有 2 条订阅头像无法访问, 已使用默认头像:
[2026-04-06 20:41:00] - https://www.loyhome.com/feed
[2026-04-06 20:41:00] - http://feeds.feedburner.com/ruanyifeng
