[2026-01-21 02:03:17] 本次订阅抓取结果统计:
[2026-01-21 02:03:17] 共 28 条RSS, 成功抓取 23 条.
[2026-01-21 02:03:17] ✘ 有 5 条订阅解析失败:
[2026-01-21 02:03:17] - https://blog.pursuitus.com/feed
[2026-01-21 02:03:17] - https://oba.by/feed
[2026-01-21 02:03:17] - https://tcxx.info/feed
[2026-01-21 02:03:17] - https://tumutanzi.com/feed
[2026-01-21 02:03:17] - https://geekinney.com/index.xml
[2026-01-21 02:03:17] ✘ 有 1 条订阅头像无法访问, 已使用默认头像:
[2026-01-21 02:03:17] - http://feeds.feedburner.com/ruanyifeng
[2026-01-21 04:07:38] 本次订阅抓取结果统计:
[2026-01-21 04:07:38] 共 28 条RSS, 成功抓取 23 条.
[2026-01-21 04:07:38] ✘ 有 5 条订阅解析失败:
[2026-01-21 04:07:38] - https://oba.by/feed
[2026-01-21 04:07:38] - https://blog.pursuitus.com/feed
[2026-01-21 04:07:38] - https://tcxx.info/feed
[2026-01-21 04:07:38] - https://geekinney.com/index.xml
[2026-01-21 04:07:38] - https://tumutanzi.com/feed
[2026-01-21 04:07:38] ✘ 有 1 条订阅头像无法访问, 已使用默认头像:
[2026-01-21 04:07:38] - http://feeds.feedburner.com/ruanyifeng
[2026-01-21 05:32:07] 本次订阅抓取结果统计:
[2026-01-21 05:32:07] 共 28 条RSS, 成功抓取 23 条.
[2026-01-21 05:32:07] ✘ 有 5 条订阅解析失败:
[2026-01-21 05:32:07] - https://oba.by/feed
[2026-01-21 05:32:07] - https://blog.pursuitus.com/feed
[2026-01-21 05:32:07] - https://tcxx.info/feed
[2026-01-21 05:32:07] - https://tumutanzi.com/feed
[2026-01-21 05:32:07] - https://geekinney.com/index.xml
[2026-01-21 05:32:07] ✘ 有 3 条订阅头像无法访问, 已使用默认头像:
[2026-01-21 05:32:07] - https://www.loyhome.com/feed
[2026-01-21 05:32:07] - http://feeds.feedburner.com/ruanyifeng
[2026-01-21 05:32:07] - https://xyzbz.cn/feed
