[2026-06-06 00:09:51] 本次订阅抓取结果统计:
[2026-06-06 00:09:51] 共 28 条RSS, 成功抓取 23 条.
[2026-06-06 00:09:51] ✘ 有 5 条订阅解析失败:
[2026-06-06 00:09:51] - https://blog.pursuitus.com/feed
[2026-06-06 00:09:51] - https://tcxx.info/feed
[2026-06-06 00:09:51] - https://geekinney.com/index.xml
[2026-06-06 00:09:51] - https://tumutanzi.com/feed
[2026-06-06 00:09:51] - https://www.shephe.com/feed
[2026-06-06 00:09:51] ✘ 有 2 条订阅头像无法访问, 已使用默认头像:
[2026-06-06 00:09:51] - https://www.loyhome.com/feed
[2026-06-06 00:09:51] - http://feeds.feedburner.com/ruanyifeng
[2026-06-06 04:55:18] 本次订阅抓取结果统计:
[2026-06-06 04:55:18] 共 28 条RSS, 成功抓取 23 条.
[2026-06-06 04:55:18] ✘ 有 5 条订阅解析失败:
[2026-06-06 04:55:18] - https://blog.pursuitus.com/feed
[2026-06-06 04:55:18] - https://geekinney.com/index.xml
[2026-06-06 04:55:18] - https://tcxx.info/feed
[2026-06-06 04:55:18] - https://tumutanzi.com/feed
[2026-06-06 04:55:18] - https://www.shephe.com/feed
[2026-06-06 04:55:18] ✘ 有 2 条订阅头像无法访问, 已使用默认头像:
[2026-06-06 04:55:18] - https://www.loyhome.com/feed
[2026-06-06 04:55:18] - http://feeds.feedburner.com/ruanyifeng
[2026-06-06 07:47:47] 本次订阅抓取结果统计:
[2026-06-06 07:47:47] 共 28 条RSS, 成功抓取 23 条.
[2026-06-06 07:47:47] ✘ 有 5 条订阅解析失败:
[2026-06-06 07:47:47] - https://blog.pursuitus.com/feed
[2026-06-06 07:47:47] - https://www.shephe.com/feed
[2026-06-06 07:47:47] - https://tcxx.info/feed
[2026-06-06 07:47:47] - https://tumutanzi.com/feed
[2026-06-06 07:47:47] - https://geekinney.com/index.xml
[2026-06-06 07:47:47] ✘ 有 2 条订阅头像无法访问, 已使用默认头像:
[2026-06-06 07:47:47] - https://www.loyhome.com/feed
[2026-06-06 07:47:47] - http://feeds.feedburner.com/ruanyifeng
[2026-06-06 10:07:24] 本次订阅抓取结果统计:
[2026-06-06 10:07:24] 共 28 条RSS, 成功抓取 23 条.
[2026-06-06 10:07:24] ✘ 有 5 条订阅解析失败:
[2026-06-06 10:07:24] - https://blog.pursuitus.com/feed
[2026-06-06 10:07:24] - https://geekinney.com/index.xml
[2026-06-06 10:07:24] - https://tcxx.info/feed
[2026-06-06 10:07:24] - https://tumutanzi.com/feed
[2026-06-06 10:07:24] - https://www.shephe.com/feed
[2026-06-06 10:07:24] ✘ 有 2 条订阅头像无法访问, 已使用默认头像:
[2026-06-06 10:07:24] - https://www.loyhome.com/feed
[2026-06-06 10:07:24] - http://feeds.feedburner.com/ruanyifeng
[2026-06-06 12:06:52] 本次订阅抓取结果统计:
[2026-06-06 12:06:52] 共 28 条RSS, 成功抓取 23 条.
[2026-06-06 12:06:52] ✘ 有 5 条订阅解析失败:
[2026-06-06 12:06:52] - https://blog.pursuitus.com/feed
[2026-06-06 12:06:52] - https://geekinney.com/index.xml
[2026-06-06 12:06:52] - https://tcxx.info/feed
[2026-06-06 12:06:52] - https://tumutanzi.com/feed
[2026-06-06 12:06:52] - https://www.shephe.com/feed
[2026-06-06 12:06:52] ✘ 有 2 条订阅头像无法访问, 已使用默认头像:
[2026-06-06 12:06:52] - https://www.loyhome.com/feed
[2026-06-06 12:06:52] - http://feeds.feedburner.com/ruanyifeng
[2026-06-06 14:44:36] 本次订阅抓取结果统计:
[2026-06-06 14:44:36] 共 28 条RSS, 成功抓取 22 条.
[2026-06-06 14:44:36] ✘ 有 6 条订阅解析失败:
[2026-06-06 14:44:36] - https://blog.pursuitus.com/feed
[2026-06-06 14:44:36] - https://geekinney.com/index.xml
[2026-06-06 14:44:36] - https://tcxx.info/feed
[2026-06-06 14:44:36] - https://www.shephe.com/feed
[2026-06-06 14:44:36] - https://tumutanzi.com/feed
[2026-06-06 14:44:36] - https://yufree.cn/index.xml
[2026-06-06 14:44:36] ✘ 有 4 条订阅头像无法访问, 已使用默认头像:
[2026-06-06 14:44:36] - https://www.loyhome.com/feed
[2026-06-06 14:44:36] - https://blog.zhheo.com/rss.xml
[2026-06-06 14:44:36] - http://feeds.feedburner.com/ruanyifeng
[2026-06-06 14:44:36] - https://xyzbz.cn/feed
[2026-06-06 16:08:37] 本次订阅抓取结果统计:
[2026-06-06 16:08:37] 共 28 条RSS, 成功抓取 23 条.
[2026-06-06 16:08:37] ✘ 有 5 条订阅解析失败:
[2026-06-06 16:08:37] - https://blog.pursuitus.com/feed
[2026-06-06 16:08:37] - https://geekinney.com/index.xml
[2026-06-06 16:08:37] - https://tcxx.info/feed
[2026-06-06 16:08:37] - https://www.shephe.com/feed
[2026-06-06 16:08:37] - https://tumutanzi.com/feed
[2026-06-06 16:08:37] ✘ 有 2 条订阅头像无法访问, 已使用默认头像:
[2026-06-06 16:08:37] - https://www.loyhome.com/feed
[2026-06-06 16:08:37] - http://feeds.feedburner.com/ruanyifeng
[2026-06-06 18:08:57] 本次订阅抓取结果统计:
[2026-06-06 18:08:57] 共 28 条RSS, 成功抓取 23 条.
[2026-06-06 18:08:57] ✘ 有 5 条订阅解析失败:
[2026-06-06 18:08:57] - https://blog.pursuitus.com/feed
[2026-06-06 18:08:57] - https://geekinney.com/index.xml
[2026-06-06 18:08:57] - https://tcxx.info/feed
[2026-06-06 18:08:57] - https://tumutanzi.com/feed
[2026-06-06 18:08:57] - https://www.shephe.com/feed
[2026-06-06 18:08:57] ✘ 有 2 条订阅头像无法访问, 已使用默认头像:
[2026-06-06 18:08:57] - https://www.loyhome.com/feed
[2026-06-06 18:08:57] - http://feeds.feedburner.com/ruanyifeng
[2026-06-06 20:11:33] 本次订阅抓取结果统计:
[2026-06-06 20:11:33] 共 28 条RSS, 成功抓取 23 条.
[2026-06-06 20:11:33] ✘ 有 5 条订阅解析失败:
[2026-06-06 20:11:33] - https://blog.pursuitus.com/feed
[2026-06-06 20:11:33] - https://geekinney.com/index.xml
[2026-06-06 20:11:33] - https://tcxx.info/feed
[2026-06-06 20:11:33] - https://tumutanzi.com/feed
[2026-06-06 20:11:33] - https://www.shephe.com/feed
[2026-06-06 20:11:33] ✘ 有 2 条订阅头像无法访问, 已使用默认头像:
[2026-06-06 20:11:33] - https://www.loyhome.com/feed
[2026-06-06 20:11:33] - http://feeds.feedburner.com/ruanyifeng
