[2026-07-01 00:08:32] 本次订阅抓取结果统计:
[2026-07-01 00:08:32] 共 28 条RSS, 成功抓取 22 条.
[2026-07-01 00:08:32] ✘ 有 6 条订阅解析失败:
[2026-07-01 00:08:32] - https://blog.pursuitus.com/feed
[2026-07-01 00:08:32] - https://geekinney.com/index.xml
[2026-07-01 00:08:32] - https://tcxx.info/feed
[2026-07-01 00:08:32] - https://www.shephe.com/feed
[2026-07-01 00:08:32] - https://tumutanzi.com/feed
[2026-07-01 00:08:32] - https://blog.yanqingshan.com/feed
[2026-07-01 00:08:32] ✘ 有 4 条订阅头像无法访问, 已使用默认头像:
[2026-07-01 00:08:32] - https://blog.zhheo.com/rss.xml
[2026-07-01 00:08:32] - https://www.loyhome.com/feed
[2026-07-01 00:08:32] - https://xyzbz.cn/feed
[2026-07-01 00:08:32] - http://feeds.feedburner.com/ruanyifeng
[2026-07-01 05:24:05] 本次订阅抓取结果统计:
[2026-07-01 05:24:05] 共 28 条RSS, 成功抓取 24 条.
[2026-07-01 05:24:05] ✘ 有 4 条订阅解析失败:
[2026-07-01 05:24:05] - https://blog.pursuitus.com/feed
[2026-07-01 05:24:05] - https://geekinney.com/index.xml
[2026-07-01 05:24:05] - https://tcxx.info/feed
[2026-07-01 05:24:05] - https://www.shephe.com/feed
[2026-07-01 05:24:05] ✘ 有 3 条订阅头像无法访问, 已使用默认头像:
[2026-07-01 05:24:05] - https://www.loyhome.com/feed
[2026-07-01 05:24:05] - https://xyzbz.cn/feed
[2026-07-01 05:24:05] - http://feeds.feedburner.com/ruanyifeng
[2026-07-01 09:54:06] 本次订阅抓取结果统计:
[2026-07-01 09:54:06] 共 28 条RSS, 成功抓取 23 条.
[2026-07-01 09:54:06] ✘ 有 5 条订阅解析失败:
[2026-07-01 09:54:06] - https://blog.pursuitus.com/feed
[2026-07-01 09:54:06] - https://geekinney.com/index.xml
[2026-07-01 09:54:06] - https://tcxx.info/feed
[2026-07-01 09:54:06] - https://www.shephe.com/feed
[2026-07-01 09:54:06] - https://blog.yanqingshan.com/feed
[2026-07-01 09:54:06] ✘ 有 4 条订阅头像无法访问, 已使用默认头像:
[2026-07-01 09:54:06] - https://blog.zhheo.com/rss.xml
[2026-07-01 09:54:06] - https://www.loyhome.com/feed
[2026-07-01 09:54:06] - https://xyzbz.cn/feed
[2026-07-01 09:54:06] - http://feeds.feedburner.com/ruanyifeng
[2026-07-01 12:35:49] 本次订阅抓取结果统计:
[2026-07-01 12:35:49] 共 28 条RSS, 成功抓取 24 条.
[2026-07-01 12:35:49] ✘ 有 4 条订阅解析失败:
[2026-07-01 12:35:49] - https://blog.pursuitus.com/feed
[2026-07-01 12:35:49] - https://geekinney.com/index.xml
[2026-07-01 12:35:49] - https://tcxx.info/feed
[2026-07-01 12:35:49] - https://www.shephe.com/feed
[2026-07-01 12:35:49] ✘ 有 3 条订阅头像无法访问, 已使用默认头像:
[2026-07-01 12:35:49] - https://xyzbz.cn/feed
[2026-07-01 12:35:49] - http://feeds.feedburner.com/ruanyifeng
[2026-07-01 12:35:49] - https://www.loyhome.com/feed
[2026-07-01 15:44:55] 本次订阅抓取结果统计:
[2026-07-01 15:44:55] 共 28 条RSS, 成功抓取 22 条.
[2026-07-01 15:44:55] ✘ 有 6 条订阅解析失败:
[2026-07-01 15:44:55] - https://blog.pursuitus.com/feed
[2026-07-01 15:44:55] - https://geekinney.com/index.xml
[2026-07-01 15:44:55] - https://tcxx.info/feed
[2026-07-01 15:44:55] - https://blog.yanqingshan.com/feed
[2026-07-01 15:44:55] - https://tumutanzi.com/feed
[2026-07-01 15:44:55] - https://www.shephe.com/feed
[2026-07-01 15:44:55] ✘ 有 4 条订阅头像无法访问, 已使用默认头像:
[2026-07-01 15:44:55] - https://blog.zhheo.com/rss.xml
[2026-07-01 15:44:55] - https://www.loyhome.com/feed
[2026-07-01 15:44:55] - https://xyzbz.cn/feed
[2026-07-01 15:44:55] - http://feeds.feedburner.com/ruanyifeng
[2026-07-01 17:59:46] 本次订阅抓取结果统计:
[2026-07-01 17:59:46] 共 28 条RSS, 成功抓取 24 条.
[2026-07-01 17:59:46] ✘ 有 4 条订阅解析失败:
[2026-07-01 17:59:46] - https://blog.pursuitus.com/feed
[2026-07-01 17:59:46] - https://geekinney.com/index.xml
[2026-07-01 17:59:46] - https://tcxx.info/feed
[2026-07-01 17:59:46] - https://www.shephe.com/feed
[2026-07-01 17:59:46] ✘ 有 3 条订阅头像无法访问, 已使用默认头像:
[2026-07-01 17:59:46] - https://www.loyhome.com/feed
[2026-07-01 17:59:46] - http://feeds.feedburner.com/ruanyifeng
[2026-07-01 17:59:46] - https://xyzbz.cn/feed
[2026-07-01 20:06:56] 本次订阅抓取结果统计:
[2026-07-01 20:06:56] 共 28 条RSS, 成功抓取 24 条.
[2026-07-01 20:06:56] ✘ 有 4 条订阅解析失败:
[2026-07-01 20:06:56] - https://blog.pursuitus.com/feed
[2026-07-01 20:06:56] - https://geekinney.com/index.xml
[2026-07-01 20:06:56] - https://www.shephe.com/feed
[2026-07-01 20:06:56] - https://tcxx.info/feed
[2026-07-01 20:06:56] ✘ 有 4 条订阅头像无法访问, 已使用默认头像:
[2026-07-01 20:06:56] - https://blog.zhheo.com/rss.xml
[2026-07-01 20:06:56] - https://www.loyhome.com/feed
[2026-07-01 20:06:56] - http://feeds.feedburner.com/ruanyifeng
[2026-07-01 20:06:56] - https://xyzbz.cn/feed
