[2026-05-10 03:37:54] 本次订阅抓取结果统计:
[2026-05-10 03:37:54] 共 28 条RSS, 成功抓取 23 条.
[2026-05-10 03:37:54] ✘ 有 5 条订阅解析失败:
[2026-05-10 03:37:54] - https://blog.pursuitus.com/feed
[2026-05-10 03:37:54] - https://geekinney.com/index.xml
[2026-05-10 03:37:54] - https://tcxx.info/feed
[2026-05-10 03:37:54] - https://tumutanzi.com/feed
[2026-05-10 03:37:54] - https://www.shephe.com/feed
[2026-05-10 03:37:54] ✘ 有 3 条订阅头像无法访问, 已使用默认头像:
[2026-05-10 03:37:54] - https://www.loyhome.com/feed
[2026-05-10 03:37:54] - http://feeds.feedburner.com/ruanyifeng
[2026-05-10 03:37:54] - https://xyzbz.cn/feed
[2026-05-10 06:35:45] 本次订阅抓取结果统计:
[2026-05-10 06:35:45] 共 28 条RSS, 成功抓取 23 条.
[2026-05-10 06:35:45] ✘ 有 5 条订阅解析失败:
[2026-05-10 06:35:45] - https://blog.pursuitus.com/feed
[2026-05-10 06:35:45] - https://geekinney.com/index.xml
[2026-05-10 06:35:45] - https://tumutanzi.com/feed
[2026-05-10 06:35:45] - https://tcxx.info/feed
[2026-05-10 06:35:45] - https://www.shephe.com/feed
[2026-05-10 06:35:45] ✘ 有 3 条订阅头像无法访问, 已使用默认头像:
[2026-05-10 06:35:45] - https://www.loyhome.com/feed
[2026-05-10 06:35:45] - http://feeds.feedburner.com/ruanyifeng
[2026-05-10 06:35:45] - https://xyzbz.cn/feed
[2026-05-10 08:56:28] 本次订阅抓取结果统计:
[2026-05-10 08:56:28] 共 28 条RSS, 成功抓取 23 条.
[2026-05-10 08:56:28] ✘ 有 5 条订阅解析失败:
[2026-05-10 08:56:28] - https://blog.pursuitus.com/feed
[2026-05-10 08:56:28] - https://geekinney.com/index.xml
[2026-05-10 08:56:28] - https://tcxx.info/feed
[2026-05-10 08:56:28] - https://tumutanzi.com/feed
[2026-05-10 08:56:28] - https://www.shephe.com/feed
[2026-05-10 08:56:28] ✘ 有 3 条订阅头像无法访问, 已使用默认头像:
[2026-05-10 08:56:28] - https://www.loyhome.com/feed
[2026-05-10 08:56:28] - https://xyzbz.cn/feed
[2026-05-10 08:56:28] - http://feeds.feedburner.com/ruanyifeng
[2026-05-10 10:18:53] 本次订阅抓取结果统计:
[2026-05-10 10:18:53] 共 28 条RSS, 成功抓取 23 条.
[2026-05-10 10:18:53] ✘ 有 5 条订阅解析失败:
[2026-05-10 10:18:53] - https://blog.pursuitus.com/feed
[2026-05-10 10:18:53] - https://geekinney.com/index.xml
[2026-05-10 10:18:53] - https://tcxx.info/feed
[2026-05-10 10:18:53] - https://tumutanzi.com/feed
[2026-05-10 10:18:53] - https://www.shephe.com/feed
[2026-05-10 10:18:53] ✘ 有 3 条订阅头像无法访问, 已使用默认头像:
[2026-05-10 10:18:53] - https://www.loyhome.com/feed
[2026-05-10 10:18:53] - http://feeds.feedburner.com/ruanyifeng
[2026-05-10 10:18:53] - https://xyzbz.cn/feed
[2026-05-10 11:54:55] 本次订阅抓取结果统计:
[2026-05-10 11:54:55] 共 28 条RSS, 成功抓取 22 条.
[2026-05-10 11:54:55] ✘ 有 6 条订阅解析失败:
[2026-05-10 11:54:55] - https://blog.pursuitus.com/feed
[2026-05-10 11:54:55] - https://geekinney.com/index.xml
[2026-05-10 11:54:55] - https://tumutanzi.com/feed
[2026-05-10 11:54:55] - https://tcxx.info/feed
[2026-05-10 11:54:55] - https://www.shephe.com/feed
[2026-05-10 11:54:55] - https://blog.yanqingshan.com/feed
[2026-05-10 11:54:55] ✘ 有 4 条订阅头像无法访问, 已使用默认头像:
[2026-05-10 11:54:55] - https://blog.zhheo.com/rss.xml
[2026-05-10 11:54:55] - https://www.loyhome.com/feed
[2026-05-10 11:54:55] - https://xyzbz.cn/feed
[2026-05-10 11:54:55] - http://feeds.feedburner.com/ruanyifeng
[2026-05-10 13:25:53] 本次订阅抓取结果统计:
[2026-05-10 13:25:53] 共 28 条RSS, 成功抓取 23 条.
[2026-05-10 13:25:53] ✘ 有 5 条订阅解析失败:
[2026-05-10 13:25:53] - https://blog.pursuitus.com/feed
[2026-05-10 13:25:53] - https://geekinney.com/index.xml
[2026-05-10 13:25:53] - https://tcxx.info/feed
[2026-05-10 13:25:53] - https://tumutanzi.com/feed
[2026-05-10 13:25:53] - https://www.shephe.com/feed
[2026-05-10 13:25:53] ✘ 有 3 条订阅头像无法访问, 已使用默认头像:
[2026-05-10 13:25:53] - https://www.loyhome.com/feed
[2026-05-10 13:25:53] - http://feeds.feedburner.com/ruanyifeng
[2026-05-10 13:25:53] - https://xyzbz.cn/feed
[2026-05-10 14:56:31] 本次订阅抓取结果统计:
[2026-05-10 14:56:31] 共 28 条RSS, 成功抓取 22 条.
[2026-05-10 14:56:31] ✘ 有 6 条订阅解析失败:
[2026-05-10 14:56:31] - https://blog.pursuitus.com/feed
[2026-05-10 14:56:31] - https://geekinney.com/index.xml
[2026-05-10 14:56:31] - https://tcxx.info/feed
[2026-05-10 14:56:31] - https://tumutanzi.com/feed
[2026-05-10 14:56:31] - https://www.shephe.com/feed
[2026-05-10 14:56:31] - https://blog.yanqingshan.com/feed
[2026-05-10 14:56:31] ✘ 有 4 条订阅头像无法访问, 已使用默认头像:
[2026-05-10 14:56:31] - https://blog.zhheo.com/rss.xml
[2026-05-10 14:56:31] - https://www.loyhome.com/feed
[2026-05-10 14:56:31] - https://xyzbz.cn/feed
[2026-05-10 14:56:31] - http://feeds.feedburner.com/ruanyifeng
[2026-05-10 15:58:56] 本次订阅抓取结果统计:
[2026-05-10 15:58:56] 共 28 条RSS, 成功抓取 23 条.
[2026-05-10 15:58:56] ✘ 有 5 条订阅解析失败:
[2026-05-10 15:58:56] - https://blog.pursuitus.com/feed
[2026-05-10 15:58:56] - https://geekinney.com/index.xml
[2026-05-10 15:58:56] - https://tcxx.info/feed
[2026-05-10 15:58:56] - https://tumutanzi.com/feed
[2026-05-10 15:58:56] - https://www.shephe.com/feed
[2026-05-10 15:58:56] ✘ 有 3 条订阅头像无法访问, 已使用默认头像:
[2026-05-10 15:58:56] - https://www.loyhome.com/feed
[2026-05-10 15:58:56] - https://xyzbz.cn/feed
[2026-05-10 15:58:56] - http://feeds.feedburner.com/ruanyifeng
[2026-05-10 17:05:59] 本次订阅抓取结果统计:
[2026-05-10 17:05:59] 共 28 条RSS, 成功抓取 22 条.
[2026-05-10 17:05:59] ✘ 有 6 条订阅解析失败:
[2026-05-10 17:05:59] - https://blog.pursuitus.com/feed
[2026-05-10 17:05:59] - https://geekinney.com/index.xml
[2026-05-10 17:05:59] - https://tcxx.info/feed
[2026-05-10 17:05:59] - https://tumutanzi.com/feed
[2026-05-10 17:05:59] - https://www.shephe.com/feed
[2026-05-10 17:05:59] - https://blog.yanqingshan.com/feed
[2026-05-10 17:05:59] ✘ 有 4 条订阅头像无法访问, 已使用默认头像:
[2026-05-10 17:05:59] - https://blog.zhheo.com/rss.xml
[2026-05-10 17:05:59] - https://www.loyhome.com/feed
[2026-05-10 17:05:59] - https://xyzbz.cn/feed
[2026-05-10 17:05:59] - http://feeds.feedburner.com/ruanyifeng
[2026-05-10 19:09:47] 本次订阅抓取结果统计:
[2026-05-10 19:09:47] 共 28 条RSS, 成功抓取 23 条.
[2026-05-10 19:09:47] ✘ 有 5 条订阅解析失败:
[2026-05-10 19:09:47] - https://blog.pursuitus.com/feed
[2026-05-10 19:09:47] - https://geekinney.com/index.xml
[2026-05-10 19:09:47] - https://tcxx.info/feed
[2026-05-10 19:09:47] - https://tumutanzi.com/feed
[2026-05-10 19:09:47] - https://www.shephe.com/feed
[2026-05-10 19:09:47] ✘ 有 4 条订阅头像无法访问, 已使用默认头像:
[2026-05-10 19:09:47] - https://www.loyhome.com/feed
[2026-05-10 19:09:47] - https://oba.by/feed
[2026-05-10 19:09:47] - http://feeds.feedburner.com/ruanyifeng
[2026-05-10 19:09:47] - https://xyzbz.cn/feed
[2026-05-10 20:52:44] 本次订阅抓取结果统计:
[2026-05-10 20:52:44] 共 28 条RSS, 成功抓取 23 条.
[2026-05-10 20:52:44] ✘ 有 5 条订阅解析失败:
[2026-05-10 20:52:44] - https://blog.pursuitus.com/feed
[2026-05-10 20:52:44] - https://geekinney.com/index.xml
[2026-05-10 20:52:44] - https://tcxx.info/feed
[2026-05-10 20:52:44] - https://tumutanzi.com/feed
[2026-05-10 20:52:44] - https://www.shephe.com/feed
[2026-05-10 20:52:44] ✘ 有 3 条订阅头像无法访问, 已使用默认头像:
[2026-05-10 20:52:44] - https://www.loyhome.com/feed
[2026-05-10 20:52:44] - http://feeds.feedburner.com/ruanyifeng
[2026-05-10 20:52:44] - https://xyzbz.cn/feed
[2026-05-10 21:51:59] 本次订阅抓取结果统计:
[2026-05-10 21:51:59] 共 28 条RSS, 成功抓取 23 条.
[2026-05-10 21:51:59] ✘ 有 5 条订阅解析失败:
[2026-05-10 21:51:59] - https://blog.pursuitus.com/feed
[2026-05-10 21:51:59] - https://geekinney.com/index.xml
[2026-05-10 21:51:59] - https://tcxx.info/feed
[2026-05-10 21:51:59] - https://tumutanzi.com/feed
[2026-05-10 21:51:59] - https://www.shephe.com/feed
[2026-05-10 21:51:59] ✘ 有 3 条订阅头像无法访问, 已使用默认头像:
[2026-05-10 21:51:59] - https://www.loyhome.com/feed
[2026-05-10 21:51:59] - https://xyzbz.cn/feed
[2026-05-10 21:51:59] - http://feeds.feedburner.com/ruanyifeng
[2026-05-10 22:52:25] 本次订阅抓取结果统计:
[2026-05-10 22:52:25] 共 28 条RSS, 成功抓取 23 条.
[2026-05-10 22:52:25] ✘ 有 5 条订阅解析失败:
[2026-05-10 22:52:25] - https://blog.pursuitus.com/feed
[2026-05-10 22:52:25] - https://geekinney.com/index.xml
[2026-05-10 22:52:25] - https://tcxx.info/feed
[2026-05-10 22:52:25] - https://tumutanzi.com/feed
[2026-05-10 22:52:25] - https://www.shephe.com/feed
[2026-05-10 22:52:25] ✘ 有 3 条订阅头像无法访问, 已使用默认头像:
[2026-05-10 22:52:25] - https://www.loyhome.com/feed
[2026-05-10 22:52:25] - https://xyzbz.cn/feed
[2026-05-10 22:52:25] - http://feeds.feedburner.com/ruanyifeng
[2026-05-10 23:55:31] 本次订阅抓取结果统计:
[2026-05-10 23:55:31] 共 28 条RSS, 成功抓取 23 条.
[2026-05-10 23:55:31] ✘ 有 5 条订阅解析失败:
[2026-05-10 23:55:31] - https://blog.pursuitus.com/feed
[2026-05-10 23:55:31] - https://geekinney.com/index.xml
[2026-05-10 23:55:31] - https://tcxx.info/feed
[2026-05-10 23:55:31] - https://tumutanzi.com/feed
[2026-05-10 23:55:31] - https://www.shephe.com/feed
[2026-05-10 23:55:31] ✘ 有 3 条订阅头像无法访问, 已使用默认头像:
[2026-05-10 23:55:31] - https://www.loyhome.com/feed
[2026-05-10 23:55:31] - http://feeds.feedburner.com/ruanyifeng
[2026-05-10 23:55:31] - https://xyzbz.cn/feed
