[2026-02-21 02:21:38] 本次订阅抓取结果统计:
[2026-02-21 02:21:38] 共 28 条RSS, 成功抓取 24 条.
[2026-02-21 02:21:38] ✘ 有 4 条订阅解析失败:
[2026-02-21 02:21:38] - https://blog.pursuitus.com/feed
[2026-02-21 02:21:38] - https://tcxx.info/feed
[2026-02-21 02:21:38] - https://tumutanzi.com/feed
[2026-02-21 02:21:38] - https://geekinney.com/index.xml
[2026-02-21 02:21:38] ✘ 有 1 条订阅头像无法访问, 已使用默认头像:
[2026-02-21 02:21:38] - http://feeds.feedburner.com/ruanyifeng
[2026-02-21 04:39:21] 本次订阅抓取结果统计:
[2026-02-21 04:39:21] 共 28 条RSS, 成功抓取 24 条.
[2026-02-21 04:39:21] ✘ 有 4 条订阅解析失败:
[2026-02-21 04:39:21] - https://blog.pursuitus.com/feed
[2026-02-21 04:39:21] - https://tumutanzi.com/feed
[2026-02-21 04:39:21] - https://tcxx.info/feed
[2026-02-21 04:39:21] - https://geekinney.com/index.xml
[2026-02-21 04:39:21] ✘ 有 1 条订阅头像无法访问, 已使用默认头像:
[2026-02-21 04:39:21] - http://feeds.feedburner.com/ruanyifeng
[2026-02-21 05:44:43] 本次订阅抓取结果统计:
[2026-02-21 05:44:43] 共 28 条RSS, 成功抓取 24 条.
[2026-02-21 05:44:43] ✘ 有 4 条订阅解析失败:
[2026-02-21 05:44:43] - https://blog.pursuitus.com/feed
[2026-02-21 05:44:43] - https://tcxx.info/feed
[2026-02-21 05:44:43] - https://tumutanzi.com/feed
[2026-02-21 05:44:43] - https://geekinney.com/index.xml
[2026-02-21 05:44:43] ✘ 有 2 条订阅头像无法访问, 已使用默认头像:
[2026-02-21 05:44:43] - http://feeds.feedburner.com/ruanyifeng
[2026-02-21 05:44:43] - https://www.loyhome.com/feed
[2026-02-21 06:49:04] 本次订阅抓取结果统计:
[2026-02-21 06:49:04] 共 28 条RSS, 成功抓取 24 条.
[2026-02-21 06:49:04] ✘ 有 4 条订阅解析失败:
[2026-02-21 06:49:04] - https://blog.pursuitus.com/feed
[2026-02-21 06:49:04] - https://tcxx.info/feed
[2026-02-21 06:49:04] - https://tumutanzi.com/feed
[2026-02-21 06:49:04] - https://geekinney.com/index.xml
[2026-02-21 06:49:04] ✘ 有 1 条订阅头像无法访问, 已使用默认头像:
[2026-02-21 06:49:04] - http://feeds.feedburner.com/ruanyifeng
[2026-02-21 07:35:04] 本次订阅抓取结果统计:
[2026-02-21 07:35:04] 共 28 条RSS, 成功抓取 24 条.
[2026-02-21 07:35:04] ✘ 有 4 条订阅解析失败:
[2026-02-21 07:35:04] - https://blog.pursuitus.com/feed
[2026-02-21 07:35:04] - https://tumutanzi.com/feed
[2026-02-21 07:35:04] - https://tcxx.info/feed
[2026-02-21 07:35:04] - https://geekinney.com/index.xml
[2026-02-21 07:35:04] ✘ 有 1 条订阅头像无法访问, 已使用默认头像:
[2026-02-21 07:35:04] - http://feeds.feedburner.com/ruanyifeng
