[2026-07-03 00:09:04] 本次订阅抓取结果统计:
[2026-07-03 00:09:04] 共 28 条RSS, 成功抓取 23 条.
[2026-07-03 00:09:04] ✘ 有 5 条订阅解析失败:
[2026-07-03 00:09:04] - https://blog.pursuitus.com/feed
[2026-07-03 00:09:04] - https://blog.yanqingshan.com/feed
[2026-07-03 00:09:04] - https://geekinney.com/index.xml
[2026-07-03 00:09:04] - https://www.shephe.com/feed
[2026-07-03 00:09:04] - https://tcxx.info/feed
[2026-07-03 00:09:04] ✘ 有 4 条订阅头像无法访问, 已使用默认头像:
[2026-07-03 00:09:04] - https://blog.zhheo.com/rss.xml
[2026-07-03 00:09:04] - https://www.loyhome.com/feed
[2026-07-03 00:09:04] - http://feeds.feedburner.com/ruanyifeng
[2026-07-03 00:09:04] - https://xyzbz.cn/feed
[2026-07-03 04:44:14] 本次订阅抓取结果统计:
[2026-07-03 04:44:14] 共 28 条RSS, 成功抓取 23 条.
[2026-07-03 04:44:14] ✘ 有 5 条订阅解析失败:
[2026-07-03 04:44:14] - https://blog.pursuitus.com/feed
[2026-07-03 04:44:14] - https://www.shephe.com/feed
[2026-07-03 04:44:14] - https://geekinney.com/index.xml
[2026-07-03 04:44:14] - https://tcxx.info/feed
[2026-07-03 04:44:14] - https://blog.yanqingshan.com/feed
[2026-07-03 04:44:14] ✘ 有 4 条订阅头像无法访问, 已使用默认头像:
[2026-07-03 04:44:14] - https://blog.zhheo.com/rss.xml
[2026-07-03 04:44:14] - https://www.loyhome.com/feed
[2026-07-03 04:44:14] - http://feeds.feedburner.com/ruanyifeng
[2026-07-03 04:44:14] - https://xyzbz.cn/feed
