[2026-01-05 02:08:31] 本次订阅抓取结果统计:
[2026-01-05 02:08:31] 共 28 条RSS, 成功抓取 25 条.
[2026-01-05 02:08:31] ✘ 有 3 条订阅解析失败:
[2026-01-05 02:08:31] - https://tcxx.info/feed
[2026-01-05 02:08:31] - https://tumutanzi.com/feed
[2026-01-05 02:08:31] - https://geekinney.com/index.xml
[2026-01-05 02:08:31] ✘ 有 2 条订阅头像无法访问, 已使用默认头像:
[2026-01-05 02:08:31] - https://oba.by/feed
[2026-01-05 02:08:31] - http://feeds.feedburner.com/ruanyifeng
[2026-01-05 04:17:52] 本次订阅抓取结果统计:
[2026-01-05 04:17:52] 共 28 条RSS, 成功抓取 25 条.
[2026-01-05 04:17:52] ✘ 有 3 条订阅解析失败:
[2026-01-05 04:17:52] - https://tumutanzi.com/feed
[2026-01-05 04:17:52] - https://tcxx.info/feed
[2026-01-05 04:17:52] - https://geekinney.com/index.xml
[2026-01-05 04:17:52] ✘ 有 2 条订阅头像无法访问, 已使用默认头像:
[2026-01-05 04:17:52] - https://oba.by/feed
[2026-01-05 04:17:52] - http://feeds.feedburner.com/ruanyifeng
[2026-01-05 05:37:20] 本次订阅抓取结果统计:
[2026-01-05 05:37:20] 共 28 条RSS, 成功抓取 25 条.
[2026-01-05 05:37:20] ✘ 有 3 条订阅解析失败:
[2026-01-05 05:37:20] - https://tcxx.info/feed
[2026-01-05 05:37:20] - https://tumutanzi.com/feed
[2026-01-05 05:37:20] - https://geekinney.com/index.xml
[2026-01-05 05:37:20] ✘ 有 2 条订阅头像无法访问, 已使用默认头像:
[2026-01-05 05:37:20] - https://oba.by/feed
[2026-01-05 05:37:20] - http://feeds.feedburner.com/ruanyifeng
[2026-01-05 06:43:57] 本次订阅抓取结果统计:
[2026-01-05 06:43:57] 共 28 条RSS, 成功抓取 25 条.
[2026-01-05 06:43:57] ✘ 有 3 条订阅解析失败:
[2026-01-05 06:43:57] - https://tcxx.info/feed
[2026-01-05 06:43:57] - https://tumutanzi.com/feed
[2026-01-05 06:43:57] - https://geekinney.com/index.xml
[2026-01-05 06:43:57] ✘ 有 2 条订阅头像无法访问, 已使用默认头像:
[2026-01-05 06:43:57] - https://oba.by/feed
[2026-01-05 06:43:57] - http://feeds.feedburner.com/ruanyifeng
