[2026-05-18 03:59:40] 本次订阅抓取结果统计:
[2026-05-18 03:59:40] 共 28 条RSS, 成功抓取 23 条.
[2026-05-18 03:59:40] ✘ 有 5 条订阅解析失败:
[2026-05-18 03:59:40] - https://blog.pursuitus.com/feed
[2026-05-18 03:59:40] - https://geekinney.com/index.xml
[2026-05-18 03:59:40] - https://tcxx.info/feed
[2026-05-18 03:59:40] - https://tumutanzi.com/feed
[2026-05-18 03:59:40] - https://www.shephe.com/feed
[2026-05-18 03:59:40] ✘ 有 3 条订阅头像无法访问, 已使用默认头像:
[2026-05-18 03:59:40] - https://www.loyhome.com/feed
[2026-05-18 03:59:40] - http://feeds.feedburner.com/ruanyifeng
[2026-05-18 03:59:40] - https://xyzbz.cn/feed
[2026-05-18 08:12:44] 本次订阅抓取结果统计:
[2026-05-18 08:12:44] 共 28 条RSS, 成功抓取 23 条.
[2026-05-18 08:12:44] ✘ 有 5 条订阅解析失败:
[2026-05-18 08:12:44] - https://blog.pursuitus.com/feed
[2026-05-18 08:12:44] - https://geekinney.com/index.xml
[2026-05-18 08:12:44] - https://tcxx.info/feed
[2026-05-18 08:12:44] - https://tumutanzi.com/feed
[2026-05-18 08:12:44] - https://www.shephe.com/feed
[2026-05-18 08:12:44] ✘ 有 3 条订阅头像无法访问, 已使用默认头像:
[2026-05-18 08:12:44] - https://www.loyhome.com/feed
[2026-05-18 08:12:44] - http://feeds.feedburner.com/ruanyifeng
[2026-05-18 08:12:44] - https://xyzbz.cn/feed
[2026-05-18 12:35:00] 本次订阅抓取结果统计:
[2026-05-18 12:35:00] 共 28 条RSS, 成功抓取 23 条.
[2026-05-18 12:35:00] ✘ 有 5 条订阅解析失败:
[2026-05-18 12:35:00] - https://blog.pursuitus.com/feed
[2026-05-18 12:35:00] - https://geekinney.com/index.xml
[2026-05-18 12:35:00] - https://tcxx.info/feed
[2026-05-18 12:35:00] - https://tumutanzi.com/feed
[2026-05-18 12:35:00] - https://www.shephe.com/feed
[2026-05-18 12:35:00] ✘ 有 3 条订阅头像无法访问, 已使用默认头像:
[2026-05-18 12:35:00] - https://www.loyhome.com/feed
[2026-05-18 12:35:00] - http://feeds.feedburner.com/ruanyifeng
[2026-05-18 12:35:00] - https://xyzbz.cn/feed
[2026-05-18 16:26:27] 本次订阅抓取结果统计:
[2026-05-18 16:26:27] 共 28 条RSS, 成功抓取 23 条.
[2026-05-18 16:26:27] ✘ 有 5 条订阅解析失败:
[2026-05-18 16:26:27] - https://blog.pursuitus.com/feed
[2026-05-18 16:26:27] - https://geekinney.com/index.xml
[2026-05-18 16:26:27] - https://tcxx.info/feed
[2026-05-18 16:26:27] - https://tumutanzi.com/feed
[2026-05-18 16:26:27] - https://www.shephe.com/feed
[2026-05-18 16:26:27] ✘ 有 3 条订阅头像无法访问, 已使用默认头像:
[2026-05-18 16:26:27] - https://www.loyhome.com/feed
[2026-05-18 16:26:27] - https://xyzbz.cn/feed
[2026-05-18 16:26:27] - http://feeds.feedburner.com/ruanyifeng
[2026-05-18 18:53:45] 本次订阅抓取结果统计:
[2026-05-18 18:53:45] 共 28 条RSS, 成功抓取 23 条.
[2026-05-18 18:53:45] ✘ 有 5 条订阅解析失败:
[2026-05-18 18:53:45] - https://blog.pursuitus.com/feed
[2026-05-18 18:53:45] - https://geekinney.com/index.xml
[2026-05-18 18:53:45] - https://tumutanzi.com/feed
[2026-05-18 18:53:45] - https://tcxx.info/feed
[2026-05-18 18:53:45] - https://www.shephe.com/feed
[2026-05-18 18:53:45] ✘ 有 3 条订阅头像无法访问, 已使用默认头像:
[2026-05-18 18:53:45] - https://www.loyhome.com/feed
[2026-05-18 18:53:45] - http://feeds.feedburner.com/ruanyifeng
[2026-05-18 18:53:45] - https://xyzbz.cn/feed
[2026-05-18 20:26:46] 本次订阅抓取结果统计:
[2026-05-18 20:26:46] 共 28 条RSS, 成功抓取 23 条.
[2026-05-18 20:26:46] ✘ 有 5 条订阅解析失败:
[2026-05-18 20:26:46] - https://blog.pursuitus.com/feed
[2026-05-18 20:26:46] - https://geekinney.com/index.xml
[2026-05-18 20:26:46] - https://tcxx.info/feed
[2026-05-18 20:26:46] - https://tumutanzi.com/feed
[2026-05-18 20:26:46] - https://www.shephe.com/feed
[2026-05-18 20:26:46] ✘ 有 3 条订阅头像无法访问, 已使用默认头像:
[2026-05-18 20:26:46] - https://www.loyhome.com/feed
[2026-05-18 20:26:46] - https://xyzbz.cn/feed
[2026-05-18 20:26:46] - http://feeds.feedburner.com/ruanyifeng
[2026-05-18 22:05:31] 本次订阅抓取结果统计:
[2026-05-18 22:05:31] 共 28 条RSS, 成功抓取 23 条.
[2026-05-18 22:05:31] ✘ 有 5 条订阅解析失败:
[2026-05-18 22:05:31] - https://blog.pursuitus.com/feed
[2026-05-18 22:05:31] - https://tcxx.info/feed
[2026-05-18 22:05:31] - https://geekinney.com/index.xml
[2026-05-18 22:05:31] - https://tumutanzi.com/feed
[2026-05-18 22:05:31] - https://www.shephe.com/feed
[2026-05-18 22:05:31] ✘ 有 3 条订阅头像无法访问, 已使用默认头像:
[2026-05-18 22:05:31] - https://www.loyhome.com/feed
[2026-05-18 22:05:31] - https://xyzbz.cn/feed
[2026-05-18 22:05:31] - http://feeds.feedburner.com/ruanyifeng
