[2026-01-02 01:58:50] 本次订阅抓取结果统计:
[2026-01-02 01:58:50] 共 28 条RSS, 成功抓取 25 条.
[2026-01-02 01:58:50] ✘ 有 3 条订阅解析失败:
[2026-01-02 01:58:50] - https://tcxx.info/feed
[2026-01-02 01:58:50] - https://tumutanzi.com/feed
[2026-01-02 01:58:50] - https://geekinney.com/index.xml
[2026-01-02 01:58:50] ✘ 有 2 条订阅头像无法访问, 已使用默认头像:
[2026-01-02 01:58:50] - https://oba.by/feed
[2026-01-02 01:58:50] - http://feeds.feedburner.com/ruanyifeng
[2026-01-02 03:45:55] 本次订阅抓取结果统计:
[2026-01-02 03:45:55] 共 28 条RSS, 成功抓取 25 条.
[2026-01-02 03:45:55] ✘ 有 3 条订阅解析失败:
[2026-01-02 03:45:55] - https://tumutanzi.com/feed
[2026-01-02 03:45:55] - https://tcxx.info/feed
[2026-01-02 03:45:55] - https://geekinney.com/index.xml
[2026-01-02 03:45:55] ✘ 有 2 条订阅头像无法访问, 已使用默认头像:
[2026-01-02 03:45:55] - https://oba.by/feed
[2026-01-02 03:45:55] - http://feeds.feedburner.com/ruanyifeng
[2026-01-02 04:44:32] 本次订阅抓取结果统计:
[2026-01-02 04:44:32] 共 28 条RSS, 成功抓取 25 条.
[2026-01-02 04:44:32] ✘ 有 3 条订阅解析失败:
[2026-01-02 04:44:32] - https://tcxx.info/feed
[2026-01-02 04:44:32] - https://tumutanzi.com/feed
[2026-01-02 04:44:32] - https://geekinney.com/index.xml
[2026-01-02 04:44:32] ✘ 有 3 条订阅头像无法访问, 已使用默认头像:
[2026-01-02 04:44:32] - https://oba.by/feed
[2026-01-02 04:44:32] - http://feeds.feedburner.com/ruanyifeng
[2026-01-02 04:44:32] - http://weiwuhui.com/feed
[2026-01-02 05:28:51] 本次订阅抓取结果统计:
[2026-01-02 05:28:51] 共 28 条RSS, 成功抓取 25 条.
[2026-01-02 05:28:51] ✘ 有 3 条订阅解析失败:
[2026-01-02 05:28:51] - https://tcxx.info/feed
[2026-01-02 05:28:51] - https://tumutanzi.com/feed
[2026-01-02 05:28:51] - https://geekinney.com/index.xml
[2026-01-02 05:28:51] ✘ 有 2 条订阅头像无法访问, 已使用默认头像:
[2026-01-02 05:28:51] - https://oba.by/feed
[2026-01-02 05:28:51] - http://feeds.feedburner.com/ruanyifeng
