[2026-02-02 02:33:47] 本次订阅抓取结果统计:
[2026-02-02 02:33:47] 共 28 条RSS, 成功抓取 24 条.
[2026-02-02 02:33:47] ✘ 有 4 条订阅解析失败:
[2026-02-02 02:33:47] - https://blog.pursuitus.com/feed
[2026-02-02 02:33:47] - https://tumutanzi.com/feed
[2026-02-02 02:33:47] - https://tcxx.info/feed
[2026-02-02 02:33:47] - https://geekinney.com/index.xml
[2026-02-02 02:33:47] ✘ 有 2 条订阅头像无法访问, 已使用默认头像:
[2026-02-02 02:33:47] - https://oba.by/feed
[2026-02-02 02:33:47] - http://feeds.feedburner.com/ruanyifeng
[2026-02-02 05:00:27] 本次订阅抓取结果统计:
[2026-02-02 05:00:27] 共 28 条RSS, 成功抓取 24 条.
[2026-02-02 05:00:27] ✘ 有 4 条订阅解析失败:
[2026-02-02 05:00:27] - https://blog.pursuitus.com/feed
[2026-02-02 05:00:27] - https://tumutanzi.com/feed
[2026-02-02 05:00:27] - https://tcxx.info/feed
[2026-02-02 05:00:27] - https://geekinney.com/index.xml
[2026-02-02 05:00:27] ✘ 有 2 条订阅头像无法访问, 已使用默认头像:
[2026-02-02 05:00:27] - https://oba.by/feed
[2026-02-02 05:00:27] - http://feeds.feedburner.com/ruanyifeng
[2026-02-02 06:10:51] 本次订阅抓取结果统计:
[2026-02-02 06:10:51] 共 28 条RSS, 成功抓取 24 条.
[2026-02-02 06:10:51] ✘ 有 4 条订阅解析失败:
[2026-02-02 06:10:51] - https://blog.pursuitus.com/feed
[2026-02-02 06:10:51] - https://tcxx.info/feed
[2026-02-02 06:10:51] - https://tumutanzi.com/feed
[2026-02-02 06:10:51] - https://geekinney.com/index.xml
[2026-02-02 06:10:51] ✘ 有 2 条订阅头像无法访问, 已使用默认头像:
[2026-02-02 06:10:51] - https://oba.by/feed
[2026-02-02 06:10:51] - http://feeds.feedburner.com/ruanyifeng
[2026-02-02 07:52:52] 本次订阅抓取结果统计:
[2026-02-02 07:52:52] 共 28 条RSS, 成功抓取 24 条.
[2026-02-02 07:52:52] ✘ 有 4 条订阅解析失败:
[2026-02-02 07:52:52] - https://blog.pursuitus.com/feed
[2026-02-02 07:52:52] - https://tcxx.info/feed
[2026-02-02 07:52:52] - https://tumutanzi.com/feed
[2026-02-02 07:52:52] - https://geekinney.com/index.xml
[2026-02-02 07:52:52] ✘ 有 2 条订阅头像无法访问, 已使用默认头像:
[2026-02-02 07:52:52] - https://oba.by/feed
[2026-02-02 07:52:52] - http://feeds.feedburner.com/ruanyifeng
[2026-02-02 08:50:41] 本次订阅抓取结果统计:
[2026-02-02 08:50:41] 共 28 条RSS, 成功抓取 24 条.
[2026-02-02 08:50:41] ✘ 有 4 条订阅解析失败:
[2026-02-02 08:50:41] - https://blog.pursuitus.com/feed
[2026-02-02 08:50:41] - https://tcxx.info/feed
[2026-02-02 08:50:41] - https://tumutanzi.com/feed
[2026-02-02 08:50:41] - https://geekinney.com/index.xml
[2026-02-02 08:50:41] ✘ 有 2 条订阅头像无法访问, 已使用默认头像:
[2026-02-02 08:50:41] - http://feeds.feedburner.com/ruanyifeng
[2026-02-02 08:50:41] - https://oba.by/feed
[2026-02-02 09:55:33] 本次订阅抓取结果统计:
[2026-02-02 09:55:33] 共 28 条RSS, 成功抓取 24 条.
[2026-02-02 09:55:33] ✘ 有 4 条订阅解析失败:
[2026-02-02 09:55:33] - https://blog.pursuitus.com/feed
[2026-02-02 09:55:33] - https://tcxx.info/feed
[2026-02-02 09:55:33] - https://tumutanzi.com/feed
[2026-02-02 09:55:33] - https://geekinney.com/index.xml
[2026-02-02 09:55:33] ✘ 有 2 条订阅头像无法访问, 已使用默认头像:
[2026-02-02 09:55:33] - https://oba.by/feed
[2026-02-02 09:55:33] - http://feeds.feedburner.com/ruanyifeng
[2026-02-02 10:50:50] 本次订阅抓取结果统计:
[2026-02-02 10:50:50] 共 28 条RSS, 成功抓取 24 条.
[2026-02-02 10:50:50] ✘ 有 4 条订阅解析失败:
[2026-02-02 10:50:50] - https://blog.pursuitus.com/feed
[2026-02-02 10:50:50] - https://tcxx.info/feed
[2026-02-02 10:50:50] - https://tumutanzi.com/feed
[2026-02-02 10:50:50] - https://geekinney.com/index.xml
[2026-02-02 10:50:50] ✘ 有 2 条订阅头像无法访问, 已使用默认头像:
[2026-02-02 10:50:50] - http://feeds.feedburner.com/ruanyifeng
[2026-02-02 10:50:50] - https://oba.by/feed
[2026-02-02 11:37:41] 本次订阅抓取结果统计:
[2026-02-02 11:37:41] 共 28 条RSS, 成功抓取 24 条.
[2026-02-02 11:37:41] ✘ 有 4 条订阅解析失败:
[2026-02-02 11:37:41] - https://blog.pursuitus.com/feed
[2026-02-02 11:37:41] - https://tumutanzi.com/feed
[2026-02-02 11:37:41] - https://tcxx.info/feed
[2026-02-02 11:37:41] - https://geekinney.com/index.xml
[2026-02-02 11:37:41] ✘ 有 2 条订阅头像无法访问, 已使用默认头像:
[2026-02-02 11:37:41] - https://oba.by/feed
[2026-02-02 11:37:41] - http://feeds.feedburner.com/ruanyifeng
