[2026-06-01 04:23:38] 本次订阅抓取结果统计:
[2026-06-01 04:23:38] 共 28 条RSS, 成功抓取 23 条.
[2026-06-01 04:23:38] ✘ 有 5 条订阅解析失败:
[2026-06-01 04:23:38] - https://blog.pursuitus.com/feed
[2026-06-01 04:23:38] - https://geekinney.com/index.xml
[2026-06-01 04:23:38] - https://tcxx.info/feed
[2026-06-01 04:23:38] - https://tumutanzi.com/feed
[2026-06-01 04:23:38] - https://www.shephe.com/feed
[2026-06-01 04:23:38] ✘ 有 2 条订阅头像无法访问, 已使用默认头像:
[2026-06-01 04:23:38] - https://www.loyhome.com/feed
[2026-06-01 04:23:38] - http://feeds.feedburner.com/ruanyifeng
[2026-06-01 10:22:04] 本次订阅抓取结果统计:
[2026-06-01 10:22:04] 共 28 条RSS, 成功抓取 23 条.
[2026-06-01 10:22:04] ✘ 有 5 条订阅解析失败:
[2026-06-01 10:22:04] - https://blog.pursuitus.com/feed
[2026-06-01 10:22:04] - https://geekinney.com/index.xml
[2026-06-01 10:22:04] - https://tcxx.info/feed
[2026-06-01 10:22:04] - https://tumutanzi.com/feed
[2026-06-01 10:22:04] - https://www.shephe.com/feed
[2026-06-01 10:22:04] ✘ 有 3 条订阅头像无法访问, 已使用默认头像:
[2026-06-01 10:22:04] - https://www.loyhome.com/feed
[2026-06-01 10:22:04] - https://xyzbz.cn/feed
[2026-06-01 10:22:04] - http://feeds.feedburner.com/ruanyifeng
[2026-06-01 16:39:40] 本次订阅抓取结果统计:
[2026-06-01 16:39:40] 共 28 条RSS, 成功抓取 23 条.
[2026-06-01 16:39:40] ✘ 有 5 条订阅解析失败:
[2026-06-01 16:39:40] - https://blog.pursuitus.com/feed
[2026-06-01 16:39:40] - https://geekinney.com/index.xml
[2026-06-01 16:39:40] - https://tcxx.info/feed
[2026-06-01 16:39:40] - https://tumutanzi.com/feed
[2026-06-01 16:39:40] - https://www.shephe.com/feed
[2026-06-01 16:39:40] ✘ 有 3 条订阅头像无法访问, 已使用默认头像:
[2026-06-01 16:39:40] - https://www.loyhome.com/feed
[2026-06-01 16:39:40] - http://feeds.feedburner.com/ruanyifeng
[2026-06-01 16:39:40] - https://xyzbz.cn/feed
