[2026-04-02 02:39:19] 本次订阅抓取结果统计:
[2026-04-02 02:39:19] 共 28 条RSS, 成功抓取 24 条.
[2026-04-02 02:39:19] ✘ 有 4 条订阅解析失败:
[2026-04-02 02:39:19] - https://blog.pursuitus.com/feed
[2026-04-02 02:39:19] - https://tumutanzi.com/feed
[2026-04-02 02:39:19] - https://tcxx.info/feed
[2026-04-02 02:39:19] - https://geekinney.com/index.xml
[2026-04-02 02:39:19] ✘ 有 1 条订阅头像无法访问, 已使用默认头像:
[2026-04-02 02:39:19] - http://feeds.feedburner.com/ruanyifeng
[2026-04-02 05:05:48] 本次订阅抓取结果统计:
[2026-04-02 05:05:48] 共 28 条RSS, 成功抓取 24 条.
[2026-04-02 05:05:48] ✘ 有 4 条订阅解析失败:
[2026-04-02 05:05:48] - https://blog.pursuitus.com/feed
[2026-04-02 05:05:48] - https://geekinney.com/index.xml
[2026-04-02 05:05:48] - https://tcxx.info/feed
[2026-04-02 05:05:48] - https://tumutanzi.com/feed
[2026-04-02 05:05:48] ✘ 有 1 条订阅头像无法访问, 已使用默认头像:
[2026-04-02 05:05:48] - http://feeds.feedburner.com/ruanyifeng
[2026-04-02 07:18:34] 本次订阅抓取结果统计:
[2026-04-02 07:18:34] 共 28 条RSS, 成功抓取 24 条.
[2026-04-02 07:18:34] ✘ 有 4 条订阅解析失败:
[2026-04-02 07:18:34] - https://blog.pursuitus.com/feed
[2026-04-02 07:18:34] - https://geekinney.com/index.xml
[2026-04-02 07:18:34] - https://tcxx.info/feed
[2026-04-02 07:18:34] - https://tumutanzi.com/feed
[2026-04-02 07:18:34] ✘ 有 2 条订阅头像无法访问, 已使用默认头像:
[2026-04-02 07:18:34] - http://feeds.feedburner.com/ruanyifeng
[2026-04-02 07:18:34] - https://xyzbz.cn/feed
