[2026-04-08 02:44:44] 本次订阅抓取结果统计:
[2026-04-08 02:44:44] 共 28 条RSS, 成功抓取 23 条.
[2026-04-08 02:44:44] ✘ 有 5 条订阅解析失败:
[2026-04-08 02:44:44] - https://blog.pursuitus.com/feed
[2026-04-08 02:44:44] - https://geekinney.com/index.xml
[2026-04-08 02:44:44] - https://tcxx.info/feed
[2026-04-08 02:44:44] - https://tumutanzi.com/feed
[2026-04-08 02:44:44] - https://blog.yanqingshan.com/feed
[2026-04-08 02:44:44] ✘ 有 1 条订阅头像无法访问, 已使用默认头像:
[2026-04-08 02:44:44] - http://feeds.feedburner.com/ruanyifeng
[2026-04-08 05:14:20] 本次订阅抓取结果统计:
[2026-04-08 05:14:20] 共 28 条RSS, 成功抓取 24 条.
[2026-04-08 05:14:20] ✘ 有 4 条订阅解析失败:
[2026-04-08 05:14:20] - https://blog.pursuitus.com/feed
[2026-04-08 05:14:20] - https://geekinney.com/index.xml
[2026-04-08 05:14:20] - https://tcxx.info/feed
[2026-04-08 05:14:20] - https://tumutanzi.com/feed
[2026-04-08 05:14:20] ✘ 有 2 条订阅头像无法访问, 已使用默认头像:
[2026-04-08 05:14:20] - https://www.loyhome.com/feed
[2026-04-08 05:14:20] - http://feeds.feedburner.com/ruanyifeng
[2026-04-08 07:26:35] 本次订阅抓取结果统计:
[2026-04-08 07:26:35] 共 28 条RSS, 成功抓取 24 条.
[2026-04-08 07:26:35] ✘ 有 4 条订阅解析失败:
[2026-04-08 07:26:35] - https://blog.pursuitus.com/feed
[2026-04-08 07:26:35] - https://geekinney.com/index.xml
[2026-04-08 07:26:35] - https://tumutanzi.com/feed
[2026-04-08 07:26:35] - https://tcxx.info/feed
[2026-04-08 07:26:35] ✘ 有 1 条订阅头像无法访问, 已使用默认头像:
[2026-04-08 07:26:35] - http://feeds.feedburner.com/ruanyifeng
[2026-04-08 09:06:30] 本次订阅抓取结果统计:
[2026-04-08 09:06:30] 共 28 条RSS, 成功抓取 24 条.
[2026-04-08 09:06:30] ✘ 有 4 条订阅解析失败:
[2026-04-08 09:06:30] - https://blog.pursuitus.com/feed
[2026-04-08 09:06:30] - https://geekinney.com/index.xml
[2026-04-08 09:06:30] - https://tcxx.info/feed
[2026-04-08 09:06:30] - https://tumutanzi.com/feed
[2026-04-08 09:06:30] ✘ 有 2 条订阅头像无法访问, 已使用默认头像:
[2026-04-08 09:06:30] - https://www.loyhome.com/feed
[2026-04-08 09:06:30] - http://feeds.feedburner.com/ruanyifeng
[2026-04-08 11:00:39] 本次订阅抓取结果统计:
[2026-04-08 11:00:39] 共 28 条RSS, 成功抓取 24 条.
[2026-04-08 11:00:39] ✘ 有 4 条订阅解析失败:
[2026-04-08 11:00:39] - https://blog.pursuitus.com/feed
[2026-04-08 11:00:39] - https://geekinney.com/index.xml
[2026-04-08 11:00:39] - https://tumutanzi.com/feed
[2026-04-08 11:00:39] - https://tcxx.info/feed
[2026-04-08 11:00:39] ✘ 有 2 条订阅头像无法访问, 已使用默认头像:
[2026-04-08 11:00:39] - https://www.loyhome.com/feed
[2026-04-08 11:00:39] - http://feeds.feedburner.com/ruanyifeng
[2026-04-08 12:00:15] 本次订阅抓取结果统计:
[2026-04-08 12:00:15] 共 28 条RSS, 成功抓取 24 条.
[2026-04-08 12:00:15] ✘ 有 4 条订阅解析失败:
[2026-04-08 12:00:15] - https://blog.pursuitus.com/feed
[2026-04-08 12:00:15] - https://geekinney.com/index.xml
[2026-04-08 12:00:15] - https://tcxx.info/feed
[2026-04-08 12:00:15] - https://tumutanzi.com/feed
[2026-04-08 12:00:15] ✘ 有 2 条订阅头像无法访问, 已使用默认头像:
[2026-04-08 12:00:15] - https://www.loyhome.com/feed
[2026-04-08 12:00:15] - http://feeds.feedburner.com/ruanyifeng
[2026-04-08 13:57:38] 本次订阅抓取结果统计:
[2026-04-08 13:57:38] 共 28 条RSS, 成功抓取 24 条.
[2026-04-08 13:57:38] ✘ 有 4 条订阅解析失败:
[2026-04-08 13:57:38] - https://blog.pursuitus.com/feed
[2026-04-08 13:57:38] - https://tumutanzi.com/feed
[2026-04-08 13:57:38] - https://tcxx.info/feed
[2026-04-08 13:57:38] - https://geekinney.com/index.xml
[2026-04-08 13:57:38] ✘ 有 2 条订阅头像无法访问, 已使用默认头像:
[2026-04-08 13:57:38] - https://www.loyhome.com/feed
[2026-04-08 13:57:38] - http://feeds.feedburner.com/ruanyifeng
