[2026-01-17 01:54:34] 本次订阅抓取结果统计:
[2026-01-17 01:54:34] 共 28 条RSS, 成功抓取 23 条.
[2026-01-17 01:54:34] ✘ 有 5 条订阅解析失败:
[2026-01-17 01:54:34] - https://blog.pursuitus.com/feed
[2026-01-17 01:54:34] - https://oba.by/feed
[2026-01-17 01:54:34] - https://tcxx.info/feed
[2026-01-17 01:54:34] - https://tumutanzi.com/feed
[2026-01-17 01:54:34] - https://geekinney.com/index.xml
[2026-01-17 01:54:34] ✘ 有 1 条订阅头像无法访问, 已使用默认头像:
[2026-01-17 01:54:34] - http://feeds.feedburner.com/ruanyifeng
[2026-01-17 03:25:39] 本次订阅抓取结果统计:
[2026-01-17 03:25:39] 共 28 条RSS, 成功抓取 23 条.
[2026-01-17 03:25:39] ✘ 有 5 条订阅解析失败:
[2026-01-17 03:25:39] - https://oba.by/feed
[2026-01-17 03:25:39] - https://blog.pursuitus.com/feed
[2026-01-17 03:25:39] - https://tcxx.info/feed
[2026-01-17 03:25:39] - https://tumutanzi.com/feed
[2026-01-17 03:25:39] - https://geekinney.com/index.xml
[2026-01-17 03:25:39] ✘ 有 1 条订阅头像无法访问, 已使用默认头像:
[2026-01-17 03:25:39] - http://feeds.feedburner.com/ruanyifeng
[2026-01-17 04:34:57] 本次订阅抓取结果统计:
[2026-01-17 04:34:57] 共 28 条RSS, 成功抓取 23 条.
[2026-01-17 04:34:57] ✘ 有 5 条订阅解析失败:
[2026-01-17 04:34:57] - https://oba.by/feed
[2026-01-17 04:34:57] - https://blog.pursuitus.com/feed
[2026-01-17 04:34:57] - https://tcxx.info/feed
[2026-01-17 04:34:57] - https://tumutanzi.com/feed
[2026-01-17 04:34:57] - https://geekinney.com/index.xml
[2026-01-17 04:34:57] ✘ 有 2 条订阅头像无法访问, 已使用默认头像:
[2026-01-17 04:34:57] - http://feeds.feedburner.com/ruanyifeng
[2026-01-17 04:34:57] - http://feeds.kenengba.com/kenengbarss
[2026-01-17 05:23:54] 本次订阅抓取结果统计:
[2026-01-17 05:23:54] 共 28 条RSS, 成功抓取 23 条.
[2026-01-17 05:23:54] ✘ 有 5 条订阅解析失败:
[2026-01-17 05:23:54] - https://oba.by/feed
[2026-01-17 05:23:54] - https://blog.pursuitus.com/feed
[2026-01-17 05:23:54] - https://tumutanzi.com/feed
[2026-01-17 05:23:54] - https://tcxx.info/feed
[2026-01-17 05:23:54] - https://geekinney.com/index.xml
[2026-01-17 05:23:54] ✘ 有 1 条订阅头像无法访问, 已使用默认头像:
[2026-01-17 05:23:54] - http://feeds.feedburner.com/ruanyifeng
[2026-01-17 06:35:34] 本次订阅抓取结果统计:
[2026-01-17 06:35:34] 共 28 条RSS, 成功抓取 23 条.
[2026-01-17 06:35:34] ✘ 有 5 条订阅解析失败:
[2026-01-17 06:35:34] - https://blog.pursuitus.com/feed
[2026-01-17 06:35:34] - https://oba.by/feed
[2026-01-17 06:35:34] - https://tumutanzi.com/feed
[2026-01-17 06:35:34] - https://tcxx.info/feed
[2026-01-17 06:35:34] - https://geekinney.com/index.xml
[2026-01-17 06:35:34] ✘ 有 1 条订阅头像无法访问, 已使用默认头像:
[2026-01-17 06:35:34] - http://feeds.feedburner.com/ruanyifeng
[2026-01-17 07:22:29] 本次订阅抓取结果统计:
[2026-01-17 07:22:29] 共 28 条RSS, 成功抓取 23 条.
[2026-01-17 07:22:29] ✘ 有 5 条订阅解析失败:
[2026-01-17 07:22:29] - https://oba.by/feed
[2026-01-17 07:22:29] - https://blog.pursuitus.com/feed
[2026-01-17 07:22:29] - https://tcxx.info/feed
[2026-01-17 07:22:29] - https://tumutanzi.com/feed
[2026-01-17 07:22:29] - https://geekinney.com/index.xml
[2026-01-17 07:22:29] ✘ 有 2 条订阅头像无法访问, 已使用默认头像:
[2026-01-17 07:22:29] - http://feeds.feedburner.com/ruanyifeng
[2026-01-17 07:22:29] - https://xyzbz.cn/feed
[2026-01-17 08:30:45] 本次订阅抓取结果统计:
[2026-01-17 08:30:45] 共 28 条RSS, 成功抓取 23 条.
[2026-01-17 08:30:45] ✘ 有 5 条订阅解析失败:
[2026-01-17 08:30:45] - https://oba.by/feed
[2026-01-17 08:30:45] - https://blog.pursuitus.com/feed
[2026-01-17 08:30:45] - https://tcxx.info/feed
[2026-01-17 08:30:45] - https://tumutanzi.com/feed
[2026-01-17 08:30:45] - https://geekinney.com/index.xml
[2026-01-17 08:30:45] ✘ 有 1 条订阅头像无法访问, 已使用默认头像:
[2026-01-17 08:30:45] - http://feeds.feedburner.com/ruanyifeng
