[2026-04-25 02:45:22] 本次订阅抓取结果统计:
[2026-04-25 02:45:22] 共 28 条RSS, 成功抓取 23 条.
[2026-04-25 02:45:22] ✘ 有 5 条订阅解析失败:
[2026-04-25 02:45:22] - https://blog.pursuitus.com/feed
[2026-04-25 02:45:22] - https://geekinney.com/index.xml
[2026-04-25 02:45:22] - https://tcxx.info/feed
[2026-04-25 02:45:22] - https://tumutanzi.com/feed
[2026-04-25 02:45:22] - https://www.shephe.com/feed
[2026-04-25 02:45:22] ✘ 有 2 条订阅头像无法访问, 已使用默认头像:
[2026-04-25 02:45:22] - https://www.loyhome.com/feed
[2026-04-25 02:45:22] - http://feeds.feedburner.com/ruanyifeng
[2026-04-25 05:15:13] 本次订阅抓取结果统计:
[2026-04-25 05:15:13] 共 28 条RSS, 成功抓取 23 条.
[2026-04-25 05:15:13] ✘ 有 5 条订阅解析失败:
[2026-04-25 05:15:13] - https://blog.pursuitus.com/feed
[2026-04-25 05:15:13] - https://geekinney.com/index.xml
[2026-04-25 05:15:13] - https://tumutanzi.com/feed
[2026-04-25 05:15:13] - https://tcxx.info/feed
[2026-04-25 05:15:13] - https://www.shephe.com/feed
[2026-04-25 05:15:13] ✘ 有 2 条订阅头像无法访问, 已使用默认头像:
[2026-04-25 05:15:13] - https://www.loyhome.com/feed
[2026-04-25 05:15:13] - http://feeds.feedburner.com/ruanyifeng
[2026-04-25 07:23:24] 本次订阅抓取结果统计:
[2026-04-25 07:23:24] 共 28 条RSS, 成功抓取 23 条.
[2026-04-25 07:23:24] ✘ 有 5 条订阅解析失败:
[2026-04-25 07:23:24] - https://blog.pursuitus.com/feed
[2026-04-25 07:23:24] - https://geekinney.com/index.xml
[2026-04-25 07:23:24] - https://tcxx.info/feed
[2026-04-25 07:23:24] - https://tumutanzi.com/feed
[2026-04-25 07:23:24] - https://www.shephe.com/feed
[2026-04-25 07:23:24] ✘ 有 2 条订阅头像无法访问, 已使用默认头像:
[2026-04-25 07:23:24] - https://www.loyhome.com/feed
[2026-04-25 07:23:24] - http://feeds.feedburner.com/ruanyifeng
