[2026-05-11 03:51:41] 本次订阅抓取结果统计:
[2026-05-11 03:51:41] 共 28 条RSS, 成功抓取 23 条.
[2026-05-11 03:51:41] ✘ 有 5 条订阅解析失败:
[2026-05-11 03:51:41] - https://blog.pursuitus.com/feed
[2026-05-11 03:51:41] - https://geekinney.com/index.xml
[2026-05-11 03:51:41] - https://tcxx.info/feed
[2026-05-11 03:51:41] - https://tumutanzi.com/feed
[2026-05-11 03:51:41] - https://www.shephe.com/feed
[2026-05-11 03:51:41] ✘ 有 3 条订阅头像无法访问, 已使用默认头像:
[2026-05-11 03:51:41] - https://www.loyhome.com/feed
[2026-05-11 03:51:41] - http://feeds.feedburner.com/ruanyifeng
[2026-05-11 03:51:41] - https://xyzbz.cn/feed
[2026-05-11 07:47:34] 本次订阅抓取结果统计:
[2026-05-11 07:47:34] 共 28 条RSS, 成功抓取 23 条.
[2026-05-11 07:47:34] ✘ 有 5 条订阅解析失败:
[2026-05-11 07:47:34] - https://blog.pursuitus.com/feed
[2026-05-11 07:47:34] - https://tcxx.info/feed
[2026-05-11 07:47:34] - https://geekinney.com/index.xml
[2026-05-11 07:47:34] - https://tumutanzi.com/feed
[2026-05-11 07:47:34] - https://www.shephe.com/feed
[2026-05-11 07:47:34] ✘ 有 3 条订阅头像无法访问, 已使用默认头像:
[2026-05-11 07:47:34] - https://www.loyhome.com/feed
[2026-05-11 07:47:34] - https://xyzbz.cn/feed
[2026-05-11 07:47:34] - http://feeds.feedburner.com/ruanyifeng
[2026-05-11 11:27:13] 本次订阅抓取结果统计:
[2026-05-11 11:27:13] 共 28 条RSS, 成功抓取 23 条.
[2026-05-11 11:27:13] ✘ 有 5 条订阅解析失败:
[2026-05-11 11:27:13] - https://blog.pursuitus.com/feed
[2026-05-11 11:27:13] - https://geekinney.com/index.xml
[2026-05-11 11:27:13] - https://tcxx.info/feed
[2026-05-11 11:27:13] - https://tumutanzi.com/feed
[2026-05-11 11:27:13] - https://www.shephe.com/feed
[2026-05-11 11:27:13] ✘ 有 3 条订阅头像无法访问, 已使用默认头像:
[2026-05-11 11:27:13] - https://www.loyhome.com/feed
[2026-05-11 11:27:13] - http://feeds.feedburner.com/ruanyifeng
[2026-05-11 11:27:13] - https://xyzbz.cn/feed
[2026-05-11 15:17:44] 本次订阅抓取结果统计:
[2026-05-11 15:17:44] 共 28 条RSS, 成功抓取 23 条.
[2026-05-11 15:17:44] ✘ 有 5 条订阅解析失败:
[2026-05-11 15:17:44] - https://blog.pursuitus.com/feed
[2026-05-11 15:17:44] - https://geekinney.com/index.xml
[2026-05-11 15:17:44] - https://tcxx.info/feed
[2026-05-11 15:17:44] - https://tumutanzi.com/feed
[2026-05-11 15:17:44] - https://www.shephe.com/feed
[2026-05-11 15:17:44] ✘ 有 3 条订阅头像无法访问, 已使用默认头像:
[2026-05-11 15:17:44] - https://www.loyhome.com/feed
[2026-05-11 15:17:44] - http://feeds.feedburner.com/ruanyifeng
[2026-05-11 15:17:44] - https://xyzbz.cn/feed
[2026-05-11 17:57:29] 本次订阅抓取结果统计:
[2026-05-11 17:57:29] 共 28 条RSS, 成功抓取 23 条.
[2026-05-11 17:57:29] ✘ 有 5 条订阅解析失败:
[2026-05-11 17:57:29] - https://blog.pursuitus.com/feed
[2026-05-11 17:57:29] - https://geekinney.com/index.xml
[2026-05-11 17:57:29] - https://tcxx.info/feed
[2026-05-11 17:57:29] - https://tumutanzi.com/feed
[2026-05-11 17:57:29] - https://www.shephe.com/feed
[2026-05-11 17:57:29] ✘ 有 4 条订阅头像无法访问, 已使用默认头像:
[2026-05-11 17:57:29] - https://hwv430.blogspot.com/feeds/posts/default
[2026-05-11 17:57:29] - https://www.loyhome.com/feed
[2026-05-11 17:57:29] - http://feeds.feedburner.com/ruanyifeng
[2026-05-11 17:57:29] - https://xyzbz.cn/feed
[2026-05-11 19:57:31] 本次订阅抓取结果统计:
[2026-05-11 19:57:31] 共 28 条RSS, 成功抓取 23 条.
[2026-05-11 19:57:31] ✘ 有 5 条订阅解析失败:
[2026-05-11 19:57:31] - https://blog.pursuitus.com/feed
[2026-05-11 19:57:31] - https://geekinney.com/index.xml
[2026-05-11 19:57:31] - https://tcxx.info/feed
[2026-05-11 19:57:31] - https://tumutanzi.com/feed
[2026-05-11 19:57:31] - https://www.shephe.com/feed
[2026-05-11 19:57:31] ✘ 有 3 条订阅头像无法访问, 已使用默认头像:
[2026-05-11 19:57:31] - https://www.loyhome.com/feed
[2026-05-11 19:57:31] - https://xyzbz.cn/feed
[2026-05-11 19:57:31] - http://feeds.feedburner.com/ruanyifeng
[2026-05-11 21:24:04] 本次订阅抓取结果统计:
[2026-05-11 21:24:04] 共 28 条RSS, 成功抓取 23 条.
[2026-05-11 21:24:04] ✘ 有 5 条订阅解析失败:
[2026-05-11 21:24:04] - https://blog.pursuitus.com/feed
[2026-05-11 21:24:04] - https://geekinney.com/index.xml
[2026-05-11 21:24:04] - https://tcxx.info/feed
[2026-05-11 21:24:04] - https://tumutanzi.com/feed
[2026-05-11 21:24:04] - https://www.shephe.com/feed
[2026-05-11 21:24:04] ✘ 有 3 条订阅头像无法访问, 已使用默认头像:
[2026-05-11 21:24:04] - https://www.loyhome.com/feed
[2026-05-11 21:24:04] - https://xyzbz.cn/feed
[2026-05-11 21:24:04] - http://feeds.feedburner.com/ruanyifeng
[2026-05-11 22:57:52] 本次订阅抓取结果统计:
[2026-05-11 22:57:52] 共 28 条RSS, 成功抓取 23 条.
[2026-05-11 22:57:52] ✘ 有 5 条订阅解析失败:
[2026-05-11 22:57:52] - https://blog.pursuitus.com/feed
[2026-05-11 22:57:52] - https://geekinney.com/index.xml
[2026-05-11 22:57:52] - https://tcxx.info/feed
[2026-05-11 22:57:52] - https://tumutanzi.com/feed
[2026-05-11 22:57:52] - https://www.shephe.com/feed
[2026-05-11 22:57:52] ✘ 有 3 条订阅头像无法访问, 已使用默认头像:
[2026-05-11 22:57:52] - https://www.loyhome.com/feed
[2026-05-11 22:57:52] - https://xyzbz.cn/feed
[2026-05-11 22:57:52] - http://feeds.feedburner.com/ruanyifeng
