[2026-02-19 02:31:58] 本次订阅抓取结果统计:
[2026-02-19 02:31:58] 共 28 条RSS, 成功抓取 24 条.
[2026-02-19 02:31:58] ✘ 有 4 条订阅解析失败:
[2026-02-19 02:31:58] - https://blog.pursuitus.com/feed
[2026-02-19 02:31:58] - https://tcxx.info/feed
[2026-02-19 02:31:58] - https://tumutanzi.com/feed
[2026-02-19 02:31:58] - https://geekinney.com/index.xml
[2026-02-19 02:31:58] ✘ 有 1 条订阅头像无法访问, 已使用默认头像:
[2026-02-19 02:31:58] - http://feeds.feedburner.com/ruanyifeng
[2026-02-19 04:55:41] 本次订阅抓取结果统计:
[2026-02-19 04:55:41] 共 28 条RSS, 成功抓取 24 条.
[2026-02-19 04:55:41] ✘ 有 4 条订阅解析失败:
[2026-02-19 04:55:41] - https://blog.pursuitus.com/feed
[2026-02-19 04:55:41] - https://tumutanzi.com/feed
[2026-02-19 04:55:41] - https://tcxx.info/feed
[2026-02-19 04:55:41] - https://geekinney.com/index.xml
[2026-02-19 04:55:41] ✘ 有 1 条订阅头像无法访问, 已使用默认头像:
[2026-02-19 04:55:41] - http://feeds.feedburner.com/ruanyifeng
[2026-02-19 06:01:58] 本次订阅抓取结果统计:
[2026-02-19 06:01:58] 共 28 条RSS, 成功抓取 24 条.
[2026-02-19 06:01:58] ✘ 有 4 条订阅解析失败:
[2026-02-19 06:01:58] - https://blog.pursuitus.com/feed
[2026-02-19 06:01:58] - https://tcxx.info/feed
[2026-02-19 06:01:58] - https://tumutanzi.com/feed
[2026-02-19 06:01:58] - https://geekinney.com/index.xml
[2026-02-19 06:01:58] ✘ 有 1 条订阅头像无法访问, 已使用默认头像:
[2026-02-19 06:01:58] - http://feeds.feedburner.com/ruanyifeng
