[2026-01-14 02:03:42] 本次订阅抓取结果统计:
[2026-01-14 02:03:42] 共 28 条RSS, 成功抓取 23 条.
[2026-01-14 02:03:42] ✘ 有 5 条订阅解析失败:
[2026-01-14 02:03:42] - https://oba.by/feed
[2026-01-14 02:03:42] - https://blog.pursuitus.com/feed
[2026-01-14 02:03:42] - https://tcxx.info/feed
[2026-01-14 02:03:42] - https://tumutanzi.com/feed
[2026-01-14 02:03:42] - https://geekinney.com/index.xml
[2026-01-14 02:03:42] ✘ 有 1 条订阅头像无法访问, 已使用默认头像:
[2026-01-14 02:03:42] - http://feeds.feedburner.com/ruanyifeng
[2026-01-14 04:10:02] 本次订阅抓取结果统计:
[2026-01-14 04:10:02] 共 28 条RSS, 成功抓取 23 条.
[2026-01-14 04:10:02] ✘ 有 5 条订阅解析失败:
[2026-01-14 04:10:02] - https://oba.by/feed
[2026-01-14 04:10:02] - https://blog.pursuitus.com/feed
[2026-01-14 04:10:02] - https://tcxx.info/feed
[2026-01-14 04:10:02] - https://tumutanzi.com/feed
[2026-01-14 04:10:02] - https://geekinney.com/index.xml
[2026-01-14 04:10:02] ✘ 有 1 条订阅头像无法访问, 已使用默认头像:
[2026-01-14 04:10:02] - http://feeds.feedburner.com/ruanyifeng
[2026-01-14 05:28:03] 本次订阅抓取结果统计:
[2026-01-14 05:28:03] 共 28 条RSS, 成功抓取 23 条.
[2026-01-14 05:28:03] ✘ 有 5 条订阅解析失败:
[2026-01-14 05:28:03] - https://oba.by/feed
[2026-01-14 05:28:03] - https://blog.pursuitus.com/feed
[2026-01-14 05:28:03] - https://tumutanzi.com/feed
[2026-01-14 05:28:03] - https://tcxx.info/feed
[2026-01-14 05:28:03] - https://geekinney.com/index.xml
[2026-01-14 05:28:03] ✘ 有 1 条订阅头像无法访问, 已使用默认头像:
[2026-01-14 05:28:03] - http://feeds.feedburner.com/ruanyifeng
[2026-01-14 06:39:21] 本次订阅抓取结果统计:
[2026-01-14 06:39:21] 共 28 条RSS, 成功抓取 23 条.
[2026-01-14 06:39:21] ✘ 有 5 条订阅解析失败:
[2026-01-14 06:39:21] - https://oba.by/feed
[2026-01-14 06:39:21] - https://blog.pursuitus.com/feed
[2026-01-14 06:39:21] - https://tcxx.info/feed
[2026-01-14 06:39:21] - https://tumutanzi.com/feed
[2026-01-14 06:39:21] - https://geekinney.com/index.xml
[2026-01-14 06:39:21] ✘ 有 1 条订阅头像无法访问, 已使用默认头像:
[2026-01-14 06:39:21] - http://feeds.feedburner.com/ruanyifeng
[2026-01-14 07:29:30] 本次订阅抓取结果统计:
[2026-01-14 07:29:30] 共 28 条RSS, 成功抓取 22 条.
[2026-01-14 07:29:30] ✘ 有 6 条订阅解析失败:
[2026-01-14 07:29:30] - https://oba.by/feed
[2026-01-14 07:29:30] - https://blog.pursuitus.com/feed
[2026-01-14 07:29:30] - https://tcxx.info/feed
[2026-01-14 07:29:30] - https://tumutanzi.com/feed
[2026-01-14 07:29:30] - https://geekinney.com/index.xml
[2026-01-14 07:29:30] - https://wangpei.net/feed
[2026-01-14 07:29:30] ✘ 有 1 条订阅头像无法访问, 已使用默认头像:
[2026-01-14 07:29:30] - http://feeds.feedburner.com/ruanyifeng
[2026-01-14 08:35:35] 本次订阅抓取结果统计:
[2026-01-14 08:35:35] 共 28 条RSS, 成功抓取 23 条.
[2026-01-14 08:35:35] ✘ 有 5 条订阅解析失败:
[2026-01-14 08:35:35] - https://oba.by/feed
[2026-01-14 08:35:35] - https://blog.pursuitus.com/feed
[2026-01-14 08:35:35] - https://tcxx.info/feed
[2026-01-14 08:35:35] - https://tumutanzi.com/feed
[2026-01-14 08:35:35] - https://geekinney.com/index.xml
[2026-01-14 08:35:35] ✘ 有 1 条订阅头像无法访问, 已使用默认头像:
[2026-01-14 08:35:35] - http://feeds.feedburner.com/ruanyifeng
[2026-01-14 09:33:19] 本次订阅抓取结果统计:
[2026-01-14 09:33:19] 共 28 条RSS, 成功抓取 23 条.
[2026-01-14 09:33:19] ✘ 有 5 条订阅解析失败:
[2026-01-14 09:33:19] - https://oba.by/feed
[2026-01-14 09:33:19] - https://blog.pursuitus.com/feed
[2026-01-14 09:33:19] - https://tumutanzi.com/feed
[2026-01-14 09:33:19] - https://tcxx.info/feed
[2026-01-14 09:33:19] - https://geekinney.com/index.xml
[2026-01-14 09:33:19] ✘ 有 3 条订阅头像无法访问, 已使用默认头像:
[2026-01-14 09:33:19] - http://feeds.feedburner.com/ruanyifeng
[2026-01-14 09:33:19] - https://www.loyhome.com/feed
[2026-01-14 09:33:19] - https://xyzbz.cn/feed
[2026-01-14 10:29:51] 本次订阅抓取结果统计:
[2026-01-14 10:29:51] 共 28 条RSS, 成功抓取 23 条.
[2026-01-14 10:29:51] ✘ 有 5 条订阅解析失败:
[2026-01-14 10:29:51] - https://oba.by/feed
[2026-01-14 10:29:51] - https://blog.pursuitus.com/feed
[2026-01-14 10:29:51] - https://tumutanzi.com/feed
[2026-01-14 10:29:51] - https://tcxx.info/feed
[2026-01-14 10:29:51] - https://geekinney.com/index.xml
[2026-01-14 10:29:51] ✘ 有 1 条订阅头像无法访问, 已使用默认头像:
[2026-01-14 10:29:51] - http://feeds.feedburner.com/ruanyifeng
[2026-01-14 11:24:50] 本次订阅抓取结果统计:
[2026-01-14 11:24:50] 共 28 条RSS, 成功抓取 23 条.
[2026-01-14 11:24:50] ✘ 有 5 条订阅解析失败:
[2026-01-14 11:24:50] - https://blog.pursuitus.com/feed
[2026-01-14 11:24:50] - https://oba.by/feed
[2026-01-14 11:24:50] - https://tcxx.info/feed
[2026-01-14 11:24:50] - https://tumutanzi.com/feed
[2026-01-14 11:24:50] - https://geekinney.com/index.xml
[2026-01-14 11:24:50] ✘ 有 2 条订阅头像无法访问, 已使用默认头像:
[2026-01-14 11:24:50] - http://feeds.feedburner.com/ruanyifeng
[2026-01-14 11:24:50] - https://xyzbz.cn/feed
[2026-01-14 12:55:03] 本次订阅抓取结果统计:
[2026-01-14 12:55:03] 共 28 条RSS, 成功抓取 23 条.
[2026-01-14 12:55:03] ✘ 有 5 条订阅解析失败:
[2026-01-14 12:55:03] - https://oba.by/feed
[2026-01-14 12:55:03] - https://blog.pursuitus.com/feed
[2026-01-14 12:55:03] - https://tcxx.info/feed
[2026-01-14 12:55:03] - https://tumutanzi.com/feed
[2026-01-14 12:55:03] - https://geekinney.com/index.xml
[2026-01-14 12:55:03] ✘ 有 1 条订阅头像无法访问, 已使用默认头像:
[2026-01-14 12:55:03] - http://feeds.feedburner.com/ruanyifeng
[2026-01-14 13:42:40] 本次订阅抓取结果统计:
[2026-01-14 13:42:40] 共 28 条RSS, 成功抓取 23 条.
[2026-01-14 13:42:40] ✘ 有 5 条订阅解析失败:
[2026-01-14 13:42:40] - https://blog.pursuitus.com/feed
[2026-01-14 13:42:40] - https://oba.by/feed
[2026-01-14 13:42:40] - https://tcxx.info/feed
[2026-01-14 13:42:40] - https://tumutanzi.com/feed
[2026-01-14 13:42:40] - https://geekinney.com/index.xml
[2026-01-14 13:42:40] ✘ 有 1 条订阅头像无法访问, 已使用默认头像:
[2026-01-14 13:42:40] - http://feeds.feedburner.com/ruanyifeng
[2026-01-14 14:29:08] 本次订阅抓取结果统计:
[2026-01-14 14:29:08] 共 28 条RSS, 成功抓取 23 条.
[2026-01-14 14:29:08] ✘ 有 5 条订阅解析失败:
[2026-01-14 14:29:08] - https://oba.by/feed
[2026-01-14 14:29:08] - https://blog.pursuitus.com/feed
[2026-01-14 14:29:08] - https://tcxx.info/feed
[2026-01-14 14:29:08] - https://tumutanzi.com/feed
[2026-01-14 14:29:08] - https://geekinney.com/index.xml
[2026-01-14 14:29:08] ✘ 有 2 条订阅头像无法访问, 已使用默认头像:
[2026-01-14 14:29:08] - http://feeds.feedburner.com/ruanyifeng
[2026-01-14 14:29:08] - https://www.loyhome.com/feed
[2026-01-14 15:29:57] 本次订阅抓取结果统计:
[2026-01-14 15:29:57] 共 28 条RSS, 成功抓取 23 条.
[2026-01-14 15:29:57] ✘ 有 5 条订阅解析失败:
[2026-01-14 15:29:57] - https://oba.by/feed
[2026-01-14 15:29:57] - https://blog.pursuitus.com/feed
[2026-01-14 15:29:57] - https://tcxx.info/feed
[2026-01-14 15:29:57] - https://tumutanzi.com/feed
[2026-01-14 15:29:57] - https://geekinney.com/index.xml
[2026-01-14 15:29:57] ✘ 有 1 条订阅头像无法访问, 已使用默认头像:
[2026-01-14 15:29:57] - http://feeds.feedburner.com/ruanyifeng
[2026-01-14 16:35:45] 本次订阅抓取结果统计:
[2026-01-14 16:35:45] 共 28 条RSS, 成功抓取 23 条.
[2026-01-14 16:35:45] ✘ 有 5 条订阅解析失败:
[2026-01-14 16:35:45] - https://oba.by/feed
[2026-01-14 16:35:45] - https://blog.pursuitus.com/feed
[2026-01-14 16:35:45] - https://tumutanzi.com/feed
[2026-01-14 16:35:45] - https://tcxx.info/feed
[2026-01-14 16:35:45] - https://geekinney.com/index.xml
[2026-01-14 16:35:45] ✘ 有 1 条订阅头像无法访问, 已使用默认头像:
[2026-01-14 16:35:45] - http://feeds.feedburner.com/ruanyifeng
[2026-01-14 17:29:50] 本次订阅抓取结果统计:
[2026-01-14 17:29:50] 共 28 条RSS, 成功抓取 23 条.
[2026-01-14 17:29:50] ✘ 有 5 条订阅解析失败:
[2026-01-14 17:29:50] - https://oba.by/feed
[2026-01-14 17:29:50] - https://blog.pursuitus.com/feed
[2026-01-14 17:29:50] - https://tcxx.info/feed
[2026-01-14 17:29:50] - https://tumutanzi.com/feed
[2026-01-14 17:29:50] - https://geekinney.com/index.xml
[2026-01-14 17:29:50] ✘ 有 1 条订阅头像无法访问, 已使用默认头像:
[2026-01-14 17:29:50] - http://feeds.feedburner.com/ruanyifeng
[2026-01-14 18:38:24] 本次订阅抓取结果统计:
[2026-01-14 18:38:24] 共 28 条RSS, 成功抓取 23 条.
[2026-01-14 18:38:24] ✘ 有 5 条订阅解析失败:
[2026-01-14 18:38:24] - https://oba.by/feed
[2026-01-14 18:38:24] - https://blog.pursuitus.com/feed
[2026-01-14 18:38:24] - https://tcxx.info/feed
[2026-01-14 18:38:24] - https://tumutanzi.com/feed
[2026-01-14 18:38:24] - https://geekinney.com/index.xml
[2026-01-14 18:38:24] ✘ 有 1 条订阅头像无法访问, 已使用默认头像:
[2026-01-14 18:38:24] - http://feeds.feedburner.com/ruanyifeng
[2026-01-14 19:22:26] 本次订阅抓取结果统计:
[2026-01-14 19:22:26] 共 28 条RSS, 成功抓取 23 条.
[2026-01-14 19:22:26] ✘ 有 5 条订阅解析失败:
[2026-01-14 19:22:26] - https://oba.by/feed
[2026-01-14 19:22:26] - https://blog.pursuitus.com/feed
[2026-01-14 19:22:26] - https://tcxx.info/feed
[2026-01-14 19:22:26] - https://tumutanzi.com/feed
[2026-01-14 19:22:26] - https://geekinney.com/index.xml
[2026-01-14 19:22:26] ✘ 有 1 条订阅头像无法访问, 已使用默认头像:
[2026-01-14 19:22:26] - http://feeds.feedburner.com/ruanyifeng
[2026-01-14 20:25:44] 本次订阅抓取结果统计:
[2026-01-14 20:25:44] 共 28 条RSS, 成功抓取 23 条.
[2026-01-14 20:25:44] ✘ 有 5 条订阅解析失败:
[2026-01-14 20:25:44] - https://oba.by/feed
[2026-01-14 20:25:44] - https://blog.pursuitus.com/feed
[2026-01-14 20:25:44] - https://tcxx.info/feed
[2026-01-14 20:25:44] - https://tumutanzi.com/feed
[2026-01-14 20:25:44] - https://geekinney.com/index.xml
[2026-01-14 20:25:44] ✘ 有 1 条订阅头像无法访问, 已使用默认头像:
[2026-01-14 20:25:44] - http://feeds.feedburner.com/ruanyifeng
