[2026-02-11 02:40:55] 本次订阅抓取结果统计:
[2026-02-11 02:40:55] 共 28 条RSS, 成功抓取 23 条.
[2026-02-11 02:40:55] ✘ 有 5 条订阅解析失败:
[2026-02-11 02:40:55] - https://blog.pursuitus.com/feed
[2026-02-11 02:40:55] - https://tcxx.info/feed
[2026-02-11 02:40:55] - https://tumutanzi.com/feed
[2026-02-11 02:40:55] - https://geekinney.com/index.xml
[2026-02-11 02:40:55] - https://wangpei.net/feed
[2026-02-11 02:40:55] ✘ 有 1 条订阅头像无法访问, 已使用默认头像:
[2026-02-11 02:40:55] - http://feeds.feedburner.com/ruanyifeng
[2026-02-11 05:05:38] 本次订阅抓取结果统计:
[2026-02-11 05:05:38] 共 28 条RSS, 成功抓取 24 条.
[2026-02-11 05:05:38] ✘ 有 4 条订阅解析失败:
[2026-02-11 05:05:38] - https://blog.pursuitus.com/feed
[2026-02-11 05:05:38] - https://tumutanzi.com/feed
[2026-02-11 05:05:38] - https://tcxx.info/feed
[2026-02-11 05:05:38] - https://geekinney.com/index.xml
[2026-02-11 05:05:38] ✘ 有 1 条订阅头像无法访问, 已使用默认头像:
[2026-02-11 05:05:38] - http://feeds.feedburner.com/ruanyifeng
[2026-02-11 07:06:01] 本次订阅抓取结果统计:
[2026-02-11 07:06:01] 共 28 条RSS, 成功抓取 24 条.
[2026-02-11 07:06:01] ✘ 有 4 条订阅解析失败:
[2026-02-11 07:06:01] - https://blog.pursuitus.com/feed
[2026-02-11 07:06:01] - https://tcxx.info/feed
[2026-02-11 07:06:01] - https://tumutanzi.com/feed
[2026-02-11 07:06:01] - https://geekinney.com/index.xml
[2026-02-11 07:06:01] ✘ 有 1 条订阅头像无法访问, 已使用默认头像:
[2026-02-11 07:06:01] - http://feeds.feedburner.com/ruanyifeng
[2026-02-11 08:57:09] 本次订阅抓取结果统计:
[2026-02-11 08:57:09] 共 28 条RSS, 成功抓取 24 条.
[2026-02-11 08:57:09] ✘ 有 4 条订阅解析失败:
[2026-02-11 08:57:09] - https://blog.pursuitus.com/feed
[2026-02-11 08:57:09] - https://tumutanzi.com/feed
[2026-02-11 08:57:09] - https://tcxx.info/feed
[2026-02-11 08:57:09] - https://geekinney.com/index.xml
[2026-02-11 08:57:09] ✘ 有 1 条订阅头像无法访问, 已使用默认头像:
[2026-02-11 08:57:09] - http://feeds.feedburner.com/ruanyifeng
[2026-02-11 09:56:48] 本次订阅抓取结果统计:
[2026-02-11 09:56:48] 共 28 条RSS, 成功抓取 24 条.
[2026-02-11 09:56:48] ✘ 有 4 条订阅解析失败:
[2026-02-11 09:56:48] - https://blog.pursuitus.com/feed
[2026-02-11 09:56:48] - https://tcxx.info/feed
[2026-02-11 09:56:48] - https://tumutanzi.com/feed
[2026-02-11 09:56:48] - https://geekinney.com/index.xml
[2026-02-11 09:56:48] ✘ 有 2 条订阅头像无法访问, 已使用默认头像:
[2026-02-11 09:56:48] - http://feeds.feedburner.com/ruanyifeng
[2026-02-11 09:56:48] - https://www.loyhome.com/feed
[2026-02-11 10:57:11] 本次订阅抓取结果统计:
[2026-02-11 10:57:11] 共 28 条RSS, 成功抓取 24 条.
[2026-02-11 10:57:11] ✘ 有 4 条订阅解析失败:
[2026-02-11 10:57:11] - https://blog.pursuitus.com/feed
[2026-02-11 10:57:11] - https://tcxx.info/feed
[2026-02-11 10:57:11] - https://tumutanzi.com/feed
[2026-02-11 10:57:11] - https://geekinney.com/index.xml
[2026-02-11 10:57:11] ✘ 有 1 条订阅头像无法访问, 已使用默认头像:
[2026-02-11 10:57:11] - http://feeds.feedburner.com/ruanyifeng
[2026-02-11 11:50:36] 本次订阅抓取结果统计:
[2026-02-11 11:50:36] 共 28 条RSS, 成功抓取 24 条.
[2026-02-11 11:50:36] ✘ 有 4 条订阅解析失败:
[2026-02-11 11:50:36] - https://blog.pursuitus.com/feed
[2026-02-11 11:50:36] - https://tumutanzi.com/feed
[2026-02-11 11:50:36] - https://tcxx.info/feed
[2026-02-11 11:50:36] - https://geekinney.com/index.xml
[2026-02-11 11:50:36] ✘ 有 1 条订阅头像无法访问, 已使用默认头像:
[2026-02-11 11:50:36] - http://feeds.feedburner.com/ruanyifeng
[2026-02-11 13:18:46] 本次订阅抓取结果统计:
[2026-02-11 13:18:46] 共 28 条RSS, 成功抓取 24 条.
[2026-02-11 13:18:46] ✘ 有 4 条订阅解析失败:
[2026-02-11 13:18:46] - https://blog.pursuitus.com/feed
[2026-02-11 13:18:46] - https://tumutanzi.com/feed
[2026-02-11 13:18:46] - https://tcxx.info/feed
[2026-02-11 13:18:46] - https://geekinney.com/index.xml
[2026-02-11 13:18:46] ✘ 有 1 条订阅头像无法访问, 已使用默认头像:
[2026-02-11 13:18:46] - http://feeds.feedburner.com/ruanyifeng
[2026-02-11 14:56:47] 本次订阅抓取结果统计:
[2026-02-11 14:56:47] 共 28 条RSS, 成功抓取 24 条.
[2026-02-11 14:56:47] ✘ 有 4 条订阅解析失败:
[2026-02-11 14:56:47] - https://blog.pursuitus.com/feed
[2026-02-11 14:56:47] - https://tcxx.info/feed
[2026-02-11 14:56:47] - https://tumutanzi.com/feed
[2026-02-11 14:56:47] - https://geekinney.com/index.xml
[2026-02-11 14:56:47] ✘ 有 1 条订阅头像无法访问, 已使用默认头像:
[2026-02-11 14:56:47] - http://feeds.feedburner.com/ruanyifeng
[2026-02-11 16:07:12] 本次订阅抓取结果统计:
[2026-02-11 16:07:12] 共 28 条RSS, 成功抓取 24 条.
[2026-02-11 16:07:12] ✘ 有 4 条订阅解析失败:
[2026-02-11 16:07:12] - https://blog.pursuitus.com/feed
[2026-02-11 16:07:12] - https://tcxx.info/feed
[2026-02-11 16:07:12] - https://tumutanzi.com/feed
[2026-02-11 16:07:12] - https://geekinney.com/index.xml
[2026-02-11 16:07:12] ✘ 有 1 条订阅头像无法访问, 已使用默认头像:
[2026-02-11 16:07:12] - http://feeds.feedburner.com/ruanyifeng
[2026-02-11 17:58:23] 本次订阅抓取结果统计:
[2026-02-11 17:58:23] 共 28 条RSS, 成功抓取 24 条.
[2026-02-11 17:58:23] ✘ 有 4 条订阅解析失败:
[2026-02-11 17:58:23] - https://blog.pursuitus.com/feed
[2026-02-11 17:58:23] - https://tcxx.info/feed
[2026-02-11 17:58:23] - https://tumutanzi.com/feed
[2026-02-11 17:58:23] - https://geekinney.com/index.xml
[2026-02-11 17:58:23] ✘ 有 1 条订阅头像无法访问, 已使用默认头像:
[2026-02-11 17:58:23] - http://feeds.feedburner.com/ruanyifeng
[2026-02-11 19:15:37] 本次订阅抓取结果统计:
[2026-02-11 19:15:37] 共 28 条RSS, 成功抓取 24 条.
[2026-02-11 19:15:37] ✘ 有 4 条订阅解析失败:
[2026-02-11 19:15:37] - https://blog.pursuitus.com/feed
[2026-02-11 19:15:37] - https://tcxx.info/feed
[2026-02-11 19:15:37] - https://tumutanzi.com/feed
[2026-02-11 19:15:37] - https://geekinney.com/index.xml
[2026-02-11 19:15:37] ✘ 有 5 条订阅头像无法访问, 已使用默认头像:
[2026-02-11 19:15:37] - https://xyzbz.cn/feed
[2026-02-11 19:15:37] - https://blog.ursb.me/feed.xml
[2026-02-11 19:15:37] - https://oba.by/feed
[2026-02-11 19:15:37] - https://wangpei.net/feed
[2026-02-11 19:15:37] - http://feeds.feedburner.com/ruanyifeng
[2026-02-11 20:42:53] 本次订阅抓取结果统计:
[2026-02-11 20:42:53] 共 28 条RSS, 成功抓取 23 条.
[2026-02-11 20:42:53] ✘ 有 5 条订阅解析失败:
[2026-02-11 20:42:53] - https://blog.pursuitus.com/feed
[2026-02-11 20:42:53] - https://tumutanzi.com/feed
[2026-02-11 20:42:53] - https://tcxx.info/feed
[2026-02-11 20:42:53] - https://geekinney.com/index.xml
[2026-02-11 20:42:53] - https://wangpei.net/feed
[2026-02-11 20:42:53] ✘ 有 1 条订阅头像无法访问, 已使用默认头像:
[2026-02-11 20:42:53] - http://feeds.feedburner.com/ruanyifeng
[2026-02-11 21:36:38] 本次订阅抓取结果统计:
[2026-02-11 21:36:38] 共 28 条RSS, 成功抓取 24 条.
[2026-02-11 21:36:38] ✘ 有 4 条订阅解析失败:
[2026-02-11 21:36:38] - https://blog.pursuitus.com/feed
[2026-02-11 21:36:38] - https://tcxx.info/feed
[2026-02-11 21:36:38] - https://tumutanzi.com/feed
[2026-02-11 21:36:38] - https://geekinney.com/index.xml
[2026-02-11 21:36:38] ✘ 有 1 条订阅头像无法访问, 已使用默认头像:
[2026-02-11 21:36:38] - http://feeds.feedburner.com/ruanyifeng
