[2026-06-14 00:10:44] 本次订阅抓取结果统计:
[2026-06-14 00:10:44] 共 28 条RSS, 成功抓取 23 条.
[2026-06-14 00:10:44] ✘ 有 5 条订阅解析失败:
[2026-06-14 00:10:44] - https://blog.pursuitus.com/feed
[2026-06-14 00:10:44] - https://geekinney.com/index.xml
[2026-06-14 00:10:44] - https://tcxx.info/feed
[2026-06-14 00:10:44] - https://tumutanzi.com/feed
[2026-06-14 00:10:44] - https://www.shephe.com/feed
[2026-06-14 00:10:44] ✘ 有 3 条订阅头像无法访问, 已使用默认头像:
[2026-06-14 00:10:44] - https://www.loyhome.com/feed
[2026-06-14 00:10:44] - http://feeds.feedburner.com/ruanyifeng
[2026-06-14 00:10:44] - https://xyzbz.cn/feed
[2026-06-14 05:52:10] 本次订阅抓取结果统计:
[2026-06-14 05:52:10] 共 28 条RSS, 成功抓取 23 条.
[2026-06-14 05:52:10] ✘ 有 5 条订阅解析失败:
[2026-06-14 05:52:10] - https://blog.pursuitus.com/feed
[2026-06-14 05:52:10] - https://geekinney.com/index.xml
[2026-06-14 05:52:10] - https://tcxx.info/feed
[2026-06-14 05:52:10] - https://tumutanzi.com/feed
[2026-06-14 05:52:10] - https://www.shephe.com/feed
[2026-06-14 05:52:10] ✘ 有 3 条订阅头像无法访问, 已使用默认头像:
[2026-06-14 05:52:10] - https://www.loyhome.com/feed
[2026-06-14 05:52:10] - http://feeds.feedburner.com/ruanyifeng
[2026-06-14 05:52:10] - https://xyzbz.cn/feed
[2026-06-14 09:39:53] 本次订阅抓取结果统计:
[2026-06-14 09:39:53] 共 28 条RSS, 成功抓取 23 条.
[2026-06-14 09:39:53] ✘ 有 5 条订阅解析失败:
[2026-06-14 09:39:53] - https://blog.pursuitus.com/feed
[2026-06-14 09:39:53] - https://www.shephe.com/feed
[2026-06-14 09:39:53] - https://geekinney.com/index.xml
[2026-06-14 09:39:53] - https://tcxx.info/feed
[2026-06-14 09:39:53] - https://tumutanzi.com/feed
[2026-06-14 09:39:53] ✘ 有 2 条订阅头像无法访问, 已使用默认头像:
[2026-06-14 09:39:53] - https://www.loyhome.com/feed
[2026-06-14 09:39:53] - http://feeds.feedburner.com/ruanyifeng
