[2026-06-26 04:00:41] 本次订阅抓取结果统计:
[2026-06-26 04:00:41] 共 28 条RSS, 成功抓取 23 条.
[2026-06-26 04:00:41] ✘ 有 5 条订阅解析失败:
[2026-06-26 04:00:41] - https://blog.pursuitus.com/feed
[2026-06-26 04:00:41] - https://geekinney.com/index.xml
[2026-06-26 04:00:41] - https://tcxx.info/feed
[2026-06-26 04:00:41] - https://tumutanzi.com/feed
[2026-06-26 04:00:41] - https://www.shephe.com/feed
[2026-06-26 04:00:41] ✘ 有 3 条订阅头像无法访问, 已使用默认头像:
[2026-06-26 04:00:41] - https://www.loyhome.com/feed
[2026-06-26 04:00:41] - https://xyzbz.cn/feed
[2026-06-26 04:00:41] - http://feeds.feedburner.com/ruanyifeng
[2026-06-26 08:30:53] 本次订阅抓取结果统计:
[2026-06-26 08:30:53] 共 28 条RSS, 成功抓取 24 条.
[2026-06-26 08:30:53] ✘ 有 4 条订阅解析失败:
[2026-06-26 08:30:53] - https://blog.pursuitus.com/feed
[2026-06-26 08:30:53] - https://geekinney.com/index.xml
[2026-06-26 08:30:53] - https://tcxx.info/feed
[2026-06-26 08:30:53] - https://www.shephe.com/feed
[2026-06-26 08:30:53] ✘ 有 3 条订阅头像无法访问, 已使用默认头像:
[2026-06-26 08:30:53] - https://www.loyhome.com/feed
[2026-06-26 08:30:53] - http://feeds.feedburner.com/ruanyifeng
[2026-06-26 08:30:53] - https://xyzbz.cn/feed
[2026-06-26 11:46:02] 本次订阅抓取结果统计:
[2026-06-26 11:46:02] 共 28 条RSS, 成功抓取 24 条.
[2026-06-26 11:46:02] ✘ 有 4 条订阅解析失败:
[2026-06-26 11:46:02] - https://blog.pursuitus.com/feed
[2026-06-26 11:46:02] - https://geekinney.com/index.xml
[2026-06-26 11:46:02] - https://tcxx.info/feed
[2026-06-26 11:46:02] - https://www.shephe.com/feed
[2026-06-26 11:46:02] ✘ 有 3 条订阅头像无法访问, 已使用默认头像:
[2026-06-26 11:46:02] - https://www.loyhome.com/feed
[2026-06-26 11:46:02] - http://feeds.feedburner.com/ruanyifeng
[2026-06-26 11:46:02] - https://xyzbz.cn/feed
[2026-06-26 14:31:14] 本次订阅抓取结果统计:
[2026-06-26 14:31:14] 共 28 条RSS, 成功抓取 24 条.
[2026-06-26 14:31:14] ✘ 有 4 条订阅解析失败:
[2026-06-26 14:31:14] - https://blog.pursuitus.com/feed
[2026-06-26 14:31:14] - https://geekinney.com/index.xml
[2026-06-26 14:31:14] - https://tcxx.info/feed
[2026-06-26 14:31:14] - https://www.shephe.com/feed
[2026-06-26 14:31:14] ✘ 有 3 条订阅头像无法访问, 已使用默认头像:
[2026-06-26 14:31:14] - https://www.loyhome.com/feed
[2026-06-26 14:31:14] - http://feeds.feedburner.com/ruanyifeng
[2026-06-26 14:31:14] - https://xyzbz.cn/feed
[2026-06-26 17:02:10] 本次订阅抓取结果统计:
[2026-06-26 17:02:10] 共 28 条RSS, 成功抓取 24 条.
[2026-06-26 17:02:10] ✘ 有 4 条订阅解析失败:
[2026-06-26 17:02:10] - https://blog.pursuitus.com/feed
[2026-06-26 17:02:10] - https://geekinney.com/index.xml
[2026-06-26 17:02:10] - https://tcxx.info/feed
[2026-06-26 17:02:10] - https://www.shephe.com/feed
[2026-06-26 17:02:10] ✘ 有 3 条订阅头像无法访问, 已使用默认头像:
[2026-06-26 17:02:10] - https://www.loyhome.com/feed
[2026-06-26 17:02:10] - https://xyzbz.cn/feed
[2026-06-26 17:02:10] - http://feeds.feedburner.com/ruanyifeng
