[2026-01-09 02:00:10] 本次订阅抓取结果统计:
[2026-01-09 02:00:10] 共 28 条RSS, 成功抓取 25 条.
[2026-01-09 02:00:10] ✘ 有 3 条订阅解析失败:
[2026-01-09 02:00:10] - https://tumutanzi.com/feed
[2026-01-09 02:00:10] - https://tcxx.info/feed
[2026-01-09 02:00:10] - https://geekinney.com/index.xml
[2026-01-09 02:00:10] ✘ 有 2 条订阅头像无法访问, 已使用默认头像:
[2026-01-09 02:00:10] - https://oba.by/feed
[2026-01-09 02:00:10] - http://feeds.feedburner.com/ruanyifeng
[2026-01-09 03:45:31] 本次订阅抓取结果统计:
[2026-01-09 03:45:31] 共 28 条RSS, 成功抓取 25 条.
[2026-01-09 03:45:31] ✘ 有 3 条订阅解析失败:
[2026-01-09 03:45:31] - https://tumutanzi.com/feed
[2026-01-09 03:45:31] - https://tcxx.info/feed
[2026-01-09 03:45:31] - https://geekinney.com/index.xml
[2026-01-09 03:45:31] ✘ 有 2 条订阅头像无法访问, 已使用默认头像:
[2026-01-09 03:45:31] - https://oba.by/feed
[2026-01-09 03:45:31] - http://feeds.feedburner.com/ruanyifeng
[2026-01-09 04:43:00] 本次订阅抓取结果统计:
[2026-01-09 04:43:00] 共 28 条RSS, 成功抓取 25 条.
[2026-01-09 04:43:00] ✘ 有 3 条订阅解析失败:
[2026-01-09 04:43:00] - https://tcxx.info/feed
[2026-01-09 04:43:00] - https://tumutanzi.com/feed
[2026-01-09 04:43:00] - https://geekinney.com/index.xml
[2026-01-09 04:43:00] ✘ 有 2 条订阅头像无法访问, 已使用默认头像:
[2026-01-09 04:43:00] - https://oba.by/feed
[2026-01-09 04:43:00] - http://feeds.feedburner.com/ruanyifeng
[2026-01-09 05:29:17] 本次订阅抓取结果统计:
[2026-01-09 05:29:17] 共 28 条RSS, 成功抓取 25 条.
[2026-01-09 05:29:17] ✘ 有 3 条订阅解析失败:
[2026-01-09 05:29:17] - https://tcxx.info/feed
[2026-01-09 05:29:17] - https://tumutanzi.com/feed
[2026-01-09 05:29:17] - https://geekinney.com/index.xml
[2026-01-09 05:29:17] ✘ 有 2 条订阅头像无法访问, 已使用默认头像:
[2026-01-09 05:29:17] - https://oba.by/feed
[2026-01-09 05:29:17] - http://feeds.feedburner.com/ruanyifeng
[2026-01-09 06:39:21] 本次订阅抓取结果统计:
[2026-01-09 06:39:21] 共 28 条RSS, 成功抓取 25 条.
[2026-01-09 06:39:21] ✘ 有 3 条订阅解析失败:
[2026-01-09 06:39:21] - https://tcxx.info/feed
[2026-01-09 06:39:21] - https://tumutanzi.com/feed
[2026-01-09 06:39:21] - https://geekinney.com/index.xml
[2026-01-09 06:39:21] ✘ 有 2 条订阅头像无法访问, 已使用默认头像:
[2026-01-09 06:39:21] - https://oba.by/feed
[2026-01-09 06:39:21] - http://feeds.feedburner.com/ruanyifeng
[2026-01-09 07:28:35] 本次订阅抓取结果统计:
[2026-01-09 07:28:35] 共 28 条RSS, 成功抓取 25 条.
[2026-01-09 07:28:35] ✘ 有 3 条订阅解析失败:
[2026-01-09 07:28:35] - https://tcxx.info/feed
[2026-01-09 07:28:35] - https://tumutanzi.com/feed
[2026-01-09 07:28:35] - https://geekinney.com/index.xml
[2026-01-09 07:28:35] ✘ 有 2 条订阅头像无法访问, 已使用默认头像:
[2026-01-09 07:28:35] - https://oba.by/feed
[2026-01-09 07:28:35] - http://feeds.feedburner.com/ruanyifeng
[2026-01-09 08:35:31] 本次订阅抓取结果统计:
[2026-01-09 08:35:31] 共 28 条RSS, 成功抓取 25 条.
[2026-01-09 08:35:31] ✘ 有 3 条订阅解析失败:
[2026-01-09 08:35:31] - https://tumutanzi.com/feed
[2026-01-09 08:35:31] - https://tcxx.info/feed
[2026-01-09 08:35:31] - https://geekinney.com/index.xml
[2026-01-09 08:35:31] ✘ 有 3 条订阅头像无法访问, 已使用默认头像:
[2026-01-09 08:35:31] - https://oba.by/feed
[2026-01-09 08:35:31] - http://feeds.feedburner.com/ruanyifeng
[2026-01-09 08:35:31] - https://xyzbz.cn/feed
[2026-01-09 09:31:54] 本次订阅抓取结果统计:
[2026-01-09 09:31:54] 共 28 条RSS, 成功抓取 25 条.
[2026-01-09 09:31:54] ✘ 有 3 条订阅解析失败:
[2026-01-09 09:31:54] - https://tcxx.info/feed
[2026-01-09 09:31:54] - https://tumutanzi.com/feed
[2026-01-09 09:31:54] - https://geekinney.com/index.xml
[2026-01-09 09:31:54] ✘ 有 2 条订阅头像无法访问, 已使用默认头像:
[2026-01-09 09:31:54] - https://oba.by/feed
[2026-01-09 09:31:54] - http://feeds.feedburner.com/ruanyifeng
[2026-01-09 10:27:42] 本次订阅抓取结果统计:
[2026-01-09 10:27:42] 共 28 条RSS, 成功抓取 25 条.
[2026-01-09 10:27:42] ✘ 有 3 条订阅解析失败:
[2026-01-09 10:27:42] - https://tumutanzi.com/feed
[2026-01-09 10:27:42] - https://tcxx.info/feed
[2026-01-09 10:27:42] - https://geekinney.com/index.xml
[2026-01-09 10:27:42] ✘ 有 2 条订阅头像无法访问, 已使用默认头像:
[2026-01-09 10:27:42] - https://oba.by/feed
[2026-01-09 10:27:42] - http://feeds.feedburner.com/ruanyifeng
[2026-01-09 11:22:18] 本次订阅抓取结果统计:
[2026-01-09 11:22:18] 共 28 条RSS, 成功抓取 23 条.
[2026-01-09 11:22:18] ✘ 有 5 条订阅解析失败:
[2026-01-09 11:22:18] - https://oba.by/feed
[2026-01-09 11:22:18] - https://limboy.me/index.xml
[2026-01-09 11:22:18] - https://tcxx.info/feed
[2026-01-09 11:22:18] - https://tumutanzi.com/feed
[2026-01-09 11:22:18] - https://geekinney.com/index.xml
[2026-01-09 11:22:18] ✘ 有 1 条订阅头像无法访问, 已使用默认头像:
[2026-01-09 11:22:18] - http://feeds.feedburner.com/ruanyifeng
[2026-01-09 12:52:46] 本次订阅抓取结果统计:
[2026-01-09 12:52:46] 共 28 条RSS, 成功抓取 24 条.
[2026-01-09 12:52:46] ✘ 有 4 条订阅解析失败:
[2026-01-09 12:52:46] - https://oba.by/feed
[2026-01-09 12:52:46] - https://tumutanzi.com/feed
[2026-01-09 12:52:46] - https://tcxx.info/feed
[2026-01-09 12:52:46] - https://geekinney.com/index.xml
[2026-01-09 12:52:46] ✘ 有 2 条订阅头像无法访问, 已使用默认头像:
[2026-01-09 12:52:46] - http://feeds.feedburner.com/ruanyifeng
[2026-01-09 12:52:46] - https://xyzbz.cn/feed
[2026-01-09 13:40:27] 本次订阅抓取结果统计:
[2026-01-09 13:40:27] 共 28 条RSS, 成功抓取 24 条.
[2026-01-09 13:40:27] ✘ 有 4 条订阅解析失败:
[2026-01-09 13:40:27] - https://oba.by/feed
[2026-01-09 13:40:27] - https://tumutanzi.com/feed
[2026-01-09 13:40:27] - https://tcxx.info/feed
[2026-01-09 13:40:27] - https://geekinney.com/index.xml
[2026-01-09 13:40:27] ✘ 有 1 条订阅头像无法访问, 已使用默认头像:
[2026-01-09 13:40:27] - http://feeds.feedburner.com/ruanyifeng
[2026-01-09 14:27:59] 本次订阅抓取结果统计:
[2026-01-09 14:27:59] 共 28 条RSS, 成功抓取 24 条.
[2026-01-09 14:27:59] ✘ 有 4 条订阅解析失败:
[2026-01-09 14:27:59] - https://oba.by/feed
[2026-01-09 14:27:59] - https://tcxx.info/feed
[2026-01-09 14:27:59] - https://tumutanzi.com/feed
[2026-01-09 14:27:59] - https://geekinney.com/index.xml
[2026-01-09 14:27:59] ✘ 有 1 条订阅头像无法访问, 已使用默认头像:
[2026-01-09 14:27:59] - http://feeds.feedburner.com/ruanyifeng
[2026-01-09 15:28:14] 本次订阅抓取结果统计:
[2026-01-09 15:28:14] 共 28 条RSS, 成功抓取 24 条.
[2026-01-09 15:28:14] ✘ 有 4 条订阅解析失败:
[2026-01-09 15:28:14] - https://oba.by/feed
[2026-01-09 15:28:14] - https://tcxx.info/feed
[2026-01-09 15:28:14] - https://tumutanzi.com/feed
[2026-01-09 15:28:14] - https://geekinney.com/index.xml
[2026-01-09 15:28:14] ✘ 有 1 条订阅头像无法访问, 已使用默认头像:
[2026-01-09 15:28:14] - http://feeds.feedburner.com/ruanyifeng
[2026-01-09 16:33:19] 本次订阅抓取结果统计:
[2026-01-09 16:33:19] 共 28 条RSS, 成功抓取 24 条.
[2026-01-09 16:33:19] ✘ 有 4 条订阅解析失败:
[2026-01-09 16:33:19] - https://oba.by/feed
[2026-01-09 16:33:19] - https://tcxx.info/feed
[2026-01-09 16:33:19] - https://tumutanzi.com/feed
[2026-01-09 16:33:19] - https://geekinney.com/index.xml
[2026-01-09 16:33:19] ✘ 有 1 条订阅头像无法访问, 已使用默认头像:
[2026-01-09 16:33:19] - http://feeds.feedburner.com/ruanyifeng
[2026-01-09 17:26:31] 本次订阅抓取结果统计:
[2026-01-09 17:26:31] 共 28 条RSS, 成功抓取 24 条.
[2026-01-09 17:26:31] ✘ 有 4 条订阅解析失败:
[2026-01-09 17:26:31] - https://oba.by/feed
[2026-01-09 17:26:31] - https://tcxx.info/feed
[2026-01-09 17:26:31] - https://tumutanzi.com/feed
[2026-01-09 17:26:31] - https://geekinney.com/index.xml
[2026-01-09 17:26:31] ✘ 有 1 条订阅头像无法访问, 已使用默认头像:
[2026-01-09 17:26:31] - http://feeds.feedburner.com/ruanyifeng
[2026-01-09 18:37:21] 本次订阅抓取结果统计:
[2026-01-09 18:37:21] 共 28 条RSS, 成功抓取 24 条.
[2026-01-09 18:37:21] ✘ 有 4 条订阅解析失败:
[2026-01-09 18:37:21] - https://oba.by/feed
[2026-01-09 18:37:21] - https://tcxx.info/feed
[2026-01-09 18:37:21] - https://tumutanzi.com/feed
[2026-01-09 18:37:21] - https://geekinney.com/index.xml
[2026-01-09 18:37:21] ✘ 有 1 条订阅头像无法访问, 已使用默认头像:
[2026-01-09 18:37:21] - http://feeds.feedburner.com/ruanyifeng
[2026-01-09 19:22:34] 本次订阅抓取结果统计:
[2026-01-09 19:22:34] 共 28 条RSS, 成功抓取 24 条.
[2026-01-09 19:22:34] ✘ 有 4 条订阅解析失败:
[2026-01-09 19:22:34] - https://oba.by/feed
[2026-01-09 19:22:34] - https://tumutanzi.com/feed
[2026-01-09 19:22:34] - https://tcxx.info/feed
[2026-01-09 19:22:34] - https://geekinney.com/index.xml
[2026-01-09 19:22:34] ✘ 有 1 条订阅头像无法访问, 已使用默认头像:
[2026-01-09 19:22:34] - http://feeds.feedburner.com/ruanyifeng
[2026-01-09 20:29:05] 本次订阅抓取结果统计:
[2026-01-09 20:29:05] 共 28 条RSS, 成功抓取 24 条.
[2026-01-09 20:29:05] ✘ 有 4 条订阅解析失败:
[2026-01-09 20:29:05] - https://oba.by/feed
[2026-01-09 20:29:05] - https://tumutanzi.com/feed
[2026-01-09 20:29:05] - https://tcxx.info/feed
[2026-01-09 20:29:05] - https://geekinney.com/index.xml
[2026-01-09 20:29:05] ✘ 有 1 条订阅头像无法访问, 已使用默认头像:
[2026-01-09 20:29:05] - http://feeds.feedburner.com/ruanyifeng
[2026-01-09 21:25:46] 本次订阅抓取结果统计:
[2026-01-09 21:25:46] 共 28 条RSS, 成功抓取 21 条.
[2026-01-09 21:25:46] ✘ 有 7 条订阅解析失败:
[2026-01-09 21:25:46] - https://tcxx.info/feed
[2026-01-09 21:25:46] - https://tumutanzi.com/feed
[2026-01-09 21:25:46] - https://geekinney.com/index.xml
[2026-01-09 21:25:46] - https://oba.by/feed
[2026-01-09 21:25:46] - https://blog.zhheo.com/rss.xml
[2026-01-09 21:25:46] - https://xyzbz.cn/feed
[2026-01-09 21:25:46] - https://1900.live/rss.xml
[2026-01-09 21:25:46] ✘ 有 1 条订阅头像无法访问, 已使用默认头像:
[2026-01-09 21:25:46] - http://feeds.feedburner.com/ruanyifeng
[2026-01-09 22:24:59] 本次订阅抓取结果统计:
[2026-01-09 22:24:59] 共 28 条RSS, 成功抓取 24 条.
[2026-01-09 22:24:59] ✘ 有 4 条订阅解析失败:
[2026-01-09 22:24:59] - https://oba.by/feed
[2026-01-09 22:24:59] - https://tumutanzi.com/feed
[2026-01-09 22:24:59] - https://tcxx.info/feed
[2026-01-09 22:24:59] - https://geekinney.com/index.xml
[2026-01-09 22:24:59] ✘ 有 1 条订阅头像无法访问, 已使用默认头像:
[2026-01-09 22:24:59] - http://feeds.feedburner.com/ruanyifeng
