[2026-07-02 00:11:51] 本次订阅抓取结果统计:
[2026-07-02 00:11:51] 共 28 条RSS, 成功抓取 24 条.
[2026-07-02 00:11:51] ✘ 有 4 条订阅解析失败:
[2026-07-02 00:11:51] - https://blog.pursuitus.com/feed
[2026-07-02 00:11:51] - https://geekinney.com/index.xml
[2026-07-02 00:11:51] - https://tcxx.info/feed
[2026-07-02 00:11:51] - https://www.shephe.com/feed
[2026-07-02 00:11:51] ✘ 有 4 条订阅头像无法访问, 已使用默认头像:
[2026-07-02 00:11:51] - https://www.loyhome.com/feed
[2026-07-02 00:11:51] - http://feeds.feedburner.com/ruanyifeng
[2026-07-02 00:11:51] - https://xyzbz.cn/feed
[2026-07-02 00:11:51] - https://blog.yanqingshan.com/feed
[2026-07-02 05:01:12] 本次订阅抓取结果统计:
[2026-07-02 05:01:12] 共 28 条RSS, 成功抓取 24 条.
[2026-07-02 05:01:12] ✘ 有 4 条订阅解析失败:
[2026-07-02 05:01:12] - https://blog.pursuitus.com/feed
[2026-07-02 05:01:12] - https://geekinney.com/index.xml
[2026-07-02 05:01:12] - https://tcxx.info/feed
[2026-07-02 05:01:12] - https://www.shephe.com/feed
[2026-07-02 05:01:12] ✘ 有 3 条订阅头像无法访问, 已使用默认头像:
[2026-07-02 05:01:12] - https://www.loyhome.com/feed
[2026-07-02 05:01:12] - http://feeds.feedburner.com/ruanyifeng
[2026-07-02 05:01:12] - https://xyzbz.cn/feed
[2026-07-02 08:20:36] 本次订阅抓取结果统计:
[2026-07-02 08:20:36] 共 28 条RSS, 成功抓取 24 条.
[2026-07-02 08:20:36] ✘ 有 4 条订阅解析失败:
[2026-07-02 08:20:36] - https://blog.pursuitus.com/feed
[2026-07-02 08:20:36] - https://geekinney.com/index.xml
[2026-07-02 08:20:36] - https://tcxx.info/feed
[2026-07-02 08:20:36] - https://www.shephe.com/feed
[2026-07-02 08:20:36] ✘ 有 4 条订阅头像无法访问, 已使用默认头像:
[2026-07-02 08:20:36] - https://xyzbz.cn/feed
[2026-07-02 08:20:36] - https://www.loyhome.com/feed
[2026-07-02 08:20:36] - https://blog.zhheo.com/rss.xml
[2026-07-02 08:20:36] - http://feeds.feedburner.com/ruanyifeng
[2026-07-02 11:41:12] 本次订阅抓取结果统计:
[2026-07-02 11:41:12] 共 28 条RSS, 成功抓取 24 条.
[2026-07-02 11:41:12] ✘ 有 4 条订阅解析失败:
[2026-07-02 11:41:12] - https://blog.pursuitus.com/feed
[2026-07-02 11:41:12] - https://tcxx.info/feed
[2026-07-02 11:41:12] - https://geekinney.com/index.xml
[2026-07-02 11:41:12] - https://www.shephe.com/feed
[2026-07-02 11:41:12] ✘ 有 3 条订阅头像无法访问, 已使用默认头像:
[2026-07-02 11:41:12] - https://www.loyhome.com/feed
[2026-07-02 11:41:12] - https://xyzbz.cn/feed
[2026-07-02 11:41:12] - http://feeds.feedburner.com/ruanyifeng
[2026-07-02 14:09:23] 本次订阅抓取结果统计:
[2026-07-02 14:09:23] 共 28 条RSS, 成功抓取 24 条.
[2026-07-02 14:09:23] ✘ 有 4 条订阅解析失败:
[2026-07-02 14:09:23] - https://blog.pursuitus.com/feed
[2026-07-02 14:09:23] - https://geekinney.com/index.xml
[2026-07-02 14:09:23] - https://tcxx.info/feed
[2026-07-02 14:09:23] - https://www.shephe.com/feed
[2026-07-02 14:09:23] ✘ 有 4 条订阅头像无法访问, 已使用默认头像:
[2026-07-02 14:09:23] - https://hwv430.blogspot.com/feeds/posts/default
[2026-07-02 14:09:23] - https://xyzbz.cn/feed
[2026-07-02 14:09:23] - https://www.loyhome.com/feed
[2026-07-02 14:09:23] - http://feeds.feedburner.com/ruanyifeng
