[2026-05-29 03:57:42] 本次订阅抓取结果统计:
[2026-05-29 03:57:42] 共 28 条RSS, 成功抓取 23 条.
[2026-05-29 03:57:42] ✘ 有 5 条订阅解析失败:
[2026-05-29 03:57:42] - https://blog.pursuitus.com/feed
[2026-05-29 03:57:42] - https://geekinney.com/index.xml
[2026-05-29 03:57:42] - https://tcxx.info/feed
[2026-05-29 03:57:42] - https://www.shephe.com/feed
[2026-05-29 03:57:42] - https://tumutanzi.com/feed
[2026-05-29 03:57:42] ✘ 有 3 条订阅头像无法访问, 已使用默认头像:
[2026-05-29 03:57:42] - https://www.loyhome.com/feed
[2026-05-29 03:57:42] - https://xyzbz.cn/feed
[2026-05-29 03:57:42] - http://feeds.feedburner.com/ruanyifeng
[2026-05-29 08:03:48] 本次订阅抓取结果统计:
[2026-05-29 08:03:48] 共 28 条RSS, 成功抓取 23 条.
[2026-05-29 08:03:48] ✘ 有 5 条订阅解析失败:
[2026-05-29 08:03:48] - https://blog.pursuitus.com/feed
[2026-05-29 08:03:48] - https://geekinney.com/index.xml
[2026-05-29 08:03:48] - https://tcxx.info/feed
[2026-05-29 08:03:48] - https://tumutanzi.com/feed
[2026-05-29 08:03:48] - https://www.shephe.com/feed
[2026-05-29 08:03:48] ✘ 有 3 条订阅头像无法访问, 已使用默认头像:
[2026-05-29 08:03:48] - https://www.loyhome.com/feed
[2026-05-29 08:03:48] - https://xyzbz.cn/feed
[2026-05-29 08:03:48] - http://feeds.feedburner.com/ruanyifeng
[2026-05-29 12:17:15] 本次订阅抓取结果统计:
[2026-05-29 12:17:15] 共 28 条RSS, 成功抓取 23 条.
[2026-05-29 12:17:15] ✘ 有 5 条订阅解析失败:
[2026-05-29 12:17:15] - https://blog.pursuitus.com/feed
[2026-05-29 12:17:15] - https://geekinney.com/index.xml
[2026-05-29 12:17:15] - https://tcxx.info/feed
[2026-05-29 12:17:15] - https://tumutanzi.com/feed
[2026-05-29 12:17:15] - https://www.shephe.com/feed
[2026-05-29 12:17:15] ✘ 有 3 条订阅头像无法访问, 已使用默认头像:
[2026-05-29 12:17:15] - https://www.loyhome.com/feed
[2026-05-29 12:17:15] - https://xyzbz.cn/feed
[2026-05-29 12:17:15] - http://feeds.feedburner.com/ruanyifeng
[2026-05-29 16:42:34] 本次订阅抓取结果统计:
[2026-05-29 16:42:34] 共 28 条RSS, 成功抓取 23 条.
[2026-05-29 16:42:34] ✘ 有 5 条订阅解析失败:
[2026-05-29 16:42:34] - https://blog.pursuitus.com/feed
[2026-05-29 16:42:34] - https://geekinney.com/index.xml
[2026-05-29 16:42:34] - https://tcxx.info/feed
[2026-05-29 16:42:34] - https://tumutanzi.com/feed
[2026-05-29 16:42:34] - https://www.shephe.com/feed
[2026-05-29 16:42:34] ✘ 有 3 条订阅头像无法访问, 已使用默认头像:
[2026-05-29 16:42:34] - https://www.loyhome.com/feed
[2026-05-29 16:42:34] - http://feeds.feedburner.com/ruanyifeng
[2026-05-29 16:42:34] - https://xyzbz.cn/feed
[2026-05-29 19:32:18] 本次订阅抓取结果统计:
[2026-05-29 19:32:18] 共 28 条RSS, 成功抓取 23 条.
[2026-05-29 19:32:18] ✘ 有 5 条订阅解析失败:
[2026-05-29 19:32:18] - https://blog.pursuitus.com/feed
[2026-05-29 19:32:18] - https://geekinney.com/index.xml
[2026-05-29 19:32:18] - https://tcxx.info/feed
[2026-05-29 19:32:18] - https://tumutanzi.com/feed
[2026-05-29 19:32:18] - https://www.shephe.com/feed
[2026-05-29 19:32:18] ✘ 有 2 条订阅头像无法访问, 已使用默认头像:
[2026-05-29 19:32:18] - https://www.loyhome.com/feed
[2026-05-29 19:32:18] - http://feeds.feedburner.com/ruanyifeng
[2026-05-29 21:53:33] 本次订阅抓取结果统计:
[2026-05-29 21:53:33] 共 28 条RSS, 成功抓取 23 条.
[2026-05-29 21:53:33] ✘ 有 5 条订阅解析失败:
[2026-05-29 21:53:33] - https://blog.pursuitus.com/feed
[2026-05-29 21:53:33] - https://geekinney.com/index.xml
[2026-05-29 21:53:33] - https://tcxx.info/feed
[2026-05-29 21:53:33] - https://tumutanzi.com/feed
[2026-05-29 21:53:33] - https://www.shephe.com/feed
[2026-05-29 21:53:33] ✘ 有 2 条订阅头像无法访问, 已使用默认头像:
[2026-05-29 21:53:33] - https://www.loyhome.com/feed
[2026-05-29 21:53:33] - http://feeds.feedburner.com/ruanyifeng
