[2026-05-13 00:02:40] 本次订阅抓取结果统计:
[2026-05-13 00:02:40] 共 28 条RSS, 成功抓取 23 条.
[2026-05-13 00:02:40] ✘ 有 5 条订阅解析失败:
[2026-05-13 00:02:40] - https://blog.pursuitus.com/feed
[2026-05-13 00:02:40] - https://geekinney.com/index.xml
[2026-05-13 00:02:40] - https://tcxx.info/feed
[2026-05-13 00:02:40] - https://tumutanzi.com/feed
[2026-05-13 00:02:40] - https://www.shephe.com/feed
[2026-05-13 00:02:40] ✘ 有 3 条订阅头像无法访问, 已使用默认头像:
[2026-05-13 00:02:40] - https://www.loyhome.com/feed
[2026-05-13 00:02:40] - https://xyzbz.cn/feed
[2026-05-13 00:02:40] - http://feeds.feedburner.com/ruanyifeng
[2026-05-13 04:49:33] 本次订阅抓取结果统计:
[2026-05-13 04:49:33] 共 28 条RSS, 成功抓取 23 条.
[2026-05-13 04:49:33] ✘ 有 5 条订阅解析失败:
[2026-05-13 04:49:33] - https://blog.pursuitus.com/feed
[2026-05-13 04:49:33] - https://geekinney.com/index.xml
[2026-05-13 04:49:33] - https://tumutanzi.com/feed
[2026-05-13 04:49:33] - https://tcxx.info/feed
[2026-05-13 04:49:33] - https://www.shephe.com/feed
[2026-05-13 04:49:33] ✘ 有 3 条订阅头像无法访问, 已使用默认头像:
[2026-05-13 04:49:33] - https://www.loyhome.com/feed
[2026-05-13 04:49:33] - http://feeds.feedburner.com/ruanyifeng
[2026-05-13 04:49:33] - https://xyzbz.cn/feed
[2026-05-13 07:51:32] 本次订阅抓取结果统计:
[2026-05-13 07:51:32] 共 28 条RSS, 成功抓取 23 条.
[2026-05-13 07:51:32] ✘ 有 5 条订阅解析失败:
[2026-05-13 07:51:32] - https://blog.pursuitus.com/feed
[2026-05-13 07:51:32] - https://geekinney.com/index.xml
[2026-05-13 07:51:32] - https://tcxx.info/feed
[2026-05-13 07:51:32] - https://tumutanzi.com/feed
[2026-05-13 07:51:32] - https://www.shephe.com/feed
[2026-05-13 07:51:32] ✘ 有 3 条订阅头像无法访问, 已使用默认头像:
[2026-05-13 07:51:32] - https://www.loyhome.com/feed
[2026-05-13 07:51:32] - http://feeds.feedburner.com/ruanyifeng
[2026-05-13 07:51:32] - https://xyzbz.cn/feed
[2026-05-13 10:31:39] 本次订阅抓取结果统计:
[2026-05-13 10:31:39] 共 28 条RSS, 成功抓取 23 条.
[2026-05-13 10:31:39] ✘ 有 5 条订阅解析失败:
[2026-05-13 10:31:39] - https://blog.pursuitus.com/feed
[2026-05-13 10:31:39] - https://geekinney.com/index.xml
[2026-05-13 10:31:39] - https://tcxx.info/feed
[2026-05-13 10:31:39] - https://tumutanzi.com/feed
[2026-05-13 10:31:39] - https://www.shephe.com/feed
[2026-05-13 10:31:39] ✘ 有 3 条订阅头像无法访问, 已使用默认头像:
[2026-05-13 10:31:39] - https://www.loyhome.com/feed
[2026-05-13 10:31:39] - http://feeds.feedburner.com/ruanyifeng
[2026-05-13 10:31:39] - https://xyzbz.cn/feed
[2026-05-13 13:14:26] 本次订阅抓取结果统计:
[2026-05-13 13:14:26] 共 28 条RSS, 成功抓取 23 条.
[2026-05-13 13:14:26] ✘ 有 5 条订阅解析失败:
[2026-05-13 13:14:26] - https://blog.pursuitus.com/feed
[2026-05-13 13:14:26] - https://geekinney.com/index.xml
[2026-05-13 13:14:26] - https://tumutanzi.com/feed
[2026-05-13 13:14:26] - https://tcxx.info/feed
[2026-05-13 13:14:26] - https://www.shephe.com/feed
[2026-05-13 13:14:26] ✘ 有 3 条订阅头像无法访问, 已使用默认头像:
[2026-05-13 13:14:26] - https://www.loyhome.com/feed
[2026-05-13 13:14:26] - http://feeds.feedburner.com/ruanyifeng
[2026-05-13 13:14:26] - https://xyzbz.cn/feed
[2026-05-13 16:21:08] 本次订阅抓取结果统计:
[2026-05-13 16:21:08] 共 28 条RSS, 成功抓取 23 条.
[2026-05-13 16:21:08] ✘ 有 5 条订阅解析失败:
[2026-05-13 16:21:08] - https://blog.pursuitus.com/feed
[2026-05-13 16:21:08] - https://geekinney.com/index.xml
[2026-05-13 16:21:08] - https://tcxx.info/feed
[2026-05-13 16:21:08] - https://tumutanzi.com/feed
[2026-05-13 16:21:08] - https://www.shephe.com/feed
[2026-05-13 16:21:08] ✘ 有 3 条订阅头像无法访问, 已使用默认头像:
[2026-05-13 16:21:08] - https://www.loyhome.com/feed
[2026-05-13 16:21:08] - https://xyzbz.cn/feed
[2026-05-13 16:21:08] - http://feeds.feedburner.com/ruanyifeng
[2026-05-13 18:57:37] 本次订阅抓取结果统计:
[2026-05-13 18:57:37] 共 28 条RSS, 成功抓取 23 条.
[2026-05-13 18:57:37] ✘ 有 5 条订阅解析失败:
[2026-05-13 18:57:37] - https://blog.pursuitus.com/feed
[2026-05-13 18:57:37] - https://geekinney.com/index.xml
[2026-05-13 18:57:37] - https://www.shephe.com/feed
[2026-05-13 18:57:37] - https://tcxx.info/feed
[2026-05-13 18:57:37] - https://tumutanzi.com/feed
[2026-05-13 18:57:37] ✘ 有 3 条订阅头像无法访问, 已使用默认头像:
[2026-05-13 18:57:37] - https://www.loyhome.com/feed
[2026-05-13 18:57:37] - https://xyzbz.cn/feed
[2026-05-13 18:57:37] - http://feeds.feedburner.com/ruanyifeng
