[2026-01-01 02:07:34] 本次订阅抓取结果统计:
[2026-01-01 02:07:34] 共 28 条RSS, 成功抓取 25 条.
[2026-01-01 02:07:34] ✘ 有 3 条订阅解析失败:
[2026-01-01 02:07:34] - https://tumutanzi.com/feed
[2026-01-01 02:07:34] - https://tcxx.info/feed
[2026-01-01 02:07:34] - https://geekinney.com/index.xml
[2026-01-01 02:07:34] ✘ 有 2 条订阅头像无法访问, 已使用默认头像:
[2026-01-01 02:07:34] - https://oba.by/feed
[2026-01-01 02:07:34] - http://feeds.feedburner.com/ruanyifeng
[2026-01-01 04:11:00] 本次订阅抓取结果统计:
[2026-01-01 04:11:00] 共 28 条RSS, 成功抓取 25 条.
[2026-01-01 04:11:00] ✘ 有 3 条订阅解析失败:
[2026-01-01 04:11:00] - https://tcxx.info/feed
[2026-01-01 04:11:00] - https://tumutanzi.com/feed
[2026-01-01 04:11:00] - https://geekinney.com/index.xml
[2026-01-01 04:11:00] ✘ 有 2 条订阅头像无法访问, 已使用默认头像:
[2026-01-01 04:11:00] - https://oba.by/feed
[2026-01-01 04:11:00] - http://feeds.feedburner.com/ruanyifeng
[2026-01-01 05:30:54] 本次订阅抓取结果统计:
[2026-01-01 05:30:54] 共 28 条RSS, 成功抓取 25 条.
[2026-01-01 05:30:54] ✘ 有 3 条订阅解析失败:
[2026-01-01 05:30:54] - https://tcxx.info/feed
[2026-01-01 05:30:54] - https://tumutanzi.com/feed
[2026-01-01 05:30:54] - https://geekinney.com/index.xml
[2026-01-01 05:30:54] ✘ 有 2 条订阅头像无法访问, 已使用默认头像:
[2026-01-01 05:30:54] - https://oba.by/feed
[2026-01-01 05:30:54] - http://feeds.feedburner.com/ruanyifeng
[2026-01-01 06:38:48] 本次订阅抓取结果统计:
[2026-01-01 06:38:48] 共 28 条RSS, 成功抓取 25 条.
[2026-01-01 06:38:48] ✘ 有 3 条订阅解析失败:
[2026-01-01 06:38:48] - https://tumutanzi.com/feed
[2026-01-01 06:38:48] - https://tcxx.info/feed
[2026-01-01 06:38:48] - https://geekinney.com/index.xml
[2026-01-01 06:38:48] ✘ 有 2 条订阅头像无法访问, 已使用默认头像:
[2026-01-01 06:38:48] - https://oba.by/feed
[2026-01-01 06:38:48] - http://feeds.feedburner.com/ruanyifeng
[2026-01-01 07:29:21] 本次订阅抓取结果统计:
[2026-01-01 07:29:21] 共 28 条RSS, 成功抓取 25 条.
[2026-01-01 07:29:21] ✘ 有 3 条订阅解析失败:
[2026-01-01 07:29:21] - https://tcxx.info/feed
[2026-01-01 07:29:21] - https://tumutanzi.com/feed
[2026-01-01 07:29:21] - https://geekinney.com/index.xml
[2026-01-01 07:29:21] ✘ 有 2 条订阅头像无法访问, 已使用默认头像:
[2026-01-01 07:29:21] - https://oba.by/feed
[2026-01-01 07:29:21] - http://feeds.feedburner.com/ruanyifeng
