[2026-07-17 00:08:01] 本次订阅抓取结果统计:
[2026-07-17 00:08:01] 共 28 条RSS, 成功抓取 24 条.
[2026-07-17 00:08:01] ✘ 有 4 条订阅解析失败:
[2026-07-17 00:08:01] - https://blog.pursuitus.com/feed
[2026-07-17 00:08:01] - https://geekinney.com/index.xml
[2026-07-17 00:08:01] - https://tcxx.info/feed
[2026-07-17 00:08:01] - https://www.shephe.com/feed
[2026-07-17 00:08:01] ✘ 有 2 条订阅头像无法访问, 已使用默认头像:
[2026-07-17 00:08:01] - https://www.loyhome.com/feed
[2026-07-17 00:08:01] - http://feeds.feedburner.com/ruanyifeng
[2026-07-17 04:10:11] 本次订阅抓取结果统计:
[2026-07-17 04:10:11] 共 28 条RSS, 成功抓取 24 条.
[2026-07-17 04:10:11] ✘ 有 4 条订阅解析失败:
[2026-07-17 04:10:11] - https://blog.pursuitus.com/feed
[2026-07-17 04:10:11] - https://geekinney.com/index.xml
[2026-07-17 04:10:11] - https://tcxx.info/feed
[2026-07-17 04:10:11] - https://www.shephe.com/feed
[2026-07-17 04:10:11] ✘ 有 2 条订阅头像无法访问, 已使用默认头像:
[2026-07-17 04:10:11] - https://www.loyhome.com/feed
[2026-07-17 04:10:11] - http://feeds.feedburner.com/ruanyifeng
[2026-07-17 07:31:29] 本次订阅抓取结果统计:
[2026-07-17 07:31:29] 共 28 条RSS, 成功抓取 24 条.
[2026-07-17 07:31:29] ✘ 有 4 条订阅解析失败:
[2026-07-17 07:31:29] - https://blog.pursuitus.com/feed
[2026-07-17 07:31:29] - https://geekinney.com/index.xml
[2026-07-17 07:31:29] - https://tcxx.info/feed
[2026-07-17 07:31:29] - https://www.shephe.com/feed
[2026-07-17 07:31:29] ✘ 有 2 条订阅头像无法访问, 已使用默认头像:
[2026-07-17 07:31:29] - https://www.loyhome.com/feed
[2026-07-17 07:31:29] - http://feeds.feedburner.com/ruanyifeng
[2026-07-17 10:07:56] 本次订阅抓取结果统计:
[2026-07-17 10:07:56] 共 28 条RSS, 成功抓取 24 条.
[2026-07-17 10:07:56] ✘ 有 4 条订阅解析失败:
[2026-07-17 10:07:56] - https://blog.pursuitus.com/feed
[2026-07-17 10:07:56] - https://geekinney.com/index.xml
[2026-07-17 10:07:56] - https://tcxx.info/feed
[2026-07-17 10:07:56] - https://www.shephe.com/feed
[2026-07-17 10:07:56] ✘ 有 2 条订阅头像无法访问, 已使用默认头像:
[2026-07-17 10:07:56] - https://www.loyhome.com/feed
[2026-07-17 10:07:56] - http://feeds.feedburner.com/ruanyifeng
