[2026-06-05 00:12:21] 本次订阅抓取结果统计:
[2026-06-05 00:12:21] 共 28 条RSS, 成功抓取 23 条.
[2026-06-05 00:12:21] ✘ 有 5 条订阅解析失败:
[2026-06-05 00:12:21] - https://blog.pursuitus.com/feed
[2026-06-05 00:12:21] - https://tcxx.info/feed
[2026-06-05 00:12:21] - https://geekinney.com/index.xml
[2026-06-05 00:12:21] - https://tumutanzi.com/feed
[2026-06-05 00:12:21] - https://www.shephe.com/feed
[2026-06-05 00:12:21] ✘ 有 3 条订阅头像无法访问, 已使用默认头像:
[2026-06-05 00:12:21] - https://www.loyhome.com/feed
[2026-06-05 00:12:21] - http://feeds.feedburner.com/ruanyifeng
[2026-06-05 00:12:21] - https://xyzbz.cn/feed
[2026-06-05 05:20:20] 本次订阅抓取结果统计:
[2026-06-05 05:20:20] 共 28 条RSS, 成功抓取 23 条.
[2026-06-05 05:20:20] ✘ 有 5 条订阅解析失败:
[2026-06-05 05:20:20] - https://blog.pursuitus.com/feed
[2026-06-05 05:20:20] - https://geekinney.com/index.xml
[2026-06-05 05:20:20] - https://tcxx.info/feed
[2026-06-05 05:20:20] - https://tumutanzi.com/feed
[2026-06-05 05:20:20] - https://www.shephe.com/feed
[2026-06-05 05:20:20] ✘ 有 3 条订阅头像无法访问, 已使用默认头像:
[2026-06-05 05:20:20] - https://www.loyhome.com/feed
[2026-06-05 05:20:20] - https://xyzbz.cn/feed
[2026-06-05 05:20:20] - http://feeds.feedburner.com/ruanyifeng
[2026-06-05 09:57:15] 本次订阅抓取结果统计:
[2026-06-05 09:57:15] 共 28 条RSS, 成功抓取 23 条.
[2026-06-05 09:57:15] ✘ 有 5 条订阅解析失败:
[2026-06-05 09:57:15] - https://blog.pursuitus.com/feed
[2026-06-05 09:57:15] - https://geekinney.com/index.xml
[2026-06-05 09:57:15] - https://tcxx.info/feed
[2026-06-05 09:57:15] - https://tumutanzi.com/feed
[2026-06-05 09:57:15] - https://www.shephe.com/feed
[2026-06-05 09:57:15] ✘ 有 3 条订阅头像无法访问, 已使用默认头像:
[2026-06-05 09:57:15] - https://www.loyhome.com/feed
[2026-06-05 09:57:15] - https://xyzbz.cn/feed
[2026-06-05 09:57:15] - http://feeds.feedburner.com/ruanyifeng
[2026-06-05 12:43:21] 本次订阅抓取结果统计:
[2026-06-05 12:43:21] 共 28 条RSS, 成功抓取 22 条.
[2026-06-05 12:43:21] ✘ 有 6 条订阅解析失败:
[2026-06-05 12:43:21] - https://blog.pursuitus.com/feed
[2026-06-05 12:43:21] - https://blog.yanqingshan.com/feed
[2026-06-05 12:43:21] - https://geekinney.com/index.xml
[2026-06-05 12:43:21] - https://tcxx.info/feed
[2026-06-05 12:43:21] - https://tumutanzi.com/feed
[2026-06-05 12:43:21] - https://www.shephe.com/feed
[2026-06-05 12:43:21] ✘ 有 4 条订阅头像无法访问, 已使用默认头像:
[2026-06-05 12:43:21] - https://blog.zhheo.com/rss.xml
[2026-06-05 12:43:21] - https://www.loyhome.com/feed
[2026-06-05 12:43:21] - http://feeds.feedburner.com/ruanyifeng
[2026-06-05 12:43:21] - https://xyzbz.cn/feed
[2026-06-05 15:56:27] 本次订阅抓取结果统计:
[2026-06-05 15:56:27] 共 28 条RSS, 成功抓取 22 条.
[2026-06-05 15:56:27] ✘ 有 6 条订阅解析失败:
[2026-06-05 15:56:27] - https://blog.pursuitus.com/feed
[2026-06-05 15:56:27] - https://geekinney.com/index.xml
[2026-06-05 15:56:27] - https://tcxx.info/feed
[2026-06-05 15:56:27] - https://tumutanzi.com/feed
[2026-06-05 15:56:27] - https://blog.yanqingshan.com/feed
[2026-06-05 15:56:27] - https://www.shephe.com/feed
[2026-06-05 15:56:27] ✘ 有 4 条订阅头像无法访问, 已使用默认头像:
[2026-06-05 15:56:27] - https://blog.zhheo.com/rss.xml
[2026-06-05 15:56:27] - https://www.loyhome.com/feed
[2026-06-05 15:56:27] - https://xyzbz.cn/feed
[2026-06-05 15:56:27] - http://feeds.feedburner.com/ruanyifeng
