[2026-04-19 03:17:53] 本次订阅抓取结果统计:
[2026-04-19 03:17:53] 共 28 条RSS, 成功抓取 22 条.
[2026-04-19 03:17:53] ✘ 有 6 条订阅解析失败:
[2026-04-19 03:17:53] - https://blog.pursuitus.com/feed
[2026-04-19 03:17:53] - https://geekinney.com/index.xml
[2026-04-19 03:17:53] - https://tcxx.info/feed
[2026-04-19 03:17:53] - https://tumutanzi.com/feed
[2026-04-19 03:17:53] - https://blog.yanqingshan.com/feed
[2026-04-19 03:17:53] - https://www.shephe.com/feed
[2026-04-19 03:17:53] ✘ 有 2 条订阅头像无法访问, 已使用默认头像:
[2026-04-19 03:17:53] - https://www.loyhome.com/feed
[2026-04-19 03:17:53] - http://feeds.feedburner.com/ruanyifeng
[2026-04-19 06:00:03] 本次订阅抓取结果统计:
[2026-04-19 06:00:03] 共 28 条RSS, 成功抓取 22 条.
[2026-04-19 06:00:03] ✘ 有 6 条订阅解析失败:
[2026-04-19 06:00:03] - https://blog.pursuitus.com/feed
[2026-04-19 06:00:03] - https://www.shephe.com/feed
[2026-04-19 06:00:03] - https://geekinney.com/index.xml
[2026-04-19 06:00:03] - https://tcxx.info/feed
[2026-04-19 06:00:03] - https://tumutanzi.com/feed
[2026-04-19 06:00:03] - https://blog.yanqingshan.com/feed
[2026-04-19 06:00:03] ✘ 有 2 条订阅头像无法访问, 已使用默认头像:
[2026-04-19 06:00:03] - https://www.loyhome.com/feed
[2026-04-19 06:00:03] - http://feeds.feedburner.com/ruanyifeng
[2026-04-19 07:42:43] 本次订阅抓取结果统计:
[2026-04-19 07:42:43] 共 28 条RSS, 成功抓取 23 条.
[2026-04-19 07:42:43] ✘ 有 5 条订阅解析失败:
[2026-04-19 07:42:43] - https://blog.pursuitus.com/feed
[2026-04-19 07:42:43] - https://geekinney.com/index.xml
[2026-04-19 07:42:43] - https://tcxx.info/feed
[2026-04-19 07:42:43] - https://tumutanzi.com/feed
[2026-04-19 07:42:43] - https://www.shephe.com/feed
[2026-04-19 07:42:43] ✘ 有 2 条订阅头像无法访问, 已使用默认头像:
[2026-04-19 07:42:43] - https://www.loyhome.com/feed
[2026-04-19 07:42:43] - http://feeds.feedburner.com/ruanyifeng
[2026-04-19 08:58:53] 本次订阅抓取结果统计:
[2026-04-19 08:58:53] 共 28 条RSS, 成功抓取 23 条.
[2026-04-19 08:58:53] ✘ 有 5 条订阅解析失败:
[2026-04-19 08:58:53] - https://blog.pursuitus.com/feed
[2026-04-19 08:58:53] - https://geekinney.com/index.xml
[2026-04-19 08:58:53] - https://tcxx.info/feed
[2026-04-19 08:58:53] - https://tumutanzi.com/feed
[2026-04-19 08:58:53] - https://www.shephe.com/feed
[2026-04-19 08:58:53] ✘ 有 2 条订阅头像无法访问, 已使用默认头像:
[2026-04-19 08:58:53] - https://www.loyhome.com/feed
[2026-04-19 08:58:53] - http://feeds.feedburner.com/ruanyifeng
[2026-04-19 09:56:11] 本次订阅抓取结果统计:
[2026-04-19 09:56:11] 共 28 条RSS, 成功抓取 23 条.
[2026-04-19 09:56:11] ✘ 有 5 条订阅解析失败:
[2026-04-19 09:56:11] - https://blog.pursuitus.com/feed
[2026-04-19 09:56:11] - https://geekinney.com/index.xml
[2026-04-19 09:56:11] - https://tcxx.info/feed
[2026-04-19 09:56:11] - https://tumutanzi.com/feed
[2026-04-19 09:56:11] - https://www.shephe.com/feed
[2026-04-19 09:56:11] ✘ 有 2 条订阅头像无法访问, 已使用默认头像:
[2026-04-19 09:56:11] - https://www.loyhome.com/feed
[2026-04-19 09:56:11] - http://feeds.feedburner.com/ruanyifeng
