[2026-05-08 03:26:49] 本次订阅抓取结果统计:
[2026-05-08 03:26:49] 共 28 条RSS, 成功抓取 23 条.
[2026-05-08 03:26:49] ✘ 有 5 条订阅解析失败:
[2026-05-08 03:26:49] - https://blog.pursuitus.com/feed
[2026-05-08 03:26:49] - https://geekinney.com/index.xml
[2026-05-08 03:26:49] - https://tcxx.info/feed
[2026-05-08 03:26:49] - https://tumutanzi.com/feed
[2026-05-08 03:26:49] - https://www.shephe.com/feed
[2026-05-08 03:26:49] ✘ 有 3 条订阅头像无法访问, 已使用默认头像:
[2026-05-08 03:26:49] - https://www.loyhome.com/feed
[2026-05-08 03:26:49] - https://xyzbz.cn/feed
[2026-05-08 03:26:49] - http://feeds.feedburner.com/ruanyifeng
[2026-05-08 06:00:41] 本次订阅抓取结果统计:
[2026-05-08 06:00:41] 共 28 条RSS, 成功抓取 23 条.
[2026-05-08 06:00:41] ✘ 有 5 条订阅解析失败:
[2026-05-08 06:00:41] - https://blog.pursuitus.com/feed
[2026-05-08 06:00:41] - https://geekinney.com/index.xml
[2026-05-08 06:00:41] - https://tcxx.info/feed
[2026-05-08 06:00:41] - https://tumutanzi.com/feed
[2026-05-08 06:00:41] - https://www.shephe.com/feed
[2026-05-08 06:00:41] ✘ 有 4 条订阅头像无法访问, 已使用默认头像:
[2026-05-08 06:00:41] - https://www.loyhome.com/feed
[2026-05-08 06:00:41] - https://xyzbz.cn/feed
[2026-05-08 06:00:41] - https://blog.zhheo.com/rss.xml
[2026-05-08 06:00:41] - http://feeds.feedburner.com/ruanyifeng
