[2026-06-25 03:54:15] 本次订阅抓取结果统计:
[2026-06-25 03:54:15] 共 28 条RSS, 成功抓取 23 条.
[2026-06-25 03:54:15] ✘ 有 5 条订阅解析失败:
[2026-06-25 03:54:15] - https://blog.yanqingshan.com/feed
[2026-06-25 03:54:15] - https://blog.pursuitus.com/feed
[2026-06-25 03:54:15] - https://geekinney.com/index.xml
[2026-06-25 03:54:15] - https://tcxx.info/feed
[2026-06-25 03:54:15] - https://www.shephe.com/feed
[2026-06-25 03:54:15] ✘ 有 4 条订阅头像无法访问, 已使用默认头像:
[2026-06-25 03:54:15] - https://blog.zhheo.com/rss.xml
[2026-06-25 03:54:15] - https://www.loyhome.com/feed
[2026-06-25 03:54:15] - https://xyzbz.cn/feed
[2026-06-25 03:54:15] - http://feeds.feedburner.com/ruanyifeng
[2026-06-25 07:49:02] 本次订阅抓取结果统计:
[2026-06-25 07:49:02] 共 28 条RSS, 成功抓取 23 条.
[2026-06-25 07:49:02] ✘ 有 5 条订阅解析失败:
[2026-06-25 07:49:02] - https://blog.yanqingshan.com/feed
[2026-06-25 07:49:02] - https://blog.pursuitus.com/feed
[2026-06-25 07:49:02] - https://geekinney.com/index.xml
[2026-06-25 07:49:02] - https://tcxx.info/feed
[2026-06-25 07:49:02] - https://www.shephe.com/feed
[2026-06-25 07:49:02] ✘ 有 5 条订阅头像无法访问, 已使用默认头像:
[2026-06-25 07:49:02] - https://blog.zhheo.com/rss.xml
[2026-06-25 07:49:02] - https://hwv430.blogspot.com/feeds/posts/default
[2026-06-25 07:49:02] - https://www.loyhome.com/feed
[2026-06-25 07:49:02] - http://feeds.feedburner.com/ruanyifeng
[2026-06-25 07:49:02] - https://xyzbz.cn/feed
[2026-06-25 10:45:24] 本次订阅抓取结果统计:
[2026-06-25 10:45:24] 共 28 条RSS, 成功抓取 23 条.
[2026-06-25 10:45:24] ✘ 有 5 条订阅解析失败:
[2026-06-25 10:45:24] - https://blog.pursuitus.com/feed
[2026-06-25 10:45:24] - https://geekinney.com/index.xml
[2026-06-25 10:45:24] - https://tcxx.info/feed
[2026-06-25 10:45:24] - https://tumutanzi.com/feed
[2026-06-25 10:45:24] - https://www.shephe.com/feed
[2026-06-25 10:45:24] ✘ 有 4 条订阅头像无法访问, 已使用默认头像:
[2026-06-25 10:45:24] - https://hwv430.blogspot.com/feeds/posts/default
[2026-06-25 10:45:24] - https://www.loyhome.com/feed
[2026-06-25 10:45:24] - http://feeds.feedburner.com/ruanyifeng
[2026-06-25 10:45:24] - https://xyzbz.cn/feed
[2026-06-25 13:21:39] 本次订阅抓取结果统计:
[2026-06-25 13:21:39] 共 28 条RSS, 成功抓取 22 条.
[2026-06-25 13:21:39] ✘ 有 6 条订阅解析失败:
[2026-06-25 13:21:39] - https://blog.pursuitus.com/feed
[2026-06-25 13:21:39] - https://geekinney.com/index.xml
[2026-06-25 13:21:39] - https://tcxx.info/feed
[2026-06-25 13:21:39] - https://tumutanzi.com/feed
[2026-06-25 13:21:39] - https://blog.yanqingshan.com/feed
[2026-06-25 13:21:39] - https://www.shephe.com/feed
[2026-06-25 13:21:39] ✘ 有 5 条订阅头像无法访问, 已使用默认头像:
[2026-06-25 13:21:39] - https://blog.zhheo.com/rss.xml
[2026-06-25 13:21:39] - https://hwv430.blogspot.com/feeds/posts/default
[2026-06-25 13:21:39] - https://www.loyhome.com/feed
[2026-06-25 13:21:39] - https://xyzbz.cn/feed
[2026-06-25 13:21:39] - http://feeds.feedburner.com/ruanyifeng
[2026-06-25 16:28:03] 本次订阅抓取结果统计:
[2026-06-25 16:28:03] 共 28 条RSS, 成功抓取 24 条.
[2026-06-25 16:28:03] ✘ 有 4 条订阅解析失败:
[2026-06-25 16:28:03] - https://blog.pursuitus.com/feed
[2026-06-25 16:28:03] - https://geekinney.com/index.xml
[2026-06-25 16:28:03] - https://tcxx.info/feed
[2026-06-25 16:28:03] - https://www.shephe.com/feed
[2026-06-25 16:28:03] ✘ 有 3 条订阅头像无法访问, 已使用默认头像:
[2026-06-25 16:28:03] - https://www.loyhome.com/feed
[2026-06-25 16:28:03] - http://feeds.feedburner.com/ruanyifeng
[2026-06-25 16:28:03] - https://xyzbz.cn/feed
