[2026-04-17 02:52:23] 本次订阅抓取结果统计:
[2026-04-17 02:52:23] 共 28 条RSS, 成功抓取 23 条.
[2026-04-17 02:52:23] ✘ 有 5 条订阅解析失败:
[2026-04-17 02:52:23] - https://blog.pursuitus.com/feed
[2026-04-17 02:52:23] - https://geekinney.com/index.xml
[2026-04-17 02:52:23] - https://tcxx.info/feed
[2026-04-17 02:52:23] - https://tumutanzi.com/feed
[2026-04-17 02:52:23] - https://www.shephe.com/feed
[2026-04-17 02:52:23] ✘ 有 2 条订阅头像无法访问, 已使用默认头像:
[2026-04-17 02:52:23] - https://www.loyhome.com/feed
[2026-04-17 02:52:23] - http://feeds.feedburner.com/ruanyifeng
[2026-04-17 05:31:13] 本次订阅抓取结果统计:
[2026-04-17 05:31:13] 共 28 条RSS, 成功抓取 23 条.
[2026-04-17 05:31:13] ✘ 有 5 条订阅解析失败:
[2026-04-17 05:31:13] - https://blog.pursuitus.com/feed
[2026-04-17 05:31:13] - https://geekinney.com/index.xml
[2026-04-17 05:31:13] - https://tcxx.info/feed
[2026-04-17 05:31:13] - https://tumutanzi.com/feed
[2026-04-17 05:31:13] - https://www.shephe.com/feed
[2026-04-17 05:31:13] ✘ 有 2 条订阅头像无法访问, 已使用默认头像:
[2026-04-17 05:31:13] - https://www.loyhome.com/feed
[2026-04-17 05:31:13] - http://feeds.feedburner.com/ruanyifeng
[2026-04-17 07:53:27] 本次订阅抓取结果统计:
[2026-04-17 07:53:27] 共 28 条RSS, 成功抓取 23 条.
[2026-04-17 07:53:27] ✘ 有 5 条订阅解析失败:
[2026-04-17 07:53:27] - https://blog.pursuitus.com/feed
[2026-04-17 07:53:27] - https://geekinney.com/index.xml
[2026-04-17 07:53:27] - https://tcxx.info/feed
[2026-04-17 07:53:27] - https://tumutanzi.com/feed
[2026-04-17 07:53:27] - https://www.shephe.com/feed
[2026-04-17 07:53:27] ✘ 有 2 条订阅头像无法访问, 已使用默认头像:
[2026-04-17 07:53:27] - https://www.loyhome.com/feed
[2026-04-17 07:53:27] - http://feeds.feedburner.com/ruanyifeng
[2026-04-17 09:22:03] 本次订阅抓取结果统计:
[2026-04-17 09:22:03] 共 28 条RSS, 成功抓取 23 条.
[2026-04-17 09:22:03] ✘ 有 5 条订阅解析失败:
[2026-04-17 09:22:03] - https://blog.pursuitus.com/feed
[2026-04-17 09:22:03] - https://geekinney.com/index.xml
[2026-04-17 09:22:03] - https://tcxx.info/feed
[2026-04-17 09:22:03] - https://tumutanzi.com/feed
[2026-04-17 09:22:03] - https://www.shephe.com/feed
[2026-04-17 09:22:03] ✘ 有 2 条订阅头像无法访问, 已使用默认头像:
[2026-04-17 09:22:03] - https://www.loyhome.com/feed
[2026-04-17 09:22:03] - http://feeds.feedburner.com/ruanyifeng
[2026-04-17 11:00:33] 本次订阅抓取结果统计:
[2026-04-17 11:00:33] 共 28 条RSS, 成功抓取 23 条.
[2026-04-17 11:00:33] ✘ 有 5 条订阅解析失败:
[2026-04-17 11:00:33] - https://blog.pursuitus.com/feed
[2026-04-17 11:00:33] - https://geekinney.com/index.xml
[2026-04-17 11:00:33] - https://tcxx.info/feed
[2026-04-17 11:00:33] - https://tumutanzi.com/feed
[2026-04-17 11:00:33] - https://www.shephe.com/feed
[2026-04-17 11:00:33] ✘ 有 2 条订阅头像无法访问, 已使用默认头像:
[2026-04-17 11:00:33] - https://www.loyhome.com/feed
[2026-04-17 11:00:33] - http://feeds.feedburner.com/ruanyifeng
[2026-04-17 12:00:32] 本次订阅抓取结果统计:
[2026-04-17 12:00:32] 共 28 条RSS, 成功抓取 23 条.
[2026-04-17 12:00:32] ✘ 有 5 条订阅解析失败:
[2026-04-17 12:00:32] - https://blog.pursuitus.com/feed
[2026-04-17 12:00:32] - https://geekinney.com/index.xml
[2026-04-17 12:00:32] - https://tcxx.info/feed
[2026-04-17 12:00:32] - https://tumutanzi.com/feed
[2026-04-17 12:00:32] - https://www.shephe.com/feed
[2026-04-17 12:00:32] ✘ 有 3 条订阅头像无法访问, 已使用默认头像:
[2026-04-17 12:00:32] - https://www.loyhome.com/feed
[2026-04-17 12:00:32] - http://feeds.feedburner.com/ruanyifeng
[2026-04-17 12:00:32] - https://xyzbz.cn/feed
[2026-04-17 13:53:35] 本次订阅抓取结果统计:
[2026-04-17 13:53:35] 共 28 条RSS, 成功抓取 23 条.
[2026-04-17 13:53:35] ✘ 有 5 条订阅解析失败:
[2026-04-17 13:53:35] - https://blog.pursuitus.com/feed
[2026-04-17 13:53:35] - https://geekinney.com/index.xml
[2026-04-17 13:53:35] - https://tcxx.info/feed
[2026-04-17 13:53:35] - https://tumutanzi.com/feed
[2026-04-17 13:53:35] - https://www.shephe.com/feed
[2026-04-17 13:53:35] ✘ 有 2 条订阅头像无法访问, 已使用默认头像:
[2026-04-17 13:53:35] - https://www.loyhome.com/feed
[2026-04-17 13:53:35] - http://feeds.feedburner.com/ruanyifeng
[2026-04-17 14:58:43] 本次订阅抓取结果统计:
[2026-04-17 14:58:43] 共 28 条RSS, 成功抓取 23 条.
[2026-04-17 14:58:43] ✘ 有 5 条订阅解析失败:
[2026-04-17 14:58:43] - https://blog.pursuitus.com/feed
[2026-04-17 14:58:43] - https://geekinney.com/index.xml
[2026-04-17 14:58:43] - https://tcxx.info/feed
[2026-04-17 14:58:43] - https://tumutanzi.com/feed
[2026-04-17 14:58:43] - https://www.shephe.com/feed
[2026-04-17 14:58:43] ✘ 有 2 条订阅头像无法访问, 已使用默认头像:
[2026-04-17 14:58:43] - http://feeds.feedburner.com/ruanyifeng
[2026-04-17 14:58:43] - https://www.loyhome.com/feed
[2026-04-17 16:08:10] 本次订阅抓取结果统计:
[2026-04-17 16:08:10] 共 28 条RSS, 成功抓取 23 条.
[2026-04-17 16:08:10] ✘ 有 5 条订阅解析失败:
[2026-04-17 16:08:10] - https://blog.pursuitus.com/feed
[2026-04-17 16:08:10] - https://geekinney.com/index.xml
[2026-04-17 16:08:10] - https://tcxx.info/feed
[2026-04-17 16:08:10] - https://tumutanzi.com/feed
[2026-04-17 16:08:10] - https://www.shephe.com/feed
[2026-04-17 16:08:10] ✘ 有 2 条订阅头像无法访问, 已使用默认头像:
[2026-04-17 16:08:10] - http://feeds.feedburner.com/ruanyifeng
[2026-04-17 16:08:10] - https://www.loyhome.com/feed
[2026-04-17 17:52:31] 本次订阅抓取结果统计:
[2026-04-17 17:52:31] 共 28 条RSS, 成功抓取 22 条.
[2026-04-17 17:52:31] ✘ 有 6 条订阅解析失败:
[2026-04-17 17:52:31] - https://blog.pursuitus.com/feed
[2026-04-17 17:52:31] - https://geekinney.com/index.xml
[2026-04-17 17:52:31] - https://blog.yanqingshan.com/feed
[2026-04-17 17:52:31] - https://tcxx.info/feed
[2026-04-17 17:52:31] - https://tumutanzi.com/feed
[2026-04-17 17:52:31] - https://www.shephe.com/feed
[2026-04-17 17:52:31] ✘ 有 2 条订阅头像无法访问, 已使用默认头像:
[2026-04-17 17:52:31] - https://www.loyhome.com/feed
[2026-04-17 17:52:31] - http://feeds.feedburner.com/ruanyifeng
[2026-04-17 19:06:08] 本次订阅抓取结果统计:
[2026-04-17 19:06:08] 共 28 条RSS, 成功抓取 23 条.
[2026-04-17 19:06:08] ✘ 有 5 条订阅解析失败:
[2026-04-17 19:06:08] - https://blog.pursuitus.com/feed
[2026-04-17 19:06:08] - https://geekinney.com/index.xml
[2026-04-17 19:06:08] - https://tcxx.info/feed
[2026-04-17 19:06:08] - https://tumutanzi.com/feed
[2026-04-17 19:06:08] - https://www.shephe.com/feed
[2026-04-17 19:06:08] ✘ 有 2 条订阅头像无法访问, 已使用默认头像:
[2026-04-17 19:06:08] - https://www.loyhome.com/feed
[2026-04-17 19:06:08] - http://feeds.feedburner.com/ruanyifeng
[2026-04-17 20:51:00] 本次订阅抓取结果统计:
[2026-04-17 20:51:00] 共 28 条RSS, 成功抓取 22 条.
[2026-04-17 20:51:00] ✘ 有 6 条订阅解析失败:
[2026-04-17 20:51:00] - https://blog.pursuitus.com/feed
[2026-04-17 20:51:00] - https://geekinney.com/index.xml
[2026-04-17 20:51:00] - https://tcxx.info/feed
[2026-04-17 20:51:00] - https://www.shephe.com/feed
[2026-04-17 20:51:00] - https://tumutanzi.com/feed
[2026-04-17 20:51:00] - https://blog.yanqingshan.com/feed
[2026-04-17 20:51:00] ✘ 有 2 条订阅头像无法访问, 已使用默认头像:
[2026-04-17 20:51:00] - https://www.loyhome.com/feed
[2026-04-17 20:51:00] - http://feeds.feedburner.com/ruanyifeng
