[2026-03-18 02:34:27] 本次订阅抓取结果统计:
[2026-03-18 02:34:27] 共 28 条RSS, 成功抓取 23 条.
[2026-03-18 02:34:27] ✘ 有 5 条订阅解析失败:
[2026-03-18 02:34:27] - https://blog.pursuitus.com/feed
[2026-03-18 02:34:27] - https://geekinney.com/index.xml
[2026-03-18 02:34:27] - https://tcxx.info/feed
[2026-03-18 02:34:27] - https://tumutanzi.com/feed
[2026-03-18 02:34:27] - https://wangpei.net/feed
[2026-03-18 02:34:27] ✘ 有 2 条订阅头像无法访问, 已使用默认头像:
[2026-03-18 02:34:27] - http://feeds.feedburner.com/ruanyifeng
[2026-03-18 02:34:27] - https://www.loyhome.com/feed
[2026-03-18 04:59:59] 本次订阅抓取结果统计:
[2026-03-18 04:59:59] 共 28 条RSS, 成功抓取 23 条.
[2026-03-18 04:59:59] ✘ 有 5 条订阅解析失败:
[2026-03-18 04:59:59] - https://blog.pursuitus.com/feed
[2026-03-18 04:59:59] - https://geekinney.com/index.xml
[2026-03-18 04:59:59] - https://tumutanzi.com/feed
[2026-03-18 04:59:59] - https://tcxx.info/feed
[2026-03-18 04:59:59] - https://wangpei.net/feed
[2026-03-18 04:59:59] ✘ 有 1 条订阅头像无法访问, 已使用默认头像:
[2026-03-18 04:59:59] - http://feeds.feedburner.com/ruanyifeng
[2026-03-18 06:09:56] 本次订阅抓取结果统计:
[2026-03-18 06:09:56] 共 28 条RSS, 成功抓取 23 条.
[2026-03-18 06:09:56] ✘ 有 5 条订阅解析失败:
[2026-03-18 06:09:56] - https://blog.pursuitus.com/feed
[2026-03-18 06:09:56] - https://geekinney.com/index.xml
[2026-03-18 06:09:56] - https://tcxx.info/feed
[2026-03-18 06:09:56] - https://tumutanzi.com/feed
[2026-03-18 06:09:56] - https://wangpei.net/feed
[2026-03-18 06:09:56] ✘ 有 1 条订阅头像无法访问, 已使用默认头像:
[2026-03-18 06:09:56] - http://feeds.feedburner.com/ruanyifeng
[2026-03-18 07:55:30] 本次订阅抓取结果统计:
[2026-03-18 07:55:30] 共 28 条RSS, 成功抓取 22 条.
[2026-03-18 07:55:30] ✘ 有 6 条订阅解析失败:
[2026-03-18 07:55:30] - https://blog.pursuitus.com/feed
[2026-03-18 07:55:30] - https://geekinney.com/index.xml
[2026-03-18 07:55:30] - https://tcxx.info/feed
[2026-03-18 07:55:30] - https://www.loyhome.com/feed
[2026-03-18 07:55:30] - https://tumutanzi.com/feed
[2026-03-18 07:55:30] - https://wangpei.net/feed
[2026-03-18 07:55:30] ✘ 有 1 条订阅头像无法访问, 已使用默认头像:
[2026-03-18 07:55:30] - http://feeds.feedburner.com/ruanyifeng
