[2026-03-02 02:29:02] 本次订阅抓取结果统计:
[2026-03-02 02:29:02] 共 28 条RSS, 成功抓取 24 条.
[2026-03-02 02:29:02] ✘ 有 4 条订阅解析失败:
[2026-03-02 02:29:02] - https://blog.pursuitus.com/feed
[2026-03-02 02:29:02] - https://tcxx.info/feed
[2026-03-02 02:29:02] - https://tumutanzi.com/feed
[2026-03-02 02:29:02] - https://geekinney.com/index.xml
[2026-03-02 02:29:02] ✘ 有 1 条订阅头像无法访问, 已使用默认头像:
[2026-03-02 02:29:02] - http://feeds.feedburner.com/ruanyifeng
[2026-03-02 04:50:39] 本次订阅抓取结果统计:
[2026-03-02 04:50:39] 共 28 条RSS, 成功抓取 24 条.
[2026-03-02 04:50:39] ✘ 有 4 条订阅解析失败:
[2026-03-02 04:50:39] - https://blog.pursuitus.com/feed
[2026-03-02 04:50:39] - https://tcxx.info/feed
[2026-03-02 04:50:39] - https://tumutanzi.com/feed
[2026-03-02 04:50:39] - https://geekinney.com/index.xml
[2026-03-02 04:50:39] ✘ 有 1 条订阅头像无法访问, 已使用默认头像:
[2026-03-02 04:50:39] - http://feeds.feedburner.com/ruanyifeng
[2026-03-02 05:54:58] 本次订阅抓取结果统计:
[2026-03-02 05:54:58] 共 28 条RSS, 成功抓取 24 条.
[2026-03-02 05:54:58] ✘ 有 4 条订阅解析失败:
[2026-03-02 05:54:58] - https://blog.pursuitus.com/feed
[2026-03-02 05:54:58] - https://tcxx.info/feed
[2026-03-02 05:54:58] - https://tumutanzi.com/feed
[2026-03-02 05:54:58] - https://geekinney.com/index.xml
[2026-03-02 05:54:58] ✘ 有 1 条订阅头像无法访问, 已使用默认头像:
[2026-03-02 05:54:58] - http://feeds.feedburner.com/ruanyifeng
[2026-03-02 07:03:23] 本次订阅抓取结果统计:
[2026-03-02 07:03:23] 共 28 条RSS, 成功抓取 24 条.
[2026-03-02 07:03:23] ✘ 有 4 条订阅解析失败:
[2026-03-02 07:03:23] - https://blog.pursuitus.com/feed
[2026-03-02 07:03:23] - https://tumutanzi.com/feed
[2026-03-02 07:03:23] - https://tcxx.info/feed
[2026-03-02 07:03:23] - https://geekinney.com/index.xml
[2026-03-02 07:03:23] ✘ 有 1 条订阅头像无法访问, 已使用默认头像:
[2026-03-02 07:03:23] - http://feeds.feedburner.com/ruanyifeng
[2026-03-02 08:52:01] 本次订阅抓取结果统计:
[2026-03-02 08:52:01] 共 28 条RSS, 成功抓取 24 条.
[2026-03-02 08:52:01] ✘ 有 4 条订阅解析失败:
[2026-03-02 08:52:01] - https://blog.pursuitus.com/feed
[2026-03-02 08:52:01] - https://tumutanzi.com/feed
[2026-03-02 08:52:01] - https://tcxx.info/feed
[2026-03-02 08:52:01] - https://geekinney.com/index.xml
[2026-03-02 08:52:01] ✘ 有 1 条订阅头像无法访问, 已使用默认头像:
[2026-03-02 08:52:01] - http://feeds.feedburner.com/ruanyifeng
[2026-03-02 09:54:51] 本次订阅抓取结果统计:
[2026-03-02 09:54:51] 共 28 条RSS, 成功抓取 24 条.
[2026-03-02 09:54:51] ✘ 有 4 条订阅解析失败:
[2026-03-02 09:54:51] - https://blog.pursuitus.com/feed
[2026-03-02 09:54:51] - https://tumutanzi.com/feed
[2026-03-02 09:54:51] - https://tcxx.info/feed
[2026-03-02 09:54:51] - https://geekinney.com/index.xml
[2026-03-02 09:54:51] ✘ 有 1 条订阅头像无法访问, 已使用默认头像:
[2026-03-02 09:54:51] - http://feeds.feedburner.com/ruanyifeng
[2026-03-02 10:48:40] 本次订阅抓取结果统计:
[2026-03-02 10:48:40] 共 28 条RSS, 成功抓取 23 条.
[2026-03-02 10:48:40] ✘ 有 5 条订阅解析失败:
[2026-03-02 10:48:40] - https://blog.pursuitus.com/feed
[2026-03-02 10:48:40] - https://tcxx.info/feed
[2026-03-02 10:48:40] - https://tumutanzi.com/feed
[2026-03-02 10:48:40] - https://geekinney.com/index.xml
[2026-03-02 10:48:40] - https://wangpei.net/feed
[2026-03-02 10:48:40] ✘ 有 2 条订阅头像无法访问, 已使用默认头像:
[2026-03-02 10:48:40] - http://feeds.feedburner.com/ruanyifeng
[2026-03-02 10:48:40] - https://xyzbz.cn/feed
[2026-03-02 11:33:55] 本次订阅抓取结果统计:
[2026-03-02 11:33:55] 共 28 条RSS, 成功抓取 24 条.
[2026-03-02 11:33:55] ✘ 有 4 条订阅解析失败:
[2026-03-02 11:33:55] - https://blog.pursuitus.com/feed
[2026-03-02 11:33:55] - https://tumutanzi.com/feed
[2026-03-02 11:33:55] - https://tcxx.info/feed
[2026-03-02 11:33:55] - https://geekinney.com/index.xml
[2026-03-02 11:33:55] ✘ 有 1 条订阅头像无法访问, 已使用默认头像:
[2026-03-02 11:33:55] - http://feeds.feedburner.com/ruanyifeng
[2026-03-02 13:06:45] 本次订阅抓取结果统计:
[2026-03-02 13:06:45] 共 28 条RSS, 成功抓取 24 条.
[2026-03-02 13:06:45] ✘ 有 4 条订阅解析失败:
[2026-03-02 13:06:45] - https://blog.pursuitus.com/feed
[2026-03-02 13:06:45] - https://tumutanzi.com/feed
[2026-03-02 13:06:45] - https://tcxx.info/feed
[2026-03-02 13:06:45] - https://geekinney.com/index.xml
[2026-03-02 13:06:45] ✘ 有 1 条订阅头像无法访问, 已使用默认头像:
[2026-03-02 13:06:45] - http://feeds.feedburner.com/ruanyifeng
[2026-03-02 14:46:40] 本次订阅抓取结果统计:
[2026-03-02 14:46:40] 共 28 条RSS, 成功抓取 24 条.
[2026-03-02 14:46:40] ✘ 有 4 条订阅解析失败:
[2026-03-02 14:46:40] - https://blog.pursuitus.com/feed
[2026-03-02 14:46:40] - https://tcxx.info/feed
[2026-03-02 14:46:40] - https://tumutanzi.com/feed
[2026-03-02 14:46:40] - https://geekinney.com/index.xml
[2026-03-02 14:46:40] ✘ 有 1 条订阅头像无法访问, 已使用默认头像:
[2026-03-02 14:46:40] - http://feeds.feedburner.com/ruanyifeng
[2026-03-02 15:45:24] 本次订阅抓取结果统计:
[2026-03-02 15:45:24] 共 28 条RSS, 成功抓取 24 条.
[2026-03-02 15:45:24] ✘ 有 4 条订阅解析失败:
[2026-03-02 15:45:24] - https://blog.pursuitus.com/feed
[2026-03-02 15:45:24] - https://tcxx.info/feed
[2026-03-02 15:45:24] - https://tumutanzi.com/feed
[2026-03-02 15:45:24] - https://geekinney.com/index.xml
[2026-03-02 15:45:24] ✘ 有 1 条订阅头像无法访问, 已使用默认头像:
[2026-03-02 15:45:24] - http://feeds.feedburner.com/ruanyifeng
[2026-03-02 16:54:14] 本次订阅抓取结果统计:
[2026-03-02 16:54:14] 共 28 条RSS, 成功抓取 24 条.
[2026-03-02 16:54:14] ✘ 有 4 条订阅解析失败:
[2026-03-02 16:54:14] - https://blog.pursuitus.com/feed
[2026-03-02 16:54:14] - https://tumutanzi.com/feed
[2026-03-02 16:54:14] - https://tcxx.info/feed
[2026-03-02 16:54:14] - https://geekinney.com/index.xml
[2026-03-02 16:54:14] ✘ 有 1 条订阅头像无法访问, 已使用默认头像:
[2026-03-02 16:54:14] - http://feeds.feedburner.com/ruanyifeng
[2026-03-02 17:50:24] 本次订阅抓取结果统计:
[2026-03-02 17:50:24] 共 28 条RSS, 成功抓取 24 条.
[2026-03-02 17:50:24] ✘ 有 4 条订阅解析失败:
[2026-03-02 17:50:24] - https://blog.pursuitus.com/feed
[2026-03-02 17:50:24] - https://tcxx.info/feed
[2026-03-02 17:50:24] - https://tumutanzi.com/feed
[2026-03-02 17:50:24] - https://geekinney.com/index.xml
[2026-03-02 17:50:24] ✘ 有 1 条订阅头像无法访问, 已使用默认头像:
[2026-03-02 17:50:24] - http://feeds.feedburner.com/ruanyifeng
[2026-03-02 18:54:20] 本次订阅抓取结果统计:
[2026-03-02 18:54:20] 共 28 条RSS, 成功抓取 24 条.
[2026-03-02 18:54:20] ✘ 有 4 条订阅解析失败:
[2026-03-02 18:54:20] - https://blog.pursuitus.com/feed
[2026-03-02 18:54:20] - https://tcxx.info/feed
[2026-03-02 18:54:20] - https://tumutanzi.com/feed
[2026-03-02 18:54:20] - https://geekinney.com/index.xml
[2026-03-02 18:54:20] ✘ 有 2 条订阅头像无法访问, 已使用默认头像:
[2026-03-02 18:54:20] - http://feeds.feedburner.com/ruanyifeng
[2026-03-02 18:54:20] - https://www.loyhome.com/feed
[2026-03-02 19:39:02] 本次订阅抓取结果统计:
[2026-03-02 19:39:02] 共 28 条RSS, 成功抓取 24 条.
[2026-03-02 19:39:02] ✘ 有 4 条订阅解析失败:
[2026-03-02 19:39:02] - https://blog.pursuitus.com/feed
[2026-03-02 19:39:02] - https://tcxx.info/feed
[2026-03-02 19:39:02] - https://tumutanzi.com/feed
[2026-03-02 19:39:02] - https://geekinney.com/index.xml
[2026-03-02 19:39:02] ✘ 有 1 条订阅头像无法访问, 已使用默认头像:
[2026-03-02 19:39:02] - http://feeds.feedburner.com/ruanyifeng
[2026-03-02 20:40:59] 本次订阅抓取结果统计:
[2026-03-02 20:40:59] 共 28 条RSS, 成功抓取 24 条.
[2026-03-02 20:40:59] ✘ 有 4 条订阅解析失败:
[2026-03-02 20:40:59] - https://blog.pursuitus.com/feed
[2026-03-02 20:40:59] - https://tumutanzi.com/feed
[2026-03-02 20:40:59] - https://tcxx.info/feed
[2026-03-02 20:40:59] - https://geekinney.com/index.xml
[2026-03-02 20:40:59] ✘ 有 1 条订阅头像无法访问, 已使用默认头像:
[2026-03-02 20:40:59] - http://feeds.feedburner.com/ruanyifeng
[2026-03-02 21:37:34] 本次订阅抓取结果统计:
[2026-03-02 21:37:34] 共 28 条RSS, 成功抓取 24 条.
[2026-03-02 21:37:34] ✘ 有 4 条订阅解析失败:
[2026-03-02 21:37:34] - https://blog.pursuitus.com/feed
[2026-03-02 21:37:34] - https://tcxx.info/feed
[2026-03-02 21:37:34] - https://tumutanzi.com/feed
[2026-03-02 21:37:34] - https://geekinney.com/index.xml
[2026-03-02 21:37:34] ✘ 有 1 条订阅头像无法访问, 已使用默认头像:
[2026-03-02 21:37:34] - http://feeds.feedburner.com/ruanyifeng
[2026-03-02 22:31:19] 本次订阅抓取结果统计:
[2026-03-02 22:31:19] 共 28 条RSS, 成功抓取 24 条.
[2026-03-02 22:31:19] ✘ 有 4 条订阅解析失败:
[2026-03-02 22:31:19] - https://blog.pursuitus.com/feed
[2026-03-02 22:31:19] - https://tcxx.info/feed
[2026-03-02 22:31:19] - https://tumutanzi.com/feed
[2026-03-02 22:31:19] - https://geekinney.com/index.xml
[2026-03-02 22:31:19] ✘ 有 1 条订阅头像无法访问, 已使用默认头像:
[2026-03-02 22:31:19] - http://feeds.feedburner.com/ruanyifeng
[2026-03-02 23:30:06] 本次订阅抓取结果统计:
[2026-03-02 23:30:06] 共 28 条RSS, 成功抓取 24 条.
[2026-03-02 23:30:06] ✘ 有 4 条订阅解析失败:
[2026-03-02 23:30:06] - https://blog.pursuitus.com/feed
[2026-03-02 23:30:06] - https://tcxx.info/feed
[2026-03-02 23:30:06] - https://tumutanzi.com/feed
[2026-03-02 23:30:06] - https://geekinney.com/index.xml
[2026-03-02 23:30:06] ✘ 有 1 条订阅头像无法访问, 已使用默认头像:
[2026-03-02 23:30:06] - http://feeds.feedburner.com/ruanyifeng
