[2026-05-09 00:04:16] 本次订阅抓取结果统计:
[2026-05-09 00:04:16] 共 28 条RSS, 成功抓取 23 条.
[2026-05-09 00:04:16] ✘ 有 5 条订阅解析失败:
[2026-05-09 00:04:16] - https://blog.pursuitus.com/feed
[2026-05-09 00:04:16] - https://geekinney.com/index.xml
[2026-05-09 00:04:16] - https://tcxx.info/feed
[2026-05-09 00:04:16] - https://tumutanzi.com/feed
[2026-05-09 00:04:16] - https://www.shephe.com/feed
[2026-05-09 00:04:16] ✘ 有 3 条订阅头像无法访问, 已使用默认头像:
[2026-05-09 00:04:16] - https://www.loyhome.com/feed
[2026-05-09 00:04:16] - https://xyzbz.cn/feed
[2026-05-09 00:04:16] - http://feeds.feedburner.com/ruanyifeng
[2026-05-09 04:25:11] 本次订阅抓取结果统计:
[2026-05-09 04:25:11] 共 28 条RSS, 成功抓取 23 条.
[2026-05-09 04:25:11] ✘ 有 5 条订阅解析失败:
[2026-05-09 04:25:11] - https://blog.pursuitus.com/feed
[2026-05-09 04:25:11] - https://geekinney.com/index.xml
[2026-05-09 04:25:11] - https://tumutanzi.com/feed
[2026-05-09 04:25:11] - https://tcxx.info/feed
[2026-05-09 04:25:11] - https://www.shephe.com/feed
[2026-05-09 04:25:11] ✘ 有 3 条订阅头像无法访问, 已使用默认头像:
[2026-05-09 04:25:11] - https://www.loyhome.com/feed
[2026-05-09 04:25:11] - https://xyzbz.cn/feed
[2026-05-09 04:25:11] - http://feeds.feedburner.com/ruanyifeng
[2026-05-09 07:09:55] 本次订阅抓取结果统计:
[2026-05-09 07:09:55] 共 28 条RSS, 成功抓取 23 条.
[2026-05-09 07:09:55] ✘ 有 5 条订阅解析失败:
[2026-05-09 07:09:55] - https://blog.pursuitus.com/feed
[2026-05-09 07:09:55] - https://geekinney.com/index.xml
[2026-05-09 07:09:55] - https://tcxx.info/feed
[2026-05-09 07:09:55] - https://tumutanzi.com/feed
[2026-05-09 07:09:55] - https://www.shephe.com/feed
[2026-05-09 07:09:55] ✘ 有 3 条订阅头像无法访问, 已使用默认头像:
[2026-05-09 07:09:55] - https://www.loyhome.com/feed
[2026-05-09 07:09:55] - http://feeds.feedburner.com/ruanyifeng
[2026-05-09 07:09:55] - https://xyzbz.cn/feed
[2026-05-09 09:22:55] 本次订阅抓取结果统计:
[2026-05-09 09:22:55] 共 28 条RSS, 成功抓取 23 条.
[2026-05-09 09:22:55] ✘ 有 5 条订阅解析失败:
[2026-05-09 09:22:55] - https://blog.pursuitus.com/feed
[2026-05-09 09:22:55] - https://geekinney.com/index.xml
[2026-05-09 09:22:55] - https://tumutanzi.com/feed
[2026-05-09 09:22:55] - https://tcxx.info/feed
[2026-05-09 09:22:55] - https://www.shephe.com/feed
[2026-05-09 09:22:55] ✘ 有 3 条订阅头像无法访问, 已使用默认头像:
[2026-05-09 09:22:55] - https://www.loyhome.com/feed
[2026-05-09 09:22:55] - http://feeds.feedburner.com/ruanyifeng
[2026-05-09 09:22:55] - https://xyzbz.cn/feed
[2026-05-09 11:00:02] 本次订阅抓取结果统计:
[2026-05-09 11:00:02] 共 28 条RSS, 成功抓取 23 条.
[2026-05-09 11:00:02] ✘ 有 5 条订阅解析失败:
[2026-05-09 11:00:02] - https://blog.pursuitus.com/feed
[2026-05-09 11:00:02] - https://tcxx.info/feed
[2026-05-09 11:00:02] - https://geekinney.com/index.xml
[2026-05-09 11:00:02] - https://tumutanzi.com/feed
[2026-05-09 11:00:02] - https://www.shephe.com/feed
[2026-05-09 11:00:02] ✘ 有 3 条订阅头像无法访问, 已使用默认头像:
[2026-05-09 11:00:02] - https://www.loyhome.com/feed
[2026-05-09 11:00:02] - http://feeds.feedburner.com/ruanyifeng
[2026-05-09 11:00:02] - https://xyzbz.cn/feed
[2026-05-09 11:57:24] 本次订阅抓取结果统计:
[2026-05-09 11:57:24] 共 28 条RSS, 成功抓取 23 条.
[2026-05-09 11:57:24] ✘ 有 5 条订阅解析失败:
[2026-05-09 11:57:24] - https://blog.pursuitus.com/feed
[2026-05-09 11:57:24] - https://tcxx.info/feed
[2026-05-09 11:57:24] - https://geekinney.com/index.xml
[2026-05-09 11:57:24] - https://tumutanzi.com/feed
[2026-05-09 11:57:24] - https://www.shephe.com/feed
[2026-05-09 11:57:24] ✘ 有 3 条订阅头像无法访问, 已使用默认头像:
[2026-05-09 11:57:24] - https://www.loyhome.com/feed
[2026-05-09 11:57:24] - http://feeds.feedburner.com/ruanyifeng
[2026-05-09 11:57:24] - https://xyzbz.cn/feed
[2026-05-09 13:43:51] 本次订阅抓取结果统计:
[2026-05-09 13:43:51] 共 28 条RSS, 成功抓取 23 条.
[2026-05-09 13:43:51] ✘ 有 5 条订阅解析失败:
[2026-05-09 13:43:51] - https://blog.pursuitus.com/feed
[2026-05-09 13:43:51] - https://geekinney.com/index.xml
[2026-05-09 13:43:51] - https://tcxx.info/feed
[2026-05-09 13:43:51] - https://tumutanzi.com/feed
[2026-05-09 13:43:51] - https://www.shephe.com/feed
[2026-05-09 13:43:51] ✘ 有 3 条订阅头像无法访问, 已使用默认头像:
[2026-05-09 13:43:51] - https://www.loyhome.com/feed
[2026-05-09 13:43:51] - http://feeds.feedburner.com/ruanyifeng
[2026-05-09 13:43:51] - https://xyzbz.cn/feed
[2026-05-09 14:54:36] 本次订阅抓取结果统计:
[2026-05-09 14:54:36] 共 28 条RSS, 成功抓取 23 条.
[2026-05-09 14:54:36] ✘ 有 5 条订阅解析失败:
[2026-05-09 14:54:36] - https://blog.pursuitus.com/feed
[2026-05-09 14:54:36] - https://geekinney.com/index.xml
[2026-05-09 14:54:36] - https://tcxx.info/feed
[2026-05-09 14:54:36] - https://tumutanzi.com/feed
[2026-05-09 14:54:36] - https://www.shephe.com/feed
[2026-05-09 14:54:36] ✘ 有 3 条订阅头像无法访问, 已使用默认头像:
[2026-05-09 14:54:36] - https://www.loyhome.com/feed
[2026-05-09 14:54:36] - http://feeds.feedburner.com/ruanyifeng
[2026-05-09 14:54:36] - https://xyzbz.cn/feed
[2026-05-09 15:56:23] 本次订阅抓取结果统计:
[2026-05-09 15:56:23] 共 28 条RSS, 成功抓取 23 条.
[2026-05-09 15:56:23] ✘ 有 5 条订阅解析失败:
[2026-05-09 15:56:23] - https://blog.pursuitus.com/feed
[2026-05-09 15:56:23] - https://geekinney.com/index.xml
[2026-05-09 15:56:23] - https://tcxx.info/feed
[2026-05-09 15:56:23] - https://tumutanzi.com/feed
[2026-05-09 15:56:23] - https://www.shephe.com/feed
[2026-05-09 15:56:23] ✘ 有 3 条订阅头像无法访问, 已使用默认头像:
[2026-05-09 15:56:23] - https://www.loyhome.com/feed
[2026-05-09 15:56:23] - http://feeds.feedburner.com/ruanyifeng
[2026-05-09 15:56:23] - https://xyzbz.cn/feed
[2026-05-09 17:00:41] 本次订阅抓取结果统计:
[2026-05-09 17:00:41] 共 28 条RSS, 成功抓取 23 条.
[2026-05-09 17:00:41] ✘ 有 5 条订阅解析失败:
[2026-05-09 17:00:41] - https://blog.pursuitus.com/feed
[2026-05-09 17:00:41] - https://geekinney.com/index.xml
[2026-05-09 17:00:41] - https://tcxx.info/feed
[2026-05-09 17:00:41] - https://tumutanzi.com/feed
[2026-05-09 17:00:41] - https://www.shephe.com/feed
[2026-05-09 17:00:41] ✘ 有 3 条订阅头像无法访问, 已使用默认头像:
[2026-05-09 17:00:41] - https://www.loyhome.com/feed
[2026-05-09 17:00:41] - https://xyzbz.cn/feed
[2026-05-09 17:00:41] - http://feeds.feedburner.com/ruanyifeng
[2026-05-09 17:58:34] 本次订阅抓取结果统计:
[2026-05-09 17:58:34] 共 28 条RSS, 成功抓取 23 条.
[2026-05-09 17:58:34] ✘ 有 5 条订阅解析失败:
[2026-05-09 17:58:34] - https://blog.pursuitus.com/feed
[2026-05-09 17:58:34] - https://geekinney.com/index.xml
[2026-05-09 17:58:34] - https://tumutanzi.com/feed
[2026-05-09 17:58:34] - https://tcxx.info/feed
[2026-05-09 17:58:34] - https://www.shephe.com/feed
[2026-05-09 17:58:34] ✘ 有 3 条订阅头像无法访问, 已使用默认头像:
[2026-05-09 17:58:34] - https://www.loyhome.com/feed
[2026-05-09 17:58:34] - https://xyzbz.cn/feed
[2026-05-09 17:58:34] - http://feeds.feedburner.com/ruanyifeng
