[2026-06-03 04:26:36] 本次订阅抓取结果统计:
[2026-06-03 04:26:36] 共 28 条RSS, 成功抓取 23 条.
[2026-06-03 04:26:36] ✘ 有 5 条订阅解析失败:
[2026-06-03 04:26:36] - https://blog.pursuitus.com/feed
[2026-06-03 04:26:36] - https://tcxx.info/feed
[2026-06-03 04:26:36] - https://geekinney.com/index.xml
[2026-06-03 04:26:36] - https://tumutanzi.com/feed
[2026-06-03 04:26:36] - https://www.shephe.com/feed
[2026-06-03 04:26:36] ✘ 有 2 条订阅头像无法访问, 已使用默认头像:
[2026-06-03 04:26:36] - https://www.loyhome.com/feed
[2026-06-03 04:26:36] - http://feeds.feedburner.com/ruanyifeng
[2026-06-03 09:53:22] 本次订阅抓取结果统计:
[2026-06-03 09:53:22] 共 28 条RSS, 成功抓取 23 条.
[2026-06-03 09:53:22] ✘ 有 5 条订阅解析失败:
[2026-06-03 09:53:22] - https://blog.pursuitus.com/feed
[2026-06-03 09:53:22] - https://geekinney.com/index.xml
[2026-06-03 09:53:22] - https://tcxx.info/feed
[2026-06-03 09:53:22] - https://tumutanzi.com/feed
[2026-06-03 09:53:22] - https://www.shephe.com/feed
[2026-06-03 09:53:22] ✘ 有 2 条订阅头像无法访问, 已使用默认头像:
[2026-06-03 09:53:22] - https://www.loyhome.com/feed
[2026-06-03 09:53:22] - http://feeds.feedburner.com/ruanyifeng
[2026-06-03 14:44:22] 本次订阅抓取结果统计:
[2026-06-03 14:44:22] 共 28 条RSS, 成功抓取 23 条.
[2026-06-03 14:44:22] ✘ 有 5 条订阅解析失败:
[2026-06-03 14:44:22] - https://blog.pursuitus.com/feed
[2026-06-03 14:44:22] - https://geekinney.com/index.xml
[2026-06-03 14:44:22] - https://tcxx.info/feed
[2026-06-03 14:44:22] - https://tumutanzi.com/feed
[2026-06-03 14:44:22] - https://www.shephe.com/feed
[2026-06-03 14:44:22] ✘ 有 3 条订阅头像无法访问, 已使用默认头像:
[2026-06-03 14:44:22] - https://www.loyhome.com/feed
[2026-06-03 14:44:22] - https://xyzbz.cn/feed
[2026-06-03 14:44:22] - http://feeds.feedburner.com/ruanyifeng
[2026-06-03 18:47:07] 本次订阅抓取结果统计:
[2026-06-03 18:47:07] 共 28 条RSS, 成功抓取 23 条.
[2026-06-03 18:47:07] ✘ 有 5 条订阅解析失败:
[2026-06-03 18:47:07] - https://blog.pursuitus.com/feed
[2026-06-03 18:47:07] - https://geekinney.com/index.xml
[2026-06-03 18:47:07] - https://tcxx.info/feed
[2026-06-03 18:47:07] - https://tumutanzi.com/feed
[2026-06-03 18:47:07] - https://www.shephe.com/feed
[2026-06-03 18:47:07] ✘ 有 3 条订阅头像无法访问, 已使用默认头像:
[2026-06-03 18:47:07] - https://www.loyhome.com/feed
[2026-06-03 18:47:07] - http://feeds.feedburner.com/ruanyifeng
[2026-06-03 18:47:07] - https://xyzbz.cn/feed
[2026-06-03 21:51:47] 本次订阅抓取结果统计:
[2026-06-03 21:51:47] 共 28 条RSS, 成功抓取 23 条.
[2026-06-03 21:51:47] ✘ 有 5 条订阅解析失败:
[2026-06-03 21:51:47] - https://blog.pursuitus.com/feed
[2026-06-03 21:51:47] - https://geekinney.com/index.xml
[2026-06-03 21:51:47] - https://tcxx.info/feed
[2026-06-03 21:51:47] - https://tumutanzi.com/feed
[2026-06-03 21:51:47] - https://www.shephe.com/feed
[2026-06-03 21:51:47] ✘ 有 3 条订阅头像无法访问, 已使用默认头像:
[2026-06-03 21:51:47] - https://www.loyhome.com/feed
[2026-06-03 21:51:47] - http://feeds.feedburner.com/ruanyifeng
[2026-06-03 21:51:47] - https://xyzbz.cn/feed
[2026-06-03 23:46:42] 本次订阅抓取结果统计:
[2026-06-03 23:46:42] 共 28 条RSS, 成功抓取 23 条.
[2026-06-03 23:46:42] ✘ 有 5 条订阅解析失败:
[2026-06-03 23:46:42] - https://blog.pursuitus.com/feed
[2026-06-03 23:46:42] - https://geekinney.com/index.xml
[2026-06-03 23:46:42] - https://tcxx.info/feed
[2026-06-03 23:46:42] - https://tumutanzi.com/feed
[2026-06-03 23:46:42] - https://www.shephe.com/feed
[2026-06-03 23:46:42] ✘ 有 3 条订阅头像无法访问, 已使用默认头像:
[2026-06-03 23:46:42] - https://www.loyhome.com/feed
[2026-06-03 23:46:42] - https://xyzbz.cn/feed
[2026-06-03 23:46:42] - http://feeds.feedburner.com/ruanyifeng
